21:01:41 BattlEye Server: Initialized (v1.217)
21:01:41 Host identity created.
21:01:41 Game Port: 2307, Steam Query Port: 2308
21:01:41 Mission A3Wasteland Altis v1.4c read from bank.
21:01:43 Roles assigned.
21:01:43 Reading mission ...
21:02:16 Mission read.
21:02:16 Game started.
21:03:11 scout uses modified data file
21:03:11 BattlEye Server: Player #0 scout (71.204.169.76:2304) connected
21:03:11 Player scout connecting.
21:03:11 BattlEye Server: Connected to BE Master
21:03:13 BattlEye Server: Player #0 scout - BE GUID: 4dc703ccf7930ea4484bf5d47ea101b6
21:03:13 Player scout connected (id=76561198050359148).
21:03:13 BattlEye Server: Verified GUID (4dc703ccf7930ea4484bf5d47ea101b6) of player #0 scout
21:03:18 Frost uses modified data file
21:03:18 BattlEye Server: Player #1 Frost (71.193.9.182:2304) connected
21:03:18 Player Frost connecting.
21:03:20 BattlEye Server: Player #1 Frost - BE GUID: d77dcc6dd4a23045dabd1f49e3d496c2
21:03:20 Player Frost connected (id=76561198081174966).
21:03:20 BattlEye Server: Verified GUID (d77dcc6dd4a23045dabd1f49e3d496c2) of player #1 Frost
21:07:22 High Alert Highlander  uses modified data file
21:07:22 BattlEye Server: Player #2 High Alert Highlander  (190.171.107.0:62725) connected
21:07:22 Player High Alert Highlander  connecting.
21:07:25 BattlEye Server: Player #2 High Alert Highlander  - BE GUID: a01f35e030c4464ff5b5e9c18ddf0195
21:07:28 Player High Alert Highlander  connected (id=76561198065774594).
21:07:28 BattlEye Server: Verified GUID (a01f35e030c4464ff5b5e9c18ddf0195) of player #2 High Alert Highlander 
21:09:15 Admin logged in, player: High Alert Highlander , playerUID: 76561198065774594, IP: 192.168.0.10:2309.
21:09:27 Odhaving uses modified data file
21:09:27 BattlEye Server: Player #3 Odhaving (208.107.215.51:2304) connected
21:09:27 Player Odhaving connecting.
21:09:29 BattlEye Server: Player #3 Odhaving - BE GUID: 3dd45ae2aae999a097eb909cbc8278fa
21:09:32 Player Odhaving connected (id=76561198281946559).
21:09:32 BattlEye Server: Verified GUID (3dd45ae2aae999a097eb909cbc8278fa) of player #3 Odhaving
21:12:12 flow uses modified data file
21:12:12 BattlEye Server: Player #4 flow (98.223.9.47:2304) connected
21:12:12 Player flow connecting.
21:12:14 BattlEye Server: Player #4 flow - BE GUID: 2f1988ec1f268e92b390c1d7d06902a9
21:12:14 Player flow connected (id=76561198397747497).
21:12:14 BattlEye Server: Verified GUID (2f1988ec1f268e92b390c1d7d06902a9) of player #4 flow
21:24:39 BattlEye Server: (Global) flow: YO admin could you not rape my friends like that XDDDDDD
21:25:03 BattlEye Server: (Global) High Alert Highlander : they  killmeonce 
21:25:15 BattlEye Server: (Group) Odhaving: /
21:25:26 BattlEye Server: (Global) Odhaving: You strafed us
21:25:41 BattlEye Server: (Global) High Alert Highlander : isallgood is allabout the fun
21:25:56 BattlEye Server: (Global) High Alert Highlander : it was your mistake telling that youwere in the castle 
21:26:05 BattlEye Server: (Global) High Alert Highlander : i just wait there 
21:26:22 BattlEye Server: (Global) Odhaving: we werent even there
21:26:48 BattlEye Server: (Global) High Alert Highlander : that was a risk willing totake  waiting and see  if you wehrethereor not 
21:26:59 BattlEye Server: (Global) High Alert Highlander : theni see the 3  ina tank
21:27:04 BattlEye Server: (Global) High Alert Highlander : comeone easy shot
21:27:46 BattlEye Server: (Global) High Alert Highlander : next time dont say some like  thankgood u didshoot the castle 
21:28:18 BattlEye Server: (Global) High Alert Highlander : but gg 
21:30:28 BattlEye Server: (Global) High Alert Highlander : who is that running after that mission 
21:30:31 BattlEye Server: (Global) flow: Me
21:30:41 BattlEye Server: (Global) flow: MY FUCKING FRIENDS DONT HAVE CAR
21:30:49 BattlEye Server: (Global) flow: so im fucked
21:30:51 BattlEye Server: (Global) High Alert Highlander : lol
21:30:59 BattlEye Server: (Global) High Alert Highlander : all good i wont shoot 
21:31:03 BattlEye Server: (Global) flow: K
21:32:30 BattlEye Server: (Global) High Alert Highlander : wellit seems that they find a car 
21:32:37 BattlEye Server: (Global) flow: Oh really now
21:33:20 BattlEye Server: (Global) High Alert Highlander : flow ur desicion  shoot i shoot or not 
21:33:30 BattlEye Server: (Global) flow: >:)
21:33:36 BattlEye Server: (Global) High Alert Highlander : they passjust tomy side 
21:33:47 BattlEye Server: (Global) flow: Let them for a little i want to have fun
21:33:49 BattlEye Server: (Global) High Alert Highlander : what that means 
21:33:53 BattlEye Server: (Global) flow: THat means
21:33:57 BattlEye Server: (Global) High Alert Highlander : ok 
21:33:59 BattlEye Server: (Global) High Alert Highlander : fine
21:34:00 BattlEye Server: (Global) flow: let us complete this mission then we fight
21:34:03 BattlEye Server: (Global) flow: :DDDDD
21:34:21 BattlEye Server: (Global) High Alert Highlander : ok
21:36:19 BattlEye Server: (Global) Odhaving: shoot the jeep
21:36:37 BattlEye Server: (Global) High Alert Highlander : im not thereany more
21:40:43 Eduardo uses modified data file
21:40:43 BattlEye Server: Player #5 Eduardo (104.191.6.134:2309) connected
21:40:43 Player Eduardo connecting.
21:40:46 BattlEye Server: Player #5 Eduardo - BE GUID: 013783ca190b8d63b85a2994d80a4eb5
21:40:46 Player Eduardo connected (id=76561198057699026).
21:40:47 BattlEye Server: Verified GUID (013783ca190b8d63b85a2994d80a4eb5) of player #5 Eduardo
21:42:05 Player Eduardo disconnected.
21:42:05 BattlEye Server: Player #5 Eduardo disconnected
21:43:42 BattlEye Server: (Global) High Alert Highlander : Flow first u tellme to give thema chance and now u al killing themno fair 
21:43:58 BattlEye Server: (Global) flow: xDDDDDD
21:44:00 BattlEye Server: (Global) High Alert Highlander : lol
21:44:02 BattlEye Server: (Global) flow: he deserved it
21:44:59 BattlEye Server: (Global) flow: Hey admin insta left me 
21:45:00 BattlEye Server: (Global) flow: xDDDDD
21:45:02 BattlEye Server: (Global) flow: JK JK JK
21:45:09 BattlEye Server: (Global) High Alert Highlander : jajajaja
21:46:11 BattlEye Server: (Global) flow: Ummm he died cause he did not let me rape him....
21:46:14 BattlEye Server: (Global) flow: :-;
21:46:18 BattlEye Server: (Global) High Alert Highlander : jajajajajaja
21:46:23 BattlEye Server: (Global) High Alert Highlander : buajajajja
21:47:04 BattlEye Server: (Global) flow: Im sorry you did not let me rape you
21:47:08 BattlEye Server: (Global) Odhaving: Wei sag man OOPS auf duetch
21:47:13 BattlEye Server: (Global) flow: hey admin can you revive me
21:47:17 BattlEye Server: (Global) flow: xDDDDD
21:50:20 BattlEye Server: (Global) High Alert Highlander : hey can i join the fun pls i want tokillalso
21:51:56 BattlEye Server: (Global) High Alert Highlander : perfect shoot
21:52:25 Player Frost disconnected.
21:52:25 BattlEye Server: Player #1 Frost disconnected
21:52:41 Player scout disconnected.
21:52:41 BattlEye Server: Player #0 scout disconnected
21:52:53 BattlEye Server: (Global) High Alert Highlander : wtf 
21:53:13 BattlEye Server: (Global) flow: what?
21:53:23 BattlEye Server: (Global) High Alert Highlander : why thet disconeted
21:53:35 BattlEye Server: (Global) flow: One just got off cause he's probably tired
21:53:45 BattlEye Server: (Global) flow: and the other is bored af from this game
21:53:51 BattlEye Server: (Global) High Alert Highlander : oh ok 
21:55:45 BattlEye Server: (Global) High Alert Highlander : go indie i will join u 
21:56:14 BattlEye Server: (Global) flow: ITs good mate
21:56:17 BattlEye Server: (Global) High Alert Highlander : unless u want toconyinue
21:56:24 BattlEye Server: (Global) High Alert Highlander : ok
22:00:22 BattlEye Server: (Global) High Alert Highlander : send inv
22:03:34 BattlEye Server: (Global) High Alert Highlander : damn
22:04:03 BattlEye Server: (Global) High Alert Highlander : can u reach me
22:04:12 BattlEye Server: (Global) Odhaving: yeah he can
22:04:16 BattlEye Server: (Global) High Alert Highlander : great {
22:04:56 BattlEye Server: (Global) High Alert Highlander : thks
22:05:10 BattlEye Server: (Group) flow: np
22:06:54 BattlEye Server: (Glo