 3:01:38 BattlEye Server: Initialized (v1.217)
 3:01:38 Host identity created.
 3:01:38 Game Port: 2307, Steam Query Port: 2308
 3:01:38 Mission A3Wasteland Altis v1.4c read from bank.
 3:01:40 Roles assigned.
 3:01:40 Reading mission ...
 3:02:11 Mission read.
 3:02:12 Game started.
 3:10:40 nord88 uses modified data file
 3:10:40 BattlEye Server: Player #0 nord88 (77.93.108.2:2309) connected
 3:10:40 Player nord88 connecting.
 3:10:41 BattlEye Server: Connected to BE Master
 3:10:45 BattlEye Server: Player #0 nord88 - BE GUID: 060ac7a78394ac513615d1bb34627674
 3:10:45 Player nord88 connected (id=76561198119341206).
 3:10:45 BattlEye Server: Verified GUID (060ac7a78394ac513615d1bb34627674) of player #0 nord88
 3:11:31 Isaac uses modified data file
 3:11:31 BattlEye Server: Player #1 Isaac (14.201.123.229:2309) connected
 3:11:31 Player Isaac connecting.
 3:11:35 BattlEye Server: Player #1 Isaac - BE GUID: 0eedee1f512207f60f338aa74f211d5f
 3:11:35 Player Isaac connected (id=76561198096351731).
 3:11:35 BattlEye Server: Verified GUID (0eedee1f512207f60f338aa74f211d5f) of player #1 Isaac
 3:16:42 BattlEye Server: (Side) Isaac: Hey, wanna team?
 3:16:47 BattlEye Server: (Side) Isaac: Since we're the only ones on.
 3:18:02 BattlEye Server: (Group) Isaac: My mic working?
 3:18:10 BattlEye Server: (Group) nord88: i am russian small speak english)
 3:18:21 BattlEye Server: (Group) Isaac: Ah okay.
 3:19:05 BattlEye Server: (Group) nord88: write
 3:19:14 BattlEye Server: (Group) Isaac: What you want me to type?
 3:21:03 BattlEye Server: (Group) nord88: why this server note mark group player?
 3:21:13 BattlEye Server: (Group) Isaac: Not sure.
 3:21:15 BattlEye Server: (Group) Isaac: Which town you in?
 3:21:44 BattlEye Server: (Group) nord88: in Lakka
 3:21:48 BattlEye Server: (Group) Isaac: Ah yep.
 3:22:15 BattlEye Server: (Group) Isaac: But yeah, I'm heading to a vehicle store on the west coast north of Aggelochori which is north of Kavala.
 3:22:22 BattlEye Server: (Group) nord88: i have gun heli wheare you?
 3:22:54 BattlEye Server: (Group) nord88: waite
 3:22:56 BattlEye Server: (Group) Isaac: I should be right thanks, I was thinking about getting a vehicle myself too. Probably a chopper.
 3:22:58 BattlEye Server: (Group) Isaac: Yep.
 3:29:30 BattlEye Server: (Group) nord88: mark in map wheare you
 3:29:45 BattlEye Server: (Group) Isaac: I just left wheere I was.
 3:29:47 BattlEye Server: (Group) Isaac: *where
 3:29:52 BattlEye Server: (Group) Isaac: But I'll tell you where I'm going.
 3:30:10 BattlEye Server: (Group) Isaac: I see your marker now!
 3:30:15 BattlEye Server: (Group) Isaac: You see mine?
 3:30:19 BattlEye Server: (Group) nord88: i see you
 3:30:22 BattlEye Server: (Group) Isaac: Same.
 3:30:46 BattlEye Server: (Group) Isaac: Nice chopper lol
 3:30:58 BattlEye Server: (Group) Isaac: But yeah, heading to a GS.
 3:34:12 BattlEye Server: (Group) Isaac: Oh shit lol
 3:34:35 BattlEye Server: (Group) Isaac: Want me to put your stuff in my heli?
 3:34:44 BattlEye Server: (Group) nord88: n o litle bird
 3:34:52 BattlEye Server: (Group) Isaac: I mean my little bird.
 3:34:57 BattlEye Server: (Group) Isaac: You want me to yeah?
 3:35:24 BattlEye Server: (Group) Isaac: Just so it doesn't despawn.
 3:35:46 BattlEye Server: (Group) Isaac: Oh fuck, I forgot you could spawn in my town xD
 3:35:49 BattlEye Server: (Group) Isaac: Woops lol
 3:38:28 BattlEye Server: (Group) nord88: convoy?
 3:38:41 BattlEye Server: (Group) Isaac: Yeah sure, but won't be too long.
 3:38:46 BattlEye Server: (Group) Isaac: Will need to head to gun store next though.
 3:38:51 BattlEye Server: (Group) nord88: atac
 3:38:55 BattlEye Server: (Group) Isaac: Atac?
 3:38:59 BattlEye Server: (Group) nord88: ok
 3:39:03 BattlEye Server: (Group) Isaac: Oh.
 3:39:34 BattlEye Server: (Group) Isaac: Now I'm good.
 3:40:03 BattlEye Server: (Group) Isaac: Cheap heli, I know lol
 3:41:32 BattlEye Server: (Group) nord88: small heli cool
 3:41:40 BattlEye Server: (Group) Isaac: Fair enough, I like these lol
 3:42:18 BattlEye Server: (Group) nord88: roadblock atacked
 3:42:28 BattlEye Server: (Group) nord88: near
 3:42:48 BattlEye Server: (Group) Isaac: Yeah I know, its okay.
 3:43:10 BattlEye Server: (Group) Isaac: I doubt they'll engage us from here.
 3:43:43 BattlEye Server: (Group) Isaac: Wrong building haha
 3:47:03 BattlEye Server: (Group) nord88: need capture teritory make money)
 3:47:10 BattlEye Server: (Group) Isaac: True.
 3:47:14 BattlEye Server: (Group) Isaac: Nearly done.
 3:48:26 BattlEye Server: (Group) Isaac: Which mission first?
 3:48:39 BattlEye Server: (Group) nord88: roadblock
 3:48:43 BattlEye Server: (Group) Isaac: Yep.
 3:51:13 BattlEye Server: (Group) Isaac: Tell me once you're ready.
 3:51:48 BattlEye Server: (Group) Isaac: Ready?
 3:52:01 BattlEye Server: (Group) nord88: ready
 3:52:04 BattlEye Server: (Group) Isaac: Go.
 3:53:41 BattlEye Server: (Group) Isaac: MG down.
 3:54:08 BattlEye Server: (Group) nord88: my ak dont range'
 3:54:21 BattlEye Server: (Group) Isaac: Its alright.
 3:54:44 BattlEye Server: (Group) Isaac: Got him.
 3:54:52 BattlEye Server: (Group) Isaac: Man, this gun's trajectory is terrible at that range lmao
 3:55:24 BattlEye Server: (Group) Isaac: Way worse than I thought haha, I thought it wouldn't be as bad even though I know mine uses subsonic ammunition lol
 3:55:41 BattlEye Server: (Group) Isaac: How much time you got?
 3:56:07 BattlEye Server: (Group) nord88: got?
 3:56:12 BattlEye Server: (Group) Isaac: What time is left/
 3:56:19 BattlEye Server: (Group) Isaac: How many minutes?
 3:56:26 BattlEye Server: (Group) nord88: 2 ьшт
 3:56:29 BattlEye Server: (Group) Isaac: Okay.
 3:56:36 BattlEye Server: (Group) nord88: 2 min
 3:57:23 BattlEye Server: (Group) nord88: need medkith?
 3:57:42 BattlEye Server: (Group) Isaac: Wtf.. I don't have one :/
 3:57:46 BattlEye Server: (Group) Isaac: Fuck.
 3:58:05 BattlEye Server: (Group) Isaac: Oh.. I forgot to get hime before ;/
 3:58:10 BattlEye Server: (Group) Isaac: * :/
 3:58:18 BattlEye Server: (Group) Isaac: I can fly to a town to let you spawn.
 3:58:22 BattlEye Server: (Group) Isaac: If you want?
 3:58:44 BattlEye Server: (Group) nord88: no  kill roadblock i am be back
 3:58:49 BattlEye Server: (Group) Isaac: Yep.
 4:03:06 BattlEye Server: (Group) Isaac: Done mission!
 4:03:19 BattlEye Server: (Group) Isaac: Using a different gun next time for distances like that haha
 4:04:03 BattlEye Server: (Group) Isaac: Where are you?
 4:04:08 BattlEye Server: (Group) Isaac: I'll come pick you up, I markex your shit.
 4:04:10 BattlEye Server: (Group) Isaac: *marked
 4:04:21 BattlEye Server: (Group) Isaac: Never mind, I see you.
 4:04:32 BattlEye Server: (Group) nord88: 2 min 
 4:04:41 BattlEye Server: (Group) Isaac: You need a pcikup?
 4:04:43 BattlEye Server: (Group) Isaac: *pickup?
 4:04:55 BattlEye Server: (Group) Isaac: Never mind, realised you're okay.
 4:06:34 BattlEye Server: (Group) Isaac: You shooting?
 4:06:58 BattlEye Server: (Group) nord88: my tigr in stone
 4:07:09 BattlEye Server: (Group) Isaac: Tigr?
 4:07:21 BattlEye Server: (Group) nord88: car Gaz
 4:07:26 BattlEye Server: (Group) Isaac: Oh.
 4:07:34 BattlEye Server: (Group) Isaac: That sucks haha, want me to pick you up?
 4:07:51 BattlEye Server: (Group) nord88: yes
 4:07:55 BattlEye Server: (Group) Isaac: Coming.
 4:09:29 BattlEye Server: (Group) Isaac: Coming?
 4:09:33 BattlEye Server: (Group) Isaac: Oh cool.
 4:10:08 BattlEye Server: (Group) Isaac: Way too fast I went haha
 4:10:48 BattlEye Server: (Group) Isaac: Everything there?
 4:11:48 BattlEye Server: (Group) Isaac: Got your gun?
 4:12:05 BattlEye Server: (Group) Isaac: Oh cool haha, saw you got it.
 4:12:39 BattlEye Server: (Group) nord88: no ammo ak
 4:12:54 BattlEye Server: (Group) Isaac: Rip lol
 4:16:32 BattlEye Server: (Group) Isaac: Tell me once I'm good to load the crate.
 4:16:38 BattlEye Server: (Group) Isaac: There's no hurry either.
 4:18:53 BattlEye Server: (Group) nord88: need pay medpack for revive
 4:19:06 BattlEye Server: (Group) Isaac: Yeah exactly, I'll get one soon.
 4:19:20 BattlEye Server: (Group) Isaac: I'm ready to go anytime you are also.
 4:20:22 BattlEye Server: (Group) Isaac: You want any of the M2s in this heli also? Thinking of selling them.
 4:20:35 BattlEye Server: (Group) nord88: go to gs magazin
 4:20:56 BattlEye Server: (Group) Isaac: The west one?
 4:21:02 BattlEye Server: (Group) Isaac: In this direction?
 4:21:22 BattlEye Server: (Group) nord88: yes
 4:21:27 BattlEye Server: (Group) Isaac: Ah cool.
 4:23:12 BattlEye Server: (Group) Isaac: wtf
 4:23:26 BattlEye Server: (Group) Isaac: Jesus xD
 4:23:45 BattlEye Server: (Group) nord88: socom elite
 4:23:51 BattlEye Server: (Group) Isaac: Yeah lmao
 4:24:02 BattlEye Server: (Group) Isaac: Dangerous as shit, you could've got fucked up by Arma xD
 4:24:10 BattlEye Server: (Group) Isaac: Wasn't even still yet haha but good work.
 4:24:48 BattlEye Server: (Group) Isaac: Fuck, I'll have to move the heli closer lol
 4:24:54 BattlEye Server: (Group) Isaac: But I'll half the profits from it for you.
 4:26:20 BattlEye Server: (Group) nord88: geroin cocaine no medkith
 4:26:32 BattlEye Server: (Group) Isaac: Rip lol
 4:26:54 BattlEye Server: (Group) Isaac: Fucking hell, the machine gun I loaded in nearly blew up my heli lmao
 4:27:00 BattlEye Server: (Group) Isaac: Jesus lol
 4:27:06 BattlEye Server: (Group) Isaac: You engineer aren't you?
 4:27:09 BattlEye Server: (Group) Isaac: Engine's fucked.
 4:27:17 BattlEye Server: (Group) Isaac: Never mind, I have a repair kit.
 4:28:18 BattlEye Server: (Group) Isaac: Here's your money :)
 4:29:06 BattlEye Server: (Group) Isaac: Here's your profits.
 4:29:07 BattlEye Server: (Group) nord88: no my money
 4:29:08 BattlEye Server: (Group) Isaac: Over here.
 4:29:15 BattlEye Server: (Group) Isaac: I dropped some.
 4:29:30 BattlEye Server: (Group) Isaac: Its half the money I made off the mission stuff.
 4:29:36 BattlEye Server: (Group) Isaac: Its 32k.
 4:29:47 BattlEye Server: (Group) Isaac: We made around 74k
 4:30:05 BattlEye Server: (Group) nord88: thx
 4:30:05 BattlEye Server: (Group) Isaac: Oh shit sorry, I forgot 4k to give you.
 4:30:09 BattlEye Server: (Group) Isaac: Its okay.
 4:30:17 BattlEye Server: (Group) Isaac: Here's the rest haha
 4:32:17 BattlEye Server: (Group) Isaac: You okay with heading to the gun store?
 4:32:27 BattlEye Server: (Group) Isaac: Since I want to get another gun and then I'll have to go sorry.
 4:35:01 BattlEye Server: (Group) nord88: i like 7.62 cal
 4:35:13 BattlEye Server: (Group) Isaac: 7.62x39mm you mean?
 4:35:37 BattlEye Server: (Group) nord88: 7.62 51 308win
 4:35:44 BattlEye Server: (Group) Isaac: Oh true, I also like that round.
 4:36:03 BattlEye Server: (Group) Isaac: Even though I like most cartridges because of having a big interest in guns in real life :p
 4:37:12 BattlEye Server: (Group) nord88: in real i make 308 win hk g3 no avto semi avto
 4:37:27 BattlEye Server: (Group) Isaac: Damn, there's no 7.62x39mm in this shop lol
 4:37:47 BattlEye Server: (Group) Isaac: Nice! And yeah, gun laws in most countries usually don't allow full-autos much unfortunately too.
 4:38:31 BattlEye Server: (Group) Isaac: Oh wtf, one of the AK-74Ms is in fact a 7.62x39 LOL
 4:38:36 BattlEye Server: (Group) Isaac: It was named wrong hahahaha
 4:38:55 BattlEye Server: (Group) Isaac: Never mind, its 5.45 still lol
 4:42:01 BattlEye Server: (Group) Isaac: Now I have to, but feel free to use my heli too.
 4:42:04 BattlEye Server: (Group) Isaac: *have to go
 4:42:15 BattlEye Server: (Group) Isaac: Sorry I need to go, I should sleep early for work tomorrow.
 4:42:34 BattlEye Server: (Group) nord88: ok 
 4:42:35 BattlEye Server: (Group) Isaac: What's your Steam too? We seem to get along wel.
 4:42:39 BattlEye Server: (Group) Isaac: *well.
 4:43:09 BattlEye Server: (Group) nord88: nord8814 steam
 4:43:17 BattlEye Server: (Group) Isaac: No worries, I'll add you.
 4:43:29 BattlEye Server: (Group) nord88: ok?bye
 4:43:45 BattlEye Server: (Group) Isaac: I didn't mean to be rude haha
 4:43:50 BattlEye Server: (Group) Isaac: Sorry if I confused you.
 4:44:22 BattlEye Server: (Group) Isaac: Added!
 4:44:32 BattlEye Server: (Group) Isaac: But cya, I'll be on tomo