15:01:31 BattlEye Server: Initialized (v1.217)
15:01:31 Host identity created.
15:01:31 Game Port: 2307, Steam Query Port: 2308
15:01:31 Mission A3Wasteland Altis v1.4c read from bank.
15:01:32 Roles assigned.
15:01:32 Reading mission ...
15:02:07 Mission read.
15:02:08 Game started.
15:03:15 RockstarGaming uses modified data file
15:03:15 BattlEye Server: Player #0 RockstarGaming (107.204.216.18:2304) connected
15:03:16 Player RockstarGaming connecting.
15:03:16 BattlEye Server: Connected to BE Master
15:03:18 BattlEye Server: Player #0 RockstarGaming - BE GUID: 23fe7edb77e6acee989bf1757f516554
15:03:19 Player RockstarGaming connected (id=76561198250040454).
15:03:19 BattlEye Server: Verified GUID (23fe7edb77e6acee989bf1757f516554) of player #0 RockstarGaming
15:03:42 High Alert Highlander  uses modified data file
15:03:42 BattlEye Server: Player #1 High Alert Highlander  (190.171.107.63:62725) connected
15:03:42 Player High Alert Highlander  connecting.
15:03:44 BattlEye Server: Player #1 High Alert Highlander  - BE GUID: a01f35e030c4464ff5b5e9c18ddf0195
15:03:47 Player High Alert Highlander  connected (id=76561198065774594).
15:03:47 BattlEye Server: Verified GUID (a01f35e030c4464ff5b5e9c18ddf0195) of player #1 High Alert Highlander 
15:06:57 BattlEye Server: (Global) High Alert Highlander : yesi can
15:07:20 Admin logged in, player: High Alert Highlander , playerUID: 76561198065774594, IP: 192.168.0.10:2309.
15:10:27 Mason uses modified data file
15:10:27 BattlEye Server: Player #2 Mason (71.81.137.47:2309) connected
15:10:27 Player Mason connecting.
15:10:29 BattlEye Server: Player #2 Mason - BE GUID: 955d09b6e1dde9360ceebc2963df084d
15:10:29 Player Mason connected (id=76561198026943270).
15:10:30 BattlEye Server: Verified GUID (955d09b6e1dde9360ceebc2963df084d) of player #2 Mason
15:10:38 BattlEye Server: (Global) High Alert Highlander : working  in the server 
15:15:17 BattlEye Server: (Global) High Alert Highlander : yes
15:25:35 BattlEye Server: (Global) High Alert Highlander : guys im here but i willbe doing some work in  the server 
15:25:38 BattlEye Server: (Global) High Alert Highlander : -
15:26:14 BattlEye Server: (Global) Mason: did you get my msg in discord?
15:27:37 BattlEye Server: (Global) Mason: highlander, check your discord
15:37:43 Player Mason disconnected.
15:37:43 BattlEye Server: Player #2 Mason disconnected
15:44:53 BattlEye Server: (Global) High Alert Highlander : i got to make an update rock 
15:45:02 BattlEye Server: (Global) High Alert Highlander : so you can log back in 
15:45:03 BattlEye Server: (Global) RockstarGaming: okay one sec
15:45:06 BattlEye Server: (Global) High Alert Highlander : in 10min 
15:45:11 BattlEye Server: (Global) High Alert Highlander : ok
15:45:12 BattlEye Server: (Global) RockstarGaming: k
15:48:42 BattlEye Server: (Global) High Alert Highlander : ready 
15:48:47 BattlEye Server: (Global) RockstarGaming: no
15:48:51 BattlEye Server: (Global) RockstarGaming: i gotta land
15:48:53 BattlEye Server: (Global) RockstarGaming: one sec
15:50:11 BattlEye Server: (Global) RockstarGaming: hold one one min sorry
15:51:05 BattlEye Server: (Global) RockstarGaming: ok
15:51:24 BattlEye Server: (Global) RockstarGaming: im ready
15:51:32 BattlEye Server: (Global) High Alert Highlander : uneed to logout 
15:51:45 BattlEye Server: (Global) RockstarGaming: k
15:51:50 Player RockstarGaming disconnected.
15:51:50 BattlEye Server: Player #0 RockstarGaming disconnected
15:58:06 RockstarGaming uses modified data file
15:58:06 BattlEye Server: Player #2 RockstarGaming (107.204.216.18:2304) connected
15:58:06 Player RockstarGaming connecting.
15:58:08 BattlEye Server: Player #2 RockstarGaming - BE GUID: 23fe7edb77e6acee989bf1757f516554
15:58:08 Player RockstarGaming connected (id=76561198250040454).
15:58:08 BattlEye Server: Verified GUID (23fe7edb77e6acee989bf1757f516554) of player #2 RockstarGaming
15:59:19 Player High Alert Highlander  disconnected.
15:59:19 BattlEye Server: Player #1 High Alert Highlander  disconnected
15:59:19 Admin logged out, player: High Alert Highlander , playerUID: 76561198065774594, IP: 192.168.0.10:2309.
16:05:06 Mingus uses modified data file
16:05:06 BattlEye Server: Player #3 Mingus (67.253.55.131:2309) connected
16:05:06 Player Mingus connecting.
16:05:08 BattlEye Server: Player #3 Mingus - BE GUID: 9acde5769dd9895469f859104370b094
16:05:11 Player Mingus connected (id=76561198032047803).
16:05:11 BattlEye Server: Verified GUID (9acde5769dd9895469f859104370b094) of player #3 Mingus
16:10:54 High Alert Highlander  uses modified data file
16:10:54 BattlEye Server: Player #4 High Alert Highlander  (190.171.107.63:62725) connected
16:10:54 Player High Alert Highlander  connecting.
16:11:00 BattlEye Server: Player #4 High Alert Highlander  - BE GUID: a01f35e030c4464ff5b5e9c18ddf0195
16:11:03 Player High Alert Highlander  connected (id=76561198065774594).
16:11:03 BattlEye Server: Verified GUID (a01f35e030c4464ff5b5e9c18ddf0195) of player #4 High Alert Highlander 
16:25:36 Admin logged in, player: High Alert Highlander , playerUID: 76561198065774594, IP: 192.168.0.10:2309.
16:54:49 BattlEye Server: (Global) High Alert Highlander : what isthe point of leting me where u r 
16:55:17 BattlEye Server: (Global) RockstarGaming: idk
16:55:24 BattlEye Server: (Global) RockstarGaming: were blowing up vehicles
16:55:31 BattlEye Server: (Global) High Alert Highlander : nice boat 
16:55:45 BattlEye Server: (Global) RockstarGaming: THANKS
16:55:49 BattlEye Server: (Global) RockstarGaming: sry caps
16:58:54 BattlEye Server: (Global) High Alert Highlander : a little bit more higher
17:00:39 BattlEye Server: (Global) High Alert Highlander : almost
17:01:04 BattlEye Server: (Global) RockstarGaming: U gonna shoot us?
17:01:32 BattlEye Server: (Global) High Alert Highlander : if i would want to kill u i would do it minutes ago
17:01:47 BattlEye Server: (Global) RockstarGaming: so what are you doing
17:01:59 BattlEye Server: (Global) High Alert Highlander : stalking 
17:02:11 BattlEye Server: (Global) RockstarGaming: K
17:03:28 BattlEye Server: (Global) High Alert Highlander : by  the way u guys detroi my heli congrts 
17:03:47 BattlEye Server: (Global) RockstarGaming: i thought that spawned there
17:03:58 BattlEye Server: (Global) High Alert Highlander : all good relax
17:16:42 BattlEye Server: (Global) High Alert Highlander : see u guys alter 
17:16:48 BattlEye Server: (Global) RockstarGaming: CYA
17:18:34 Mason uses modified data file
17:18:34 BattlEye Server: Player #5 Mason (71.81.137.47:2309) connected
17:18:34 Player Mason connecting.
17:18:36 BattlEye Server: Player #5 Mason - BE GUID: 955d09b6e1dde9360ceebc2963df084d
17:18:37 Player Mason connected (id=76561198026943270).
17:18:37 BattlEye Server: Verified GUID (955d09b6e1dde9360ceebc2963df084d) of player #5 Mason
17:20:55 BattlEye Server: (Global) High Alert Highlander : hey mason jumpin opfort 
17:21:46 BattlEye Server: (Global) Mason: ?
17:21:53 BattlEye Server: (Global) High Alert Highlander : red team 
17:23:10 BattlEye Server: (Group) High Alert Highlander : yes i can 
17:23:26 BattlEye Server: (Group) High Alert Highlander : wait what 
17:24:02 BattlEye Server: (Group) High Alert Highlander : let me check 
17:24:47 BattlEye Server: (Global) RockstarGaming: You guys hostile?
17:24:57 BattlEye Server: (Global) High Alert Highlander : always 
17:25:10 BattlEye Server: (Global) High Alert Highlander : but we wont hunt u 
17:25:16 BattlEye Server: (Global) RockstarGaming: K
17:25:19 BattlEye Server: (Global) High Alert Highlander : but if we see u that is another thing 
17:26:06 BattlEye Server: (Group) High Alert Highlander : yes i see that all your money is gone 
17:26:17 BattlEye Server: (Group) High Alert Highlander : i dont know what happen 
17:26:28 BattlEye Server: (Group) High Alert Highlander : pls reach sarg for that 
17:26:44 BattlEye Server: (Group) High Alert Highlander : discord 
17:26:55 BattlEye Server: (Group) High Alert Highlander : i will send you some of mymoney 
17:27:02 BattlEye Server: (Group) High Alert Highlander : that is waht i cando for now {
17:28:11 BattlEye Server: (Group) High Alert Highlander : for nowthat shuol helpyou until sarg returnyou the rest 
17:28:35 BattlEye Server: (Group) High Alert Highlander : sure bro
17:29:00 BattlEye Server: (Group) High Alert Highlander : no idea he willneed to check the records 
17:29:52 BattlEye Server: (Group) High Alert Highlander : wierdasfuck
17:30:22 BattlEye Server: (Group) High Alert Highlander : never seen that happenin allmy time in arma 
17:30:42 BattlEye Server: (Group) High Alert Highlander : idk 
17:31:21 BattlEye Server: (Group) High Alert Highlander : see you in airport 
17:31:38 BattlEye Server: (Group) High Alert Highlander : altis patrol
17:37:16 BattlEye Server: (Group) High Alert Highlander : yes
17:41:09 BattlEye Server: (Group) High Alert Highlander : wach my ass pls
17:44:32 BattlEye Server: (Group) High Alert Highlander : selling everythin
17:44:36 BattlEye Server: (Group) High Alert Highlander : wach my asspls
17:45:02 BattlEye Server: (Group) High Alert Highlander : thks
17:45:10 BattlEye Server: (Group) High Alert Highlander : vs
17:45:21 BattlEye Server: (Group) High Alert Highlander : yes
17:48:29 BattlEye Server: (Group) High Alert Highlander : grab the stuff pls
17:48:52 BattlEye Server: (Group) High Alert Highlander : the helis stuff
17:49:04 BattlEye Server: (Group) High Alert Highlander : i tookthe 3 down 
17:49:51 BattlEye Server: (Group) High Alert Highlander : yes
17:51:09 BattlEye Server: (Group) High Alert Highlander : yes
17:51:18 BattlEye Server: (Group) High Alert Highlander : you cant see my red point 
17:51:32 BattlEye Server: (Group) High Alert Highlander : ok
17:52:15 BattlEye Server: (Group) High Alert Highlander : yes
17:52:31 BattlEye Server: (Group) High Alert Highlander : lolok
17:53:29 BattlEye Server: (Group) High Alert Highlander : yea
17:58:56 BattlEye Server: (Group) High Alert Highlander : yes
18:01:19 BattlEye Server: (Group) High Alert Highlander : sellthis buy some else
18:01:52 BattlEye Server: (Group) High Alert Highlander : nope
18:06:10 BattlEye Server: (Group) High Alert Highlander : grap
18:06:21 BattlEye Server: (Group) High Alert Highlander : mason
18:06:26 BattlEye Server: (Group) High Alert Highlander : grao that 
18:08:16 BattlEye Server: (Group) High Alert Highlander : no
18:09:34 BattlEye Server: (Group) High Alert Highlander : inside
18:13:43 BattlEye Server: (Group) High Alert Highlander : cover
18:14:23 BattlEye Server: (Group) High Alert Highlander : dude is about to shoot themnot to tellme
18:14:48 BattlEye Server: (Group) High Alert Highlander : shoot them 
18:15:30 BattlEye Server: (Group) High Alert Highlander : maop 
18:15:43 BattlEye Server: (Group) High Alert Highlander : go driver
18:15:49 BattlEye Server: (Group) High Alert Highlander : givemethe gun 
18:20:27 WhiskyTangoFoxy uses modified data file
18:20:27 BattlEye Server: Player #6 WhiskyTangoFoxy (68.209.125.150:2309) connected
18:20:27 Player WhiskyTangoFoxy connecting.
18:20:29 BattlEye Server: Player #6 WhiskyTangoFoxy - BE GUID: ccc3a0df36dbaafc41246bff61f93b24
18:20:30 Player WhiskyTangoFoxy connected (id=76561197994843275).
18:20:30 BattlEye Server: Verified GUID (ccc3a0df36dbaafc41246bff61f93b24) of player #6 WhiskyTangoFoxy
18:20:36 BattlEye Server: (Group) High Alert Highlander : vs 
18:24:25 BattlEye Server: (Global) RockstarGaming: i dont have the money :/
18:25:54 BattlEye Server: (Global) High Alert Highlander : mingus i will squuezz you every penny fromnow onim in top of your ass always 
18:26:20 BattlEye Server: (Global) Mingus: WHY  lol?
18:26:49 BattlEye Server: (Global) RockstarGaming: Are you using your admin crap 
18:26:56 BattlEye Server: (Global) Mason: cause i let your ass live in te4h jeep, your ass came back and killed us
18:26:56 BattlEye Server: (Global) RockstarGaming: cuz when i was near that gastation
18:27:04 BattlEye Server: (Global) Mingus: i died 
18:27:21 BattlEye Server: (Global) High Alert Highlander : no buddy is using nothing 
18:27:27 BattlEye Server: (Global) RockstarGaming: k
18:27:28 BattlEye Server: (Global) High Alert Highlander : so stop saying that 
18:27:30 BattlEye Server: (Global) RockstarGaming: so u saw me
18:27:39 BattlEye Server: (Global) High Alert Highlander : if i wereusing admin crap 
18:27:47 BattlEye Server: (Global) High Alert Highlander : i would be in god mode 
18:28:01 BattlEye Server: (Global) RockstarGaming: thats cheesy
18:28:07 BattlEye Server: (Global) Mingus: idk what  idid wrong, i attacked the guys that shot down my friend who was piloting
18:28:41 BattlEye Server: (Global) High Alert Highlander : udid nothing wrong 
18:28:44 BattlEye Server: (Global) Mason: qw qwew on teh hostile choppers
18:28:50 BattlEye Server: (Global) High Alert Highlander : ijust feel like hunt u always 
18:29:32 BattlEye Server: (Global) Mingus: OK, just as long as you bring extra pocket change
18:30:03 BattlEye Server: (Global) High Alert Highlander : u waht to see admin  carp in action 
18:30:06 MONRROBER uses modified data file
18:30:06 BattlEye Server: Player #7 MONRROBER (45.65.244.126:2304) connected
18:30:06 Player MONRROBER connecting.
18:30:11 BattlEye Server: (Global) RockstarGaming: no
18:30:16 BattlEye Server: (Global) High Alert Highlander : so you guys have asomething to say is true 
18:30:23 Player MONRROBER disconnected.
18:30:23 BattlEye Server: Player #7 MONRROBER disconnected
18:30:26 BattlEye Server: (Global) High Alert Highlander : ok so stop that shit 
18:30:32 BattlEye Server: (Global) RockstarGaming: its not fair if you use admin stuff
18:30:43 BattlEye Server: (Global) Mingus: i have nothing to say man, its all good
18:30:47 BattlEye Server: (Global) High Alert Highlander : of course mot 
18:31:04 BattlEye Server: (Global) High Alert Highlander : no one is using that and you keepsaying that shit 
18:31:24 BattlEye Server: (Global) RockstarGaming: sorry ;-;
18:31:28 BattlEye Server: (Global) High Alert Highlander : if i whereusing that i just need tiodo this 
18:31:33 BattlEye Server: (Global) RockstarGaming: Good game tho
18:31:40 BattlEye Server: (Group) RockstarGaming: /
18:31:40 BattlEye Server: (Global) High Alert Highlander : see that 
18:31:47 BattlEye Server: (Global) High Alert Highlander : tyhat is admin crap 
18:31:58 BattlEye Server: (Global) RockstarGaming: lame
18:32:03 BattlEye Server: (Global) High Alert Highlander : no one one is using that 
18:32:11 BattlEye Server: (Global) High Alert Highlander : so stop that 
18:32:15 BattlEye Server: (Global) High Alert Highlander : pist me off
18:32:24 BattlEye Server: (Global) RockstarGaming: okay i will
18:32:44 BattlEye Server: (Global) Mingus: so we all good?
18:33:08 BattlEye Server: (Group) High Alert Highlander : thas me
18:34:12 BattlEye Server: (Group) High Alert Highlander : thisis u
18:34:24 BattlEye Server: (Group) High Alert Highlander : masonhere
18:34:41 BattlEye Server: (Group) High Alert Highlander : YES 
18:34:49 BattlEye Server: (Group) High Alert Highlander : that is what u have to do 
18:34:54 BattlEye Server: (Group) High Alert Highlander : they took 3 millions 
18:35:48 BattlEye Server: (Group) High Alert Highlander : yes it is there 
18:35:53 BattlEye Server: (Group) High Alert Highlander : ijust check
18:36:04 BattlEye Server: (Group) High Alert Highlander : i could delete that if i want 
18:38:39 BattlEye Server: (Group) High Alert Highlander : im going forsmokes
18:44:23 BattlEye Server: (Global) Mingus: hey we have a drone bringing you some of your stuff back
18:44:30 BattlEye Server: (Global) Mingus: as an apology 
18:53:27 BattlEye Server: (Global) High Alert Highlander : ok lets the hunt begin 
18:54:06 BattlEye Server: (Group) High Alert Highlander : they want to see admin 
18:54:12 BattlEye Server: (Group) High Alert Highlander : lets show themadmin 
18:54:19 BattlEye Server: (Global) Mingus: we were looking for you
18:54:35 BattlEye Server: (Global) Mingus: we sent a drone that was carrying some supplies as an apology
18:54:35 BattlEye Server: (Group) High Alert Highlander : they are in charkia generalstore
18:55:20 BattlEye Server: (Global) High Alert Highlander : no need to apologies   you won the money fair an square 
18:55:40 BattlEye Server: (Global) High Alert Highlander : what pist meoff   is that you guys have no idea what anadmin can do 
18:55:51 BattlEye Server: (Global) Mingus: WE were apologising for arguing 
18:56:09 BattlEye Server: (Global) High Alert Highlander : i cold  remove themoney right now if i want fromyour ccot
18:56:21 BattlEye Server: (Global) RockstarGaming: ;-;
18:56:25 BattlEye Server: (Global) High Alert Highlander : or kill you onthemonmet  of thefirst rocket
18:56:45 BattlEye Server: (Global) High Alert Highlander : I NEVER USE ADMIN RIGHTS 
18:56:57 BattlEye Server: (Global) High Alert Highlander : i hate cheating 
18:57:01 BattlEye Server: (Global) High Alert Highlander : i hate cgheters 
18:57:23 BattlEye Server: (Group) Mingus: yeah thats why we were apologising for bugging you
18:57:37 BattlEye Server: (Global) High Alert Highlander : pistmeoff  that you and rocket keep sayinf those thigngs 
18:57:46 BattlEye Server: (Global) High Alert Highlander : when they r not true 
18:58:00 BattlEye Server: (Global) High Alert Highlander : and im sorry my skills aare pure and rwal 
18:58:03 BattlEye Server: (Global) High Alert Highlander : real
18:58:15 BattlEye Server: (Global) RockstarGaming: its just skill
18:58:17 BattlEye Server: (Global) Mingus: yeah we were sorry for implying that you cheat. obviusly you dont
18:58:20 BattlEye Server: (Global) RockstarGaming: your a good player
18:58:23 BattlEye Server: (Group) High Alert Highlander : no they are at altis patrol
18:59:17 BattlEye Server: (Group) High Alert Highlander : main road  close toelectric towers
18:59:26 BattlEye Server: (Group) High Alert Highlander : going to telos 
18:59:33 BattlEye Server: (Group) High Alert Highlander : car 
19:00:06 BattlEye Server: (Group) High Alert Highlander : dontshoot
19:00:13 BattlEye Server: (Group) High Alert Highlander : that isto obvius
19:01:16 BattlEye Server: (Group) High Alert Highlander : they areinside of claim zonenear telos
19:01:36 BattlEye Server: (Group) High Alert Highlander : mark 
19:01:41 BattlEye Server: (Global) RockstarGaming: where are you guys
19:02:32 BattlEye Server: (Global) High Alert Highlander : yes
19:02:37 BattlEye Server: (Group) High Alert Highlander : yes
19:02:58 BattlEye Server: (Group) High Alert Highlander : no 
19:03:38 BattlEye Server: (Group) High Alert Highlander : they are moving to tellos 
19:03:41 BattlEye Server: (Group) High Alert Highlander : umiss
19:04:04 BattlEye Server: (Group) High Alert Highlander : new mark
19:04:39 BattlEye Server: (Group) High Alert Highlander : dont use that 
19:05:43 BattlEye Server: (Group) High Alert Highlander : no 
19:07:49 BattlEye Server: (Group) High Alert Highlander : heli
19:07:53 BattlEye Server: (Group) High Alert Highlander : close tou
19:09:05 BattlEye Server: (Group) High Alert Highlander : nice 
19:09:29 BattlEye Server: (Global) RockstarGaming: you tracked us from that far from the airfeild?
19:09:32 BattlEye Server: (Global) Mason: now that was me for that bullshit earlier
19:09:54 BattlEye Server: (Group) High Alert Highlander : yes
19:09:57 BattlEye Server: (Global) Mingus: what bullshit?
19:10:30 BattlEye Server: (Global) Mason: i let you live earliier then you came back and killed me
19:10:53 BattlEye Server: (Global) Mason: and for my money and gear
19:11:12 BattlEye Server: (Global) RockstarGaming: highlander said you guys were always hostile
19:11:27 BattlEye Server: (Global) High Alert Highlander : from nowonyes
19:11:30 BattlEye Server: (Global) Mingus: i also thought it was clear we were in battle when i shot at you guys multiple times
19:11:35 BattlEye Server: (Global) Mason: rock said no, so we left you alone
19:12:19 BattlEye Server: (Group) High Alert Highlander : yes
19:12:33 BattlEye Server: (Group) High Alert Highlander : dude that was 3millions 
19:13:25 BattlEye Server: (Group) High Alert Highlander : lol
19:15:21 BattlEye Server: (Group) High Alert Highlander : flying
19:21:56 BattlEye Server: (Group) High Alert Highlander : ijust destroithere humvee
19:22:15 BattlEye Server: (Group) High Alert Highlander : chasrkia
19:22:33 BattlEye Server: (Group) High Alert Highlander : mark
19:27:04 BattlEye Server: (Global) Mingus: GIVE UP YET?
19:27:27 BattlEye Server: (Global) High Alert Highlander : i never give up
19:27:46 BattlEye Server: (Group) Mason: THEY ARE IN A HOUSE RIGHT IN SAME AREA
19:28:17 BattlEye Server: (Global) High Alert Highlander : yes i knowmasoni saw the keppwaching 
19:28:30 BattlEye Server: (Global) High Alert Highlander : opps wrong chat 
19:28:59 BattlEye Server: (Group) Mason: they launched a darter
19:30:49 BattlEye Server: (Group) Mason: same place and scanning with thier darter
19:31:24 BattlEye Server: (Global) RockstarGaming: WHERE DID YA GUYS GO?
19:31:28 BattlEye Server: (Global) RockstarGaming: sry caps
19:32:28 BattlEye Server: (Group) Mason: u there?
19:33:05 BattlEye Server: (Group) Mason: they split up
19:34:41 BattlEye Server: (Group) Mason: he fire at u
19:35:00 BattlEye Server: (Group) Mason: hes by th e ramps
19:35:50 BattlEye Server: (Group) Mason: there are two ramps in the bushes they both are there
19:35:57 BattlEye Server: (Group) Mason: right
19:36:47 Player WhiskyTangoFoxy disconnected.
19:36:48 BattlEye Server: Player #6 WhiskyTangoFoxy disconnected
19:37:04 BattlEye Server: (Group) Mason: hes at teh chopper
19:37:18 BattlEye Server: (Group) Mason: nice
19:38:04 BattlEye Server: (Global) Mingus: viva la resistance
19:38:30 BattlEye Server: (Global) High Alert Highlander : keepusing that drone  and the sap 
19:38:38 BattlEye Server: (Global) High Alert Highlander : opps again wrong chat 
19:39:02 BattlEye Server: (Group) High Alert Highlander : im trolling them
19:40:27 BattlEye Server: (Group) High Alert Highlander : okbro 
19:40:33 BattlEye Server: (Group) High Alert Highlander : have a good night 
19:40:41 BattlEye Server: (Group) High Alert Highlander : yes i will
19:40:49 BattlEye Server: (Group) High Alert Highlander : seea
19:40:58 Player Mason disconnected.
19:40:58 BattlEye Server: Player #5 Mason disconnected
19:41:24 BattlEye Server: (Global) RockstarGaming: why did mason leave
19:41:35 BattlEye Server: (Global) High Alert Highlander : he had  togo 
19:41:39 BattlEye Server: (Global) RockstarGaming: oh
19:41:41 BattlEye Server: (Global) RockstarGaming: rip
19:41:52 BattlEye Server: (Global) High Alert Highlander : but keepasking air dropsthat always willtellmeyourposition
19:41:56 BattlEye Server: (Global) Mingus: Mason is higherlanders best friend
19:50:23 BattlEye Server: (Side) Mingus: /LOL
19:50:42 BattlEye Server: (Global) High Alert Highlander : make a transfer of the money  and i will leave you alone forever
19:50:52 BattlEye Server: (Global) RockstarGaming: NO
19:50:55 BattlEye Server: (Global) RockstarGaming: no
19:51:01 BattlEye Server: (Global) High Alert Highlander : your choice 
19:51:07 BattlEye Server: (Global) RockstarGaming: this is fun
19:51:30 BattlEye Server: (Global) Mingus: lol
19:52:46 BattlEye Server: (Global) Mingus: how do we transfer the money to you?
19:53:02 BattlEye Server: (Global) High Alert Highlander : join opformake the transfer
19:53:22 BattlEye Server: (Global) Mingus: i'd like to transfer 10 game dollars to you paying you for the entertainment
19:53:50 BattlEye Server: (Global) High Alert Highlander : ok  u willhave a hellof rain intopofyou
19:55:45 BattlEye Server: (Global) RockstarGaming: make it rain
19:58:45 BattlEye Server: (Global) RockstarGaming: CAN WE RAM U WITH A HELICOPTER
19:58:50 BattlEye Server: (Global) RockstarGaming: sry caps
20:03:20 BattlEye Server: (Global) Mingus: is helecopter ramming against rules?
20:03:28 BattlEye Server: (Global) High Alert Highlander : no
20:07:57 BattlEye Server: (Global) RockstarGaming: You coming?
20:12:17 BattlEye Server: (Global) RockstarGaming: YOU LEFT
20:12:22 BattlEye Server: (Global) RockstarGaming: sry caps
20:17:44 BattlEye Server: (Global) RockstarGaming: how the hell do you know where im at
20:18:19 BattlEye Server: (Group) RockstarGaming: ram the hell out of him
20:18:47 BattlEye Server: (Group) RockstarGaming: 50 seconds till im spawning
20:18:50 BattlEye Server: (Global) High Alert Highlander : radar
20:18:55 BattlEye Server: (Global) High Alert Highland