 9:01:32 BattlEye Server: Initialized (v1.217)
 9:01:32 Host identity created.
 9:01:32 Game Port: 2307, Steam Query Port: 2308
 9:01:33 Mission A3Wasteland Altis v1.4c read from bank.
 9:01:34 Roles assigned.
 9:01:34 Reading mission ...
 9:02:14 Mission read.
 9:02:14 Game started.
 9:11:36 High Alert Highlander  uses modified data file
 9:11:36 BattlEye Server: Player #0 High Alert Highlander  (190.171.107.0:62725) connected
 9:11:36 Player High Alert Highlander  connecting.
 9:11:37 BattlEye Server: Connected to BE Master
 9:11:39 BattlEye Server: Player #0 High Alert Highlander  - BE GUID: a01f35e030c4464ff5b5e9c18ddf0195
 9:11:41 Player High Alert Highlander  connected (id=76561198065774594).
 9:11:41 BattlEye Server: Verified GUID (a01f35e030c4464ff5b5e9c18ddf0195) of player #0 High Alert Highlander 
 9:18:43 Player High Alert Highlander  disconnected.
 9:18:43 BattlEye Server: Player #0 High Alert Highlander  disconnected
11:03:19 pmast uses modified data file
11:03:19 BattlEye Server: Player #0 pmast (66.170.197.82:2304) connected
11:03:19 Player pmast connecting.
11:03:21 BattlEye Server: Player #0 pmast - BE GUID: 3ac88038febe11c099dc9ac7d1e394c6
11:03:22 Player pmast connected (id=76561198157343531).
11:03:22 BattlEye Server: Verified GUID (3ac88038febe11c099dc9ac7d1e394c6) of player #0 pmast
11:03:46 Player pmast disconnected.
11:03:46 BattlEye Server: Player #0 pmast disconnected
11:48:12 High Alert Highlander  uses modified data file
11:48:12 BattlEye Server: Player #0 High Alert Highlander  (190.171.107.0:62725) connected
11:48:12 Player High Alert Highlander  connecting.
11:48:17 BattlEye Server: Player #0 High Alert Highlander  - BE GUID: a01f35e030c4464ff5b5e9c18ddf0195
11:48:19 Player High Alert Highlander  connected (id=76561198065774594).
11:48:19 BattlEye Server: Verified GUID (a01f35e030c4464ff5b5e9c18ddf0195) of player #0 High Alert Highlander 
11:51:32 Admin logged in, player: High Alert Highlander , playerUID: 76561198065774594, IP: 192.168.0.10:2309.
13:03:14 Mason uses modified data file
13:03:14 BattlEye Server: Player #1 Mason (71.81.137.47:2309) connected
13:03:14 Player Mason connecting.
13:03:16 BattlEye Server: Player #1 Mason - BE GUID: 955d09b6e1dde9360ceebc2963df084d
13:03:16 Player Mason connected (id=76561198026943270).
13:03:16 BattlEye Server: Verified GUID (955d09b6e1dde9360ceebc2963df084d) of player #1 Mason
13:04:33 BattlEye Server: (Side) Mason: hey how goes it
13:04:40 BattlEye Server: (Group) High Alert Highlander : himason 
13:04:47 BattlEye Server: (Group) High Alert Highlander : good morning 
13:04:52 BattlEye Server: (Group) Mason: hi
13:05:29 BattlEye Server: (Group) Mason: r u working on the server?
13:05:47 BattlEye Server: (Group) High Alert Highlander : nope 
13:05:53 BattlEye Server: (Group) High Alert Highlander : working on abase {
13:06:11 BattlEye Server: (Group) High Alert Highlander : yes
13:06:26 BattlEye Server: (Group) High Alert Highlander : shoot
13:06:32 BattlEye Server: (Group) High Alert Highlander : yes
13:06:44 BattlEye Server: (Group) High Alert Highlander : allot
13:06:53 BattlEye Server: (Group) High Alert Highlander : alomost foreverything
13:06:59 BattlEye Server: (Group) High Alert Highlander : yes 
13:07:02 BattlEye Server: (Group) High Alert Highlander : true
13:07:51 BattlEye Server: (Group) High Alert Highlander : -those r not titans 
13:08:20 BattlEye Server: (Group) High Alert Highlander : we dont have titans in missions antmore
13:08:33 BattlEye Server: (Group) High Alert Highlander : ok
13:08:53 BattlEye Server: (Group) High Alert Highlander : yes
13:08:59 BattlEye Server: (Group) High Alert Highlander : laser guided
13:09:24 BattlEye Server: (Group) High Alert Highlander : u cant 
13:09:46 BattlEye Server: (Group) High Alert Highlander : someone  else need to lock the taget wile u shoot that 
13:10:26 BattlEye Server: (Group) High Alert Highlander : because they have that  on normal way 
13:10:33 BattlEye Server: (Group) High Alert Highlander : we have that on advance 
13:10:41 BattlEye Server: (Group) High Alert Highlander : correctly 
13:10:53 BattlEye Server: (Group) High Alert Highlander : someone else need to laser guided a target 
13:11:07 BattlEye Server: (Group) High Alert Highlander : then you can look the target and guided the missile
13:11:17 BattlEye Server: (Group) High Alert Highlander : is 
13:11:21 BattlEye Server: (Group) High Alert Highlander : correct 
13:12:28 BattlEye Server: (Group) High Alert Highlander : probably
13:12:38 BattlEye Server: (Group) High Alert Highlander : they still the same 
13:12:54 BattlEye Server: (Group) High Alert Highlander : isjust that there mao isnot altis anymore 
13:12:57 BattlEye Server: (Group) High Alert Highlander : is tanoa 
13:13:24 BattlEye Server: (Group) High Alert Highlander : tanoa islovely 
13:14:03 BattlEye Server: (Group) High Alert Highlander : yes i understand 
13:14:48 BattlEye Server: (Group) Mason: brb
13:15:32 Player Mason disconnected.
13:15:32 BattlEye Server: Player #1 Mason disconnected
13:16:34 Mason uses modified data file
13:16:34 BattlEye Server: Player #1 Mason (71.81.137.47:2309) connected
13:16:34 Player Mason connecting.
13:16:36 BattlEye Server: Player #1 Mason - BE GUID: 955d09b6e1dde9360ceebc2963df084d
13:16:37 Player Mason connected (id=76561198026943270).
13:16:37 BattlEye Server: Verified GUID (955d09b6e1dde9360ceebc2963df084d) of player #1 Mason
13:18:04 BattlEye Server: (Group) Mason: sorry mic and sound dropped off
13:23:20 BattlEye Server: (Group) High Alert Highlander : sure with ideas would be  great 
13:24:13 BattlEye Server: (Group) High Alert Highlander : ismark
13:30:47 BattlEye Server: (Group) High Alert Highlander : from steam-or world cup
13:31:54 BattlEye Server: (Group) High Alert Highlander : yea costa rica play today at 6 am  against brazil they lost 1-0 the gool was from Neimar  but that game was stolen 
13:32:16 BattlEye Server: (Group) High Alert Highlander : the fucking tec not claim 2 penalties 
13:32:30 BattlEye Server: (Group) High Alert Highlander : the fucking lost the game because of that 
13:32:58 BattlEye Server: (Group) High Alert Highlander : -Costa Rica was the underdog 
13:33:17 BattlEye Server: (Group) High Alert Highlander : due to Brazil  have 6 wordl cups 
13:33:26 BattlEye Server: (Group) High Alert Highlander : costa rica none 
13:33:43 BattlEye Server: (Group) High Alert Highlander : yes 
13:33:57 BattlEye Server: (Group) High Alert Highlander : they are making legalcliams in the Fifa 
13:34:11 BattlEye Server: (Group) High Alert Highlander : because even other Tec ARE IN FAVOR 
13:34:34 BattlEye Server: (Group) High Alert Highlander : YES 
13:35:22 BattlEye Server: (Group) High Alert Highlander : nope
13:35:32 BattlEye Server: (Group) High Alert Highlander : i buildthis
13:37:42 BattlEye Server: (Group) High Alert Highlander : the place wasopen i just closeit 
13:38:54 BattlEye Server: (Group) High Alert Highlander : anti aa
13:39:10 BattlEye Server: (Group) High Alert Highlander : isauto
13:39:18 BattlEye Server: (Group) High Alert Highlander : 10,illions
13:39:39 BattlEye Server: (Group) High Alert Highlander : is the price of real life
13:39:50 BattlEye Server: (Group) High Alert Highlander : jajajaja
13:39:57 BattlEye Server: (Group) High Alert Highlander : iustoop 
13:40:05 BattlEye Server: (Group) High Alert Highlander : is  TO OP
13:40:16 BattlEye Server: (Group) High Alert Highlander : THAT IS WAHY SO PISY 
13:40:22 BattlEye Server: (Group) High Alert Highlander : that is why so prisy 
13:40:49 BattlEye Server: (Group) High Alert Highlander : bcause u r red
13:41:07 BattlEye Server: (Group) High Alert Highlander : correct 
13:41:22 BattlEye Server: (Group) High Alert Highlander : no 
13:41:42 BattlEye Server: (Group) High Alert Highlander : the ones inthe  Guns tore 
13:41:50 BattlEye Server: (Group) High Alert Highlander : aremanualy 
13:41:55 BattlEye Server: (Group) High Alert Highlander : this is adrone
13:42:28 BattlEye Server: (Group) High Alert Highlander : yeano they aremanually 
13:42:43 BattlEye Server: (Group) High Alert Highlander : and this shoots only aa
13:42:57 BattlEye Server: (Group) High Alert Highlander : but have a distance of 2 kilometers
13:44:01 BattlEye Server: (Group) High Alert Highlander : yes
13:44:15 BattlEye Server: (Group) High Alert Highlander : heat the wheels 
13:44:27 BattlEye Server: (Group) High Alert Highlander : iwillshow you 
13:45:03 BattlEye Server: (Group) High Alert Highlander : yes u can
13:46:25 BattlEye Server: (Group) High Alert Highlander : lookthispace u can use iot 
13:47:37 BattlEye Server: (Group) High Alert Highlander : with canalwalls same way 
13:47:43 BattlEye Server: (Group) High Alert Highlander : with a scafolding 
13:47:49 BattlEye Server: (Group) High Alert Highlander : yes
13:48:51 BattlEye Server: (Group) High Alert Highlander : mine waslike this one open
13:48:55 BattlEye Server: (Group) High Alert Highlander : i just close it 
13:49:27 BattlEye Server: (Group) High Alert Highlander : yes
13:49:40 BattlEye Server: (Group) High Alert Highlander : money shipment 
13:49:45 BattlEye Server: (Group) High Alert Highlander : supply heli
13:50:09 BattlEye Server: (Group) High Alert Highlander : yes
13:50:19 BattlEye Server: (Group) High Alert Highlander : or aBM-21
13:51:37 BattlEye Server: (Group) High Alert Highlander : TO CLOSEIT CANT 
13:51:42 BattlEye Server: (Group) High Alert Highlander : sorry caps
13:51:51 BattlEye Server: (Group) High Alert Highlander : look
13:52:31 BattlEye Server: (Group) High Alert Highlander : suply truck
13:52:43 BattlEye Server: (Group) High Alert Highlander : andis done
13:53:07 BattlEye Server: (Group) High Alert Highlander : get in
13:55:11 BattlEye Server: (Side) High Alert Highlander : they are not expencive they cost 100k
13:55:18 BattlEye Server: (Side) High Alert Highlander : reload 25k
13:56:11 BattlEye Server: (Side) High Alert Highlander : likeit
13:56:47 BattlEye Server: (Side) High Alert Highlander : we r here
13:58:06 BattlEye Server: (Side) High Alert Highlander : or this one 
14:00:59 BattlEye Server: (Side) High Alert Highlander : dude yesterday 
14:01:10 BattlEye Server: (Side) High Alert Highlander : flow and odg came 
14:01:17 BattlEye Server: (Side) High Alert Highlander : with 3 other friends 
14:01:31 BattlEye Server: (Group) Mason: how was it
14:01:48 BattlEye Server: (Group) High Alert Highlander : i did what u said 
14:01:58 BattlEye Server: (Group) High Alert Highlander : dont do nothinglet themplay 
14:02:10 BattlEye Server: (Group) High Alert Highlander : so thats what i did 
14:02:26 BattlEye Server: (Group) High Alert Highlander : dude i was doing  the weapons sumugles 
14:02:39 BattlEye Server: (Group) High Alert Highlander : and i didtn realize that they where there 
14:02:57 BattlEye Server: (Group) High Alert Highlander : so i fininsh the mission came down with the heli 
14:03:23 BattlEye Server: (Group) High Alert Highlander : and  the bastards shoot me down with an rpg 
14:03:34 BattlEye Server: (Group) Mason: fukkers
14:03:36 BattlEye Server: (Group) High Alert Highlander : i WAS fuck 
14:03:48 BattlEye Server: (Group) High Alert Highlander : just becuase beig nice 
14:04:10 BattlEye Server: (Group) High Alert Highlander : and flow starts  what u idiots just did 
14:04:18 BattlEye Server: (Group) High Alert Highlander : highlander im sorry 
14:04:28 BattlEye Server: (Group) High Alert Highlander : dont starthunting 
14:04:42 BattlEye Server: (Group) High Alert Highlander : andone of the guys his name was frost 
14:04:47 BattlEye Server: (Group) High Alert Highlander : said let him 
14:04:52 BattlEye Server: (Group) High Alert Highlander : why u r so afrid 
14:05:08 BattlEye Server: (Group) High Alert Highlander : i was its ok flow  gg dont worry 
14:05:27 BattlEye Server: (Group) High Alert Highlander : dude respawwn  onmy base gear up as sniper
14:05:32 BattlEye Server: (Group) High Alert Highlander : and start hunting 
14:05:46 BattlEye Server: (Group) High Alert Highlander : i kill the 5 of them inatank 
14:06:10 BattlEye Server: (Group) High Alert Highlander : then i kill one of the guys running to the gs 
14:06:25 BattlEye Server: (Group) High Alert Highlander : the i wait in the air field withthe altis patrol 
14:06:37 BattlEye Server: (Group) High Alert Highlander : put APmines 
14:06:42 BattlEye Server: (Group) High Alert Highlander : inthe towers 
14:06:56 BattlEye Server: (Group) High Alert Highlander : and start killing them soi wait 
14:07:03 BattlEye Server: (Group) High Alert Highlander : they eat allthe mines 
14:07:19 BattlEye Server: (Group) High Alert Highlander : and i was like 1 click away 
14:07:36 BattlEye Server: (Group) High Alert Highlander : and shoot the frost guy fromthe tower with two direct shoots 
14:07:49 BattlEye Server: (Group) High Alert Highlander : and they rage quit 
14:08:09 BattlEye Server: (Group) High Alert Highlander : flow and olg stay 
14:08:14 BattlEye Server: (Group) High Alert Highlander : soi join them 
14:08:21 BattlEye Server: (Group) High Alert Highlander : and complete thealtis patrol
14:08:47 BattlEye Server: (Group) High Alert Highlander : but6 yea they got rage quit saying that no one can  shoot that distabnce 
14:08:52 BattlEye Server: (Group) High Alert Highlander : that i was cheating 
14:08:58 BattlEye Server: (Group) High Alert Highlander : yes flow is that one 
14:09:30 BattlEye Server: (Group) High Alert Highlander : then flow  tell them stop bieng an idiot i have seens this guyys shoots fromfar than that 
14:10:06 BattlEye Server: (Group) High Alert Highlander : and then they toll him hemust be using an aim boot 
14:10:16 BattlEye Server: (Group) High Alert Highlander : that iis why he can do that 
14:10:35 BattlEye Server: (Group) High Alert Highlander : i was pls men dont cry 
14:11:28 BattlEye Server: (Group) High Alert Highlander : what u were going to say 
14:12:14 BattlEye Server: (Group) High Alert Highlander : iknow 
14:12:40 BattlEye Server: (Group) High Alert Highlander : radar 
14:12:54 BattlEye Server: (Group) High Alert Highlander : yes 
14:13:34 BattlEye Server: (Group) High Alert Highlander : the radar allows the admin to see where is everyone ingame
14:13:52 BattlEye Server: (Group) High Alert Highlander : but i dont use it 
14:14:07 BattlEye Server: (Group) High Alert Highlander : allot just when people like that guy got in 
14:14:13 BattlEye Server: (Group) High Alert Highlander : the destryers
14:14:30 BattlEye Server: (Group) High Alert Highlander : when im playing i dont use that honesly 
14:14:42 BattlEye Server: (Group) High Alert Highlander : ijust pass studing them
14:14:47 BattlEye Server: (Group) High Alert Highlander : like flow 
14:14:56 BattlEye Server: (Group) High Alert Highlander : he is alwya armor 
14:15:06 BattlEye Server: (Group) High Alert Highlander : and he always do the same missions 
14:15:17 BattlEye Server: (Group) High Alert Highlander : nver change 
14:15:25 BattlEye Server: (Group) High Alert Highlander : so i [place  drones 
14:15:34 BattlEye Server: (Group) High Alert Highlander : on each of thosemissions 
14:15:47 BattlEye Server: (Group) High Alert Highlander : at 500meters fromthe ground 
14:15:57 BattlEye Server: (Group) High Alert Highlander : bercause at 300 can be destroi 
14:16:05 BattlEye Server: (Group) High Alert Highlander : by ai
14:16:10 BattlEye Server: (Group) High Alert Highlander : and wait 
14:16:31 BattlEye Server: (Group) High Alert Highlander : keep checkinh the satcom
14:16:46 BattlEye Server: (Group) High Alert Highlander : manualy and check the drones every 10minutes 
14:17:01 BattlEye Server: (Group) High Alert Highlander : andat somepoint i find them
14:17:05 BattlEye Server: (Group) High Alert Highlander : another way 
14:17:16 BattlEye Server: (Group) High Alert Highlander : once someone completes a missions 
14:17:29 BattlEye Server: (Group) High Alert Highlander : u will get amessage  mission complete 
14:17:51 BattlEye Server: (Group) High Alert Highlander : so what i do  is mark each mission in themap
14:18:03 BattlEye Server: (Group) High Alert Highlander : whe they r running 
14:18:07 BattlEye Server: (Group) High Alert Highlander : put the names 
14:18:16 BattlEye Server: (Group) High Alert Highlander : when that goes complete 
14:18:22 BattlEye Server: (Group) High Al