21:02:02 BattlEye Server: Initialized (v1.217)
21:02:02 Host identity created.
21:02:02 Game Port: 2307, Steam Query Port: 2308
21:02:02 Mission A3Wasteland Altis v1.4c read from bank.
21:02:04 Roles assigned.
21:02:04 Reading mission ...
21:02:41 Mission read.
21:02:41 Game started.
21:14:09 AJ uses modified data file
21:14:09 BattlEye Server: Player #0 AJ (142.59.100.69:2309) connected
21:14:09 Player AJ connecting.
21:14:09 BattlEye Server: Connected to BE Master
21:14:11 BattlEye Server: Player #0 AJ - BE GUID: 1f059c541e3e8d5963cd6ccb777a1713
21:14:11 Player AJ connected (id=76561198080094233).
21:14:11 BattlEye Server: Verified GUID (1f059c541e3e8d5963cd6ccb777a1713) of player #0 AJ
22:13:49 LT.Matt uses modified data file
22:13:49 BattlEye Server: Player #1 LT.Matt (98.239.30.235:2309) connected
22:13:49 Player LT.Matt connecting.
22:13:51 BattlEye Server: Player #1 LT.Matt - BE GUID: 1ae43f8b6c403b9da909b7207b38a6cf
22:13:52 Player LT.Matt connected (id=76561198189646014).
22:13:52 BattlEye Server: Verified GUID (1ae43f8b6c403b9da909b7207b38a6cf) of player #1 LT.Matt
22:14:35 Player LT.Matt disconnected.
22:14:35 BattlEye Server: Player #1 LT.Matt disconnected
22:17:01 Player AJ disconnected.
22:17:01 BattlEye Server: Player #0 AJ disconnected
22:18:35 SgtMajPrivate uses modified data file
22:18:35 BattlEye Server: Player #0 SgtMajPrivate (73.93.167.13:2309) connected
22:18:35 Player SgtMajPrivate connecting.
22:18:37 BattlEye Server: Player #0 SgtMajPrivate - BE GUID: 4c2b9d687447cbad1213b89cfae82f46
22:18:38 Player SgtMajPrivate connected (id=76561198164565751).
22:18:38 BattlEye Server: Verified GUID (4c2b9d687447cbad1213b89cfae82f46) of player #0 SgtMajPrivate
22:20:39 Admin logged in, player: SgtMajPrivate, playerUID: 76561198164565751, IP: 192.168.0.12:2309.
22:32:13 CPL. Tavo uses modified data file
22:32:13 BattlEye Server: Player #1 CPL. Tavo (61.42.222.125:2304) connected
22:32:13 Player CPL. Tavo connecting.
22:32:17 BattlEye Server: Player #1 CPL. Tavo - BE GUID: 7594eb4c619c8783602ddf2c80c19692
22:32:23 Player CPL. Tavo connected (id=76561198121061337).
22:32:23 BattlEye Server: Verified GUID (7594eb4c619c8783602ddf2c80c19692) of player #1 CPL. Tavo
22:32:27 Player CPL. Tavo disconnected.
22:32:27 BattlEye Server: Player #1 CPL. Tavo disconnected
23:13:46 Max Mota uses modified data file
23:13:46 BattlEye Server: Player #1 Max Mota (190.75.120.106:2309) connected
23:13:46 Player Max Mota connecting.
23:13:48 BattlEye Server: Player #1 Max Mota - BE GUID: b24b492882c5bff2195677387329ee4f
23:13:52 Player Max Mota connected (id=76561198004095068).
23:13:52 BattlEye Server: Verified GUID (b24b492882c5bff2195677387329ee4f) of player #1 Max Mota
23:14:59 BattlEye Server: (Global) Max Mota: Hey man
23:15:16 BattlEye Server: (Global) Max Mota: how are you
23:15:22 BattlEye Server: (Global) Max Mota: im friend of duncan
23:15:31 BattlEye Server: (Global) SgtMajPrivate: oh hey how are you
23:15:40 BattlEye Server: (Global) Max Mota: all good you?
23:15:50 BattlEye Server: (Global) SgtMajPrivate: reall good
23:15:54 BattlEye Server: (Global) Max Mota: nice
23:20:23 BattlEye Server: (Global) Max Mota: you are doing some missions?
23:20:41 BattlEye Server: (Global) SgtMajPrivate: i'm cleaning the server, and doing some tests
23:20:51 BattlEye Server: (Global) Max Mota: oh ok
23:21:11 BattlEye Server: (Global) Max Mota: nice one btw
23:29:26 BattlEye Server: (Global) Max Mota: mi littlebird is without guns now? :(
23:41:15 Player SgtMajPrivate is losing connection
23:59:07 Polezny71  uses modified data file
23:59:07 BattlEye Server: Player #2 Polezny71  (95.79.184.14:2309) connected
23:59:07 Player Polezny71  connecting.
23:59:12 BattlEye Server: Player #2 Polezny71  - BE GUID: ee08666561f49414a48249f8e2171c32
23:59:12 Player Polezny71  connected (id=76561198171384689).
23:59:12 BattlEye Server: Verified GUID (ee08666561f49414a48249f8e2171c32) of player #2 Polezny71 
 0:00:30 BattlEye Server: (Global) Max Mota: wow
 0:00:36 BattlEye Server: (Global) Max Mota: fail...
 0:00:41 BattlEye Server: (Global) Max Mota: