15:01:46 BattlEye Server: Initialized (v1.217)
15:01:46 Host identity created.
15:01:47 Game Port: 2307, Steam Query Port: 2308
15:01:47 Mission A3Wasteland Altis v1.4c read from bank.
15:01:48 Roles assigned.
15:01:48 Reading mission ...
15:02:24 Mission read.
15:02:24 Game started.
15:36:56 CurKa uses modified data file
15:36:56 BattlEye Server: Player #0 CurKa (93.242.83.64:2309) connected
15:36:56 Player CurKa connecting.
15:36:56 BattlEye Server: Connected to BE Master
15:36:59 BattlEye Server: Player #0 CurKa - BE GUID: 3590af90d96cf8673ce0ec66ab626e2d
15:37:02 Player CurKa connected (id=76561198064623606).
15:37:02 BattlEye Server: Verified GUID (3590af90d96cf8673ce0ec66ab626e2d) of player #0 CurKa
17:27:44 karmay uses modified data file
17:27:44 BattlEye Server: Player #1 karmay (83.56.79.216:2309) connected
17:27:44 Player karmay connecting.
17:27:46 BattlEye Server: Player #1 karmay - BE GUID: e31f124e7d128a472e667d56f28850b7
17:27:47 Player karmay connected (id=76561198142708997).
17:27:47 BattlEye Server: Verified GUID (e31f124e7d128a472e667d56f28850b7) of player #1 karmay
17:58:33 Player karmay disconnected.
17:58:34 BattlEye Server: Player #1 karmay disconnected
18:06:38 User uses modified data file
18:06:38 BattlEye Server: Player #1 User (172.251.252.58:2304) connected
18:06:38 Player User connecting.
18:06:42 BattlEye Server: Player #1 User - BE GUID: 55d7aa6696f8350ea15d8ad5375a23bc
18:06:42 Player User connected (id=76561198356543416).
18:06:42 BattlEye Server: Verified GUID (55d7aa6696f8350ea15d8ad5375a23bc) of player #1 User
18:13:03 Player User disconnected.
18:13:03 BattlEye Server: Player #1 User disconnected
19:04:31 Yeet McDabbington uses modified data file
19:04:31 BattlEye Server: Player #1 Yeet McDabbington (73.21.180.37:2309) connected
19:04:31 Player Yeet McDabbington connecting.
19:04:34 BattlEye Server: Player #1 Yeet McDabbington - BE GUID: e0845e254755825b22e6d30dc7e61b99
19:04:43 Player Yeet McDabbington connected (id=76561198032540425).
19:04:43 BattlEye Server: Verified GUID (e0845e254755825b22e6d30dc7e61b99) of player #1 Yeet McDabbington
19:07:32 BattlEye Server: (Global) Yeet McDabbington: It forces me to redfor but I'm not in the PVP mood. I'll help on missions if you'd like.
19:09:28 BattlEye Server: (Global) Yeet McDabbington: Do you speak english?
19:10:10 BattlEye Server: (Global) CurKa: zes
19:10:14 BattlEye Server: (Global) CurKa: yes
19:10:29 BattlEye Server: (Global) Yeet McDabbington: Would you like help with those missions?
19:19:55 BattlEye Server: (Global) Yeet McDabbington: Need help?
19:23:38 BattlEye Server: (Global) Yeet McDabbington: Would you like help?!
19:23:47 BattlEye Server: (Global) CurKa: no thanks
19:41:05 BattlEye Server: (Global) CurKa: your rocket  ?
19:41:24 BattlEye Server: (Global) Yeet McDabbington: Maybe.
19:42:15 BattlEye Server: (Global) CurKa: last 2 enemy tanks by  139160
19:43:57 BattlEye Server: (Global) CurKa: hit
19:48:54 BattlEye Server: (Global) CurKa: claer
19:49:37 BattlEye Server: (Global) CurKa: not pvp ?
19:49:50 BattlEye Server: (Global) Yeet McDabbington: Testing reaction time lol
19:50:03 BattlEye Server: (Global) Yeet McDabbington: Staying in that tower the entire time?
19:51:49 BattlEye Server: (Global) CurKa: ähm ok 
19:59:20 BattlEye Server: (Global) CurKa: nice tank 
19:59:41 BattlEye Server: (Global) Yeet McDabbington: Nice bridge.
20:00:09 BattlEye Server: (Global) CurKa:  left stay 3  cargo box in ambush
20:01:34 BattlEye Server: (Global) CurKa:  server  restart ?
20:01:41 Camer uses modified data file
20:01:41 BattlEye Server: Player #2 Camer (107.138.81.9:2304) connected
20:01:41 Player Camer connecting.
20:01:45 BattlEye Server: Player #2 Camer - BE GUID: 2367070bc7749db1fdcc75e3738fbad9
20:01:46 Player Camer connected (id=76561198050933684).
20:01:46 BattlEye Server: Verified GUID (2367070bc7749db1fdcc75e3738fbad9) of player #2 Camer
20:01:50 BattlEye Server: (Global) Yeet McDabbington: 1 HR
20:02:01 BattlEye Server: (Global) CurKa: ha ok
20:02:24 BattlEye Server: (Global) CurKa: dont shoot pls
20:07:07 Player Ca