21:14:43 BattlEye Server: Initialized (v1.217)
21:14:43 Host identity created.
21:14:43 Game Port: 2307, Steam Query Port: 2308
21:14:43 Mission A3Wasteland Altis v1.4c read from bank.
21:14:45 Roles assigned.
21:14:45 Reading mission ...
21:15:15 Mission read.
21:15:16 Game started.
21:19:51 SgtMajPrivate uses modified data file
21:19:51 BattlEye Server: Player #0 SgtMajPrivate (73.93.167.13:2309) connected
21:19:51 Player SgtMajPrivate connecting.
21:19:51 BattlEye Server: Connected to BE Master
21:19:53 BattlEye Server: Player #0 SgtMajPrivate - BE GUID: 4c2b9d687447cbad1213b89cfae82f46
21:19:53 Player SgtMajPrivate connected (id=76561198164565751).
21:19:53 BattlEye Server: Verified GUID (4c2b9d687447cbad1213b89cfae82f46) of player #0 SgtMajPrivate
21:23:31 Mason uses modified data file
21:23:31 BattlEye Server: Player #1 Mason (24.207.152.238:2309) connected
21:23:31 Player Mason connecting.
21:23:34 BattlEye Server: Player #1 Mason - BE GUID: 955d09b6e1dde9360ceebc2963df084d
21:23:34 Player Mason connected (id=76561198026943270).
21:23:34 BattlEye Server: Verified GUID (955d09b6e1dde9360ceebc2963df084d) of player #1 Mason
21:30:47 RCT.MASSEY.T uses modified data file
21:30:47 BattlEye Server: Player #2 RCT.MASSEY.T (174.193.143.212:13491) connected
21:30:47 Player RCT.MASSEY.T connecting.
21:30:51 BattlEye Server: Player #2 RCT.MASSEY.T - BE GUID: c32ead9d50d7c8b043291951e92544ad
21:30:51 Player RCT.MASSEY.T connected (id=76561198036148836).
21:30:51 BattlEye Server: Verified GUID (c32ead9d50d7c8b043291951e92544ad) of player #2 RCT.MASSEY.T
21:37:51 Yvonne-Haiko uses modified data file
21:37:51 BattlEye Server: Player #3 Yvonne-Haiko (37.4.251.126:3731) connected
21:37:51 Player Yvonne-Haiko connecting.
21:37:53 BattlEye Server: Player #3 Yvonne-Haiko - BE GUID: 09875dc412d9c68568551a8b6b6d01ea
21:37:54 Player Yvonne-Haiko connected (id=76561198816606544).
21:37:54 BattlEye Server: Verified GUID (09875dc412d9c68568551a8b6b6d01ea) of player #3 Yvonne-Haiko
21:43:03 Player Yvonne-Haiko disconnected.
21:43:03 BattlEye Server: Player #3 Yvonne-Haiko disconnected
22:00:54 Player Mason disconnected.
22:00:54 BattlEye Server: Player #1 Mason disconnected
22:03:47 Admin logged in, player: SgtMajPrivate, playerUID: 76561198164565751, IP: 192.168.0.20:2309.
22:20:28 RockstarGaming uses modified data file
22:20:28 BattlEye Server: Player #3 RockstarGaming (107.204.216.18:2304) connected
22:20:28 Player RockstarGaming connecting.
22:20:30 BattlEye Server: Player #3 RockstarGaming - BE GUID: 23fe7edb77e6acee989bf1757f516554
22:20:30 Player RockstarGaming connected (id=76561198250040454).
22:20:31 BattlEye Server: Verified GUID (23fe7edb77e6acee989bf1757f516554) of player #3 RockstarGaming
22:23:22 BattlEye Server: (Side) RockstarGaming: hey sarg
22:23:32 BattlEye Server: (Side) SgtMajPrivate: what up man
22:23:39 BattlEye Server: (Side) RockstarGaming: hi
22:23:47 BattlEye Server: (Side) RockstarGaming: can we talk in vc for s ec
22:24:16 BattlEye Server: (Side) RockstarGaming: THERE SOMTHING I WANT TO TALK TO YOU ABOUT
22:24:20 BattlEye Server: (Side) RockstarGaming: oh heck sorry caps
22:24:55 BattlEye Server: (Side) RockstarGaming: you there?
22:27:24 Player SgtMajPrivate disconnected.
22:27:24 BattlEye Server: Player #0 SgtMajPrivate disconnected
22:27:24 Admin logged out, player: SgtMajPrivate, playerUID: 76561198164565751, IP: 192.168.0.20:2309.
22:27:34 BattlEye Server: (Global) RockstarGaming: dang
22:27:58 BattlEye Server: (Global) RockstarGaming: i needed to talk to him
22:28:15 BattlEye Server: (Global) RockstarGaming: do you have the discord server invite cod?
22:28:18 BattlEye Server: (Global) RockstarGaming: code
22:28:31 BattlEye Server: (Global) RCT.MASSEY.T: you talking to me?
22:28:46 BattlEye Server: (Global) RockstarGaming: yeah
22:29:29 BattlEye Server: (Global) RockstarGaming: Yes
22:29:33 BattlEye Server: (Global) RCT.MASSEY.T: yes
22:29:46 BattlEye Server: (Global) RockstarGaming: can you give me tho code
22:30:15 BattlEye Server: (Global) RCT.MASSEY.T: it's on the map i think
22:30:21 BattlEye Server