21:01:41 BattlEye Server: Initialized (v1.217)
21:01:41 Host identity created.
21:01:41 Game Port: 2307, Steam Query Port: 2308
21:01:42 Mission A3Wasteland Altis v1.4c read from bank.
21:01:43 Roles assigned.
21:01:43 Reading mission ...
21:02:14 Mission read.
21:02:14 Game started.
21:42:34 Hemlock Kowalski uses modified data file
21:42:34 BattlEye Server: Player #0 Hemlock Kowalski (73.147.1.91:2304) connected
21:42:34 Player Hemlock Kowalski connecting.
21:42:34 BattlEye Server: Connected to BE Master
21:42:36 BattlEye Server: Player #0 Hemlock Kowalski - BE GUID: 0e50d5bc222746efa845806a2af0fed1
21:42:39 Player Hemlock Kowalski connected (id=76561198201473535).
21:42:39 BattlEye Server: Verified GUID (0e50d5bc222746efa845806a2af0fed1) of player #0 Hemlock Kowalski
21:44:20 matt uses modified data file
21:44:20 BattlEye Server: Player #1 matt (72.207.207.84:2304) connected
21:44:20 Player matt connecting.
21:44:22 BattlEye Server: Player #1 matt - BE GUID: 012140143b7412008938a9029b6dbd31
21:44:23 Player matt connected (id=76561198272972039).
21:44:23 BattlEye Server: Verified GUID (012140143b7412008938a9029b6dbd31) of player #1 matt
21:46:48 ANATOLI CHEJOV uses modified data file
21:46:48 BattlEye Server: Player #2 ANATOLI CHEJOV (190.171.107.94:62725) connected
21:46:48 Player ANATOLI CHEJOV connecting.
21:46:53 BattlEye Server: Player #2 ANATOLI CHEJOV - BE GUID: a01f35e030c4464ff5b5e9c18ddf0195
21:46:54 Player ANATOLI CHEJOV connected (id=76561198065774594).
21:46:54 BattlEye Server: Verified GUID (a01f35e030c4464ff5b5e9c18ddf0195) of player #2 ANATOLI CHEJOV
21:48:29 Player ANATOLI CHEJOV disconnected.
21:48:29 BattlEye Server: Player #2 ANATOLI CHEJOV disconnected
21:51:33 ANATOLI CHEJOV uses modified data file
21:51:33 BattlEye Server: Player #2 ANATOLI CHEJOV (190.171.107.94:62725) connected
21:51:33 Player ANATOLI CHEJOV connecting.
21:51:38 BattlEye Server: Player #2 ANATOLI CHEJOV - BE GUID: a01f35e030c4464ff5b5e9c18ddf0195
21:51:39 Player ANATOLI CHEJOV connected (id=76561198065774594).
21:51:39 BattlEye Server: Verified GUID (a01f35e030c4464ff5b5e9c18ddf0195) of player #2 ANATOLI CHEJOV
21:52:16 Player ANATOLI CHEJOV disconnected.
21:52:16 BattlEye Server: Player #2 ANATOLI CHEJOV disconnected
21:55:30 ANATOLI CHEJOV uses modified data file
21:55:30 BattlEye Server: Player #2 ANATOLI CHEJOV (190.171.107.94:62725) connected
21:55:30 Player ANATOLI CHEJOV connecting.
21:55:36 BattlEye Server: Player #2 ANATOLI CHEJOV - BE GUID: a01f35e030c4464ff5b5e9c18ddf0195
21:55:36 Player ANATOLI CHEJOV connected (id=76561198065774594).
21:55:36 BattlEye Server: Verified GUID (a01f35e030c4464ff5b5e9c18ddf0195) of player #2 ANATOLI CHEJOV
22:09:22 Player matt is losing connection
22:10:22 ecrai uses modified data file
22:10:22 BattlEye Server: Player #3 ecrai (68.234.125.96:2304) connected
22:10:22 Player ecrai connecting.
22:10:31 Player ecrai disconnected.
22:10:31 BattlEye Server: Player #3 ecrai disconnected
22:30:02 Player matt is losing connection
22:31:23 Player matt disconnected.
22:31:23 BattlEye Server: Player #1 matt disconnected
22:33:16 matt uses modified data file
22:33:16 BattlEye Server: Player #3 matt (72.207.207.84:2304) connected
22:33:16 Player matt connecting.
22:33:18 BattlEye Server: Player #3 matt - BE GUID: 012140143b7412008938a9029b6dbd31
22:33:19 Player matt connected (id=76561198272972039).
22:33:19 BattlEye Server: Verified GUID (012140143b7412008938a9029b6dbd31) of player #3 matt
22:38:36 Player matt disconnected.
22:38:36 BattlEye Server: Player #3 matt disconnected
22:46:43 Player Hemlock Kowalski kicked off by BattlEye: Client not responding
22:46:43 Player Hemlock Kowalski disconnected.
22:49:53 Hemlock Kowalski uses modified data file
22:49:53 BattlEye Server: Player #3 Hemlock Kowalski (73.147.1.91:2304) connected
22:49:53 Player Hemlock Kowalski connecting.
22:49:55 BattlEye Server: Player #3 Hemlock Kowalski - BE GUID: 0e50d5bc222746efa845806a2af0fed1
22:49:58 Player Hemlock Kowalski connected (id=76561198201473535).
22:49:58 BattlEye Server: Verified GUID (0e50d5bc222746efa845806a2