 3:01:30 BattlEye Server: Initialized (v1.217)
 3:01:30 Host identity created.
 3:01:30 Game Port: 2307, Steam Query Port: 2308
 3:01:30 Mission A3Wasteland Altis v1.4c read from bank.
 3:01:31 Roles assigned.
 3:01:31 Reading mission ...
 3:02:02 Mission read.
 3:02:02 Game started.
 7:13:58 Rou Kowalski uses modified data file
 7:13:58 BattlEye Server: Player #0 Rou Kowalski (73.147.1.91:2309) connected
 7:13:58 Player Rou Kowalski connecting.
 7:13:59 BattlEye Server: Connected to BE Master
 7:14:01 BattlEye Server: Player #0 Rou Kowalski - BE GUID: 58cae163ea9d3a0ff8adde240b436737
 7:14:04 Player Rou Kowalski connected (id=76561198034110598).
 7:14:04 BattlEye Server: Verified GUID (58cae163ea9d3a0ff8adde240b436737) of player #0 Rou Kowalski
 7:19:57 High Alert Highlander  uses modified data file
 7:19:57 BattlEye Server: Player #1 High Alert Highlander  (190.171.107.94:62720) connected
 7:19:57 Player High Alert Highlander  connecting.
 7:19:59 BattlEye Server: Player #1 High Alert Highlander  - BE GUID: a01f35e030c4464ff5b5e9c18ddf0195
 7:20:01 Player High Alert Highlander  connected (id=76561198065774594).
 7:20:01 BattlEye Server: Verified GUID (a01f35e030c4464ff5b5e9c18ddf0195) of player #1 High Alert Highlander 
 7:24:04 BattlEye Server: (Group) High Alert Highlander : yes
 7:26:58 BattlEye Server: (Group) High Alert Highlander : jajajajaja
 7:27:26 BattlEye Server: (Group) High Alert Highlander : danm
 7:28:07 BattlEye Server: (Group) High Alert Highlander : no they are not
 7:28:12 BattlEye Server: (Group) High Alert Highlander : thereisnone 
 7:28:23 BattlEye Server: (Group) High Alert Highlander : no arma vehiculs at all
 7:28:50 BattlEye Server: (Group) High Alert Highlander : mason have 1 and i have 1 }
 7:28:56 BattlEye Server: (Group) High Alert Highlander : andthats all there is
 7:29:04 BattlEye Server: (Group) High Alert Highlander : true+
 7:29:10 BattlEye Server: (Group) High Alert Highlander : andunarme}
 7:29:18 BattlEye Server: (Group) High Alert Highlander : anno armed
 7:29:49 BattlEye Server: (Group) High Alert Highlander : hey i can giveumine for a trade with a 50k on top for the pawnee
 7:30:54 BattlEye Server: (Group) High Alert Highlander : fornoone
 7:31:24 BattlEye Server: (Group) High Alert Highlander : because they are not arme
 7:33:18 BattlEye Server: (Group) High Alert Highlander : i give a  marid  for the pawnee
 7:34:00 BattlEye Server: (Group) High Alert Highlander : isthe only one inthe server
 7:35:51 BattlEye Server: (Group) High Alert Highlander : lol
 7:35:59 BattlEye Server: (Group) High Alert Highlander : i want the pawnee
 7:36:11 BattlEye Server: (Group) High Alert Highlander : hellyea
 7:36:40 BattlEye Server: (Group) High Alert Highlander : can u imagine the frustration that guy gad onthat moment 
 7:38:31 BattlEye Server: (Group) High Alert Highlander : yea
 7:40:07 BattlEye Server: (Group) High Alert Highlander : i put the server announcement inthe general  chat in discord
 7:40:10 BattlEye Server: (Group) High Alert Highlander : just did
 7:40:23 BattlEye Server: (Group) High Alert Highlander : my server
 7:40:43 BattlEye Server: (Group) High Alert Highlander : what 
 7:41:50 BattlEye Server: (Group) High Alert Highlander : yes AWGC WWII  ALTIS WASTELAND MILSIM 
 7:41:58 BattlEye Server: (Group) High Alert Highlander : THAT will be the name
 7:45:08 BattlEye Server: (Group) High Alert Highlander : that is a goodidea
 7:47:34 BattlEye Server: (Group) High Alert Highlander : yes
 7:48:21 BattlEye Server: (Group) High Alert Highlander : mason can helpyouwith that
 7:48:29 BattlEye Server: (Group) High Alert Highlander : he is amaster of zeus
 7:50:51 BattlEye Server: (Group) High Alert Highlander : the strider goes exactly atb 14km in wter
 7:54:07 BattlEye Server: (Group) High Alert Highlander : yes
 7:55:15 BattlEye Server: (Group) High Alert Highlander : true
 7:58:20 BattlEye Server: (Group) High Alert Highlander : y
 7:59:12 BattlEye Server: (Group) High Alert Highlander : hate those jets
 8:04:56 BattlEye Server: (Group) High Alert Highlander : ok
 8:05:12 Ba