21:01:44 BattlEye Server: Initialized (v1.217)
21:01:44 Host identity created.
21:01:44 Game Port: 2307, Steam Query Port: 2308
21:01:44 Mission A3Wasteland Altis v1.4c read from bank.
21:01:45 Roles assigned.
21:01:45 Reading mission ...
21:02:20 Mission read.
21:02:20 Game started.
21:16:15 Feller uses modified data file
21:16:15 BattlEye Server: Player #0 Feller (68.251.245.45:2309) connected
21:16:15 Player Feller connecting.
21:16:15 BattlEye Server: Connected to BE Master
21:16:18 BattlEye Server: Player #0 Feller - BE GUID: 57722fbe19de6869f5a7407356ceaaba
21:16:18 Player Feller connected (id=76561198044427738).
21:16:18 BattlEye Server: Verified GUID (57722fbe19de6869f5a7407356ceaaba) of player #0 Feller
21:16:35 Camer uses modified data file
21:16:35 BattlEye Server: Player #1 Camer (107.138.81.9:2304) connected
21:16:35 Player Camer connecting.
21:16:37 BattlEye Server: Player #1 Camer - BE GUID: 2367070bc7749db1fdcc75e3738fbad9
21:16:37 Player Camer connected (id=76561198050933684).
21:16:37 BattlEye Server: Verified GUID (2367070bc7749db1fdcc75e3738fbad9) of player #1 Camer
21:17:04 UrPapTrap uses modified data file
21:17:04 BattlEye Server: Player #2 UrPapTrap (172.1.97.121:2304) connected
21:17:04 Player UrPapTrap connecting.
21:17:06 BattlEye Server: Player #2 UrPapTrap - BE GUID: bc0455be729b0a6efc019b64795d18d8
21:17:06 Player UrPapTrap connected (id=76561198097586684).
21:17:06 BattlEye Server: Verified GUID (bc0455be729b0a6efc019b64795d18d8) of player #2 UrPapTrap
21:18:59 Aye Stats uses modified data file
21:18:59 BattlEye Server: Player #3 Aye Stats (73.110.80.44:2304) connected
21:18:59 Player Aye Stats connecting.
21:19:01 BattlEye Server: Player #3 Aye Stats - BE GUID: d580aef3e00a87366b578f4990502d69
21:19:02 Player Aye Stats connected (id=76561198179547413).
21:19:02 BattlEye Server: Verified GUID (d580aef3e00a87366b578f4990502d69) of player #3 Aye Stats
21:21:24 Intuition uses modified data file
21:21:24 BattlEye Server: Player #4 Intuition (73.110.119.40:2304) connected
21:21:24 Player Intuition connecting.
21:21:26 BattlEye Server: Player #4 Intuition - BE GUID: 8e1bd4d196f86c1336e87110acd1f1a7
21:21:26 Player Intuition connected (id=76561198314440530).
21:21:26 BattlEye Server: Verified GUID (8e1bd4d196f86c1336e87110acd1f1a7) of player #4 Intuition
21:23:03 Player Aye Stats disconnected.
21:23:03 BattlEye Server: Player #3 Aye Stats disconnected
21:24:38 Player Intuition disconnected.
21:24:39 BattlEye Server: Player #4 Intuition disconnected
21:43:52 Player UrPapTrap kicked off by BattlEye: Client not responding
21:43:52 Player UrPapTrap disconnected.
21:52:29 UrPapTrap uses modified data file
21:52:29 BattlEye Server: Player #2 UrPapTrap (172.1.97.121:2304) connected
21:52:30 Player UrPapTrap connecting.
21:52:32 BattlEye Server: Player #2 UrPapTrap - BE GUID: bc0455be729b0a6efc019b64795d18d8
21:52:32 Player UrPapTrap connected (id=76561198097586684).
21:52:32 BattlEye Server: Verified GUID (bc0455be729b0a6efc019b64795d18d8) of player #2 UrPapTrap
21:53:07 kdhef uses modified data file
21:53:07 BattlEye Server: Player #3 kdhef (104.229.109.224:2309) connected
21:53:07 Player kdhef connecting.
21:53:09 BattlEye Server: Player #3 kdhef - BE GUID: d66dfdd7ed623453512341827a748a35
21:53:10 Player kdhef connected (id=76561198120872597).
21:53:10 BattlEye Server: Verified GUID (d66dfdd7ed623453512341827a748a35) of player #3 kdhef
21:53:17 Joepatty0 uses modified data file
21:53:17 BattlEye Server: Player #4 Joepatty0 (172.76.225.18:2309) connected
21:53:17 Player Joepatty0 connecting.
21:53:19 BattlEye Server: Player #4 Joepatty0 - BE GUID: 1b331af9e7b5401b4356507c985e4d7c
21:53:20 Player Joepatty0 connected (id=76561198119149894).
21:53:20 BattlEye Server: Verified GUID (1b331af9e7b5401b4356507c985e4d7c) of player #4 Joepatty0
21:53:24 Player Joepatty0 disconnected.
21:53:24 BattlEye Server: Player #4 Joepatty0 disconnected
21:53:29 Player kdhef disconnected.
21:53:29 BattlEye Server: Player #3 kdhef disconnected
22:42:02 Player UrPapTrap disconnected.
22:42:02 BattlEye Server: Player #2 UrP