15:01:42 BattlEye Server: Initialized (v1.217)
15:01:42 Host identity created.
15:01:42 Game Port: 2307, Steam Query Port: 2308
15:01:42 Mission A3Wasteland Altis v1.4c read from bank.
15:01:44 Roles assigned.
15:01:44 Reading mission ...
15:02:15 Mission read.
15:02:15 Game started.
15:05:14 Merc uses modified data file
15:05:14 BattlEye Server: Player #0 Merc (24.207.152.238:2309) connected
15:05:14 Player Merc connecting.
15:05:15 BattlEye Server: Connected to BE Master
15:05:16 BattlEye Server: Player #0 Merc - BE GUID: 955d09b6e1dde9360ceebc2963df084d
15:05:17 Player Merc connected (id=76561198026943270).
15:05:17 BattlEye Server: Verified GUID (955d09b6e1dde9360ceebc2963df084d) of player #0 Merc
15:14:09 ANATOLI CHEJOV uses modified data file
15:14:09 BattlEye Server: Player #1 ANATOLI CHEJOV (190.171.107.94:62725) connected
15:14:09 Player ANATOLI CHEJOV connecting.
15:14:11 BattlEye Server: Player #1 ANATOLI CHEJOV - BE GUID: a01f35e030c4464ff5b5e9c18ddf0195
15:14:12 Player ANATOLI CHEJOV connected (id=76561198065774594).
15:14:12 BattlEye Server: Verified GUID (a01f35e030c4464ff5b5e9c18ddf0195) of player #1 ANATOLI CHEJOV
15:21:39 BattlEye Server: (Side) ANATOLI CHEJOV: ok half  of the base is done 
15:21:46 BattlEye Server: (Side) ANATOLI CHEJOV: see u later bro 
15:21:57 BattlEye Server: (Side) ANATOLI CHEJOV: imgoing to wach a movie
15:22:15 BattlEye Server: (Side) Merc: ok, c'ya
15:23:02 Player ANATOLI CHEJOV disconnected.
15:23:02 BattlEye Server: Player #1 ANATOLI CHEJOV disconnected
17:39:26 ANATOLI CHEJOV uses modified data file
17:39:26 BattlEye Server: Player #1 ANATOLI CHEJOV (190.171.107.94:62725) connected
17:39:26 Player ANATOLI CHEJOV connecting.
17:39:32 BattlEye Server: Player #1 ANATOLI CHEJOV - BE GUID: a01f35e030c4464ff5b5e9c18ddf0195
17:39:32 Player ANATOLI CHEJOV connected (id=76561198065774594).
17:39:32 BattlEye Server: Verified GUID (a01f35e030c4464ff5b5e9c18ddf0195) of player #1 ANATOLI CHEJOV
17:42:32 BattlEye Server: (Side) ANATOLI CHEJOV: well we r onlymissing half 
17:42:40 BattlEye Server: (Side) ANATOLI CHEJOV: at leats that is something 
17:53:10 BattlEye Server: (Side) ANATOLI CHEJOV: what u think
17:53:13 BattlEye Server: (Side) ANATOLI CHEJOV: solid ?
17:53:31 BattlEye Server: (Side) Merc: like a rock
17:54:03 BattlEye Server: (Side) ANATOLI CHEJOV: stillmissing half the base 
17:54:12 BattlEye Server: (Side) ANATOLI CHEJOV: but at least we r almostdonde
17:58:08 BattlEye Server: (Side) Merc: it looks wierd being able to see through parts of it
17:58:21 BattlEye Server: (Side) ANATOLI CHEJOV: yes
17:58:28 BattlEye Server: (Side) Merc: its like a glass roof
17:58:40 BattlEye Server: (Side) ANATOLI CHEJOV: true
17:58:42 BattlEye Server: (Side) Merc: how much further are you going?
17:59:01 BattlEye Server: (Side) ANATOLI CHEJOV: all
17:59:33 BattlEye Server: (Side) Merc: fucking crazy
18:00:13 BattlEye Server: (Side) ANATOLI CHEJOV: look it this way we are prot3ected against artellery
18:00:38 BattlEye Server: (Side) Merc: yeah, its as close to a cube as you can get
18:00:48 BattlEye Server: (Side) ANATOLI CHEJOV: yes
18:01:06 BattlEye Server: (Side) ANATOLI CHEJOV: and defending this fromthe inside 
18:01:11 BattlEye Server: (Side) ANATOLI CHEJOV: is super easy 
18:01:28 BattlEye Server: (Side) ANATOLI CHEJOV: they have to get in fromthe sides 
18:01:39 BattlEye Server: (Side) ANATOLI CHEJOV: we have aa everywher
18:01:48 BattlEye Server: (Side) Merc: ok so what happens to our outgoing arty truck
18:01:58 BattlEye Server: (Side) Merc: roof?
18:02:00 BattlEye Server: (Side) ANATOLI CHEJOV: yes
18:02:17 BattlEye Server: (Side) Merc: we need more trucks too
18:02:23 BattlEye Server: (Side) ANATOLI CHEJOV: yes
18:02:45 BattlEye Server: (Side) Merc: what about single arty pieces themselves, any good?
18:02:59 User uses modified data file
18:02:59 BattlEye Server: Player #2 User (208.48.243.195:2304) connected
18:02:59 Player User connecting.
18:03:01 Player User disconnected.
18:03:02 BattlEye Server: Player #2 User disconnected
18:03:11 BattlEye Server: (Side) ANATOLI CHEJOV: what u mean like morters 
18:03:27 BattlEye Server: (Side) Merc: no the howitzers
18:03:36 BattlEye Server: (Side) ANATOLI CHEJOV: no 
18:03:45 BattlEye Server: (Side) ANATOLI CHEJOV: because is not flat 
18:03:50 BattlEye Server: (Side) ANATOLI CHEJOV: the roof
18:04:49 BattlEye Server: (Side) ANATOLI CHEJOV: but i have an idea thatmaight work 
18:04:58 BattlEye Server: (Side) ANATOLI CHEJOV: for putting those there
18:05:33 BattlEye Server: (Side) ANATOLI CHEJOV: involving  2canal  big walls and a pier ladder 
18:05:47 BattlEye Server: (Side) ANATOLI CHEJOV: the howt
18:05:55 BattlEye Server: (Side) Merc: to do what?
18:06:08 BattlEye Server: (Side) ANATOLI CHEJOV: to place those the art the howt
18:06:43 BattlEye Server: (Side) Merc: oh ok for the truck
18:06:51 BattlEye Server: (Side) ANATOLI CHEJOV: dude as soon  sarg see this mabe done  manually 
18:06:58 BattlEye Server: (Side) ANATOLI CHEJOV: he wontbelief his eyes
18:07:58 BattlEye Server: (Side) Merc: what are the barrels for?
18:08:11 BattlEye Server: (Side) ANATOLI CHEJOV: looknice
18:08:58 BattlEye Server: (Side) ANATOLI CHEJOV: yesi can
18:09:19 BattlEye Server: (Side) ANATOLI CHEJOV: like9
18:09:37 BattlEye Server: (Side) ANATOLI CHEJOV: oh u mean the garage purpledots
18:09:52 BattlEye Server: (Side) ANATOLI CHEJOV: 15
18:11:07 BattlEye Server: (Side) ANATOLI CHEJOV: this is a base
18:11:12 BattlEye Server: (Side) ANATOLI CHEJOV: a true base
18:12:01 BattlEye Server: (Side) ANATOLI CHEJOV: i will try 
18:12:12 BattlEye Server: (Side) ANATOLI CHEJOV: yes
18:12:37 BattlEye Server: (Side) ANATOLI CHEJOV: piers
18:12:59 BattlEye Server: (Side) ANATOLI CHEJOV: everything 
18:13:27 BattlEye Server: (Side) ANATOLI CHEJOV: yes
18:13:52 BattlEye Server: (Side) ANATOLI CHEJOV: dk 
18:14:14 BattlEye Server: (Side) ANATOLI CHEJOV: onthe editor yes
18:14:18 BattlEye Server: (Side) ANATOLI CHEJOV: manually 
18:14:28 BattlEye Server: (Side) ANATOLI CHEJOV: possible
18:14:59 BattlEye Server: (Side) ANATOLI CHEJOV: no
18:15:03 BattlEye Server: (Side) ANATOLI CHEJOV: no as big
18:16:02 BattlEye Server: (Side) ANATOLI CHEJOV: i could do that on the ditor 
18:16:07 BattlEye Server: (Side) ANATOLI CHEJOV: editor
18:16:11 BattlEye Server: (Side) ANATOLI CHEJOV: nomanually 
18:16:35 BattlEye Server: (Side) ANATOLI CHEJOV: yes
18:16:45 BattlEye Server: (Side) ANATOLI CHEJOV: ys
18:17:02 BattlEye Server: (Side) ANATOLI CHEJOV: the problem is that sarg wont allow another base build 
18:17:12 BattlEye Server: (Side) ANATOLI CHEJOV: he would erase this one
18:17:21 BattlEye Server: (Side) ANATOLI CHEJOV: and upload the new one
18:18:09 BattlEye Server: (Side) ANATOLI CHEJOV: howlonger for dawn 
18:18:35 BattlEye Server: (Side) ANATOLI CHEJOV: no
18:19:06 BattlEye Server: (Side) ANATOLI CHEJOV: iwant todomissions
18:19:16 BattlEye Server: (Side) ANATOLI CHEJOV: what day is today 
18:20:41 BattlEye Server: (Side) ANATOLI CHEJOV: yesithink
18:28:02 BattlEye Server: (Side) Merc: ITS TOUGH
18:29:45 BattlEye Server: (Side) ANATOLI CHEJOV: y
18:31:22 BattlEye Server: (Side) ANATOLI CHEJOV: isposible
18:31:45 BattlEye Server: (Side) ANATOLI CHEJOV: sure
18:32:09 BattlEye Server: (Side) ANATOLI CHEJOV: i willtake a shower and i willcome back
18:58:56 {SWT} Magalhães-BR™ uses modified data file
18:58:56 BattlEye Server: Player #2 {SWT} Magalhães-BR™ (187.16.37.2:2304) connected
18:58:56 Player {SWT} Magalhães-BR™ connecting.
18:58:59 BattlEye Server: Player #2 {SWT} Magalhães-BR™ - BE GUID: 7270c093d16f78c7620c31f1f07086b6
18:58:59 Player {SWT} Magalhães-BR™ connected (id=76561198121029824).
18:58:59 BattlEye Server: Verified GUID (7270c093d16f78c7620c31f1f07086b6) of player #2 {SWT} Magalhães-BR™
18:59:09 Player {SWT} Magalhães-BR™: Wrong signature for file addons\air_f.pbo
18:59:09 Player {SWT} Magalhães-BR™ disconnected.
18:59:09 BattlEye Server: Player #2 {SWT} Magalhães-BR™ disconnected
19:02:42 Player ANATOLI CHEJOV disconnected.
19:02:42 BattlEye Server: Player #1 ANATOLI CHEJOV disconnected
19:10:14 RockstarGaming uses modified data file
19:10:14 BattlEye Serv