15:01:47 BattlEye Server: Initialized (v1.217)
15:01:47 Host identity created.
15:01:47 Game Port: 2307, Steam Query Port: 2308
15:01:48 Mission A3Wasteland Altis v1.4c read from bank.
15:01:49 Roles assigned.
15:01:49 Reading mission ...
15:02:23 Mission read.
15:02:23 Game started.
15:03:15 High Alert Highlander  uses modified data file
15:03:15 BattlEye Server: Player #0 High Alert Highlander  (190.171.107.0:62725) connected
15:03:15 Player High Alert Highlander  connecting.
15:03:16 BattlEye Server: Connected to BE Master
15:03:20 BattlEye Server: Player #0 High Alert Highlander  - BE GUID: a01f35e030c4464ff5b5e9c18ddf0195
15:04:21 Player High Alert Highlander  connected (id=76561198065774594).
15:04:21 BattlEye Server: Verified GUID (a01f35e030c4464ff5b5e9c18ddf0195) of player #0 High Alert Highlander 
15:07:31 Admin logged in, player: High Alert Highlander , playerUID: 76561198065774594, IP: 192.168.0.10:2309.
15:09:45 Admin logged out, player: High Alert Highlander , playerUID: 76561198065774594, IP: 192.168.0.10:2309.
15:09:58 Admin logged in, player: High Alert Highlander , playerUID: 76561198065774594, IP: 192.168.0.10:2309.
15:10:05 Lethal uses modified data file
15:10:05 BattlEye Server: Player #1 Lethal (68.97.49.224:2304) connected
15:10:05 Player Lethal connecting.
15:10:07 BattlEye Server: Player #1 Lethal - BE GUID: d1937ccf880f20a7ed87c600da0e3040
15:10:10 Player Lethal connected (id=76561198142876019).
15:10:10 BattlEye Server: Verified GUID (d1937ccf880f20a7ed87c600da0e3040) of player #1 Lethal
15:10:37 Sea Stallion Pilot uses modified data file
15:10:38 BattlEye Server: Player #2 Sea Stallion Pilot (107.220.92.165:2304) connected
15:10:38 Player Sea Stallion Pilot connecting.
15:10:40 BattlEye Server: Player #2 Sea Stallion Pilot - BE GUID: ecf06a2454f0f8bd20dd41081187fde2
15:10:40 Player Sea Stallion Pilot connected (id=76561198188669749).
15:10:40 BattlEye Server: Verified GUID (ecf06a2454f0f8bd20dd41081187fde2) of player #2 Sea Stallion Pilot
15:10:50 Player Sea Stallion Pilot disconnected.
15:10:51 BattlEye Server: Player #2 Sea Stallion Pilot disconnected
15:16:02 RockstarGaming uses modified data file
15:16:02 BattlEye Server: Player #2 RockstarGaming (107.204.216.18:2304) connected
15:16:02 Player RockstarGaming connecting.
15:16:05 BattlEye Server: Player #2 RockstarGaming - BE GUID: 23fe7edb77e6acee989bf1757f516554
15:16:05 Player RockstarGaming connected (id=76561198250040454).
15:16:05 BattlEye Server: Verified GUID (23fe7edb77e6acee989bf1757f516554) of player #2 RockstarGaming
15:21:53 BattlEye Server: (Side) High Alert Highlander : rock u went crying to sarg about me killing you 
15:22:03 BattlEye Server: (Side) RockstarGaming: ?
15:22:04 BattlEye Server: (Side) High Alert Highlander : come on man really 
15:22:28 BattlEye Server: (Side) High Alert Highlander : lolok
15:22:42 BattlEye Server: (Side) High Alert Highlander : anyways that wont work we r 3 owners not 1 
15:23:05 Player RockstarGaming: Signature check timed out
15:23:05 Player RockstarGaming disconnected.
15:23:05 BattlEye Server: Player #2 RockstarGaming disconnected
15:23:26 RockstarGaming uses modified data file
15:23:26 BattlEye Server: Player #2 RockstarGaming (107.204.216.18:2304) connected
15:23:26 Player RockstarGaming connecting.
15:23:28 BattlEye Server: Player #2 RockstarGaming - BE GUID: 23fe7edb77e6acee989bf1757f516554
15:23:28 Player RockstarGaming connected (id=76561198250040454).
15:23:28 BattlEye Server: Verified GUID (23fe7edb77e6acee989bf1757f516554) of player #2 RockstarGaming
15:25:19 BattlEye Server: (Side) High Alert Highlander : pls use the  group channelto talk dont use the side one 
15:25:29 BattlEye Server: (Group) RockstarGaming: lethal why can ti hear u
15:40:26 BattlEye Server: (Side) Lethal: hay, highlander can you take out these viehiclas at the large money mission plzzzz?
15:41:20 BattlEye Server: (Side) RockstarGaming: nevermind we got it
16:01:31 Mason uses modified data file
16:01:31 BattlEye Server: Player #3 Mason (71.81.137.47:2309) connected
16:01:31 Player Mason connecting.
16:01:33 BattlEye Server: Player #3 Mason - BE GUID: 955d09b6e1dde9360ceebc2963df084d
16:01:33 Player Mason connected (id=76561198026943270).
16:01:33 BattlEye Server: Verified GUID (955d09b6e1dde9360ceebc2963df084d) of player #3 Mason
16:01:43 BattlEye Server: (Global) High Alert Highlander : i wont hunt you guys but if i see you i will kill you 
16:02:04 BattlEye Server: (Global) RockstarGaming: we just wanted to be on your team
16:02:29 BattlEye Server: (Global) RockstarGaming: becuse we cant do missions
16:02:33 BattlEye Server: (Global) High Alert Highlander : we need variety oin the server  or noone will join in 
16:02:54 BattlEye Server: (Global) High Alert Highlander : do them i wont be afteru
16:03:06 BattlEye Server: (Global) RockstarGaming: but your gonna come once we do the mission
16:03:12 BattlEye Server: (Global) High Alert Highlander : no
16:03:39 BattlEye Server: (Global) RockstarGaming: k
16:03:40 BattlEye Server: (Global) High Alert Highlander : as long you dont come to themission that im doing i wont  be after you 
16:04:31 BattlEye Server: (Global) RockstarGaming: well were focusing military patrol and altis patrol because we need to earn money
16:04:47 BattlEye Server: (Global) High Alert Highlander : sowe willmeed there 
16:04:55 BattlEye Server: (Global) High Alert Highlander : i need themoney also
16:05:33 BattlEye Server: (Global) RockstarGaming: wanna do a thing where  u and mason get military patrol and we get altis patrol or other way around?
16:05:38 BattlEye Server: (Global) RockstarGaming: so we can rack up money
16:05:46 BattlEye Server: (Global) RockstarGaming: and we can maybe fight later
16:05:53 BattlEye Server: (Global) High Alert Highlander : rocku have money 
16:06:07 BattlEye Server: (Global) High Alert Highlander : uhave 150konyou 
16:06:15 BattlEye Server: (Side) High Alert Highlander : and 
16:06:15 BattlEye Server: (Global) RockstarGaming: yeah but when you buy an attack helicopter for 500 k
16:06:19 BattlEye Server: (Global) High Alert Highlander : and 
16:06:29 BattlEye Server: (Global) RockstarGaming: it goes down crazy fast
16:06:37 BattlEye Server: (Global) High Alert Highlander : 1343865
16:06:50 BattlEye Server: (Global) High Alert Highlander : onyour account so stop crying 
16:07:20 BattlEye Server: (Global) RockstarGaming: I WAS JUST ASKING
16:07:22 BattlEye Server: (Global) RockstarGaming: sry caps
16:07:39 BattlEye Server: (Global) RockstarGaming: sorry
16:07:40 BattlEye Server: (Global) High Alert Highlander : your fring does need themoney  he has 26konhim
16:07:51 BattlEye Server: (Global) RockstarGaming: yeah
16:07:56 BattlEye Server: (Global) High Alert Highlander : u dont see him biching about money 
16:08:28 BattlEye Server: (Global) RockstarGaming: well maybe im just tired of being hunted
16:08:37 BattlEye Server: (Global) High Alert Highlander : so play normally 
16:08:41 BattlEye Server: (Global) High Alert Highlander : everyone needmoney 
16:09:01 BattlEye Server: (Global) High Alert Highlander : somaybe you should start looking another server my friend 
16:09:13 BattlEye Server: (Global) RockstarGaming: no
16:09:27 BattlEye Server: (Global) High Alert Highlander : -so stop it 
16:10:43 BattlEye Server: (Global) RockstarGaming: why does it say i have negative 1 kills when ive killed you once before
16:11:12 BattlEye Server: (Global) High Alert Highlander : you u kill memeber of your own team that will give uou deducction of kills
16:11:22 BattlEye Server: (Global) RockstarGaming: wow
16:11:40 BattlEye Server: (Global) RockstarGaming: so when we get shot down by you and my friend is in the heli
16:11:46 BattlEye Server: (Global) RockstarGaming: it says i teamkiled him
16:11:51 BattlEye Server: (Global) RockstarGaming: -_-
16:12:01 BattlEye Server: (Global) High Alert Highlander : because u r flying aspilot 
16:12:11 BattlEye Server: (Global) RockstarGaming: hmm
16:12:46 BattlEye Server: (Global) High Alert Highlander : ifu r the pilot and youy crash theheli  with 5 freinlyplayers
16:12:58 BattlEye Server: (Global) High Alert Highlander : that will gibve u aminus 5 kills
16:14:04 BattlEye Server: (Group) High Alert Highlander : masondouhave aride
16:15:38 BattlEye Server: (Group) Mason: can i get a ride?
16:15:56 BattlEye Server: (Group) High Alert Highlander : -stay there
16:16:07 Ironside uses modified data file
16:16:07 BattlEye Server: Player #4 Ironside (24.118.118.85:2304) connected
16:16:07 Player Ironside connecting.
16:16:10 BattlEye Server: Player #4 Ironside - BE GUID: 8a2cf5db8b52210b8d418782d4ba31a9
16:16:10 Player Ironside connected (id=76561198159407384).
16:16:10 BattlEye Server: Verified GUID (8a2cf5db8b52210b8d418782d4ba31a9) of player #4 Ironside
16:20:07 BattlEye Server: (Group) Mason: whats up
16:20:25 BattlEye Server: (Group) High Alert Highlander : ALL good 
16:20:26 BattlEye Server: (Global) Ironside: hello guys
16:20:39 BattlEye Server: (Group) High Alert Highlander : tiredof that kid biching foreverything 
16:20:49 BattlEye Server: (Group) Mason: isnt ironside friends with rock?
16:20:54 BattlEye Server: (Global) High Alert Highlander : hi iron }
16:21:05 BattlEye Server: (Global) Mason: hey
16:21:14 BattlEye Server: (Group) High Alert Highlander : i guess Dk 
16:21:24 BattlEye Server: (Group) High Alert Highlander : just a sec
16:22:32 BattlEye Server: (Group) High Alert Highlander : okback
16:22:45 BattlEye Server: (Group) Mason: ok
16:23:12 BattlEye Server: (Group) Mason: ok, so whats the plan
16:23:15 BattlEye Server: (Group) High Alert Highlander : imrequesting a ride
16:23:29 BattlEye Server: (Group) High Alert Highlander : do missions normal
16:23:37 BattlEye Server: (Group) High Alert Highlander : if we see them i kill themn
16:23:43 BattlEye Server: (Group) High Alert Highlander : but i wont hunt them
16:24:04 BattlEye Server: (Group) Mason: ok, sounds good
16:24:32 BattlEye Server: (Group) Mason: well hopefully some will start popping on the map
16:24:50 BattlEye Server: (Group) High Alert Highlander : dont use that vest is not thermal 
16:24:54 BattlEye Server: (Group) High Alert Highlander : use this 
16:25:11 BattlEye Server: (Group) High Alert Highlander : yes that is the qaud 
16:26:59 BattlEye Server: (Group) High Alert Highlander : lol
16:27:51 BattlEye Server: (Group) High Alert Highlander : lets dothe large money 
16:28:06 BattlEye Server: (Group) High Alert Highlander : ihave the heli
16:28:22 BattlEye Server: (Group) High Alert Highlander : you just need tojump  
16:29:15 BattlEye Server: (Group) High Alert Highlander : ubee onthe ground
16:29:27 BattlEye Server: (Group) High Alert Highlander : i willdropyou on castle
16:30:05 BattlEye Server: (Group) High Alert Highlander : just pleaseleave mythe gun strait 
16:31:57 BattlEye Server: (Group) High Alert Highlander : LARGE MONEY IRON
16:32:23 BattlEye Server: (Group) Ironside: k
16:32:34 BattlEye Server: (Group) High Alert Highlander : JUMP
16:32:38 BattlEye Server: (Group) High Alert Highlander : SORRY CAPS
16:33:04 BattlEye Server: (Group) High Alert Highlander : u kickme
16:36:03 BattlEye Server: (Group) High Alert Highlander : be there 
16:38:59 BattlEye Server: (Group) High Alert Highlander : be carefull withthelethal guy he kill on sight 
16:39:32 BattlEye Server: (Group) Mason: rgr
16:45:07 flow uses modified data file
16:45:07 BattlEye Server: Player #5 flow (98.223.9.47:2304) connected
16:45:07 Player flow connecting.
16:45:09 BattlEye Server: Player #5 flow - BE GUID: 2f1988ec1f268e92b390c1d7d06902a9
16:45:10 Player flow connected (id=76561198397747497).
16:45:10 BattlEye Server: Verified GUID (2f1988ec1f268e92b390c1d7d06902a9) of player #5 flow
16:51:22 BattlEye Server: (Global) RockstarGaming: teamkill?
16:51:23 BattlEye Server: (Group) High Alert Highlander : wtf
16:51:28 BattlEye Server: (Global) RockstarGaming: it said teamkill
16:51:34 BattlEye Server: (Group) Ironside: SORRY
16:51:42 BattlEye Server: (Global) RockstarGaming: or is that because ur both on independant
16:51:49 BattlEye Server: (Group) High Alert Highlander : why u shoot medown
16:51:52 BattlEye Server: (Global) Ironside: sorry
16:52:12 BattlEye Server: (Group) Ironside: YOUR NOT SHOWING UP IN THE GROUP FOR ME
16:52:15 BattlEye Server: (Group) Ironside: CAPS
16:52:15 BattlEye Server: (Group) Mason: it did not show as u
16:52:35 BattlEye Server: (Group) Ironside: sorry
16:52:42 BattlEye Server: (Group) Mason: we even looked for u
16:53:33 BattlEye Server: (Group) Ironside: i can buyyou another
16:55:03 BattlEye Server: (Group) Mason: high, can u see this msg?
16:56:21 BattlEye Server: (Global) Ironside: highlander 
16:56:22 BattlEye Server: (Group) High Alert Highlander : mason  check the satcom
16:56:28 BattlEye Server: (Group) High Alert Highlander : this position
16:56:36 BattlEye Server: (Global) Ironside: neverminde
16:56:48 BattlEye Server: (Group) Mason: no satcom
16:57:58 BattlEye Server: (Group) High Alert Highlander : u guys have company when i went down i saw them
16:58:42 BattlEye Server: (Group) High Alert Highlander : mark on the map
17:00:50 Dark Knight uses modified data file
17:00:50 BattlEye Server: Player #6 Dark Knight (180.181.70.236:2304) connected
17:00:50 Player Dark Knight connecting.
17:00:59 BattlEye Server: Player #6 Dark Knight - BE GUID: c7a49af03d21e2d4d266cff244b5ed5d
17:00:59 Player Dark Knight connected (id=76561198308367160).
17:00:59 BattlEye Server: Verified GUID (c7a49af03d21e2d4d266cff244b5ed5d) of player #6 Dark Knight
17:01:41 BattlEye Server: (Group) High Alert Highlander : bro be carefullwhereu shoot 
17:02:39 BattlEye Server: (Group) High Alert Highlander : i toollu
17:02:43 BattlEye Server: (Group) Mason: hit the tank now, 
17:02:49 BattlEye Server: (Group) Mason: he's on my body
17:02:58 BattlEye Server: (Group) Mason: right on the tank
17:08:53 Player Ironside disconnected.
17:08:53 BattlEye Server: Player #4 Ironside disconnected
17:11:38 Joey uses modified data file
17:11:38 BattlEye Server: Player #7 Joey (71.31.194.207:2304) connected
17:11:38 Player Joey connecting.
17:11:41 BattlEye Server: Player #7 Joey - BE GUID: fee422b64137e602f6032f49f8784870
17:11:41 Player Joey connected (id=76561198419615394).
17:11:41 BattlEye Server: Verified GUID (fee422b64137e602f6032f49f8784870) of player #7 Joey
17:12:18 SharpShooter uses modified data file
17:12:18 BattlEye Server: Player #8 SharpShooter (74.221.5.107:2309) connected
17:12:18 Player SharpShooter connecting.
17:12:21 BattlEye Server: Player #8 SharpShooter - BE GUID: df4d1c28e4621765c95f857511db6432
17:12:21 Player SharpShooter connected (id=76561198271883587).
17:12:21 BattlEye Server: Verified GUID (df4d1c28e4621765c95f857511db6432) of player #8 SharpShooter
17:12:35 BattlEye Server: (Global) RockstarGaming: gg
17:12:35 Player flow disconnected.
17:12:35 BattlEye Server: Player #5 flow disconnected
17:12:56 BattlEye Server: (Global) RockstarGaming: even though its not gonna be over after that
17:13:27 BattlEye Server: (Global) High Alert Highlander : now i willhunt 
17:13:48 BattlEye Server: (Global) High Alert Highlander : see if you ra nice guy that is what happens 
17:13:50 BattlEye Server: (Global) High Alert Highlander : nomore
17:14:03 BattlEye Server: (Global) RockstarGaming: what do you mean if your a nice guy
17:15:08 Player Joey disconnected.
17:15:08 BattlEye Server: Player #7 Joey disconnected
17:16:21 BattlEye Server: (Group) High Alert Highlander : you have company 
17:16:29 BattlEye Server: (Group) High Alert Highlander : closeto your right 
17:16:39 BattlEye Server: (Group) High Alert Highlander : yes 
17:16:43 BattlEye Server: (Group) High Alert Highlander : that way 
17:16:47 BattlEye Server: (Group) High Alert Highlander : front 
17:16:52 BattlEye Server: (Group) High Alert Highlander : a car 
17:25:21 Player Dark Knight disconnected.
17:25:21 BattlEye Server: Player #6 Dark Knight disconnected
17:27:25 BattlEye Server: (Group) Lethal: I HERE U
17:27:42 BattlEye Server: (Group) Lethal: TURN IT OFF THEN ON AGINE
17:28:00 BattlEye Server: (Group) Lethal: UR MIC
17:28:10 BattlEye Server: (Group) Lethal: OR HEAD SET
17:37:17 BattlEye Server: (Global) Lethal: WTF2 fps
17:37:39 BattlEye Server: (Global) Lethal: i get no fps
17:39:12 BattlEye Server: (Global) RockstarGaming: hey highlander
17:39:40 BattlEye Server: (Global) Lethal: something is wrong im getting bad lag
17:39:44 BattlEye Server: (Global) RockstarGaming: lethal is getting like 5 frames per second
17:39:54 BattlEye Server: (Global) RockstarGaming: its been like this since the restart
17:39:57 BattlEye Server: (Global) Lethal: 12
17:39:57 BattlEye Server: (Global) RockstarGaming: and a little bit after
17:40:10 BattlEye Server: (Global) High Alert Highlander : DK
17:40:10 BattlEye Server: (Global) RockstarGaming: any ideas why?
17:40:17 BattlEye Server: (Global) RockstarGaming: oh
17:40:27 BattlEye Server: (Global) RockstarGaming: the explosions
17:40:28 BattlEye Server: (Global) RockstarGaming: rip
17:43:15 BattlEye Server: (Global) RockstarGaming: WHERE GONNA LOG OFF
17:43:21 BattlEye Server: (Global) RockstarGaming: sry caps
17:43:33 BattlEye Server: (Global) Lethal: ill see ya later im going to let me pc cool down
17:43:34 BattlEye Server: (Global) RockstarGaming: i need to eat somthing and hes gonna let his computer cool down
17:43:42 BattlEye Server: (Global) RockstarGaming: bye highlander
17:45:26 BattlEye Server: (Global) RockstarGaming: Bye
17:45:28 Player Lethal disconnected.
17:45:28 BattlEye Server: Player #1 Lethal disconnected
17:45:35 Player RockstarGaming disconnected.
17:45:35 BattlEye Server: Player #2 RockstarGaming disconnected
17:47:32 BattlEye Server: (Global) High Alert Highlander : mason r u leaving 
17:47:42 BattlEye Server: (Global) Mason: no
17:49:15 BattlEye Server: (Global) High Alert Highlander : okimin
17:49:28 BattlEye Server: (Global) High Alert Highlander : imin discord 
17:49:47 BattlEye Server: (Global) High Alert Highlander : mason 
17:49:57 BattlEye Server: (Global) High Alert Highlander : imin discord
17:51:01 BattlEye Server: (Global) High Alert Highlander : wierd
17:52:01 BattlEye Server: (Global) High Alert Highlander : ill be back guys need tro restart the comp
17:52:19 Player High Alert Highlander  disconnected.
17:52:19 BattlEye Server: Player #0 High Alert Highlander  disconnected
17:52:19 Admin logged out, player: High Alert Highlander , playerUID: 76561198065774594, IP: 192.168.0.10:2309.
18:14:38 flow uses modified data file
18:14:38 BattlEye Server: Player #9 flow (98.223.9.47:2304) connected
18:14:38 Player flow connecting.
18:14:40 BattlEye Server: Player #9 flow - BE GUID: 2f1988ec1f268e92b390c1d7d06902a9
18:14:41 Player flow connected (id=76561198397747497).
18:14:41 BattlEye Server: Verified GUID (2f1988ec1f268e92b390c1d7d06902a9) of player #9 flow
18:14:44 Odhaving uses modified data file
18:14:44 BattlEye Server: Player #10 Odhaving (208.107.215.51:2304) connected
18:14:44 Player Odhaving connecting.
18:14:46 BattlEye Server: Player #10 Odhaving - BE GUID: 3dd45ae2aae999a097eb909cbc8278fa
18:15:06 Player Odhaving connected (id=76561198281946559).
18:15:06 BattlEye Server: Verified GUID (3dd45ae2aae999a097eb909cbc8278fa) of player #10 Odhaving
18:15:20 Ironside uses modified data file
18:15:20 BattlEye Server: Player #11 Ironside (24.118.118.85:2304) connected
18:15:21 Player Ironside connecting.
18:15:22 BattlEye Server: Player #11 Ironside - BE GUID: 8a2cf5db8b52210b8d418782d4ba31a9
18:15:23 Player Ironside connected (id=76561198159407384).
18:15:23 BattlEye Server: Verified GUID (8a2cf5db8b52210b8d418782d4ba31a9) of player #11 Ironside
18:23:45 BattlEye Server: (Group) Mason: i didn't got shot down
18:23:53 Player SharpShooter is losing connection
18:44:37 Lethal uses modified data file
18:44:37 BattlEye Server: Player #12 Lethal (68.97.49.224:2304) connected
18:44:37 Player Lethal connecting.
18:44:39 BattlEye Server: Player #12 Lethal - BE GUID: d1937ccf880f20a7ed87c600da0e3040
18:44:52 Player Lethal connected (id=76561198142876019).
18:44:52 BattlEye Server: Verified GUID (d1937ccf880f20a7ed87c600da0e3040) of player #12 Lethal
18:45:46 RockstarGaming uses modified data file
18:45:46 BattlEye Server: Player #13 RockstarGaming (107.204.216.18:2304) connected
18:45:47 Player RockstarGaming connecting.
18:45:49 BattlEye Server: Player #13 RockstarGaming - BE GUID: 23fe7edb77e6acee989bf1757f516554
18:45:49 Player RockstarGaming connected (id=76561198250040454).
18:45:49 BattlEye Server: Verified GUID (23fe7edb77e6acee989bf1757f516554) of player #13 RockstarGaming
18:47:18 deell uses modified data file
18:47:18 BattlEye Server: Player #14 deell (68.201.120.34:2314) connected
18:47:18 Player deell connecting.
18:47:21 BattlEye Server: Player #14 deell - BE GUID: 05ece7d14c4f0f20df4b9691a1a35258
18:47:21 Player deell connected (id=76561198023774986).
18:47:21 BattlEye Server: Verified GUID (05ece7d14c4f0f20df4b9691a1a35258) of player #14 deell
18:47:22 Player deell disconnected.
18:47:22 BattlEye Server: Player #14 deell disconnected
18:52:27 High Alert Highlander  uses modified data file
18:52:27 BattlEye Server: Player #14 High Alert Highlander  (190.171.107.0:62725) connected
18:52:28 Player High Alert Highlander  connecting.
18:52:32 BattlEye Server: Player #14 High Alert Highlander  - BE GUID: a01f35e030c4464ff5b5e9c18ddf0195
18:52:35 Player High Alert Highlander  connected (id=76561198065774594).
18:52:35 BattlEye Server: Verified GUID (a01f35e030c4464ff5b5e9c18ddf0195) of player #14 High Alert Highlander 
18:54:25 Admin logged in, player: High Alert Highlander , playerUID: 76561198065774594, IP: 192.168.0.10:2309.
18:56:25 BattlEye Server: (Global) High Alert Highlander : hi everyone 
18:56:31 BattlEye Server: (Global) High Alert Highlander : masonimin discords
18:56:55 BattlEye Server: (Global) RockstarGaming: Hi dude
18:57:06 Player flow disconnected.
18:57:06 BattlEye Server: Player #9 flow disconnected
18:57:13 flow uses modified data file
18:57:13 BattlEye Server: Player #15 flow (98.223.9.47:2304) connected
18:57:13 Player flow connecting.
18:57:15 BattlEye Server: Player #15 flow - BE GUID: 2f1988ec1f268e92b390c1d7d06902a9
18:57:16 Player flow connected (id=76561198397747497).
18:57:16 BattlEye Server: Verified GUID (2f1988ec1f268e92b390c1d7d06902a9) of player #15 flow
19:02:22 BattlEye Server: (Global) High Alert Highlander : yea}
19:07:28 BattlEye Server: (Global) RockstarGaming: How do you know
19:10:59 BattlEye Server: (Global) RockstarGaming: we cant destroy your seawiz?
19:13:00 BattlEye Server: (Side) High Alert Highlander : checkdiscord
19:13:13 BattlEye Server: (Group) Lethal: OK IM DOING IT
19:13:25 BattlEye Server: (Side) RockstarGaming: ?
19:13:26 BattlEye Server: (Group) Lethal: 30%
19:13:44 BattlEye Server: (Group) Lethal: 75
19:14:24 Player Ironside disconnected.
19:14:24 BattlEye Server: Player #11 Ironside disconnected
19:15:58 BattlEye Server: (Side) High Alert Highlander : yes
19:16:21 BattlEye Server: (Group) Lethal: /im oquiering ounership
19:16:45 BattlEye Server: (Group) Lethal: o let me put a spawn point
19:17:36 BattlEye Server: (Group) Lethal: OK PUTING IT
19:19:27 BattlEye Server: (Side) High Alert Highlander : how the fuck yu got in here
19:19:37 BattlEye Server: (Global) Odhaving: .
19:19:46 BattlEye Server: (Side) High Alert Highlander : that is block abnd close
19:19:55 BattlEye Server: (Side) RockstarGaming: MODS
19:19:58 BattlEye Server: (Side) RockstarGaming: sry caps
19:20:50 BattlEye Server: (Group) RockstarGaming: NO
19:20:54 BattlEye Server: (Side) High Alert Highlander : tbhat is block 
19:21:00 BattlEye Server: (Side) High Alert Highlander : how did u het in gere
19:21:23 BattlEye Server: (Side) High Alert Highlander : ifu dont answer i will kick you 
19:21:32 BattlEye Server: (Side) RockstarGaming: ITS A MOD
19:21:38 BattlEye Server: (Side) RockstarGaming: sry caps
19:21:44 BattlEye Server: (Side) RockstarGaming: enhannced movment
19:21:47 BattlEye Server: (Global) flow: IM fucking soo mad that we just got fucked by three to two different people
19:21:55 BattlEye Server: (Side) High Alert Highlander : you never read the server rukles 
19:22:01 BattlEye Server: (Side) RockstarGaming: ?
19:22:06 BattlEye Server: (Side) RockstarGaming: let me read them
19:22:11 BattlEye Server: (Side) RockstarGaming: again
19:22:13 BattlEye Server: (Side) High Alert Highlander : you cannot use that in bases 
19:22:31 BattlEye Server: (Side) RockstarGaming: it says
19:22:38 BattlEye Server: (Side) RockstarGaming: server rules at the bottom of the list
19:22:39 BattlEye Server: (Side) High Alert Highlander : enhance movement if for openworld 
19:22:51 BattlEye Server: (Side) High Alert Highlander : Jesus cristh read the freal=king rukles
19:23:07 BattlEye Server: (Side) RockstarGaming: dude
19:23:10 BattlEye Server: (Side) RockstarGaming: the server rules
19:23:21 BattlEye Server: (Side) RockstarGaming: hacking or cheating will get you banned
19:23:30 BattlEye Server: (Side) RockstarGaming: support your team and is objectives
19:23:41 BattlEye Server: (Side) RockstarGaming: no intenntional teamkilling
19:23:47 BattlEye Server: (Side) RockstarGaming: respect other players
19:23:53 BattlEye Server: (Side) High Alert Highlander : sorry but what i have to do 
19:23:53 BattlEye Server: (Side) RockstarGaming: repsect administrators
19:23:59 BattlEye Server: (Side) RockstarGaming: so
19:24:11 Player Lethal disconnected.
19:24:11 BattlEye Server: Player #12 Lethal disconnected
19:24:13 BattlEye Server: (Side) RockstarGaming: ere leaving your base
19:24:14 Player RockstarGaming disconnected.
19:24:14 BattlEye Server: Player #13 RockstarGaming disconnected
19:25:32 BattlEye Server: (Global) flow: So i got a quick question here what was the point in that mason? the fuck did you guys go there and for what? 
19:25:52 BattlEye Server: (Global) Odhaving: ANGER
19:26:06 BattlEye Server: (Global) Mason: at the vs?
19:26:10 BattlEye Server: (Global) flow: yes
19:26:14 BattlEye Server: (Global) flow: at the vs
19:26:20 BattlEye Server: (Global) Mason: i thought you were coming after us?
19:26:24 BattlEye Server: (Global) flow: NO
19:26:28 BattlEye Server: (Global) flow: we fucking got scared
19:26:28 BattlEye Server: (Global) Odhaving: WE WERE THERE
19:26:42 BattlEye Server: (Global) flow: as soon as you guys fucking decided to hop out and shoot me 
19:26:43 BattlEye Server: (Global) Mason: shit my bad, seriosuly, i thought you were on us
19:26:47 BattlEye Server: (Global) flow: i was on the atv
19:26:54 BattlEye Server: (Global) flow: Nope
19:27:01 BattlEye Server: (Global) Mason: i'm in the hummer, always was
19:27:07 BattlEye Server: (Global) flow: yea i know
19:27:11 BattlEye Server: (Global) flow: I saw your group
19:27:27 BattlEye Server: (Global) Mason: ok, i admit that was fucked up then, my apologies, to us that was all defense
19:28:07 BattlEye Server: (Global) flow: yea its fine
19:28:36 BattlEye Server: (Global) Mason: no it isn't but it was not  purpose
19:28:52 ALFZ1.Rakien uses modified data file
19:28:52 BattlEye Server: Player #16 ALFZ1.Rakien (187.188.36.30:2304) connected
19:28:52 Player ALFZ1.Rakien connecting.
19:28:54 BattlEye Server: Player #16 ALFZ1.Rakien - BE GUID: de4756cf7ec7fc6a0381c7fac4121dee
19:29:26 Player ALFZ1.Rakien connected (id=76561198027341827).
19:29:26 BattlEye Server: Verified GUID (de4756cf7ec7fc6a0381c7fac4121dee) of player #16 ALFZ1.Rakien
19:30:55 Ironside uses modified data file
19:30:55 BattlEye Server: Player #17 Ironside (24.118.118.85:2304) connected
19:30:55 Player Ironside connecting.
19:30:57 BattlEye Server: Player #17 Ironside - BE GUID: 8a2cf5db8b52210b8d418782d4ba31a9
19:30:57 Player Ironside connected (id=76561198159407384).
19:30:57 BattlEye Server: Verified GUID (8a2cf5db8b52210b8d418782d4ba31a9) of player #17 Ironside
19:35:36 Player SharpShooter disconnected.
19:35:36 BattlEye Server: Player #8 SharpShooter disconnected
19:35:50 Player ALFZ1.Rakien disconnected.
19:35:50 BattlEye Server: Player #16 ALFZ1.Rakien disconnected
19:44:33 BattlEye Server: (Side) High Alert Highlander : good night people
19:44:43 BattlEye Server: (Side) Ironside: by
19:44:53 BattlEye Server: (Side) Mason: later
19:46:09 Player High Alert Highlander  disconnected.
19:46:09 BattlEye Server: Player #14 High Alert Highlander  disconnected
19:46:09 Admin logged out, player: High Alert Highlander , playerUID: 76561198065774594, IP: 192.168.0.10:2309.
19:46:42 Player Mason disconnected.
19:46:42 BattlEye Server: Player #3 Mason disconnected
19:53:22 Player flow disconnected.
19:53:22 BattlEye S