 9:01:38 BattlEye Server: Initialized (v1.217)
 9:01:38 Host identity created.
 9:01:38 Game Port: 2307, Steam Query Port: 2308
 9:01:38 Mission A3Wasteland Altis v1.4c read from bank.
 9:01:40 Roles assigned.
 9:01:40 Reading mission ...
 9:02:13 Mission read.
 9:02:13 Game started.
13:49:26 High Alert Highlander  uses modified data file
13:49:26 BattlEye Server: Player #0 High Alert Highlander  (190.171.107.98:62720) connected
13:49:26 Player High Alert Highlander  connecting.
13:49:26 BattlEye Server: Connected to BE Master
13:49:28 BattlEye Server: Player #0 High Alert Highlander  - BE GUID: a01f35e030c4464ff5b5e9c18ddf0195
13:49:31 Player High Alert Highlander  connected (id=76561198065774594).
13:49:31 BattlEye Server: Verified GUID (a01f35e030c4464ff5b5e9c18ddf0195) of player #0 High Alert Highlander 
13:56:44 Admin logged in, player: High Alert Highlander , playerUID: 76561198065774594, IP: 192.168.0.10:2304.
14:02:21 Mason uses modified data file
14:02:21 BattlEye Server: Player #1 Mason (71.81.137.47:2309) connected
14:02:21 Player Mason connecting.
14:02:23 BattlEye Server: Player #1 Mason - BE GUID: 955d09b6e1dde9360ceebc2963df084d
14:02:24 Player Mason connected (id=76561198026943270).
14:02:24 BattlEye Server: Verified GUID (955d09b6e1dde9360ceebc2963df084d) of player #1 Mason
14:04:50 BattlEye Server: (Group) Mason: where r u
14:05:04 BattlEye Server: (Group) High Alert Highlander : in the map is marki the new base that i have 
14:05:08 BattlEye Server: (Group) High Alert Highlander : come here
14:05:31 BattlEye Server: (Group) Mason: k
14:06:27 BattlEye Server: (Group) High Alert Highlander : can u bring an empty crate pls
14:07:11 BattlEye Server: (Group) Mason: how small? vehicle or weapon crate?
14:07:19 BattlEye Server: (Group) High Alert Highlander : vehicul
14:07:50 BattlEye Server: (Group) Mason: sure thing
14:12:08 BattlEye Server: (Group) Mason: dman
14:12:13 BattlEye Server: (Group) Mason: wires
14:12:38 BattlEye Server: (Group) Mason: and again i dont see my body or know where, shit
14:12:55 BattlEye Server: (Group) High Alert Highlander : no sarg took that off 
14:13:09 BattlEye Server: (Group) Mason: i know i'm so pissed about that
14:13:45 BattlEye Server: (Group) Mason: i've almost walked away because of that
14:16:56 BattlEye Server: (Group) High Alert Highlander : ok
14:24:18 BattlEye Server: (Group) High Alert Highlander : dude i found the new snioper riple one shoot one kill 
14:24:27 BattlEye Server: (Group) High Alert Highlander : its call T-5000
14:24:40 BattlEye Server: (Group) High Alert Highlander : great acurasy 
14:24:50 BattlEye Server: (Group) High Alert Highlander : -medium rcoil
14:25:16 BattlEye Server: (Group) High Alert Highlander : clipsof 5bullets but they are very small sapce taken 
14:26:44 BattlEye Server: (Group) High Alert Highlander : what 
14:27:12 BattlEye Server: (Group) High Alert Highlander : yes
14:27:45 BattlEye Server: (Group) High Alert Highlander : yes
14:28:57 BattlEye Server: (Group) High Alert Highlander : i see ur point
14:29:31 BattlEye Server: (Group) High Alert Highlander : the problem
14:29:35 BattlEye Server: (Group) High Alert Highlander : is 
14:29:52 BattlEye Server: (Group) High Alert Highlander : that if u dont see other players u cant see your self also 
14:29:59 BattlEye Server: (Group) High Alert Highlander : that is something that 
14:30:06 BattlEye Server: (Group) High Alert Highlander : we try to correct 
14:30:21 BattlEye Server: (Group) High Alert Highlander : but the wasteland file dont allow that 
14:31:08 BattlEye Server: (Group) High Alert Highlander : yes
14:32:00 BattlEye Server: (Group) High Alert Highlander : yes 
14:32:14 BattlEye Server: (Group) High Alert Highlander : normally 
14:32:29 BattlEye Server: (Group) High Alert Highlander : unlessi know where i was and then i go 
14:32:49 BattlEye Server: (Group) High Alert Highlander : but if imdont  i get piss also 
14:32:58 BattlEye Server: (Group) High Alert Highlander : but i dont waste the time 
14:37:21 BattlEye Server: (Group) High Alert Highlander : what was the wea