 9:01:36 BattlEye Server: Initialized (v1.217)
 9:01:36 Host identity created.
 9:01:36 Game Port: 2307, Steam Query Port: 2308
 9:01:36 Mission A3Wasteland Altis v1.4c read from bank.
 9:01:38 Roles assigned.
 9:01:38 Reading mission ...
 9:02:10 Mission read.
 9:02:10 Game started.
 9:15:38 Mason uses modified data file
 9:15:38 BattlEye Server: Player #0 Mason (71.81.137.47:2309) connected
 9:15:38 Player Mason connecting.
 9:15:38 BattlEye Server: Connected to BE Master
 9:15:40 BattlEye Server: Player #0 Mason - BE GUID: 955d09b6e1dde9360ceebc2963df084d
 9:15:40 Player Mason connected (id=76561198026943270).
 9:15:40 BattlEye Server: Verified GUID (955d09b6e1dde9360ceebc2963df084d) of player #0 Mason
 9:18:56 High Alert Highlander  uses modified data file
 9:18:56 BattlEye Server: Player #1 High Alert Highlander  (190.171.107.0:62725) connected
 9:18:56 Player High Alert Highlander  connecting.
 9:19:00 BattlEye Server: Player #1 High Alert Highlander  - BE GUID: a01f35e030c4464ff5b5e9c18ddf0195
 9:19:03 Player High Alert Highlander  connected (id=76561198065774594).
 9:19:03 BattlEye Server: Verified GUID (a01f35e030c4464ff5b5e9c18ddf0195) of player #1 High Alert Highlander 
 9:21:31 RockstarGaming uses modified data file
 9:21:31 BattlEye Server: Player #2 RockstarGaming (107.204.216.18:2304) connected
 9:21:31 Player RockstarGaming connecting.
 9:21:33 BattlEye Server: Player #2 RockstarGaming - BE GUID: 23fe7edb77e6acee989bf1757f516554
 9:21:33 Player RockstarGaming connected (id=76561198250040454).
 9:21:33 BattlEye Server: Verified GUID (23fe7edb77e6acee989bf1757f516554) of player #2 RockstarGaming
 9:23:55 BattlEye Server: (Global) RockstarGaming: Hey guys
 9:24:46 BattlEye Server: (Global) RockstarGaming: Mason?
 9:26:06 BattlEye Server: (Global) Mason: hey rock
 9:26:09 BattlEye Server: (Global) RockstarGaming: Hi
 9:26:23 BattlEye Server: (Global) RockstarGaming: why did highlander leave?
 9:26:29 BattlEye Server: (Global) Mason: dont know
 9:26:39 BattlEye Server: (Global) RockstarGaming: oh
 9:26:46 BattlEye Server: (Global) Mason: he didnt say
 9:27:05 BattlEye Server: (Global) RockstarGaming: rip
 9:27:32 BattlEye Server: (Global) RockstarGaming: if i switch over to independent
 9:27:53 BattlEye Server: (Global) RockstarGaming: can we get an attack helicopter and do an altis patrol mission or somthing?
 9:27:56 Lethal uses modified data file
 9:27:56 BattlEye Server: Player #3 Lethal (68.97.49.224:2304) connected
 9:27:56 Player Lethal connecting.
 9:27:58 BattlEye Server: Player #3 Lethal - BE GUID: d1937ccf880f20a7ed87c600da0e3040
 9:28:13 Player Lethal connected (id=76561198142876019).
 9:28:13 BattlEye Server: Verified GUID (d1937ccf880f20a7ed87c600da0e3040) of player #3 Lethal
 9:28:14 BattlEye Server: (Global) Mason: im not on much longer
 9:28:17 BattlEye Server: (Global) RockstarGaming: oh
 9:28:21 BattlEye Server: (Global) RockstarGaming: never mind
 9:28:39 BattlEye Server: (Global) Mason: yeah sorry, np other than that
 9:28:46 Player High Alert Highlander  disconnected.
 9:28:46 BattlEye Server: Player #1 High Alert Highlander  disconnected
 9:28:54 BattlEye Server: (Global) Mason: u around later?
 9:28:58 BattlEye Server: (Global) RockstarGaming: uh
 9:29:00 BattlEye Server: (Global) RockstarGaming: maybe'
 9:29:09 BattlEye Server: (Global) RockstarGaming: i might be on the server with my friend
 9:29:16 BattlEye Server: (Global) Mason: will try then
 9:29:28 BattlEye Server: (Global) RockstarGaming: so if you see me and sea stallion pilot
 9:29:31 BattlEye Server: (Global) RockstarGaming: thats my fren
 9:29:37 High Alert Highlander  uses modified data file
 9:29:37 BattlEye Server: Player #4 High Alert Highlander  (190.171.107.0:62725) connected
 9:29:38 Player High Alert Highlander  connecting.
 9:29:40 BattlEye Server: Player #4 High Alert Highlander  - BE GUID: a01f35e030c4464ff5b5e9c18ddf0195
 9:29:42 Player High Alert Highlander  connected (id=76561198065774594).
 9:29:42 BattlEye Server: Verified GUID (a01f35e030c4464ff5b5e9c18ddf0195) of player #4 High Alert Highlander 
 9:31:54 BattlEye Server: (Global) RockstarGaming: there is so many missions on the map
 9:32:29 Admin logged in, player: High Alert Highlander , playerUID: 76561198065774594, IP: 192.168.0.10:2309.
 9:32:40 BattlEye Server: (Global) High Alert Highlander : goodmorning everyone 
 9:32:46 BattlEye Server: (Global) RockstarGaming: goodmornin
 9:32:46 BattlEye Server: (Global) Mason: hey
 9:32:59 BattlEye Server: (Global) Lethal: goodmorning'
 9:33:00 BattlEye Server: (Global) RockstarGaming: wait
 9:33:05 BattlEye Server: (Global) RockstarGaming: highlander
 9:33:10 BattlEye Server: (Global) RockstarGaming: u were on blufor
 9:33:18 BattlEye Server: (Global) RockstarGaming: how did it let u switch to opfor
 9:33:25 BattlEye Server: (Global) High Alert Highlander : never  
 9:33:37 BattlEye Server: (Global) RockstarGaming: never what..?
 9:33:38 BattlEye Server: (Global) High Alert Highlander : imin opfort 
 9:33:42 BattlEye Server: (Global) RockstarGaming: oh
 9:33:46 BattlEye Server: (Global) RockstarGaming: i saw u on blufor
 9:33:49 BattlEye Server: (Global) High Alert Highlander : i never play blue fort 
 9:33:55 BattlEye Server: (Global) RockstarGaming: hecc
 9:34:12 BattlEye Server: (Global) RockstarGaming: dang
 9:34:34 BattlEye Server: (Global) Mason: i was goingto say, he hasn;t been bly in a long time
 9:34:40 BattlEye Server: (Global) RockstarGaming: oh
 9:34:48 BattlEye Server: (Global) Mason: sorry driving
 9:35:03 BattlEye Server: (Global) Mason: or not
 9:35:23 BattlEye Server: (Global) RockstarGaming: oh
 9:35:26 BattlEye Server: (Global) RockstarGaming: what happens
 9:36:01 BattlEye Server: (Global) Mason: dont text and drive, pay more attention to what you are driving around
 9:36:19 BattlEye Server: (Global) RockstarGaming: yepw
 9:36:39 BattlEye Server: (Global) RockstarGaming: highlander
 9:39:10 BattlEye Server: (Global) RockstarGaming: thermal vission looks cool from above
 9:41:17 BattlEye Server: (Global) RockstarGaming: woah
 9:41:23 BattlEye Server: (Global) RockstarGaming: wait
 9:41:25 BattlEye Server: (Global) RockstarGaming: nvm
 9:48:13 BattlEye Server: (Global) RockstarGaming: when will it be daytime?
 9:48:39 BattlEye Server: (Global) High Alert Highlander : like in 20minutes 
 9:48:49 BattlEye Server: (Global) RockstarGaming: k
 9:54:48 BattlEye Server: (Global) RockstarGaming: highlander strikes
 9:55:15 BattlEye Server: (Global) RockstarGaming: that vorona is really powerful
 9:55:26 BattlEye Server: (Global) High Alert Highlander : yea
 9:55:36 BattlEye Server: (Global) RockstarGaming: u can one shot an m1
 9:55:40 BattlEye Server: (Global) High Alert Highlander : specially ifu ghitin the back
 9:55:45 BattlEye Server: (Global) RockstarGaming: yeah
 9:55:51 BattlEye Server: (Global) RockstarGaming: nice shot
 9:56:04 BattlEye Server: (Global) High Alert Highlander : thks+
 9:57:45 BattlEye Server: (Global) Mason: nice
 9:57:47 BattlEye Server: (Global) RockstarGaming: your welcome
 9:57:53 BattlEye Server: (Global) RockstarGaming: lol
 9:58:00 BattlEye Server: (Global) RockstarGaming: i shot a few of the guys there
 9:58:27 BattlEye Server: (Global) High Alert Highlander : YEA DONTDONNT WHY U DID NOT COMPLETED
 9:58:33 BattlEye Server: (Global) High Alert Highlander : sorry cpsa
 9:58:46 BattlEye Server: (Global) RockstarGaming: cuz i new i was gonna die
 9:59:01 BattlEye Server: (Global) RockstarGaming: all the gunfire would atract somone right
10:04:07 BattlEye Server: (Global) RockstarGaming: ooh that has hydra pods
10:09:04 BattlEye Server: (Global) RockstarGaming: rip
10:09:28 BattlEye Server: (Global) RockstarGaming: im going to independent
10:10:14 BattlEye Server: (Global) Mason: all right, i'll see everyone later
10:10:57 BattlEye Server: (Global) Lethal: OOO
10:11:01 BattlEye Server: (Global) Lethal: lol
10:11:04 BattlEye Server: (Global) RockstarGaming: ?
10:11:20 Player Mason disconnected.
10:11:20 BattlEye Server: Player #0 Mason disconnected
10:12:18 BattlEye Server: (Group) RockstarGaming: Have a mic?
10:25:23 BattlEye Server: (Side) Lethal: VOTE DAY
10:28:01 BattlEye Server: (Global) RockstarGaming: highlander
10:28:10 BattlEye Server: (Global) RockstarGaming: that sniper is scary
10:28:11 BattlEye Server: (Global) RockstarGaming: ow
10:42:23 BattlEye Server: (Global) Lethal: gg
10:42:37 BattlEye Server: (Global) High Alert Highlander : gg
10:58:45 nord88 uses modified data file
10:58:46 BattlEye Server: Player #5 nord88 (77.93.108.2:2309) connected
10:58:46 Player nord88 connecting.
10:58:50 BattlEye Server: Player #5 nord88 - BE GUID: 060ac7a78394ac513615d1bb34627674
10:58:50 Player nord88 connected (id=76561198119341206).
10:58:50 BattlEye Server: Verified GUID (060ac7a78394ac513615d1bb34627674) of player #5 nord88
10:59:57 BattlEye Server: (Global) RockstarGaming: u still at airbase?
11:04:05 BattlEye Server: (Group) nord88: dont have mic
11:08:48 Beatle uses modified data file
11:08:48 BattlEye Server: Player #6 Beatle (77.103.175.181:2309) connected
11:08:48 Player Beatle connecting.
11:08:53 BattlEye Server: Player #6 Beatle - BE GUID: be6dcf99411b26fca05c71968be4489b
11:08:53 Player Beatle connected (id=76561198137850588).
11:08:53 BattlEye Server: Verified GUID (be6dcf99411b26fca05c71968be4489b) of player #6 Beatle
11:14:00 Player nord88 disconnected.
11:14:00 BattlEye Server: Player #5 nord88 disconnected
11:15:42 gabri uses modified data file
11:15:42 BattlEye Server: Player #7 gabri (177.107.72.66:2304) connected
11:15:42 Player gabri connecting.
11:15:54 Player gabri disconnected.
11:15:54 BattlEye Server: Player #7 gabri disconnected
11:15:55 gabri uses modified data file
11:15:55 BattlEye Server: Player #7 gabri (177.107.72.66:2304) connected
11:15:55 Player gabri connecting.
11:15:58 BattlEye Server: Player #7 gabri - BE GUID: a6cb3292cbbdfae142f9c2f63fe5a0bb
11:15:59 Player gabri connected (id=76561198186973669).
11:15:59 BattlEye Server: Verified GUID (a6cb3292cbbdfae142f9c2f63fe5a0bb) of player #7 gabri
11:18:02 Player gabri disconnected.
11:18:02 BattlEye Server: Player #7 gabri disconnected
11:18:17 BattlEye Server: (Group) High Alert Highlander : letsgo
11:18:27 BattlEye Server: (Group) High Alert Highlander : they r in the salt flts 
11:18:41 BattlEye Server: (Group) Beatle: Do we have a vehicle?
11:19:00 BattlEye Server: (Group) High Alert Highlander : no we run
11:19:23 BattlEye Server: (Group) Beatle: ok
11:19:35 BattlEye Server: (Group) Beatle: How do i put my weapon away
11:20:00 BattlEye Server: (Group) High Alert Highlander : holster weapon
11:21:53 BattlEye Server: (Group) High Alert Highlander : dontshoot
11:21:57 BattlEye Server: (Group) Beatle: ok
11:22:04 BattlEye Server: (Group) Beatle: i wasnt going tow
11:22:06 BattlEye Server: (Group) Beatle: to
11:22:27 BattlEye Server: (Group) Beatle: nice shot
11:23:22 BattlEye Server: (Group) High Alert Highlander : pickthe money abnd run
11:23:39 BattlEye Server: (Group) Beatle: do you want the money?
11:27:05 BattlEye Server: (Group) Beatle: you can have the money
11:31:41 BattlEye Server: (Global) RockstarGaming: did u take the money
11:31:52 BattlEye Server: (Global) High Alert Highlander : yes
11:32:21 BattlEye Server: (Global) RockstarGaming: i thought you said u dont pickup the money
11:32:38 BattlEye Server: (Global) High Alert Highlander : yea well it was toomuch toleave that there
11:32:46 BattlEye Server: (Global) RockstarGaming: dang :/
11:33:06 BattlEye Server: (Group) High Alert Highlander : your cut 
11:33:10 BattlEye Server: (Group) Beatle: Wow
11:37:55 BattlEye Server: (Group) Beatle: Where you heading?
11:38:00 BattlEye Server: (Group) High Alert Highlander : deposit themoney 
11:38:19 BattlEye Server: (Group) Beatle: ok
11:45:53 BattlEye Server: (Group) High Alert Highlander : dont stay toommjuch arround hereormy defences can take you down
11:49:32 Player Beatle disconnected.
11:49:32 BattlEye Server: Player #6 Beatle disconnected
11:51:21 BattlEye Server: (Global) RockstarGaming: CAN WE NOT BE HUNTED
11:51:28 BattlEye Server: (Global) RockstarGaming: sry caps
11:52:04 Gopnik Cyka uses modified data file
11:52:04 BattlEye Server: Player #5 Gopnik Cyka (190.219.125.9:2309) connected
11:52:04 Player Gopnik Cyka connecting.
11:52:08 BattlEye Server: Player #5 Gopnik Cyka - BE GUID: e98736657d7c43344812818c10d01708
11:52:08 Player Gopnik Cyka connected (id=76561198390780858).
11:52:08 BattlEye Server: Verified GUID (e98736657d7c43344812818c10d01708) of player #5 Gopnik Cyka
11:52:14 BattlEye Server: (Global) High Alert Highlander : sorry 
11:52:38 BattlEye Server: (Global) High Alert Highlander : im after lethal not you 
11:54:34 Player Gopnik Cyka disconnected.
11:54:34 BattlEye Server: Player #5 Gopnik Cyka disconnected
11:56:02 Gopnik Cyka uses modified data file
11:56:02 BattlEye Server: Player #5 Gopnik Cyka (190.219.125.9:2309) connected
11:56:02 Player Gopnik Cyka connecting.
11:56:04 BattlEye Server: Player #5 Gopnik Cyka - BE GUID: e98736657d7c43344812818c10d01708
11:56:05 Player Gopnik Cyka connected (id=76561198390780858).
11:56:05 BattlEye Server: Verified GUID (e98736657d7c43344812818c10d01708) of player #5 Gopnik Cyka
11:59:08 BattlEye Server: (Global) RockstarGaming: HIGHLANDER
11:59:12 BattlEye Server: (Global) RockstarGaming: sry caps
11:59:15 BattlEye Server: (Global) High Alert Highlander : yes
11:59:26 BattlEye Server: (Global) RockstarGaming: what that artillery you killed us with
11:59:36 BattlEye Server: (Global) High Alert Highlander : bm-21
12:03:12 BattlEye Server: (Group) High Alert Highlander : yes
12:03:17 BattlEye Server: (Group) High Alert Highlander : thks
12:03:38 BattlEye Server: (Group) High Alert Highlander : it cost 10millions
12:03:49 BattlEye Server: (Group) High Alert Highlander : jajajaja
12:04:24 BattlEye Server: (Group) High Alert Highlander : no
12:04:36 BattlEye Server: (Group) High Alert Highlander : thereis a base locker 
12:04:42 BattlEye Server: (Group) High Alert Highlander : that locks everthing 
12:04:53 BattlEye Server: (Group) High Alert Highlander : no they cant 
12:05:07 BattlEye Server: (Group) High Alert Highlander : correct 
12:05:23 BattlEye Server: (Group) High Alert Highlander : pls get out 
12:05:37 BattlEye Server: (Group) High Alert Highlander : resupplty
12:06:57 BattlEye Server: (Group) High Alert Highlander : dam theymove
12:07:12 BattlEye Server: (Group) High Alert Highlander : not hunting 
12:07:19 BattlEye Server: (Group) High Alert Highlander : imhunting indies
12:07:34 BattlEye Server: (Group) High Alert Highlander : sapcom
12:07:46 BattlEye Server: (Group) High Alert Highlander : saterite comp
12:07:58 BattlEye Server: (Group) High Alert Highlander : 10k
12:08:13 BattlEye Server: (Group) High Alert Highlander : you buy that on the GENERALSTORE
12:09:27 BattlEye Server: (Group) High Alert Highlander : NOT REALLY 
12:11:16 BattlEye Server: (Group) High Alert Highlander : yes
12:11:37 BattlEye Server: (Group) High Alert Highlander : choose fromthe crates
12:15:01 BattlEye Server: (Group) High Alert Highlander : a what 
12:17:19 BattlEye Server: (Group) High Alert Highlander : u take the at 
12:17:23 BattlEye Server: (Group) High Alert Highlander : i take aa
12:19:31 BattlEye Server: (Group) High Alert Highlander : ok but it takes a wile tolock 
12:24:55 BattlEye Server: (Group) High Alert Highlander : they are close to a electricaltowers  in the air port 
12:26:55 BattlEye Server: (Group) High Alert Highlander : they are onthe VS 
12:31:04 BattlEye Server: (Group) High Alert Highlander : yes
12:32:03 BattlEye Server: (Group) High Alert Highlander : they gone fromthere
12:35:31 BattlEye Server: (Group) High Alert Highlander : way up
12:45:05 BattlEye Server: (Group) High Alert Highlander : im going to the right u go left 
12:46:47 BattlEye Server: (Group) High Alert Highlander : afk for amoment 
12:51:27 BattlEye Server: (Group) High Alert Highlander : i put mines inthe tower 
12:51:33 BattlEye Server: (Group) High Alert Highlander : toers be carefull
12:51:46 BattlEye Server: (Group) High Alert Highlander : they r 3 mines
12:51:53 BattlEye Server: (Group) High Alert Highlander : on each tower
12:52:15 BattlEye Server: (Group) High Alert Highlander : they r using that to snipe 
12:52:35 BattlEye Server: (Group) High Alert Highlander : that is the purpose 
12:52:47 BattlEye Server: (Group) High Alert Highlander : yes it will 
12:53:41 BattlEye Server: (Group) High Alert Highlander : dont blow tha mines pls
12:54:22 BattlEye Server: (Group) High Alert Highlander : im smoking taking a break
13:02:33 BattlEye Server: (Global) High Alert Highlander : AFK FOR A WILE TAKING GREAK
13:18:09 Sea Stallion Pilot uses modified data file
13:18:09 BattlEye Server: Player #6 Sea Stallion Pilot (107.220.92.165:2309) connected
13:18:09 Player Sea Stallion Pilot connecting.
13:18:12 BattlEye Server: Player #6 Sea Stallion Pilot - BE GUID: ecf06a2454f0f8bd20dd41081187fde2
13:18:12 Player Sea Stallion Pilot connected (id=76561198188669749).
13:18:12 BattlEye Server: Verified GUID (ecf06a2454f0f8bd20dd41081187fde2) of player #6 Sea Stallion Pilot
13:18:24 Player Gopnik Cyka is losing connection
13:19:44 Player Gopnik Cyka disconnected.
13:19:44 BattlEye Server: Player #5 Gopnik Cyka disconnected
13:25:25 BattlEye Server: (Group) Lethal: HAVENT SPAWNED YET
13:25:31 BattlEye Server: (Group) RockstarGaming: GET TO A CITTY
13:25:35 BattlEye Server: (Group) Lethal: sary caps
13:25:36 BattlEye Server: (Group) RockstarGaming: sry caps
13:25:45 BattlEye Server: (Group) Lethal: lol
13:48:53 crist uses modified data file
13:48:53 BattlEye Server: Player #7 crist (76.187.243.127:2304) connected
13:48:53 Player crist connecting.
13:48:55 BattlEye Server: Player #7 crist - BE GUID: 49c6349f2edb0b1ba372059a2e09c9a8
13:48:55 Player crist connected (id=76561198209025583).
13:48:55 BattlEye Server: Verified GUID (49c6349f2edb0b1ba372059a2e09c9a8) of player #7 crist
13:52:15 Player crist disconnected.
13:52:15 BattlEye Server: Player #7 crist disconnected
14:02:40 MyJaMeS01 uses modified data file
14:02:40 BattlEye Server: Player #7 MyJaMeS01 (61.90.34.38:2304) connected
14:02:40 Player MyJaMeS01 connecting.
14:02:42 BattlEye Server: Player #7 MyJaMeS01 - BE GUID: 530e25aa863ed389c89eeaebfd1081ca
14:02:43 Player MyJaMeS01 connected (id=76561198177038674).
14:02:43 BattlEye Server: Verified GUID (530e25aa863ed389c89eeaebfd1081ca) of player #7 MyJaMeS01
14:02:43 Player MyJaMeS01 disconnected.
14:02:43 BattlEye Server: Player #7 MyJaMeS01 disconnected
14:05:57 Aki-san uses modified data file
14:05:57 BattlEye Server: Player #7 Aki-san (199.192.194.156:2304) connected
14:05:57 Player Aki-san connecting.
14:06:00 BattlEye Server: Player #7 Aki-san - BE GUID: 84a168255a6bda4d94bbce2de75c2b2f
14:06:00 Player Aki-san connected (id=76561197994694233).
14:06:00 BattlEye Server: Verified GUID (84a168255a6bda4d94bbce2de75c2b2f) of player #7 Aki-san
14:06:25 Player Aki-san disconnected.
14:06:25 BattlEye Server: Player #7 Aki-san disconnected
14:15:53 BattlEye Server: (Global) RockstarGaming: ..
14:16:07 BattlEye Server: (Global) RockstarGaming: why are you hunting us 
14:16:23 BattlEye Server: (Global) High Alert Highlander : BECAUSE IS WASTE LAND 
14:16:27 BattlEye Server: (Group) Sea Stallion Pilot: where do we spawn
14:16:30 BattlEye Server: (Global) High Alert Highlander : sorry caps
14:17:36 BattlEye Server: (Global) High Alert Highlander : say hi rock
14:17:39 BattlEye Server: (Global) High Alert Highlander : i seeu
14:17:59 BattlEye Server: (Global) High Alert Highlander : aaahh   so cute the 3 r there
14:20:02 BattlEye Server: (Global) High Alert Highlander : so have a good shoping 
14:20:23 BattlEye Server: (Global) RockstarGaming: what?
14:22:22 BattlEye Server: (Global) High Alert Highlander : r u sure u want to gothat way 
14:22:33 BattlEye Server: (Global) High Alert Highlander : u r getting hot 
14:22:36 BattlEye Server: (Global) RockstarGaming: NO
14:23:04 BattlEye Server: (Global) High Alert Highlander : yeaget back in the city 
14:23:11 BattlEye Server: (Global) High Alert Highlander : more survival
14:25:05 BattlEye Server: (Global) High Alert Highlander : tired of running
14:25:21 BattlEye Server: (Global) RockstarGaming: NO
14:25:24 BattlEye Server: (Global) RockstarGaming: sry caps
14:28:38 BattlEye Server: (Global) RockstarGaming: your just sitting there at a gun store buying artillery strikes