21:01:29 BattlEye Server: Initialized (v1.217)
21:01:29 Host identity created.
21:01:29 Game Port: 2307, Steam Query Port: 2308
21:01:29 Mission A3Wasteland Altis v1.4c read from bank.
21:01:31 Roles assigned.
21:01:31 Reading mission ...
21:02:01 Mission read.
21:02:01 Hemlock Kowalski uses modified data file
21:02:01 BattlEye Server: Player #0 Hemlock Kowalski (73.147.1.91:62910) connected
21:02:01 Player Hemlock Kowalski connecting.
21:02:01 Rou Kowalski uses modified data file
21:02:01 BattlEye Server: Player #1 Rou Kowalski (73.147.1.91:2309) connected
21:02:01 Player Rou Kowalski connecting.
21:02:01 Game started.
21:02:02 BattlEye Server: Connected to BE Master
21:02:03 BattlEye Server: Player #0 Hemlock Kowalski - BE GUID: 0e50d5bc222746efa845806a2af0fed1
21:02:03 BattlEye Server: Player #1 Rou Kowalski - BE GUID: 58cae163ea9d3a0ff8adde240b436737
21:02:04 Player Rou Kowalski connected (id=76561198034110598).
21:02:04 BattlEye Server: Verified GUID (58cae163ea9d3a0ff8adde240b436737) of player #1 Rou Kowalski
21:02:04 Player Hemlock Kowalski connected (id=76561198201473535).
21:02:05 BattlEye Server: Verified GUID (0e50d5bc222746efa845806a2af0fed1) of player #0 Hemlock Kowalski
 0:08:20 Kostya(Ru) uses modified data file
 0:08:20 BattlEye Server: Player #2 Kostya(Ru) (87.251.98.117:35301) connected
 0:08:20 Player Kostya(Ru) connecting.
 0:08:23 BattlEye Server: Player #2 Kostya(Ru) - BE GUID: 75292ade411c41968f796d97db982302
 0:08:23 Player Kostya(Ru) connected (id=76561198187393150).
 0:08:23 BattlEye Server: Verified GUID (75292ade411c41968f796d97db982302) of player #2 Kostya(Ru)
 0:09:27 HooK uses modified data file
 0:09:27 BattlEye Server: Player #3 HooK (124.170.72.7:2304) connected
 0:09:27 Player HooK connecting.
 0:09:29 BattlEye Server: Player #3 HooK - BE GUID: b929f8a461759aa6518ff2fe4b526c4e
 0:09:37 Player HooK disconnected.
 0:09:37 BattlEye Server: Player #3 HooK disconnected
 0:09:47 Player Kostya(Ru) disconnected.
 0:09:47 BattlEye Server: Player #2 Kostya(Ru) disconnected
 0:12:16 Red uses modified data file
 0:12:16 BattlEye Server: Player #2 Red (41.170.90.6:2309) connected
 0:12:16 Player Red connecting.
 0:12:19 BattlEye Server: Player #2 Red - BE GUID: f7a8174212f367074d73bf01b420d068
 0:12:22 Player Red connected (id=76561198349484947).
 0:12:22 BattlEye Server: Verified GUID (f7a8174212f367074d73bf01b420d068) of player #2 Red
 0:19:54 BattlEye Server: (Global) Red: hey guys,is there a sertain time this server fills up a bit more,or is this it?
 0:20:17 BattlEye Server: (Global) Rou Kowalski: its always rather quiet
 0:20:22 BattlEye Server: (Global) Red: ah ok
 0:31:21 Maximus uses modified data file
 0:31:21 BattlEye Server: Player #3 Maximus (73.53.99.22:2304) connected
 0:31:21 Player Maximus connecting.
 0:31:23 BattlEye Server: Player #3 Maximus - BE GUID: fbdd6ad5fe1bbfc3f304b2e356e801b6
 0:31:24 Player Maximus connected (id=76561198076942044).
 0:31:24 BattlEye Server: Verified GUID (fbdd6ad5fe1bbfc3f304b2e356e801b6) of player #3 Maximus
 0:34:22 Player Maximus disconnected.
 0:34:22 BattlEye Server: Player #3 Maximus disconnected
 0:42:49 BattlEye Server: (Global) Red: well then
 0:43:10 BattlEye Server: (Global) Rou Kowalski: you get into a hornet nest?
 0:43:17 BattlEye Server: (Global) Red: yes i was
 0:43:37 BattlEye Server: (Global) Red: 2 tanks,2 jets plus a whole swarm of infantry
 0:43:52 BattlEye Server: (Global) Rou Kowalski: you got to love it when your just going along and a patrol spawns in front of you
 0:44:07 BattlEye Server: (Global) Rou Kowalski: oh wow
 0:44:29 BattlEye Server: (Global) Red: they didnt spot me for a long time,was crawling towards the truck to steal it,then i decided to open fire woth an RPg
 0:44:36 BattlEye Server: (Global) Red: then the rest is history
 0:45:33 BattlEye Server: (Global) Rou Kowalski: good times
 0:56:41 BattlEye Server: (Global) Red: nice sonic boom effects
 0:56:58 BattlEye Server: (Global) Rou Kowalski: on the jets, ya
 0:57:47 BattlEye Server: (Global) Red: wish the server suported RHS JRS soundmods
 0:58:31 BattlEye Server: (Global) Rou Kowalski: you know, that would be nice.. 
 0:59:10 BattlEye Server: (Global) Red: it allows normal JRS
 1:00:10 BattlEye Server: (Global) Rou Kowalski: I could ask about it, He will be on in a few
 1:02:01 BattlEye Server: (Global) Rou Kowalski: you stealing my income lol
 1:02:16 BattlEye Server: (Global) Red: no.....maybe
 1:07:55 BattlEye Server: (Global) Red: what?
 1:08:18 BattlEye Server: (Global) Red: so i get into a tank,now im on the other side of the map in the ocean
 1:08:42 BattlEye Server: (Global) Rou Kowalski: hope you can swim :(
 1:09:00 BattlEye Server: (Global) Red: the far left bpttom cornet
 1:09:05 BattlEye Server: (Global) Red: 2 tanks here lol
 1:09:23 BattlEye Server: (Global) Red: make that 3
 1:09:34 BattlEye Server: (Global) Rou Kowalski: ahh, the altis triangle
 1:09:52 BattlEye Server: (Global) Rou Kowalski: see if my left socks are there while your there
 1:10:15 BattlEye Server: (Global) Red: o think i taste it in the water
 1:10:23 BattlEye Server: (Global) Rou Kowalski: lol
 1:10:36 BattlEye Server: (Global) Red: atleast one of the tanks can swim
 1:10:59 BattlEye Server: (Global) Rou Kowalski: better than swimming
 1:11:20 BattlEye Server: (Global) Red: closest land 10km away
 1:11:52 BattlEye Server: (Global) Red: and a top speed of 12km/h
 1:12:01 BattlEye Server: (Global) Rou Kowalski: well, server dont restart for 2 hrs, you got time
 1:15:30 BattlEye Server: (Global) Red: This calls for some road trip music
 1:15:46 BattlEye Server: (Global) Rou Kowalski: lol
 1:18:06 BattlEye Server: (Global) Red: also il be trying to master the art of sleeping while holding 2 keys down
 1:18:23 BattlEye Server: (Global) Hemlock Kowalski: there are sharks
 1:18:43 BattlEye Server: (Global) Red: do they bit through tanks?
 1:19:03 BattlEye Server: (Global) Rou Kowalski: thats when sticking a coin or something in the keyboard and going to get a drink comes in handy
 1:19:21 BattlEye Server: (Global) Hemlock Kowalski: no, but you might run out of gas.
 1:19:22 BattlEye Server: (Global) Red: yes i agree
 1:19:56 BattlEye Server: (Global) Hemlock Kowalski: sorry you got glitched. I think its a game thing in general than just certain servers.
 1:20:23 BattlEye Server: (Global) Red: na its ok,got a free russian tank for an APC,bargen if u tell me
 1:20:43 BattlEye Server: (Global) Hemlock Kowalski: we will tell the admins about it. 
 1:21:10 BattlEye Server: (Global) Red: IM CAPTAIN OF THE 7 SEAS.......
 1:21:29 BattlEye Server: (Global) Red: a really really really slow captain
 1:21:41 BattlEye Server: (Global) Hemlock Kowalski: i personally dont like those ones but if I had to choose between that and swimming Id take tank. It pulls to sides easy. 
 1:22:07 BattlEye Server: (Global) Red: u can spectate me?
 1:22:35 BattlEye Server: (Global) Red: or did u geus the tank i was swimming?
 1:22:53 BattlEye Server: (Global) Hemlock Kowalski: i just know what tank you are in. Cause there is one that floats that I know of.
 1:23:25 BattlEye Server: (Global) Red: i mean i could just drawn myself,but wheres the fun in that
 1:23:32 BattlEye Server: (Global) Hemlock Kowalski: I actually sold mine today.
 1:23:45 BattlEye Server: (Global) Hemlock Kowalski: all that matters is you have fun.
 1:24:08 BattlEye Server: (Global) Red: so u guys know the owner?
 1:24:11 BattlEye Server: (Global) Hemlock Kowalski: well and play by rules of server. Cheaters are not welcome. 
 1:24:27 BattlEye Server: (Global) Hemlock Kowalski: no admins
 1:25:02 BattlEye Server: (Global) Hemlock Kowalski: well we are not admins. We know them I meant.,
 1:25:35 BattlEye Server: (Global) Red: almost there,8,7 to go
 1:25:58 BattlEye Server: (Global) Hemlock Kowalski: you have way more patience than us. 
 1:26:24 BattlEye Server: (Global) Red: if u think this is bad let me tell u a story of the day i swam for 3 hours
 1:26:41 BattlEye Server: (Global) Hemlock Kowalski: im the game?
 1:26:47 BattlEye Server: (Global) Hemlock Kowalski: so farther?
 1:27:04 BattlEye Server: (Global) Red: see the island on grid 084251
 1:27:12 BattlEye Server: (Global) Red: the one top of the map
 1:27:45 BattlEye Server: (Global) Hemlock Kowalski: yeah we know the island
 1:27:48 BattlEye Server: (Global) Red: anyways i swam from Angos Andreas all the way to that island
 1:28:03 BattlEye Server: (Global) Red: Agios Andreas*
 1:28:03 BattlEye Server: (Global) Hemlock Kowalski: a bet?
 1:28:26 BattlEye Server: (Global) Red: no,i refused to respawn
 1:28:47 BattlEye Server: (Global) Hemlock Kowalski: yep you are talking saint status of patience
 1:28:49 BattlEye Server: (Global) Red: cuz the zeus was to lazy to just pick us up with a heli 
 1:29:20 BattlEye Server: (Global) Rou Kowalski: that deserves a headline in the altis news
 1:29:34 BattlEye Server: (Global) Red: but luckily i had the divers gear on,and i got to see some awesome stuff down there
 1:30:11 BattlEye Server: (Global) Rou Kowalski: likely the only one to ever see it, other than who put it there
 1:30:37 BattlEye Server: (Global) Red: yea,some corel reefs and trenches
 1:31:15 BattlEye Server: (Global) Red: around 1 km from the island they decided to come pick me up with a huron 
 1:32:03 AE uses modified data file
 1:32:03 BattlEye Server: Player #3 AE (165.255.111.132:2304) connected
 1:32:03 Player AE connecting.
 1:32:04 BattlEye Server: (Global) Rou Kowalski: after that swim, 1k didnt save you much
 1:32:06 BattlEye Server: Player #3 AE - BE GUID: dafcfefbeb834b0dfd4deea92a7f70d3
 1:32:07 Player AE connected (id=76561198078695309).
 1:32:07 BattlEye Server: Verified GUID (dafcfefbeb834b0dfd4deea92a7f70d3) of player #3 AE
 1:32:12 BattlEye Server: (Global) Red: nope
 1:32:55 BattlEye Server: (Global) Red: but i dont mind doing this kind of stuff,doesnt bother me
 1:33:03 BattlEye Server: (Global) Red: makes me think
 1:35:19 Player AE disconnected.
 1:35:19 BattlEye Server: Player #3 AE disconnected
 1:37:38 BattlEye Server: (Global) Red: 7km to go
 1:38:01 BattlEye Server: (Global) Rou Kowalski: wow, it will be long dark by the time you get there
 1:38:12 BattlEye Server: (Global) Red: or mornong
 1:38:17 BattlEye Server: (Global) Red: morning*
 1:38:22 BattlEye Server: (Global) Hemlock Kowalski: was just going to say that lol
 1:46:03 BattlEye Server: (Global) Red: lol i just thought of something
 1:46:16 BattlEye Server: (Global) Rou Kowalski: you got plenty of time for thinking
 1:46:24 BattlEye Server: (Global) Red: i havnt slept for a while,and when i have its not more than 2 hours
 1:46:47 BattlEye Server: (Global) Hemlock Kowalski: been there
 1:46:48 BattlEye Server: (Global) Red: im scared that if i sleep il wake up on the other side of the ocean XD
 1:46:58 BattlEye Server: (Global) Rou Kowalski: makes the long run in the dark even more challenging
 1:47:10 BattlEye Server: (Global) Rou Kowalski: lol
 1:47:34 BattlEye Server: (Global) Hemlock Kowalski: well you are going to beat that challange
 1:47:49 BattlEye Server: (Global) Red: is there a ping limit on this server?
 1:48:23 BattlEye Server: (Global) Rou Kowalski: Not sure to be honest
 1:48:41 BattlEye Server: (Global) Red: lol want to watch movie while swimming this 
 1:48:53 BattlEye Server: (Global) Red: but scared that my ping will go past 300
 1:48:55 BattlEye Server: (Global) Rou Kowalski: lol
 1:49:28 BattlEye Server: (Global) Hemlock Kowalski: you should be fine
 1:49:40 BattlEye Server: (Global) Hemlock Kowalski: you have an hour and a half though
 1:49:54 BattlEye Server: (Global) Rou Kowalski: just force save vehicle, if you get dumped, you will spawn right next to it
 1:49:56 BattlEye Server: (Global) Red: 4,8km
 1:50:21 BattlEye Server: (Global) Hemlock Kowalski: actually not bad amount swam
 1:50:25 BattlEye Server: (Global) Rou Kowalski: making good time really
 1:51:19 BattlEye Server: (Global) Red: hehe i can make my own fog
 1:51:34 BattlEye Server: (Global) Red: not creepy at all
 1:51:51 BattlEye Server: (Global) Rou Kowalski: thats where it comes from, the altis triangle
 1:52:01 BattlEye Server: (Global) Red: XD
 1:53:20 BattlEye Server: (Global) Red: ow,how suiting,listening to russian propaganda music,and Volga Boatman comes up
 1:53:46 BattlEye Server: (Global) Rou Kowalski: right
 2:02:24 ANATOLI CHEJOV uses modified data file
 2:02:24 BattlEye Server: Player #3 ANATOLI CHEJOV (190.171.107.50:62725) connected
 2:02:24 Player ANATOLI CHEJOV connecting.
 2:02:30 BattlEye Server: Player #3 ANATOLI CHEJOV - BE GUID: a01f35e030c4464ff5b5e9c18ddf0195
 2:02:42 Player ANATOLI CHEJOV connected (id=76561198065774594).
 2:02:42 BattlEye Server: Verified GUID (a01f35e030c4464ff5b5e9c18ddf0195) of player #3 ANATOLI CHEJOV
 2:06:38 BattlEye Server: (Side) ANATOLI CHEJOV: imin discord
 2:06:41 BattlEye Server: (Global) Red: LAND HO!
 2:06:55 BattlEye Server: (Global) Hemlock Kowalski: you see it? nice
 2:07:09 BattlEye Server: (Side) ANATOLI CHEJOV: yes
 2:07:14 BattlEye Server: (Side) ANATOLI CHEJOV: i just woke up
 2:07:15 BattlEye Server: (Global) Rou Kowalski: YAY, congrats
 2:07:35 BattlEye Server: (Global) Red: not done yet
 2:07:52 BattlEye Server: (Side) ANATOLI CHEJOV: what u mean  teleports ?
 2:08:11 BattlEye Server: (Side) ANATOLI CHEJOV: survive ?
 2:08:21 BattlEye Server: (Side) ANATOLI CHEJOV: the ctankglich
 2:08:33 BattlEye Server: (Global) Red: i basically made 22K from just swimming,from money i got wirth my caped zones
 2:08:35 BattlEye Server: (Side) ANATOLI CHEJOV: yes
 2:09:02 BattlEye Server: (Global) Hemlock Kowalski: lol you mean stealing my points i got first.
 2:09:07 BattlEye Server: (Global) Rou Kowalski: lol
 2:09:14 BattlEye Server: (Global) Hemlock Kowalski: but glad you got to land.
 2:09:29 BattlEye Server: (Global) ANATOLI CHEJOV: Goodmorning  everyone
 2:09:49 BattlEye Server: (Global) Hemlock Kowalski: almost bed for me
 2:09:52 BattlEye Server: (Global) Red: MORNING?Is that the Sun?
 2:09:53 BattlEye Server: (Global) Rou Kowalski: GM 
 2:10:07 BattlEye Server: (Global) Red: damn i didnt realize with my curtains closed
 2:11:06 BattlEye Server: (Group) ANATOLI CHEJOV: noce 
 2:11:10 BattlEye Server: (Group) ANATOLI CHEJOV: nice
 2:12:08 BattlEye Server: (Group) ANATOLI CHEJOV: the perfect weapon foryou rou will be the ak rail road  rou
 2:12:12 BattlEye Server: (Group) ANATOLI CHEJOV: try that 
 2:12:26 BattlEye Server: (Group) ANATOLI CHEJOV: that is good
 2:12:55 BattlEye Server: (Group) ANATOLI CHEJOV: m16 is a good wepon
 2:13:22 BattlEye Server: (Group) ANATOLI CHEJOV: uhave the assult or themarksmen
 2:13:45 BattlEye Server: (Group) ANATOLI CHEJOV: 5.56?
 2:13:54 BattlEye Server: (Group) ANATOLI CHEJOV: isagood weapon
 2:14:06 BattlEye Server: (Global) Red: HAHAAAAA DRY LAND!!!
 2:14:25 BattlEye Server: (Group) ANATOLI CHEJOV: thegoodthing about that weaponid that u foun ammo inallthe ai
 2:14:27 BattlEye Server: (Global) Hemlock Kowalski: CONGRATS
 2:14:48 BattlEye Server: (Group) ANATOLI CHEJOV: okim chinging to sniper
 2:14:57 BattlEye Server: (Group) ANATOLI CHEJOV: iwant todosomemissions
 2:15:07 BattlEye Server: (Global) Red: u dont know what u ave till u lose it,for ex 40km/h
 2:15:31 BattlEye Server: (Group) ANATOLI CHEJOV: -that guy dosent knowabout  this base right 
 2:16:06 BattlEye Server: (Group) ANATOLI CHEJOV: ok plsdont bringanyone here
 2:16:09 BattlEye Server: (Global) Hemlock Kowalski: No worries. Its a game and if you are nice about stuff its fine. If you are an ass than well you get what coming.
 2:16:18 BattlEye Server: (Group) ANATOLI CHEJOV: iwill checkhis ipto seewhohe is
 2:18:34 BattlEye Server: (Group) ANATOLI CHEJOV: ok 
 2:18:47 BattlEye Server: (Group) ANATOLI CHEJOV: uhave have been here long time
 2:19:14 BattlEye Server: (Group) ANATOLI CHEJOV: seeyou guys later in the afternoon ?
 2:19:30 BattlEye Server: (Group) ANATOLI CHEJOV: ok guys sleepwell
 2:19:39 BattlEye Server: (Group) ANATOLI CHEJOV: ok
 2:20:03 BattlEye Server: (Group) ANATOLI CHEJOV: yes
 2:20:10 BattlEye Server: (Group) ANATOLI CHEJOV: what 
 2:20:12 BattlEye Server: (Global) Red: no not like this
 2:20:26 BattlEye Server: (Global) Rou Kowalski: ?
 2:20:41 BattlEye Server: (Group) ANATOLI CHEJOV: oh hemthankyou
 2:20:45 BattlEye Server: (Global) Red: lol fliped my BMP luckily the server has