 9:01:28 BattlEye Server: Initialized (v1.217)
 9:01:28 Host identity created.
 9:01:28 Game Port: 2307, Steam Query Port: 2308
 9:01:28 Mission A3Wastela read from bank.
 9:01:29 Roles assigned.
 9:01:29 Reading mission ...
 9:02:02 Mission read.
 9:02:03 Game started.
 9:07:02 High Alert Highlander  uses modified data file
 9:07:02 BattlEye Server: Player #0 High Alert Highlander  (190.171.107.20:62725) connected
 9:07:02 Player High Alert Highlander  connecting.
 9:07:02 BattlEye Server: Connected to BE Master
 9:07:06 BattlEye Server: Player #0 High Alert Highlander  - BE GUID: a01f35e030c4464ff5b5e9c18ddf0195
 9:07:09 Player High Alert Highlander  connected (id=76561198065774594).
 9:07:09 BattlEye Server: Verified GUID (a01f35e030c4464ff5b5e9c18ddf0195) of player #0 High Alert Highlander 
 9:49:43 Bedii uses modified data file
 9:49:43 BattlEye Server: Player #1 Bedii (88.251.243.133:2304) connected
 9:49:43 Player Bedii connecting.
 9:49:46 BattlEye Server: Player #1 Bedii - BE GUID: a00bb4a68b6bd6225489610905864570
 9:49:46 Player Bedii connected (id=76561198129611217).
 9:49:46 BattlEye Server: Verified GUID (a00bb4a68b6bd6225489610905864570) of player #1 Bedii
 9:49:47 Player Bedii disconnected.
 9:49:47 BattlEye Server: Player #1 Bedii disconnected
11:01:57 Player High Alert Highlander  disconnected.
11:01:57 BattlEye Server: Player #0 High Alert Highlander  disconnected
11:58:34 Smedly uses modified data file
11:58:34 BattlEye Server: Player #0 Smedly (71.211.160.241:2309) connected
11:58:34 Player Smedly connecting.
11:58:36 BattlEye Server: Player #0 Smedly - BE GUID: f48322c7f7681653570e8ca95ca90535
11:58:36 Player Smedly connected (id=76561198065522728).
11:58:37 BattlEye Server: Verified GUID (f48322c7f7681653570e8ca95ca90535) of player #0 Smedly
12:02:16 John Wick uses modified data file
12:02:16 BattlEye Server: Player #1 John Wick (70.15.18.77:2304) connected
12:02:16 Player John Wick connecting.
12:02:17 Player John Wick disconnected.
12:02:17 BattlEye Server: Player #1 John Wick disconnected
12:19:25 Micheal Leonard uses modified data file
12:19:25 BattlEye Server: Player #1 Micheal Leonard (24.180.48.40:2309) connected
12:19:25 Player Micheal Leonard connecting.
12:19:27 BattlEye Server: Player #1 Micheal Leonard - BE GUID: 9e9bb7da7f8cc9d3c681d4ddc84de89b
12:19:28 Player Micheal Leonard connected (id=76561198069997773).
12:19:28 BattlEye Server: Verified GUID (9e9bb7da7f8cc9d3c681d4ddc84de89b) of player #1 Micheal Leonard
13:09:38 High Alert Highlander  uses modified data file
13:09:38 BattlEye Server: Player #2 High Alert Highlander  (190.171.107.20:62725) connected
13:09:38 Player High Alert Highlander  connecting.
13:09:43 BattlEye Server: Player #2 High Alert Highlander  - BE GUID: a01f35e030c4464ff5b5e9c18ddf0195
13:09:57 Player High Alert Highlander  connected (id=76561198065774594).
13:09:57 BattlEye Server: Verified GUID (a01f35e030c4464ff5b5e9c18ddf0195) of player #2 High Alert Highlander 
13:12:03 BattlEye Server: (Global) High Alert Highlander : WELCOME TO THE SERVER guys 
13:15:00 BattlEye Server: (Global) High Alert Highlander : im the admin if you have any questions pls let me know also you can join us in discord if you need help 
13:25:51 BattlEye Server: (Side) High Alert Highlander : do you want to jump in 
13:28:20 Xavier uses modified data file
13:28:20 BattlEye Server: Player #3 Xavier (72.51.112.111:8937) connected
13:28:20 Player Xavier connecting.
13:29:15 Player Xavier disconnected.
13:29:15 BattlEye Server: Player #3 Xavier disconnected
13:47:41 KSK Mr Turlte555 uses modified data file
13:47:41 BattlEye Server: Player #3 KSK Mr Turlte555 (107.137.165.47:2309) connected
13:47:41 Player KSK Mr Turlte555 connecting.
13:47:44 BattlEye Server: Player #3 KSK Mr Turlte555 - BE GUID: 03f2264f73c45f636bc5cf167abaa20d
13:47:44 Player KSK Mr Turlte555 connected (id=76561198184113991).
13:47:44 BattlEye Server: Verified GUID (03f2264f73c45f636bc5cf167abaa20d) of player #3 KSK Mr Turlte555
14:15:37 Player KSK Mr Turlte555 disconnected.
14:15:37 BattlEye Server: Player #3 KSK Mr Turl