15:02:08 BattlEye Server: Initialized (v1.217)
15:02:08 Host identity created.
15:02:08 Game Port: 2307, Steam Query Port: 2308
15:02:08 Mission A3Wasteland Altis v1.4c read from bank.
15:02:10 Roles assigned.
15:02:10 Reading mission ...
15:02:49 Mission read.
15:02:49 Game started.
15:03:12 kyle uses modified data file
15:03:13 BattlEye Server: Player #0 kyle (90.252.185.82:2304) connected
15:03:13 Player kyle connecting.
15:03:13 BattlEye Server: Connected to BE Master
15:03:15 BattlEye Server: Player #0 kyle - BE GUID: 976878a2da91dcf878138dfc0dab6ffc
15:03:15 Player kyle connected (id=76561198148474565).
15:03:15 BattlEye Server: Verified GUID (976878a2da91dcf878138dfc0dab6ffc) of player #0 kyle
15:13:18 Zonojosh uses modified data file
15:13:18 BattlEye Server: Player #1 Zonojosh (73.227.223.137:2304) connected
15:13:18 Player Zonojosh connecting.
15:13:20 BattlEye Server: Player #1 Zonojosh - BE GUID: 24f076b539b3955108dd498e3530fb0d
15:13:21 Player Zonojosh connected (id=76561198092200457).
15:13:21 BattlEye Server: Verified GUID (24f076b539b3955108dd498e3530fb0d) of player #1 Zonojosh
15:25:33 WF-Jack uses modified data file
15:25:33 BattlEye Server: Player #2 WF-Jack (27.214.218.181:2304) connected
15:25:33 Player WF-Jack connecting.
15:25:37 BattlEye Server: Player #2 WF-Jack - BE GUID: af21c23a3cae47bc0b3f9711eb59b9f2
15:25:37 Player WF-Jack connected (id=76561198259856907).
15:25:37 BattlEye Server: Verified GUID (af21c23a3cae47bc0b3f9711eb59b9f2) of player #2 WF-Jack
15:28:25 Player WF-Jack disconnected.
15:28:25 BattlEye Server: Player #2 WF-Jack disconnected
15:32:40 WF-Jack uses modified data file
15:32:40 BattlEye Server: Player #2 WF-Jack (27.214.218.181:2304) connected
15:32:40 Player WF-Jack connecting.
15:32:43 BattlEye Server: Player #2 WF-Jack - BE GUID: af21c23a3cae47bc0b3f9711eb59b9f2
15:32:43 Player WF-Jack connected (id=76561198259856907).
15:32:43 BattlEye Server: Verified GUID (af21c23a3cae47bc0b3f9711eb59b9f2) of player #2 WF-Jack
15:32:49 Player WF-Jack disconnected.
15:32:49 BattlEye Server: Player #2 WF-Jack disconnected
15:34:28 Soft Fluffy Cuddlebear uses modified data file
15:34:28 BattlEye Server: Player #2 Soft Fluffy Cuddlebear (190.171.107.27:62725) connected
15:34:28 Player Soft Fluffy Cuddlebear connecting.
15:34:30 BattlEye Server: Player #2 Soft Fluffy Cuddlebear - BE GUID: a01f35e030c4464ff5b5e9c18ddf0195
15:34:31 Player Soft Fluffy Cuddlebear connected (id=76561198065774594).
15:34:31 BattlEye Server: Verified GUID (a01f35e030c4464ff5b5e9c18ddf0195) of player #2 Soft Fluffy Cuddlebear
15:44:41 BattlEye Server: (Global) Zonojosh: and the pussy strikes again
15:45:14 BattlEye Server: (Global) Soft Fluffy Cuddlebear: thks love those complamaints 
15:45:23 BattlEye Server: (Global) Zonojosh: welcome <3
15:45:35 BattlEye Server: (Global) Soft Fluffy Cuddlebear: muak
15:59:30 BattlEye Server: (Global) kyle: im just waiting for you to airstrike me
16:02:44 BattlEye Server: (Global) kyle: do you want to fight like a man yet?
16:08:41 BattlEye Server: (Global) kyle: are u gona barrage us or wa
16:28:14 BattlEye Server: (Global) kyle: ha u suc
16:30:05 BattlEye Server: (Global) kyle: still succc
16:31:39 BattlEye Server: (Global) Zonojosh: when are you gonna really take our stuff from missions we do?
16:43:38 Player Soft Fluffy Cuddlebear disconnected.
16:43:38 BattlEye Server: Player #2 Soft Fluffy Cuddlebear disconnected
16:50:02 BattlEye Server: (Group) Zonojosh: Im in a call with mckayla nd i know daz wont join
16:50:10 BattlEye Server: (Group) kyle: INV ME?
17:24:55 forwasp uses modified data file
17:24:56 BattlEye Server: Player #2 forwasp (188.232.27.64:2304) connected
17:24:56 Player forwasp connecting.
17:25:03 Player forwasp disconnected.
17:25:03 BattlEye Server: Player #2 forwasp disconnected
17:41:49 BattlEye Server: (Group) kyle: close bay
17:57:07 Cory's PC uses modified data file
17:57:07 BattlEye Server: Player #2 Cory's PC (68.32.250.234:2304) connected
17:57:07 Player Cory's PC connecting.
17:57:17 Player Cory's PC disconnected.
17:57:17 BattlEye Server: Player #2 Cory's PC disconnected
17:57:17 Cory's PC uses modified data file
17:57:17 BattlEye Server: Player #2 Cory's PC (68.32.250.234:2304) connected
17:57:17 Player Cory's PC connecting.
17:57:20 BattlEye Server: Player #2 Cory's PC - BE GUID: 6572b04db57e3772af4b489efb94b38d
17:57:20 Player Cory's PC connected (id=76561198079133138).
17:57:20 BattlEye Server: Verified GUID (6572b04db57e3772af4b489efb94b38d) of player #2 Cory's PC
17:57:24 Player Cory's PC disconnected.
17:57:24 BattlEye Server: Player #2 Cory's PC disconnected
18:11:28 Odhaving uses modified data file
18:11:28 BattlEye Server: Player #2 Odhaving (208.107.215.51:2304) connected
18:11:28 Player Odhaving connecting.
18:11:30 BattlEye Server: Player #2 Odhaving - BE GUID: 3dd45ae2aae999a097eb909cbc8278fa
18:11:46 Player Odhaving connected (id=76561198281946559).
18:11:46 BattlEye Server: Verified GUID (3dd45ae2aae999a097eb909cbc8278fa) of player #2 Odhaving
18:13:56 Ironside uses modified data file
18:13:56 BattlEye Server: Player #3 Ironside (24.118.118.85:2304) connected
18:13:56 Player Ironside connecting.
18:13:58 BattlEye Server: Player #3 Ironside - BE GUID: 8a2cf5db8b52210b8d418782d4ba31a9
18:13:59 Player Ironside connected (id=76561198159407384).
18:13:59 BattlEye Server: Verified GUID (8a2cf5db8b52210b8d418782d4ba31a9) of player #3 Ironside
18:27:51 BattlEye Server: (Direct) Odhaving: sir I cannot hear you
18:30:55 BattlEye Server: (Side) Zonojosh: Hey, you know its rude you kill people
18:31:11 BattlEye Server: (Side) Ironside: you shot at me first
18:32:33 BattlEye Server: (Side) Zonojosh: run little boys, daddies coming
18:35:28 ted uses modified data file
18:35:28 BattlEye Server: Player #4 ted (71.205.120.198:2304) connected
18:35:28 Player ted connecting.
18:35:30 BattlEye Server: Player #4 ted - BE GUID: 53d89bcd85d0d04d8852ebd0e0cfb2ba
18:35:31 Player ted connected (id=76561198273802196).
18:35:31 BattlEye Server: Verified GUID (53d89bcd85d0d04d8852ebd0e0cfb2ba) of player #4 ted
18:45:28 BattlEye Server: (Global) Odhaving: Mr jet you missed
18:45:58 BattlEye Server: (Global) Zonojosh: just sonic booms mate
18:48:03 BattlEye Server: (Global) kyle: thanks for the car
18:50:40 nemie uses modified data file
18:50:40 BattlEye Server: Player #5 nemie (175.34.78.112:2309) connected
18:50:40 Player nemie connecting.
18:50:47 Player nemie disconnected.
18:50:47 BattlEye Server: Player #5 nemie disconnected
18:52:40 BattlEye Server: (Global) Zonojosh: last time someone got on their friend to beat us, they were the server admins and ban us because they were salty and couldnt beat us
18:52:58 BattlEye Server: (Global) Ironside: ok?
18:53:07 BattlEye Server: (Global) Zonojosh: so plz no ban
18:58:04 BattlEye Server: (Global) kyle: are you lot hiding
18:58:11 BattlEye Server: (Global) Odhaving: Obviosly
18:58:21 BattlEye Server: (Global) kyle: round around and fight me like men
18:58:36 BattlEye Server: (Global) Odhaving: On this server this is the closest you get
18:58:45 BattlEye Server: (Global) kyle: sure
18:58:56 BattlEye Server: (Global) Odhaving: Not joking
18:59:05 BattlEye Server: (Global) Zonojosh: we know
18:59:05 BattlEye Server: (Global) kyle: no doubting but it is quite true
18:59:05 BattlEye Server: (Global) Odhaving: others will spam artilllery
18:59:05 BattlEye Server: (Global) Ironside: no everyone uses enless arty
18:59:11 BattlEye Server: (Global) Zonojosh: that bear fucker
18:59:19 BattlEye Server: (Global) Ironside: endless*
18:59:25 BattlEye Server: (Global) Zonojosh: you guys know where he is? cause i hate that cunt
18:59:31 BattlEye Server: (Global) Ironside: who
18:59:38 BattlEye Server: (Global) kyle: do you know where he is, ill hapily take the arty off his hands
18:59:44 BattlEye Server: (Global) Odhaving: He isnt on 
18:59:51 BattlEye Server: (Global) Zonojosh: his base we mean
19:00:08 BattlEye Server: (Global) Odhaving: We dont know where it is
19:00:20 BattlEye Server: (Global) kyle: suprise :3
19:00:30 BattlEye Server: (Direct) ted: D:
19:00:36 BattlEye Server: (Direct) ted: wanna be friends?
19:01:05 BattlEye Server: (Globa21:01:56 BattlEye Server: Initialized (v1.217)
21:01:56 Host identity created.
21:01:56 Game Port: 2307, Steam Query Port: 2308
21:01:57 Mission A3Wasteland Altis v1.4c read from bank.
21:01:59 Roles assigned.
21:01:59 Reading mission ...
21:02:37 Mission read.
21:02:38 Rou Kowalski uses modified data file
21:02:38 BattlEye Server: Player #0 Rou Kowalski (73.147.1.91:2309) connected
21:02:38 Player Rou Kowalski connecting.
21:02:38 Game started.
21:02:38 BattlEye Server: Connected to BE Master
21:02:40 BattlEye Server: Player #0 Rou Kowalski - BE GUID: 58cae163ea9d3a0ff8adde240b436737
21:02:41 Player Rou Kowalski connected (id=76561198034110598).
21:02:42 BattlEye Server: Verified GUID (58cae163ea9d3a0ff8adde240b436737) of player #0 Rou Kowalski
21:03:29 Yeet McDabbington uses modified data file
21:03:29 BattlEye Server: Player #1 Yeet McDabbington (73.21.180.37:2309) connected
21:03:29 Player Yeet McDabbington connecting.
21:03:31 BattlEye Server: Player #1 Yeet McDabbington - BE GUID: e0845e254755825b22e6d30dc7e61b99
21:03:34 Player Yeet McDabbington connected (id=76561198032540425).
21:03:34 BattlEye Server: Verified GUID (e0845e254755825b22e6d30dc7e61b99) of player #1 Yeet McDabbington
21:05:51 JUAN BRITOS uses modified data file
21:05:51 BattlEye Server: Player #2 JUAN BRITOS (190.133.232.230:2309) connected
21:05:51 Player JUAN BRITOS connecting.
21:05:53 BattlEye Server: Player #2 JUAN BRITOS - BE GUID: 25a06ef7d52b271a225d04fbadb91d98
21:05:54 Player JUAN BRITOS connected (id=76561198158129249).
21:05:54 BattlEye Server: Verified GUID (25a06ef7d52b271a225d04fbadb91d98) of player #2 JUAN BRITOS
21:11:09 Hemlock Kowalski uses modified data file
21:11:09 BattlEye Server: Player #3 Hemlock Kowalski (73.147.1.91:61022) connected
21:11:09 Player Hemlock Kowalski connecting.
21:11:11 BattlEye Server: Player #3 Hemlock Kowalski - BE GUID: 0e50d5bc222746efa845806a2af0fed1
21:11:13 Player Hemlock Kowalski connected (id=76561198201473535).
21:11:13 BattlEye Server: Verified GUID (0e50d5bc222746efa845806a2af0fed1) of player #3 Hemlock Kowalski
21:13:20 Max Mota uses modified data file
21:13:20 BattlEye Server: Player #4 Max Mota (190.75.120.106:2309) connected
21:13:20 Player Max Mota connecting.
21:13:23 BattlEye Server: Player #4 Max Mota - BE GUID: b24b492882c5bff2195677387329ee4f
21:13:25 Player Max Mota connected (id=76561198004095068).
21:13:25 BattlEye Server: Verified GUID (b24b492882c5bff2195677387329ee4f) of player #4 Max Mota
21:13:57 Player JUAN BRITOS disconnected.
21:13:57 BattlEye Server: Player #2 JUAN BRITOS disconnected
21:17:26 BattlEye Server: (Direct) Max Mota: group up
21:21:51 BattlEye Server: (Group) Max Mota: he is like whatever everything
21:22:27 BattlEye Server: (Group) Hemlock Kowalski: I think he feels upset we didnt let him join earlier. So Im tryin g to cheer him up.
21:28:10 BattlEye Server: (Group) Max Mota: xD
21:31:42 BattlEye Server: (Group) Max Mota: press eject
21:31:45 BattlEye Server: (Group) Max Mota: and you can see
21:34:13 High Alert Highlander  uses modified data file
21:34:13 BattlEye Server: Player #5 High Alert Highlander  (190.171.107.27:62725) connected
21:34:14 Player High Alert Highlander  connecting.
21:34:16 BattlEye Server: Player #5 High Alert Highlander  - BE GUID: a01f35e030c4464ff5b5e9c18ddf0195
21:34:18 Player High Alert Highlander  connected (id=76561198065774594).
21:34:18 BattlEye Server: Verified GUID (a01f35e030c4464ff5b5e9c18ddf0195) of player #5 High Alert Highlander 
21:37:17 BattlEye Server: (Group) Max Mota: T_T
22:00:01 Player Yeet McDabbington kicked off by BattlEye: Client not responding
22:00:02 Player Yeet McDabbington disconnected.
22:00:15 Yeet McDabbington uses modified data file
22:00:15 BattlEye Server: Player #6 Yeet McDabbington (73.21.180.37:2309) connected
22:00:15 Player Yeet McDabbington connecting.
22:00:17 BattlEye Server: Player #6 Yeet McDabbington - BE GUID: e0845e254755825b22e6d30dc7e61b99
22:00:20 Player Yeet McDabbington connected (id=76561198032540425).
22:00:20 BattlEye Server: Verified GUID (e0845e254755825b22e6d30dc7e61b99) of 