21:01:36 BattlEye Server: Initialized (v1.217)
21:01:36 Host identity created.
21:01:36 Game Port: 2307, Steam Query Port: 2308
21:01:36 Mission A3Wasteland Altis v1.4c read from bank.
21:01:38 Roles assigned.
21:01:38 Reading mission ...
21:02:19 Mission read.
21:02:20 Tugnuts uses modified data file
21:02:20 BattlEye Server: Player #0 Tugnuts (75.141.168.213:2309) connected
21:02:20 Player Tugnuts connecting.
21:02:20 Game started.
21:02:20 BattlEye Server: Connected to BE Master
21:02:21 BattlEye Server: Player #0 Tugnuts - BE GUID: eadc258dcb9e33e30381918c477e16c4
21:02:22 Player Tugnuts connected (id=76561197964252532).
21:02:22 BattlEye Server: Verified GUID (eadc258dcb9e33e30381918c477e16c4) of player #0 Tugnuts
21:04:26 Andy uses modified data file
21:04:26 BattlEye Server: Player #1 Andy (192.182.81.3:2309) connected
21:04:26 Player Andy connecting.
21:04:28 BattlEye Server: Player #1 Andy - BE GUID: 80626db1f5f8a2b430d04d9140222378
21:04:29 Player Andy connected (id=76561198419411531).
21:04:29 BattlEye Server: Verified GUID (80626db1f5f8a2b430d04d9140222378) of player #1 Andy
21:06:29 Player Andy disconnected.
21:06:29 BattlEye Server: Player #1 Andy disconnected
21:09:52 Andy uses modified data file
21:09:52 BattlEye Server: Player #1 Andy (192.182.81.3:2309) connected
21:09:52 Player Andy connecting.
21:09:54 BattlEye Server: Player #1 Andy - BE GUID: 80626db1f5f8a2b430d04d9140222378
21:09:54 Player Andy connected (id=76561198419411531).
21:09:55 BattlEye Server: Verified GUID (80626db1f5f8a2b430d04d9140222378) of player #1 Andy
21:17:07 SgtMajPrivate uses modified data file
21:17:07 BattlEye Server: Player #2 SgtMajPrivate (73.93.167.13:2309) connected
21:17:07 Player SgtMajPrivate connecting.
21:17:10 BattlEye Server: Player #2 SgtMajPrivate - BE GUID: 4c2b9d687447cbad1213b89cfae82f46
21:17:10 Player SgtMajPrivate connected (id=76561198164565751).
21:17:10 BattlEye Server: Verified GUID (4c2b9d687447cbad1213b89cfae82f46) of player #2 SgtMajPrivate
21:20:22 Admin logged in, player: SgtMajPrivate, playerUID: 76561198164565751, IP: 192.168.0.11:2309.
22:05:45 High Alert Highlander  uses modified data file
22:05:45 BattlEye Server: Player #3 High Alert Highlander  (190.171.107.63:62725) connected
22:05:45 Player High Alert Highlander  connecting.
22:05:51 BattlEye Server: Player #3 High Alert Highlander  - BE GUID: a01f35e030c4464ff5b5e9c18ddf0195
22:05:54 Player High Alert Highlander  connected (id=76561198065774594).
22:05:54 BattlEye Server: Verified GUID (a01f35e030c4464ff5b5e9c18ddf0195) of player #3 High Alert Highlander 
22:09:21 BattlEye Server: (Global) High Alert Highlander : hi guys 
22:09:28 BattlEye Server: (Global) SgtMajPrivate: hi
22:09:49 BattlEye Server: (Global) High Alert Highlander : and be ready 
22:11:17 BattlEye Server: (Global) High Alert Highlander : oklets see whereu r
22:13:49 BattlEye Server: (Global) High Alert Highlander : lol
22:14:44 BattlEye Server: (Global) High Alert Highlander : by the way i dont have the admin rights so when i killu another 5times cant say admin abuse 
22:15:10 BattlEye Server: (Global) High Alert Highlander : lolw
22:28:19 BattlEye Server: (Global) High Alert Highlander : 1 down 2missing 
22:31:03 BattlEye Server: (Global) High Alert Highlander : lol
22:47:44 Tyvolk uses modified data file
22:47:44 BattlEye Server: Player #4 Tyvolk (38.131.35.13:2309) connected
22:47:45 Player Tyvolk connecting.
22:47:47 BattlEye Server: Player #4 Tyvolk - BE GUID: 85883a1d96ad6fd2c27206d02e1b3e76
22:47:47 Player Tyvolk connected (id=76561198228279992).
22:47:47 BattlEye Server: Verified GUID (85883a1d96ad6fd2c27206d02e1b3e76) of player #4 Tyvolk
23:05:29 BattlEye Server: (Side) Tyvolk: thx sgt
23:05:50 BattlEye Server: (Side) Tyvolk: relogging real quick brb
23:05:59 BattlEye Server: (Side) SgtMajPrivate: np
23:06:08 Player Tyvolk disconnected.
23:06:08 BattlEye Server: Player #4 Tyvolk disconnected
23:08:59 Tyvolk uses modified data file
23:08:59 BattlEye Server: Player #4 Tyvolk (38.131.35.13:2309) connected
23:08:59 Player Tyvolk connecting.
23:09:02 BattlEye Serve