 9:01:37 BattlEye Server: Initialized (v1.217)
 9:01:37 Host identity created.
 9:01:37 Game Port: 2307, Steam Query Port: 2308
 9:01:38 Mission A3Wasteland Altis v1.4c read from bank.
 9:01:39 Roles assigned.
 9:01:39 Reading mission ...
 9:02:11 Mission read.
 9:02:12 Game started.
 9:04:17 Officer Ed Powell uses modified data file
 9:04:17 BattlEye Server: Player #0 Officer Ed Powell (77.102.117.172:2309) connected
 9:04:17 Player Officer Ed Powell connecting.
 9:04:18 BattlEye Server: Connected to BE Master
 9:04:20 BattlEye Server: Player #0 Officer Ed Powell - BE GUID: d443a863c81563bbc82f792c1b7bd4c8
 9:04:20 Player Officer Ed Powell connected (id=76561198028859586).
 9:04:20 BattlEye Server: Verified GUID (d443a863c81563bbc82f792c1b7bd4c8) of player #0 Officer Ed Powell
 9:04:27 Henry uses modified data file
 9:04:27 BattlEye Server: Player #1 Henry (50.24.90.35:2304) connected
 9:04:27 Player Henry connecting.
 9:04:29 BattlEye Server: Player #1 Henry - BE GUID: 1738795b3de790cfb52f2263540aeafb
 9:04:29 Player Henry connected (id=76561198062580548).
 9:04:29 BattlEye Server: Verified GUID (1738795b3de790cfb52f2263540aeafb) of player #1 Henry
 9:09:24 BattlEye Server: (Group) Henry: incoming
 9:09:31 BattlEye Server: (Group) Officer Ed Powell: inb4 a roof
 9:10:32 BattlEye Server: (Group) Officer Ed Powell: i hear an engine
 9:10:56 BattlEye Server: (Group) Officer Ed Powell: here it is
 9:11:11 BattlEye Server: (Group) Officer Ed Powell: thats so going on a roof
 9:11:18 BattlEye Server: (Group) Henry: looks good
 9:11:28 BattlEye Server: (Group) Officer Ed Powell: noice
 9:12:24 BattlEye Server: (Group) Henry: lets do tha AF again
 9:12:28 BattlEye Server: (Group) Henry: probably get another heli
 9:12:35 BattlEye Server: (Group) Henry: or TWO
 9:12:36 BattlEye Server: (Group) Officer Ed Powell: i wanna check this base on the hill
 9:12:38 BattlEye Server: (Group) Henry: and we can split up
 9:12:41 BattlEye Server: (Group) Henry: aight
 9:14:28 BattlEye Server: (Group) Henry: yeah
 9:14:36 BattlEye Server: (Group) Officer Ed Powell: oh there you are
 9:18:19 BattlEye Server: (Group) Henry: 50k?? please.
 9:18:37 BattlEye Server: (Group) Officer Ed Powell: sec
 9:19:52 BattlEye Server: (Group) Officer Ed Powell: sticky keys
 9:19:54 BattlEye Server: (Group) Henry: wat
 9:19:56 BattlEye Server: (Group) Henry: christ
 9:19:59 BattlEye Server: (Group) Henry: turn those off
 9:19:59 BattlEye Server: (Group) Officer Ed Powell: haha
 9:20:01 BattlEye Server: (Group) Officer Ed Powell: cba
 9:20:14 BattlEye Server: (Group) Henry: your damn sticky keys are going to get us killed
 9:20:18 BattlEye Server: (Group) Officer Ed Powell: hahaha
 9:20:30 BattlEye Server: (Group) Officer Ed Powell: truck up ahead
 9:20:33 BattlEye Server: (Group) Officer Ed Powell: u got a rocket?
 9:20:35 BattlEye Server: (Group) Henry: i see
 9:20:37 BattlEye Server: (Group) Henry: uhh
 9:20:39 BattlEye Server: (Group) Henry: yeah
 9:23:04 BattlEye Server: (Group) Officer Ed Powell: arghhhhhhhhhhhh
 9:23:10 BattlEye Server: (Group) Henry: shit
 9:23:12 BattlEye Server: (Group) Henry: another truck
 9:23:14 BattlEye Server: (Group) Henry: quiet!
 9:23:32 BattlEye Server: (Group) Henry: sorted
 9:23:35 BattlEye Server: (Group) Henry: nvm
 9:23:45 BattlEye Server: (Group) Officer Ed Powell: might be now
 9:23:48 BattlEye Server: (Group) Officer Ed Powell: stay down
 9:25:11 BattlEye Server: (Group) Officer Ed Powell: bring the quad
 9:25:16 BattlEye Server: (Group) Officer Ed Powell: doubt we can load these both
 9:25:28 BattlEye Server: (Group) Henry: k
 9:25:46 BattlEye Server: (Group) Officer Ed Powell: nigga had helmets on deck
 9:27:37 BattlEye Server: (Group) Officer Ed Powell: can you wear the ghillie?
 9:28:43 BattlEye Server: (Group) Officer Ed Powell: this one has oldschool NVGs
 9:29:08 BattlEye Server: (Group) Henry: yeah i got some
 9:29:11 BattlEye Server: (Group) Henry: like em better
 9:29:20 BattlEye Server: (Group) Henry: dont really need NV tho
 9:30:09 BattlEye Server: (Group) Officer Ed Powell: swap stuff into 1 crate
 9:30:55 BattlEye Server: (Group) Henry: fuggit
 9:31:00 BattlEye Server: (Group) Henry: just load the tan one
 9:31:52 BattlEye Server: (Group) Officer Ed Powell: think i just glitched it
 9:31:54 BattlEye Server: (Group) Officer Ed Powell: oh well
 9:33:03 BattlEye Server: (Group) Henry: lets get that AF patrol
 9:33:04 BattlEye Server: (Group) Officer Ed Powell: patrol at the airfield
 9:33:06 BattlEye Server: (Group) Officer Ed Powell: k
 9:35:38 BattlEye Server: (Group) Henry: lets camp at the S end
 9:37:23 BattlEye Server: (Group) Officer Ed Powell: see the lines?
 9:37:27 BattlEye Server: (Group) Officer Ed Powell: bunch at the south end
 9:37:49 BattlEye Server: (Group) Officer Ed Powell: its an unarmed truck
 9:40:32 BattlEye Server: (Group) Henry: FUCK
 9:40:43 BattlEye Server: (Group) Officer Ed Powell: theres a fucking TANK right here and i cant get in it
 9:41:55 BattlEye Server: (Group) Officer Ed Powell: oh its locked
 9:42:21 BattlEye Server: (Group) Officer Ed Powell: needs a pin number
 9:42:26 BattlEye Server: (Group) Henry: enemy in those two trucks
 9:42:29 BattlEye Server: (Group) Henry: and i saw a tank
 9:42:37 BattlEye Server: (Group) Officer Ed Powell: got rockets?
 9:42:42 BattlEye Server: (Group) Henry: 1
 9:43:19 BattlEye Server: (Group) Henry: fucking hell
 9:43:33 BattlEye Server: (Group) Officer Ed Powell: theres a thunderbolt in this hangar
 9:43:41 BattlEye Server: (Group) Henry: just got run over my a pickup truck
 9:43:47 BattlEye Server: (Group) Officer Ed Powell: lmao
 9:43:49 BattlEye Server: (Group) Henry: did you program these AI?
 9:43:55 BattlEye Server: (Group) Officer Ed Powell: lol
 9:44:59 BattlEye Server: (Group) Officer Ed Powell: woah
 9:45:00 BattlEye Server: (Group) Officer Ed Powell: thunder
 9:45:03 BattlEye Server: (Group) Officer Ed Powell: thought that was IRL
 9:45:11 BattlEye Server: (Group) Henry: what was that?
 9:45:34 BattlEye Server: (Group) Henry: TANK
 9:45:35 BattlEye Server: (Group) Henry: care
 9:45:46 BattlEye Server: (Group) Officer Ed Powell: shoulda kept that rocket dawg
 9:47:19 BattlEye Server: (Group) Officer Ed Powell: welp
 9:47:22 BattlEye Server: (Group) Officer Ed Powell: got done through the hangar
 9:47:29 BattlEye Server: (Group) Officer Ed Powell: we need bigger weapons
 9:47:58 BattlEye Server: (Group) Officer Ed Powell: throw smokes or some shit
 9:48:02 BattlEye Server: (Group) Officer Ed Powell: 2:20
 9:48:41 BattlEye Server: (Group) Officer Ed Powell: did someone just boot up the plane?
 9:49:04 BattlEye Server: (Group) Henry: didnt hear it
 9:49:08 BattlEye Server: (Group) Officer Ed Powell: thanks
 9:49:30 BattlEye Server: (Group) Henry: suns up
 9:49:54 BattlEye Server: (Group) Officer Ed Powell: tank is SE
 9:49:55 BattlEye Server: (Group) Henry: we need to stock up on explosives
 9:49:59 BattlEye Server: (Group) Henry: theres 2
 9:49:59 BattlEye Server: (Group) Officer Ed Powell: 100m
 9:50:06 BattlEye Server: (Group) Officer Ed Powell: oh boy
 9:50:16 BattlEye Server: (Group) Henry: oh is right in front of me
 9:50:22 BattlEye Server: (Group) Henry: front of this hanger you died at
 9:51:24 BattlEye Server: (Group) Henry: think it got struck my lightning
 9:51:27 BattlEye Server: (Group) Officer Ed Powell: lol
 9:51:44 BattlEye Server: (Group) Henry: cover me
 9:51:57 BattlEye Server: (Group) Officer Ed Powell: lmfao
 9:52:02 BattlEye Server: (Group) Officer Ed Powell: commander got you
 9:52:25 BattlEye Server: (Group) Officer Ed Powell: i dont have smokes
 9:52:27 BattlEye Server: (Group) Henry: probably better to respawn
 9:52:33 BattlEye Server: (Group) Officer Ed Powell: wait
 9:52:37 BattlEye Server: (Group) Henry: 2:00
 9:53:26 BattlEye Server: (Group) Officer Ed Powell: im going for the heli
 9:53:41 BattlEye Server: (Group) Officer Ed Powell: WHYD YOU DO THAT
 9:54:04 BattlEye Server: (Group) Henry: I PANICKED
 9:55:02 BattlEye Server: (Group) Officer Ed Powell: STAY DOWN
 9:55:11 BattlEye Server: (Group) Henry: yes officer
 9:55:39 BattlEye Server: (Group) Officer Ed Powell: might be able to kill the other truck with this gun
 9:55:45 BattlEye Server: (Group) Officer Ed Powell: i dont mind dying if you wanna make a run for it
 9:55:47 BattlEye Server: (Group) Officer Ed Powell: lol
 9:56:18 BattlEye Server: (Group) Officer Ed Powell: oh shit
 9:56:21 BattlEye Server: (Group) Officer Ed Powell: theyre far off
 9:56:26 BattlEye Server: (Group) Officer Ed Powell: can we repair this?
 9:56:44 BattlEye Server: (Group) Officer Ed Powell: its got fumes
 9:57:05 BattlEye Server: (Group) Officer Ed Powell: got a repair?
 9:57:15 BattlEye Server: (Group) Henry: that was it
 9:57:33 BattlEye Server: (Group) Officer Ed Powell: we need rpgs
 9:57:35 BattlEye Server: (Group) Officer Ed Powell: or something
 9:57:45 BattlEye Server: (Group) Officer Ed Powell: Pyrgos gunstore?
 9:57:55 BattlEye Server: (Group) Officer Ed Powell: south
 9:58:00 BattlEye Server: (Group) Henry: guess that is the closest
 9:58:02 BattlEye Server: (Group) Officer Ed Powell: or steal a heli
 9:58:13 BattlEye Server: (Group) Henry: heli
 9:59:26 BattlEye Server: (Group) Henry: oh!
 9:59:27 BattlEye Server: (Group) Officer Ed Powell: were gewd
 9:59:32 BattlEye Server: (Group) Henry: we coulda called in a launcher drop
 9:59:38 BattlEye Server: (Group) Henry: might not have enough
 9:59:38 BattlEye Server: (Group) Officer Ed Powell: theyre expensive!
 9:59:40 BattlEye Server: (Group) Henry: ya
10:00:29 BattlEye Server: (Group) Officer Ed Powell: wtf
10:01:35 BattlEye Server: (Group) Henry: HE or heat?
10:01:37 BattlEye Server: (Group) Officer Ed Powell: you can sell vehicles here
10:01:39 BattlEye Server: (Group) Officer Ed Powell: HEAT
10:02:11 BattlEye Server: (Group) Officer Ed Powell: jesus
10:02:13 BattlEye Server: (Group) Officer Ed Powell: 3.5k each!
10:02:30 BattlEye Server: (Group) Officer Ed Powell: or wait
10:02:41 BattlEye Server: (Group) Officer Ed Powell: mother of god this stuff is expensive
10:03:03 BattlEye Server: (Group) Henry: ive got 5
10:03:07 BattlEye Server: (Group) Officer Ed Powell: lmao
10:03:23 BattlEye Server: (Group) Officer Ed Powell: yo lets take the hatchback
10:03:27 BattlEye Server: (Group) Officer Ed Powell: its stealthier
10:04:30 BattlEye Server: (Group) Henry: you look like a soccer mom taking your child to military camp
10:04:38 BattlEye Server: (Group) Officer Ed Powell: lold
10:04:48 BattlEye Server: (Group) Officer Ed Powell: am i a woman?!
10:05:00 BattlEye Server: (Group) Henry: i cant make that call
10:05:37 BattlEye Server: (Group) Henry: care, heli
10:05:39 BattlEye Server: (Group) Henry: do not slow down
10:05:51 BattlEye Server: (Group) Officer Ed Powell: had to check the map!
10:05:59 BattlEye Server: (Group) Henry: gogogogo
10:06:17 BattlEye Server: (Group) Officer Ed Powell: fuck that
10:06:35 BattlEye Server: (Group) Officer Ed Powell: lmao
10:06:36 BattlEye Server: (Group) Henry: you dubmass
10:06:46 BattlEye Server: (Group) Officer Ed Powell: i pressed m and that happened
10:07:06 BattlEye Server: (Group) Henry: lets cap
10:07:17 BattlEye Server: (Group) Officer Ed Powell: circle?
10:07:20 BattlEye Server: (Group) Henry: both of em
10:07:29 BattlEye Server: (Group) Henry: oh
10:07:34 BattlEye Server: (Group) Henry: that other ones a rectangle
10:07:40 BattlEye Server: (Group) Officer Ed Powell: yeah it is
10:07:55 High Alert Highlander  uses modified data file
10:07:56 BattlEye Server: Player #2 High Alert Highlander  (190.171.107.63:62725) connected
10:07:56 Player High Alert Highlander  connecting.
10:08:01 BattlEye Server: Player #2 High Alert Highlander  - BE GUID: a01f35e030c4464ff5b5e9c18ddf0195
10:08:16 Player High Alert Highlander  connected (id=76561198065774594).
10:08:16 BattlEye Server: Verified GUID (a01f35e030c4464ff5b5e9c18ddf0195) of player #2 High Alert Highlander 
10:08:36 BattlEye Server: (Group) Henry: do these maaws have some range to em?
10:08:42 BattlEye Server: (Group) Officer Ed Powell: oh yes
10:08:49 BattlEye Server: (Group) Henry: hot damn wuzzat
10:08:56 BattlEye Server: (Group) Officer Ed Powell: you have to look at the scope
10:09:00 BattlEye Server: (Group) Officer Ed Powell: it tells you the distance
10:09:50 BattlEye Server: (Group) Officer Ed Powell: could you get a visual on the tanks?
10:09:53 BattlEye Server: (Group) Officer Ed Powell: from here
10:10:07 Admin logged in, player: High Alert Highlander , playerUID: 76561198065774594, IP: 192.168.0.10:2309.
10:10:12 BattlEye Server: (Group) Officer Ed Powell: tell me where these shots land
10:10:20 BattlEye Server: (Group) Henry: nope
10:10:31 BattlEye Server: (Group) Henry: i see it
10:10:50 BattlEye Server: (Group) Officer Ed Powell: damn it turned
10:11:23 BattlEye Server: (Group) Henry: pretty close
10:11:47 BattlEye Server: (Group) Officer Ed Powell: this is launcher range
10:11:51 BattlEye Server: (Group) Henry: he' son us
10:11:59 BattlEye Server: (Global) High Alert Highlander : hi guys welcome to the server 
10:12:13 BattlEye Server: (Group) Henry: disabled
10:12:16 BattlEye Server: (Group) Henry: theyre on the road
10:12:17 BattlEye Server: (Global) Officer Ed Powell: hullo
10:12:33 BattlEye Server: (Global) Henry: hallo
10:12:57 BattlEye Server: (Global) High Alert Highlander : in  a few moment i will make an update in the server but i will send the restart message in time
10:13:15 BattlEye Server: (Global) Officer Ed Powell: no problem
10:13:38 BattlEye Server: (Group) Officer Ed Powell: still AI out there?
10:14:08 BattlEye Server: (Group) Henry: yep
10:14:14 BattlEye Server: (Group) Henry: they ran back the way the tank came
10:16:31 BattlEye Server: (Group) Officer Ed Powell: care
10:16:34 BattlEye Server: (Group) Henry: ya
10:17:19 BattlEye Server: (Group) Officer Ed Powell: some  are on the airfield
10:17:25 BattlEye Server: (Group) Officer Ed Powell: south of us
10:17:53 BattlEye Server: (Group) Henry: tank out there
10:17:56 BattlEye Server: (Group) Henry: moving left
10:18:03 BattlEye Server: (Group) Officer Ed Powell: yep
10:18:06 BattlEye Server: (Group) Officer Ed Powell: 600m
10:18:16 BattlEye Server: (Group) Henry: bradley type too
10:18:35 BattlEye Server: (Group) Henry: no big gun
10:18:36 BattlEye Server: (Group) Officer Ed Powell: WHERE ARE MY FUCKING BINOCULARS
10:18:42 BattlEye Server: (Group) Officer Ed Powell: ITS COMING
10:19:07 BattlEye Server: (Group) Henry: HOLY SHIT
10:19:15 BattlEye Server: (Group) Officer Ed Powell: 400
10:19:25 BattlEye Server: (Group) Officer Ed Powell: BIT LESS
10:19:34 BattlEye Server: (Group) Henry: fence in the way
10:19:36 BattlEye Server: (Group) Henry: and trees
10:19:49 BattlEye Server: (Group) Henry: damn
10:20:01 BattlEye Server: (Group) Henry: dasit
10:20:04 BattlEye Server: (Group) Officer Ed Powell: nice
10:20:12 BattlEye Server: (Group) Henry: ded
10:20:16 BattlEye Server: (Group) Officer Ed Powell: i lold
10:20:20 BattlEye Server: (Group) Henry: fuckin instagibbed
10:20:23 BattlEye Server: (Group) Officer Ed Powell: knew that was gonna happen
10:20:40 BattlEye Server: (Group) Officer Ed Powell: omg
10:20:43 BattlEye Server: (Group) Officer Ed Powell: tanks up!
10:20:49 BattlEye Server: (Group) Henry: the other?
10:20:55 BattlEye Server: (Group) Officer Ed Powell: think so
10:21:04 BattlEye Server: (Group) Officer Ed Powell: i saw an explod
10:21:16 BattlEye Server: (Group) Officer Ed Powell: ho boy
10:23:17 Player High Alert Highlander  disconnected.
10:23:17 BattlEye Server: Player #2 High Alert Highlander  disconnected
10:23:17 Admin logged out, player: High Alert Highlander , playerUID: 76561198065774594, IP: 192.168.0.10:2309.
10:23:34 BattlEye Server: (Group) Henry: theyre flanking right
10:23:45 BattlEye Server: (Group) Officer Ed Powell: so am i!
10:25:06 BattlEye Server: (Group) Officer Ed Powell: infantry
10:25:57 BattlEye Server: (Group) Officer Ed Powell: on your right
10:26:37 BattlEye Server: (Group) Henry: just the south end left
10:26:55 BattlEye Server: (Group) Henry: was this that other tank you just blew up?
10:26:59 BattlEye Server: (Group) Officer Ed Powell: yeah
10:27:04 BattlEye Server: (Group) Officer Ed Powell: i think theres more tho
10:27:09 BattlEye Server: (Group) Henry: geezus
10:27:17 BattlEye Server: (Group) Officer Ed Powell: theyre north of the VS
10:27:47 BattlEye Server: (Group) Officer Ed Powell: lil boid
10:28:03 BattlEye Server: (Group) Henry: damn
10:28:03 BattlEye Server: (Group) Officer Ed Powell: no chance
10:28:16 BattlEye Server: (Group) Henry: cant use the launcher on bench
10:28:23 BattlEye Server: (Group) Officer Ed Powell: lol
10:28:40 BattlEye Server: (Group) Officer Ed Powell: lets get in the ctrl tower
10:28:44 BattlEye Server: (Group) Officer Ed Powell: if possible
10:29:39 BattlEye Server: (Group) Henry: theres a tent
10:30:02 BattlEye Server: (Group) Officer Ed Powell: theyre coming
10:30:28 BattlEye Server: (Group) Officer Ed Powell: 1 truck inc
10:30:44 BattlEye Server: (Group) Officer Ed Powell: want me to lure it?
10:30:55 BattlEye Server: (Group) Henry: naw let it get closer
10:31:00 BattlEye Server: (Group) Henry: quite a few in the truck
10:31:06 BattlEye Server: (Group) Henry: dont want em to scatter too far apart
10:31:21 BattlEye Server: (Group) Officer Ed Powell: u have the first shot, only got one rocket here
10:31:52 BattlEye Server: (Group) Officer Ed Powell: heli SE
10:31:56 BattlEye Server: (Group) Officer Ed Powell: nvm
10:32:15 BattlEye Server: (Group) Henry: get ready
10:32:30 BattlEye Server: (Group) Officer Ed Powell: this is the last thing i think
10:32:50 BattlEye Server: (Group) Henry: nice
10:33:01 BattlEye Server: (Group) Henry: shots
10:33:05 BattlEye Server: (Group) Officer Ed Powell: infantry
10:33:11 BattlEye Server: (Group) Officer Ed Powell: couple still up
10:33:26 BattlEye Server: (Group) Officer Ed Powell: heli above
10:33:37 BattlEye Server: (Group) Officer Ed Powell: despawned lol
10:34:05 BattlEye Server: (Group) Officer Ed Powell: dassit mayne
10:34:07 BattlEye Server: (Group) Henry: goteem
10:34:21 BattlEye Server: (Group) Officer Ed Powell: his pockets were full of crates
10:34:34 BattlEye Server: (Group) Officer Ed Powell: look back here
10:34:45 BattlEye Server: (Group) Henry: spawn beacon
10:36:38 BattlEye Server: (Group) Officer Ed Powell: oh wow
10:36:40 BattlEye Server: (Group) Officer Ed Powell: he dropped money
10:37:19 BattlEye Server: (Group) Officer Ed Powell: load em up
10:37:21 BattlEye Server: (Group) Officer Ed Powell: lets bank shit
10:37:26 BattlEye Server: (Group) Officer Ed Powell: guy said something about a restart
10:37:54 BattlEye Server: (Group) Henry: more HEAT rockets in the one
10:38:09 BattlEye Server: (Group) Officer Ed Powell: that was fun
10:38:17 BattlEye Server: (Group) Officer Ed Powell: i just picked up like 50k
10:38:24 BattlEye Server: (Group) Henry: contact front
10:38:25 BattlEye Server: (Group) Henry: 100m
10:38:31 BattlEye Server: (Group) Henry: well probably behind now
10:38:40 BattlEye Server: (Group) Officer Ed Powell: he can suck my dick
10:38:54 BattlEye Server: (Group) Henry: man, 60fps tho
10:40:38 BattlEye Server: (Group) Officer Ed Powell: boy better know im taking the PKM
10:40:58 BattlEye Server: (Group) Henry: man dont know
10:41:35 BattlEye Server: (Group) Henry: this jav looks dope
10:42:13 BattlEye Server: (Group) Henry: im set
10:42:16 BattlEye Server: (Group) Henry: sellem
10:42:18 BattlEye Server: (Group) Henry: brb
10:42:42 BattlEye Server: (Group) Officer Ed Powell: hahah
10:42:44 BattlEye Server: (Group) Officer Ed Powell: i cant
10:42:48 BattlEye Server: (Group) Officer Ed Powell: too much stuff in it
10:43:37 BattlEye Server: (Group) Officer Ed Powell: hoooly fuck
10:43:38 BattlEye Server: (Group) Officer Ed Powell: 150k
10:43:43 BattlEye Server: (Group) Officer Ed Powell: for that one crate
10:43:50 BattlEye Server: (Group) Officer Ed Powell: ATM
10:45:52 BattlEye Server: (Group) Henry: cheg this
10:45:58 BattlEye Server: (Group) Officer Ed Powell: wut
10:46:17 BattlEye Server: (Group) Officer Ed Powell: ooh
10:47:00 BattlEye Server: (Group) Henry: supply truck then MAIN BATTLE TANK
10:47:06 BattlEye Server: (Group) Officer Ed Powell: yeah
10:47:26 BattlEye Server: (Group) Henry: lets cap that point on the salts too
10:47:27 BattlEye Server: (Group) Officer Ed Powell: gonna be dark soon
10:48:25 BattlEye Server: (Group) Officer Ed Powell: shoulda took the military LB
10:48:44 BattlEye Server: (Group) Henry: this one's prettier
10:49:10 BattlEye Server: (Group) Officer Ed Powell: see anything?
10:49:15 BattlEye Server: (Group) Henry: naw
10:49:18 BattlEye Server: (Group) Henry: careful tho
10:49:21 BattlEye Server: (Group) Henry: think theres a few inf
10:50:31 BattlEye Server: (Group) Officer Ed Powell: this is gonna be a shit show
10:50:33 BattlEye Server: (Group) Henry: never been here
10:51:52 ALI MAX uses modified data file
10:51:52 BattlEye Server: Player #2 ALI MAX (37.238.0.78:9519) connected
10:51:52 Player ALI MAX connecting.
10:51:57 BattlEye Server: Player #2 ALI MAX - BE GUID: c5e4f5c27b08d5980a7ebc1cec72cff4
10:52:02 Player ALI MAX connected (id=76561198267271672).
10:52:02 BattlEye Server: Verified GUID (c5e4f5c27b08d5980a7ebc1cec72cff4) of player #2 ALI MAX
10:55:18 BattlEye Server: (Group) Henry: had a small heart attack there
10:55:21 BattlEye Server: (Group) Officer Ed Powell: lol
10:56:02 BattlEye Server: (Group) Officer Ed Powell: my ammo is almost gone already
10:56:30 BattlEye Server: (Group) Officer Ed Powell: lotta sweet scopes in there
10:56:42 BattlEye Server: (Group) Henry: yeah
10:57:16 BattlEye Server: (Group) Officer Ed Powell: another patrol at AF
10:57:28 BattlEye Server: (Group) Henry: after this
10:57:39 BattlEye Server: (Group) Henry: wanna see what  BATTLE TANK is
10:57:56 BattlEye Server: (Group) Officer Ed Powell: itll be an Abram or something
10:58:01 BattlEye Server: (Group) Officer Ed Powell: so be careful driving up
10:58:06 BattlEye Server: (Group) Officer Ed Powell: it can prolly snipe is from 2km away
10:58:24 BattlEye Server: (Group) Henry: forreal?
10:58:26 BattlEye Server: (Group) Officer Ed Powell: we ought to ambush em
10:59:25 BattlEye Server: (Group) Officer Ed Powell: maybe itll be disabled tho
10:59:59 BattlEye Server: (Group) Officer Ed Powell: we shoulda just sold this shit first
11:00:05 BattlEye Server: (Group) Officer Ed Powell: tbh!
11:00:16 BattlEye Server: (Group) Officer Ed Powell: could drive while i fly
11:00:19 BattlEye Server: (Group) Henry: GUN STORE ON THE WAY
11:00:28 BattlEye Server: (Group) Officer Ed Powell: THAT IS NOT ON THE WAY
11:00:48 BattlEye Server: (Group) Henry: here
11:00:49 BattlEye Server: (Group) Henry: cry baby
11:00:49 BattlEye Server: (Group) Officer Ed Powell: yo that thing on the flats is an airfield i think
11:00:58 BattlEye Server: (Group) Officer Ed Powell: oh shiet
11:01:27 BattlEye Server: (Group) Henry: which one/
11:01:39 BattlEye Server: (Group) Officer Ed Powell: LB
11:01:42 BattlEye Server: (Group) Officer Ed Powell: unless that one has guns
11:02:07 Player ALI MAX disconnected.
11:02:07 BattlEye Server: Player #2 ALI MAX disconnected
11:04:38 BattlEye Server: (Group) Officer Ed Powell: prolly ognna need repairs and fuel for this
11:04:55 BattlEye Server: (Group) Officer Ed Powell: 5 or 6 AI there
11:04:57 BattlEye Server: (Group) Officer Ed Powell: on foot
11:05:07 BattlEye Server: (Group) Henry: werd, ill loot up this city
11:05:18 BattlEye Server: (Group) Henry: tank out of service?
11:05:22 BattlEye Server: (Group) Officer Ed Powell: yeah
11:05:26 BattlEye Server: (Group) Officer Ed Powell: can we buy em at the gunstore?
11:05:34 BattlEye Server: (Group) Henry: might
11:06:48 BattlEye Server: (Group) Henry: nope
11:07:26 BattlEye Server: (Group) Officer Ed Powell: chill
11:08:58 BattlEye Server: (Group) Officer Ed Powell: wheres my cut
11:09:05 BattlEye Server: (Group) Henry: it was only 3k
11:09:16 BattlEye Server: (Group) Officer Ed Powell: ill take 2
11:11:35 BattlEye Server: (Group) Officer Ed Powell: whoever that guy was before musta been bullshitting about updates
11:12:10 BattlEye Server: (Group) Henry: yyeah i didnt trust him
11:12:41 BattlEye Server: (Group) Officer Ed Powell: so where do we buy fuel n shit
11:12:44 BattlEye Server: (Group) Officer Ed Powell: vehicle store?
11:12:51 BattlEye Server: (Group) Henry: no idea
11:12:55 BattlEye Server: (Group) Officer Ed Powell: must be
11:13:00 BattlEye Server: (Group) Officer Ed Powell: lets fly
11:13:06 BattlEye Server: (Group) Henry: oh general store
11:13:26 BattlEye Server: (Group) Officer Ed Powell: oh derp
11:14:29 BattlEye Server: (Group) Officer Ed Powell: did you see all the ammo options?
11:14:37 BattlEye Server: (Group) Officer Ed Powell: i have AP incendiary rounds
11:14:42 BattlEye Server: (Group) Henry: didnt see those
11:14:48 BattlEye Server: (Group) Henry: this mg240 only had AP
11:14:56 BattlEye Server: (Group) Officer Ed Powell: i got a mixtures
11:16:37 BattlEye Server: (Group) Officer Ed Powell: money shipment is up here
11:16:39 BattlEye Server: (Group) Officer Ed Powell: near the store
11:17:00 BattlEye Server: (Group) Officer Ed Powell: itll probably fuck us up
11:19:34 BattlEye Server: (Group) Henry: yo
11:19:34 BattlEye Server: (Group) Officer Ed Powell: you can buy base assets
11:19:36 BattlEye Server: (Group) Henry: drugs
11:19:41 BattlEye Server: (Group) Officer Ed Powell: haha
11:20:06 BattlEye Server: (Group) Officer Ed Powell: half a mill for an arty strike
11:20:15 BattlEye Server: (Group) Henry: might be worth it
11:20:16 BattlEye Server: (Group) Officer Ed Powell: a syphon hose
11:20:21 BattlEye Server: (Group) Officer Ed Powell: nice
11:20:40 BattlEye Server: (Group) Officer Ed Powell: you must be able to sell the droogs somewhere
11:23:12 BattlEye Server: (Group) Henry: fuck
11:23:22 BattlEye Server: (Group) Officer Ed Powell: why dont the objectives have timers next to them
11:23:35 BattlEye Server: (Group) Officer Ed Powell: military patrol AF
11:23:36 BattlEye Server: (Group) Henry: forreal
11:23:39 BattlEye Server: (Group) Henry: aight
11:24:28 BattlEye Server: (Group) Officer Ed Powell: night in a few
11:25:15 BattlEye Server: (Group) Henry: lmao
11:25:17 BattlEye Server: (Group) Henry: look at me
11:25:22 BattlEye Server: (Group) Henry: nvm
11:25:30 BattlEye Server: (Group) Henry: marijuana is just a debuff
11:25:36 BattlEye Server: (Group) Officer Ed Powell: haha
11:25:43 BattlEye Server: (Group) Officer Ed Powell: it sure is
11:26:01 BattlEye Server: (Group) Officer Ed Powell: there
11:26:29 BattlEye Server: (Group) Officer Ed Powell: far side now
11:26:53 BattlEye Server: (Group) Officer Ed Powell: rpgs ready
11:27:27 BattlEye Server: (Group) Henry: shit, is that up?
11:27:32 BattlEye Server: (Group) Henry: on the fence road
11:27:36 BattlEye Server: (Group) Officer Ed Powell: the jeep?
11:27:39 BattlEye Server: (Group) Officer Ed Powell: truck
11:27:42 BattlEye Server: (Group) Henry: tread thing
11:27:52 BattlEye Server: (Group) Officer Ed Powell: dunno where youre looking
11:27:55 BattlEye Server: (Group) Officer Ed Powell: oh far out?
11:27:56 BattlEye Server: (Group) Officer Ed Powell: yeah
11:28:06 BattlEye Server: (Group) Officer Ed Powell: oh fuck
11:28:08 BattlEye Server: (Group) Officer Ed Powell: TANK
11:28:56 BattlEye Server: (Group) Officer Ed Powell: SEC
11:29:14 BattlEye Server: (Group) Officer Ed Powell: well
11:29:17 BattlEye Server: (Group) Officer Ed Powell: i hit it
11:29:36 BattlEye Server: (Group) Henry: shit, i shoulda dropped the beacon
11:29:40 BattlEye Server: (Group) Officer Ed Powell: its a stronk one
11:30:17 BattlEye Server: (Group) Officer Ed Powell: can prolly get back to our bodies
11:30:21 BattlEye Server: (Group) Henry: yeah
11:30:25 BattlEye Server: (Group) Henry: random town
11:30:28 BattlEye Server: (Group) Henry: see who's closer
11:30:30 BattlEye Server: (Group) Officer Ed Powell: spawn
11:30:36 BattlEye Server: (Group) Henry: damn, youre right on it
11:30:49 BattlEye Server: (Group) Officer Ed Powell: naw
11:31:07 BattlEye Server: (Group) Officer Ed Powell: im at the general sto town
11:31:13 BattlEye Server: (Group) Henry: its close enough
11:31:47 BattlEye Server: (Group) Henry: called a quad yet?
11:31:52 BattlEye Server: (Group) Officer Ed Powell: dont need to
11:32:24 BattlEye Server: (Group) Henry: looks like theyre on my body
11:32:27 BattlEye Server: (Group) Henry: :S
11:32:39 BattlEye Server: (Group) Officer Ed Powell: got a feeling i disabled it
11:32:58 BattlEye Server: (Group) Henry: what was it?
11:33:12 BattlEye Server: (Group) Officer Ed Powell: its something modern
11:33:16 BattlEye Server: (Group) Officer Ed Powell: im not good on tanks
11:33:29 BattlEye Server: (Group) Officer Ed Powell: big boi tank tho
11:33:36 BattlEye Server: (Group) Henry: deyum
11:34:10 BattlEye Server: (Group) Officer Ed Powell: theyre moving
11:34:24 BattlEye Server: (Group) Officer Ed Powell: we need some hard cover
11:34:26 BattlEye Server: (Group) Henry: nice
11:34:30 BattlEye Server: (Group) Officer Ed Powell: standing in a field is a bad idea
11:34:55 BattlEye Server: (Group) Henry: let me try to sneak to my body
11:35:06 BattlEye Server: (Group) Officer Ed Powell: im gonna do the same
11:35:25 BattlEye Server: (Group) Henry: ones on that road
11:35:27 BattlEye Server: (Group) Henry: fence road
11:35:31 BattlEye Server: (Group) Henry: heading this way
11:37:55 BattlEye Server: (Group) Officer Ed Powell: cant see shit through the trees
11:38:01 BattlEye Server: (Group) Henry: theyre on foot
11:38:12 BattlEye Server: (Group) Officer Ed Powell: u got a repair on your body?
11:38:19 BattlEye Server: (Group) Henry: cant get to it
11:38:25 BattlEye Server: (Group) Officer Ed Powell: grrr
11:38:26 BattlEye Server: (Group) Henry: see this line close to me
11:38:29 BattlEye Server: (Group) Henry: its a red truck
11:38:37 BattlEye Server: (Group) Henry: shift click mark it and aim for it
11:39:04 BattlEye Server: (Group) Officer Ed Powell: oh fuck
11:39:07 BattlEye Server: (Group) Officer Ed Powell: you spawn with repair
11:39:09 BattlEye Server: (Group) Officer Ed Powell: sec
11:42:40 BattlEye Server: (Group) Officer Ed Powell: regeared :D
11:42:46 BattlEye Server: (Group) Officer Ed Powell: come git in the tank
11:44:47 BattlEye Server: (Group) Officer Ed Powell: stop
11:44:54 BattlEye Server: (Group) Officer Ed Powell: get commander
11:47:47 BattlEye Server: (Group) Henry: dont think they have any bigguns
11:48:33 BattlEye Server: (Group) Officer Ed Powell: jesus this guys fat
11:48:45 BattlEye Server: (Group) Officer Ed Powell: hit twice
11:48:53 BattlEye Server: (Group) Henry: nice
11:48:56 BattlEye Server: (Group) Officer Ed Powell: 3 times
11:48:59 BattlEye Server: (Group) Officer Ed Powell: hes still up
11:49:18 BattlEye Server: (Group) Officer Ed Powell: 4
11:52:01 BattlEye Server: (Group) Officer Ed Powell: i think i got em
11:53:01 BattlEye Server: (Group) Henry: loot here
11:53:05 BattlEye Server: (Group) Officer Ed Powell: omw
11:53:14 BattlEye Server: (Group) Officer Ed Powell: lets go check that tank after
11:53:18 BattlEye Server: (Group) Officer Ed Powell: might be able to repair
11:53:33 BattlEye Server: (Group) Henry: oh shit niga
11:53:54 BattlEye Server: (Group) Officer Ed Powell: oh boy
11:54:49 BattlEye Server: (Group) Officer Ed Powell: best stay in cover lol
11:55:37 BattlEye Server: (Group) Officer Ed Powell: i dont think it can hurt me in here
11:55:38 BattlEye Server: (Group) Officer Ed Powell: MAYBE
11:56:20 BattlEye Server: (Group) Henry: jesus
11:56:24 BattlEye Server: (Group) Officer Ed Powell: WTF WAS THAT
11:56:38 BattlEye Server: (Group) Henry: are you alive?
11:56:42 BattlEye Server: (Group) Officer Ed Powell: yeah
11:56:46 BattlEye Server: (Group) Henry: i dont know what hit me
11:56:52 BattlEye Server: (Group) Henry: thought the heli only shot forward
11:56:54 BattlEye Server: (Group) Officer Ed Powell: gunner in the chopper i think
11:56:58 BattlEye Server: (Group) Henry: aaah
11:57:02 BattlEye Server: (Group) Henry: uh oh
11:57:07 BattlEye Server: (Group) Henry: holy shit
11:57:11 BattlEye Server: (Group) Henry: they finished me off
11:57:20 BattlEye Server: (Group) Henry: grab the beacon
11:57:21 BattlEye Server: (Group) Officer Ed Powell: im dead soon too
11:57:21 BattlEye Server: (Group) Henry: on me
11:57:22 BattlEye Server: (Group) Officer Ed Powell: haha
11:57:46 BattlEye Server: (Group) Officer Ed Powell: they have fuckin everything
11:57:49 BattlEye Server: (Group) Officer Ed Powell: anti tank missile got me
11:57:57 BattlEye Server: (Group) Officer Ed Powell: i cant see the beacon
11:58:00 BattlEye Server: (Group) Officer Ed Powell: sec
11:58:04 BattlEye Server: (Group) Henry: its gotta be there
11:58:12 BattlEye Server: (Group) Henry: oh you know what i mightve missed it
11:58:34 BattlEye Server: (Group) Officer Ed Powell: 2 repairs, 1 fuel and a marijuana
11:58:42 BattlEye Server: (Group) Henry: yeah i dropped it, damn
11:58:49 BattlEye Server: (Group) Officer Ed Powell: ur body is good
11:58:53 BattlEye Server: (Group) Officer Ed Powell: and the heli fucked off
11:59:11 BattlEye Server: (Group) Henry: im not far
12:00:31 BattlEye Server: (Group) Officer Ed Powell: need AA to take that shit out
12:00:33 BattlEye Server: (Group) Officer Ed Powell: it goes too fast
12:01:14 BattlEye Server: (Group) Officer Ed Powell: the AI is crazy man
12:01:22 BattlEye Server: (Group) Officer Ed Powell: this tank started to tow one of the trucks
12:02:18 BattlEye Server: (Group) Officer Ed Powell: i picked up your money by mistake
12:02:21 BattlEye Server: (Group) Officer Ed Powell: how much did you have
12:02:46 BattlEye Server: (Group) Henry: 3 billion
12:03:00 BattlEye Server: (Group) Officer Ed Powell: im keeping it now
12:03:46 BattlEye Server: (Group) Officer Ed Powell: BEEP
12:04:27 BattlEye Server: (Group) Officer Ed Powell: here
12:04:34 BattlEye Server: (Group) Henry: naw keep it
12:04:42 BattlEye Server: (Group) Henry: i made like 75k from that other run
12:04:57 BattlEye Server: (Group) Officer Ed Powell: im on 303k
12:05:12 BattlEye Server: (Group) Officer Ed Powell: lets get the truck convoy
12:06:07 BattlEye Server: (Group) Henry: heli is coming this way
12:06:08 BattlEye Server: (Group) Henry: kinda
12:06:32 BattlEye Server: (Group) Officer Ed Powell: hellaw
12:07:00 BattlEye Server: (Group) Henry: where even
12:07:04 BattlEye Server: (Group) Officer Ed Powell: hop out while it passes
12:07:09 BattlEye Server: (Group) Officer Ed Powell: itll see us
12:07:35 BattlEye Server: (Group) Henry: SHIT
12:07:40 BattlEye Server: (Group) Henry: i didnt get my RPG
12:07:44 BattlEye Server: (Group) Officer Ed Powell: me neither
12:08:23 BattlEye Server: (Group) Henry: drop me at the af
12:08:24 BattlEye Server: (Group) Officer Ed Powell: jeez
12:08:27 BattlEye Server: (Group) Officer Ed Powell: another patrol
12:08:35 BattlEye Server: (Group) Henry: geteem
12:08:56 BattlEye Server: (Group) Henry: hard left
12:08:59 BattlEye Server: (Group) Henry: i want my RPG
12:09:07 BattlEye Server: (Group) Officer Ed Powell: sec
12:09:16 BattlEye Server: (Group) Officer Ed Powell: SRSLY
12:10:54 BattlEye Server: (Group) Officer Ed Powell: left
12:10:56 BattlEye Server: (Group) Officer Ed Powell: watch out
12:11:23 BattlEye Server: (Group) Officer Ed Powell: more
12:13:30 BattlEye Server: (Group) Officer Ed Powell: FRONT
12:16:36 BattlEye Server: (Group) Officer Ed Powell: idk what that was
12:18:19 BattlEye Server: (Group) Officer Ed Powell: theres a tank still up
12:18:21 BattlEye Server: (Group) Officer Ed Powell: got the rpg?
12:18:48 BattlEye Server: (Group) Henry: nope
12:18:49 BattlEye Server: (Group) Henry: lost it
12:18:57 BattlEye Server: (Group) Henry: call in a case
12:19:10 BattlEye Server: (Group) Officer Ed Powell: sec
12:19:16 BattlEye Server: (Group) Officer Ed Powell: might be able to repair the tank
12:20:52 BattlEye Server: (Group) Officer Ed Powell: got a repair?
12:21:05 BattlEye Server: (Group) Henry: yeah
12:22:16 BattlEye Server: (Group) Officer Ed Powell: dont think i can do it
12:22:19 BattlEye Server: (Group) Officer Ed Powell: for some reason
12:23:03 BattlEye Server: (Group) Officer Ed Powell: its just the gun thats fucked
12:24:11 BattlEye Server: (Group) Henry: let me borrow that
12:24:21 BattlEye Server: (Group) Officer Ed Powell: sec
12:24:59 BattlEye Server: (Group) Officer Ed Powell: RUN
12:24:59 BattlEye Server: (Group) Henry: incoming
12:25:01 BattlEye Server: (Group) Henry: north side
12:25:08 BattlEye Server: (Group) Officer Ed Powell: HELI INC
12:25:58 BattlEye Server: (Group) Henry: rekt
12:26:00 BattlEye Server: (Group) Officer Ed Powell: damn
12:26:04 BattlEye Server: (Group) Officer Ed Powell: both sides
12:26:14 BattlEye Server: (Group) Henry: what, inf?
12:26:17 BattlEye Server: (Group) Officer Ed Powell: fuck knows
12:27:00 BattlEye Server: (Group) Officer Ed Powell: lmao
12:27:04 BattlEye Server: (Group) Henry: oh god
12:27:09 BattlEye Server: (Group) Henry: right when i realized where that line was
12:27:27 BattlEye Server: (Group) Henry: need that damn rpg
12:27:52 BattlEye Server: (Group) Officer Ed Powell: semi decent spawn
12:27:56 BattlEye Server: (Group) Henry: omw
12:31:08 BattlEye Server: (Group) Officer Ed Powell: lol
12:31:12 BattlEye Server: (Group) Officer Ed Powell: whered the find that
12:31:22 BattlEye Server: (Group) Henry: what the what
12:31:28 BattlEye Server: (Group) Officer Ed Powell: lynx
12:31:34 BattlEye Server: (Group) Henry: ah, crate in the road
12:31:37 BattlEye Server: (Group) Henry: nothing good
12:32:02 BattlEye Server: (Group) Henry: can probably land NW side
12:32:32 BattlEye Server: (Group) Officer Ed Powell: we need launchers
12:32:37 BattlEye Server: (Group) Henry: right
12:32:57 BattlEye Server: (Group) Officer Ed Powell: going to this gunstore where the heli cant fuck with us
12:33:10 BattlEye Server: (Group) Officer Ed Powell: (hopefully)
12:33:55 BattlEye Server: (Group) Henry: if we clean up at the AF, lets try to sell all those tanks
12:34:01 BattlEye Server: (Group) Officer Ed Powell: oh for fucks sake
12:34:05 BattlEye Server: (Group) Officer Ed Powell: hes coming this way
12:35:27 BattlEye Server: (Group) Henry: he gone
12:35:28 BattlEye Server: (Group) Officer Ed Powell: ajwdgajiwbdhnkjadwm
12:35:32 BattlEye Server: (Group) Officer Ed Powell: hate this game
12:37:41 BattlEye Server: (Group) Officer Ed Powell: these prices are puke inducing
12:37:48 BattlEye Server: (Group) Henry: how much do i need?
12:37:55 BattlEye Server: (Group) Officer Ed Powell: 50 for a maaws
12:37:59 BattlEye Server: (Group) Officer Ed Powell: k that is
12:39:06 BattlEye Server: (Group) Henry: no AA?
12:39:43 BattlEye Server: (Group) Officer Ed Powell: not sure which are which
12:39:51 BattlEye Server: (Group) Officer Ed Powell: ive seen titans on AI tho
12:40:42 BattlEye Server: (Group) Officer Ed Powell: WHAT HAPPENED TO THE DAY NIGHT CYCLE
12:40:54 BattlEye Server: (Group) Officer Ed Powell: oh shit
12:41:00 BattlEye Server: (Group) Officer Ed Powell: the time rate slowed down
12:41:14 BattlEye Server: (Group) Henry: interesting
12:41:20 BattlEye Server: (Group) Henry: MAYBE HE DID UPDATE IT
12:41:21 BattlEye Server: (Group) Officer Ed Powell: its realtime now
12:41:23 BattlEye Server: (Group) Officer Ed Powell: yeah
12:41:30 BattlEye Server: (Group) Officer Ed Powell: press O
12:41:55 BattlEye Server: (Group) Officer Ed Powell: gonna drop in north
12:42:01 BattlEye Server: (Group) Officer Ed Powell: near the circle
12:42:03 BattlEye Server: (Group) Henry: aight, ive got HEATs on my body
12:42:16 BattlEye Server: (Group) Officer Ed Powell: i didnt buy a launcher cuz im a cheapskate
12:42:18 BattlEye Server: (Group) Officer Ed Powell: so uhhh
12:42:20 BattlEye Server: (Group) Officer Ed Powell: i hope you did
12:42:36 BattlEye Server: (Group) Henry: yeah but i can only carry two rounds
12:42:41 BattlEye Server: (Group) Henry: need to get to my body asap
12:42:47 BattlEye Server: (Group) Henry: drop us closer
12:42:52 BattlEye Server: (Group) Henry: theyre moving further south
12:42:57 BattlEye Server: (Group) Officer Ed Powell: k
12:43:41 BattlEye Server: (Group) Officer Ed Powell: wtf
12:44:48 BattlEye Server: (Group) Officer Ed Powell: comin up far side
12:44:49 BattlEye Server: (Group) Officer Ed Powell: care
12:47:49 BattlEye Server: (Group) Officer Ed Powell: is that 2 of them?
12:47:56 BattlEye Server: (Group) Henry: yep
12:48:06 BattlEye Server: (Group) Henry: nope
12:48:11 BattlEye Server: (Group) Officer Ed Powell: gotem/
12:48:14 BattlEye Server: (Group) Officer Ed Powell: ?
12:48:19 BattlEye Server: (Group) Henry: yeah
12:48:21 BattlEye Server: (Group) Henry: 1 down
12:52:45 BattlEye Server: (Group) Henry: on you
12:52:56 BattlEye Server: (Group) Officer Ed Powell: TRYING
12:53:03 BattlEye Server: (Group) Officer Ed Powell: nvm
12:53:39 BattlEye Server: (Group) Officer Ed Powell: hit it twice
12:53:41 BattlEye Server: (Group) Officer Ed Powell: with a tank
12:53:44 BattlEye Server: (Group) Officer Ed Powell: its still up
12:53:58 BattlEye Server: (Group) Officer Ed Powell: my gun is down tho
12:56:14 BattlEye Server: (Group) Officer Ed Powell: hahahaha
12:56:23 BattlEye Server: (Group) Henry: nice one
12:56:25 BattlEye Server: (Group) Officer Ed Powell: that was amazing
12:56:45 BattlEye Server: (Group) Henry: fatal?
12:56:59 BattlEye Server: (Group) Officer Ed Powell: i rammed him, got flipped up and he shot me in the floor
12:57:02 BattlEye Server: (Group) Officer Ed Powell: pretty fatal ya
12:57:42 BattlEye Server: (Group) Henry: god dammit
12:57:53 BattlEye Server: (Group) Henry: fuckin no scoped
12:57:59 BattlEye Server: (Group) Henry: you dead?
12:58:43 BattlEye Server: (Group) Officer Ed Powell: do random spawn
12:58:45 BattlEye Server: (Group) Officer Ed Powell: this one isnt great
12:59:11 BattlEye Server: (Group) Officer Ed Powell: nvm then
13:00:00 BattlEye Server: (Group) Henry: that shot tho
13:00:01 BattlEye Server: (Group) Officer Ed Powell: here
13:00:38 BattlEye Server: (Group) Henry: im gonna find a heli
13:02:17 BattlEye Server: (Group) Henry: this roll cage car is pretty legit
13:02:37 BattlEye Server: (Group) Officer Ed Powell: yeah they look cool
13:02:41 BattlEye Server: (Group) Officer Ed Powell: gonna water the garden
13:02:44 BattlEye Server: (Group) Officer Ed Powell: back in 10 or so
13:02:51 BattlEye Server: (Group) Henry: ok
13:16:19 BattlEye Server: (Group) Officer Ed Powell: come get me
13:29:01 BattlEye Server: (Group) Officer Ed Powell: whats the vehicle there?
13:29:21 BattlEye Server: (Group) Henry: one of those tread trucks
13:29:24 BattlEye Server: (Group) Henry: took out the tank
13:29:28 BattlEye Server: (Group) Officer Ed Powell: with a gun?
13:29:48 BattlEye Server: (Group) Henry: mounted gun
13:30:00 BattlEye Server: (Group) Officer Ed Powell: theres a tank
13:30:08 BattlEye Server: (Group) Henry: lost sight
13:30:09 BattlEye Server: (Group) Henry: ah
13:31:37 BattlEye Server: (Group) Officer Ed Powell: 500000 for a tank 
13:31:39 BattlEye Server: (Group) Officer Ed Powell: NO THX
13:32:21 BattlEye Server: (Group) Officer Ed Powell: and you have to pay cash
13:32:49 BattlEye Server: (Group) Officer Ed Powell: going to this MBT objective
13:32:50 BattlEye Server: (Group) Henry: HELP
13:33:05 BattlEye Server: (Group) Officer Ed Powell: UR ON UR OWN
13:37:08 BR1_Bandit uses modified data file
13:37:08 BattlEye Server: Player #2 BR1_Bandit (134.41.96.129:2309) connected
13:37:08 Player BR1_Bandit connecting.
13:37:10 BattlEye Server: Player #2 BR1_Bandit - BE GUID: 8a701e7029ec21d8e45677830a84af43
13:37:10 Player BR1_Bandit connected (id=76561198151022635).
13:37:10 BattlEye Server: Verified GUID (8a701e7029ec21d8e45677830a84af43) of player #2 BR1_Bandit
13:38:58 BattlEye Server: (Group) Officer Ed Powell: OH MAN 
13:39:01 BattlEye Server: (Group) Officer Ed Powell: theres a lot of guys here
13:39:11 BattlEye Server: (Group) Officer Ed Powell: nvm
13:39:14 BattlEye Server: (Group) Officer Ed Powell: i magicked em away
13:40:35 BattlEye Server: (Group) Henry: this airdrop cant come fast enough!
13:40:38 Wulf uses modified data file
13:40:38 BattlEye Server: Player #3 Wulf (196.52.84.43:2309) connected
13:40:38 Player Wulf connecting.
13:40:47 Player Wulf disconnected.
13:40:47 BattlEye Server: Player #3 Wulf disconnected
13:41:06 Wulf uses modified data file
13:41:06 BattlEye Server: Player #3 Wulf (196.52.84.43:2309) connected
13:41:06 Player Wulf connecting.
13:41:09 BattlEye Server: Player #3 Wulf - BE GUID: 71311b6353b8c6b49589fe1f13a83d22
13:41:09 Player Wulf connected (id=76561197994913493).
13:41:10 BattlEye Server: Verified GUID (71311b6353b8c6b49589fe1f13a83d22) of player #3 Wulf
13:42:16 BattlEye Server: (Global) BR1_Bandit: hi
13:42:23 BattlEye Server: (Global) Officer Ed Powell: hey
13:42:37 BattlEye Server: (Global) Officer Ed Powell: that you in the chinook?
13:42:39 BattlEye Server: (Global) BR1_Bandit: are we battling it out
13:42:43 BattlEye Server: (Global) BR1_Bandit: hehe
13:42:52 BattlEye Server: (Global) Officer Ed Powell: id prefer to chill
13:42:58 BattlEye Server: (Global) BR1_Bandit: ok np
13:43:16 BattlEye Server: (Global) BR1_Bandit: just getting the ground rules established lol
13:43:30 BattlEye Server: (Global) BR1_Bandit: i just came from bf4
13:43:41 BattlEye Server: (Global) BR1_Bandit: crazy over there
13:44:37 BattlEye Server: (Group) Henry: well the laucnehr crate is trash
13:44:38 BattlEye Server: (Global) BR1_Bandit: maybe u all should join blue
13:44:52 BattlEye Server: (Global) BR1_Bandit: for  coop stuff
13:44:59 BattlEye Server: (Group) Officer Ed Powell: want me to kill em?
13:45:24 BattlEye Server: (Group) Henry: i want the tank
13:45:44 BattlEye Server: (Global) Officer Ed Powell: cant really be bothered to switch, but i wont shoot you
13:45:53 BattlEye Server: (Global) BR1_Bandit: ok np
13:46:01 BattlEye Server: (Group) Officer Ed Powell: well this thing has no ammo
13:46:13 BattlEye Server: (Group) Henry: FUCK
13:46:16 BattlEye Server: (Group) Henry: tanks down
13:46:20 BattlEye Server: (Global) BR1_Bandit: is there other  independent with u
13:46:31 BattlEye Server: (Global) Officer Ed Powell: yeah
13:46:53 BattlEye Server: (Global) BR1_Bandit: if more join it will get  tricky
13:47:03 BattlEye Server: (Global) BR1_Bandit: we wont know whos not to be shot
13:47:30 BattlEye Server: (Group) Henry: wtf man
13:47:34 BattlEye Server: (Group) Henry: youre supposed to save me
13:47:39 BattlEye Server: (Group) Officer Ed Powell: that heli sucks my dick tbh
13:47:53 BattlEye Server: (Group) Officer Ed Powell: got taken down by 50cal
13:48:08 BattlEye Server: (Global) Wulf: Hey all, first time on here so I have no idea what I'm doing
13:48:25 BattlEye Server: (Global) Henry: ASL?
13:48:30 BattlEye Server: (Global) BR1_Bandit: i will pick u up
13:48:43 BattlEye Server: (Global) BR1_Bandit: if u need help
13:49:11 BattlEye Server: (Side) BR1_Bandit: can u fly a chopper?
13:49:59 BattlEye Server: (Global) Wulf: I hear ya
13:50:33 BattlEye Server: (Global) Wulf: Thanks a lot
13:51:13 BattlEye Server: (Global) Wulf: Ok thanks, I'll have a look around
13:51:45 BattlEye Server: (Global) Wulf: ok I'll check it out thanks
13:52:00 BattlEye Server: (Group) Officer Ed Powell: follow
13:53:04 BattlEye Server: (Global) Wulf: Ahh yeah I see them, thanks
13:53:31 BattlEye Server: (Group) Officer Ed Powell: lol
13:53:37 BattlEye Server: (Group) Officer Ed Powell: wat happen
13:53:44 BattlEye Server: (Group) Henry: you lead me into a trap!
13:54:15 BattlEye Server: (Group) Officer Ed Powell: instadedded
13:54:18 BattlEye Server: (Group) Officer Ed Powell: musta been a headshot
13:56:21 Mason uses modified data file
13:56:21 BattlEye Server: Player #4 Mason (71.81.137.47:2309) connected
13:56:21 Player Mason connecting.
13:56:23 BattlEye Server: Player #4 Mason - BE GUID: 955d09b6e1dde9360ceebc2963df084d
13:56:24 Player Mason connected (id=76561198026943270).
13:56:24 BattlEye Server: Verified GUID (955d09b6e1dde9360ceebc2963df084d) of player #4 Mason
13:57:13 Player Henry disconnected.
13:57:13 BattlEye Server: Player #1 Henry disconnected
13:57:19 Player Officer Ed Powell disconnected.
13:57:19 BattlEye Server: Player #0 Officer Ed Powell disconnected
14:01:41 Player Mason disconnected.
14:01:41 BattlEye Server: Player #4 Mason disconnected
14:02:28 Mason uses modified data file
14:02:28 BattlEye Server: Player #4 Mason (71.81.137.47:2309) connected
14:02:29 Player Mason connecting.
14:02:30 BattlEye Server: Player #4 Mason - BE GUID: 955d09b6e1dde9360ceebc2963df084d
14:02:31 Player Mason connected (id=76561198026943270).
14:02:31 BattlEye Server: Verified GUID (955d09b6e1dde9360ceebc2963df084d) of player #4 Mason
14:05:51 BattlEye Server: (Side) BR1_Bandit: hi mason im on disc
14:06:13 BattlEye Server: (Side) Mason: mic issues sorry
14:06:21 BattlEye Server: (Global) Wulf: sorry, can't hear you too well at the moment as there's a lot of noise in my house