21:01:36 BattlEye Server: Initialized (v1.217)
21:01:36 Host identity created.
21:01:36 Game Port: 2307, Steam Query Port: 2308
21:01:36 Mission A3Wasteland Altis v1.4c read from bank.
21:01:38 Roles assigned.
21:01:38 Reading mission ...
21:02:09 Mission read.
21:02:09 Rou Kowalski uses modified data file
21:02:09 BattlEye Server: Player #0 Rou Kowalski (73.147.1.91:2309) connected
21:02:09 Player Rou Kowalski connecting.
21:02:09 Game started.
21:02:10 BattlEye Server: Connected to BE Master
21:02:11 BattlEye Server: Player #0 Rou Kowalski - BE GUID: 58cae163ea9d3a0ff8adde240b436737
21:02:13 Player Rou Kowalski connected (id=76561198034110598).
21:02:13 BattlEye Server: Verified GUID (58cae163ea9d3a0ff8adde240b436737) of player #0 Rou Kowalski
21:02:57 Hemlock Kowalski uses modified data file
21:02:57 BattlEye Server: Player #1 Hemlock Kowalski (73.147.1.91:2304) connected
21:02:57 Player Hemlock Kowalski connecting.
21:02:59 BattlEye Server: Player #1 Hemlock Kowalski - BE GUID: 0e50d5bc222746efa845806a2af0fed1
21:03:00 Player Hemlock Kowalski connected (id=76561198201473535).
21:03:00 BattlEye Server: Verified GUID (0e50d5bc222746efa845806a2af0fed1) of player #1 Hemlock Kowalski
21:18:06 High Alert Highlander  uses modified data file
21:18:06 BattlEye Server: Player #2 High Alert Highlander  (190.171.107.50:62725) connected
21:18:06 Player High Alert Highlander  connecting.
21:18:10 BattlEye Server: Player #2 High Alert Highlander  - BE GUID: a01f35e030c4464ff5b5e9c18ddf0195
21:18:11 Player High Alert Highlander  connected (id=76561198065774594).
21:18:12 BattlEye Server: Verified GUID (a01f35e030c4464ff5b5e9c18ddf0195) of player #2 High Alert Highlander 
21:21:11 Player High Alert Highlander  disconnected.
21:21:11 BattlEye Server: Player #2 High Alert Highlander  disconnected
21:32:36 High Alert Highlander  uses modified data file
21:32:36 BattlEye Server: Player #2 High Alert Highlander  (190.171.107.50:62725) connected
21:32:36 Player High Alert Highlander  connecting.
21:32:43 BattlEye Server: Player #2 High Alert Highlander  - BE GUID: a01f35e030c4464ff5b5e9c18ddf0195
21:32:45 Player High Alert Highlander  connected (id=76561198065774594).
21:32:45 BattlEye Server: Verified GUID (a01f35e030c4464ff5b5e9c18ddf0195) of player #2 High Alert Highlander 
21:35:39 BattlEye Server: (Side) High Alert Highlander : whereuguys r 
21:37:33 BattlEye Server: (Group) High Alert Highlander : nice
21:40:11 BattlEye Server: (Group) High Alert Highlander : uguys really 
21:40:20 BattlEye Server: (Group) High Alert Highlander : lol
21:40:29 BattlEye Server: (Group) High Alert Highlander : thks
21:40:53 BattlEye Server: (Group) High Alert Highlander : yes
21:40:59 BattlEye Server: (Group) High Alert Highlander : yes
21:41:12 BattlEye Server: (Group) High Alert Highlander : lol
21:41:41 BattlEye Server: (Group) High Alert Highlander : i use only the stuff fromthe  pots 
21:41:52 BattlEye Server: (Group) High Alert Highlander : when imempty icheck cartes
21:44:03 BattlEye Server: (Group) High Alert Highlander : here
21:44:47 BattlEye Server: (Group) High Alert Highlander : ihave one always 
21:45:10 BattlEye Server: (Group) High Alert Highlander : u use thiose under aguillie and u r all set
21:46:52 BattlEye Server: (Group) High Alert Highlander : yes
21:47:12 BattlEye Server: (Group) High Alert Highlander : u can ongas stations
21:49:27 BattlEye Server: (Group) High Alert Highlander : ok imall set i just needammo formi rifle
21:51:04 BattlEye Server: (Group) High Alert Highlander : the firstmod is created ifinish that today 
21:51:28 BattlEye Server: (Group) High Alert Highlander : is the USA and GREAT BRIT mod ww3vehiculs
21:51:35 BattlEye Server: (Group) High Alert Highlander : ww2
21:51:54 BattlEye Server: (Group) High Alert Highlander : next is russian 
21:52:04 BattlEye Server: (Group) High Alert Highlander : then german
21:53:10 BattlEye Server: (Group) High Alert Highlander : jjajaja
21:54:02 BattlEye Server: (Group) High Alert Highlander : I did those
21:54:10 BattlEye Server: (Group) High Alert Highlander : imake them
21:54:20 BattlEye Server: (Group) High Alert Highlander : yes 
21:54:23 BattlEye Server: (Group) High Alert Highlander : is amod
21:54:42 BattlEye Server: (Group) High Alert Highlander : that adda couple use full itemsinthe server 
21:54:51 BattlEye Server: (Group) High Alert Highlander : sarg make me do that 
21:54:58 BattlEye Server: (Group) High Alert Highlander : literallyhemakeme 
21:55:09 BattlEye Server: (Group) High Alert Highlander : he didtnevenaskmehe was like
21:55:15 BattlEye Server: (Group) High Alert Highlander : highlandcer dothem
21:55:36 BattlEye Server: (Group) High Alert Highlander : those u wont find thenanywhere  
21:55:44 BattlEye Server: (Group) High Alert Highlander : just here
21:55:48 BattlEye Server: (Group) High Alert Highlander : inthis server
21:56:33 BattlEye Server: (Group) High Alert Highlander : hellnowasa freaking odiseey making those
21:56:39 BattlEye Server: (Group) High Alert Highlander : was hard as hell
21:57:23 BattlEye Server: (Group) High Alert Highlander : yes
21:57:27 BattlEye Server: (Group) High Alert Highlander : jajaja 
21:58:39 BattlEye Server: (Group) High Alert Highlander : that guyfromthemorning he banned himself auto
21:59:09 BattlEye Server: (Group) High Alert Highlander : i put his UID  in my antihack 
21:59:28 BattlEye Server: (Group) High Alert Highlander : yes 
21:59:41 BattlEye Server: (Group) High Alert Highlander : i can see everyone UID 
21:59:55 BattlEye Server: (Group) High Alert Highlander : FOREXAMPLE
22:00:07 BattlEye Server: (Group) High Alert Highlander : rouis
22:00:30 BattlEye Server: (Group) High Alert Highlander : 76561198034110598
22:00:38 BattlEye Server: (Group) High Alert Highlander : if  i put his 
22:00:54 BattlEye Server: (Group) High Alert Highlander : and he try to activate annot authorize addon
22:00:59 BattlEye Server: (Group) High Alert Highlander : he get banned
22:01:01 BattlEye Server: (Group) High Alert Highlander : what 
22:01:17 BattlEye Server: (Group) High Alert Highlander : he dosentknow i know
22:01:36 BattlEye Server: (Group) High Alert Highlander : yes
22:01:55 BattlEye Server: (Group) High Alert Highlander : yes i know 
22:02:01 BattlEye Server: (Group) High Alert Highlander : igot it 
22:02:12 BattlEye Server: (Group) High Alert Highlander : hks for that 
22:02:45 BattlEye Server: (Group) High Alert Highlander : now i was able toplace that addon inthe anti hack now no one will be able to use it 
22:02:57 BattlEye Server: (Group) High Alert Highlander : and that was awsome thks somuch 
22:03:54 BattlEye Server: (Group) High Alert Highlander : people thinks the server owners are idiots and they dont know that we know
22:05:08 BattlEye Server: (Group) High Alert Highlander : yesme
22:05:10 BattlEye Server: (Group) High Alert Highlander : lol
22:05:15 BattlEye Server: (Group) High Alert Highlander : joking 
22:05:44 BattlEye Server: (Group) High Alert Highlander : men down
22:05:50 BattlEye Server: (Group) High Alert Highlander : men up
22:06:14 BattlEye Server: (Group) High Alert Highlander : love this weapon
22:06:29 BattlEye Server: (Group) High Alert Highlander : thisismypistol
22:09:44 BattlEye Server: (Group) High Alert Highlander : nowe are doint strech exiersises
22:10:00 BattlEye Server: (Group) Rou Kowalski: /pushup
22:10:12 BattlEye Server: (Group) High Alert Highlander : yes
22:11:08 BattlEye Server: (Group) High Alert Highlander : lol
22:11:11 BattlEye Server: (Group) High Alert Highlander : sorry
22:11:20 BattlEye Server: (Group) High Alert Highlander : rou save me
22:12:05 BattlEye Server: (Group) High Alert Highlander : hideqiuck
22:12:18 BattlEye Server: (Group) High Alert Highlander : iminsible
22:12:23 BattlEye Server: (Group) High Alert Highlander : invisble
22:12:27 BattlEye Server: (Group) High Alert Highlander : u cant seeme
22:12:31 BattlEye Server: (Group) High Alert Highlander : imabush 
22:13:43 BattlEye Server: (Group) High Alert Highlander : thats my sub
22:14:23 BattlEye Server: (Group) High Alert Highlander : where the f is mine\
22:16:37 BattlEye Server: (Group) High Alert Highlander : if ulockit fromtheinsideuwontbe abletoget out 
22:17:17 BattlEye Server: (Group) High Alert Highlander : u didnot claimit 
22:17:37 BattlEye Server: (Group) High Alert Highlander : and thats why the disapair 
22:17:47 BattlEye Server: (Group) High Alert Highlander : uneedto buy them
22:17:52 BattlEye Server: (Group) High Alert Highlander : not find them
22:18:14 BattlEye Server: (Group) High Alert Highlander : u just inflitit 
22:19:49 BattlEye Server: (Group) High Alert Highlander : now claimit andlockit 
22:20:04 BattlEye Server: (Group) High Alert Highlander : no
22:20:08 BattlEye Server: (Group) High Alert Highlander : no
22:20:16 BattlEye Server: (Group) High Alert Highlander : dont push 
22:20:54 BattlEye Server: (Group) High Alert Highlander : u cant claimthing in water 
22:21:02 BattlEye Server: (Group) High Alert Highlander : that is why the ramp 
22:23:07 BattlEye Server: (Vehicle) High Alert Highlander : lol
22:29:02 BattlEye Server: (Group) High Alert Highlander : lets sing a trip song 
22:29:26 BattlEye Server: (Group) High Alert Highlander : lol high way to hell
22:36:14 BattlEye Server: (Group) High Alert Highlander : by mistake
22:38:17 BattlEye Server: (Group) High Alert Highlander : purple dotpls
22:39:47 BattlEye Server: (Group) High Alert Highlander : hellyea
22:40:54 BattlEye Server: (Group) High Alert Highlander : 75k
22:41:28 BattlEye Server: (Group) High Alert Highlander : is  not goingtogive nothingthat worth
22:41:39 BattlEye Server: (Group) High Alert Highlander : no
22:41:50 BattlEye Server: (Group) High Alert Highlander : only 10%
22:43:34 BattlEye Server: (Group) High Alert Highlander : thks
22:46:40 BattlEye Server: (Group) High Alert Highlander : heli
22:58:42 BattlEye Server: (Group) High Alert Highlander : the missionisobver
22:59:54 BattlEye Server: (Group) High Alert Highlander : u guys can take that 
23:00:12 BattlEye Server: (Group) High Alert Highlander : nojust heli
23:04:47 BattlEye Server: (Group) High Alert Highlander : that mine
23:04:57 BattlEye Server: (Group) High Alert Highlander : yes
23:07:02 BattlEye Server: (Group) High Alert Highlander : no
23:07:08 BattlEye Server: (Group) High Alert Highlander : yes
23:08:56 BattlEye Server: (Group) High Alert Highlander : yes
23:10:12 BattlEye Server: (Group) High Alert Highlander : no we shootfromhere
23:10:35 BattlEye Server: (Group) High Alert Highlander : mylimitis 1600
23:26:15 BattlEye Server: (Group) High Alert Highlander : just a sec
23:27:08 BattlEye Server: (Group) High Alert Highlander : just a sec im cioming back
23:27:19 BattlEye Server: (Group) High Alert Highlander : needto shoot dowen
23:27:36 Player High Alert Highlander  is losing connection
23:28:56 Player High Alert Highlander  disconnected.
23:28:56 BattlEye Server: Player #2 High Alert Highlander  disconnected
23:32:17 High Alert Highlander  uses modified data file
23:32:17 BattlEye Server: Player #2 High Alert Highlander  (190.171.107.50:62725) connected
23:32:17 Player High Alert Highlander  connecting.
23:32:21 BattlEye Server: Player #2 High Alert Highlander  - BE GUID: a01f35e030c4464ff5b5e9c18ddf0195
23:32:23 Player High Alert Highlander  connected (id=76561198065774594).
23:32:23 BattlEye Server: Verified GUID (a01f35e030c4464ff5b5e9c18ddf0195) of player #2 High Alert Highlander 
23:36:38 BattlEye Server: (Side) High Alert Highlander : d
23:36:43 BattlEye Server: (Group) High Alert Highlander : OK
23:38:04 BattlEye Server: (Group) High Alert Highlander : yes
23:39:17 BattlEye Server: (Group) High Alert Highlander : no garage
23:39:40 BattlEye Server: (Group) High Alert Highlander : yea
23:42:09 BattlEye Server: (Group) High Alert Highlander : all good
23:43:49 BattlEye Server: (Group) High Alert Highlander : y
23:44:42 BattlEye Server: (Group) High Alert Highlander : tmorrowi get my things soiwillbe set
23:44:59 BattlEye Server: (Group) High Alert Highlander : mic 
23:45:03 BattlEye Server: (Group) High Alert Highlander : keyborad
23:45:07 BattlEye Server: (Group) High Alert Highlander : screen
23:45:12 BattlEye Server: (Group) High Alert Highlander : mouse
23:45:2