 9:01:43 BattlEye Server: Initialized (v1.217)
 9:01:43 Host identity created.
 9:01:43 Game Port: 2307, Steam Query Port: 2308
 9:01:43 Mission A3Wasteland Altis v1.4c read from bank.
 9:01:44 Roles assigned.
 9:01:44 Reading mission ...
 9:02:16 Mission read.
 9:02:16 Game started.
 9:02:33 Varluk uses modified data file
 9:02:34 BattlEye Server: Player #0 Varluk (188.170.74.228:61442) connected
 9:02:34 Player Varluk connecting.
 9:02:34 BattlEye Server: Connected to BE Master
 9:02:36 BattlEye Server: Player #0 Varluk - BE GUID: 40a5c124c81a14d4235b4453eb839ddf
 9:02:37 Player Varluk connected (id=76561198022459854).
 9:02:37 BattlEye Server: Verified GUID (40a5c124c81a14d4235b4453eb839ddf) of player #0 Varluk
 9:22:30 ANATOLI CHEJOV uses modified data file
 9:22:30 BattlEye Server: Player #1 ANATOLI CHEJOV (190.171.107.50:62725) connected
 9:22:30 Player ANATOLI CHEJOV connecting.
 9:22:35 BattlEye Server: Player #1 ANATOLI CHEJOV - BE GUID: a01f35e030c4464ff5b5e9c18ddf0195
 9:22:35 Player ANATOLI CHEJOV connected (id=76561198065774594).
 9:22:35 BattlEye Server: Verified GUID (a01f35e030c4464ff5b5e9c18ddf0195) of player #1 ANATOLI CHEJOV
 9:33:11 Rou Kowalski uses modified data file
 9:33:11 BattlEye Server: Player #2 Rou Kowalski (73.147.1.91:2304) connected
 9:33:11 Player Rou Kowalski connecting.
 9:33:13 BattlEye Server: Player #2 Rou Kowalski - BE GUID: 58cae163ea9d3a0ff8adde240b436737
 9:33:28 Player Rou Kowalski connected (id=76561198034110598).
 9:33:28 BattlEye Server: Verified GUID (58cae163ea9d3a0ff8adde240b436737) of player #2 Rou Kowalski
 9:35:26 BattlEye Server: (Group) ANATOLI CHEJOV: goodmorning 
 9:35:35 BattlEye Server: (Group) ANATOLI CHEJOV: brocanu domethe favor of 
 9:35:47 BattlEye Server: (Group) ANATOLI CHEJOV: take ne to the salt flts 
 9:36:17 BattlEye Server: (Group) ANATOLI CHEJOV: can u text 
 9:36:22 BattlEye Server: (Group) ANATOLI CHEJOV: imwithmusic 
 9:38:18 Player Varluk disconnected.
 9:38:18 BattlEye Server: Player #0 Varluk disconnected
 9:38:58 BattlEye Server: (Group) ANATOLI CHEJOV: thks
10:18:53 Varluk uses modified data file
10:18:53 BattlEye Server: Player #3 Varluk (188.170.74.228:12410) connected
10:18:53 Player Varluk connecting.
10:18:56 BattlEye Server: Player #3 Varluk - BE GUID: 40a5c124c81a14d4235b4453eb839ddf
10:18:56 Player Varluk connected (id=76561198022459854).
10:18:56 BattlEye Server: Verified GUID (40a5c124c81a14d4235b4453eb839ddf) of player #3 Varluk
10:29:46 Player Varluk kicked off by BattlEye: Query Timeout
10:29:46 Player Varluk disconnected.
10:30:32 BattlEye Server: (Group) Rou Kowalski: can you undo lockdown
10:35:14 BattlEye Server: (Side) ANATOLI CHEJOV: yes that is the prtectionlock down
10:38:03 BattlEye Server: (Side) ANATOLI CHEJOV: likethat 
10:38:57 BattlEye Server: (Side) ANATOLI CHEJOV: nice
10:39:50 BattlEye Server: (Side) ANATOLI CHEJOV: jajaja
10:40:18 BattlEye Server: (Side) ANATOLI CHEJOV: lookthis one
11:01:51 Varluk uses modified data file
11:01:51 BattlEye Server: Player #3 Varluk (188.170.74.228:12410) connected
11:01:51 Player Varluk connecting.
11:01:54 BattlEye Server: Player #3 Varluk - BE GUID: 40a5c124c81a14d4235b4453eb839ddf
11:01:55 Player Varluk connected (id=76561198022459854).
11:01:55 BattlEye Server: Verified GUID (40a5c124c81a14d4235b4453eb839ddf) of player #3 Varluk
11:10:36 Player Rou Kowalski disconnected.
11:10:36 BattlEye Server: Player #2 Rou Kowalski disconnected
11:10:46 Rou Kowalski uses modified data file
11:10:46 BattlEye Server: Player #4 Rou Kowalski (73.147.1.91:2304) connected
11:10:46 Player Rou Kowalski connecting.
11:10:48 BattlEye Server: Player #4 Rou Kowalski - BE GUID: 58cae163ea9d3a0ff8adde240b436737
11:10:54 Player Rou Kowalski connected (id=76561198034110598).
11:10:54 BattlEye Server: Verified GUID (58cae163ea9d3a0ff8adde240b436737) of player #4 Rou Kowalski
11:14:33 Anis uses modified data file
11:14:33 BattlEye Server: Player #5 Anis (143.176.203.234:63415) connected
11:14:33 Player Anis connecting.
11:14:36 BattlEye Server: Player #5 Anis - BE GUID: a2c54f587c5a9e734202b445150414df
