 3:01:32 BattlEye Server: Initialized (v1.217)
 3:01:32 Host identity created.
 3:01:32 Game Port: 2307, Steam Query Port: 2308
 3:01:32 Mission A3Wasteland Altis v1.4c read from bank.
 3:01:34 Roles assigned.
 3:01:34 Reading mission ...
 3:02:05 Mission read.
 3:02:05 Game started.
 5:25:20 ANATOLI CHEJOV uses modified data file
 5:25:20 BattlEye Server: Player #0 ANATOLI CHEJOV (190.171.107.50:62725) connected
 5:25:20 Player ANATOLI CHEJOV connecting.
 5:25:20 BattlEye Server: Connected to BE Master
 5:25:24 BattlEye Server: Player #0 ANATOLI CHEJOV - BE GUID: a01f35e030c4464ff5b5e9c18ddf0195
 5:25:24 Player ANATOLI CHEJOV connected (id=76561198065774594).
 5:25:25 BattlEye Server: Verified GUID (a01f35e030c4464ff5b5e9c18ddf0195) of player #0 ANATOLI CHEJOV
 5:29:38 Rou Kowalski uses modified data file
 5:29:38 BattlEye Server: Player #1 Rou Kowalski (73.147.1.91:2309) connected
 5:29:38 Player Rou Kowalski connecting.
 5:29:40 BattlEye Server: Player #1 Rou Kowalski - BE GUID: 58cae163ea9d3a0ff8adde240b436737
 5:29:44 Player Rou Kowalski connected (id=76561198034110598).
 5:29:44 BattlEye Server: Verified GUID (58cae163ea9d3a0ff8adde240b436737) of player #1 Rou Kowalski
 5:35:45 BattlEye Server: (Group) ANATOLI CHEJOV:  is because people is scare of the name highlaneder now
 5:36:05 BattlEye Server: (Group) ANATOLI CHEJOV: always 
 5:36:19 BattlEye Server: (Group) ANATOLI CHEJOV: but people dont know itsme
 5:36:23 BattlEye Server: (Group) ANATOLI CHEJOV: only a few
 5:36:38 BattlEye Server: (Group) ANATOLI CHEJOV: yes
 5:37:25 BattlEye Server: (Group) ANATOLI CHEJOV: whereu at 
 5:37:40 BattlEye Server: (Group) ANATOLI CHEJOV: seeu there
 5:37:59 BattlEye Server: (Group) ANATOLI CHEJOV: yes
 5:39:43 BattlEye Server: (Group) ANATOLI CHEJOV: now onlymedic can healinthis server 
 5:39:50 BattlEye Server: (Group) ANATOLI CHEJOV: just like reallife 
 5:40:02 BattlEye Server: (Group) ANATOLI CHEJOV: andonlyengenirescan use toolkits 
 5:40:25 BattlEye Server: (Group) ANATOLI CHEJOV: and  only snipers can use sniperriples  with out swway 
 5:40:57 BattlEye Server: (Group) ANATOLI CHEJOV: yes
 5:40:59 BattlEye Server: (Group) ANATOLI CHEJOV: jajajaja
 5:43:46 BattlEye Server: (Group) ANATOLI CHEJOV: yea is close
 5:43:58 BattlEye Server: (Group) ANATOLI CHEJOV: but not using it 
 5:44:06 BattlEye Server: (Group) ANATOLI CHEJOV: not yet at least 
 5:45:19 BattlEye Server: (Group) ANATOLI CHEJOV: a waht 
 5:45:26 BattlEye Server: (Group) ANATOLI CHEJOV: lol
 5:51:13 BattlEye Server: (Group) ANATOLI CHEJOV: lol
 5:52:22 BattlEye Server: (Group) ANATOLI CHEJOV: there is anew class ingame pilots
 5:52:37 BattlEye Server: (Group) ANATOLI CHEJOV: both
 5:53:31 BattlEye Server: (Group) ANATOLI CHEJOV: best rol for that isLMG 
 5:55:17 BattlEye Server: (Group) ANATOLI CHEJOV: YES
 5:55:19 BattlEye Server: (Group) ANATOLI CHEJOV: yes
 5:55:30 BattlEye Server: (Group) ANATOLI CHEJOV: exactly
 5:55:56 BattlEye Server: (Group) ANATOLI CHEJOV: yes
 5:58:17 BattlEye Server: (Group) ANATOLI CHEJOV: everything i use is russing 
 5:58:24 BattlEye Server: (Group) ANATOLI CHEJOV: nightstalker
 5:58:36 N3xUs uses modified data file
 5:58:36 BattlEye Server: Player #2 N3xUs (79.250.156.190:2309) connected
 5:58:36 Player N3xUs connecting.
 5:58:40 BattlEye Server: Player #2 N3xUs - BE GUID: 535f3a812f6f72c009480407dd5602cb
 5:58:40 Player N3xUs connected (id=76561198061831535).
 5:58:40 BattlEye Server: Verified GUID (535f3a812f6f72c009480407dd5602cb) of player #2 N3xUs
 6:01:00 BattlEye Server: (Group) ANATOLI CHEJOV: inthe stree
 6:01:32 BattlEye Server: (Group) ANATOLI CHEJOV: we have a bluefort inplay
 6:02:07 BattlEye Server: (Group) ANATOLI CHEJOV: im  dont have admin rights with this character
 6:02:30 BattlEye Server: (Group) ANATOLI CHEJOV: correct 
 6:03:42 BattlEye Server: (Group) ANATOLI CHEJOV: we r going to find youyour first heli
 6:04:18 BattlEye Server: (Group) ANATOLI CHEJOV: that is why i bring the crate 
 6:04:22 BattlEye Server: (Group) ANATOLI CHEJOV: isyours
 6:04:28 BattlEye Server: (Group) ANATOLI CHEJOV: alqways
 6:06:07 BattlEye Server: (Group) ANATOLI CHEJOV: i like toinpressmyskills what i can say 
 6:06:21 Player N3xUs disconnected.
 6:06:21 BattlEye Server: Player #2 N3xUs disconnected
 6:07:12 BattlEye Server: (Group) ANATOLI CHEJOV: correct 
 6:07:17 BattlEye Server: (Group) ANATOLI CHEJOV: ols scholl
 6:09:50 BattlEye Server: (Group) ANATOLI CHEJOV: dont shoot
 6:09:52 BattlEye Server: (Group) ANATOLI CHEJOV: yet
 6:10:15 BattlEye Server: (Group) ANATOLI CHEJOV: urexposing ur self
 6:10:33 BattlEye Server: (Group) ANATOLI CHEJOV: yesthey can
 6:10:54 BattlEye Server: (Group) ANATOLI CHEJOV: because of amod 
 6:11:02 BattlEye Server: (Group) ANATOLI CHEJOV: missins have snipersnow 
 6:11:11 BattlEye Server: (Group) ANATOLI CHEJOV: andbehaviur is like realplayer
 6:13:52 BattlEye Server: (Group) ANATOLI CHEJOV: metoothey rmoving tomuch
 6:15:29 BattlEye Server: (Group) ANATOLI CHEJOV: nice shoot
 6:15:54 BattlEye Server: (Group) ANATOLI CHEJOV: gg
 6:15:58 BattlEye Server: Failed to receive from BE Master (0)
 6:15:58 BattlEye Server: Disconnected from BE Master
 6:16:03 BattlEye Server: (Group) ANATOLI CHEJOV: is dione
 6:17:54 BattlEye Server: Connected to BE Master
 6:20:34 BattlEye Server: (Group) ANATOLI CHEJOV: allyours 
 6:20:49 BattlEye Server: (Group) ANATOLI CHEJOV: purple dots in mapar parking loots 
 6:25:51 BattlEye Server: (Group) ANATOLI CHEJOV: if i wereu i would be filling that inv with gear of dea guys 
 6:29:06 BattlEye Server: (Group) ANATOLI CHEJOV: what 
 6:29:10 BattlEye Server: (Group) ANATOLI CHEJOV: xxxxx
 6:37:04 BattlEye Server: (Group) ANATOLI CHEJOV: rememeber  the take ownershipof the helioru willlose that 
 6:48:30 Player Rou Kowalski is losing connection
 6:49:50 Player Rou Kowalski disconnected.
 6:49:50 BattlEye Server: Player #1 Rou Kowalski disconnected
 7:51:33 squez uses modified data file
 7:51:33 BattlEye Server: Player #1 squez (24.251.57.7:2309) connected
 7:51:33 Player squez connecting.
 7:51:36 BattlEye Server: Player #1 squez - BE GUID: a24a0b391783dc875454c8d084b142e7
 7:51:36 Player squez connected (id=76561198115644710).
 7:51:37 BattlEye Server: Verified GUID (a24a0b391783dc875454c8d084b142e7) of player #1 squez
 8:29:37 Player ANATOLI CHEJOV disconnected.
 8:29:37 BattlEye Server: Player #0 ANATOLI CHEJOV disconnected
 8:32:22 Rou Kowalski uses modified data file
 8:32:22 BattlEye Server: Player #2 Rou Kowalski (73.147.1.91:2309) connected
 8:32:22 Player Rou Kowalski connecting.
 8:32:24 BattlEye Server: Player #2 Rou Kowalski - BE GUID: 58cae163ea9d3a0ff8adde240b436737
 8:32:27 Player Rou Kowalski connected (id=76561198034110598).
 8:32:27 BattlEye Server: Verified GUID (58cae163ea9d3a0ff8adde240b436737) of player #2 Rou Kowalski
 8:36:18 ANATOLI CHEJOV uses modified data file
 8:36:18 BattlEye Server: Player #3 ANATOLI CHEJOV (190.171.107.50:62725) connected
 8:36:18 Player ANATOLI CHEJOV connecting.
 8:36:20 BattlEye Server: Player #3 ANATOLI CHEJOV - BE GUID: a01f35e030c4464ff5b5e9c18ddf0195
 8:36:21 Player ANATOLI CHEJOV connected (id=76561198065774594).
 8:36:21 BattlEye Server: Verified GUID (a01f35e030c4464ff5b5e9c18ddf0195) of player #3 ANATOLI CHEJOV
 8:42:02 BattlEye Server: (Group) ANATOLI CHEJOV: yes
 8:46:39 BattlEye Server: (Group) ANATOLI CHEJOV: no
 8:46:43 BattlEye Server: (Group) ANATOLI CHEJOV: imching 
 8:46:48 BattlEye Server: (Group) ANATOLI CHEJOV: im waching 
 8:49:07 BattlEye Server: (Group) ANATOLI CHEJOV: yes
 8:49:54 BattlEye Server: (Group) ANATOLI CHEJOV: satelalite view
 8:50:47 Player squez disconnected.
 8:50:47 BattlEye Server: Player #1 squez disconnected
 8:50:51 BattlEye Server: (Group) ANATOLI CHEJOV: no
 8:53:18 BattlEye Server: (Group) ANATOLI CHEJOV: noone try tokill me and survive 
 8:53:28 BattlEye Server: (Group) ANATOLI CHEJOV: ill go formy coffee
 8:55:01 Failed attempt to execute serverCommand '#lock' by server.
 8:57:12 BattlEye Server: (Group) ANATOLI CHEJOV: come 
 8:57:18 BattlEye Server: (Group) ANATOLI CHEJOV: checkbigbox
 8:57:24 BattlEye Server: (Group) ANATOLI CHEJOV: whereit says 
 8:57:34 BattlEye Server: (Group) ANATOL