 9:01:38 BattlEye Server: Initialized (v1.217)
 9:01:38 Host identity created.
 9:01:38 Game Port: 2307, Steam Query Port: 2308
 9:01:38 Mission A3Wasteland Altis v1.4c read from bank.
 9:01:40 Roles assigned.
 9:01:40 Reading mission ...
 9:02:10 Mission read.
 9:02:10 Rou Kowalski uses modified data file
 9:02:10 BattlEye Server: Player #0 Rou Kowalski (73.147.1.91:2309) connected
 9:02:10 Player Rou Kowalski connecting.
 9:02:10 Game started.
 9:02:11 BattlEye Server: Connected to BE Master
 9:02:12 BattlEye Server: Player #0 Rou Kowalski - BE GUID: 58cae163ea9d3a0ff8adde240b436737
 9:02:14 Player Rou Kowalski connected (id=76561198034110598).
 9:02:14 BattlEye Server: Verified GUID (58cae163ea9d3a0ff8adde240b436737) of player #0 Rou Kowalski
 9:02:41 IpSwiCh uses modified data file
 9:02:41 BattlEye Server: Player #1 IpSwiCh (82.151.125.86:22371) connected
 9:02:41 Player IpSwiCh connecting.
 9:02:44 BattlEye Server: Player #1 IpSwiCh - BE GUID: 1f8aa8c1e7e1f014380ef627f09d7e8f
 9:02:44 Player IpSwiCh connected (id=76561198191916147).
 9:02:44 BattlEye Server: Verified GUID (1f8aa8c1e7e1f014380ef627f09d7e8f) of player #1 IpSwiCh
 9:04:13 High Alert Highlander  uses modified data file
 9:04:13 BattlEye Server: Player #2 High Alert Highlander  (190.171.107.50:62725) connected
 9:04:13 Player High Alert Highlander  connecting.
 9:04:16 BattlEye Server: Player #2 High Alert Highlander  - BE GUID: a01f35e030c4464ff5b5e9c18ddf0195
 9:04:18 Player High Alert Highlander  connected (id=76561198065774594).
 9:04:18 BattlEye Server: Verified GUID (a01f35e030c4464ff5b5e9c18ddf0195) of player #2 High Alert Highlander 
 9:11:18 Varluk uses modified data file
 9:11:18 BattlEye Server: Player #3 Varluk (188.170.74.91:60247) connected
 9:11:18 Player Varluk connecting.
 9:11:21 BattlEye Server: Player #3 Varluk - BE GUID: 40a5c124c81a14d4235b4453eb839ddf
 9:11:21 Player Varluk connected (id=76561198022459854).
 9:11:21 BattlEye Server: Verified GUID (40a5c124c81a14d4235b4453eb839ddf) of player #3 Varluk
 9:11:54 BattlEye Server: (Group) High Alert Highlander : whenthis fucker russians r going to sleep
 9:25:03 BattlEye Server: (Group) High Alert Highlander : choose gear frommy crates
 9:25:13 BattlEye Server: (Group) High Alert Highlander : you dont have gear onyour cartes
 9:25:15 BattlEye Server: (Group) High Alert Highlander : ?
 9:28:40 BattlEye Server: (Group) High Alert Highlander : putting this roof will take out completely allmmy worries from  arteleru attacks destroing everythinghere and will be somuch more easy to defend willa
 9:28:47 BattlEye Server: (Group) High Alert Highlander : will be awsome+
 9:30:07 BattlEye Server: (Group) High Alert Highlander : comegear up
 9:30:17 BattlEye Server: (Group) High Alert Highlander : and lets dosomemissions
 9:47:51 BattlEye Server: (Side) Varluk: miky maus !!!!
 9:48:36 BattlEye Server: (Side) Varluk: gey blia
10:07:47 BattlEye Server: (Group) High Alert Highlander : 16 new kills
10:08:32 BattlEye Server: (Group) High Alert Highlander : wict one is y9ours 
10:09:15 BattlEye Server: (Group) High Alert Highlander : oh your gear up 
10:09:20 BattlEye Server: (Group) High Alert Highlander : ok
10:09:37 BattlEye Server: (Group) High Alert Highlander : what u need
10:09:51 BattlEye Server: (Group) High Alert Highlander : ok should we go 
10:10:06 BattlEye Server: (Group) High Alert Highlander : so
10:10:39 BattlEye Server: (Group) High Alert Highlander : just becauser of that we are not going to play 
10:10:57 BattlEye Server: (Group) High Alert Highlander : ah  ok
10:11:10 BattlEye Server: (Group) High Alert Highlander : ok rigme wheu comeback
10:15:27 BattlEye Server: (Group) High Alert Highlander : ok imout dont forget  to loskthat base andto closeand lock all doors
10:22:14 Player High Alert Highlander  disconnected.
10:22:14 BattlEye Server: Player #2 High Alert Highlander  disconnected
10:58:32 Player IpSwiCh disconnected.
10:58:33 BattlEye Server: Player #1 IpSwiCh disconnected
10:59:08 Player Varluk disconnected.
10:59:09 BattlEye Server: Player #3 Varluk disconnected
11:23:32 Player Rou Kowalski disconnected.
11:23:32 BattlEye Server: Player #0 Rou Kowalski disconnected
11:28:33 Nuno Reguenga uses modified data file
11:28:33 BattlEye Server: Player #0 Nuno Reguenga (188.83.231.207:64144) connected
11:28:33 Player Nuno Reguenga connecting.
11:28:36 BattlEye Server: Player #0 Nuno Reguenga - BE GUID: 2d661f2ae0c67cd5aca9d4de55efa404
11:28:39 Player Nuno Reguenga connected (id=76561198388702468).
11:28:39 BattlEye Server: Verified GUID (2d661f2ae0c67cd5aca9d4de55efa404) of player #0 Nuno Reguenga
11:44:14 High Alert Highlander  uses modified data file
11:44:14 BattlEye Server: Player #1 High Alert Highlander  (190.171.107.50:62725) connected
11:44:14 Player High Alert Highlander  connecting.
11:44:19 BattlEye Server: Player #1 High Alert Highlander  - BE GUID: a01f35e030c4464ff5b5e9c18ddf0195
11:44:22 Player High Alert Highlander  connected (id=76561198065774594).
11:44:22 BattlEye Server: Verified GUID (a01f35e030c4464ff5b5e9c18ddf0195) of player #1 High Alert Highlander 
12:20:59 Player Nuno Reguenga disconnected.
12:20:59 BattlEye Server: Player #0 Nuno Reguenga disconnected
12:33:32 Player High Alert Highlander  disconnected.
12:33:32 BattlEye Server: Player #1 High Alert Highlander  disconnected
12:34:57 [KGB]21bro uses modified data file
12:34:57 BattlEye Server: Player #0 [KGB]21bro (75.168.84.22:2304) connected
12:34:57 Player [KGB]21bro connecting.
12:34:59 BattlEye Server: Player #0 [KGB]21bro - BE GUID: dd9ee037bf8e0a3fac5260fbd140f044
12:35:02 Player [KGB]21bro connected (id=76561198139570417).
12:35:02 BattlEye Server: Verified GUID (dd9ee037bf8e0a3fac5260fbd140f044) of player #0 [KGB]21bro
12:53:38 Rou Kowalski uses modified data file
12:53:38 BattlEye Server: Player #1 Rou Kowalski (73.147.1.91:2309) connected
12:53:38 Player Rou Kowalski connecting.
12:53:40 BattlEye Server: Player #1 Rou Kowalski - BE GUID: 58cae163ea9d3a0ff8adde240b436737
12:53:44 Player Rou Kowalski connected (id=76561198034110598).
12:53:44 BattlEye Server: Verified GUID (58cae163ea9d3a0ff8adde240b436737) of player #1 Rou Kowalski
13:11:11 High Alert Highlander  uses modified data file
13:11:11 BattlEye Server: Player #2 High Alert Highlander  (190.171.107.50:62725) connected
13:11:11 Player High Alert Highlander  connecting.
13:11:15 BattlEye Server: Player #2 High Alert Highlander  - BE GUID: a01f35e030c4464ff5b5e9c18ddf0195
13:11:17 Player High Alert Highlander  connected (id=76561198065774594).
13:11:17 BattlEye Server: Verified GUID (a01f35e030c4464ff5b5e9c18ddf0195) of player #2 High Alert Highlander 
13:17:40 BattlEye Server: (Global) High Alert Highlander : Hello KGB iamthe admin of this server  and im getting  messages  from our  antihack software 
13:18:12 BattlEye Server: (Global) High Alert Highlander : fromyour behalf withnot authorize usa of addodns 
13:18:38 BattlEye Server: (Global) [KGB]21bro: i only have rhs loaded
13:18:49 BattlEye Server: (Global) High Alert Highlander : so u are using someipe of mod or mods that we dont authirize in this server 
13:19:34 BattlEye Server: (Global) High Alert Highlander : i see that right now ur in the VS in airport 
13:19:44 BattlEye Server: (Global) High Alert Highlander : and imgetting alerts onyou 
13:20:03 BattlEye Server: (Global) [KGB]21bro: idk why
13:20:03 BattlEye Server: (Global) High Alert Highlander : pls stepout  of the server 
13:20:14 BattlEye Server: (Global) High Alert Highlander : disable  any addonds 
13:20:20 Merc uses modified data file
13:20:20 BattlEye Server: Player #3 Merc (24.207.152.238:2309) connected
13:20:20 Player Merc connecting.
13:20:22 BattlEye Server: Player #3 Merc - BE GUID: 955d09b6e1dde9360ceebc2963df084d
13:20:22 Player Merc connected (id=76561198026943270).
13:20:22 BattlEye Server: Verified GUID (955d09b6e1dde9360ceebc2963df084d) of player #3 Merc
13:20:25 BattlEye Server: (Global) High Alert Highlander : or mods 
13:20:36 BattlEye Server: (Global) High Alert Highlander : that r not rhs of the optiionals 
13:20:38 BattlEye Server: (Global) [KGB]21bro: i only have the nessicary mods loaded
13:21:19 BattlEye Server: (Global) High Alert Highlander : still if you are using arma launcher 3 and notthe regular arma 
13:21:32 BattlEye Server: (Global) High Alert Highlander : fromsteam we will get that 
13:21:50 BattlEye Server: (Global) [KGB]21bro: i launch from steam
13:22:07 BattlEye Server: (Global) High Alert Highlander : and that can enable a notallow mod totry to pass that as  invisble
13:22:23 BattlEye Server: (Global) High Alert Highlander : PLS  one more tiome steopout verify  and check 
13:22:33 BattlEye Server: (Global) High Alert Highlander : or i will nbanned 
13:23:05 BattlEye Server: (Global) High Alert Highlander : disableany not authorize mod
13:23:31 BattlEye Server: (Global) High Alert Highlander : pls stepout and check third time 
13:23:33 BattlEye Server: (Global) [KGB]21bro: i just cheaked and its only rhs would it have to do with any dlcs
13:24:37 BattlEye Server: (Global) High Alert Highlander : plslast time  stepout and log back ion with just the authorise mods 
13:24:48 BattlEye Server: (Global) High Alert Highlander : or i will go andbanned theip
13:25:35 Player [KGB]21bro disconnected.
13:25:35 BattlEye Server: Player #0 [KGB]21bro disconnected
13:27:26 BattlEye Server: (Group) High Alert Highlander : hey brother
13:27:29 BattlEye Server: (Group) High Alert Highlander : mason
13:27:36 BattlEye Server: (Group) High Alert Highlander : i have great fucking news 
13:27:57 BattlEye Server: (Group) High Alert Highlander : i finallyfound the way ofbuiding aroff
13:28:03 BattlEye Server: (Group) High Alert Highlander : a roff
13:28:05 BattlEye Server: (Group) High Alert Highlander : roof
13:28:19 BattlEye Server: (Group) High Alert Highlander : dude  u wont belief it was so fucking easy 
13:28:26 BattlEye Server: (Group) High Alert Highlander : it was there the all time 
13:28:41 [KGB]21bro uses modified data file
13:28:41 BattlEye Server: Player #4 [KGB]21bro (75.168.84.22:2304) connected
13:28:41 Player [KGB]21bro connecting.
13:28:44 BattlEye Server: Player #4 [KGB]21bro - BE GUID: dd9ee037bf8e0a3fac5260fbd140f044
13:28:47 Player [KGB]21bro connected (id=76561198139570417).
13:28:47 BattlEye Server: Verified GUID (dd9ee037bf8e0a3fac5260fbd140f044) of player #4 [KGB]21bro
13:28:48 BattlEye Server: (Group) High Alert Highlander : u got tu come tobase an see this 
13:29:00 BattlEye Server: (Group) High Alert Highlander : uwilllove it is still in process 
13:29:15 BattlEye Server: (Group) High Alert Highlander : but will be ok 
13:29:31 BattlEye Server: (Group) High Alert Highlander : i need help buying things 
13:29:41 BattlEye Server: (Group) High Alert Highlander : for  finishit 
13:30:10 BattlEye Server: (Global) High Alert Highlander : thank  u for doing that 
13:30:35 BattlEye Server: (Global) High Alert Highlander : make sure that always use onlyauthorizemods 
13:30:52 BattlEye Server: (Global) High Alert Highlander : onthat way we wonnt have promblems
13:31:02 BattlEye Server: (Global) High Alert Highlander : this isjust the first warning 
13:31:07 BattlEye Server: (Global) High Alert Highlander : enjoyurplay 
13:31:16 BattlEye Server: (Global) [KGB]21bro: ok
13:31:39 BattlEye Server: (Global) [KGB]21bro: also when you killed me you made me drop 90k
13:32:00 BattlEye Server: (Global) High Alert Highlander : yessorry it took 4times making you goout 
13:32:14 BattlEye Server: (Global) High Alert Highlander : soi had to dothat 
13:32:23 BattlEye Server: (Global) High Alert Highlander : yourmoney shoukldbe there
13:32:52 Player [KGB]21bro: Signature check timed out
13:32:52 Player [KGB]21bro disconnected.
13:32:52 BattlEye Server: Player #4 [KGB]21bro disconnected
13:33:03 BattlEye Server: (Group) High Alert Highlander : jaaaaaaaaaaaaaaaaaaaaa
13:33:07 BattlEye Server: (Group) High Alert Highlander : gochat
13:33:36 BattlEye Server: (Group) High Alert Highlander : fuckyeea   my softaware creation issoawsome
13:34:28 BattlEye Server: (Group) High Alert Highlander : igive you1million forthat pawnee
13:34:57 BattlEye Server: (Group) High Alert Highlander : my software delete everything 
13:36:25 BattlEye Server: (Group) High Alert Highlander : u aretalking twice 
13:37:14 BattlEye Server: (Group) High Alert Highlander : my software is deleting them
13:38:17 gshack uses modified data file
13:38:17 BattlEye Server: Player #4 gshack (72.213.197.29:2404) connected
13:38:17 Player gshack connecting.
13:38:20 BattlEye Server: Player #4 gshack - BE GUID: e5768fca624eebeb487a58be12b31dd6
13:38:20 Player gshack connected (id=76561198074280544).
13:38:20 BattlEye Server: Verified GUID (e5768fca624eebeb487a58be12b31dd6) of player #4 gshack
13:40:09 BattlEye Server: (Group) High Alert Highlander : is the same guy 
13:40:27 BattlEye Server: (Group) High Alert Highlander : is activating his hacking tools
13:40:36 BattlEye Server: (Group) High Alert Highlander : but they wont work
13:40:52 BattlEye Server: (Group) High Alert Highlander : is a ramdom detection 
13:41:08 BattlEye Server: (Group) High Alert Highlander : log out guy 
13:41:15 BattlEye Server: (Group) High Alert Highlander : guys log out 
13:41:51 Player Merc disconnected.
13:41:51 BattlEye Server: Player #3 Merc disconnected
13:43:30 Merc uses modified data file
13:43:30 BattlEye Server: Player #5 Merc (24.207.152.238:2309) connected
13:43:30 Player Merc connecting.
13:43:32 BattlEye Server: Player #5 Merc - BE GUID: 955d09b6e1dde9360ceebc2963df084d
13:43:32 Player Merc connected (id=76561198026943270).
13:43:32 BattlEye Server: Verified GUID (955d09b6e1dde9360ceebc2963df084d) of player #5 Merc
13:44:32 Player gshack disconnected.
13:44:32 BattlEye Server: Player #4 gshack disconnected
13:46:50 BattlEye Server: (Group) High Alert Highlander : the guy tried to activate  that and my software kick him
13:47:12 BattlEye Server: (Group) High Alert Highlander : lolsorry 
13:47:58 BattlEye Server: (Group) High Alert Highlander : yea fornow 
13:48:43 BattlEye Server: (Group) High Alert Highlander : lets go
13:49:29 BattlEye Server: (Group) High Alert Highlander : missions
13:49:34 BattlEye Server: (Group) High Alert Highlander : money
13:49:37 BattlEye Server: (Group) High Alert Highlander : crates 
13:49:45 BattlEye Server: (Group) High Alert Highlander : play
13:54:50 BattlEye Server: (Group) High Alert Highlander : yesw
14:04:14 BattlEye Server: (Side) High Alert Highlander : y
14:06:12 BattlEye Server: (Side) High Alert Highlander : y
14:10:41 BattlEye Server: (Global) High Alert Highlander : no
14:13:27 BattlEye Server: (Global) High Alert Highlander : this cartes 
14:16:17 BattlEye Server: (Group) High Alert Highlander : next armed convoy 
14:18:35 BattlEye Server: (Group) High Alert Highlander : bring themhere pls
14:21:47 BattlEye Server: (Group) High Alert Highlander : put then inthe taru pls
14:41:52 BattlEye Server: (Group) High Alert Highlander : RIGHT 
14:41:56 BattlEye Server: (Group) High Alert Highlander : we got it 
14:42:05 BattlEye Server: (Group) High Alert Highlander : yes
14:44:19 BattlEye Server: (Group) High Alert Highlander : imgoing toclose all te base 
14:44:39 BattlEye Server: (Group) High Alert Highlander : with the roof for prtection against  artelery 
14:44:53 BattlEye Server: (Group) High Alert Highlander : then we can  pull up the walls 
14:45:05 BattlEye Server: (Group) High Alert Highlander : fly we will able 
14:45:18 BattlEye Server: (Group) High Alert Highlander : what i what is protection against art 
14:46:29 BattlEye Server: (Group) High Alert Highlander : i imagine like 300 maybe  ramps
14:47:01 BattlEye Server: (Group) High Alert Highlander : what u thiink mason
14:47:27 BattlEye Server: (Group) High Alert Highlander : ineedmy coffeeimsleepy
14:49:04 BattlEye Server: (Group) High Alert Highlander : /it is 
14:49:08 BattlEye Server: (Group) High Alert Highlander : i try it 
14:49:43 BattlEye Server: (Group) High Alert Highlander : yes
14:50:10 BattlEye Server: (Group) High Alert Highlander : the roof  will work as  roof and heli pat 
14:50:15 BattlEye Server: (Group) High Alert Highlander : so dosentmatter 
14:50:20 BattlEye Server: (Group) High Alert Highlander : big bids
14:50:30 BattlEye Server: (Group) High Alert Highlander : they can staand in th