 9:02:01 BattlEye Server: Initialized (v1.217)
 9:02:01 Host identity created.
 9:02:01 Game Port: 2307, Steam Query Port: 2308
 9:02:01 Mission A3Wasteland Altis v1.4c read from bank.
 9:02:03 Roles assigned.
 9:02:03 Reading mission ...
 9:02:43 Mission read.
 9:02:44 Game started.
 9:44:27 Stitch uses modified data file
 9:44:27 BattlEye Server: Player #0 Stitch (108.223.184.154:2309) connected
 9:44:27 Player Stitch connecting.
 9:44:27 BattlEye Server: Connected to BE Master
 9:44:29 BattlEye Server: Player #0 Stitch - BE GUID: 8c8d6f8657d51cca56b3c0f297f3dddb
 9:44:30 Player Stitch connected (id=76561198135341054).
 9:44:30 BattlEye Server: Verified GUID (8c8d6f8657d51cca56b3c0f297f3dddb) of player #0 Stitch
 9:55:30 High Alert Highlander  uses modified data file
 9:55:30 BattlEye Server: Player #1 High Alert Highlander  (190.171.107.27:62725) connected
 9:55:30 Player High Alert Highlander  connecting.
 9:55:35 BattlEye Server: Player #1 High Alert Highlander  - BE GUID: a01f35e030c4464ff5b5e9c18ddf0195
 9:55:38 Player High Alert Highlander  connected (id=76561198065774594).
 9:55:38 BattlEye Server: Verified GUID (a01f35e030c4464ff5b5e9c18ddf0195) of player #1 High Alert Highlander 
10:58:27 Player Stitch disconnected.
10:58:27 BattlEye Server: Player #0 Stitch disconnected
11:03:42 Max Mota uses modified data file
11:03:42 BattlEye Server: Player #2 Max Mota (190.75.120.106:2309) connected
11:03:42 Player Max Mota connecting.
11:03:45 BattlEye Server: Player #2 Max Mota - BE GUID: b24b492882c5bff2195677387329ee4f
11:03:46 Player Max Mota connected (id=76561198004095068).
11:03:46 BattlEye Server: Verified GUID (b24b492882c5bff2195677387329ee4f) of player #2 Max Mota
11:06:41 BattlEye Server: (Global) Max Mota: T_T
11:10:50 BattlEye Server: (Global) High Alert Highlander : urthings r here
11:23:12 Rou Kowalski uses modified data file
11:23:12 BattlEye Server: Player #3 Rou Kowalski (73.147.1.91:2309) connected
11:23:12 Player Rou Kowalski connecting.
11:23:15 BattlEye Server: Player #3 Rou Kowalski - BE GUID: 58cae163ea9d3a0ff8adde240b436737
11:23:17 Player Rou Kowalski connected (id=76561198034110598).
11:23:17 BattlEye Server: Verified GUID (58cae163ea9d3a0ff8adde240b436737) of player #3 Rou Kowalski
11:26:32 BattlEye Server: (Global) Rou Kowalski: Good morning everyone
11:31:11 BattlEye Server: (Global) High Alert Highlander : guys AS SOON  the KYLE  OR THE YEET GUY gets in  let me know 
11:31:17 BattlEye Server: (Global) High Alert Highlander : i will banned him 
11:31:33 BattlEye Server: (Global) High Alert Highlander : if im not in send me a discord 
11:34:29 RCT.MASSEY.T uses modified data file
11:34:29 BattlEye Server: Player #4 RCT.MASSEY.T (174.194.24.17:7766) connected
11:34:29 Player RCT.MASSEY.T connecting.
11:34:31 BattlEye Server: Player #4 RCT.MASSEY.T - BE GUID: c32ead9d50d7c8b043291951e92544ad
11:34:32 Player RCT.MASSEY.T connected (id=76561198036148836).
11:34:32 BattlEye Server: Verified GUID (c32ead9d50d7c8b043291951e92544ad) of player #4 RCT.MASSEY.T
11:45:53 BattlEye Server: (Side) High Alert Highlander : 338
11:46:25 BattlEye Server: (Side) Max Mota: Rou!!
11:47:02 BattlEye Server: (Side) High Alert Highlander : not really  im checking the server logs and working on it 
11:47:20 BattlEye Server: (Side) High Alert Highlander : yes
11:47:33 BattlEye Server: (Side) High Alert Highlander : yes
11:47:46 BattlEye Server: (Side) High Alert Highlander : when ?
11:47:59 BattlEye Server: (Side) High Alert Highlander : that was fix already 
11:48:11 BattlEye Server: (Side) High Alert Highlander : it was giving someissuesonthat 
11:48:37 BattlEye Server: (Side) Max Mota: rou you have to see my new tank...
11:48:40 BattlEye Server: (Side) High Alert Highlander : u shoulod not have any problems 
11:48:47 BattlEye Server: (Side) High Alert Highlander : if you do let me know 
11:49:02 BattlEye Server: (Side) Max Mota: top airport
11:49:34 BattlEye Server: (Side) Max Mota: XD
11:50:03 BattlEye Server: (Side) Max Mota: enemys cannot see me with this
11:50:19 BattlEye Server: (Side) High Alert Highlander : no 
11:50:24 BattlEye Server: (Side) High Alert Highlander : hell no 
11:50:52 BattlEye Server: (Side) High Alert Highlander : hate dc 
11:51:45 BattlEye Server: (Side) Max Mota: sup
11:52:22 BattlEye Server: (Side) Max Mota: si viejo pero es muy chimbo que pienses asi.. cuando siempre te dije que yo no me presto para eso
11:52:38 BattlEye Server: (Side) Max Mota: y en verdad me da como fastidio que pase eso.. pienso que hay confianza
11:53:01 BattlEye Server: (Side) Max Mota: siempre veo el radar
11:53:14 BattlEye Server: (Side) Max Mota: estaba mason conmigo
11:55:31 BattlEye Server: (Side) Max Mota: tranquilo
11:56:01 BattlEye Server: (Side) Max Mota: pero no soy el unico que va y viene de la base, ademas que yo ese dia fui 2 veces a la base y ese man no estaba conectado
11:56:34 BattlEye Server: (Side) Max Mota: with numbers
11:56:37 BattlEye Server: (Side) Max Mota: 1 2 3
11:57:51 BattlEye Server: (Side) Max Mota: hahaha
11:57:54 BattlEye Server: (Side) Max Mota: pink camo op
11:57:59 BattlEye Server: (Side) Max Mota: estoy escuchando musica
11:58:56 BattlEye Server: (Side) Max Mota: ultra fast fapping?
12:02:48 BattlEye Server: (Side) Max Mota: 100k to resuply this  one...
12:06:17 Robert uses modified data file
12:06:17 BattlEye Server: Player #5 Robert (69.244.61.197:2309) connected
12:06:17 Player Robert connecting.
12:06:19 BattlEye Server: Player #5 Robert - BE GUID: 43a8fd6dd0da6a6c5abcdd917e822cc9
12:06:19 Player Robert connected (id=76561198092512866).
12:06:19 BattlEye Server: Verified GUID (43a8fd6dd0da6a6c5abcdd917e822cc9) of player #5 Robert
12:06:40 BattlEye Server: (Side) Max Mota: i dont recomend it
12:06:47 BattlEye Server: (Side) Max Mota: in game
12:07:12 BattlEye Server: (Side) Max Mota: dunno but fuck up ur vision
12:08:16 BattlEye Server: (Side) Max Mota: este tank esta bug
12:08:34 BattlEye Server: (Side) Max Mota: le recargue en el camion y no me cargo el arma principal
12:09:14 BattlEye Server: (Side) Max Mota: nope
12:09:59 BattlEye Server: (Side) RCT.MASSEY.T: tengo un gato en mi pantalones
12:10:10 BattlEye Server: (Side) Max Mota: cuidado te muerde una bola
12:10:27 BattlEye Server: (Side) RCT.MASSEY.T: pero me gusta el gato
12:10:36 BattlEye Server: (Side) RCT.MASSEY.T: en mi pantalones
12:11:36 BattlEye Server: (Side) Max Mota: you want to do altis patrol?
12:12:27 BattlEye Server: (Side) Max Mota: this tank is by any way
12:12:37 BattlEye Server: (Side) Max Mota: mediccccccccccccccccccccc
12:13:01 BattlEye Server: (Side) Max Mota: who is close?
12:15:08 BattlEye Server: (Side) Max Mota: with z and x
12:18:48 basti uses modified data file
12:18:48 BattlEye Server: Player #6 basti (77.181.47.168:2304) connected
12:18:48 Player basti connecting.
12:18:54 Player basti disconnected.
12:18:54 BattlEye Server: Player #6 basti disconnected
12:18:55 basti uses modified data file
12:18:55 BattlEye Server: Player #6 basti (77.181.47.168:2304) connected
12:18:55 Player basti connecting.
12:18:58 BattlEye Server: Player #6 basti - BE GUID: 6ff4c1b9a14207057c15fda66473e0ea
12:18:58 Player basti connected (id=76561198171359149).
12:18:58 BattlEye Server: Verified GUID (6ff4c1b9a14207057c15fda66473e0ea) of player #6 basti
12:19:12 Player basti disconnected.
12:19:12 BattlEye Server: Player #6 basti disconnected
12:24:29 BattlEye Server: (Side) Max Mota: hahaha
12:30:55 Player Robert disconnected.
12:30:55 BattlEye Server: Player #5 Robert disconnected
12:37:08 BattlEye Server: (Side) Max Mota: no
12:37:28 BattlEye Server: (Side) Max Mota: no thx
12:37:39 BattlEye Server: (Side) Max Mota: yeah
12:37:48 BattlEye Server: (Side) Max Mota: i ride alone
12:38:41 BattlEye Server: (Side) Max Mota: estoy relajado escuchando musica un rato
12:40:41 BattlEye Server: (Side) Max Mota: what?
12:40:45 Mason uses modified data file
12:40:45 BattlEye Server: Player #5 Mason (24.207.152.238:2309) connected
12:40:45 Player Mason connecting.
12:40:47 BattlEye Server: Player #5 Mason - BE GUID: 955d09b6e1dde9360ceebc2963df084d
12:40:47 Player Mason connected (id=76561198026943270).
12:40:48 BattlEye Server: Verified GU