21:01:39 BattlEye Server: Initialized (v1.217)
21:01:40 Host identity created.
21:01:40 Game Port: 2307, Steam Query Port: 2308
21:01:40 Mission A3Wasteland Altis v1.4c read from bank.
21:01:41 Roles assigned.
21:01:41 Reading mission ...
21:02:12 Mission read.
21:02:13 Game started.
21:05:33 Mason uses modified data file
21:05:33 BattlEye Server: Player #0 Mason (71.81.137.47:2309) connected
21:05:33 Player Mason connecting.
21:05:33 BattlEye Server: Connected to BE Master
21:05:35 BattlEye Server: Player #0 Mason - BE GUID: 955d09b6e1dde9360ceebc2963df084d
21:05:35 Player Mason connected (id=76561198026943270).
21:05:35 BattlEye Server: Verified GUID (955d09b6e1dde9360ceebc2963df084d) of player #0 Mason
21:23:30 High Alert Highlander  uses modified data file
21:23:30 BattlEye Server: Player #1 High Alert Highlander  (190.171.107.0:62725) connected
21:23:30 Player High Alert Highlander  connecting.
21:23:34 BattlEye Server: Player #1 High Alert Highlander  - BE GUID: a01f35e030c4464ff5b5e9c18ddf0195
21:23:38 Player High Alert Highlander  connected (id=76561198065774594).
21:23:38 BattlEye Server: Verified GUID (a01f35e030c4464ff5b5e9c18ddf0195) of player #1 High Alert Highlander 
21:26:17 BattlEye Server: (Side) High Alert Highlander : heymason a couple guys of the clan r joining in to battle and pve 
21:26:20 BattlEye Server: (Side) High Alert Highlander : also
21:26:36 BattlEye Server: (Side) High Alert Highlander : sowouldulike tojoinus 
21:26:46 BattlEye Server: (Side) High Alert Highlander : wouldbe goodfor you 
21:27:08 BattlEye Server: (Side) High Alert Highlander : and also Sarg madeu admin on discord 
21:27:20 BattlEye Server: (Side) Mason: i'm getting ready to log, its getting alte
21:27:35 BattlEye Server: (Side) High Alert Highlander : okbro
21:27:42 BattlEye Server: (Side) High Alert Highlander : login 6914
21:28:04 BattlEye Server: (Side) Mason: ok, not sure what that means i'll talk to you tomorrow about it
21:28:17 BattlEye Server: (Side) High Alert Highlander : ok
21:29:04 Player Mason disconnected.
21:29:04 BattlEye Server: Player #0 Mason disconnected
21:29:06 Admin logged in, player: High Alert Highlander , playerUID: 76561198065774594, IP: 192.168.0.10:2309.
22:02:39 Admin logged out, player: High Alert Highlander , playerUID: 76561198065774594, IP: 192.168.0.10:2309.
22:06:49 SgtMajPrivate uses modified data file
22:06:49 BattlEye Server: Player #2 SgtMajPrivate (73.93.167.13:2309) connected
22:06:49 Player SgtMajPrivate connecting.
22:06:51 BattlEye Server: Player #2 SgtMajPrivate - BE GUID: 4c2b9d687447cbad1213b89cfae82f46
22:06:52 Player SgtMajPrivate connected (id=76561198164565751).
22:06:52 BattlEye Server: Verified GUID (4c2b9d687447cbad1213b89cfae82f46) of player #2 SgtMajPrivate
22:09:52 Admin logged in, player: SgtMajPrivate, playerUID: 76561198164565751, IP: 192.168.0.11:2309.
22:10:46 BattlEye Server: (Global) High Alert Highlander : come on really 
22:10:49 BattlEye Server: (Global) High Alert Highlander : sarg 
22:10:58 BattlEye Server: (Global) SgtMajPrivate: what
22:11:15 BattlEye Server: (Global) High Alert Highlander : respawding  a uh60
22:11:38 BattlEye Server: (Global) High Alert Highlander : let go those powers to one canhave them
22:11:44 BattlEye Server: (Global) High Alert Highlander : jajaja 
22:11:47 BattlEye Server: (Global) High Alert Highlander : again 
22:12:01 BattlEye Server: (Global) SgtMajPrivate: yea i have nothing
22:12:09 BattlEye Server: (Global) SgtMajPrivate: i'm going to get these guys started
22:12:14 BattlEye Server: (Global) SgtMajPrivate: with some gear
22:12:20 BattlEye Server: (Global) High Alert Highlander : im messing wuth u 
22:14:03 BattlEye Server: (Global) High Alert Highlander : that is such a lie
22:14:08 Andy uses modified data file
22:14:08 BattlEye Server: Player #3 Andy (192.182.95.175:2309) connected
22:14:08 Player Andy connecting.
22:14:11 BattlEye Server: Player #3 Andy - BE GUID: 80626db1f5f8a2b430d04d9140222378
22:14:12 Player Andy connected (id=76561198419411531).
22:14:12 BattlEye Server: Verified GUID (80626db1f5f8a2b430d04d9140222378) of player #3 Andy
22:15:28 KSK Mr Turlte555 uses modified data file
22:15:28 BattlEye Server: Player #4 KSK Mr Turlte555 (107.137.165.47:2309) connected
22:15:28 Player KSK Mr Turlte555 connecting.
22:15:31 BattlEye Server: Player #4 KSK Mr Turlte555 - BE GUID: 03f2264f73c45f636bc5cf167abaa20d
22:15:31 Player KSK Mr Turlte555 connected (id=76561198184113991).
22:15:31 BattlEye Server: Verified GUID (03f2264f73c45f636bc5cf167abaa20d) of player #4 KSK Mr Turlte555
22:17:07 BattlEye Server: (Global) High Alert Highlander : sarg let go those powers  no one can have them
22:17:22 BattlEye Server: (Global) High Alert Highlander : dont trush u last kill yu guys wasto wierd
22:18:03 BattlEye Server: (Global) SgtMajPrivate: i wil
22:19:01 BattlEye Server: (Global) SgtMajPrivate: i just need to geat up
22:19:32 BattlEye Server: (Global) SgtMajPrivate: so its a fair fight
22:25:16 Player KSK Mr Turlte555 is losing connection
22:25:44 Player KSK Mr Turlte555 kicked off by BattlEye: Client not responding
22:25:44 Player KSK Mr Turlte555 disconnected.
22:26:30 Swizzle uses modified data file
22:26:30 BattlEye Server: Player #4 Swizzle (70.173.174.41:2309) connected
22:26:30 Player Swizzle connecting.
22:26:34 Player Swizzle disconnected.
22:26:34 BattlEye Server: Player #4 Swizzle disconnected
22:26:52 Swizzle uses modified data file
22:26:52 BattlEye Server: Player #4 Swizzle (70.173.174.41:2309) connected
22:26:52 Player Swizzle connecting.
22:26:54 BattlEye Server: Player #4 Swizzle - BE GUID: 73d4125eb28be3bb623618382caebf95
22:26:54 Player Swizzle connected (id=76561198040773867).
22:26:54 BattlEye Server: Verified GUID (73d4125eb28be3bb623618382caebf95) of player #4 Swizzle
22:28:12 BattlEye Server: (Global) High Alert Highlander : balanceteamspls
22:29:16 BattlEye Server: (Direct) SgtMajPrivate: we are going to do a mission first, these guys are new
22:30:18 BattlEye Server: (Direct) SgtMajPrivate: so don't hint us yet
22:30:22 BattlEye Server: (Direct) SgtMajPrivate: hunt**
22:31:26 KSK Mr Turlte555 uses modified data file
22:31:26 BattlEye Server: Player #5 KSK Mr Turlte555 (107.137.165.47:2309) connected
22:31:27 Player KSK Mr Turlte555 connecting.
22:31:29 BattlEye Server: Player #5 KSK Mr Turlte555 - BE GUID: 03f2264f73c45f636bc5cf167abaa20d
22:31:30 Player KSK Mr Turlte555 connected (id=76561198184113991).
22:31:30 BattlEye Server: Verified GUID (03f2264f73c45f636bc5cf167abaa20d) of player #5 KSK Mr Turlte555
22:31:41 MET uses modified data file
22:31:41 BattlEye Server: Player #6 MET (70.189.251.117:2304) connected
22:31:41 Player MET connecting.
22:31:43 BattlEye Server: Player #6 MET - BE GUID: 825d0b0bd33e3674a16f6d99957d56f6
22:31:44 Player MET connected (id=76561198027147757).
22:31:44 BattlEye Server: Verified GUID (825d0b0bd33e3674a16f6d99957d56f6) of player #6 MET
22:32:31 BattlEye Server: (Global) High Alert Highlander : buys balance teams right 
22:41:39 Isaac uses modified data file
22:41:39 BattlEye Server: Player #7 Isaac (14.201.123.229:2309) connected
22:41:39 Player Isaac connecting.
22:41:42 BattlEye Server: Player #7 Isaac - BE GUID: 0eedee1f512207f60f338aa74f211d5f
22:41:43 Player Isaac connected (id=76561198096351731).
22:41:43 BattlEye Server: Verified GUID (0eedee1f512207f60f338aa74f211d5f) of player #7 Isaac
22:42:15 Player Isaac disconnected.
22:42:15 BattlEye Server: Player #7 Isaac disconnected
22:42:38 BattlEye Server: (Global) High Alert Highlander : commonguys balance teams 
22:42:54 BattlEye Server: (Global) High Alert Highlander : iknowimgoodbut not for 6
22:43:24 Isaac uses modified data file
22:43:24 BattlEye Server: Player #7 Isaac (14.201.123.229:2309) connected
22:43:24 Player Isaac connecting.
22:43:25 BattlEye Server: (Direct) SgtMajPrivate: these guys have no gear dude
22:43:27 BattlEye Server: Player #7 Isaac - BE GUID: 0eedee1f512207f60f338aa74f211d5f
22:43:27 Player Isaac connected (id=76561198096351731).
22:43:28 BattlEye Server: Verified GUID (0eedee1f512207f60f338aa74f211d5f) of player #7 Isaac
22:43:41 BattlEye Server: (Direct) SgtMajPrivate: we are going to gear up then we can balance
22:44:12 BattlEye Server: (Global) High Alert Highlander : treally 
22:44:39 BattlEye Server: (Direct) SgtMajPrivate: dude, you are way to op right now
22:46:55 BattlEye Server: (Global) KSK Mr Turlte555: yeet
23:09:11 James Freeman uses modified data file
23:09:11 BattlEye Server: Player #8 James Freeman (74.221.5.107:2309) connected
23:09:11 Player James Freeman connecting.
23:09:14 BattlEye Server: Player #8 James Freeman - BE GUID: df4d1c28e4621765c95f857511db6432
23:09:15 Player James Freeman connected (id=76561198271883587).
23:09:15 BattlEye Server: Verified GUID (df4d1c28e4621765c95f857511db6432) of player #8 James Freeman
23:09:20 Player MET disconnected.
23:09:20 BattlEye Server: Player #6 MET disconnected
23:29:53 BattlEye Server: (Side) High Alert Highlander : gg bro 
23:29:57 BattlEye Server: (Side) High Alert Highlander : wel done
23:30:04 BattlEye Server: (Side) High Alert Highlander : imhuntingthoseguys 
23:30:09 BattlEye Server: (Side) High Alert Highlander : where r they 
23:32:16 Player KSK Mr Turlte555 is losing connection
23:32:20 BattlEye Server: (Side) High Alert Highlander : do you nedd backup 
23:32:25 BattlEye Server: (Side) High Alert Highlander : where u r 
23:32:53 BattlEye Server: (Side) James Freeman: outside of zaros
23:33:36 Player KSK Mr Turlte555 disconnected.
23:33:36 BattlEye Server: Player #5 KSK Mr Turlte555 disconnected
23:33:48 BattlEye Server: (Side) High Alert Highlander : ok goin that way 
23:34:22 BattlEye Server: (Global) High Alert Highlander : coming
23:39:45 Player Swizzle disconnected.
23:39:45 BattlEye Server: Player #4 Swizzle disconnected
23:40:49 BattlEye Server: (Group) James Freeman: are you close?
23:41:06 BattlEye Server: (Group) High Alert Highlander : by the air port 
23:41:20 BattlEye Server: (Group) James Freeman: okay
23:56:58 BattlEye Server: (Group) James Freeman: i think they gave up
23:58:02 BattlEye Server: (Group) High Alert Highlander : found a car 
23:58:22 BattlEye Server: (Group) James Freeman: good
 0:02:12 BattlEye Server: (Group) High Alert Highlander : still there
 0:04:34 BattlEye Server: (Group) High Alert Highlander : arround where r thjey
 0:04:51 BattlEye Server: (Group) James Freeman: they were right here
 0:05:30 BattlEye Server: (Group) High Alert Highlander : thereis a beacon here
 0:05:32 BattlEye Server: (Group) High Alert Highlander : coverme
 0:05:40 BattlEye Server: (Group) High Alert Highlander : imstealing this
 0:05:58 BattlEye Server: (Group) James Freeman: ok
 0:06:45 BattlEye Server: (Group) High Alert Highlander : hereis somegear
 0:07:08 BattlEye Server: (Group) James Freeman: hes back
 0:07:13 BattlEye Server: (Group) James Freeman: xD
 0:08:16 BattlEye Server: (Group) High Alert Highlander : eletsdgo
 0:10:05 BattlEye Server: (Group) High Alert Highlander : i píck up 625k
 0:10:30 BattlEye Server: (Group) James Freeman: Wtf i got 22k
 0:10:46 BattlEye Server: (Group) High Alert Highlander : yours 
 0:11:08 BattlEye Server: (Group) James Freeman: thanks
 0:12:26 BattlEye Server: (Group) James Freeman: wtfff
 0:12:39 BattlEye Server: (Group) James Freeman: lol what happened
 0:13:14 BattlEye Server: (Group) High Alert Highlander : some glich 
 0:13:26 BattlEye Server: (Group) James Freeman: im in the rock....
 0:15:34 BattlEye Server: (Group) High Alert Highlander : i dont see shit time to move 
 0:15:38 BattlEye Server: (Group) High Alert Highlander : what u think 
 0:15:45 BattlEye Server: (Group) James Freeman: im stuck
 0:15:52 BattlEye Server: (Group) James Freeman: in the rock
 0:16:41 BattlEye Server: (Group) High Alert Highlander : log out anmdlog back in
 0:16:48 BattlEye Server: (Group) James Freeman: ok
 0:16:56 Player James Freeman disconnected.
 0:16:56 BattlEye Server: Player #8 James Freeman disconnected
 0:17:39 BattlEye Server: (Side) Andy: THANK GOD the carnage has finally ended
 0:18:00 BattlEye Server: (Global) High Alert Highlander : what u guys up too 
 0:18:10 BattlEye Server: (Global) Isaac: Just bought an AS-VAL, you?
 0:18:18 James Freeman uses modified data file
 0:18:18 BattlEye Server: Player #8 James Freeman (74.221.5.107:2309) connected
 0:18:18 Player James Freeman connecting.
 0:18:26 BattlEye Server: Player #8 James Freeman - BE GUID: df4d1c28e4621765c95f857511db6432
 0:18:26 Player James Freeman connected (id=76561198271883587).
 0:18:26 BattlEye Server: Verified GUID (df4d1c28e4621765c95f857511db6432) of player #8 James Freeman
 0:18:31 BattlEye Server: (Global) High Alert Highlander : here campi9ng waiting 
 0:18:40 BattlEye Server: (Side) Andy: please james no mas
 0:18:42 BattlEye Server: (Global) Isaac: Nice lol
 0:20:18 BattlEye Server: (Global) High Alert Highlander : likei said camping and waiting 
 0:20:41 BattlEye Server: (Global) Isaac: The AN/PVS-27 along with a sniper optic looks so stupid on my gun xD
 0:20:45 BattlEye Server: (Global) Isaac: Fair enough lol
 0:21:04 BattlEye Server: (Side) High Alert Highlander : dude die and respawn 
 0:21:14 BattlEye Server: (Side) High Alert Highlander : i will a beacon 
 0:21:33 BattlEye Server: (Side) James Freeman: okay
 0:21:41 BattlEye Server: (Side) High Alert Highlander : beacon is almost done 
 0:21:56 BattlEye Server: (Global) Isaac: Rip lol
 0:22:05 BattlEye Server: (Side) High Alert Highlander : isup
 0:23:10 BattlEye Server: (Side) James Freeman: i dropped my phone on my space bar....
 0:23:19 BattlEye Server: (Side) James Freeman: ill be down in 20
 0:24:50 BattlEye Server: (Side) High Alert Highlander : there is a helithere}
 0:25:35 BattlEye Server: (Side) High Alert Highlander : come
 0:26:40 BattlEye Server: (Side) James Freeman: ok
 0:27:09 BattlEye Server: (Side) High Alert Highlander : found a humbee
 0:28:35 BattlEye Server: (Side) High Alert Highlander :  r u conming 
 0:28:39 BattlEye Server: (Side) James Freeman: ywea
 0:32:07 Nukes uses modified data file
 0:32:07 BattlEye Server: Player #9 Nukes (65.31.48.27:2304) connected
 0:32:08 Player Nukes connecting.
 0:32:11 BattlEye Server: Player #9 Nukes - BE GUID: f308e72ca1c9b91b8f77120a073c94ea
 0:32:12 Player Nukes connected (id=76561198799296028).
 0:32:12 BattlEye Server: Verified GUID (f308e72ca1c9b91b8f77120a073c94ea) of player #9 Nukes
 0:33:42 Player Nukes disconnected.
 0:33:42 BattlEye Server: Player #9 Nukes disconnected
 0:36:12 BattlEye Server: (Side) High Alert Highlander : checkthe crates 
 0:36:21 BattlEye Server: (Side) High Alert Highlander : wellthe crate 
 0:36:46 BattlEye Server: (Side) James Freeman: dang boy
 0:39:35 BattlEye Server: (Side) High Alert Highlander : damn it they ar edown south 
 0:40:49 BattlEye Server: (Side) High Alert Highlander : holste4r ur weapion
 0:45:09 BattlEye Server: (Side) High Alert Highlander : jump
 0:45:29 BattlEye Server: (Side) High Alert Highlander : ididnot see those cables
 0:45:34 BattlEye Server: (Side) James Freeman: lol
 1:00:15 Player Isaac disconnected.
 1:00:15 BattlEye Server: Player #7 Isaac disconnected
 1:05:18 BattlEye Server: (Side) High Alert Highlander : okthe altis patrol isout hopefully they will come
 1:05:43 BattlEye Server: (Side) James Freeman: alrighty
 1:07:50 BattlEye Server: (Side) High Alert Highlander : shit that was ai
 1:08:16 BattlEye Server: (Side) James Freeman: did you not know that
 1:08:31 BattlEye Server: (Side) High Alert Highlander : no it moves like a person
 1:08:42 BattlEye Server: (Side) High Alert Highlander : ineed myfucking glasses
 1:09:08 BattlEye Server: (Side) James Freeman: the truck flipped
 1:09:16 BattlEye Server: (Side) High Alert Highlander : isee
 1:13:46 BattlEye Server: (Group) High Alert Highlander : ok imlogin out is late 
 1:13:58 BattlEye Server: (Group) James Freeman: yea me too
 1:13:59 BattlEye Server: (Group) High Alert Highlander : u cantake the heli 
 1:14:10 BattlEye Server: (Group) High Alert Highlander : thst down ifr u want 
 1:14:26 BattlEye Server: (Group) James Freeman: maybe tomorrow
 1:15:26 Player James Freeman disconnected.
 1:15:26 BattlEye Server: Player #8 James Freeman disconnected
 1:15:41 BattlEye Server: (Global) High Alert Highlander : guys gg+
 1:15:49 BattlEye Server: (Global) SgtMajPrivate: gg
 1:15:52 BattlEye Ser