15:01:44 BattlEye Server: Initialized (v1.217)
15:01:44 Host identity created.
15:01:44 Game Port: 2307, Steam Query Port: 2308
15:01:44 Mission A3Wasteland Altis v1.4c read from bank.
15:01:46 Roles assigned.
15:01:46 Reading mission ...
15:02:22 Mission read.
15:02:22 UrPapTrap uses modified data file
15:02:22 BattlEye Server: Player #0 UrPapTrap (172.1.97.121:2304) connected
15:02:22 Player UrPapTrap connecting.
15:02:22 Camer uses modified data file
15:02:22 BattlEye Server: Player #1 Camer (107.138.81.9:2304) connected
15:02:22 Player Camer connecting.
15:02:22 Game started.
15:02:23 BattlEye Server: Connected to BE Master
15:02:24 BattlEye Server: Player #0 UrPapTrap - BE GUID: bc0455be729b0a6efc019b64795d18d8
15:02:24 Player UrPapTrap connected (id=76561198097586684).
15:02:24 BattlEye Server: Verified GUID (bc0455be729b0a6efc019b64795d18d8) of player #0 UrPapTrap
15:02:24 BattlEye Server: Player #1 Camer - BE GUID: 2367070bc7749db1fdcc75e3738fbad9
15:02:25 Player Camer connected (id=76561198050933684).
15:02:25 BattlEye Server: Verified GUID (2367070bc7749db1fdcc75e3738fbad9) of player #1 Camer
15:04:25 Feller uses modified data file
15:04:25 BattlEye Server: Player #2 Feller (68.251.245.45:2309) connected
15:04:25 Player Feller connecting.
15:04:27 BattlEye Server: Player #2 Feller - BE GUID: 57722fbe19de6869f5a7407356ceaaba
15:04:28 Player Feller connected (id=76561198044427738).
15:04:28 BattlEye Server: Verified GUID (57722fbe19de6869f5a7407356ceaaba) of player #2 Feller
15:09:08 Cole uses modified data file
15:09:08 BattlEye Server: Player #3 Cole (76.112.245.186:2304) connected
15:09:08 Player Cole connecting.
15:09:10 BattlEye Server: Player #3 Cole - BE GUID: 8684333b90764d64051c2f023171ca41
15:09:11 Player Cole connected (id=76561198799210260).
15:09:11 BattlEye Server: Verified GUID (8684333b90764d64051c2f023171ca41) of player #3 Cole
15:13:13 Player Cole disconnected.
15:13:13 BattlEye Server: Player #3 Cole disconnected
16:04:52 BattlEye Server: (Side) Camer: .,,./,.M,.M,.M,N.
16:08:25 Yeet McDabbington uses modified data file
16:08:25 BattlEye Server: Player #3 Yeet McDabbington (73.21.180.37:2309) connected
16:08:25 Player Yeet McDabbington connecting.
16:08:27 BattlEye Server: Player #3 Yeet McDabbington - BE GUID: e0845e254755825b22e6d30dc7e61b99
16:08:30 Player Yeet McDabbington connected (id=76561198032540425).
16:08:30 BattlEye Server: Verified GUID (e0845e254755825b22e6d30dc7e61b99) of player #3 Yeet McDabbington
16:12:39 BattlEye Server: (Global) Feller: we aint wanting to pvp borther, dont be angry at us pls
16:13:07 BattlEye Server: (Global) Yeet McDabbington: Haha you all think I'm always a dick.
16:13:21 BattlEye Server: (Global) Yeet McDabbington: Believe it or not. I don't either.
16:13:34 BattlEye Server: (Global) Feller: so were good?
16:13:53 BattlEye Server: (Global) Feller: i say it everytime someone joins
16:14:10 BattlEye Server: (Global) Yeet McDabbington: Yea.
16:14:36 BattlEye Server: (Global) Yeet McDabbington: What mission are you guys at?
16:14:41 BattlEye Server: (Global) Feller: airfield
16:14:45 BattlEye Server: (Global) Yeet McDabbington: Gotcha.
16:14:52 BattlEye Server: (Global) Yeet McDabbington: I hear the shots.
16:15:08 BattlEye Server: (Global) Feller: yea were getting nae naed
16:15:35 BattlEye Server: (Global) Feller: wanna hop on independant
16:15:45 BattlEye Server: (Global) Yeet McDabbington: Forced to red.
16:15:50 BattlEye Server: (Global) Feller: oof limit
16:16:49 BattlEye Server: (Global) Yeet McDabbington: Sending my drone to the saltflats to repair and what not.
16:16:55 BattlEye Server: (Global) Feller: cool
16:16:59 BattlEye Server: (Global) Yeet McDabbington: Moving on foot to support you now.
16:17:04 BattlEye Server: (Global) Feller: oo thx]
16:18:26 BattlEye Server: (Global) Feller: lots of infantry scattered around
16:21:45 BattlEye Server: (Global) Feller: you get him?
16:21:50 BattlEye Server: (Global) Yeet McDabbington: I think lol
16:21:59 BattlEye Server: (Global) Feller: that your MBT at the vehicle store
16:22:00 BattlEye Server: (Global) Yeet McDabbington: Abrams at the end of the airfield.
16:22:02 BattlEye Server: (Global) Yeet McDabbington: Yep
16:22:06 BattlEye Server: (Global) Feller: kk
16:24:44 BattlEye Server: (Global) Feller: AWWWW
16:25:17 BattlEye Server: (Global) Yeet McDabbington: You wanted one?
16:25:35 BattlEye Server: (Global) Feller: yea i asked for it in direct chat but you must have not heard me
16:25:40 BattlEye Server: (Global) Yeet McDabbington: I'll do you a favor.
16:25:43 BattlEye Server: (Global) Feller: b e t
16:26:55 BattlEye Server: (Global) Yeet McDabbington: T90 or abrams?
16:26:58 BattlEye Server: (Global) Yeet McDabbington: And color?
16:28:04 BattlEye Server: (Global) Yeet McDabbington: What mission next?
16:28:30 BattlEye Server: (Global) Feller: probably armed convoy
16:28:51 BattlEye Server: (Global) Feller: this is locked 
16:28:55 BattlEye Server: (Global) Feller: oof
16:29:09 BattlEye Server: (Global) Feller: thx bb
16:29:42 BattlEye Server: (Global) Feller: yea lets do armed convoy
16:35:51 BattlEye Server: (Global) Yeet McDabbington: Someone land a heli and or drive an ifrit to the mission?
16:36:12 BattlEye Server: (Global) Feller: not us
16:37:10 BattlEye Server: (Global) Feller: all 3 of us are together btw, were the only ones on the server
16:37:12 BattlEye Server: (Global) Yeet McDabbington: Vehicles are shacked.
16:38:06 BattlEye Server: (Global) Feller: also there isnt a player cap for teams, why cant you join indpendant?
16:38:17 BattlEye Server: (Global) Yeet McDabbington: Looking at getting out of this tank. Might get into the air.
16:38:20 BattlEye Server: (Global) Yeet McDabbington: lol wait 1
16:38:27 BattlEye Server: (Global) Feller: ooo fancy
16:38:41 BattlEye Server: (Global) Feller: i would by a warrhog but that would be most of my monety
16:39:31 BattlEye Server: (Side) Yeet McDabbington: /
16:39:44 BattlEye Server: (Global) Yeet McDabbington: Swapped
16:55:50 Player Camer disconnected.
16:55:50 BattlEye Server: Player #1 Camer disconnected
16:56:14 Player UrPapTrap kicked off by BattlEye: Client not responding
16:56:14 Player UrPapTrap disconnected.
16:58:14 Bob Lee uses modified data file
16:58:14 BattlEye Server: Player #4 Bob Lee (217.42.61.228:2309) connected
16:58:14 Player Bob Lee connecting.
16:58:18 BattlEye Server: Player #4 Bob Lee - BE GUID: 52d9ca92b8c3298ec24172bdac71006f
16:58:18 Player Bob Lee connected (id=76561198354803567).
16:58:18 BattlEye Server: Verified GUID (52d9ca92b8c3298ec24172bdac71006f) of player #4 Bob Lee
17:12:35 Player Feller disconnected.
17:12:35 BattlEye Server: Player #2 Feller disconnected
17:12:45 Player Yeet McDabbington disconnected.
17:12:45 BattlEye Server: Player #3 Yeet McDabbington disconnected
17:31:23 Player Bob Lee disconnected.
17:31:23 BattlEye Server: Player #4 Bob Lee disconnected
18:07:27 George uses modified data file
18:07:27 BattlEye Server: Player #0 George (137.119.130.180:2309) connected
18:07:27 Player George connecting.
18:07:29 BattlEye Server: Player #0 George - BE GUID: 6ea6bdb0921d702228a1cb59f54bc5f8
18:07:29 Player George connected (id=76561198079626864).
18:07:29 BattlEye Server: Verified GUID (6ea6bdb0921d702228a1cb59f54bc5f8) of player #0 George
18:33:14 pc - lameiro uses modified data file
18:33:14 BattlEye Server: Player #1 pc - lameiro (177.200.71.234:39600) connected
18:33:14 Player pc - lameiro connecting.
18:33:16 BattlEye Server: Player #1 pc - lameiro - BE GUID: b4d7b143624a4588ff48a7d4cc77385a
18:33:17 Player pc - lameiro connected (id=76561198149782958).
18:33:17 BattlEye Server: Verified GUID (b4d7b143624a4588ff48a7d4cc77385a) of player #1 pc - lameiro
18:33:56 Player pc - lameiro disconnected.
18:33:56 BattlEye Server: Player #1 pc - lameiro disconnected
18:34:54 pc - lameiro uses modified data file
18:34:55 BattlEye Server: Player #1 pc - lameiro (177.200.71.234:39600) connected
18:34:55 Player pc - lameiro connecting.
18:34:57 BattlEye Server: Player #1 pc - lameiro - BE GUID: b4d7b143624a4588ff48a7d4cc77385a
18:34:58 Player pc - lameiro connected (id=76561198149782958).
18:34:58 BattlEye Server: Verified