 3:01:35 BattlEye Server: Initialized (v1.217)
 3:01:36 Host identity created.
 3:01:36 Game Port: 2307, Steam Query Port: 2308
 3:01:36 Mission A3Wasteland Altis v1.4c read from bank.
 3:01:37 Roles assigned.
 3:01:38 Reading mission ...
 3:02:08 Mission read.
 3:02:09 Game started.
 4:02:43 Andres Tresado uses modified data file
 4:02:43 BattlEye Server: Player #0 Andres Tresado (190.178.218.213:2309) connected
 4:02:43 Player Andres Tresado connecting.
 4:02:44 BattlEye Server: Connected to BE Master
 4:02:46 BattlEye Server: Player #0 Andres Tresado - BE GUID: 04728db9c9a8254c673461487ca5b025
 4:02:46 Player Andres Tresado connected (id=76561198147332465).
 4:02:46 BattlEye Server: Verified GUID (04728db9c9a8254c673461487ca5b025) of player #0 Andres Tresado
 4:07:42 Player Andres Tresado disconnected.
 4:07:42 BattlEye Server: Player #0 Andres Tresado disconnected
 4:12:52 Andres Tresado uses modified data file
 4:12:52 BattlEye Server: Player #0 Andres Tresado (190.178.218.213:2309) connected
 4:12:52 Player Andres Tresado connecting.
 4:12:54 BattlEye Server: Player #0 Andres Tresado - BE GUID: 04728db9c9a8254c673461487ca5b025
 4:12:55 Player Andres Tresado connected (id=76561198147332465).
 4:12:55 BattlEye Server: Verified GUID (04728db9c9a8254c673461487ca5b025) of player #0 Andres Tresado
 4:17:45 Player Andres Tresado is losing connection
 4:18:08 Player Andres Tresado disconnected.
 4:18:08 BattlEye Server: Player #0 Andres Tresado disconnected
 4:26:46 Joey uses modified data file
 4:26:46 BattlEye Server: Player #0 Joey (174.234.12.210:5102) connected
 4:26:46 Player Joey connecting.
 4:26:48 BattlEye Server: Player #0 Joey - BE GUID: 4a229150a8b72a287ebf113b7e640ee6
 4:26:48 Player Joey connected (id=76561198137328966).
 4:26:48 BattlEye Server: Verified GUID (4a229150a8b72a287ebf113b7e640ee6) of player #0 Joey
 4:31:09 Player Joey disconnected.
 4:31:09 BattlEye Server: Player #0 Joey disconnected
 4:31:10 MAXBOTTER uses modified data file
 4:31:10 BattlEye Server: Player #0 MAXBOTTER (178.213.17.195:2304) connected
 4:31:10 Player MAXBOTTER connecting.
 4:31:13 BattlEye Server: Player #0 MAXBOTTER - BE GUID: aa3046566a44a5c678603201db4b9c74
 4:31:13 Player MAXBOTTER connected (id=76561198125700657).
 4:31:13 BattlEye Server: Verified GUID (aa3046566a44a5c678603201db4b9c74) of player #0 MAXBOTTER
 4:33:16 Пушкин uses modified data file
 4:33:16 BattlEye Server: Player #1 Пушкин (94.180.152.238:2304) connected
 4:33:16 Player Пушкин connecting.
 4:33:18 BattlEye Server: Player #1 Пушкин - BE GUID: e3a335d401cde30a664a9aa174053ded
 4:33:19 Player Пушкин connected (id=76561198058020868).
 4:33:19 BattlEye Server: Verified GUID (e3a335d401cde30a664a9aa174053ded) of player #1 Пушкин
 4:37:17 ARMO uses modified data file
 4:37:17 BattlEye Server: Player #2 ARMO (176.175.74.110:2309) connected
 4:37:17 Player ARMO connecting.
 4:37:19 BattlEye Server: Player #2 ARMO - BE GUID: 1497a39dad1c7ced969b68d204c2bc5f
 4:37:20 Player ARMO connected (id=76561198235990980).
 4:37:20 BattlEye Server: Verified GUID (1497a39dad1c7ced969b68d204c2bc5f) of player #2 ARMO
 4:40:25 Player ARMO disconnected.
 4:40:25 BattlEye Server: Player #2 ARMO disconnected
 5:58:31 ANATOLI CHEJOV uses modified data file
 5:58:31 BattlEye Server: Player #2 ANATOLI CHEJOV (190.171.107.94:62725) connected
 5:58:31 Player ANATOLI CHEJOV connecting.
 5:58:36 BattlEye Server: Player #2 ANATOLI CHEJOV - BE GUID: a01f35e030c4464ff5b5e9c18ddf0195
 5:58:36 Player ANATOLI CHEJOV connected (id=76561198065774594).
 5:58:36 BattlEye Server: Verified GUID (a01f35e030c4464ff5b5e9c18ddf0195) of player #2 ANATOLI CHEJOV
 5:59:02 Player ANATOLI CHEJOV disconnected.
 5:59:02 BattlEye Server: Player #2 ANATOLI CHEJOV disconnected
 6:01:54 ANATOLI CHEJOV uses modified data file
 6:01:54 BattlEye Server: Player #2 ANATOLI CHEJOV (190.171.107.94:62725) connected
 6:01:54 Player ANATOLI CHEJOV connecting.
 6:01:59 BattlEye Server: Player #2 ANATOLI CHEJOV - BE GUID: a01f35e030c4464ff5b5e9c18ddf0195
 6:02:00 Player ANATOLI CHEJOV c