21:01:37 BattlEye Server: Initialized (v1.217)
21:01:37 Host identity created.
21:01:37 Game Port: 2307, Steam Query Port: 2308
21:01:37 Mission A3Wasteland Altis v1.4c read from bank.
21:01:38 Roles assigned.
21:01:38 Reading mission ...
21:02:09 Mission read.
21:02:10 Game started.
21:03:02 Rou Kowalski uses modified data file
21:03:02 BattlEye Server: Player #0 Rou Kowalski (73.147.1.91:2309) connected
21:03:02 Player Rou Kowalski connecting.
21:03:03 BattlEye Server: Connected to BE Master
21:03:04 BattlEye Server: Player #0 Rou Kowalski - BE GUID: 58cae163ea9d3a0ff8adde240b436737
21:03:07 Player Rou Kowalski connected (id=76561198034110598).
21:03:07 BattlEye Server: Verified GUID (58cae163ea9d3a0ff8adde240b436737) of player #0 Rou Kowalski
21:10:49 High Alert Highlander  uses modified data file
21:10:49 BattlEye Server: Player #1 High Alert Highlander  (190.171.107.50:62725) connected
21:10:49 Player High Alert Highlander  connecting.
21:10:52 BattlEye Server: Player #1 High Alert Highlander  - BE GUID: a01f35e030c4464ff5b5e9c18ddf0195
21:10:54 Player High Alert Highlander  connected (id=76561198065774594).
21:10:54 BattlEye Server: Verified GUID (a01f35e030c4464ff5b5e9c18ddf0195) of player #1 High Alert Highlander 
21:15:11 Hemlock Kowalski uses modified data file
21:15:11 BattlEye Server: Player #2 Hemlock Kowalski (73.147.1.91:61389) connected
21:15:11 Player Hemlock Kowalski connecting.
21:15:14 BattlEye Server: Player #2 Hemlock Kowalski - BE GUID: 0e50d5bc222746efa845806a2af0fed1
21:15:14 Player Hemlock Kowalski connected (id=76561198201473535).
21:15:14 BattlEye Server: Verified GUID (0e50d5bc222746efa845806a2af0fed1) of player #2 Hemlock Kowalski
21:17:16 BattlEye Server: (Group) High Alert Highlander : isendheraninvite
21:17:26 BattlEye Server: (Group) High Alert Highlander : teachherhow to accept
21:20:44 BattlEye Server: (Group) High Alert Highlander : wachurback
21:20:53 BattlEye Server: (Group) High Alert Highlander : hostile helis
21:22:34 BattlEye Server: (Group) High Alert Highlander : in topofthem
21:29:16 Akov uses modified data file
21:29:16 BattlEye Server: Player #3 Akov (5.100.74.198:2304) connected
21:29:17 Player Akov connecting.
21:29:20 BattlEye Server: Player #3 Akov - BE GUID: 99cc84a8ff4b4f16ac89e1fb8cbe0431
21:29:20 Player Akov connected (id=76561198097571481).
21:29:20 BattlEye Server: Verified GUID (99cc84a8ff4b4f16ac89e1fb8cbe0431) of player #3 Akov
21:34:50 Ser Eblan uses modified data file
21:34:50 BattlEye Server: Player #4 Ser Eblan (95.26.81.136:2304) connected
21:34:50 Player Ser Eblan connecting.
21:34:52 BattlEye Server: Player #4 Ser Eblan - BE GUID: 244b637f4295715693785e75e605bc1e
21:34:53 Player Ser Eblan connected (id=76561198140085058).
21:34:53 BattlEye Server: Verified GUID (244b637f4295715693785e75e605bc1e) of player #4 Ser Eblan
21:37:40 Player Ser Eblan disconnected.
21:37:40 BattlEye Server: Player #4 Ser Eblan disconnected
21:41:43 Ser Eblan uses modified data file
21:41:43 BattlEye Server: Player #4 Ser Eblan (95.26.81.136:2304) connected
21:41:43 Player Ser Eblan connecting.
21:41:45 BattlEye Server: Player #4 Ser Eblan - BE GUID: 244b637f4295715693785e75e605bc1e
21:41:46 Player Ser Eblan connected (id=76561198140085058).
21:41:46 BattlEye Server: Verified GUID (244b637f4295715693785e75e605bc1e) of player #4 Ser Eblan
21:57:38 BattlEye Server: (Group) High Alert Highlander : canyouseethepurpledots inthemap?
21:57:59 BattlEye Server: (Group) High Alert Highlander : pls check
21:58:08 BattlEye Server: (Group) High Alert Highlander : purple dots parking loots 
21:58:23 BattlEye Server: (Group) High Alert Highlander : just openthemap
21:58:30 BattlEye Server: (Group) High Alert Highlander : and checkpls
21:58:50 BattlEye Server: (Group) High Alert Highlander : boo
21:59:04 BattlEye Server: (Group) High Alert Highlander : miracles do exist 
22:00:09 BattlEye Server: (Group) High Alert Highlander : hempcan uopenthe mapand see if you cansee any opurple dots it is urgent }
22:00:28 BattlEye Server: (Group) High Alert Highlander : canu see that now 
22:00:42 BattlEye Server: (Group) High Alert Highlander : soits me
22:00:59 Player High Alert Highlander  disconnected.
22:00:59 BattlEye Server: Player #1 High Alert Highlander  disconnected
22:01:11 High Alert Highlander  uses modified data file
22:01:11 BattlEye Server: Player #5 High Alert Highlander  (190.171.107.50:62725) connected
22:01:11 Player High Alert Highlander  connecting.
22:01:13 BattlEye Server: Player #5 High Alert Highlander  - BE GUID: a01f35e030c4464ff5b5e9c18ddf0195
22:01:15 Player High Alert Highlander  connected (id=76561198065774594).
22:01:15 BattlEye Server: Verified GUID (a01f35e030c4464ff5b5e9c18ddf0195) of player #5 High Alert Highlander 
22:02:14 Player High Alert Highlander  disconnected.
22:02:14 BattlEye Server: Player #5 High Alert Highlander  disconnected
22:06:12 High Alert Highlander  uses modified data file
22:06:12 BattlEye Server: Player #5 High Alert Highlander  (190.171.107.50:62725) connected
22:06:12 Player High Alert Highlander  connecting.
22:06:16 BattlEye Server: Player #5 High Alert Highlander  - BE GUID: a01f35e030c4464ff5b5e9c18ddf0195
22:06:18 Player High Alert Highlander  connected (id=76561198065774594).
22:06:18 BattlEye Server: Verified GUID (a01f35e030c4464ff5b5e9c18ddf0195) of player #5 High Alert Highlander 
22:10:45 BattlEye Server: (Side) High Alert Highlander : So u guys can see thepurple dots inthemap
22:10:51 Gen. Connor uses modified data file
22:10:51 BattlEye Server: Player #6 Gen. Connor (211.105.30.250:2309) connected
22:10:51 Player Gen. Connor connecting.
22:10:53 BattlEye Server: Player #6 Gen. Connor - BE GUID: c0594216cc36ed653a9f8febacab8e3f
22:10:54 Player Gen. Connor connected (id=76561198063933018).
22:10:54 BattlEye Server: Verified GUID (c0594216cc36ed653a9f8febacab8e3f) of player #6 Gen. Connor
22:11:10 BattlEye Server: (Side) High Alert Highlander : garages
22:16:26 Player Gen. Connor disconnected.
22:16:26 BattlEye Server: Player #6 Gen. Connor disconnected
22:16:36 BattlEye Server: (Side) High Alert Highlander : noidea
22:34:08 BattlEye Server: (Group) High Alert Highlander : mine?
22:34:20 BattlEye Server: (Group) High Alert Highlander : KA-52
22:34:32 BattlEye Server: (Group) High Alert Highlander : YES
22:34:51 BattlEye Server: (Group) High Alert Highlander : like aplane upto 420
22:35:03 BattlEye Server: (Group) High Alert Highlander : yes
22:36:23 BattlEye Server: (Group) High Alert Highlander : noimrunning withu guys
22:37:35 BattlEye Server: (Group) High Alert Highlander : ihave 600 bullets withthis bby 
22:37:54 BattlEye Server: (Group) High Alert Highlander : 600k
22:38:27 BattlEye Server: (Group) High Alert Highlander : ukeepit all yours
22:38:39 BattlEye Server: (Group) High Alert Highlander : no dont wiorry 
22:38:52 BattlEye Server: (Group) High Alert Highlander : start ur collection 
22:39:05 BattlEye Server: (Group) High Alert Highlander : go test it 
22:40:03 BattlEye Server: (Group) High Alert Highlander : have fun
22:40:17 BattlEye Server: (Group) High Alert Highlander : yes
22:40:37 BattlEye Server: (Group) High Alert Highlander : everything u want 
22:40:52 BattlEye Server: (Group) High Alert Highlander : loljajaja
22:41:09 BattlEye Server: (Group) High Alert Highlander : good deaql
22:41:45 BattlEye Server: (Group) High Alert Highlander : yw
22:42:08 BattlEye Server: (Group) High Alert Highlander : lolthat is sofucking true
22:42:35 BattlEye Server: (Group) High Alert Highlander : lol
22:43:01 BattlEye Server: (Group) High Alert Highlander : omg
22:46:55 BattlEye Server: (Group) High Alert Highlander : i was trying tokill 
22:47:24 BattlEye Server: (Group) High Alert Highlander : and yes that is artelery 
22:48:22 BattlEye Server: (Group) High Alert Highlander : in other words have fun 
22:49:16 BattlEye Server: (Group) High Alert Highlander : pilot seat can shoot some weapons gunner seat other weapons
22:49:26 Shudderfly uses modified data file
22:49:26 BattlEye Server: Player #6 Shudderfly (162.200.20.108:2304) connected
22:49:26 Player Shudderfly connecting.
22:49:28 BattlEye Server: Player #6 Shudderfly - BE GUID: 697f1d9131c56f8ea012a4359839a8d5
22:49:28 Player Shudderfly connected (id=76561197971063519).
22:49:28 BattlEye Server: Verified GUID (697f1d9131c56f8ea012a4359839a8d5) of player #6 Shudderfly
22:50:19 BattlEye Server: (Group) High Alert Highlander : what roll are in 
22:50:36 BattlEye Server: (Group) High Alert Highlander : do you knowhow tosnipe
22:50:58 BattlEye Server: (Group) High Alert Highlander : batter have jim teach before sniping here
22:51:14 BattlEye Server: (Group) High Alert Highlander : sniping hereisallot diferent level 
22:51:35 BattlEye Server: (Group) High Alert Highlander : takes time to find your type of riple
22:51:57 BattlEye Server: (Group) High Alert Highlander : also worry forno some thing more medium rage 
22:52:05 BattlEye Server: (Group) High Alert Highlander : 500mts or less
22:52:23 BattlEye Server: (Group) High Alert Highlander : maybe  something like and mk 11
22:55:19 Isaac uses modified data file
22:55:19 BattlEye Server: Player #7 Isaac (14.201.123.229:2309) connected
22:55:19 Player Isaac connecting.
22:55:22 BattlEye Server: Player #7 Isaac - BE GUID: 0eedee1f512207f60f338aa74f211d5f
22:55:23 Player Isaac connected (id=76561198096351731).
22:55:23 BattlEye Server: Verified GUID (0eedee1f512207f60f338aa74f211d5f) of player #7 Isaac
22:56:40 BattlEye Server: (Group) High Alert Highlander : hem
22:56:48 BattlEye Server: (Group) High Alert Highlander : try this 
22:57:29 BattlEye Server: (Group) High Alert Highlander : that is an mk 14 
22:57:35 BattlEye Server: (Group) High Alert Highlander : medium rage weapon 
22:57:40 BattlEye Server: (Group) High Alert Highlander : marskmen
22:57:45 BattlEye Server: (Group) High Alert Highlander : no sniping 
22:57:58 BattlEye Server: (Group) High Alert Highlander : -perfect for 700mts or less
23:02:51 BattlEye Server: (Group) High Alert Highlander : imworking in something else 
23:03:27 BattlEye Server: (Group) High Alert Highlander : isac  has more than 1.5 millions with just  3missions 
23:03:50 BattlEye Server: (Group) High Alert Highlander : he is one of the guys that raid the hangar defenetely 
23:03:58 BattlEye Server: (Group) High Alert Highlander : and  he hack the base locker 
23:04:27 BattlEye Server: (Group) High Alert Highlander : but i have no prove so i need  to staty with him and see what he do 
23:04:32 BattlEye Server: (Group) High Alert Highlander : soi stay here
23:04:56 BattlEye Server: (Group) High Alert Highlander : imusing admin tools
23:05:17 BattlEye Server: (Group) High Alert Highlander : islike ill be him 
23:05:30 BattlEye Server: (Group) High Alert Highlander : iscan seewhat he does 
23:05:40 BattlEye Server: (Group) High Alert Highlander : imexplainingmy self
23:05:44 BattlEye Server: (Group) High Alert Highlander : no idea 
23:05:56 BattlEye Server: (Group) High Alert Highlander : yes
23:07:55 BattlEye Server: (Global) High Alert Highlander : issac u were in game yesterday right 
23:08:07 BattlEye Server: (Global) Isaac: Sure was.
23:08:20 BattlEye Server: (Global) High Alert Highlander : uhave a total of 58 kills 
23:08:33 BattlEye Server: (Global) Isaac: Yeah, I killed some AIs in a few days.
23:08:35 BattlEye Server: (Global) High Alert Highlander : what missions didu make yesterday 
23:08:37 BattlEye Server: (Global) Shudderfly: why does this server say it's milsom lol
23:08:45 BattlEye Server: (Global) Isaac: I can't remember all of them lol
23:09:10 BattlEye Server: (Global) High Alert Highlander : they are just 58killsthatmeans 3 missions 
23:09:14 BattlEye Server: (Global) High Alert Highlander : max
23:09:36 BattlEye Server: (Global) High Alert Highlander : uhave a tota l of more than 1.2 milloins onthe account 
23:09:46 BattlEye Server: (Global) High Alert Highlander : with 3missions 
23:09:54 BattlEye Server: (Global) High Alert Highlander : with ones u did 
23:09:59 BattlEye Server: (Global) Shudderfly: I gave some of my cash
23:11:01 BattlEye Server: (Global) High Alert Highlander : so shudderfly  uhave 563.510  k  with 
23:11:16 BattlEye Server: (Global) Shudderfly: yea but I bought a bunch of base parts including a locker
23:11:19 BattlEye Server: (Global) High Alert Highlander : with60 ai kills
23:11:31 BattlEye Server: (Global) Shudderfly: Yea, I do
23:11:52 BattlEye Server: (Global) High Alert Highlander : the point hereis  wheredidyou guys founf themoney 
23:12:04 BattlEye Server: (Global) Shudderfly: Missions/selling vehicles
23:12:11 BattlEye Server: (Global) High Alert Highlander : with no exp in the game 
23:12:21 BattlEye Server: (Global) Shudderfly: lol no exp in ther server mate
23:12:29 BattlEye Server: (Global) Shudderfly: step off maybe?
23:12:32 BattlEye Server: (Global) High Alert Highlander : 3missions dont give 2millions 
23:12:44 BattlEye Server: (Global) Shudderfly: Yea but tanks sell for 250k each.
23:12:47 BattlEye Server: (Global) Isaac: Certain ones have quite a lot of shit lol
23:12:52 BattlEye Server: (Global) Isaac: And yeah exactly.
23:12:59 BattlEye Server: (Global) Shudderfly: We did altis/military patrols
23:13:03 BattlEye Server: (Global) High Alert Highlander : that is exactlewhat i mean mate 
23:13:09 BattlEye Server: (Global) High Alert Highlander : no exp inthe server 
23:13:13 BattlEye Server: (Global) Isaac: And?
23:13:15 BattlEye Server: (Global) Shudderfly: And?
23:13:16 BattlEye Server: (Global) Isaac: We sold shit to make money.
23:13:31 BattlEye Server: (Global) Shudderfly: \
23:14:18 BattlEye Server: (Global) High Alert Highlander : i cwillcheckthe recorss formore info ill be intouch  
23:14:30 BattlEye Server: (Global) Shudderfly: You implying something?
23:14:34 BattlEye Server: (Global) Shudderfly: Speak your mind, mate.
23:14:39 BattlEye Server: (Global) High Alert Highlander : some thing happen yesteday 
23:14:46 BattlEye Server: (Global) Shudderfly: What's that?
23:14:47 BattlEye Server: (Global) High Alert Highlander : with one player 
23:15:05 BattlEye Server: (Global) High Alert Highlander : hacking  so imchecking everyone 
23:15:20 BattlEye Server: (Global) Isaac: Oh right, well we haven't hacked if you think we have.
23:15:21 BattlEye Server: (Global) High Alert Highlander : the pbo willgive m,emore info 
23:15:35 BattlEye Server: (Global) Isaac: We haven't installed any other PBOs or anything.
23:15:37 BattlEye Server: (Global) Shudderfly: I didn't hack. You can check my every step in the last day, if you please.
23:15:43 BattlEye Server: (Global) High Alert Highlander : sorry if i dont trush your word 
23:15:45 BattlEye Server: (Global) Isaac: Same.
23:15:57 BattlEye Server: (Global) Isaac: Well its your choice, doesn't matter much.
23:16:04 BattlEye Server: (Global) High Alert Highlander : the game files will tellmewhat i need toknow 
23:16:12 BattlEye Server: (Global) Isaac: Its fine, feel free to.
23:16:14 BattlEye Server: (Global) Shudderfly: Go ahead and check them, then.
23:16:16 BattlEye Server: (Global) High Alert Highlander : it doesmatter 
23:16:20 BattlEye Server: (Global) High Alert Highlander : imthe admin 
23:16:26 BattlEye Server: (Global) Isaac: Ah.
23:16:30 BattlEye Server: (Global) High Alert Highlander : sopls respect that 
23:16:35 BattlEye Server: (Global) Shudderfly: Yea, but it doesn't matter if you /trust/ us, or not.
23:16:41 BattlEye Server: (Global) Shudderfly: Because we did nothing wrong :P
23:16:46 BattlEye Server: (Global) Isaac: Exactly.
23:16:51 BattlEye Server: (Global) High Alert Highlander : perfect
23:16:55 BattlEye Server: (Global) High Alert Highlander : have fun
23:17:00 BattlEye Server: (Global) Shudderfly: Likewise
23:18:00 BattlEye Server: (Group) High Alert Highlander : yes
23:18:32 BattlEye Server: (Group) High Alert Highlander : no  13 total 
23:18:53 BattlEye Server: (Group) High Alert Highlander : i have check  a totalof 6
23:19:09 BattlEye Server: (Group) High Alert Highlander : those two are thehighest  posibilities
23:19:50 BattlEye Server: (Group) High Alert Highlander : forhacking a baselocker in game you need the hack thebpbo fle 
23:20:09 BattlEye Server: (Group) High Alert Highlander : no
23:20:26 BattlEye Server: (Group) High Alert Highlander : our stuff
23:21:17 BattlEye Server: (Group) High Alert Highlander : evething in the base
23:21:20 BattlEye Server: (Global) Isaac: By the way admin, is it intentional for 7.62x39mm AKs in RHS to not be on here? Just wondering since I noticed certain guns including all of those
23:21:21 BattlEye Server: (Global) Isaac: missing.
23:21:39 BattlEye Server: (Global) Isaac: And that certain names were wrong including a 5.45mm suppressor.
23:21:54 BattlEye Server: (Global) High Alert Highlander : yes we decidewhat guns to have 
23:22:01 BattlEye Server: (Global) High Alert Highlander : andwhat not tohave 
23:22:07 BattlEye Server: (Global) Isaac: Ah fair enough.
23:22:39 BattlEye Server: (Global) High Alert Highlander : everything can be sold
23:22:49 BattlEye Server: (Global) Isaac: Yeah I know, its all good.
23:22:51 BattlEye Server: (Group) High Alert Highlander : everything canbe solod
23:23:01 BattlEye Server: (Global) High Alert Highlander : wrong chat 
23:23:05 BattlEye Server: (Global) Isaac: Oh haha
23:23:44 BattlEye Server: (Group) High Alert Highlander : nowit is
23:24:13 BattlEye Server: (Group) High Alert Highlander : yes
23:25:52 BattlEye Server: (Group) High Alert Highlander : no 
23:26:24 BattlEye Server: (Group) High Alert Highlander : they stoleout baselocker andpu it on there base that now i kniow whereit is 
23:26:31 BattlEye Server: (Group) High Alert Highlander : im waching that 
23:26:41 BattlEye Server: (Group) High Alert Highlander : code was 11202095045
23:27:08 BattlEye Server: (Group) High Alert Highlander : yes 
23:27:19 BattlEye Server: (Group) High Alert Highlander : now they know that imin toof them
23:27:41 BattlEye Server: (Group) High Alert Highlander : imark that onthemap 
23:29:01 BattlEye Server: (Group) High Alert Highlander : correct
23:29:25 BattlEye Server: (Group) High Alert Highlander : yes
23:29:38 BattlEye Server: (Group) High Alert Highlander : onceibuild  i willfuck that up 
23:30:19 BattlEye Server: (Group) High Alert Highlander : they aretheredoing nothing 
23:30:29 BattlEye Server: (Group) High Alert Highlander : they knowthey r fuck 
23:30:55 BattlEye Server: (Group) High Alert Highlander : i willcheck the files theni will talk to sarge 
23:31:18 BattlEye Server: (Group) High Alert Highlander : once ishow the evidense and witneses  we canbannedthem
23:31:26 BattlEye Server: (Group) High Alert Highlander : owner
23:31:31 BattlEye Server: (Group) High Alert Highlander : serverowner 
23:32:16 BattlEye Server: (Group) High Alert Highlander : he dont have battleeye onthis server 
23:32:36 BattlEye Server: (Group) High Alert Highlander : soi usemy anti hack software that i personally desing 
23:32:46 BattlEye Server: (Group) High Alert Highlander : for cach hackers
23:33:03 BattlEye Server: (Group) High Alert Highlander : yea
23:33:13 BattlEye Server: (Group) High Alert Highlander : not only that 
23:33:58 BattlEye Server: (Group) High Alert Highlander : thereis a guy his name Varluk and this other guy shuderfly they use aimbots and damagere reducers mods
23:34:09 BattlEye Server: (Group) High Alert Highlander : bot i cannot prove that to sarge 
23:34:35 BattlEye Server: (Group) High Alert Highlander : so i make videos to send that tohim and he seethat with his own eyes
23:34:52 BattlEye Server: (Group) High Alert Highlander : but he trust my word 110% 
23:35:17 BattlEye Server: (Group) High Alert Highlander : the thing is that i know that i can be rude sokmetimes 
23:35:24 BattlEye Server: (Group) High Alert Highlander : but i hate hackkers and cheaters
23:36:08 BattlEye Server: (Group) High Alert Highlander : they are theredoing shit 
23:37:32 BattlEye Server: (Group) High Alert Highlander : the mods and addons stay onthe things that you buy in game  so that means  that if they have a damage  reduccion mods  and they buy whatever vehicul 
23:37:56 BattlEye Server: (Group) High Alert Highlander : that will be giving more armorto that making that really imposible to explote 
23:38:07 BattlEye Server: (Group) High Alert Highlander : that is why thosefuckers
23:38:31 BattlEye Server: (Group) High Alert Highlander : die so hard last night with fucking at 
23:38:43 BattlEye Server: (Group) High Alert Highlander : and i saw that wierrd  did niot say qnythig 
23:39:25 BattlEye Server: (Group) High Alert Highlander : for dont say something wrong but the today masion andme  wach CVarluck allday 
23:39:39 BattlEye Server: (Group) High Alert Highlander : doing someincfrdivblefucking and not dying 
23:39:52 BattlEye Server: (Group) High Alert Highlander : then i sawthi shuder withhim
23:40:16 BattlEye Server: (Group) High Alert Highlander : then ii check issac acount and seethis 
23:40:40 BattlEye Server: (Group) High Alert Highlander : now everythingmach
23:42:22 BattlEye Server: (Group) High Alert Highlander : yes i can
23:43:23 BattlEye Server: (Group) High Alert Highlander : allot shit 
23:43:35 BattlEye Server: (Group) High Alert Highlander : andthey have also 10 crates 
23:43:42 BattlEye Server: (Group) High Alert Highlander : they are not stupid 
23:43:55 BattlEye Server: (Group) High Alert Highlander : old shit can be track
23:44:17 BattlEye Server: (Group) High Alert Highlander : but why not doing anything why just sitting there 
23:44:44 BattlEye Server: (Group) High Alert Highlander : well iwont 
23:45:26 BattlEye Server: (Group) High Alert Highlander : im recording 
23:47:22 BattlEye Server: (Group) High Alert Highlander : guys plshidein thebase but dont be out side
23:48:32 BattlEye Server: (Group) High Alert Highlander : what
23:48:41 BattlEye Server: (Group) High Alert Highlander : nothat hide 
23:48:48 BattlEye Server: (Group) High Alert Highlander : dont stayout side the base
23:48:53 BattlEye Server: (Group) High Alert Highlander : opls
23:53:23 BattlEye Server: (Group) High Alert Highlander : plswach if the guy in the base dosomething anything 
23:54:54 BattlEye Server: (Group) High Alert Highlander : ishe moving 
23:56:18 BattlEye Server: (Group) High Alert Highlander : there isnothing there
23:57:25 BattlEye Server: (Group) High Alert Highlander : thereisnothing there{
23:57:49 BattlEye Server: (Group) High Alert Highlander : they are no moving a finger becausethey are afraidtobe cautintheact 
 0:11:41 BattlEye Server: (Group) High Alert Highlander : yes
 0:13:14 BattlEye Server: (Global) Shudderfly: Hey, admin.
 0:13:41 BattlEye Server: (Global) Shudderfly: Some of the AI that spawn guarding vehicles have AK's with grenade launchers, but they have the wrong type of grenade rounds.
 0:14:07 BattlEye Server: (Global) Isaac: And that AIs with G36s tend to spawn with 5.45mm magazines.
 0:17:42 BattlEye Server: (Group) High Alert Highlander : awimming 
 0:20:43 BattlEye Server: (Group) High Alert Highlander : jimuse the canno andshoot that vs pls
 0:21:03 BattlEye Server: (Group) High Alert Highlander : uknowhow
 0:21:45 BattlEye Server: (Group) High Alert Highlander : ntthat 
 0:22:09 BattlEye Server: (Group) High Alert Highlander : not that jim
 0:22:17 BattlEye Server: (Group) High Alert Highlander : cannon 
 0:26:08 Арвел uses modified data file
 0:26:08 BattlEye Server: Player #8 Арвел (31.130.95.149:2304) connected
 0:26:08 Player Арвел connecting.
 0:26:10 BattlEye Server: Player #8 Арвел - BE GUID: a2c514f01869a830d8e9ea90685b0f22
 0:26:11 Player Арвел connected (id=76561198305541717).
 0:26:11 BattlEye Server: Verified GUID (a2c514f01869a830d8e9ea90685b0f22) of player #8 Арвел
 0:26:40 BattlEye Server: (Group) Shudderfly: Im gonna steal it.
 0:27:00 iDeathawaitsyou uses modified data file
 0:27:00 BattlEye Server: Player #9 iDeathawaitsyou (47.184.40.50:2304) connected
 0:27:00 Player iDeathawaitsyou connecting.
 0:27:01 BattlEye Server: (Group) Shudderfly: fuck sorry
 0:27:06 Player iDeathawaitsyou disconnected.
 0:27:06 BattlEye Server: Player #9 iDeathawaitsyou disconnected
 0:27:07 BattlEye Server: (Group) Shudderfly: Ill get you.
 0:27:07 iDeathawaitsyou uses modified data file
 0:27:07 BattlEye Server: Player #9 iDeathawaitsyou (47.184.40.50:2304) connected
 0:27:07 Player iDeathawaitsyou connecting.
 0:27:09 BattlEye Server: Player #9 iDeathawaitsyou - BE GUID: 0d33a39ae6a9d647ea90494404072ba8
 0:27:10 Player iDeathawaitsyou connected (id=76561198142210283).
 0:27:10 BattlEye Server: Verified GUID (0d33a39ae6a9d647ea90494404072ba8) of player #9 iDeathawaitsyou
 0:27:51 Player iDeathawaitsyou kicked off by BattlEye: Game restart required
 0:27:51 Player iDeathawaitsyou disconnected.
 0:29:20 BattlEye Server: (Group) High Alert Highlander : dude u r fuck
 0:29:25 BattlEye Server: (Group) High Alert Highlander : u got todie
 0:32:09 BattlEye Server: (Global) Shudderfly: Good luck on that one.
 0:34:08 Player Isaac disconnected.
 0:34:08 BattlEye Server: Player #7 Isaac disconnected
 0:34:34 Isaac uses modified data file
 0:34:34 BattlEye Server: Player #9 Isaac (14.201.123.229:2309) connected
 0:34:34 Player Isaac connecting.
 0:34:37 BattlEye Server: Player #9 Isaac - BE GUID: 0eedee1f512207f60f338aa74f211d5f
 0:34:38 Player Isaac connected (id=76561198096351731).
 0:34:38 BattlEye Server: Verified GUID (0eedee1f512207f60f338aa74f211d5f) of player #9 Isaac
 0:37:30 Player Isaac: Signature check timed out
 0:37:30 Player Isaac disconnected.
 0:37:30 BattlEye Server: Player #9 Isaac disconnected
 0:40:03 BattlEye Server: (Group) High Alert Highlander : who
 0:40:24 BattlEye Server: (Group) High Alert Highlander : issacis not ingame
 0:41:19 Isaac uses modified data file
 0:41:19 BattlEye Server: Player #9 Isaac (14.201.123.229:2309) connected
 0:41:19 Player Isaac connecting.
 0:41:22 BattlEye Server: Player #9 Isaac - BE GUID: 0eedee1f512207f60f338aa74f211d5f
 0:41:22 Player Isaac connected (id=76561198096351731).
 0:41:22 BattlEye Server: Verified GUID (0eedee1f512207f60f338aa74f211d5f) of player #9 Isaac
 0:41:57 BattlEye Server: (Group) High Alert Highlander : issac is conecting 
 0:42:20 BattlEye Server: (Group) High Alert Highlander : that is ai bro
 0:42:38 BattlEye Server: (Group) High Alert Highlander : lol
 0:43:02 BattlEye Server: (Group) High Alert Highlander : mod real typehuman behaviur
 0:43:06 BattlEye Server: (Group) High Alert Highlander : forai 
 0:43:23 BattlEye Server: (Global) Isaac: Why'd I get kicked?
 0:43:56 BattlEye Server: (Global) Isaac: Admin, do you kow why? All good if not.
 0:44:07 BattlEye Server: (Group) High Alert Highlander : idont care 
 0:45:43 BattlEye Server: (Global) High Alert Highlander : NONO Oo
 0:45:47 BattlEye Server: (Global) Shudderfly: ?
 0:46:08 alexa uses modified data file
 0:46:08 BattlEye Server: Player #10 alexa (72.179.248.234:2309) connected
 0:46:08 Player alexa connecting.
 0:46:11 BattlEye Server: Player #10 alexa - BE GUID: 9df754327a039bcb46bb69b68daf8871
 0:46:11 Player alexa connected (id=76561198127113194).
 0:46:11 BattlEye Server: Verified GUID (9df754327a039bcb46bb69b68daf8871) of player #10 alexa
 0:46:19 BattlEye Server: (Global) High Alert Highlander : thoser  mine  things
 0:46:25 Player Isaac: Signature check timed out
 0:46:25 Player Isaac disconnected.
 0:46:25 BattlEye Server: Player #9 Isaac disconnected
 0:46:25 BattlEye Server: (Global) High Alert Highlander : utry to zxstealthemoney 
 0:46:34 BattlEye Server: (Global) Shudderfly: Lol I wouldnt much be a dick about doing something so low effort
 0:46:47 BattlEye Server: (Global) High Alert Highlander : still nono
 0:46:53 BattlEye Server: (Global) High Alert Highlander : big nono
 0:46:58 BattlEye Server: (Global) Shudderfly: I need to get to my orig body though lol
 0:47:07 BattlEye Server: (Global) High Alert Highlander : sorry 
 0:47:13 BattlEye Server: (Global) Shudderfly: You can arty all you want but dont be a dick lol
 0:47:28 BattlEye Server: (Global) High Alert Highlander : imnot beenadick
 0:47:34 BattlEye Server: (Global) High Alert Highlander : andpls respect 
 0:47:37 BattlEye Server: (Global) Shudderfly: "NONO OOo"
 0:47:46 BattlEye Server: (Global) High Alert Highlander : oryou willbekick
 0:48:02 BattlEye Server: (Global) High Alert Highlander : that isnot been adick
 0:48:16 BattlEye Server: (Global) Shudderfly: Yesthat isbein adick
 0:48:20 BattlEye Server: (Global) High Alert Highlander : im not  been irrespectful
 0:49:00 [TTW] SilentAimHunter uses modified data file
 0:49:00 BattlEye Server: Player #11 [TTW] SilentAimHunter (134.97.71.158:2304) connected
 0:49:00 Player [TTW] SilentAimHunter connecting.
 0:49:02 BattlEye Server: Player #11 [TTW] SilentAimHunter - BE GUID: 7c3b1fec9d220ff6cc54d28c0da3720c
 0:49:04 BattlEye Server: (Global) High Alert Highlander : Shurther pls  stop using thosewords  1 warning 
 0:49:16 BattlEye Server: (Global) Shudderfly: Whois Shurther?
 0:49:29 BattlEye Server: (Global) High Alert Highlander : uthe butter fly thing 
 0:49:35 BattlEye Server: (Global) High Alert Highlander : wirerdenameu choose
 0:49:42 Player [TTW] SilentAimHunter connected (id=76561198204126185).
 0:49:42 BattlEye Server: Verified GUID (7c3b1fec9d220ff6cc54d28c0da3720c) of player #11 [TTW] SilentAimHunter
 0:49:43 BattlEye Server: (Global) Shudderfly: imnot actually thatname
 0:49:50 BattlEye Server: (Global) High Alert Highlander : goodforyou 
 0:50:18 BattlEye Server: (Global) Shudderfly: But I'll tell Shurthur to stop if i see him
 0:50:25 BattlEye Server: (Global) High Alert Highlander : ok 
 0:50:52 BattlEye Server: (Group) High Alert Highlander : problably
 0:53:57 Player alexa kicked off by BattlEye: Client not responding
 0:53:57 Player alexa disconnected.
 0:55:38 BattlEye Server: (Global) Shudderfly: lol how tf do you see me anyhow?
 0:56:23 BattlEye Server: (Global) High Alert Highlander : Its magic
 0:56:34 BattlEye Server: (Global) High Alert Highlander : they are calldrones
 0:56:39 BattlEye Server: (Global) Shudderfly: Ooooh, I think someone is using their admin powers.
 0:56:47 Player Shudderfly disconnected.
 0:56:47 BattlEye Server: Player #6 Shudderfly disconnected
 0:56:51 BattlEye Server: (Global) High Alert Highlander : littletiny things thatcanfly 
 0:57:49 alexa uses modified data file
 0:57:49 BattlEye Server: Player #12 alexa (72.179.248.234:2309) connected
 0:57:49 Player alexa connecting.
 0:57:51 BattlEye Server: (Group) High Alert Highlander : lets goptopick that up
 0:57:52 BattlEye Server: Player #12 alexa - BE GUID: 9df754327a039bcb46bb69b68daf8871
 0:57:53 Player alexa connected (id=76561198127113194).
 0:57:53 BattlEye Server: Verified GUID (9df754327a039bcb46bb69b68daf8871) of player #12 alexa
 0:58:01 BattlEye Server: (Group) High Alert Highlander : xcome
 0:58:06 Varluk uses modified data file
 0:58:06 BattlEye Server: Player #13 Varluk (188.170.74.180:40132) connected
 0:58:06 Player Varluk connecting.
 0:58:10 BattlEye Server: Player #13 Varluk - BE GUID: 40a5c124c81a14d4235b4453eb839ddf
 0:58:10 Player Varluk connected (id=76561198022459854).
 0:58:10 BattlEye Server: Verified GUID (40a5c124c81a14d4235b4453eb839ddf) of player #13 Varluk
 1:03:42 BattlEye Server: (Group) High Alert Highlander : dont shoot
 1:03:52 BattlEye Server: (Group) High Alert Highlander : revealout position 
 1:05:45 BattlEye Server: (Group) High Alert Highlander : hemrez
 1:05:50 BattlEye Server: (Group) High Alert Highlander : gotobase
 1:07:48 BattlEye Server: (Group) High Alert Highlander : explote theso tanks
 1:08:00 BattlEye Server: (Group) High Alert Highlander : allofthem
 1:09:12 BattlEye Server: (Group) High Alert Highlander : those
 1:13:00 BattlEye Server: (Group) High Alert Highlander : brin tha quickl
 1:16:03 Player Hemlock Kowalski disconnected.
 1:16:03 BattlEye Server: Player #2 Hemlock Kowalski disconnected
 1:16:46 Player [TTW] SilentAimHunter disconnected.
 1:16:46 BattlEye Server: Player #11 [TTW] SilentAimHunter disconnected
 1:18:38 BattlEye Server: (Group) High Alert Highlander : jim get  in sat comandwach therebasepls
 1:19:37 BattlEye Server: (Group) High Alert Highlander : norightnoiw
 1:23:46 BattlEye Server: (Group) High Alert Highlander : letsgo
 1:26:48 BattlEye Server: (Group) High Alert Highlander : yes
 1:28:50 BattlEye Server: (Group) High Alert Highlander : unlockeverything \
 1:31:44 BattlEye Server: (Group) High Alert Highlander : pay backis a bich 
 1:34:50 BattlEye Server: (Global) alexa: Hey you two could you heko me?
 1:35:16 BattlEye Server: (Group) High Alert Highlander : yes
 1:35:38 BattlEye Server: (Group) High Alert Highlander : ilovethat feling 
 1:35:47 BattlEye Server: (Group) High Alert Highlander : 8
 1:36:01 BattlEye Server: (Group) High Alert Highlander : lol
 1:36:25 BattlEye Server: (Group) High Alert Highlander : base boxwasdetroiy
 1:37:05 BattlEye Server: (Group) High Alert Highlander : i was to see there faces 
 1:37:11 BattlEye Server: (Group) High Alert Highlander : when they log back in '
 1:37:17 BattlEye Server: (Group) High Alert Highlander : jajajaja
 1:41:47 BattlEye Server: (Group) High Alert Highlander : reallty
 1:42:06 BattlEye Server: (Group) High Alert Highlander : jajaja
 1:42:10 BattlEye Server: (Group) High Alert Highlander : with a crate yes
 1:42:15 BattlEye Server: (Group) High Alert Highlander : you can kill
 1:42:52 BattlEye Server: (Group) High Alert Highlander : that heliis going to explote
 1:43:49 Player alexa is losing connection
 1:45:06 Player alexa kicked off by BattlEye: Client not responding
 1:45:06 Player alexa disconnected.
 1:45:52 BattlEye Server: (Group) High Alert Highlander : never helpsomeone  youdontknowinthe server 
 1:46:11 BattlEye Server: (Group) High Alert Highlander : they can be fucking with you 
 1:46:22 BattlEye Server: (Group) High Alert Highlander : ilearnthat onthe  ahrd way 
 1:46:28 BattlEye Server: (Group) High Alert Highlander : NEVER helpnoone
 1:46:41 BattlEye Server: (Group) High Alert Highlander : that guy alexa 
 1:46:58 BattlEye Server: (Group) High Alert Highlander : he was  isaac 
 1:47:05 BattlEye Server: (Group) High Alert Highlander : sameiopddress 
 1:47:15 BattlEye Server: (Group) High Alert Highlander : they do that tofuckyoulater 
 1:47:55 BattlEye Server: (Group) High Alert Highlander : never help no one  i mean no one  that you dont really know 
 1:48:38 alexa uses modified data file
 1:48:38 BattlEye Server: Player #14 alexa (72.179.248.234:2309) connected
 1:48:38 Player alexa connecting.
 1:48:40 BattlEye Server: Player #14 alexa - BE GUID: 9df754327a039bcb46bb69b68daf8871
 1:48:41 Player alexa connected (id=76561198127113194).
 1:48:41 BattlEye Server: Verified GUID (9df754327a039bcb46bb69b68daf8871) of player #14 alexa
 1:52:17 MilSchwitz uses modified data file
 1:52:17 BattlEye Server: Player #15 MilSchwitz (107.206.107.118:2304) connected
 1:52:18 Player MilSchwitz connecting.
 1:52:19 BattlEye Server: Player #15 MilSchwitz - BE GUID: cd88bdbdb0dd9c2a57ad2f0121bedcf9
 1:52:20 Player MilSchwitz connected (id=76561198047369532).
 1:52:20 BattlEye Server: Verified GUID (cd88bdbdb0dd9c2a57ad2f0121bedcf9) of player #15 MilSchwitz
 1:52:20 Player MilSchwitz disconnected.
 1:52:20 BattlEye Server: Player #15 MilSchwitz disconnected
 1:55:22 BattlEye Server: (Group) High Alert Highlander : beautifull\
 1:55:34 Player Арвел disconnected.
 1:55:34 BattlEye Server: Player #8 Арвел disconnected
 1:55:46 Player Ser Eblan disconnected.
 1:55:46 BattlEye Server: Player #4 Ser Eblan disconnected
 1:55:49 Player Akov disconnected.
 1:55:49 BattlEye Server: Player #3 Akov disconnected
 1:56:30 BattlEye Server: (Group) High Alert Highlander : lolthey had the boxes arrage 
 1:56:35 BattlEye Server: (Group) High Alert Highlander : jajajaja
 1:58:02 BattlEye Server: (Group) High Alert Highlander : wtf is arotex
 1:58:56 Player alexa disconnected.
 1:58:56 BattlEye Server: Player #14 alexa disconnected
 2:01:05 alexa uses modified data file
 2:01:05 BattlEye Server: Player #14 alexa (72.179.248.234:2309) connected
 2:01:05 Player alexa connecting.
 2:01:08 BattlEye Server: Player #14 alexa - BE GUID: 9df754327a039bcb46bb69b68daf8871
 2:01:08 Player alexa connected (id=76561198127113194).
 2:01:08 BattlEye Server: Verified GUID (9df754327a039bcb46bb69b68daf8871) of player #14 alexa
 2:01:41 BattlEye Server: (Group) High Alert Highlander : imtired also
 2:02:58 Player High Alert Highlander  disconnected.
 2:02:58 BattlEye Server: Player #5 High Alert Highlander  disconnected
 2:10:14 Player alexa disconnected.
 2:10:14 BattlEye Server: Player #14 alexa disconnected
 2:12:21 Player Rou Kowalski disconnected.
 2:12:21 BattlEye Server: Player #0 Rou Kowalski disconnected
 2:15:48 