 3:02:04 BattlEye Server: Initialized (v1.217)
 3:02:04 Host identity created.
 3:02:04 Game Port: 2307, Steam Query Port: 2308
 3:02:04 Mission A3Wasteland Altis v1.4c read from bank.
 3:02:06 Roles assigned.
 3:02:06 Reading mission ...
 3:02:43 Mission read.
 3:02:43 Game started.
 3:21:11 Rou Kowalski uses modified data file
 3:21:11 BattlEye Server: Player #0 Rou Kowalski (73.147.1.91:2309) connected
 3:21:11 Player Rou Kowalski connecting.
 3:21:12 BattlEye Server: Connected to BE Master
 3:21:14 BattlEye Server: Player #0 Rou Kowalski - BE GUID: 58cae163ea9d3a0ff8adde240b436737
 3:21:17 Player Rou Kowalski connected (id=76561198034110598).
 3:21:17 BattlEye Server: Verified GUID (58cae163ea9d3a0ff8adde240b436737) of player #0 Rou Kowalski
 3:30:31 Player Rou Kowalski disconnected.
 3:30:31 BattlEye Server: Player #0 Rou Kowalski disconnected
 5:17:47 Zonojosh uses modified data file
 5:17:47 BattlEye Server: Player #0 Zonojosh (73.227.223.137:2309) connected
 5:17:47 Player Zonojosh connecting.
 5:17:49 BattlEye Server: Player #0 Zonojosh - BE GUID: 24f076b539b3955108dd498e3530fb0d
 5:17:50 Player Zonojosh connected (id=76561198092200457).
 5:17:50 BattlEye Server: Verified GUID (24f076b539b3955108dd498e3530fb0d) of player #0 Zonojosh
 5:17:52 Player Zonojosh disconnected.
 5:17:52 BattlEye Server: Player #0 Zonojosh disconnected
 5:20:47 Zonojosh uses modified data file
 5:20:47 BattlEye Server: Player #0 Zonojosh (73.227.223.137:2309) connected
 5:20:47 Player Zonojosh connecting.
 5:20:49 BattlEye Server: Player #0 Zonojosh - BE GUID: 24f076b539b3955108dd498e3530fb0d
 5:20:50 Player Zonojosh connected (id=76561198092200457).
 5:20:50 BattlEye Server: Verified GUID (24f076b539b3955108dd498e3530fb0d) of player #0 Zonojosh
 5:52:22 Tactical_Ranger uses modified data file
 5:52:22 BattlEye Server: Player #1 Tactical_Ranger (210.92.111.107:2309) connected
 5:52:22 Player Tactical_Ranger connecting.
 5:52:34 Player Tactical_Ranger disconnected.
 5:52:34 BattlEye Server: Player #1 Tactical_Ranger disconnected
 5:53:00 Tactical_Ranger uses modified data file
 5:53:00 BattlEye Server: Player #1 Tactical_Ranger (210.92.111.107:2309) connected
 5:53:00 Player Tactical_Ranger connecting.
 5:53:03 BattlEye Server: Player #1 Tactical_Ranger - BE GUID: cd4eec4ae70cc44750710d606baa71e6
 5:53:13 Player Tactical_Ranger connected (id=76561198144057706).
 5:53:13 BattlEye Server: Verified GUID (cd4eec4ae70cc44750710d606baa71e6) of player #1 Tactical_Ranger
 5:57:14 BattlEye Server: (Global) Zonojosh: you new player ranger? 
 7:02:02 BattlEye Server: (Global) Zonojosh: oops
 7:02:46 BattlEye Server: (Global) Tactical_Ranger: you speak english?
 7:02:52 BattlEye Server: (Global) Zonojosh: yes
 7:03:05 BattlEye Server: (Global) Tactical_Ranger: Have you not seen any of my previous messages
 7:03:10 BattlEye Server: (Global) Zonojosh: no sorry
 7:03:22 BattlEye Server: (Global) Zonojosh: was doing missions and flying around
 7:03:23 BattlEye Server: (Global) Tactical_Ranger: Well damn, I was so curious why you were ignoring me XD
 7:03:40 BattlEye Server: (Global) Zonojosh: also watching twitch on phone
 7:03:44 BattlEye Server: (Global) Zonojosh: why i crashed
 7:04:12 BattlEye Server: (Global) Zonojosh: so what were you asking me?
 7:04:17 BattlEye Server: (Global) Tactical_Ranger: Oh okay, you want some LSD?
 7:04:26 BattlEye Server: (Global) Zonojosh: sell it a gs
 7:04:26 BattlEye Server: (Global) Tactical_Ranger: Or cocaine?
 7:04:36 BattlEye Server: (Global) Tactical_Ranger: I was gonna try them XD
 7:04:37 BattlEye Server: (Global) Zonojosh: like 8k each
 7:04:43 BattlEye Server: (Global) Tactical_Ranger: Oh really?
 7:04:45 BattlEye Server: (Global) Zonojosh: doesnt do much
 7:05:00 BattlEye Server: (Global) Zonojosh: you wanna do that missions and split money?
 7:05:09 BattlEye Server: (Global) Tactical_Ranger: Hey, you wanna do that mission and split it?
 7:05:10 BattlEye Server: (Global) Zonojosh: mines are good against the tanks
 7:05:15 BattlEye Server: (Global) Tactical_Ranger: Oh damn XD
 7:05:24 BattlEye Server: (Global) Zonojosh: ez
 7:05:45 BattlEye Server: (Global) Tactical_Ranger: Yea, let me just take this truck back to my base.
 7:05:51 BattlEye Server: (Global) Tactical_Ranger: Where do you wanna meet up?
 7:06:08 BattlEye Server: (Global) Zonojosh: marked
 7:06:39 BattlEye Server: (Global) Tactical_Ranger: Alrighty
 7:08:15 BattlEye Server: (Global) Zonojosh: well, arma is fucked
 7:10:11 BattlEye Server: (Global) Zonojosh: i am at west most gun store with a boat
 7:13:21 kyle uses modified data file
 7:13:21 BattlEye Server: Player #2 kyle (90.252.185.82:2304) connected
 7:13:21 Player kyle connecting.
 7:13:23 BattlEye Server: Player #2 kyle - BE GUID: 976878a2da91dcf878138dfc0dab6ffc
 7:13:24 Player kyle connected (id=76561198148474565).
 7:13:24 BattlEye Server: Verified GUID (976878a2da91dcf878138dfc0dab6ffc) of player #2 kyle
 7:16:36 BattlEye Server: (Global) Tactical_Ranger: Still wanna meet over at that marker?
 7:16:52 BattlEye Server: (Global) Zonojosh: sure, on my way, 11 clicks out
 7:17:11 BattlEye Server: (Global) Tactical_Ranger: Im 8, but im in a helo
 7:17:20 BattlEye Server: (Global) kyle: so are we
 7:17:33 BattlEye Server: (Global) Tactical_Ranger: Alrighty
 7:20:20 BattlEye Server: (Global) Tactical_Ranger: yall on site?
 7:20:41 BattlEye Server: (Global) kyle: were at his dl
 7:20:41 BattlEye Server: (Direct) Zonojosh: yep
 7:24:29 BattlEye Server: (Global) Tactical_Ranger: Yall lead
 7:25:11 BattlEye Server: (Direct) Zonojosh: e going to get big boy guns, go get mines and meet at lz
 7:25:21 BattlEye Server: (Direct) Zonojosh: we*
 7:28:51 BattlEye Server: (Global) Tactical_Ranger: Damn sticky key bullshit XD
 7:29:00 BattlEye Server: (Global) kyle: lel
 7:30:24 BattlEye Server: (Global) Zonojosh: ordering car
 7:35:19 BattlEye Server: (Global) Tactical_Ranger: BRB 10 secs
 7:35:46 BattlEye Server: (Global) Tactical_Ranger: back
 7:38:28 BattlEye Server: (Global) kyle: we just found a bmp
 7:38:39 BattlEye Server: (Global) Tactical_Ranger: nice
 7:43:15 BattlEye Server: (Direct) Zonojosh: 20 SEC
 7:43:57 BattlEye Server: (Global) Tactical_Ranger: Where are they?
 7:44:09 BattlEye Server: (Global) kyle: there op infantry
 7:44:12 BattlEye Server: (Direct) Zonojosh: in a bush
 7:45:32 BattlEye Server: (Global) Tactical_Ranger: Are you stabilized to where he can come here and get you?
 7:45:34 BattlEye Server: (Direct) Zonojosh: dont take that apc, you will get 1 shot by tank
 7:45:37 BattlEye Server: (Direct) Zonojosh: yea
 7:45:48 BattlEye Server: (Global) Tactical_Ranger: Or nah
 7:45:53 BattlEye Server: (Global) Zonojosh: omg
 7:45:59 BattlEye Server: (Global) Zonojosh: i was typing but i wasnt 
 7:48:07 BattlEye Server: (Global) Tactical_Ranger: Ive dropped grenades on the bushes around his body
 7:48:56 BattlEye Server: (Global) Tactical_Ranger: That you?
 7:50:09 BattlEye Server: (Global) Zonojosh: push in apc? i think tank is down
 7:51:12 BattlEye Server: (Global) Tactical_Ranger: I now see the tank
 7:54:07 BattlEye Server: (Global) Tactical_Ranger: I got the tank
 7:54:18 BattlEye Server: (Global) Zonojosh: ez
 7:54:25 BattlEye Server: (Global) Zonojosh: that 500l
 7:54:29 BattlEye Server: (Global) Zonojosh: k*
 7:57:32 BattlEye Server: (Global) Tactical_Ranger: I got someones stuff, except guillie suit
 7:57:51 BattlEye Server: (Global) kyle: the 50cal?
 7:58:06 BattlEye Server: (Global) Tactical_Ranger: Im going for that one now
 8:00:08 BattlEye Server: (Global) Tactical_Ranger: Got yalls main shit
 8:00:15 BattlEye Server: (Global) Tactical_Ranger: mark yalls location
 8:00:15 BattlEye Server: (Global) kyle: do you have my 50
 8:00:26 BattlEye Server: (Global) Tactical_Ranger: Yes
 8:00:30 BattlEye Server: (Global) kyle: yay
 8:00:42 BattlEye Server: (Global) Tactical_Ranger: Wasnt gonna let you lose that
 8:00:49 BattlEye Server: (Global) Tactical_Ranger: Its in my tank
 8:01:00 BattlEye Server: (Global) Tactical_Ranger: Hop in and look at inventory
 8:01:05 BattlEye Server: (Global) kyle: cant access it
 8:01:20 BattlEye Server: (Global) Tactical_Ranger: Hop in
 8:02:27 BattlEye Server: (Global) Tactical_Ranger: Your stuff is in the tank
 8:02:30 BattlEye Server: (Global) kyle: do you have the rest of the mags?
 8:02:56 BattlEye Server: (Global) Tactical_Ranger: Not on me
 8:03:55 BattlEye Server: (Global) Tactical_Ranger: Yall know how much money you had on you?
 8:04:10 BattlEye Server: (Direct) Zonojosh: 2k
 8:04:15 BattlEye Server: (Global) kyle: 2k
 8:04:16 BattlEye Server: (Global) kyle: lel
 8:04:48 BattlEye Server: (Global) Tactical_Ranger: Yall all good?
 8:04:48 BattlEye Server: (Global) kyle: this oneis urs
 8:05:08 BattlEye Server: (Global) Tactical_Ranger: Thanks
 8:05:33 BattlEye Server: (Global) Zonojosh: you get 70?
 8:05:34 BattlEye Server: (Global) Tactical_Ranger: You know if I disconnect and chang eto independent all my stuff will switch over?
 8:05:43 BattlEye Server: (Global) Tactical_Ranger: Yea
 8:05:55 BattlEye Server: (Global) kyle: idk mate
 8:07:31 BattlEye Server: (Global) Tactical_Ranger: Now what ya wanna do?
 8:07:47 BattlEye Server: (Global) Zonojosh: patrol?
 8:07:53 BattlEye Server: (Global) Zonojosh: we have a tank in storage
 8:08:37 BattlEye Server: (Global) Zonojosh: meet in lakka
 8:08:48 BattlEye Server: (Global) Tactical_Ranger: Okay
 8:14:10 BattlEye Server: (Global) Zonojosh: how far out are you
 8:14:22 BattlEye Server: (Global) Tactical_Ranger: 5.3
 8:14:45 BattlEye Server: (Global) Tactical_Ranger: Bout to be at Anthrakia
 8:17:22 BattlEye Server: (Global) kyle: where are you know
 8:17:29 BattlEye Server: (Global) kyle: now*
 8:17:45 BattlEye Server: (Global) Tactical_Ranger: Next to that Military patrol
 8:17:50 BattlEye Server: (Global) kyle: were inc
 8:17:57 BattlEye Server: (Global) Zonojosh: start on bcak side
 8:18:07 BattlEye Server: (Global) Zonojosh: marked
 8:18:20 BattlEye Server: (Global) Tactical_Ranger: Whats Objective?
 8:18:37 BattlEye Server: (Global) Zonojosh: military patrol
 8:18:56 BattlEye Server: (Global) Tactical_Ranger: This is my location
 8:19:02 BattlEye Server: (Global) Zonojosh: push em
 8:20:36 BattlEye Server: (Global) Tactical_Ranger: Updated Location
 8:21:44 BattlEye Server: (Global) Tactical_Ranger: Want them destroyed?
 8:21:49 BattlEye Server: (Global) Zonojosh: naw
 8:22:34 BattlEye Server: (Global) Tactical_Ranger: AI down?
 8:22:42 BattlEye Server: (Global) Zonojosh: yep
 8:22:49 BattlEye Server: (Global) Zonojosh: keep vics
 8:22:57 BattlEye Server: (Global) Tactical_Ranger: One crawling
 8:24:23 BattlEye Server: (Global) Tactical_Ranger: One of you in a tanjk?
 8:24:24 BattlEye Server: (Global) Zonojosh: did i hit you?
 8:24:27 BattlEye Server: (Global) Zonojosh: yes
 8:24:30 BattlEye Server: (Global) kyle: were both tanks
 8:24:31 BattlEye Server: (Global) Tactical_Ranger: No, scared me
 8:24:33 BattlEye Server: (Global) kyle: im by the bmp
 8:25:31 BattlEye Server: (Global) Tactical_Ranger: XD
 8:26:41 BattlEye Server: (Global) Zonojosh: you can get in gun and use ai driver
 8:33:30 BattlEye Server: (Global) Tactical_Ranger: Need to go fuel up
 8:33:45 BattlEye Server: (Global) Zonojosh: ok
 8:33:51 BattlEye Server: (Global) Zonojosh: and sorry for shooting ya
 8:34:10 BattlEye Server: (Global) Tactical_Ranger: Youre good XD
 8:34:19 BattlEye Server: (Global) Tactical_Ranger: No harm, just scared the shit outta me
 8:35:04 BattlEye Server: (Global) Tactical_Ranger: I do appreciate yall being friendly and shit, would be boring if we were just sitting here pissing on eachother
 8:35:48 BattlEye Server: (Global) Zonojosh: true, if ya want to team up join inno
 8:36:26 BattlEye Server: (Global) Tactical_Ranger: I want to, just dont know if itll reset my shit
 8:36:53 BattlEye Server: (Global) Zonojosh: idk
 8:36:55 BattlEye Server: (Global) kyle: test it
 8:37:02 BattlEye Server: (Global) kyle: i can always go back
 8:37:35 BattlEye Server: (Global) Tactical_Ranger: Yea, ill try
 8:41:45 BattlEye Server: (Global) Tactical_Ranger: It worked
 8:43:44 BattlEye Server: (Group) Zonojosh: got discord, much easier 
 8:44:20 BattlEye Server: (Group) Tactical_Ranger: Cheiristis#1402
 8:55:02 Failed attempt to execute serv