21:01:30 BattlEye Server: Initialized (v1.217)
21:01:30 Host identity created.
21:01:30 Game Port: 2307, Steam Query Port: 2308
21:01:31 Mission A3Wasteland Altis v1.4c read from bank.
21:01:32 Roles assigned.
21:01:32 Reading mission ...
21:02:03 Mission read.
21:02:03 Game started.
 1:38:39 ANATOLI CHEJOV uses modified data file
 1:38:40 BattlEye Server: Player #0 ANATOLI CHEJOV (190.171.107.50:62725) connected
 1:38:40 Player ANATOLI CHEJOV connecting.
 1:38:40 BattlEye Server: Connected to BE Master
 1:38:44 BattlEye Server: Player #0 ANATOLI CHEJOV - BE GUID: a01f35e030c4464ff5b5e9c18ddf0195
 1:38:44 Player ANATOLI CHEJOV connected (id=76561198065774594).
 1:38:45 BattlEye Server: Verified GUID (a01f35e030c4464ff5b5e9c18ddf0195) of player #0 ANATOLI CHEJOV
 1:45:29 TTBL uses modified data file
 1:45:29 BattlEye Server: Player #1 TTBL (221.193.119.250:2304) connected
 1:45:29 Player TTBL connecting.
 1:45:33 BattlEye Server: Player #1 TTBL - BE GUID: 2e8c745f3ec6c99cd590b34b47ece936
 1:45:38 Player TTBL connected (id=76561198078067973).
 1:45:38 BattlEye Server: Verified GUID (2e8c745f3ec6c99cd590b34b47ece936) of player #1 TTBL
 1:47:48 Player TTBL disconnected.
 1:47:48 BattlEye Server: Player #1 TTBL disconnected
 1:48:32 Rou Kowalski uses modified data file
 1:48:32 BattlEye Server: Player #1 Rou Kowalski (73.147.1.91:2309) connected
 1:48:32 Player Rou Kowalski connecting.
 1:48:35 BattlEye Server: Player #1 Rou Kowalski - BE GUID: 58cae163ea9d3a0ff8adde240b436737
 1:48:37 Player Rou Kowalski connected (id=76561198034110598).
 1:48:37 BattlEye Server: Verified GUID (58cae163ea9d3a0ff8adde240b436737) of player #1 Rou Kowalski
 1:51:08 BattlEye Server: (Group) ANATOLI CHEJOV: what
 1:51:18 BattlEye Server: (Group) ANATOLI CHEJOV: ohyea
 1:51:21 Hemlock Kowalski uses modified data file
 1:51:21 BattlEye Server: Player #2 Hemlock Kowalski (73.147.1.91:2304) connected
 1:51:21 Player Hemlock Kowalski connecting.
 1:51:23 BattlEye Server: Player #2 Hemlock Kowalski - BE GUID: 0e50d5bc222746efa845806a2af0fed1
 1:51:25 Player Hemlock Kowalski connected (id=76561198201473535).
 1:51:25 BattlEye Server: Verified GUID (0e50d5bc222746efa845806a2af0fed1) of player #2 Hemlock Kowalski
 1:52:21 BattlEye Server: (Group) ANATOLI CHEJOV: needto buy
 1:52:39 BattlEye Server: (Group) ANATOLI CHEJOV: yea
 1:53:20 BattlEye Server: (Group) ANATOLI CHEJOV: lookthis
 1:54:00 BattlEye Server: (Group) ANATOLI CHEJOV: yes
 1:54:10 BattlEye Server: (Group) ANATOLI CHEJOV: holster
 1:54:29 BattlEye Server: (Group) ANATOLI CHEJOV: holster weapon
 1:55:56 BattlEye Server: (Group) ANATOLI CHEJOV: they are gone dontknow why 
 1:56:11 BattlEye Server: (Group) ANATOLI CHEJOV: i log in  and disapair
 1:56:50 BattlEye Server: (Group) ANATOLI CHEJOV: come
 1:57:19 BattlEye Server: (Group) ANATOLI CHEJOV: eaxactly
 1:58:50 BattlEye Server: (Group) ANATOLI CHEJOV: ineedtwomore of this
 1:59:16 BattlEye Server: (Group) ANATOLI CHEJOV: bunker towers forhere
 2:00:47 BattlEye Server: (Group) ANATOLI CHEJOV: we  have a resque missiosn 
 2:01:09 BattlEye Server: (Group) ANATOLI CHEJOV: i need to save  two tanks 
 2:01:15 BattlEye Server: (Group) ANATOLI CHEJOV: 1 hunter 
 2:01:22 BattlEye Server: (Group) ANATOLI CHEJOV: fromtrhe water 
 2:03:05 BattlEye Server: (Group) ANATOLI CHEJOV: uflyrou
 2:04:33 BattlEye Server: (Group) ANATOLI CHEJOV: did twospotes
 2:05:04 BattlEye Server: (Group) ANATOLI CHEJOV: freaking jets 
 2:05:29 BattlEye Server: (Group) ANATOLI CHEJOV: yea
 2:07:51 BattlEye Server: (Group) ANATOLI CHEJOV: dropropespls
 2:09:26 BattlEye Server: (Group) ANATOLI CHEJOV: exten t the ropes allyou can 
 2:09:31 BattlEye Server: (Group) ANATOLI CHEJOV: go allthw way 
 2:09:57 BattlEye Server: (Group) ANATOLI CHEJOV: more
 2:10:18 BattlEye Server: (Group) ANATOLI CHEJOV: morepls
 2:11:19 BattlEye Server: (Group) ANATOLI CHEJOV: ineedmore
 2:11:35 BattlEye Server: (Group) ANATOLI CHEJOV: im fuck
 2:11:39 BattlEye Server: (Group) ANATOLI CHEJOV: ineedasub
 2:12:36 BattlEye Server: (Group) ANATOLI CHEJOV: pickuptheropes
 2:13:01 BattlEye Server: (Group) ANATOLI CHEJOV: no
 2:14:13 BattlEye Server: (Group) ANATOLI CHEJOV: see u in base
 2:14:56 BattlEye Server: (Group) ANATOLI CHEJOV: here jim
 2:15:02 BattlEye Server: (Group) ANATOLI CHEJOV: dont land
 2:16:00 BattlEye Server: (Group) ANATOLI CHEJOV: here
 2:16:32 BattlEye Server: (Group) ANATOLI CHEJOV: no
 2:16:45 BattlEye Server: (Group) ANATOLI CHEJOV: this isyours
 2:16:51 BattlEye Server: (Group) ANATOLI CHEJOV: isinthe water
 2:17:31 BattlEye Server: (Group) ANATOLI CHEJOV: ishere
 2:17:38 BattlEye Server: (Group) ANATOLI CHEJOV: why u gyuys there
 2:18:23 BattlEye Server: (Group) ANATOLI CHEJOV: this is your apc
 2:18:33 BattlEye Server: (Group) ANATOLI CHEJOV: ye
 2:18:37 BattlEye Server: (Group) ANATOLI CHEJOV: yes
 2:19:06 BattlEye Server: (Group) ANATOLI CHEJOV: yes
 2:19:22 BattlEye Server: (Group) ANATOLI CHEJOV: hemyouhave tocomedown
 2:19:27 BattlEye Server: (Group) ANATOLI CHEJOV: andunlockit 
 2:20:35 BattlEye Server: (Group) ANATOLI CHEJOV: thiseisjims apc
 2:20:40 BattlEye Server: (Group) ANATOLI CHEJOV: not yourssorry
 2:20:57 BattlEye Server: (Group) ANATOLI CHEJOV: ok
 2:21:26 BattlEye Server: (Group) ANATOLI CHEJOV: yesthat istheone
 2:22:46 BattlEye Server: (Group) ANATOLI CHEJOV: jimneed tiounlockthesefirst 
 2:23:44 BattlEye Server: (Group) ANATOLI CHEJOV: /once he unluck these we get inside
 2:25:42 BattlEye Server: (Group) ANATOLI CHEJOV: i wasthinkingin that 
 2:25:48 BattlEye Server: (Group) ANATOLI CHEJOV: iwillbuildone
 2:27:15 BattlEye Server: (Group) ANATOLI CHEJOV: taRU CANT PICKUP BUG TANKS
 2:27:20 BattlEye Server: (Group) ANATOLI CHEJOV: sorrycaps
 2:27:41 BattlEye Server: (Group) ANATOLI CHEJOV: chibook mediumtanks
 2:27:49 BattlEye Server: (Group) ANATOLI CHEJOV: stalion big tanks
 2:27:58 BattlEye Server: (Group) ANATOLI CHEJOV: taru lig tanks
 2:29:50 BattlEye Server: (Group) ANATOLI CHEJOV: goup
 2:31:01 BattlEye Server: (Group) ANATOLI CHEJOV: pls goup
 2:31:07 BattlEye Server: (Group) ANATOLI CHEJOV: ur too low
 2:34:39 BattlEye Server: (Group) ANATOLI CHEJOV: foreward
 2:34:51 BattlEye Server: (Group) ANATOLI CHEJOV: there
 2:35:43 BattlEye Server: (Group) ANATOLI CHEJOV: no
 2:36:07 BattlEye Server: (Group) ANATOLI CHEJOV: tohat 
 2:36:10 Player Rou Kowalski disconnected.
 2:36:10 BattlEye Server: Player #1 Rou Kowalski disconnected
 2:36:15 BattlEye Server: (Group) ANATOLI CHEJOV: what happentowhat 
 2:36:21 BattlEye Server: (Group) ANATOLI CHEJOV: one ismine
 2:36:28 BattlEye Server: (Group) ANATOLI CHEJOV: dk
 2:36:37 BattlEye Server: (Group) ANATOLI CHEJOV: yes
 2:36:41 Rou Kowalski uses modified data file
 2:36:41 BattlEye Server: Player #3 Rou Kowalski (73.147.1.91:2309) connected
 2:36:41 Player Rou Kowalski connecting.
 2:36:43 BattlEye Server: Player #3 Rou Kowalski - BE GUID: 58cae163ea9d3a0ff8adde240b436737
 2:36:45 Player Rou Kowalski connected (id=76561198034110598).
 2:36:45 BattlEye Server: Verified GUID (58cae163ea9d3a0ff8adde240b436737) of player #3 Rou Kowalski
 2:37:00 BattlEye Server: (Group) ANATOLI CHEJOV: wellnow isnot 
 2:37:59 BattlEye Server: (Group) ANATOLI CHEJOV: uguys can keepot 
 2:38:16 BattlEye Server: (Group) ANATOLI CHEJOV: noi put that thereasa giveforyou guys 
 2:38:22 BattlEye Server: (Group) ANATOLI CHEJOV: knoing hemlikesthose
 2:38:45 BattlEye Server: (Group) ANATOLI CHEJOV: when i cameherei put  that thereandi saw yoursinthe water
 2:40:31 BattlEye Server: (Group) ANATOLI CHEJOV: yes
 2:40:39 BattlEye Server: (Group) ANATOLI CHEJOV: full
 2:40:50 BattlEye Server: (Group) ANATOLI CHEJOV: oh hellno
 2:41:12 BattlEye Server: (Group) ANATOLI CHEJOV: he has to ffiux that 
 2:41:17 BattlEye Server: (Group) ANATOLI CHEJOV: yes is full
 2:41:51 BattlEye Server: (Group) ANATOLI CHEJOV: thereis something on hisfreelook that takes that awya 
 2:41:54 BattlEye Server: (Group) ANATOLI CHEJOV: away 
 2:42:02 BattlEye Server: (Group) ANATOLI CHEJOV: i toll himhe dont listen 
 2:42:12 BattlEye Server: (Group) ANATOLI CHEJOV: put the thingsindefualts values
 2:42:50 BattlEye Server: (Group) ANATOLI CHEJOV: no  he default that  iandput againthev