19:08:47 BattlEye Server: Initialized (v1.217)
19:08:47 Host identity created.
19:08:48 Game Port: 2307, Steam Query Port: 2308
19:08:48 Mission A3Wasteland Altis v1.4c read from bank.
19:08:49 Roles assigned.
19:08:49 Reading mission ...
19:09:27 Mission read.
19:09:28 Game started.
19:09:29 High Alert Highlander  uses modified data file
19:09:29 BattlEye Server: Player #0 High Alert Highlander  (190.171.107.27:62725) connected
19:09:29 Player High Alert Highlander  connecting.
19:09:29 BattlEye Server: Connected to BE Master
19:09:33 BattlEye Server: Player #0 High Alert Highlander  - BE GUID: a01f35e030c4464ff5b5e9c18ddf0195
19:09:35 Player High Alert Highlander  connected (id=76561198065774594).
19:09:35 BattlEye Server: Verified GUID (a01f35e030c4464ff5b5e9c18ddf0195) of player #0 High Alert Highlander 
19:09:39 Hemlock Kowalski uses modified data file
19:09:39 BattlEye Server: Player #1 Hemlock Kowalski (73.147.1.91:62314) connected
19:09:39 Player Hemlock Kowalski connecting.
19:09:41 BattlEye Server: Player #1 Hemlock Kowalski - BE GUID: 0e50d5bc222746efa845806a2af0fed1
19:09:43 Rou Kowalski uses modified data file
19:09:43 BattlEye Server: Player #2 Rou Kowalski (73.147.1.91:2309) connected
19:09:43 Player Rou Kowalski connecting.
19:09:43 Player Hemlock Kowalski connected (id=76561198201473535).
19:09:43 BattlEye Server: Verified GUID (0e50d5bc222746efa845806a2af0fed1) of player #1 Hemlock Kowalski
19:09:45 BattlEye Server: Player #2 Rou Kowalski - BE GUID: 58cae163ea9d3a0ff8adde240b436737
19:09:49 Player Rou Kowalski connected (id=76561198034110598).
19:09:49 BattlEye Server: Verified GUID (58cae163ea9d3a0ff8adde240b436737) of player #2 Rou Kowalski
19:10:54 Mason uses modified data file
19:10:54 BattlEye Server: Player #3 Mason (24.207.152.238:2309) connected
19:10:54 Player Mason connecting.
19:10:56 BattlEye Server: Player #3 Mason - BE GUID: 955d09b6e1dde9360ceebc2963df084d
19:10:57 Player Mason connected (id=76561198026943270).
19:10:57 BattlEye Server: Verified GUID (955d09b6e1dde9360ceebc2963df084d) of player #3 Mason
19:12:47 SgtMajPrivate uses modified data file
19:12:47 BattlEye Server: Player #4 SgtMajPrivate (73.93.167.13:2309) connected
19:12:47 Player SgtMajPrivate connecting.
19:12:49 BattlEye Server: Player #4 SgtMajPrivate - BE GUID: 4c2b9d687447cbad1213b89cfae82f46
19:12:50 Player SgtMajPrivate connected (id=76561198164565751).
19:12:50 BattlEye Server: Verified GUID (4c2b9d687447cbad1213b89cfae82f46) of player #4 SgtMajPrivate
19:14:05 Rreze uses modified data file
19:14:05 BattlEye Server: Player #5 Rreze (174.93.89.247:2304) connected
19:14:05 Player Rreze connecting.
19:14:07 BattlEye Server: Player #5 Rreze - BE GUID: 0dacebb06d66afdc81b89f0ab44a21bc
19:14:08 Player Rreze connected (id=76561198051989375).
19:14:08 BattlEye Server: Verified GUID (0dacebb06d66afdc81b89f0ab44a21bc) of player #5 Rreze
19:14:08 Player Rreze disconnected.
19:14:08 BattlEye Server: Player #5 Rreze disconnected
19:14:31 Yeet McDabbington uses modified data file
19:14:31 BattlEye Server: Player #5 Yeet McDabbington (73.21.180.37:2304) connected
19:14:31 Player Yeet McDabbington connecting.
19:14:33 BattlEye Server: Player #5 Yeet McDabbington - BE GUID: e0845e254755825b22e6d30dc7e61b99
19:14:34 Admin logged in, player: SgtMajPrivate, playerUID: 76561198164565751, IP: 192.168.0.12:2309.
19:14:38 Player Yeet McDabbington connected (id=76561198032540425).
19:14:38 BattlEye Server: Verified GUID (e0845e254755825b22e6d30dc7e61b99) of player #5 Yeet McDabbington
19:23:43 plusx uses modified data file
19:23:43 BattlEye Server: Player #6 plusx (73.5.25.249:2304) connected
19:23:43 Player plusx connecting.
19:23:45 BattlEye Server: Player #6 plusx - BE GUID: 5adb1bbe12f69419800e54368780e723
19:23:45 Player plusx connected (id=76561198837308433).
19:23:45 BattlEye Server: Verified GUID (5adb1bbe12f69419800e54368780e723) of player #6 plusx
19:24:02 Player plusx disconnected.
19:24:02 BattlEye Server: Player #6 plusx disconnected
19:24:51 Gatowal uses modified data file
19:24:51 BattlEye Server: Player #6 Gatowal (190.236