 9:01:39 BattlEye Server: Initialized (v1.217)
 9:01:39 Host identity created.
 9:01:39 Game Port: 2307, Steam Query Port: 2308
 9:01:39 Mission A3Wasteland Altis v1.4c read from bank.
 9:01:40 Roles assigned.
 9:01:40 Reading mission ...
 9:02:11 Mission read.
 9:02:11 Game started.
 9:21:06 Rou Kowalski uses modified data file
 9:21:06 BattlEye Server: Player #0 Rou Kowalski (73.147.1.91:2309) connected
 9:21:06 Player Rou Kowalski connecting.
 9:21:07 BattlEye Server: Connected to BE Master
 9:21:09 BattlEye Server: Player #0 Rou Kowalski - BE GUID: 58cae163ea9d3a0ff8adde240b436737
 9:21:12 Player Rou Kowalski connected (id=76561198034110598).
 9:21:12 BattlEye Server: Verified GUID (58cae163ea9d3a0ff8adde240b436737) of player #0 Rou Kowalski
 9:26:30 ANATOLI CHEJOV uses modified data file
 9:26:30 BattlEye Server: Player #1 ANATOLI CHEJOV (190.171.107.50:62725) connected
 9:26:30 Player ANATOLI CHEJOV connecting.
 9:26:34 BattlEye Server: Player #1 ANATOLI CHEJOV - BE GUID: a01f35e030c4464ff5b5e9c18ddf0195
 9:26:35 Player ANATOLI CHEJOV connected (id=76561198065774594).
 9:26:35 BattlEye Server: Verified GUID (a01f35e030c4464ff5b5e9c18ddf0195) of player #1 ANATOLI CHEJOV
 9:29:46 BattlEye Server: (Group) ANATOLI CHEJOV: gm bro 
 9:30:13 BattlEye Server: (Group) ANATOLI CHEJOV: sure 
 9:30:26 BattlEye Server: (Group) ANATOLI CHEJOV: i dont sleppthatmuch these days 
 9:30:45 BattlEye Server: (Group) ANATOLI CHEJOV: allot of inmsonia
 9:31:07 BattlEye Server: (Group) ANATOLI CHEJOV: must of it thinkinginthe past and the what could be if ?
 9:36:24 BattlEye Server: (Group) ANATOLI CHEJOV: hellyea
 9:47:14 Varluk uses modified data file
 9:47:14 BattlEye Server: Player #2 Varluk (188.170.81.254:27003) connected
 9:47:14 Player Varluk connecting.
 9:47:22 BattlEye Server: Player #2 Varluk - BE GUID: 40a5c124c81a14d4235b4453eb839ddf
 9:47:22 Player Varluk connected (id=76561198022459854).
 9:47:22 BattlEye Server: Verified GUID (40a5c124c81a14d4235b4453eb839ddf) of player #2 Varluk
 9:47:52 BattlEye Server: (Group) ANATOLI CHEJOV: the cheater
 9:48:16 BattlEye Server: (Group) ANATOLI CHEJOV: yea sarg ask me tograb himinthe act 
 9:48:34 BattlEye Server: (Group) ANATOLI CHEJOV: nonono
 9:48:46 BattlEye Server: (Group) ANATOLI CHEJOV: this is anither guy 
 9:48:56 BattlEye Server: (Group) ANATOLI CHEJOV: yes 
 9:49:19 BattlEye Server: (Group) ANATOLI CHEJOV: i have a couple stuff butuntil friday he is avalable 
 9:49:24 BattlEye Server: (Group) ANATOLI CHEJOV: so }
 9:49:32 BattlEye Server: (Group) ANATOLI CHEJOV: we have to wait 
10:04:04 BattlEye Server: (Group) ANATOLI CHEJOV: yes
10:04:15 BattlEye Server: (Group) ANATOLI CHEJOV: wach the satcom
10:04:24 BattlEye Server: (Group) ANATOLI CHEJOV: vs onairport this guy 
10:04:28 BattlEye Server: (Group) ANATOLI CHEJOV: quick 
10:05:28 BattlEye Server: (Group) ANATOLI CHEJOV: no worries 
10:05:36 BattlEye Server: (Group) ANATOLI CHEJOV: he left
10:08:12 BattlEye Server: (Group) ANATOLI CHEJOV: be care full with jets dontflu 
10:08:20 BattlEye Server: (Group) ANATOLI CHEJOV: dont have engines  running
10:12:11 BattlEye Server: (Group) ANATOLI CHEJOV: what
10:12:44 BattlEye Server: (Group) ANATOLI CHEJOV: imtaking allthe thing fromthe vehiculs andputting them here
10:13:11 BattlEye Server: (Group) ANATOLI CHEJOV: ubuy what 
10:13:24 BattlEye Server: (Group) ANATOLI CHEJOV: no i buy this this morning 
10:15:14 IpSwiCh uses modified data file
10:15:14 BattlEye Server: Player #3 IpSwiCh (82.151.125.150:2849) connected
10:15:14 Player IpSwiCh connecting.
10:15:16 BattlEye Server: Player #3 IpSwiCh - BE GUID: 1f8aa8c1e7e1f014380ef627f09d7e8f
10:15:17 Player IpSwiCh connected (id=76561198191916147).
10:15:17 BattlEye Server: Verified GUID (1f8aa8c1e7e1f014380ef627f09d7e8f) of player #3 IpSwiCh
10:15:21 BattlEye Server: (Group) ANATOLI CHEJOV: lookat this
10:16:05 BattlEye Server: (Group) ANATOLI CHEJOV: is off
10:16:32 BattlEye Server: (Group) ANATOLI CHEJOV: jets are close
10:16:41 BattlEye Server: (Group) ANATOLI CHEJOV: dont recoment you to doi that now
10:33:57 BattlEye Server: (Group) ANATOLI CHEJOV: sorry dudei was chattiung with sarg 
10:34:04 BattlEye Server: (Group) ANATOLI CHEJOV: what did yu said 
10:34:35 BattlEye Server: (Group) ANATOLI CHEJOV: ok
10:35:25 BattlEye Server: (Group) ANATOLI CHEJOV: u cangionow the jeys ar far 
11:00:37 IconicMaverick uses modified data file
11:00:37 BattlEye Server: Player #4 IconicMaverick (177.247.97.223:17437) connected
11:00:37 Player IconicMaverick connecting.
11:00:40 BattlEye Server: Player #4 IconicMaverick - BE GUID: c566b976dde7cc8fb0da423fb4d79625
11:01:04 Player IconicMaverick connected (id=76561198143250576).
11:01:04 BattlEye Server: Verified GUID (c566b976dde7cc8fb0da423fb4d79625) of player #4 IconicMaverick
11:10:12 BattlEye Server: (Group) ANATOLI CHEJOV: now i dolook like a medic {
11:18:01 BattlEye Server: (Group) ANATOLI CHEJOV: Not good idea
11:18:14 BattlEye Server: (Group) ANATOLI CHEJOV: whenthe server restart the pot will jump
11:18:21 BattlEye Server: (Group) ANATOLI CHEJOV: destroing the tower
11:18:29 BattlEye Server: (Group) ANATOLI CHEJOV: yes
11:18:59 BattlEye Server: (Group) ANATOLI CHEJOV: things like that need to have a space 
11:19:19 BattlEye Server: (Group) ANATOLI CHEJOV: so i recommend you the first floor better 
11:19:30 BattlEye Server: (Group) ANATOLI CHEJOV: there{
11:19:49 BattlEye Server: (Group) ANATOLI CHEJOV: jimhere
11:20:09 BattlEye Server: (Group) ANATOLI CHEJOV: yes
11:20:14 Player IpSwiCh is losing connection
11:20:25 Player IpSwiCh kicked off by BattlEye: Client not responding
11:20:26 Player IpSwiCh disconnected.
11:20:27 BattlEye Server: (Group) ANATOLI CHEJOV: it has more space in the top sois ok 
11:20:50 BattlEye Server: (Group) ANATOLI CHEJOV: beliefme i learnthat oin the bad way 
11:21:17 IpSwiCh uses modified data file
11:21:17 BattlEye Server: Player #5 IpSwiCh (82.151.125.150:2849) connected
11:21:17 Player IpSwiCh connecting.
11:21:20 BattlEye Server: Player #5 IpSwiCh - BE GUID: 1f8aa8c1e7e1f014380ef627f09d7e8f
11:21:20 Player IpSwiCh connected (id=76561198191916147).
11:21:20 BattlEye Server: Verified GUID (1f8aa8c1e7e1f014380ef627f09d7e8f) of player #5 IpSwiCh
11:25:32 BattlEye Server: (Group) ANATOLI CHEJOV: okbro
11:25:36 BattlEye Server: (Group) ANATOLI CHEJOV: seeya 
11:25:51 Player Rou Kowalski disconnected.
11:25:51 BattlEye Server: Player #0 Rou Kowalski disconnected
11:49:11 BattlEye Server: (Global) ANATOLI CHEJOV: Comeone iconic u can do it alittle bitmore 
11:49:23 BattlEye Server: (Global) ANATOLI CHEJOV: drag that shit 
11:49:37 BattlEye Server: (Side) IconicMaverick: hehehe
11:50:11 BattlEye Server: (Global) IconicMaverick: almost there XD
11:50:12 BattlEye Server: (Global) ANATOLI CHEJOV: no worries i wont killu 
11:50:21 BattlEye Server: (Global) IconicMaverick: thx
11:50:35 BattlEye Server: (Global) ANATOLI CHEJOV: thats is defenetely hard work dude 
11:50:55 BattlEye Server: (Global) IconicMaverick: i ran out of fuel lol
11:51:08 BattlEye Server: (Global) ANATOLI CHEJOV: first time in allmyarmaexp i see that 
11:51:48 BattlEye Server: (Global) IconicMaverick: not really, i just though i was going to be able to get to the gas station but i was mistaken XD
11:57:52 Player ANATOLI CHEJOV disconnected.
11:57:52 BattlEye Server: Player #1 ANATOLI CHEJOV disconnected
12:01:46 Nic Harper uses modified data file
12:01:46 BattlEye Server: Player #6 Nic Harper (98.244.6.202:2304) connected
12:01:46 Player Nic Harper connecting.
12:01:48 BattlEye Server: Player #6 Nic Harper - BE GUID: 84217486ec2c18305508c4f9ecd9b9b6
12:01:48 Player Nic Harper connected (id=76561198119649156).
12:01:48 BattlEye Server: Verified GUID (84217486ec2c18305508c4f9ecd9b9b6) of player #6 Nic Harper
12:01:51 Player Nic Harper disconnected.
12:01:51 BattlEye Server: Player #6 Nic Harper disconnected
12:13:13 BattlEye Server: (Global) IconicMaverick: is anyone doing the taru?
12:13:32 BattlEye Server: (Group) Varluk: &&&&&?
12:14:23 BattlEye Server: (Side) Varluk: забпрай
12:14:28 BattlEye Server: (Global) IconicMaverick: i guess thats a yes
12:15:02 BattlEye Server: (Side) Varluk: ZABIRAY
12:15:28 