21:01:56 BattlEye Server: Initialized (v1.217)
21:01:56 Host identity created.
21:01:56 Game Port: 2307, Steam Query Port: 2308
21:01:56 Mission A3Wasteland Altis v1.4c read from bank.
21:01:58 Roles assigned.
21:01:58 Reading mission ...
21:02:34 Mission read.
21:02:34 Game started.
21:03:12 Rou Kowalski uses modified data file
21:03:12 BattlEye Server: Player #0 Rou Kowalski (73.147.1.91:2309) connected
21:03:12 Player Rou Kowalski connecting.
21:03:12 BattlEye Server: Connected to BE Master
21:03:14 BattlEye Server: Player #0 Rou Kowalski - BE GUID: 58cae163ea9d3a0ff8adde240b436737
21:03:16 Player Rou Kowalski connected (id=76561198034110598).
21:03:16 BattlEye Server: Verified GUID (58cae163ea9d3a0ff8adde240b436737) of player #0 Rou Kowalski
21:03:31 Max Mota uses modified data file
21:03:31 BattlEye Server: Player #1 Max Mota (201.210.182.162:2309) connected
21:03:31 Player Max Mota connecting.
21:03:34 BattlEye Server: Player #1 Max Mota - BE GUID: b24b492882c5bff2195677387329ee4f
21:03:36 Player Max Mota connected (id=76561198004095068).
21:03:36 BattlEye Server: Verified GUID (b24b492882c5bff2195677387329ee4f) of player #1 Max Mota
21:05:06 Ironside uses modified data file
21:05:07 BattlEye Server: Player #2 Ironside (24.118.118.85:2304) connected
21:05:07 Player Ironside connecting.
21:05:09 BattlEye Server: Player #2 Ironside - BE GUID: 8a2cf5db8b52210b8d418782d4ba31a9
21:05:09 Player Ironside connected (id=76561198159407384).
21:05:09 BattlEye Server: Verified GUID (8a2cf5db8b52210b8d418782d4ba31a9) of player #2 Ironside
21:05:23 shock_n_aw uses modified data file
21:05:23 BattlEye Server: Player #3 shock_n_aw (66.41.115.225:2304) connected
21:05:23 Player shock_n_aw connecting.
21:05:24 Odhaving uses modified data file
21:05:24 BattlEye Server: Player #4 Odhaving (208.107.215.51:2304) connected
21:05:24 Player Odhaving connecting.
21:05:27 BattlEye Server: Player #4 Odhaving - BE GUID: 3dd45ae2aae999a097eb909cbc8278fa
21:05:30 BattlEye Server: Player #3 shock_n_aw - BE GUID: 237e33478bdeceed967a678d7c66e4bf
21:05:30 Player shock_n_aw connected (id=76561198206547295).
21:05:30 BattlEye Server: Verified GUID (237e33478bdeceed967a678d7c66e4bf) of player #3 shock_n_aw
21:06:29 Player Odhaving connected (id=76561198281946559).
21:06:29 BattlEye Server: Verified GUID (3dd45ae2aae999a097eb909cbc8278fa) of player #4 Odhaving
21:08:52 BattlEye Server: (Global) Odhaving: Yall done trying to kill us
21:10:22 Hemlock Kowalski uses modified data file
21:10:22 BattlEye Server: Player #5 Hemlock Kowalski (73.147.1.91:61306) connected
21:10:22 Player Hemlock Kowalski connecting.
21:10:25 BattlEye Server: Player #5 Hemlock Kowalski - BE GUID: 0e50d5bc222746efa845806a2af0fed1
21:10:27 Player Hemlock Kowalski connected (id=76561198201473535).
21:10:27 BattlEye Server: Verified GUID (0e50d5bc222746efa845806a2af0fed1) of player #5 Hemlock Kowalski
21:53:58 Exile uses modified data file
21:53:58 BattlEye Server: Player #6 Exile (71.199.134.240:2304) connected
21:53:58 Player Exile connecting.
21:54:00 BattlEye Server: Player #6 Exile - BE GUID: ec1c4b484d83c74af0fe374d341cc595
21:54:00 Player Exile connected (id=76561198834248525).
21:54:00 BattlEye Server: Verified GUID (ec1c4b484d83c74af0fe374d341cc595) of player #6 Exile
21:54:32 Player Exile disconnected.
21:54:32 BattlEye Server: Player #6 Exile disconnected
22:19:34 BattlEye Server: (Global) Odhaving: can I get a hint
22:19:49 BattlEye Server: (Global) Rou Kowalski: ?
22:20:12 BattlEye Server: (Global) Odhaving: Where is the arti
22:25:35 BattlEye Server: (Global) Odhaving: I will ask again where is the arti
22:36:54 Ryan uses modified data file
22:36:54 BattlEye Server: Player #6 Ryan (80.0.8.19:2309) connected
22:36:54 Player Ryan connecting.
22:36:57 BattlEye Server: Player #6 Ryan - BE GUID: e3d81894876b5f0dc7cf399db61c3fe5
22:36:58 Player Ryan connected (id=76561198018574605).
22:36:58 BattlEye Server: Verified GUID (e3d81894876b5f0dc7cf399db61c3fe5) of player #6 Ryan
22:36:59 Player Ryan disconnected.
22:36:59 BattlEye Server: Player #6 Ryan disconnected
22:39:53 BattlEye Server: (Direct) Odhaving: we want to talk
22:40:07 BattlEye Server: (Global) Ironside: we want to talk
22:40:13 BattlEye Server: (Global) Ironside: not kill
22:40:50 BattlEye Server: (Direct) Hemlock Kowalski: talk than
22:43:54 BattlEye Server: (Direct) Odhaving: so you can hear us right
22:44:35 BattlEye Server: (Global) Hemlock Kowalski: type
22:44:42 BattlEye Server: (Direct) Odhaving: I see your mine
22:45:09 BattlEye Server: (Direct) Odhaving: so are you going to tell us where the arti is
22:45:24 BattlEye Server: (Direct) Odhaving: Or do we have to level the city
22:45:44 BattlEye Server: (Global) Hemlock Kowalski: its not mine so I have nothing to deal with that. 
22:45:55 BattlEye Server: (Global) Odhaving: Ok 
22:46:28 BattlEye Server: (Global) Hemlock Kowalski: you can buy them in the general store
22:46:43 BattlEye Server: (Global) Odhaving: gunstore
22:47:36 BattlEye Server: (Global) Odhaving: arent you funny
22:48:41 BattlEye Server: (Global) Hemlock Kowalski: generally I am. But Im a required sense of humor. But I did think bought them in general store
22:49:01 BattlEye Server: (Global) Odhaving: talking to the man with the bomb
22:49:14 BattlEye Server: (Global) Odhaving: I have no quarrel with you
22:49:35 BattlEye Server: (Global) Hemlock Kowalski: yes but you blew up my jeep
22:49:55 BattlEye Server: (Global) Odhaving: I didnt want you to leave me
22:50:01 BattlEye Server: (Global) Odhaving: I was lonley
22:50:33 BattlEye Server: (Global) Hemlock Kowalski: oddlt enough that isnt the first time a guy said that to me in this game
23:00:06 BattlEye Server: (Global) Odhaving: you have a lot of money sir
23:05:05 BattlEye Server: (Global) Odhaving: Will you stop stalking us
23:05:19 BattlEye Server: (Direct) Max Mota: nevaaaaaaaaa
23:08:11 BattlEye Server: (Global) Odhaving: How many pictures do you have of us
23:08:21 BattlEye Server: (Direct) Max Mota: 101
23:09:10 BattlEye Server: (Global) Odhaving: See this is why I interrigated you two
23:09:37 BattlEye Server: (Direct) Max Mota: say cheez!
23:09:49 BattlEye Server: (Global) Hemlock Kowalski: I still have nothing to do with it. Im just showing a newbie around
23:10:17 BattlEye Server: (Global) Odhaving: The one arting us
23:10:26 BattlEye Server: (Global) Ironside: over and over
23:10:35 BattlEye Server: (Global) Odhaving: The one that tried to use the satchel was funny
23:10:43 BattlEye Server: (Global) Odhaving: then I dropped the building
23:11:57 BattlEye Server: (Global) Odhaving: Missed
23:18:37 Soft Fluffy Cuddlebear uses modified data file
23:18:37 BattlEye Server: Player #6 Soft Fluffy Cuddlebear (190.171.107.27:62725) connected
23:18:37 Player Soft Fluffy Cuddlebear connecting.
23:18:42 BattlEye Server: Player #6 Soft Fluffy Cuddlebear - BE GUID: a01f35e030c4464ff5b5e9c18ddf0195
23:18:42 Player Soft Fluffy Cuddlebear connected (id=76561198065774594).
23:18:42 BattlEye Server: Verified GUID (a01f35e030c4464ff5b5e9c18ddf0195) of player #6 Soft Fluffy Cuddlebear
23:19:00 BattlEye Server: (Global) Odhaving: So fluffy can we ask you to chill with the arti
23:31:12 Player shock_n_aw is losing connection
23:32:32 Player shock_n_aw disconnected.
23:32:32 BattlEye Server: Player #3 shock_n_aw disconnected
23:32:54 shock_n_aw uses modified data file
23:32:54 BattlEye Server: Player #7 shock_n_aw (66.41.115.225:2304) connected
23:32:54 Player shock_n_aw connecting.
23:32:56 BattlEye Server: Player #7 shock_n_aw - BE GUID: 237e33478bdeceed967a678d7c66e4bf
23:32:57 Player shock_n_aw connected (id=76561198206547295).
23:32:57 BattlEye Server: Verified GUID (237e33478bdeceed967a678d7c66e4bf) of player #7 shock_n_aw
23:34:34 Player shock_n_aw: Signature check timed out
23:34:34 Player shock_n_aw disconnected.
23:34:34 BattlEye Server: Player #7 shock_n_aw disconnected
23:34:57 BattlEye Server: (Global) Odhaving: so I just realized your server is broke and the stuff in your player inv is inf
23:35:17 shock_n_aw uses modified data file
23:35:17 BattlEye Server: Player #7 shock_n_aw (66.41.115.225:2304) connected
23:35:17 Player shock_n_aw connecting.
23:35:19 BattlEye Server: Player #7 shock_n_aw - BE GUID: 237e33478bdeceed967a678d7c66e4bf
23:35:20 Player shock_n_aw connected (id=76561198206547295).
23:35:20 BattlEye Server: Verified GUID (237e33478bdeceed967a678d7c66e4bf) of player #7 shock_n_aw
23:36:45 BattlEye Server: (Global) Hemlock Kowalski: what do you mean invisible?
23:37:05 BattlEye Server: (Global) Odhaving: No player inventory is infinite
23:37:14 BattlEye Server: (Global) Odhaving: I HAVE ENDLESS COKAIN
23:37:57 BattlEye Server: (Global) Odhaving: When was that added
23:38:07 BattlEye Server: (Global) Hemlock Kowalski: ah I dont go after the drugs so I wouldnt know so I guess its not a bad thing for you
23:38:27 BattlEye Server: (Global) Ironside: no its for every thing
23:38:34 BattlEye Server: (Global) Odhaving: It is why they were using 50 gay artillery
23:38:45 BattlEye Server: (Global) Odhaving: SO MANY BOMBS
23:39:25 BattlEye Server: (Global) Ironside: everything in player menu is infitine
23:39:37 BattlEye Server: (Global) Hemlock Kowalski: ah no that isnt infinate. You pay for them .
23:39:49 BattlEye Server: (Global) Odhaving: spawn beacons are free
23:39:57 BattlEye Server: (Global) Odhaving: just need the first one
23:40:08 BattlEye Server: (Global) Hemlock Kowalski: yes
23:40:11 BattlEye Server: (Global) Odhaving: here if you want I could show you
23:40:13 BattlEye Server: (Global) Ironside: i had one spawn beacon and placed like 5
23:40:24 BattlEye Server: (Global) Hemlock Kowalski: yes that works like that
23:40:32 BattlEye Server: (Global) Odhaving: Not most servers
23:40:37 BattlEye Server: (Global) Ironside: not before but ok
23:40:42 BattlEye Server: (Global) Hemlock Kowalski: but if you die  you need to buy again
23:40:49 BattlEye Server: (Global) Odhaving: Ussually its pay for every one
23:40:55 BattlEye Server: (Global) Ironside: oh ok
23:41:42 BattlEye Server: (Global) Hemlock Kowalski: each time you die you loose all that stuff
23:41:59 BattlEye Server: (Global) Odhaving: yes buut this is different to what we a re used to
23:42:14 BattlEye Server: (Global) Odhaving: its why we are confused
23:42:21 BattlEye Server: (Global) Hemlock Kowalski: yeah I get that. Each server is different
23:42:41 BattlEye Server: (Global) Odhaving: endless drugs are broken
23:43:17 BattlEye Server: (Global) Hemlock Kowalski: have you never seen a supply truck?
23:43:22 BattlEye Server: (Global) Odhaving: yes
23:43:22 BattlEye Server: (Global) Ironside: and we played on this surver before and dont remember it being like that
23:43:33 BattlEye Server: (Global) Odhaving: one at every Airport
23:44:40 BattlEye Server: (Global) Hemlock Kowalski: idk what changes have been made since you played or not. I just know how it works at moment with most stuff.
23:50:07 BattlEye Server: (Global) Odhaving: NOOOOOOOOOOOO MY AMERICA TANK
23:50:15 BattlEye Server: (Global) Odhaving: you will pay
23:52:28 BattlEye Server: (Global) Odhaving: FACE ME LIKE MEN
23:53:01 BattlEye Server: (Global) Odhaving: YOU DONT SCARE ME BUT I MUST SCARE YOU IF YOU GOTTA HIDE IN THE CLOUDS
23:57:37 Elijah uses modified data file
23:57:37 BattlEye Server: Player #8 Elijah (172.92.231.89:2304) connected
23:57:37 Player Elijah connecting.
23:57:39 BattlEye Server: Player #8 Elijah - BE GUID: 563d0c02b3c1029b45ac17377ad45891
23:57:39 Player Elijah connected (id=76561198376309345).
23:57:39 BattlEye Server: Verified GUID (563d0c02b3c1029b45ac17377ad45891) of player #8 Elijah
23:57:51 Player Elijah disconnected.
23:57:51 BattlEye Server: Player #8 Elijah disconnected
23:58:08 BattlEye Server: (Global) Odhaving: Are you at least going to give me a ride out of the desert
23:58:34 BattlEye Server: (Direct) Max Mota: no gas
23:59:35 BattlEye Server: (Global) Ironside: see you guys later
23:59:48 Player Ironside disconnected.
23:59:48 BattlEye Server: Player #2 Ironside disconnected
23:59:56 BattlEye Server: (Global) Odhaving: WHERE IS MY EVAC
 0:01:57 BattlEye Server: (Group) Odhaving: t
 0:02:09 BattlEye Server: (Global) Odhaving: That wasnt an evac
 0:02:20 BattlEye Server: (Global) Odhaving: And I wo