21:01:32 BattlEye Server: Initialized (v1.217)
21:01:32 Host identity created.
21:01:32 Game Port: 2307, Steam Query Port: 2308
21:01:32 Mission A3Wasteland Altis v1.4c read from bank.
21:01:34 PFC. Archangle uses modified data file
21:01:34 BattlEye Server: Player #0 PFC. Archangle (172.9.169.67:2309) connected
21:01:34 Player PFC. Archangle connecting.
21:01:34 Roles assigned.
21:01:34 Reading mission ...
21:01:34 BattlEye Server: Connected to BE Master
21:02:05 Mission read.
21:02:05 BattlEye Server: Player #0 PFC. Archangle - BE GUID: 8fb1df81d580cabe4592325c876aa692
21:02:05 Game started.
21:02:06 Player PFC. Archangle connected (id=76561198203369788).
21:02:06 BattlEye Server: Verified GUID (8fb1df81d580cabe4592325c876aa692) of player #0 PFC. Archangle
21:02:17 ROADGLIDE uses modified data file
21:02:17 BattlEye Server: Player #1 ROADGLIDE (63.142.112.13:2309) connected
21:02:17 Player ROADGLIDE connecting.
21:02:17 Rou Kowalski uses modified data file
21:02:18 BattlEye Server: Player #2 Rou Kowalski (73.147.1.91:2309) connected
21:02:18 Player Rou Kowalski connecting.
21:02:19 BattlEye Server: Player #1 ROADGLIDE - BE GUID: 0c6a9ddac9dd8980c3d63e983e2a4cd6
21:02:19 Player ROADGLIDE connected (id=76561198448325882).
21:02:19 BattlEye Server: Verified GUID (0c6a9ddac9dd8980c3d63e983e2a4cd6) of player #1 ROADGLIDE
21:02:20 BattlEye Server: Player #2 Rou Kowalski - BE GUID: 58cae163ea9d3a0ff8adde240b436737
21:02:35 Player Rou Kowalski connected (id=76561198034110598).
21:02:35 BattlEye Server: Verified GUID (58cae163ea9d3a0ff8adde240b436737) of player #2 Rou Kowalski
21:18:31 Player PFC. Archangle disconnected.
21:18:31 BattlEye Server: Player #0 PFC. Archangle disconnected
21:19:57 ANATOLI CHEJOV uses modified data file
21:19:57 BattlEye Server: Player #3 ANATOLI CHEJOV (190.171.107.94:62725) connected
21:19:57 Player ANATOLI CHEJOV connecting.
21:20:02 BattlEye Server: Player #3 ANATOLI CHEJOV - BE GUID: a01f35e030c4464ff5b5e9c18ddf0195
21:20:03 Player ANATOLI CHEJOV connected (id=76561198065774594).
21:20:03 BattlEye Server: Verified GUID (a01f35e030c4464ff5b5e9c18ddf0195) of player #3 ANATOLI CHEJOV
22:24:09 Hemlock Kowalski uses modified data file
22:24:09 BattlEye Server: Player #4 Hemlock Kowalski (73.147.1.91:2304) connected
22:24:09 Player Hemlock Kowalski connecting.
22:24:11 BattlEye Server: Player #4 Hemlock Kowalski - BE GUID: 0e50d5bc222746efa845806a2af0fed1
22:24:13 Player Hemlock Kowalski connected (id=76561198201473535).
22:24:13 BattlEye Server: Verified GUID (0e50d5bc222746efa845806a2af0fed1) of player #4 Hemlock Kowalski
23:03:52 Player ANATOLI CHEJOV is losing connection
23:04:01 Player ANATOLI CHEJOV disconnected.
23:04:01 BattlEye Server: Player #3 ANATOLI CHEJOV disconnected
23:08:19 ANATOLI CHEJOV uses modified data file
23:08:19 BattlEye Server: Player #5 ANATOLI CHEJOV (190.171.107.94:62725) connected
23:08:19 Player ANATOLI CHEJOV connecting.
23:08:24 BattlEye Server: Player #5 ANATOLI CHEJOV - BE GUID: a01f35e030c4464ff5b5e9c18ddf0195
23:08:25 Player ANATOLI CHEJOV connected (id=76561198065774594).
23:08:25 BattlEye Server: Verified GUID (a01f35e030c4464ff5b5e9c18ddf0195) of player #5 ANATOLI CHEJOV
23:49:23 creep uses modified data file
23:49:23 BattlEye Server: Player #6 creep (73.218.1.105:2304) connected
23:49:23 Player creep connecting.
23:49:25 BattlEye Server: Player #6 creep - BE GUID: 8552cb63d9fe520769376d88d5ac2e05
23:49:25 Player creep connected (id=76561198254043873).
23:49:25 BattlEye Server: Verified GUID (8552cb63d9fe520769376d88d5ac2e05) of player #6 creep
23:50:30 Charlie uses modified data file
23:50:31 BattlEye Server: Player #7 Charlie (184.59.117.108:2309) connected
23:50:31 Player Charlie connecting.
23:50:33 BattlEye Server: Player #7 Charlie - BE GUID: abc2a7bb00f3969ef98a728ed93e68f2
23:50:33 Player Charlie connected (id=76561198306241609).
23:50:34 BattlEye Server: Verified GUID (abc2a7bb00f3969ef98a728ed93e68f2) of player #7 Charlie
23:52:32 Player ROADGLIDE disconnected.
23:52:32 BattlEye Server: Player #1 ROADGLIDE disconnected
23:54:21 Player Charlie disco