21:01:27 BattlEye Server: Initialized (v1.217)
21:01:27 Host identity created.
21:01:27 Game Port: 2307, Steam Query Port: 2308
21:01:27 Mission A3Wasteland Altis v1.4c read from bank.
21:01:29 Roles assigned.
21:01:29 Reading mission ...
21:02:00 Mission read.
21:02:00 Game started.
21:03:08 EGgamer uses modified data file
21:03:08 BattlEye Server: Player #0 EGgamer (172.119.16.46:2304) connected
21:03:08 Player EGgamer connecting.
21:03:08 BattlEye Server: Connected to BE Master
21:03:10 BattlEye Server: Player #0 EGgamer - BE GUID: e097ca3e318a93a0d353882d3135395a
21:03:10 Player EGgamer connected (id=76561198240204908).
21:03:10 BattlEye Server: Verified GUID (e097ca3e318a93a0d353882d3135395a) of player #0 EGgamer
21:03:11 Vortex_14 uses modified data file
21:03:11 BattlEye Server: Player #1 Vortex_14 (104.172.229.38:2304) connected
21:03:11 Player Vortex_14 connecting.
21:03:13 BattlEye Server: Player #1 Vortex_14 - BE GUID: 40decffaef9aadd8a4d245ba1419b667
21:03:13 Player Vortex_14 connected (id=76561198146419405).
21:03:13 BattlEye Server: Verified GUID (40decffaef9aadd8a4d245ba1419b667) of player #1 Vortex_14
21:07:30 Player Vortex_14: Signature check timed out
21:07:30 Player Vortex_14 disconnected.
21:07:30 BattlEye Server: Player #1 Vortex_14 disconnected
21:08:14 Vortex_14 uses modified data file
21:08:14 BattlEye Server: Player #1 Vortex_14 (104.172.229.38:2304) connected
21:08:14 Player Vortex_14 connecting.
21:08:16 BattlEye Server: Player #1 Vortex_14 - BE GUID: 40decffaef9aadd8a4d245ba1419b667
21:08:17 Player Vortex_14 connected (id=76561198146419405).
21:08:17 BattlEye Server: Verified GUID (40decffaef9aadd8a4d245ba1419b667) of player #1 Vortex_14
21:21:04 JOKER uses modified data file
21:21:04 BattlEye Server: Player #2 JOKER (72.128.30.95:2304) connected
21:21:05 Player JOKER connecting.
21:21:07 BattlEye Server: Player #2 JOKER - BE GUID: 80fe492e0a45ee77cd0640fae8afd86c
21:21:07 Player JOKER connected (id=76561198353362512).
21:21:07 BattlEye Server: Verified GUID (80fe492e0a45ee77cd0640fae8afd86c) of player #2 JOKER
21:29:33 Player JOKER disconnected.
21:29:33 BattlEye Server: Player #2 JOKER disconnected
23:21:07 Rou Kowalski uses modified data file
23:21:07 BattlEye Server: Player #2 Rou Kowalski (73.147.1.91:2309) connected
23:21:07 Player Rou Kowalski connecting.
23:21:09 BattlEye Server: Player #2 Rou Kowalski - BE GUID: 58cae163ea9d3a0ff8adde240b436737
23:21:12 Player Rou Kowalski connected (id=76561198034110598).
23:21:12 BattlEye Server: Verified GUID (58cae163ea9d3a0ff8adde240b436737) of player #2 Rou Kowalski
 0:06:16 Baxticus I Bróg uses modified data file
 0:06:16 BattlEye Server: Player #3 Baxticus I Bróg (5.64.30.175:2309) connected
 0:06:16 Player Baxticus I Bróg connecting.
 0:06:18 BattlEye Server: Player #3 Baxticus I Bróg - BE GUID: db25ebd0a7276626f4051fa795bee27a
 0:06:24 Player Baxticus I Bróg connected (id=76561198085850880).
 0:06:24 BattlEye Server: Verified GUID (db25ebd0a7276626f4051fa795bee27a) of player #3 Baxticus I Bróg
 0:08:49 Player Rou Kowalski disconnected.
 0:08:49 BattlEye Server: Player #2 Rou Kowalski disconnected
 0:31:43 Player Baxticus I Bróg disconnected.
 0:31:43 BattlEye Server: Player #3 Baxticus I Bróg disconnected
 1:18:30 ANATOLI CHEJOV uses modified data file
 1:18:30 BattlEye Server: Player #2 ANATOLI CHEJOV (190.171.107.94:62725) connected
 1:18:30 Player ANATOLI CHEJOV connecting.
 1:18:35 BattlEye Server: Player #2 ANATOLI CHEJOV - BE GUID: a01f35e030c4464ff5b5e9c18ddf0195
 1:18:35 Player ANATOLI CHEJOV connected (id=76561198065774594).
 1:18:36 BattlEye Server: Verified GUID (a01f35e030c4464ff5b5e9c18ddf0195) of player #2 ANATOLI CHEJOV
 1:29:37 Player EGgamer disconnected.
 1:29:37 BattlEye Server: Player #0 EGgamer disconnected
 1:31:32 BattlEye Server: (Global) Vortex_14: gg m8
 1:31:53 BattlEye Server: (Global) Vortex_14: what did u use? artillery?
 1:33:53 Player Vortex_14 disconnected.
 1:33:53 BattlEye Server: Player #1 Vortex_14 disconnected
 1:37:11 Player ANATOLI CHEJOV disconnected.
 1:37:11 BattlEye Server: Player #2 ANA