21:01:33 BattlEye Server: Initialized (v1.217)
21:01:33 Host identity created.
21:01:33 Game Port: 2307, Steam Query Port: 2308
21:01:33 Mission A3Wasteland Altis v1.4c read from bank.
21:01:34 Roles assigned.
21:01:34 Reading mission ...
21:02:05 Mission read.
21:02:05 Game started.
21:04:33 Hemlock Kowalski uses modified data file
21:04:33 BattlEye Server: Player #0 Hemlock Kowalski (73.147.1.91:2304) connected
21:04:33 Player Hemlock Kowalski connecting.
21:04:34 BattlEye Server: Connected to BE Master
21:04:35 BattlEye Server: Player #0 Hemlock Kowalski - BE GUID: 0e50d5bc222746efa845806a2af0fed1
21:04:36 Player Hemlock Kowalski disconnected.
21:04:36 BattlEye Server: Player #0 Hemlock Kowalski disconnected
21:05:25 Hemlock Kowalski uses modified data file
21:05:25 BattlEye Server: Player #0 Hemlock Kowalski (73.147.1.91:2316) connected
21:05:25 Player Hemlock Kowalski connecting.
21:05:27 BattlEye Server: Player #0 Hemlock Kowalski - BE GUID: 0e50d5bc222746efa845806a2af0fed1
21:05:33 Player Hemlock Kowalski connected (id=76561198201473535).
21:05:33 BattlEye Server: Verified GUID (0e50d5bc222746efa845806a2af0fed1) of player #0 Hemlock Kowalski
21:51:30 ANATOLI CHEJOV uses modified data file
21:51:30 BattlEye Server: Player #1 ANATOLI CHEJOV (190.171.107.50:62725) connected
21:51:30 Player ANATOLI CHEJOV connecting.
21:51:34 BattlEye Server: Player #1 ANATOLI CHEJOV - BE GUID: a01f35e030c4464ff5b5e9c18ddf0195
21:51:35 Player ANATOLI CHEJOV connected (id=76561198065774594).
21:51:35 BattlEye Server: Verified GUID (a01f35e030c4464ff5b5e9c18ddf0195) of player #1 ANATOLI CHEJOV
21:57:09 BattlEye Server: (Group) ANATOLI CHEJOV: ok
21:57:29 BattlEye Server: (Group) ANATOLI CHEJOV: preparingmy selfforacouplemissions 
21:57:40 BattlEye Server: (Group) ANATOLI CHEJOV: any
21:58:18 BattlEye Server: (Group) ANATOLI CHEJOV: ok
21:58:21 BattlEye Server: (Group) ANATOLI CHEJOV: jajaja
21:58:31 BattlEye Server: (Group) ANATOLI CHEJOV: uonly have space for 15
22:00:05 BattlEye Server: (Group) ANATOLI CHEJOV: who
22:00:25 BattlEye Server: (Group) ANATOLI CHEJOV: ok
22:00:43 BattlEye Server: (Group) ANATOLI CHEJOV: youwere not onthe same team
22:00:48 BattlEye Server: (Group) ANATOLI CHEJOV: ashim right 
22:01:01 BattlEye Server: (Group) ANATOLI CHEJOV: that isthe team
22:01:30 BattlEye Server: (Group) ANATOLI CHEJOV: did yopui comehere to the base at anypoint 
22:01:51 BattlEye Server: (Group) ANATOLI CHEJOV: they do that to seethe spawnpionts
22:01:58 BattlEye Server: (Group) ANATOLI CHEJOV: mark them 
22:02:04 BattlEye Server: (Group) ANATOLI CHEJOV: and check themlater 
22:02:22 BattlEye Server: (Group) ANATOLI CHEJOV: never be ontghe same team  as those guysin thefuture 
22:02:25 BattlEye Server: (Group) ANATOLI CHEJOV: pls
22:02:37 BattlEye Server: (Group) ANATOLI CHEJOV: ifyou are by your self 
22:02:45 BattlEye Server: (Group) ANATOLI CHEJOV: goindie 
22:02:51 BattlEye Server: (Group) ANATOLI CHEJOV: goindependent 
22:03:03 BattlEye Server: (Group) ANATOLI CHEJOV: ok
22:04:04 BattlEye Server: (Group) ANATOLI CHEJOV: yeathey always going todo that 
22:04:18 BattlEye Server: (Group) ANATOLI CHEJOV: and they willsucide 
22:04:36 BattlEye Server: (Group) ANATOLI CHEJOV: that isforchecking the spawnpoints  
22:04:46 BattlEye Server: (Group) ANATOLI CHEJOV: sothey canhave raodfthere bases
22:05:01 BattlEye Server: (Group) ANATOLI CHEJOV: we can do that because of that 
22:05:05 BattlEye Server: (Group) ANATOLI CHEJOV: isa game
22:05:10 BattlEye Server: (Group) ANATOLI CHEJOV: after all 
22:05:27 BattlEye Server: (Group) ANATOLI CHEJOV: speaciallyin  apvpv milsim server
22:05:58 BattlEye Server: (Group) ANATOLI CHEJOV: just  becarefull if those guys do that jumpto another team 
22:06:31 BattlEye Server: (Group) ANATOLI CHEJOV: iknow  but is better that than tolose the base
22:06:39 BattlEye Server: (Group) ANATOLI CHEJOV: that woth millions in game
22:07:08 BattlEye Server: (Group) ANATOLI CHEJOV: no 
22:07:23 BattlEye Server: (Group) ANATOLI CHEJOV: because they will check spwanpoints 
22:07:32 BattlEye Server: (Group) ANATOLI CHEJOV: team shares spwm points 
22:07:41 BattlEye Server: (Group) ANATOLI CHEJOV: yes 
22:07:52 BattlEye Server: (Group) ANATOLI CHEJOV: because they klnow that u r always inmy team
22:12:04 BattlEye Server: (Group) ANATOLI CHEJOV: if you dont use themyouget lost that 
22:12:16 BattlEye Server: (Group) ANATOLI CHEJOV: that is toavoid people collectin things
22:12:44 BattlEye Server: (Group) ANATOLI CHEJOV: didyoubuy that 
22:12:49 BattlEye Server: (Group) ANATOLI CHEJOV: or youfound that 
22:13:03 BattlEye Server: (Group) ANATOLI CHEJOV: nocluesweetie 
22:13:31 BattlEye Server: (Group) ANATOLI CHEJOV: couldbe
22:27:32 BattlEye Server: (Group) ANATOLI CHEJOV: need a ride?
22:38:06 BattlEye Server: (Group) ANATOLI CHEJOV: the long oneis yours 
22:38:21 BattlEye Server: (Group) ANATOLI CHEJOV: grab any dont care 
22:38:57 BattlEye Server: (Group) ANATOLI CHEJOV: so they are the almost empy 
22:39:01 BattlEye Server: (Group) ANATOLI CHEJOV: thisone
22:39:19 BattlEye Server: (Group) ANATOLI CHEJOV: andthat one
22:39:35 BattlEye Server: (Group) ANATOLI CHEJOV: what 
22:39:44 BattlEye Server: (Group) ANATOLI CHEJOV: mission twoninvasion
22:40:14 BattlEye Server: (Group) ANATOLI CHEJOV: the crates in the roadare alwysalmost empty 
22:40:23 BattlEye Server: (Group) ANATOLI CHEJOV: mission crates are full
22:41:44 BattlEye Server: (Group) ANATOLI CHEJOV: yes
22:41:52 BattlEye Server: (Group) ANATOLI CHEJOV: that istrue 
22:43:20 BattlEye Server: (Group) ANATOLI CHEJOV: notown invation in charkia
22:45:36 BattlEye Server: (Group) ANATOLI CHEJOV: that good
22:46:07 BattlEye Server: (Group) ANATOLI CHEJOV: yes
22:46:27 BattlEye Server: (Group) ANATOLI CHEJOV: no
22:46:35 BattlEye Server: (Group) ANATOLI CHEJOV: prabla blyhe
22:47:22 BattlEye Server: (Group) ANATOLI CHEJOV: yes
22:47:52 BattlEye Server: (Group) ANATOLI CHEJOV: nice 
22:48:12 BattlEye Server: (Group) ANATOLI CHEJOV: u can sellvehiculs in any store
22:48:28 BattlEye Server: (Group) ANATOLI CHEJOV: isee
22:48:49 BattlEye Server: (Group) ANATOLI CHEJOV: yeadefenetely 
22:49:33 BattlEye Server: (Group) ANATOLI CHEJOV: thge base.locker
22:49:45 BattlEye Server: (Group) ANATOLI CHEJOV: that avoids  people fromraiding 
22:49:54 BattlEye Server: (Group) ANATOLI CHEJOV: 1million
22:50:08 BattlEye Server: (Group) ANATOLI CHEJOV: it is 
22:50:20 BattlEye Server: (Group) ANATOLI CHEJOV: thi base costmesofar 4.8millions
22:50:40 BattlEye Server: (Group) ANATOLI CHEJOV: not counting the vehicults in it 
22:50:54 BattlEye Server: (Group) ANATOLI CHEJOV: i vuyb the all
22:51:26 BattlEye Server: (Group) ANATOLI CHEJOV: im  doing it
22:51:32 BattlEye Server: (Group) ANATOLI CHEJOV: but takes times
22:52:12 BattlEye Server: (Group) ANATOLI CHEJOV: if you leave crates insiude vehiculs on server estaerty they get lost
22:53:02 BattlEye Server: (Group) ANATOLI CHEJOV: yes
22:53:14 BattlEye Server: (Group) ANATOLI CHEJOV: eactly
22:53:40 BattlEye Server: (Group) ANATOLI CHEJOV: no the baclenngine
22:54:52 BattlEye Server: (Group) ANATOLI CHEJOV: imgoing tobed also 
22:54:57 BattlEye Server: (Group) ANATOLI CHEJOV: yes is me 
22:55:02 BattlEye Server: (Group) ANATOLI CHEJOV: gn sweetie
22:55:09 BattlEye Server: (Group) ANATOLI CHEJOV: ok
22:56:15 Player ANATOLI CHEJOV disconnected.
22:56:15 BattlEye Server: Player #1 ANATOLI CHEJOV disconnected
23:10:58 Player Hemlock Kowalski disconnected.
23:10:58 BattlEye Server: Player #0 Hemlock Kowalski disconnected
 0:37:15 Rou Kowalski uses modified data file
 0:37:15 BattlEye Server: Player #0 Rou Kowalski (73.147.1.91:2309) connected
 0:37:15 Player Rou Kowalski connecting.
 0:37:18 BattlEye Server: Player #0 Rou Kowalski - BE GUID: 58cae163ea9d3a0ff8adde240b436737
 0:37:21 Player Rou Kowalski connected (id=76561198034110598).
 0:37:21 BattlEye Server: Verified GUID (58cae163ea9d3a0ff8adde240b436737) of player #0 Rou Kowalski
 1:16:14 Varluk uses modified data file
 1:16:14 BattlEye Server: Player #1 Varluk (188.170.74.96:34611) connected
 1:16:14 Player Varluk connecting.
 1:16:22 BattlEye Server: Player #1 Varluk - BE GUID: 40a5c124c81a14d4235b4453