 9:01:38 BattlEye Server: Initialized (v1.217)
 9:01:38 Host identity created.
 9:01:38 Game Port: 2307, Steam Query Port: 2308
 9:01:38 Mission A3Wasteland Altis v1.4c read from bank.
 9:01:40 Roles assigned.
 9:01:40 Reading mission ...
 9:02:12 Mission read.
 9:02:12 Game started.
 9:06:05 Mason uses modified data file
 9:06:05 BattlEye Server: Player #0 Mason (71.81.137.47:2309) connected
 9:06:05 Player Mason connecting.
 9:06:05 BattlEye Server: Connected to BE Master
 9:06:07 BattlEye Server: Player #0 Mason - BE GUID: 955d09b6e1dde9360ceebc2963df084d
 9:06:07 Player Mason connected (id=76561198026943270).
 9:06:07 BattlEye Server: Verified GUID (955d09b6e1dde9360ceebc2963df084d) of player #0 Mason
 9:19:09 High Alert Highlander  uses modified data file
 9:19:09 BattlEye Server: Player #1 High Alert Highlander  (190.171.107.63:62725) connected
 9:19:09 Player High Alert Highlander  connecting.
 9:19:11 BattlEye Server: Player #1 High Alert Highlander  - BE GUID: a01f35e030c4464ff5b5e9c18ddf0195
 9:19:14 Player High Alert Highlander  connected (id=76561198065774594).
 9:19:14 BattlEye Server: Verified GUID (a01f35e030c4464ff5b5e9c18ddf0195) of player #1 High Alert Highlander 
 9:19:28 Player High Alert Highlander  disconnected.
 9:19:28 BattlEye Server: Player #1 High Alert Highlander  disconnected
10:11:22 WhiskyTangoFoxy uses modified data file
10:11:22 BattlEye Server: Player #1 WhiskyTangoFoxy (68.209.125.150:2309) connected
10:11:22 Player WhiskyTangoFoxy connecting.
10:11:25 BattlEye Server: Player #1 WhiskyTangoFoxy - BE GUID: ccc3a0df36dbaafc41246bff61f93b24
10:11:25 Player WhiskyTangoFoxy connected (id=76561197994843275).
10:11:26 BattlEye Server: Verified GUID (ccc3a0df36dbaafc41246bff61f93b24) of player #1 WhiskyTangoFoxy
10:17:13 SgtMajPrivate uses modified data file
10:17:13 BattlEye Server: Player #2 SgtMajPrivate (73.93.167.13:2309) connected
10:17:13 Player SgtMajPrivate connecting.
10:17:15 BattlEye Server: Player #2 SgtMajPrivate - BE GUID: 4c2b9d687447cbad1213b89cfae82f46
10:17:16 Player SgtMajPrivate connected (id=76561198164565751).
10:17:16 BattlEye Server: Verified GUID (4c2b9d687447cbad1213b89cfae82f46) of player #2 SgtMajPrivate
10:18:42 High Alert Highlander  uses modified data file
10:18:42 BattlEye Server: Player #3 High Alert Highlander  (190.171.107.63:62725) connected
10:18:42 Player High Alert Highlander  connecting.
10:18:47 BattlEye Server: Player #3 High Alert Highlander  - BE GUID: a01f35e030c4464ff5b5e9c18ddf0195
10:18:49 Player High Alert Highlander  connected (id=76561198065774594).
10:18:49 BattlEye Server: Verified GUID (a01f35e030c4464ff5b5e9c18ddf0195) of player #3 High Alert Highlander 
10:27:47 BattlEye Server: (Group) High Alert Highlander : no
10:29:20 Admin logged in, player: High Alert Highlander , playerUID: 76561198065774594, IP: 192.168.0.10:2309.
10:30:10 Admin logged out, player: High Alert Highlander , playerUID: 76561198065774594, IP: 192.168.0.10:2309.
10:33:32 BattlEye Server: (Group) High Alert Highlander : yes
10:33:43 BattlEye Server: (Group) High Alert Highlander : hellyea
10:34:39 Admin logged in, player: High Alert Highlander , playerUID: 76561198065774594, IP: 192.168.0.10:2309.
10:35:08 Admin logged out, player: High Alert Highlander , playerUID: 76561198065774594, IP: 192.168.0.10:2309.
10:40:02 BattlEye Server: (Group) High Alert Highlander : it is i was desing forthechechenia wars 
10:40:12 BattlEye Server: (Group) High Alert Highlander : for croos mountais
10:40:52 BattlEye Server: (Group) High Alert Highlander : im working a a new server 
10:41:22 BattlEye Server: (Group) High Alert Highlander : isgoing to be also RHS  but WW2
10:41:34 BattlEye Server: (Group) High Alert Highlander : altis wasteland
10:42:24 BattlEye Server: (Group) High Alert Highlander : USA- rUSIA -GERMANY 
10:43:01 BattlEye Server: (Group) High Alert Highlander : no 
10:43:12 BattlEye Server: (Group) High Alert Highlander : black
10:46:16 BattlEye Server: (Group) High Alert Highlander : 40 slots server $20 dollars per month 
10:46:47 BattlEye Server: (Group) High Alert Highlander : no u do everything 
10:47:04 BattlEye Server: (Group) High Alert Highlander : some not that much 
10:47:44 Admin logged in, player: High Alert Highlander , playerUID: 76561198065774594, IP: 192.168.0.10:2309.
10:48:32 BattlEye Server: (Group) High Alert Highlander : yes
10:49:15 BattlEye Server: (Group) High Alert Highlander : yes
10:49:31 Admin logged out, player: High Alert Highlander , playerUID: 76561198065774594, IP: 192.168.0.10:2309.
10:50:31 BattlEye Server: (Group) High Alert Highlander : yes
10:50:38 BattlEye Server: (Group) High Alert Highlander : good
10:50:40 BattlEye Server: (Group) High Alert Highlander : yes
10:51:09 Admin logged in, player: High Alert Highlander , playerUID: 76561198065774594, IP: 192.168.0.10:2309.
10:51:38 Admin logged out, player: High Alert Highlander , playerUID: 76561198065774594, IP: 192.168.0.10:2309.
10:51:46 BattlEye Server: (Group) High Alert Highlander : dont know
10:56:01 BattlEye Server: (Group) High Alert Highlander : im in main battle tank
10:57:11 Admin logged in, player: SgtMajPrivate, playerUID: 76561198164565751, IP: 192.168.0.11:2309.
10:58:28 BattlEye Server: (Global) High Alert Highlander : REALLY SARG !!!!
10:58:50 BattlEye Server: (Global) High Alert Highlander : jajajaja
11:00:43 BattlEye Server: (Global) High Alert Highlander : yes
11:04:20 BattlEye Server: (Group) High Alert Highlander : dk
11:04:44 BattlEye Server: (Global) WhiskyTangoFoxy: but I dont need $$?
11:12:04 BattlEye Server: (Group) High Alert Highlander : did u complete that 
11:12:07 BattlEye Server: (Group) High Alert Highlander : mission 
11:12:10 BattlEye Server: (Group) High Alert Highlander : ok
11:15:02 BattlEye Server: (Global) SgtMajPrivate: nice
11:15:19 BattlEye Server: (Global) High Alert Highlander : jajaja
11:15:23 BattlEye Server: (Global) High Alert Highlander : mymission
11:15:47 BattlEye Server: (Global) High Alert Highlander : u owm me from yesterday 
11:16:36 BattlEye Server: (Global) SgtMajPrivate: copy that
11:16:46 BattlEye Server: (Global) SgtMajPrivate: didn't think we were going to pvp, but ok
11:16:56 BattlEye Server: (Global) High Alert Highlander : jump in discord bro
11:17:15 BattlEye Server: (Global) High Alert Highlander : i didth know that also
11:17:18 BattlEye Server: (Global) SgtMajPrivate: do you have a mic
11:17:26 BattlEye Server: (Global) High Alert Highlander : i can haer 
11:17:29 BattlEye Server: (Global) High Alert Highlander : hear 
11:17:40 BattlEye Server: (Global) High Alert Highlander : ok no pvp it is 
11:17:46 BattlEye Server: (Global) SgtMajPrivate: eh, i'm actualy just doing some testing
11:18:00 BattlEye Server: (Global) High Alert Highlander : shit next timeletmeknow 
11:18:04 BattlEye Server: (Global) High Alert Highlander : sorry 
11:18:04 Player WhiskyTangoFoxy disconnected.
11:18:04 BattlEye Server: Player #1 WhiskyTangoFoxy disconnected
11:18:10 BattlEye Server: (Global) SgtMajPrivate: its all good dude
11:22:57 BattlEye Server: (Global) High Alert Highlander : imin heli armed
11:23:44 BattlEye Server: (Global) High Alert Highlander : im here
11:24:04 BattlEye Server: (Global) High Alert Highlander : imin heliarmed
11:26:45 BattlEye Server: (Global) High Alert Highlander : yes\
11:27:16 BattlEye Server: (Global) High Alert Highlander : no
11:27:36 BattlEye Server: (Global) High Alert Highlander : is mine 
11:27:51 BattlEye Server: (Group) High Alert Highlander : it is 
11:28:15 BattlEye Server: (Group) High Alert Highlander : yes
11:30:41 BattlEye Server: (Global) High Alert Highlander : what sarg  dont hear u 
11:31:00 BattlEye Server: (Global) SgtMajPrivate: testing
11:31:04 BattlEye Server: (Global) SgtMajPrivate: button
11:34:24 BattlEye Server: (Global) High Alert Highlander : yes
11:46:32 BattlEye Server: (Group) High Alert Highlander : depend
11:46:39 BattlEye Server: (Group) High Alert Highlander : ifimpvpor not
11:49:11 BattlEye Server: (Group) High Alert Highlander : yes
11:49:54 BattlEye Server: (Group) Mason: HE
11:49:55 BattlEye Server: (Group) High Alert Highlander : heat
11:50:30 BattlEye Server: (Group) High Ale