15:01:38 BattlEye Server: Initialized (v1.217)
15:01:38 Host identity created.
15:01:38 Game Port: 2307, Steam Query Port: 2308
15:01:38 Mission A3Wasteland Altis v1.4c read from bank.
15:01:40 Roles assigned.
15:01:40 Reading mission ...
15:02:11 Mission read.
15:02:12 Game started.
15:02:31 Mason uses modified data file
15:02:31 BattlEye Server: Player #0 Mason (71.81.137.47:2309) connected
15:02:31 Player Mason connecting.
15:02:31 BattlEye Server: Connected to BE Master
15:02:33 BattlEye Server: Player #0 Mason - BE GUID: 955d09b6e1dde9360ceebc2963df084d
15:02:33 Player Mason connected (id=76561198026943270).
15:02:33 BattlEye Server: Verified GUID (955d09b6e1dde9360ceebc2963df084d) of player #0 Mason
15:07:26 BR1_Bandit uses modified data file
15:07:26 BattlEye Server: Player #1 BR1_Bandit (134.41.96.129:2309) connected
15:07:26 Player BR1_Bandit connecting.
15:07:28 BattlEye Server: Player #1 BR1_Bandit - BE GUID: 8a701e7029ec21d8e45677830a84af43
15:07:28 Player BR1_Bandit connected (id=76561198151022635).
15:07:28 BattlEye Server: Verified GUID (8a701e7029ec21d8e45677830a84af43) of player #1 BR1_Bandit
15:16:40 Thirstymidget28 uses modified data file
15:16:40 BattlEye Server: Player #2 Thirstymidget28 (75.139.252.78:2304) connected
15:16:40 Player Thirstymidget28 connecting.
15:16:42 BattlEye Server: Player #2 Thirstymidget28 - BE GUID: bb743794d1d57bb87d177d62b9e83b24
15:16:42 Player Thirstymidget28 connected (id=76561198074363661).
15:16:42 BattlEye Server: Verified GUID (bb743794d1d57bb87d177d62b9e83b24) of player #2 Thirstymidget28
15:16:42 Player Thirstymidget28 disconnected.
15:16:43 BattlEye Server: Player #2 Thirstymidget28 disconnected
15:52:17 High Alert Highlander  uses modified data file
15:52:18 BattlEye Server: Player #2 High Alert Highlander  (190.171.107.63:62725) connected
15:52:18 Player High Alert Highlander  connecting.
15:52:22 BattlEye Server: Player #2 High Alert Highlander  - BE GUID: a01f35e030c4464ff5b5e9c18ddf0195
15:52:25 Player High Alert Highlander  connected (id=76561198065774594).
15:52:25 BattlEye Server: Verified GUID (a01f35e030c4464ff5b5e9c18ddf0195) of player #2 High Alert Highlander 
15:54:59 BattlEye Server: (Side) High Alert Highlander : hi guys 
15:55:21 BattlEye Server: (Side) Mason: hi
15:55:31 BattlEye Server: (Side) High Alert Highlander : my mic dosent work 
15:56:00 BattlEye Server: (Side) High Alert Highlander : mason didyour figure out how your base work 
15:56:33 BattlEye Server: (Side) Mason: yes thank you
15:56:35 BattlEye Server: (Side) High Alert Highlander : the thing is the the stupid discrod dond have sound if your mic dont work 
15:56:55 BattlEye Server: (Side) High Alert Highlander : i dont have speakers 
15:57:00 BattlEye Server: (Side) High Alert Highlander : i have a heat set 
15:57:15 BattlEye Server: (Side) High Alert Highlander : on the game there is no problem
15:57:38 BattlEye Server: (Side) High Alert Highlander : is the stupid discord  team speakdont have that issue 
15:57:52 BattlEye Server: (Side) High Alert Highlander : wtf 
15:58:33 BattlEye Server: (Side) High Alert Highlander : you got to talk to  sarg he didsomething tothepbofileinthelast update 
15:58:40 BattlEye Server: (Side) High Alert Highlander : that is cuasing thiosproblem
15:59:17 BattlEye Server: (Side) High Alert Highlander : yes 
15:59:44 BattlEye Server: (Side) High Alert Highlander : they are at 100%  acurracy  80% tactics 
16:00:12 BattlEye Server: (Side) High Alert Highlander : yea i said that to sarg 
16:00:31 BattlEye Server: (Side) High Alert Highlander : is incredible that they killyou with a 5.56
16:00:59 BattlEye Server: (Side) High Alert Highlander : dude they have kill me at 800mts 
16:01:07 BattlEye Server: (Side) High Alert Highlander : with a 5.56
16:01:21 BattlEye Server: (Side) High Alert Highlander : yea he will 
16:01:25 BattlEye Server: (Side) High Alert Highlander : heknows alñready 
16:02:27 BattlEye Server: (Side) High Alert Highlander : thats why i learn to shoot at more than1 clickaway 
16:02:57 BattlEye Server: (Side) High Alert Highlander : is ramdom
16:03:05 BattlEye Server: (Side) High Alert Highlander : everything is ramdom
16:03:22 BattlEye Server: (Side) High Alert Highlander : there is 6 types ofcrates ramdomlu choose for themissions 
16:03:40 BattlEye Server: (Side) High Alert Highlander : so is amatter of luck 
16:04:01 Admin logged in, player: High Alert Highlander , playerUID: 76561198065774594, IP: 192.168.0.10:2309.
16:04:26 Player High Alert Highlander  disconnected.
16:04:26 BattlEye Server: Player #2 High Alert Highlander  disconnected
16:04:26 Admin logged out, player: High Alert Highlander , playerUID: 76561198065774594, IP: 192.168.0.10:2309.
16:07:53 High Alert Highlander  uses modified data file
16:07:53 BattlEye Server: Player #2 High Alert Highlander  (190.171.107.63:62725) connected
16:07:53 Player High Alert Highlander  connecting.
16:07:58 BattlEye Server: Player #2 High Alert Highlander  - BE GUID: a01f35e030c4464ff5b5e9c18ddf0195
16:08:01 Player High Alert Highlander  connected (id=76561198065774594).
16:08:01 BattlEye Server: Verified GUID (a01f35e030c4464ff5b5e9c18ddf0195) of player #2 High Alert Highlander 
16:09:45 Admin logged in, player: High Alert Highlander , playerUID: 76561198065774594, IP: 192.168.0.10:2309.
16:10:35 KSK Mr Turlte555 uses modified data file
16:10:35 BattlEye Server: Player #3 KSK Mr Turlte555 (107.137.165.47:2309) connected
16:10:35 Player KSK Mr Turlte555 connecting.
16:10:38 BattlEye Server: Player #3 KSK Mr Turlte555 - BE GUID: 03f2264f73c45f636bc5cf167abaa20d
16:10:39 Player KSK Mr Turlte555 connected (id=76561198184113991).
16:10:39 BattlEye Server: Verified GUID (03f2264f73c45f636bc5cf167abaa20d) of player #3 KSK Mr Turlte555
16:10:57 BattlEye Server: (Side) High Alert Highlander : lol u were right 
16:11:03 BattlEye Server: (Side) High Alert Highlander : it wasmy settings 
16:11:09 BattlEye Server: (Side) High Alert Highlander : i canhear you 
16:12:56 Player KSK Mr Turlte555 disconnected.
16:12:56 BattlEye Server: Player #3 KSK Mr Turlte555 disconnected
16:13:15 BattlEye Server: (Group) Mason: where do i reload a motor? vehicle store?
16:14:19 Player BR1_Bandit disconnected.
16:14:19 BattlEye Server: Player #1 BR1_Bandit disconnected
16:14:38 KSK Mr Turlte555 uses modified data file
16:14:38 BattlEye Server: Player #3 KSK Mr Turlte555 (107.137.165.47:2309) connected
16:14:38 Player KSK Mr Turlte555 connecting.
16:14:40 BattlEye Server: Player #3 KSK Mr Turlte555 - BE GUID: 03f2264f73c45f636bc5cf167abaa20d
16:14:40 Player KSK Mr Turlte555 connected (id=76561198184113991).
16:14:40 BattlEye Server: Verified GUID (03f2264f73c45f636bc5cf167abaa20d) of player #3 KSK Mr Turlte555
16:18:49 BattlEye Server: (Side) High Alert Highlander : enter
16:19:41 BattlEye Server: (Group) High Alert Highlander : udo now 
16:20:58 BattlEye Server: (Group) High Alert Highlander : yes
16:21:06 BattlEye Server: (Group) High Alert Highlander : pls}
16:21:42 BattlEye Server: (Group) High Alert Highlander : oh shit that is a nice hideout 
16:22:06 BattlEye Server: (Group) High Alert Highlander : in the middle of no where
16:22:52 BattlEye Server: (Group) High Alert Highlander : pp2000
16:22:58 BattlEye Server: (Group) High Alert Highlander : thermal scope
16:23:03 BattlEye Server: (Group) High Alert Highlander : x4
16:23:17 BattlEye Server: (Group) High Alert Highlander : 44 bullets clip
16:24:20 Henry uses modified data file
16:24:20 BattlEye Server: Player #4 Henry (50.24.90.35:2304) connected
16:24:20 Player Henry connecting.
16:24:22 BattlEye Server: Player #4 Henry - BE GUID: 1738795b3de790cfb52f2263540aeafb
16:24:22 Player Henry connected (id=76561198062580548).
16:24:22 BattlEye Server: Verified GUID (1738795b3de790cfb52f2263540aeafb) of player #4 Henry
16:24:53 BattlEye Server: (Group) High Alert Highlander : that should helpufornow 
16:25:25 Officer Ed Powell uses modified data file
16:25:25 BattlEye Server: Player #5 Officer Ed Powell (77.102.117.172:2309) connected
16:25:25 Player Officer Ed Powell connecting.
16:25:28 BattlEye Server: Player #5 Officer Ed Powell - BE GUID: d443a863c81563bbc82f792c1b7bd4c8
16:25:28 Player Officer Ed Powell connected (id=76561198028859586).
16:25:28 BattlEye Server: Verified GUID (d443a863c81563bbc82f792c1b7bd4c8) of player #5 Officer Ed Powell
16:27:03 Trans-fights uses modified data file
16:27:03 BattlEye Server: Player #6 Trans-fights (72.79.209.195:2309) connected
16:27:03 Player Trans-fights connecting.
16:27:05 BattlEye Server: Player #6 Trans-fights - BE GUID: 5963ef09c03283890a08815e3b3b11f6
16:27:06 Player Trans-fights connected (id=76561198275319572).
16:27:06 BattlEye Server: Verified GUID (5963ef09c03283890a08815e3b3b11f6) of player #6 Trans-fights
16:27:18 BattlEye Server: (Side) High Alert Highlander : thksmason
16:27:51 BattlEye Server: (Side) High Alert Highlander : wehave an indie
16:29:34 BattlEye Server: (Group) Henry: theyre near you
16:29:48 BattlEye Server: (Group) Officer Ed Powell: i had a hatchback but i guess i forgot to save it
16:30:08 BattlEye Server: (Group) Henry: lets make a base
16:30:16 BattlEye Server: (Group) Officer Ed Powell: the launcher crate is gone :(
16:30:24 BattlEye Server: (Global) Henry: are  you really the admin?
16:30:26 BattlEye Server: (Group) Officer Ed Powell: guess they dont survive restarts
16:30:55 BattlEye Server: (Group) Officer Ed Powell: theres players here
16:30:56 BattlEye Server: (Group) Henry: the store sells lockers
16:31:12 BattlEye Server: (Group) Officer Ed Powell: 2 players
16:31:31 BattlEye Server: (Global) Henry: anyone know how often the server wipes?
16:31:56 BattlEye Server: (Global) Trans-fights: every hour
16:32:06 BattlEye Server: (Global) Henry: even bases?
16:32:09 BattlEye Server: (Global) Trans-fights: sure
16:32:36 BattlEye Server: (Side) Trans-fights: can anyone donate me cash? Im new
16:32:37 BattlEye Server: (Global) Henry: then why even bother?!
16:33:26 BattlEye Server: (Side) High Alert Highlander : i have company 
16:33:53 BattlEye Server: (Side) High Alert Highlander : help
16:34:00 BattlEye Server: (Side) Trans-fights: wehere
16:34:19 BattlEye Server: (Side) High Alert Highlander : realindies }
16:34:33 BattlEye Server: (Group) Henry: n1
16:34:42 BattlEye Server: (Side) Trans-fights: cuz i wasnt in 1st
16:35:02 BattlEye Server: (Group) Henry: lmao
16:35:07 BattlEye Server: (Group) Officer Ed Powell: theres 1 more here
16:35:27 BattlEye Server: (Group) Officer Ed Powell: can you come?
16:35:35 BattlEye Server: (Group) Officer Ed Powell: they rpolly have a beacon
16:35:36 BattlEye Server: (Group) Henry: werkin on it
16:35:36 BattlEye Server: (Side) High Alert Highlander : hereonme
16:36:09 BattlEye Server: (Side) High Alert Highlander : onme 
16:36:31 BattlEye Server: (Side) High Alert Highlander : onme
16:36:37 BattlEye Server: (Side) High Alert Highlander : samebuilding 
16:37:09 BattlEye Server: (Side) High Alert Highlander : just do it 
16:37:32 BattlEye Server: (Side) Trans-fights: coming
16:37:32 BattlEye Server: (Group) Officer Ed Powell: gotem
16:37:58 BattlEye Server: (Group) Henry: gratz, you killed that admin
16:38:11 BattlEye Server: (Group) Officer Ed Powell: looks like theyre annoyed
16:38:20 BattlEye Server: (Group) Officer Ed Powell: building just got blown up
16:38:33 BattlEye Server: (Side) Trans-fights: wtf
16:38:55 BattlEye Server: (Group) Henry: beacon i guess
16:39:02 BattlEye Server: (Group) Henry: 5min CD i think
16:39:36 BattlEye Server: (Side) High Alert Highlander : he is going to gravia
16:40:04 BattlEye Server: (Group) Officer Ed Powell: pretty sure theyre hacking in vehicles
16:40:21 BattlEye Server: (Group) Officer Ed Powell: care at airfield
16:40:30 BattlEye Server: (Side) High Alert Highlander : this shit is personal now that guy uis mine
16:41:00 BattlEye Server: (Group) Henry: para
16:41:03 BattlEye Server: (Side) High Alert Highlander : turtle he is close tiou
16:41:06 BattlEye Server: (Group) Officer Ed Powell: they have a beacon down
16:41:10 BattlEye Server: (Side) High Alert Highlander : to your left 
16:41:15 BattlEye Server: (Group) Officer Ed Powell: 2 paras
16:42:06 BattlEye Server: (Side) Trans-fights: gihlander
16:42:09 BattlEye Server: (Side) Trans-fights: high
16:42:33 BattlEye Server: (Global) Officer Ed Powell: yo
16:42:39 BattlEye Server: (Global) Officer Ed Powell: you guys down for a truce?
16:42:50 BattlEye Server: (Global) Trans-fights: no
16:43:00 BattlEye Server: (Global) Officer Ed Powell: you sure?
16:43:04 BattlEye Server: (Global) Officer Ed Powell: this is a bit intense
16:43:06 BattlEye Server: (Global) Trans-fights: yup
16:43:22 BattlEye Server: (Global) High Alert Highlander : u rmine 
16:43:36 BattlEye Server: (Global) Mason: and mine
16:43:53 BattlEye Server: (Side) Trans-fights: where is hew
16:44:14 BattlEye Server: (Global) KSK Mr Turlte555: Im not gonna say your mine cause thats kinda rapee so your gonna die
16:44:31 BattlEye Server: (Global) High Alert Highlander : wach my marks 
16:44:51 BattlEye Server: (Group) High Alert Highlander : checkalways thefreaking mapguys 
16:44:52 BattlEye Server: (Global) Trans-fights: asshole
16:44:55 BattlEye Server: (Global) Officer Ed Powell: how about that truce?
16:44:58 BattlEye Server: (Group) High Alert Highlander : mymarks 
16:44:59 BattlEye Server: (Global) Trans-fights: no lol
16:45:30 BattlEye Server: (Side) Trans-fights: marked on map
16:45:33 BattlEye Server: (Side) Trans-fights: ksk
16:46:04 BattlEye Server: (Side) Trans-fights: see him?
16:46:20 BattlEye Server: (Side) Trans-fights: dont come for me
16:46:31 BattlEye Server: (Global) Officer Ed Powell: gg
16:46:37 BattlEye Server: (Direct) KSK Mr Turlte555: ????Wx
16:46:41 BattlEye Server: (Side) Trans-fights: ok he ded
16:46:42 BattlEye Server: (Global) High Alert Highlander : gg 
16:46:50 BattlEye Server: (Side) Trans-fights: ty
16:47:01 BattlEye Server: (Side) Trans-fights: iot hurtttttts
16:47:18 BattlEye Server: (Global) Officer Ed Powell: not fair tbh
16:47:18 BattlEye Server: (Global) Trans-fights: rekt
16:47:26 BattlEye Server: (Global) Officer Ed Powell: didnt even have a loaded gun
16:47:29 BattlEye Server: (Global) Trans-fights: hahahaha
16:48:07 BattlEye Server: (Global) Officer Ed Powell: how many of you are there? jesus
16:48:15 BattlEye Server: (Global) Trans-fights: 2
16:48:26 BattlEye Server: (Global) Officer Ed Powell: that doesnt add up
16:48:28 BattlEye Server: (Global) Officer Ed Powell: at least 4
16:48:33 BattlEye Server: (Global) Trans-fights: 3
16:48:34 BattlEye Server: (Global) Trans-fights: lol
16:48:36 BattlEye Server: (Group) High Alert Highlander : .60k
16:50:16 BattlEye Server: (Group) High Alert Highlander : he is here
16:50:22 BattlEye Server: (Group) High Alert Highlander : this building 
16:51:08 BattlEye Server: (Group) High Alert Highlander : he isonm,e
16:51:18 BattlEye Server: (Global) Officer Ed Powell: :)
16:52:25 BattlEye Server: (Group) High Alert Highlander : he  is there now
16:52:49 BattlEye Server: (Global) Officer Ed Powell: you got your admin hacks going or nah?
16:52:49 BattlEye Server: (Global) Henry: why you gotta admin hack?
16:52:54 BattlEye Server: (Global) Henry: iz just game
16:52:55 BattlEye Server: (Global) Officer Ed Powell: kek
16:53:06 BattlEye Server: (Group) High Alert Highlander : new mark
16:53:10 BattlEye Server: (Side) Trans-fights: WHO ADMIN HACKED?
16:53:13 BattlEye Server: (Group) High Alert Highlander : checkmap
16:53:47 BattlEye Server: (Global) Officer Ed Powell: yo admin can we get some thunderstorms going?
16:53:56 BattlEye Server: (Global) Trans-fights: do it
16:54:08 BattlEye Server: (Global) Henry: ffs
16:54:25 BattlEye Server: (Global) Henry: admins got zeus open in another screen
16:54:33 BattlEye Server: (Global) Trans-fights: HOWU KNOW?
16:54:53 BattlEye Server: (Global) Officer Ed Powell: hes stream sniping him
16:55:04 BattlEye Server: (Global) Trans-fights: WHO?
16:55:14 BattlEye Server: (Global) Officer Ed Powell: henry
16:55:25 BattlEye Server: (Global) Trans-fights: using admin powers?
16:55:29 BattlEye Server: (Global) Officer Ed Powell: hes a notorious stream sniper
16:55:37 BattlEye Server: (Group) High Alert Highlander : he ismine 
16:55:58 BattlEye Server: (Group) High Alert Highlander : mark
16:56:18 BattlEye Server: (Global) Henry: ok, fuck your server buddy
16:56:23 BattlEye Server: (Side) Trans-fights: howd u do that high alert?
16:56:24 BattlEye Server: (Group) High Alert Highlander : artellery strike
16:56:38 BattlEye Server: (Global) Trans-fights: what he do
16:57:09 BattlEye Server: (Side) Trans-fights: yo high alert
16:57:33 BattlEye Server: (Side) High Alert Highlander : yes
16:57:40 BattlEye Server: (Side) Trans-fights: u fuckin wit him? lmao
16:58:26 BattlEye Server: (Group) High Alert Highlander : imto far 
16:59:14 Player Henry disconnected.
16:59:14 BattlEye Server: Player #4 Henry disconnected
16:59:19 BattlEye Server: (Side) Trans-fights: LOL"
16:59:32 Player Officer Ed Powell disconnected.
16:59:32 BattlEye Server: Player #5 Officer Ed Powell disconnected
16:59:41 BattlEye Server: (Side) Trans-fights: hahah
17:00:30 BattlEye Server: (Side) Trans-fights: wohhh
17:00:46 BattlEye Server: (Group) Trans-fights: yo
17:03:07 Player KSK Mr Turlte555 disconnected.
17:03:07 BattlEye Server: Player #3 KSK Mr Turlte555 disconnected
17:03:32 BattlEye Server: (Group) High Alert Highlander : yes
17:03:44 BattlEye Server: (Group) High Alert Highlander : service 
17:03:55 BattlEye Server: (Group) High Alert Highlander : VS 
17:10:59 BattlEye Server: (Group) High Alert Highlander : YES
17:13:50 BattlEye Server: (Group) Trans-fights: someone donate me 1mil
17:14:44 BattlEye Server: (Group) High Alert Highlander : OKIMREADY }
17:14:56 BattlEye Server: (Group) High Alert Highlander :  ok im redy 
17:15:14 BattlEye Server: (Group) Trans-fights: donate :D
17:15:47 BattlEye Server: (Group) High Alert Highlander : jajajaja
17:15:53 BattlEye Server: (Group) High Alert Highlander : sorry 
17:16:18 BattlEye Server: (Group) High Alert Highlander : trans in a jet 
17:16:50 BattlEye Server: (Group) High Alert Highlander : yea
17:17:09 BattlEye Server: (Group) High Alert Highlander : i like this outfit 
17:17:16 BattlEye Server: (Group) High Alert Highlander : yea
17:17:28 BattlEye Server: (Group) High Alert Highlander : right 
17:17:46 BattlEye Server: (Group) High Alert Highlander : that guy left ina  rage quit 
17:18:08 BattlEye Server: (Group) High Alert Highlander : yea 
17:18:12 BattlEye Server: (Group) High Alert Highlander : and it was u 
17:18:42 BattlEye Server: (Group) High Alert Highlander : i was just wacing him from abiove 
17:19:25 BattlEye Server: (Group) High Alert Highlander : iseethem
17:19:31 BattlEye Server: (Group) High Alert Highlander : 1.3
17:19:40 BattlEye Server: (Group) High Alert Highlander : let me take them
17:22:56 BattlEye Server: (Group) High Alert Highlander : got thme
17:23:05 BattlEye Server: (Group) High Alert Highlander : yea 
17:23:26 BattlEye Server: (Group) High Alert Highlander : people hate me because of those shoots 
17:24:12 BattlEye Server: (Group) High Alert Highlander : dude sniper ghost  the other admin  is amaster 
17:24:22 BattlEye Server: (Group) High Alert Highlander : he cankill at 2 click distance 
17:24:29 BattlEye Server: (Group) High Alert Highlander : that i cant 
17:24:32 clb uses modified data file
17:24:32 BattlEye Server: Player #7 clb (76.214.173.36:2304) connected
17:24:32 Player clb connecting.
17:24:34 BattlEye Server: Player #7 clb - BE GUID: a24008412cbeb1a96efd2075a67c5912
17:24:34 Player clb connected (id=76561198797579012).
17:24:34 BattlEye Server: Verified GUID (a24008412cbeb1a96efd2075a67c5912) of player #7 clb
17:24:35 Player clb disconnected.
17:24:35 BattlEye Server: Player #7 clb disconnected
17:24:42 BattlEye Server: (Group) High Alert Highlander : no
17:24:48 BattlEye Server: (Group) High Alert Highlander : u take it 
17:25:29 BattlEye Server: (Group) High Alert Highlander : twokilometers 
17:25:54 BattlEye Server: (Group) Trans-fights: cyrus
17:25:57 BattlEye Server: (Group) Trans-fights: lynx
17:26:01 BattlEye Server: (Group) High Alert Highlander : correct 
17:26:05 BattlEye Server: (Group) Trans-fights: mar 
17:26:19 BattlEye Server: (Group) High Alert Highlander : lrps
17:26:46 BattlEye Server: (Group) High Alert Highlander : he was the one who teachme
17:27:19 BattlEye Server: (Group) High Alert Highlander : 1.4 is the longest i can hit right now 
17:27:28 BattlEye Server: (Group) High Alert Highlander : 1.5 is just to damn dificult 
17:27:52 BattlEye Server: (Side) Trans-fights: WOW
17:28:00 BattlEye Server: (Group) High Alert Highlander : yea
17:28:08 BattlEye Server: (Group) High Alert Highlander : just look ahighspot 
17:29:12 BattlEye Server: (Group) High Alert Highlander : i try on the  VR but 
17:29:19 BattlEye Server: (Group) High Alert Highlander : is dificult 
17:30:06 BattlEye Server: (Group) High Alert Highlander : yea
17:30:08 BattlEye Server: (Side) Trans-fights: im doing shipment
17:30:42 BattlEye Server: (Group) High Alert Highlander : ok
17:32:06 BattlEye Server: (Group) Trans-fights: spawn me some money highlander :DDD
17:32:10 BattlEye Server: (Group) High Alert Highlander : ilikeit 
17:32:38 BattlEye Server: (Group) High Alert Highlander : i give u 250 k u already spend that 
17:32:47 BattlEye Server: (Group) High Alert Highlander : need to dosomemissions
17:32:47 BattlEye Server: (Group) Trans-fights: OH didnt know it was u
17:33:12 BattlEye Server: (Group) High Alert Highlander : i dont spwn things 
17:33:25 BattlEye Server: (Group) High Alert Highlander : is always frommy wallet 
17:33:36 BattlEye Server: (Group) Trans-fights: damn, well thanks m8
17:34:15 Player Trans-fights disconnected.
17:34:15 BattlEye Server: Player #6 Trans-fights disconnected
17:36:38 BattlEye Server: (Group) High Alert Highlander : kalithea
17:39:24 BattlEye Server: (Group) High Alert Highlander : the problem with the 1.5 shoots is the bullet drop
17:39:45 BattlEye Server: (Group) High Alert Highlander : yes }
17:40:06 BattlEye Server: (Group) High Alert Highlander : correct {
17:40:44 BattlEye Server: (Group) High Alert Highlander : yes 
17:40:52 BattlEye Server: (Group) High Alert Highlander : yes 
17:41:05 BattlEye Server: (Group) High Alert Highlander : yes u can 
17:41:19 BattlEye Server: (Group) High Alert Highlander : i will  teach u how 
17:43:51 BattlEye Server: (Group) High Alert Highlander : sicily 
17:44:00 BattlEye Server: (Group) High Alert Highlander : yea
17:44:50 BattlEye Server: (Group) High Alert Highlander : shit 
17:44:54 BattlEye Server: (Group) High Alert Highlander : yea
17:46:13 BattlEye Server: (Group) High Alert Highlander : long way running 
17:47:53 BattlEye Server: (Group) High Alert Highlander : yea
17:48:02 Trans-fights uses modified data file
17:48:02 BattlEye Server: Player #3 Trans-fights (72.79.209.195:2309) connected
17:48:02 Player Trans-fights connecting.
17:48:10 BattlEye Server: Player #3 Trans-fights - BE GUID: 5963ef09c03283890a08815e3b3b11f6
17:48:10 Player Trans-fights connected (id=76561198275319572).
17:48:10 BattlEye Server: Verified GUID (5963ef09c03283890a08815e3b3b11f6) of player #3 Trans-fights
17:48:28 BattlEye Server: (Group) High Alert Highlander : yea 
17:50:06 BattlEye Server: (Group) High Alert Highlander : they are located between mountains 
17:50:37 BattlEye Server: (Group) High Alert Highlander : yea
17:51:05 BattlEye Server: (Group) High Alert Highlander : ok{
17:52:14 BattlEye Server: (Group) High Alert Highlander : dude the crate explote 
17:52:49 BattlEye Server: (Group) High Alert Highlander : they disapair 
17:54:09 BattlEye Server: (Side) High Alert Highlander : trans if you ned to gear up come here
17:54:23 BattlEye Server: (Side) Trans-fights: where?
17:54:29 BattlEye Server: (Side) High Alert Highlander : where we r
17:54:33 BattlEye Server: (Side) Trans-fights: store?
17:54:50 BattlEye Server: (Side) Trans-fights: what gear u got there
17:55:30 BattlEye Server: (Side) High Alert Highlander : there is allot of ai boddies that u can check 
17:56:38 BattlEye Server: (Side) High Alert Highlander : what ?
17:56:49 BattlEye Server: (Side) High Alert Highlander : yes
17:56:57 BattlEye Server: (Side) High Alert Highlander : and im sick 
17:57:01 BattlEye Server: (Side) High Alert Highlander : flu 
17:57:12 BattlEye Server: (Side) High Alert Highlander : yea
17:57:42 BattlEye Server: (Side) High Alert Highlander : yea
17:58:51 BattlEye Server: (Side) High Alert Highlander : dude weather here is changing drastacaly 
17:59:03 BattlEye Server: (Side) High Alert Highlander : bioth 
17:59:07 BattlEye Server: (Side) High Alert Highlander : u never know 
17:59:15 BattlEye Server: (Side) High Alert Highlander : morning cold
17:59:32 BattlEye Server: (Side) High Alert Highlander : afternoon and noon  freaking hot as hell 
17:59:40 BattlEye Server: (Side) High Alert Highlander : nights back tocold
17:59:57 BattlEye Server: (Side) High Alert Highlander : your body can just take somuch 
18:00:23 BattlEye Server: (Side) High Alert Highlander : it is
18:00:46 BattlEye Server: (Side) High Alert Highlander : imnot planning to goout from hope the holemotng 
18:01:03 daniel uses modified data file
18:01:03 BattlEye Server: Player #4 daniel (68.184.240.248:2304) connected
18:01:03 Player daniel connecting.
18:01:05 BattlEye Server: Player #4 daniel - BE GUID: d59e4596f4bc5334e77dc65c76e64cba
18:01:05 Player daniel connected (id=76561198128097329).
18:01:05 BattlEye Server: Verified GUID (d59e4596f4bc5334e77dc65c76e64cba) of player #4 daniel
18:01:06 Player daniel disconnected.
18:01:06 BattlEye Server: Player #4 daniel disconnected
18:01:11 BattlEye Server: (Side) High Alert Highlander : the worldcupstarts and every day are games 
18:01:50 BattlEye Server: (Side) High Alert Highlander : 8 games per day 
18:01:56 BattlEye Server: (Side) High Alert Highlander : one month 
18:02:05 BattlEye Server: (Side) High Alert Highlander : fifa world cup
18:02:23 BattlEye Server: (Side) High Alert Highlander : germany 
18:02:30 BattlEye Server: (Side) High Alert Highlander : brazil 
18:02:34 BattlEye Server: (Side) High Alert Highlander : argentina 
18:02:40 BattlEye Server: (Side) High Alert Highlander : portugal 
18:02:44 BattlEye Server: (Side) High Alert Highlander : england 
18:02:50 BattlEye Server: (Side) High Alert Highlander : irland 
18:03:00 BattlEye Server: (Side) High Alert Highlander : servia 
18:03:04 BattlEye Server: (Side) High Alert Highlander : panama
18:03:16 BattlEye Server: (Side) High Alert Highlander : this worldcuop will be amazing 
18:03:34 BattlEye Server: (Side) High Alert Highlander : yea 
18:03:39 BattlEye Server: (Side) High Alert Highlander : yea 
18:03:50 BattlEye Server: (Side) High Alert Highlander : panama ios playing really good
18:04:12 BattlEye Server: (Side) High Alert Highlander : one month  every four years 
18:04:23 BattlEye Server: (Side) High Alert Highlander : time to wach games
18:04:33 BattlEye Server: (Group) High Alert Highlander : and betting 
18:04:56 BattlEye Server: (Group) High Alert Highlander : coming
18:07:24 BattlEye Server: (Group) High Alert Highlander : my money is on spain 
18:09:47 BattlEye Server: (Group) High Alert Highlander : yes}
18:10:54 BattlEye Server: (Group) High Alert Highlander : thks
18:11:07 BattlEye Server: (Group) High Alert Highlander : andangle
18:11:21 BattlEye Server: (Group) High Alert Highlander : jajaja
18:11:48 BattlEye Server: (Group) High Alert Highlander : that is what i shoot his feet 
18:12:15 BattlEye Server: (Group) High Alert Highlander : yes
18:12:21 BattlEye Server: (Group) High Alert Highlander : yes
18:12:33 BattlEye Server: (Group) High Alert Highlander : yes
18:13:52 BattlEye Server: (Group) High Alert Highlander : no just checking 
18:14:28 BattlEye Server: (Group) High Alert Highlander : this vest
18:16:13 BattlEye Server: (Group) High Alert Highlander : this vest and this helmet allgood 
18:16:24 BattlEye Server: (Group) High Alert Highlander : yea
18:16:59 BattlEye Server: (Group) High Alert Highlander : wait 
18:17:53 BattlEye Server: (Group) High Alert Highlander : open this 
18:18:52 BattlEye Server: (Group) High Alert Highlander : ur base 
18:20:06 BattlEye Server: (Side) Trans-fights: fucking A
18:20:21 BattlEye Server: (Group) High Alert Highlander : i see
18:22:46 BattlEye Server: (Side) Trans-fights: do weapons spawn?
18:22:57 BattlEye Server: (Group) High Alert Highlander : in 
18:23:06 BattlEye Server: (Side) High Alert Highlander : in vehiculs only 
18:23:25 BattlEye Server: (Side) High Alert Highlander : the wall kill me
18:23:30 BattlEye Server: (Side) Trans-fights: wtf do AI shoot thru walls
18:26:35 BattlEye Server: (Side) High Alert Highlander : no
18:26:48 BattlEye Server: (Side) High Alert Highlander : it stays there 
18:27:23 BattlEye Server: (Side) High Alert Highlander : the trick is tolock it before goes down 
18:27:34 BattlEye Server: (Side) High Alert Highlander : see 
18:27:40 BattlEye Server: (Side) High Alert Highlander : did not came down 
18:27:58 BattlEye Server: (Side) High Alert Highlander : that is broken on server restart is gone 
18:28:38 BattlEye Server: (Side) Trans-fights: bro
18:28:41 BattlEye Server: (Side) High Alert Highlander : cover that hole 
18:28:44 BattlEye Server: (Side) Trans-fights: thery are killing me thru wqallz
18:28:46 BattlEye Server: (Side) High Alert Highlander : with that one 
18:28:47 BattlEye Server: (Side) Trans-fights: walls
18:29:29 BattlEye Server: (Side) High Alert Highlander : yea
18:29:36 BattlEye Server: (Side) High Alert Highlander : put the green 
18:29:54 BattlEye Server: (Side) High Alert Highlander : -yes
18:32:22 BattlEye Server: (Side) High Alert Highlander : yea perfect 
18:33:22 BattlEye Server: (Side) High Alert Highlander : u put it to far fromthe gate 
18:35:29 BattlEye Server: (Side) High Alert Highlander : well that hole 
18:37:24 BR1_Bandit uses modified data file
18:37:24 BattlEye Server: Player #4 BR1_Bandit (134.41.96.129:2309) connected
18:37:24 Player BR1_Bandit connecting.
18:37:26 BattlEye Server: Player #4 BR1_Bandit - BE GUID: 8a701e7029ec21d8e45677830a84af43
18:37:27 Player BR1_Bandit connected (id=76561198151022635).
18:37:27 BattlEye Server: Verified GUID (8a701e7029ec21d8e45677830a84af43) of player #4 BR1_Bandit
18:37:49 BattlEye Server: (Side) High Alert Highlander : well seethe good side u have awidow 
18:39:30 BattlEye Server: (Group) Mason: so any way to close that?
18:40:02 BattlEye Server: (Side) High Alert Highlander : nope
18:40:08 BattlEye Server: (Group) Mason: k
18:40:23 BattlEye Server: (Group) High Alert Highlander : no if you want cars to get in 
18:40:32 BattlEye Server: (Group) Mason: gotcha
18:41:18 BattlEye Server: (Group) High Alert Highlander : u got to place walls arround the hangar 
18:41:21 BattlEye Server: (Group) Mason: see look, u c me
18:41:33 BattlEye Server: (Group) High Alert Highlander : lol
18:41:38 BattlEye Server: (Group) Mason: i'm down to my knees in the floor
18:41:46 BattlEye Server: (Group) High Alert Highlander : thf
18:41:56 BattlEye Server: (Group) Mason: this is y things keep sinking, the hanger is not on the ground
18:42:18 BattlEye Server: (Group) High Alert Highlander : wierd
18:42:21 BattlEye Server: (Group) Mason: the building is not on the ground, that's y things keep settling
18:43:06 BattlEye Server: (Group) High Alert Highlander : well for now is ok 
18:43:08 BattlEye Server: (Group) Mason: when you put something down it should stay not sink, i think its the hanger
18:43:19 BattlEye Server: (Group) High Alert Highlander : yes it is
18:43:32 BattlEye Server: (Group) Mason: thouhgt i was crazy
18:46:37 BattlEye Server: (Group) High Alert Highlander : this is perfect }
18:46:45 BattlEye Server: (Group) High Alert Highlander : it gives u a sigt 
18:46:52 BattlEye Server: (Group) Mason: lmao
18:46:55 BattlEye Server: (Group) High Alert Highlander : fordefending 
18:50:02 BattlEye Server: (Global) Trans-fights: salt flats
18:50:16 BattlEye Server: (Side) Trans-fights: im tryna make sum cash
18:50:37 BattlEye Server: (Group) High Alert Highlander : no is ready 
18:50:43 BattlEye Server: (Group) High Alert Highlander : now is ready 
18:51:43 BattlEye Server: (Group) High Alert Highlander : u have enhance momve 
18:51:56 BattlEye Server: (Group) High Alert Highlander : movement 
18:52:05 BattlEye Server: (Group) High Alert Highlander : yes
18:52:32 BattlEye Server: (Group) High Alert Highlander : yes
18:52:53 BattlEye Server: (Group) High Alert Highlander : but the cannot  take out anything 
18:53:12 BattlEye Server: (Group) High Alert Highlander : posible
18:54:10 BattlEye Server: (Group) High Alert Highlander : wellu can change that later 
18:54:15 BattlEye Server: (Side) Trans-fights: thanks
18:54:16 BattlEye Server: (Group) High Alert Highlander : to anotherplace 
18:54:22 BattlEye Server: (Group) High Alert Highlander : yes
18:54:47 BattlEye Server: (Group) High Alert Highlander : u can use also theone that i left empty 
18:56:04 BattlEye Server: (Side) Trans-fights: try
18:56:06 BattlEye Server: (Group) High Alert Highlander : is empty 
18:56:09 BattlEye Server: (Side) Trans-fights: dont blow up
18:56:22 BattlEye Server: (Side) Trans-fights: ya
18:56:27 BattlEye Server: (Group) High Alert Highlander : well with some crates u can keep them
18:56:30 BattlEye Server: (Side) Trans-fights: only way to get money right?
18:57:02 BattlEye Server: (Group) High Alert Highlander : 8338
18:57:41 BattlEye Server: (Group) High Alert Highlander : u cvan use theother stuffr
18:57:53 BattlEye Server: (Group) High Alert Highlander : toblock thisplaces 
18:58:14 BattlEye Server: (Group) High Alert Highlander : block here
18:58:17 KSK Mr Turlte555 uses modified data file
18:58:17 BattlEye Server: Player #5 KSK Mr Turlte555 (107.137.165.47:2309) connected
18:58:17 Player KSK Mr Turlte555 connecting.
18:58:20 BattlEye Server: Player #5 KSK Mr Turlte555 - BE GUID: 03f2264f73c45f636bc5cf167abaa20d
18:58:20 Player KSK Mr Turlte555 connected (id=76561198184113991).
18:58:20 BattlEye Server: Verified GUID (03f2264f73c45f636bc5cf167abaa20d) of player #5 KSK Mr Turlte555
19:00:27 BattlEye Server: (Group) High Alert Highlander : THOSE guys came here thinking that they can kill anyine 
19:00:36 BattlEye Server: (Group) High Alert Highlander : and they left with a rage quit
19:01:04 BattlEye Server: (Side) Trans-fights: not really
19:01:27 Player KSK Mr Turlte555: Signature check timed out
19:01:27 Player KSK Mr Turlte555 disconnected.
19:01:27 BattlEye Server: Player #5 KSK Mr Turlte555 disconnected
19:01:50 BattlEye Server: (Side) Trans-fights: where other tank
19:02:51 BattlEye Server: (Side) Trans-fights: how much it worth?
19:03:01 BattlEye Server: (Vehicle) Mason: dont take me to your base, i gotta go afk for a bit
19:03:08 BattlEye Server: (Side) Trans-fights: damnu blew up the other tanlk
19:03:11 BattlEye Server: (Vehicle) Mason: have to eat
19:03:47 BattlEye Server: (Side) Trans-fights: where crate
19:04:39 BattlEye Server: (Side) Trans-fights: ye
19:04:52 BattlEye Server: (Side) Trans-fights: how i sell it?
19:05:43 BattlEye Server: (Vehicle) Mason: where are you going?
19:05:57 BattlEye Server: (Vehicle) High Alert Highlander : altis ´patrl
19:06:14 BattlEye Server: (Vehicle) Mason: i have to go eat, going afk, drop me off please
19:06:21 BattlEye Server: (Side) Trans-fights: CANT DO IT AT THIS STORE?
19:07:22 BattlEye Server: (Group) High Alert Highlander : OKBRO
19:08:49 BattlEye Server: (Side) Trans-fights: COMIN?
19:10:26 BattlEye Server: (Side) Trans-fights: YE
19:10:52 BattlEye Server: (Side) Trans-fights: DAMN
19:11:22 BattlEye Server: (Side) Trans-fights: in a bit yes
19:12:46 BattlEye Server: (Side) Trans-fights: u gunna come where i am?
19:15:54 BattlEye Server: (Side) Trans-fights: yea why
19:16:46 BattlEye Server: (Side) Trans-fights: haha
19:17:46 KSK Mr Turlte555 uses modified data file
19:17:46 BattlEye Server: Player #5 KSK Mr Turlte555 (107.137.165.47:2309) connected
19:17:46 Player KSK Mr Turlte555 connecting.
19:17:49 BattlEye Server: Player #5 KSK Mr Turlte555 - BE GUID: 03f2264f73c45f636bc5cf167abaa20d
19:17:49 Player KSK Mr Turlte555 connected (id=76561198184113991).
19:17:49 BattlEye Server: Verified GUID (03f2264f73c45f636bc5cf167abaa20d) of player #5 KSK Mr Turlte555
19:18:40 BattlEye Server: (Side) Trans-fights: thanks sexy
19:18:57 BattlEye Server: (Side) Trans-fights: mmmmm yeah
19:22:09 Player KSK Mr Turlte555 is losing connection
19:22:29 Player KSK Mr Turlte555 kicked off by BattlEye: Client not responding
19:22:30 Player KSK Mr Turlte555 disconnected.
19:23:16 KSK Mr Turlte555 uses modified data file
19:23:16 BattlEye Server: Player #5 KSK Mr Turlte555 (107.137.165.47:2309) connected
19:23:17 Player KSK Mr Turlte555 connecting.
19:23:19 BattlEye Server: Player #5 KSK Mr Turlte555 - BE GUID: 03f2264f73c45f636bc5cf167abaa20d
19:23:19 Player KSK Mr Turlte555 connected (id=76561198184113991).
19:23:19 BattlEye Server: Verified GUID (03f2264f73c45f636bc5cf167abaa20d) of player #5 KSK Mr Turlte555
19:24:00 Jake uses modified data file
19:24:00 BattlEye Server: Player #6 Jake (173.216.114.7:2304) connected
19:24:00 Player Jake connecting.
19:24:06 BattlEye Server: Player #6 Jake - BE GUID: 86b124a16e29bac43012da372a5d7e7d
19:24:06 Player Jake connected (id=76561198196619345).
19:24:06 BattlEye Server: Verified GUID (86b124a16e29bac43012da372a5d7e7d) of player #6 Jake
19:24:28 BattlEye Server: (Side) Trans-fights: allahu akbar
19:25:28 BattlEye Server: (Side) High Alert Highlander : i will be afk 
19:25:46 BattlEye Server: (Side) Trans-fights: takre
19:25:51 Player KSK Mr Turlte555 disconnected.
19:25:51 BattlEye Server: Player #5 KSK Mr Turlte555 disconnected
19:25:56 BattlEye Server: (Side) Trans-fights: take it
19:26:12 BattlEye Server: (Side) Trans-fights: yee
19:27:07 BattlEye Server: (Side) Trans-fights: maybe for just u lol
19:28:05 BattlEye Server: (Side) Trans-fights: we gotta watch for jake
19:28:14 Player Jake disconnected.
19:28:14 BattlEye Server: Player #6 Jake disconnected
19:28:16 BattlEye Server: (Side) Trans-fights: red
19:28:56 BattlEye Server: (Side) Trans-fights: yeah after i sell this
19:29:11 BattlEye Server: (Side) Trans-fights: sounds good m8
19:29:30 BattlEye Server: (Side) Trans-fights: haha
19:29:45 BattlEye Server: (Side) Trans-fights: ever have a sunburnt dick?
19:30:06 BattlEye Server: (Side) Trans-fights: feels great'
19:30:28 BattlEye Server: (Side) Trans-fights: lmao
19:30:36 BattlEye Server: (Side) Trans-fights: just dabs
19:32:08 BattlEye Server: (Side) Trans-fights: ima go afk to smoke, brb 15mins
19:35:14 Player BR1_Bandit disconnected.
19:35:14 BattlEye Server: Player #4 BR1_Bandit disconnected
19:37:31 KSK Mr Turlte555 uses modified data file
19:37:31 BattlEye Server: Player #4 KSK Mr Turlte555 (107.137.165.47:2309) connected
19:37:31 Player KSK Mr Turlte555 connecting.
19:37:34 BattlEye Server: Player #4 KSK Mr Turlte555 - BE GUID: 03f2264f73c45f636bc5cf167abaa20d
19:37:34 Player KSK Mr Turlte555 connected (id=76561198184113991).
19:37:34 BattlEye Server: Verified GUID (03f2264f73c45f636bc5cf167abaa20d) of player #4 KSK Mr Turlte555
19:41:17 BattlEye Server: (Group) High Alert Highlander : turtle get out fromthere
19:41:31 BattlEye Server: (Group) High Alert Highlander : u have the military intopof u 
19:42:20 BattlEye Server: (Group) High Alert Highlander : grab a chopper and come here where im 
19:43:06 BattlEye Server: (Side) Trans-fights: ksk
19:43:30 BattlEye Server: (Side) Trans-fights: turtle
19:43:39 BattlEye Server: (Group) High Alert Highlander : masonis eating 
19:43:41 BattlEye Server: (Side) KSK Mr Turlte555: YEah
19:43:51 BattlEye Server: (Side) Trans-fights: u planning on doin that mission?
19:44:42 BattlEye Server: (Side) Trans-fights: have the firepower?
19:50:11 BattlEye Server: (Side) High Alert Highlander : all good
19:50:49 BattlEye Server: (Side) High Alert Highlander : here planing my month  vacations
19:50:52 BattlEye Server: (Side) High Alert Highlander : jajajaja
19:51:07 BattlEye Server: (Side) High Alert Highlander : hellyea 
19:54:05 BattlEye Server: (Side) High Alert Highlander : planing sleep allot 
19:54:26 BattlEye Server: (Side) High Alert Highlander : defenetely 
19:54:47 BattlEye Server: (Side) High Alert Highlander : yea in sanjose 
19:55:05 BattlEye Server: (Side) High Alert Highlander : love it 
19:55:18 BattlEye Server: (Side) High Alert Highlander : -work 
19:55:25 BattlEye Server: (Side) High Alert Highlander : family 
19:55:50 BattlEye Server: (Side) High Alert Highlander : jajajajajajaqja
19:56:18 BattlEye Server: (Side) High Alert Highlander : implaning to go visit mymom 
19:56:28 BattlEye Server: (Side) High Alert Highlander : maybe in december }
19:56:41 BattlEye Server: (Side) High Alert Highlander : but is not easy 
19:57:23 BattlEye Server: (Side) High Alert Highlander : and im planning  couple projects 
19:57:35 BattlEye Server: (Side) High Alert Highlander : so depends of how everything goes
19:58:46 BattlEye Server: (Side) High Alert Highlander : my family reach costa rica shores in 1943
19:59:06 BattlEye Server: (Side) High Alert Highlander : when they were running fromthe second 
19:59:54 BattlEye Server: (Side) High Alert Highlander : but allot of my family stay in sicily 
20:01:03 BattlEye Server: (Side) High Alert Highlander : ok  i can play now  i just eat 
20:01:44 BattlEye Server: (Side) High Alert Highlander : ifyou destroy anything ikillu
20:01:59 BattlEye Server: (Side) High Alert Highlander : u and a heli 
20:02:03 BattlEye Server: (Side) High Alert Highlander : dont mix 
20:02:30 BattlEye Server: (Side) High Alert Highlander : easy 
20:02:35 BattlEye Server: (Side) High Alert Highlander : go easy 
20:03:07 BattlEye Server: (Side) High Alert Highlander : hell yea 
20:03:27 BattlEye Server: (Side) High Alert Highlander : wait what 
20:03:41 BattlEye Server: (Side) High Alert Highlander : yes
20:03:56 BattlEye Server: (Side) High Alert Highlander : is easy 
20:04:06 BattlEye Server: (Side) High Alert Highlander : no
20:04:10 BattlEye Server: (Side) High Alert Highlander : not at all 
20:04:29 BattlEye Server: (Side) High Alert Highlander : that one is hard 
20:04:49 BattlEye Server: (Side) High Alert Highlander : speacialy  whenu r landing 
20:06:46 BattlEye Server: (Side) Trans-fights: what u guys doin
20:06:59 BattlEye Server: (Side) High Alert Highlander : fulling arround
20:07:09 BattlEye Server: (Side) Trans-fights: cool. ima do this mission solo
20:07:19 BattlEye Server: (Side) Trans-fights: wish me luck
20:07:58 BattlEye Server: (Side) High Alert Highlander : imsofull
20:10:03 BattlEye Server: (Side) Trans-fights: u mortaring?
20:10:16 BattlEye Server: (Side) Trans-fights: donttttt. i wanna sell the vehicles
20:12:53 BattlEye Server: (Side) High Alert Highlander : dude if you can see that 
20:13:24 BattlEye Server: (Side) High Alert Highlander : heal pls
20:15:53 BattlEye Server: (Side) High Alert Highlander : dude that scopeisnot for sniping 
20:16:00 BattlEye Server: (Side) High Alert Highlander : is forassulting 
20:20:15 BattlEye Server: (Global) High Alert Highlander : yes
20:20:47 BattlEye Server: (Global) High Alert Highlander : this one and the mk11 are the only ones i use
20:23:02 BattlEye Server: (Global) High Alert Highlander : yea
20:23:08 BattlEye Server: (Global) High Alert Highlander : yes
20:23:49 BattlEye Server: (Global) High Alert Highlander : corretc
20:30:59 BattlEye Server: (Global) High Alert Highlander : pls heal me 
20:31:20 BattlEye Server: (Global) High Alert Highlander : tkhs
20:33:40 BattlEye Server: (Global) High Alert Highlander : 723
20:35:41 BattlEye Server: (Side) High Alert Highlander : r u guys coming after restart 
20:35:51 BattlEye Server: (Side) Trans-fights: ya
20:36:02 BattlEye Server: (Side) High Alert Highlander : no all good
20:37:06 BattlEye Server: (Side) High Alert Highlander : jajajajaja
20:37:31 BattlEye Server: (Side) High Alert Highlander : mason help 
20:37:50 BattlEye Server: (Side) High Alert Highlander : jajajajaja
20:38:05 BattlEye Server: (Side) High Alert Highlander : onthe same timethat wascool
20:40:49 BattlEye Server: (Side) High Alert Highlander : yes
20:42:47 BattlEye Server: (Side) High Alert Highlander : lol
20:44:29 BattlEye Server: (Side) High Alert Highlander : jajaja nuce
20:45:58 BattlEye Server: (Side) High Alert Highlander : jajajaja
20:46:56 BattlEye Server: (Side) High Alert Highlander : jajaja
20:47:05 BattlEye Server: (Side) High Alert Highlander : i noammo
20:47:35 BattlEye Server: (Side) High Alert Highlander : jajajaja
20:50:21 BattlEye Server: (Side) High Alert Highlander : jajajaja
20:52:10 BattlEye Server: (Side) High Alert Highlander : u ownmetwo
20:52:16 BattlEye Server: (Side) High Alert Highlander : now we r even
20:54:09 BattlEye Server: (Group) High Alert Highlander : jajaja{
20:55:00 Failed attempt to execute serverCommand '#lock'