 9:01:35 BattlEye Server: Initialized (v1.217)
 9:01:35 Host identity created.
 9:01:35 Game Port: 2307, Steam Query Port: 2308
 9:01:35 Mission A3Wasteland Altis v1.4c read from bank.
 9:01:36 Roles assigned.
 9:01:36 Reading mission ...
 9:02:09 Mission read.
 9:02:09 Game started.
 9:04:44 ANATOLI CHEJOV uses modified data file
 9:04:44 BattlEye Server: Player #0 ANATOLI CHEJOV (190.171.107.50:62725) connected
 9:04:44 Player ANATOLI CHEJOV connecting.
 9:04:44 BattlEye Server: Connected to BE Master
 9:04:46 BattlEye Server: Player #0 ANATOLI CHEJOV - BE GUID: a01f35e030c4464ff5b5e9c18ddf0195
 9:04:47 Player ANATOLI CHEJOV connected (id=76561198065774594).
 9:04:47 BattlEye Server: Verified GUID (a01f35e030c4464ff5b5e9c18ddf0195) of player #0 ANATOLI CHEJOV
 9:05:45 Mason uses modified data file
 9:05:45 BattlEye Server: Player #1 Mason (71.81.137.47:2309) connected
 9:05:45 Player Mason connecting.
 9:05:47 BattlEye Server: Player #1 Mason - BE GUID: 955d09b6e1dde9360ceebc2963df084d
 9:05:47 Player Mason connected (id=76561198026943270).
 9:05:47 BattlEye Server: Verified GUID (955d09b6e1dde9360ceebc2963df084d) of player #1 Mason
 9:07:27 BattlEye Server: (Group) ANATOLI CHEJOV: yes
 9:08:23 BattlEye Server: (Group) ANATOLI CHEJOV: correct but sarg dont doit 
 9:10:38 BattlEye Server: (Group) ANATOLI CHEJOV: or have at least battle eye
 9:12:58 Varluk uses modified data file
 9:12:58 BattlEye Server: Player #2 Varluk (188.170.75.26:43313) connected
 9:12:58 Player Varluk connecting.
 9:13:02 BattlEye Server: Player #2 Varluk - BE GUID: 40a5c124c81a14d4235b4453eb839ddf
 9:13:02 Player Varluk connected (id=76561198022459854).
 9:13:03 BattlEye Server: Verified GUID (40a5c124c81a14d4235b4453eb839ddf) of player #2 Varluk
 9:13:22 BattlEye Server: (Group) ANATOLI CHEJOV: yes
 9:14:34 BattlEye Server: (Global) ANATOLI CHEJOV: seehowlong he takes tolocg ingame
 9:14:41 BattlEye Server: (Global) ANATOLI CHEJOV: he satys in thelobby 
 9:15:04 BattlEye Server: (Group) ANATOLI CHEJOV: when people dothat if for activate the mods befotre get inj 
 9:15:40 BattlEye Server: (Group) ANATOLI CHEJOV: so  until the bot is not ready  hacant get in 
 9:16:32 BattlEye Server: (Group) ANATOLI CHEJOV: that was the peoplethat i was intopalways 
 9:16:46 BattlEye Server: (Group) ANATOLI CHEJOV: because i know what they do and how they doot 
 9:17:15 BattlEye Server: (Group) ANATOLI CHEJOV: yes only way to acvtuve no allow mods 
 9:17:22 BattlEye Server: (Group) ANATOLI CHEJOV: like base crackers+
 9:17:43 BattlEye Server: (Group) ANATOLI CHEJOV: anything he wants 
 9:18:02 BattlEye Server: (Group) ANATOLI CHEJOV: WHAT 
 9:18:09 BattlEye Server: (Group) ANATOLI CHEJOV: no
 9:18:28 BattlEye Server: (Group) ANATOLI CHEJOV: is by bloning the mods for the server 
 9:18:47 BattlEye Server: (Group) ANATOLI CHEJOV: the ones thatyoudont allow 
 9:19:04 BattlEye Server: (Group) ANATOLI CHEJOV: bot the bot will  overright that 
 9:19:17 BattlEye Server: (Group) ANATOLI CHEJOV: and thats is when battle eye get in
 9:19:24 BattlEye Server: (Group) ANATOLI CHEJOV: but we dont have that 
 9:19:30 Emil uses modified data file
 9:19:30 BattlEye Server: Player #3 Emil (85.83.87.95:62067) connected
 9:19:31 Player Emil connecting.
 9:19:33 BattlEye Server: Player #3 Emil - BE GUID: af5f3e987ca964f7238c251534a4adce
 9:19:33 Player Emil connected (id=76561198217244869).
 9:19:33 BattlEye Server: Verified GUID (af5f3e987ca964f7238c251534a4adce) of player #3 Emil
 9:19:35 BattlEye Server: (Group) ANATOLI CHEJOV: so i was in top of that people
 9:20:29 BattlEye Server: (Group) ANATOLI CHEJOV: yes}
 9:20:38 BattlEye Server: (Group) ANATOLI CHEJOV: yes
 9:20:55 BattlEye Server: (Group) ANATOLI CHEJOV: i willintopofhimallday 
 9:21:07 BattlEye Server: (Group) ANATOLI CHEJOV: i want toknowhwwhereishis base
 9:21:25 BattlEye Server: (Group) ANATOLI CHEJOV: i wont typeanymore tonotlolse him
 9:29:00 Player Emil disconnected.
 9:29:00 BattlEye Server: Player #3 Emil disconnected
 9:31:15 BattlEye Server: (Group) ANATOLI CHEJOV: howthe fuckhe did that 
 9:32:26 BattlEye Server: (Group) ANATOLI CHEJOV: heis  doin amission 
 9:32:47 BattlEye Server: (Group) ANATOLI CHEJOV: andhejust stocka caraban oftruckswithsome typeofsparks
 9:33:29 BattlEye Server: (Group) ANATOLI CHEJOV: one north 
 9:33:34 BattlEye Server: (Group) ANATOLI CHEJOV: west 
 9:33:39 BattlEye Server: (Group) ANATOLI CHEJOV: yes
 9:33:58 BattlEye Server: (Group) Mason: ok looking for him now
 9:33:59 BattlEye Server: (Group) ANATOLI CHEJOV: heisby the wind mills
 9:34:24 BattlEye Server: (Group) Mason: got hi m
 9:34:55 BattlEye Server: (Group) ANATOLI CHEJOV: he isfucking using aaimbotimposituve 
 9:35:38 BattlEye Server: (Group) ANATOLI CHEJOV: he just stoppa hole carabanwith just a gun
 9:36:06 BattlEye Server: (Group) Mason: nows when i want my mtoar range
 9:38:20 BattlEye Server: (Group) ANATOLI CHEJOV: he has aimbott i bet mylifeonit 
 9:41:42 BattlEye Server: (Group) ANATOLI CHEJOV: r u onhim
 9:42:10 BattlEye Server: (Group) Mason: yeah
 9:42:27 BattlEye Server: (Group) Mason: he's capping south of gs up north
 9:42:36 BattlEye Server: (Group) Mason: on top the hill
 9:42:55 BattlEye Server: (Group) ANATOLI CHEJOV: ok
 9:43:03 BattlEye Server: (Group) Mason: hoping he  goes back to base and lets his money build up
 9:43:10 BattlEye Server: (Group) ANATOLI CHEJOV: yes
 9:44:32 BattlEye Server: (Group) Mason: i dont know how to convert satcom to map though
 9:44:40 BattlEye Server: (Group) ANATOLI CHEJOV: m key
 9:45:04 BattlEye Server: (Group) Mason: shit lost him
 9:45:22 DJ uses modified data file
 9:45:23 BattlEye Server: Player #3 DJ (74.192.39.163:2304) connected
 9:45:23 Player DJ connecting.
 9:45:36 BattlEye Server: (Group) Mason: i mean i dont know how to locate the satcom position to the map they are not the same, lost him in satcom now
 9:45:59 BattlEye Server: (Group) ANATOLI CHEJOV: 198.20.59n 125.27.59 w
 9:46:17 Player DJ disconnected.
 9:46:17 BattlEye Server: Player #3 DJ disconnected
 9:46:17 DJ uses modified data file
 9:46:17 BattlEye Server: Player #3 DJ (74.192.39.163:2304) connected
 9:46:18 Player DJ connecting.
 9:46:20 BattlEye Server: Player #3 DJ - BE GUID: fe035869c7c9367205a148c6fb0acadc
 9:46:20 Player DJ connected (id=76561198398479672).
 9:46:20 BattlEye Server: Verified GUID (fe035869c7c9367205a148c6fb0acadc) of player #3 DJ
 9:46:57 BattlEye Server: (Group) Mason: no joy
 9:47:52 BattlEye Server: (Group) Mason: dont see him
 9:48:00 BattlEye Server: (Group) ANATOLI CHEJOV: he is in amission
 9:48:12 BattlEye Server: (Group) Mason: which?
 9:48:39 squez uses modified data file
 9:48:39 BattlEye Server: Player #4 squez (24.251.57.7:2309) connected
 9:48:39 Player squez connecting.
 9:48:41 BattlEye Server: (Group) Mason: got him
 9:48:42 BattlEye Server: Player #4 squez - BE GUID: a24a0b391783dc875454c8d084b142e7
 9:48:42 Player squez connected (id=76561198115644710).
 9:48:42 BattlEye Server: Verified GUID (a24a0b391783dc875454c8d084b142e7) of player #4 squez
 9:50:18 Player DJ: Wrong signature for file addons\missions_f_video.pbo
 9:50:18 Player DJ disconnected.
 9:50:18 BattlEye Server: Player #3 DJ disconnected
 9:51:33 BattlEye Server: (Group) ANATOLI CHEJOV: dude  did you saw that 
 9:51:41 BattlEye Server: (Group) ANATOLI CHEJOV: how he took out that
 9:51:50 BattlEye Server: (Group) ANATOLI CHEJOV: apc  with just an ak 
 9:52:30 BattlEye Server: (Group) Mason: no i see him fucking withboxes
 9:52:32 BattlEye Server: (Group) ANATOLI CHEJOV: if that isnot aimbot  i dont know what it is 
 9:53:05 BattlEye Server: (Group) Mason: rpg
 9:53:31 BattlEye Server: (Group) ANATOLI CHEJOV: dude  rpg goes at 300 max
 9:53:50 BattlEye Server: (Group) ANATOLI CHEJOV: direct hit 
 9:53:55 BattlEye Server: (Group) ANATOLI CHEJOV: fuckthat 
 9:54:36 BattlEye Server: (Group) ANATOLI CHEJOV:  now youcan see wehat a aimbot is capable of 
 9:54:42 BattlEye Server: (Group) ANATOLI CHEJOV: with your own eyes
 9:54:53 BattlEye Server: (Group) Mason: yep
 9:59:12 BattlEye Server: (Group) ANATOLI CHEJOV: he is in moneymission
 9:59:31 BattlEye Server: (Group) ANATOLI CHEJOV: no thet isnot money 
10:01:58 BattlEye Server: (Group) ANATOLI CHEJOV: didyoujust saw that 
10:02:04 BattlEye Server: (Group) Mason: when have you been able to get that low and that close to a  mission and not die
10:02:07 BattlEye Server: (Group) ANATOLI CHEJOV: withjust the heli gun
10:02:15 BattlEye Server: (Group) Mason: wtf
10:02:20 BattlEye Server: (Group) ANATOLI CHEJOV: lol
10:02:33 BattlEye Server: (Group) ANATOLI CHEJOV: now ubeliefme
10:02:41 BattlEye Server: (Group) Mason: i would have been shot down twice in that time frame
10:03:00 BattlEye Server: (Group) ANATOLI CHEJOV: aimboot
10:03:14 BattlEye Server: (Group) ANATOLI CHEJOV: gopdmode
10:03:45 BattlEye Server: (Group) ANATOLI CHEJOV: maybe not good mode but defenetely damage reduction 
10:04:05 BattlEye Server: (Group) Mason: he just goes around and does whatever he wants
10:05:25 BattlEye Server: (Group) Mason: get ready, they were all up in this area last night
10:05:38 BattlEye Server: (Group) Mason: and he looks like he's finishing a run
10:07:54 Black Storm uses modified data file
10:07:54 BattlEye Server: Player #5 Black Storm (179.236.250.235:2309) connected
10:07:54 Player Black Storm connecting.
10:07:58 BattlEye Server: Player #5 Black Storm - BE GUID: 56883809937719fd418ca420c2cf8a1d
10:07:59 Player Black Storm connected (id=76561198800477920).
10:07:59 BattlEye Server: Verified GUID (56883809937719fd418ca420c2cf8a1d) of player #5 Black Storm
10:08:47 BattlEye Server: (Group) ANATOLI CHEJOV: wtf
10:09:10 BattlEye Server: (Group) ANATOLI CHEJOV: ru waching this
10:09:12 BattlEye Server: (Group) Mason: selling heli for gv
10:09:41 BattlEye Server: (Group) ANATOLI CHEJOV: why arrenging the craes
10:09:53 BattlEye Server: (Group) ANATOLI CHEJOV: likethat 
10:10:04 BattlEye Server: (Group) Mason: dunno
10:10:37 BattlEye Server: (Group) ANATOLI CHEJOV: thereisnomissionthere
10:11:15 BattlEye Server: (Group) Mason: wierd
10:11:42 BattlEye Server: (Group) Mason: i wuld normally say, nooob, but he isnt
10:15:54 BattlEye Server: (Group) ANATOLI CHEJOV: wtf
10:16:14 BattlEye Server: (Group) Mason: u watching this?
10:16:19 BattlEye Server: (Group) ANATOLI CHEJOV: yes
10:16:25 BattlEye Server: (Group) Mason: he certainly has no fear
10:16:44 BattlEye Server: (Group) ANATOLI CHEJOV: exactly 
10:17:28 BattlEye Server: (Group) ANATOLI CHEJOV: he is like taking his time realx all good
10:17:55 BattlEye Server: (Group) ANATOLI CHEJOV: nothing can kill me
10:18:00 BattlEye Server: (Group) Mason: yeah
10:18:04 BattlEye Server: (Group) Mason: right
10:18:11 texasrebel1811 uses modified data file
10:18:11 BattlEye Server: Player #6 texasrebel1811 (70.121.83.158:2309) connected
10:18:11 Player texasrebel1811 connecting.
10:18:13 BattlEye Server: Player #6 texasrebel1811 - BE GUID: f52c060dfbdd38838ddfc653f9d175e8
10:18:13 Player texasrebel1811 connected (id=76561198126342456).
10:18:13 BattlEye Server: Verified GUID (f52c060dfbdd38838ddfc653f9d175e8) of player #6 texasrebel1811
10:20:09 BattlEye Server: (Group) Mason: busy little fukker now aint he
10:20:18 BattlEye Server: (Group) ANATOLI CHEJOV: lol
10:20:31 BattlEye Server: (Group) ANATOLI CHEJOV: he has damage reduction
10:20:35 BattlEye Server: (Group) Mason: what is that
10:20:54 BattlEye Server: (Group) ANATOLI CHEJOV: likegodmode
10:20:56 BattlEye Server: (Group) Mason: supply truck
10:21:06 BattlEye Server: (Group) Mason: 300k?
10:21:20 BattlEye Server: (Group) ANATOLI CHEJOV: that is a thyphoon
10:21:26 BattlEye Server: (Group) ANATOLI CHEJOV: 10k
10:21:38 BattlEye Server: (Group) Mason: used for?
10:21:51 BattlEye Server: (Group) ANATOLI CHEJOV: armor
10:22:07 BattlEye Server: (Group) ANATOLI CHEJOV: auto reapir things 
10:23:12 BattlEye Server: (Group) Mason: he's been there this whole time and it just now captured?
10:23:34 BattlEye Server: (Group) ANATOLI CHEJOV: yes wierd
10:24:16 BattlEye Server: (Group) Mason: i just did the same thing and i had to make like three trips inside buying a car to keep from capping it
10:24:28 BattlEye Server: (Group) Mason: cause i didnt want anyone to know i was there
10:25:06 BattlEye Server: (Group) ANATOLI CHEJOV: i should sendsoemart
10:25:07 BattlEye Server: (Group) Mason: my point is he hasbeen in the zone for a long time
10:26:20 BattlEye Server: (Group) ANATOLI CHEJOV: shouild  send himart?
10:26:52 BattlEye Server: (Group) Mason: nah, we've gone this far, let's see where his base is
10:27:02 BattlEye Server: (Group) ANATOLI CHEJOV: ok
10:29:01 BattlEye Server: (Group) ANATOLI CHEJOV: ilove howhe has nofear 
10:29:15 BattlEye Server: (Group) Mason: if i ever play this bad shoot me
10:29:24 BattlEye Server: (Group) Mason: yeah his own world
10:29:28 BattlEye Server: (Group) ANATOLI CHEJOV: i promise
10:30:01 BattlEye Server: (Group) Mason: lmao
10:30:36 BattlEye Server: (Group) ANATOLI CHEJOV: omg
10:30:45 BattlEye Server: (Group) Mason: lol
10:31:14 BattlEye Server: (Group) Mason: like bad porn from the 70's, hate to watch but can't stop
10:31:25 BattlEye Server: (Group) ANATOLI CHEJOV: jajajajajajajajajajajaja+
10:31:32 BattlEye Server: (Group) ANATOLI CHEJOV: jajajajajajajajajajajajaja+}
10:31:57 Player texasrebel1811 disconnected.
10:31:57 BattlEye Server: Player #6 texasrebel1811 disconnected
10:32:37 BattlEye Server: (Group) ANATOLI CHEJOV: dude wtf is he doing 
10:32:40 BattlEye Server: (Group) ANATOLI CHEJOV: really 
10:32:43 BattlEye Server: (Group) ANATOLI CHEJOV: fuck
10:33:36 BattlEye Server: (Group) Mason: i know people play different ways, but this makes no sense at all
10:33:51 BattlEye Server: (Group) ANATOLI CHEJOV: right
10:34:15 BattlEye Server: (Group) ANATOLI CHEJOV: he isputting stuf inthe inv and the selling that}
10:34:33 BattlEye Server: (Group) Mason: i guess
10:35:01 BattlEye Server: (Group) Mason: using the truck as an extra empty bax for sorting
10:35:20 BattlEye Server: (Group) Mason: if hes going to sell its contents, now he actually seems smart
10:37:02 BattlEye Server: (Group) Mason: yeah casue i cant see it sitting under a thin dead bush
10:37:03 BattlEye Server: (Group) ANATOLI CHEJOV: wtf
10:37:24 BattlEye Server: (Group) Mason: wheres the truck?
10:37:33 BattlEye Server: (Group) ANATOLI CHEJOV: he soldthat 
10:37:37 BattlEye Server: (Group) ANATOLI CHEJOV: jajajaj
10:37:50 BattlEye Server: (Group) ANATOLI CHEJOV: imso  confuse
10:38:25 BattlEye Server: (Group) ANATOLI CHEJOV: andbuy another same helilikehe sold
10:38:33 BattlEye Server: (Group) ANATOLI CHEJOV: dudemakesno sense
10:38:34 BattlEye Server: (Group) Mason: what is that
10:38:48 BattlEye Server: (Group) ANATOLI CHEJOV: a cheapheli
10:38:52 BattlEye Server: (Group) ANATOLI CHEJOV: like7k
10:38:56 BattlEye Server: (Group) Mason: odd
10:38:58 BattlEye Server: (Group) ANATOLI CHEJOV: just withgun
10:39:40 BattlEye Server: (Group) Mason: gun store
10:39:46 BattlEye Server: (Group) ANATOLI CHEJOV: yes
10:40:21 BattlEye Server: (Group) ANATOLI CHEJOV: woile  everyone elseisdying heis not eventouch
10:42:00 BattlEye Server: (Group) ANATOLI CHEJOV: there is no guns sotrethere
10:42:06 BattlEye Server: (Group) ANATOLI CHEJOV: that ismolos 
10:42:29 BattlEye Server: (Group) Mason: he wnet in a building but dont see him come out
10:42:33 BattlEye Server: (Group) ANATOLI CHEJOV: where  he got in 
10:42:42 BattlEye Server: (Group) ANATOLI CHEJOV: what building 
10:43:11 BattlEye Server: (Group) Mason: check map
10:43:43 BattlEye Server: (Group) ANATOLI CHEJOV: that is the stash 
10:43:54 BattlEye Server: (Group) Mason: i'm thinking
10:44:37 BattlEye Server: (Group) ANATOLI CHEJOV: yes that is a stash 
10:44:45 BattlEye Server: (Group) Mason: hes leavin
10:44:58 BattlEye Server: (Group) ANATOLI CHEJOV: we got tocheckthatbuilding 
10:45:06 BattlEye Server: (Group) ANATOLI CHEJOV: leave that mark
10:45:55 BattlEye Server: (Group) Mason: u see him
10:45:58 BattlEye Server: (Group) ANATOLI CHEJOV: yes
10:46:12 BattlEye Server: (Group) Mason: warping
10:46:21 BattlEye Server: (Group) ANATOLI CHEJOV: he isdoing supply hekli
10:46:35 BattlEye Server: (Group) ANATOLI CHEJOV: wtf 
10:46:49 BattlEye Server: (Group) Mason: where's teh AI?
10:46:52 BattlEye Server: (Group) ANATOLI CHEJOV: dude did you saw that 
10:47:19 BattlEye Server: (Group) ANATOLI CHEJOV: he kill everything likenothing 
10:47:21 BattlEye Server: (Group) Mason: wtf is that shit
10:47:54 Player Black Storm disconnected.
10:47:54 BattlEye Server: Player #5 Black Storm disconnected
10:48:13 BattlEye Server: (Group) Mason: and for what? he didnt walk away with anything
10:49:14 Deno uses modified data file
10:49:14 BattlEye Server: Player #5 Deno (74.64.53.220:2309) connected
10:49:14 Player Deno connecting.
10:49:16 BattlEye Server: Player #5 Deno - BE GUID: 4c89c637f7965ff474d834f323ef9238
10:49:17 Player Deno connected (id=76561198164135409).
10:49:17 BattlEye Server: Verified GUID (4c89c637f7965ff474d834f323ef9238) of player #5 Deno
10:49:34 BattlEye Server: (Group) ANATOLI CHEJOV: whereishe
10:52:21 BattlEye Server: (Group) Mason: who was the orthe heli
10:54:40 BattlEye Server: (Side) Varluk: go gogo!!!
10:55:31 BattlEye Server: (Group) Mason: what is he doing?
10:55:51 BattlEye Server: (Group) Mason: what a dick
10:55:57 Player Deno disconnected.
10:55:57 BattlEye Server: Player #5 Deno disconnected
10:56:56 BattlEye Server: (Group) ANATOLI CHEJOV: r u waching how closeihe  is fromthat andnothing happens
10:57:24 BattlEye Server: (Group) Mason: where is he on the map, 
10:57:48 BattlEye Server: (Group) ANATOLI CHEJOV: mark
10:57:55 BattlEye Server: (Group) Mason: u cu him kill the other player
10:58:16 BattlEye Server: (Group) ANATOLI CHEJOV: he just did the snipernest inchest frommission  and he did not suffer a scarch
10:58:28 BattlEye Server: (Group) ANATOLI CHEJOV: yes 
10:58:33 BattlEye Server: (Group) ANATOLI CHEJOV: i saw that 
10:58:41 BattlEye Server: (Group) Mason: shit is not right
10:58:58 BattlEye Server: (Group) ANATOLI CHEJOV: he got 3 shoots and not die 
10:59:20 BattlEye Server: (Group) ANATOLI CHEJOV: now you see what i wasalways in topof 
11:00:42 BattlEye Server: (Group) ANATOLI CHEJOV: this guy is hacking 110% 
11:01:13 BattlEye Server: (Group) Mason: yep
11:01:44 BattlEye Server: (Group) Mason: i have to get going though, r u going to follow him or do you want to arty him now
11:02:01 BattlEye Server: (Group) ANATOLI CHEJOV: i art hin now and seeif he dyes 
11:02:10 BattlEye Server: (Group) ANATOLI CHEJOV: lookthat 
11:02:17 BattlEye Server: (Group) ANATOLI CHEJOV: amissinspwnintop
11:02:27 BattlEye Server: (Group) Mason: yep
11:02:34 BattlEye Server: (Group) Mason: where is he? inside?
11:02:39 BattlEye Server: (Group) ANATOLI CHEJOV: lets see what happens
11:02:49 BattlEye Server: (Group) Mason: lmao
11:03:11 BattlEye Server: (Group) ANATOLI CHEJOV: finally 
11:03:15 BattlEye Server: (Group) Mason: well guess he can die, LMAO
11:03:51 Player Mason disconnected.
11:03:51 BattlEye Server: Player #1 Mason disconnected
11:16:17 Player squez disconnected.
11:16:17 BattlEye Server: Player #4 squez disconnected
11:21:23 SgtMajPrivate uses modified data file
11:21:23 BattlEye Server: Player #3 SgtMajPrivate (73.93.167.13:2309) connected
11:21:23 Player SgtMajPrivate connecting.
11:21:25 BattlEye Server: Player #3 SgtMajPrivate - BE GUID: 4c2b9d687447cbad1213b89cfae82f46
11:21:25 Player SgtMajPrivate connected (id=76561198164565751).
11:21:25 BattlEye Server: Verified GUID (4c2b9d687447cbad1213b89cfae82f46) of player #3 SgtMajPrivate
11:23:17 Admin logged in, player: SgtMajPrivate, playerUID: 76561198164565751, IP: 192.168.0.11:2309.
11:30:23 Malli uses modified data file
11:30:23 BattlEye Server: Player #4 Malli (31.209.145.71:63705) connected
11:30:23 Player Malli connecting.
11:30:25 BattlEye Server: Player #4 Malli - BE GUID: 1791d44659658d0c8f36b69c8ec57b45
11:30:26 Player Malli connected (id=76561198081002742).
11:30:26 BattlEye Server: Verified GUID (1791d44659658d0c8f36b69c8ec57b45) of player #4 Malli
11:30:27 Player Malli disconnected.
11:30:27 BattlEye Server: Player #4 Malli disconnected
11:48:01 Player SgtMajPrivate disconnected.
11:48:01 BattlEye Server: Player #3 SgtMajPrivate disconnected
11:48:01 Admin logged out, player: SgtMajPrivate, playerUID: 76561198164565751, IP: 192.168.0.11:2309.
11:56:03 Player ANATOLI CHEJOV disconnected.
11:56:03 BattlEye Server: Player #0 ANATOLI CHEJOV disconnected
12:46:11 M4NN0 uses modified data file
12:46:11 BattlEye Server: Player #3 M4NN0 (189.35.43.111:2309) connected
12:46:11 Player M4NN0 connecting.
12:46:14 BattlEye Server: Player #3 M4NN0 - BE GUID: 04160c793224bb37fcb44448b3ac3062
12:46:15 Player M4NN0 connected (id=76561198106436042).
12:46:15 BattlEye Server: Verified GUID (04160c793224bb37fcb44448b3ac3062) of player #3 M4NN0
12:51:20 jnisw uses modified data file
12:51:20 BattlEye Server: Player #4 jnisw (73.209.5.100:2304) connected
12:51:20 Player jnisw connecting.
12:51:22 BattlEye Server: Player #4 jnisw - BE GUID: 41528ca85676fc5f9bfa0481598d2c6b
12:51:23 Player jnisw connected (id=76561198357098461).
12:51:23 BattlEye Server: Verified GUID (41528ca85676fc5f9bfa0481598d2c6b) of player #4 jnisw
12:55:54 Player jnisw disconnected.
12:55:54 BattlEye Server: Player #4 jnisw disconnected
12:58:41 Rou Kowalski uses modified data file
12:58:41 BattlEye Server: Player #4 Rou Kowalski (73.147.1.91:2309) connected
12:58:41 Player Rou Kowalski connecting.
12:58:43 BattlEye Server: Player #4 Rou Kowalski - BE GUID: 58cae163ea9d3a0ff8adde240b436737
12:58:59 Player Rou Kowalski connected (id=76561198034110598).
12:58:59 BattlEye Server: Verified GUID (58cae163ea9d3a0ff8adde240b436737) of player #4 Rou Kowalski
13:25:30 FunScoot33 uses modified data file
13:25:30 BattlEye Server: Player #5 FunScoot33 (71.9.134.227:2304) connected
13:25:30 Player FunScoot33 connecting.
13:25:32 BattlEye Server: Player #5 FunScoot33 - BE GUID: 5e7673cdeeccc56cac8404c8793ded1f
13:25:33 Player FunScoot33 connected (id=76561198246582132).
13:25:33 BattlEye Server: Verified GUID (5e7673cdeeccc56cac8404c8793ded1f) of player #5 FunScoot33
13:26:14 Chu uses modified data file
13:26:14 BattlEye Server: Player #6 Chu (73.252.204.205:2304) connected
13:26:14 Player Chu connecting.
13:26:16 Player Chu disconnected.
13:26:16 BattlEye Server: Player #6 Chu disconnected
13:27:15 Elgringo_73 uses modified data file
13:27:15 BattlEye Server: Player #6 Elgringo_73 (77.150.217.80:2304) connected
13:27:15 Player Elgringo_73 connecting.
13:27:17 BattlEye Server: Player #6 Elgringo_73 - BE GUID: cf3df6b684f9201b02d8fee27ad4c3ff
13:32:45 Player Elgringo_73 connected (id=76561198070393410).
13:32:45 BattlEye Server: Verified GUID (cf3df6b684f9201b02d8fee27ad4c3ff) of player #6 Elgringo_73
13:33:05 Player FunScoot33 disconnected.
13:33:05 BattlEye Server: Player #5 FunScoot33 disconnected
13:42:56 Cdt. Chief uses modified data file
13:42:57 BattlEye Server: Player #7 Cdt. Chief (68.230.78.151:2309) connected
13:42:57 Player Cdt. Chief connecting.
13:43:01 BattlEye Server: Player #7 Cdt. Chief - BE GUID: af11a3a01662bb40284c76228333ac1f
13:43:01 Player Cdt. Chief connected (id=76561198311827157).
13:43:02 BattlEye Server: Verified GUID (af11a3a01662bb40284c76228333ac1f) of player #7 Cdt. Chief
14:44:17 Player M4NN0 disconnected.
14:44:17 BattlEye Server: Player #3 M4NN0 disconnected
14:46:32 Player Cdt. Chief disconnected.
14:46:32 BattlEye Server: Player #7 Cdt. Chief disconnected
14:53:35 Cdt. Chief uses modified data file
14:53:35 BattlEye Server: Player #7 Cdt. Chief (68.230.78.151:2309) connected
14:53:35 Player Cdt. Chief connecting.
14:53:38 BattlEye Server: Player #7 Cdt. Chief - BE GUID: af11a3a01662bb40284c76228333ac1f
14:53:38 Player Cdt. Chief connected (id=76561198311827157).
14:53:38 BattlEye Server: Verified GUID (af11a3a01662bb40284c76228333ac1f) of player #7 Cdt. Chief
14:55:01 Failed attempt to execute serverCommand '#lock' by server.
14:57:35 Player Varluk disconnected.
14:57:35 BattlEye Server: Player #2 Varluk disconnected
14:59:16 Player Elgringo_73 disconnected.
14:59:16 BattlEye Server: Player #6 Elgringo_73 disconnected
14:59:23 Player Cdt. Chief disconnected.
14:59:23 BattlEye Server: Player #7 Cdt. Chief disconnected
15:00:09 Dustin uses modified data file
15:00:09 BattlEye Server: Player #5 Dustin (204.210.175.2:51151) connected
15:00:09 Player Dustin connecting.
15:00:12 BattlEye Server: Player #5 Dustin - BE GUID: 9381435b1685e6646b9187