 9:01:38 BattlEye Server: Initialized (v1.217)
 9:01:38 Host identity created.
 9:01:38 Game Port: 2307, Steam Query Port: 2308
 9:01:38 Mission A3Wasteland Altis v1.4c read from bank.
 9:01:40 Roles assigned.
 9:01:40 Reading mission ...
 9:02:11 Mission read.
 9:02:11 Game started.
 9:02:18 ANATOLI CHEJOV uses modified data file
 9:02:18 BattlEye Server: Player #0 ANATOLI CHEJOV (190.171.107.50:62725) connected
 9:02:18 Player ANATOLI CHEJOV connecting.
 9:02:18 BattlEye Server: Connected to BE Master
 9:02:20 BattlEye Server: Player #0 ANATOLI CHEJOV - BE GUID: a01f35e030c4464ff5b5e9c18ddf0195
 9:02:20 Player ANATOLI CHEJOV connected (id=76561198065774594).
 9:02:20 BattlEye Server: Verified GUID (a01f35e030c4464ff5b5e9c18ddf0195) of player #0 ANATOLI CHEJOV
 9:04:08 MONRROBER uses modified data file
 9:04:08 BattlEye Server: Player #1 MONRROBER (168.196.126.2:2304) connected
 9:04:08 Player MONRROBER connecting.
 9:04:14 BattlEye Server: Player #1 MONRROBER - BE GUID: 8e4281533c67e621ba4f920e8e29e102
 9:04:14 Player MONRROBER connected (id=76561198386962721).
 9:04:14 BattlEye Server: Verified GUID (8e4281533c67e621ba4f920e8e29e102) of player #1 MONRROBER
 9:07:15 Player MONRROBER disconnected.
 9:07:16 BattlEye Server: Player #1 MONRROBER disconnected
 9:40:12 Rou Kowalski uses modified data file
 9:40:12 BattlEye Server: Player #1 Rou Kowalski (73.147.1.91:2309) connected
 9:40:12 Player Rou Kowalski connecting.
 9:40:15 BattlEye Server: Player #1 Rou Kowalski - BE GUID: 58cae163ea9d3a0ff8adde240b436737
 9:41:16 Player Rou Kowalski connected (id=76561198034110598).
 9:41:16 BattlEye Server: Verified GUID (58cae163ea9d3a0ff8adde240b436737) of player #1 Rou Kowalski
 9:43:04 Greggles uses modified data file
 9:43:04 BattlEye Server: Player #2 Greggles (94.196.123.87:2304) connected
 9:43:04 Player Greggles connecting.
 9:43:06 BattlEye Server: Player #2 Greggles - BE GUID: 35f586deb6cfd43a4f16b93e62e61ec7
 9:43:06 Player Greggles connected (id=76561197998606386).
 9:43:06 BattlEye Server: Verified GUID (35f586deb6cfd43a4f16b93e62e61ec7) of player #2 Greggles
 9:43:11 Player Greggles disconnected.
 9:43:11 BattlEye Server: Player #2 Greggles disconnected
 9:58:00 Varluk uses modified data file
 9:58:00 BattlEye Server: Player #2 Varluk (188.170.75.0:9547) connected
 9:58:00 Player Varluk connecting.
 9:58:04 BattlEye Server: Player #2 Varluk - BE GUID: 40a5c124c81a14d4235b4453eb839ddf
 9:58:05 Player Varluk connected (id=76561198022459854).
 9:58:05 BattlEye Server: Verified GUID (40a5c124c81a14d4235b4453eb839ddf) of player #2 Varluk
10:15:03 BattlEye Server: (Group) ANATOLI CHEJOV: yes
10:15:12 BattlEye Server: (Group) ANATOLI CHEJOV: yes
10:26:38 BattlEye Server: (Group) ANATOLI CHEJOV: what 
10:26:50 |AntiVirus| uses modified data file
10:26:50 BattlEye Server: Player #3 |AntiVirus| (75.33.187.45:2309) connected
10:26:50 Player |AntiVirus| connecting.
10:26:56 BattlEye Server: Player #3 |AntiVirus| - BE GUID: 55f43131cb543c3c7801a9d7cb57ca69
10:26:56 Player |AntiVirus| connected (id=76561198145210419).
10:26:56 BattlEye Server: Verified GUID (55f43131cb543c3c7801a9d7cb57ca69) of player #3 |AntiVirus|
10:30:23 BattlEye Server: (Group) ANATOLI CHEJOV: xxxxx
10:30:50 BattlEye Server: (Group) ANATOLI CHEJOV: is the same
10:31:06 BattlEye Server: (Group) ANATOLI CHEJOV: isthesame
10:31:37 BattlEye Server: (Group) ANATOLI CHEJOV: these is the samepassord 
10:31:42 BattlEye Server: (Group) ANATOLI CHEJOV: cometry that 
10:34:50 BattlEye Server: (Group) ANATOLI CHEJOV: try 
10:35:50 BattlEye Server: (Group) ANATOLI CHEJOV: /maybe i nee new keys 
10:35:55 BattlEye Server: (Group) ANATOLI CHEJOV: that should not happen
10:37:46 BattlEye Server: (Group) ANATOLI CHEJOV: we can try that 
10:45:23 BattlEye Server: (Group) ANATOLI CHEJOV: 500
10:45:36 BattlEye Server: (Group) ANATOLI CHEJOV: the scoters 
10:45:44 BattlEye Server: (Group) ANATOLI CHEJOV: the sbucs 5k
10:47:22 BattlEye Server: (Group) ANATOLI CHEJOV: lets change blue 
11:00:11 Player Varluk is losing connection
11:01:04 Player Varluk disconnected.
11:01:04 BattlEye Server: Player #2 Varluk disconnected
11:05:45 BattlEye Server: (Group) ANATOLI CHEJOV: WHAT 
11:12:49 Player |AntiVirus| is losing connection
11:14:09 Player |AntiVirus| disconnected.
11:14:10 BattlEye Server: Player #3 |AntiVirus| disconnected
11:15:57 BattlEye Server: (Group) ANATOLI CHEJOV: just a sec
11:18:17 BattlEye Server: (Group) ANATOLI CHEJOV: eres
11:28:08 BattlEye Server: (Group) ANATOLI CHEJOV: it looks amazing fromtheir 
11:30:58 BattlEye Server: (Group) ANATOLI CHEJOV: wtf 
11:31:16 BattlEye Server: (Group) ANATOLI CHEJOV: dk
11:31:46 BattlEye Server: (Group) ANATOLI CHEJOV: dusu udonthave one
11:31:51 BattlEye Server: (Group) ANATOLI CHEJOV: lol bad medic 
11:32:06 BattlEye Server: (Group) ANATOLI CHEJOV: thks
11:32:27 BattlEye Server: (Group) ANATOLI CHEJOV: is something there
11:32:44 BattlEye Server: (Group) ANATOLI CHEJOV: drag nme
11:32:57 BattlEye Server: (Group) ANATOLI CHEJOV: thks
11:35:14 BattlEye Server: (Group) ANATOLI CHEJOV: that supply 
11:37:16 BattlEye Server: (Group) ANATOLI CHEJOV: we r going tohave an amziing base
11:37:28 BattlEye Server: (Group) ANATOLI CHEJOV: betwee u  hemnmasonandme 
11:37:30 BattlEye Server: (Group) ANATOLI CHEJOV: damn
11:37:53 BattlEye Server: (Group) ANATOLI CHEJOV: mason is thakingthat tower there
11:38:55 BattlEye Server: (Group) ANATOLI CHEJOV: ilñoveit
11:40:09 BattlEye Server: (Group) ANATOLI CHEJOV: pls leave openthe atms space 
11:40:19 BattlEye Server: (Group) ANATOLI CHEJOV: put the wallsmorelike 
11:40:32 BattlEye Server: (Group) ANATOLI CHEJOV: like here
11:40:50 BattlEye Server: (Group) ANATOLI CHEJOV: leaving thisopen
11:43:45 Player Rou Kowalski disconnected.
11:43:45 BattlEye Server: Player #1 Rou Kowalski disconnected
12:04:03 -{DMX}strix uses modified data file
12:04:03 BattlEye Server: Player #1 -{DMX}strix (168.195.147.30:2309) connected
12:04:03 Player -{DMX}strix connecting.
12:04:06 BattlEye Server: Player #1 -{DMX}strix - BE GUID: 97d3d41e6d3ab080ceac3eda90220be7
12:05:08 Player -{DMX}strix connected (id=76561198332928580).
12:05:08 BattlEye Server: Verified GUID (97d3d41e6d3ab080ceac3eda90220be7) of player #1 -{DMX}strix
12:08:38 Player -{DMX}strix is losing connection
12:09:39 Player -{DMX}strix disconnected.
12:09:39 BattlEye Server: Player #1 -{DMX}strix disconnected
12:09:39 -{DMX}strix uses modified data file
12:09:39 BattlEye Server: Player #1 -{DMX}strix (168.195.147.30:2309) connected
12:09:39 Player -{DMX}strix connecting.
12:09:47 Player -{DMX}strix disconnected.
12:09:47 BattlEye Server: Player #1 -{DMX}strix disconnected
12:10:50 -{DMX}strix uses modified data file
12:10:50 BattlEye Server: Player #1 -{DMX}strix (168.195.147.30:2309) connected
12:10:50 Player -{DMX}strix connecting.
12:10:55 BattlEye Server: Player #1 -{DMX}strix - BE GUID: 97d3d41e6d3ab080ceac3eda90220be7
12:11:57 Player -{DMX}strix connected (id=76561198332928580).
12:11:57 BattlEye Server: Verified GUID (97d3d41e6d3ab080ceac3eda90220be7) of player #1 -{DMX}strix
12:14:25 Player -{DMX}strix kicked off by BattlEye: Client not responding
12:14:25 Player -{DMX}strix disconnected.
13:22:06 stang uses modified data file
13:22:06 BattlEye Server: Player #1 stang (212.183.105.148:2309) connected
13:22:06 Player stang connecting.
13:22:14 Player stang disconnected.
13:22:14 BattlEye Server: Player #1 stang disconnected
13:23:38 Player ANATOLI CHEJOV disconnected.
13:23:38 BattlEye Server: Player #0 ANATOLI CHEJOV disconnected
13:25:09 Pius uses modified data file
13:25:09 BattlEye Server: Player #0 Pius (87.247.202.34:2309) connected
13:25:09 Player Pius connecting.
13:25:12 BattlEye Server: Player #0 Pius - BE GUID: f902a2706228f4ff4e5e9bfeb41a940e
13:25:12 Player Pius connected (id=76561198082369656).
13:25:12 BattlEye Server: Verified GUID (f902a2706228f4ff4e5e9bfeb41a940e) of player #0 Pius
13:32:28 Player Pius disconnected.
13:32:28 BattlEye Server: Player #0 Pius disconnected
14:10:05 ANATOLI CHEJOV uses modified data file
14:10:05 BattlEye Server: Player #0 ANATOLI CHEJOV (190.171.107.50:62725) connected
14:10:05 Player ANATOLI CHEJOV connecting.
14:1