 3:02:49 BattlEye Server: Initialized (v1.217)
 3:02:49 Host identity created.
 3:02:49 Game Port: 2307, Steam Query Port: 2308
 3:02:49 Mission A3Wasteland Altis v1.4c read from bank.
 3:02:51 Roles assigned.
 3:02:51 Reading mission ...
 3:03:34 Mission read.
 3:03:34 Rou Kowalski uses modified data file
 3:03:34 BattlEye Server: Player #0 Rou Kowalski (73.147.1.91:2309) connected
 3:03:34 Player Rou Kowalski connecting.
 3:03:34 Game started.
 3:03:35 BattlEye Server: Connected to BE Master
 3:03:36 BattlEye Server: Player #0 Rou Kowalski - BE GUID: 58cae163ea9d3a0ff8adde240b436737
 3:03:38 Player Rou Kowalski connected (id=76561198034110598).
 3:03:38 BattlEye Server: Verified GUID (58cae163ea9d3a0ff8adde240b436737) of player #0 Rou Kowalski
 3:05:11 High Alert Highlander  uses modified data file
 3:05:11 BattlEye Server: Player #1 High Alert Highlander  (190.171.107.27:62725) connected
 3:05:11 Player High Alert Highlander  connecting.
 3:05:13 BattlEye Server: Player #1 High Alert Highlander  - BE GUID: a01f35e030c4464ff5b5e9c18ddf0195
 3:05:14 Player High Alert Highlander  connected (id=76561198065774594).
 3:05:14 BattlEye Server: Verified GUID (a01f35e030c4464ff5b5e9c18ddf0195) of player #1 High Alert Highlander 
 3:52:50 Voodoo uses modified data file
 3:52:50 BattlEye Server: Player #2 Voodoo (173.28.50.147:2309) connected
 3:52:50 Player Voodoo connecting.
 3:52:52 BattlEye Server: Player #2 Voodoo - BE GUID: 9605ad9547ca662373aeb401ac8b079c
 3:52:52 Player Voodoo connected (id=76561198139226388).
 3:52:52 BattlEye Server: Verified GUID (9605ad9547ca662373aeb401ac8b079c) of player #2 Voodoo
 3:59:04 Player Rou Kowalski disconnected.
 3:59:04 BattlEye Server: Player #0 Rou Kowalski disconnected
 4:00:01 BattlEye Server: (Global) High Alert Highlander : goodmorning Voddo 
 4:00:05 BattlEye Server: (Global) High Alert Highlander : Voodoo
 4:00:12 BattlEye Server: (Global) Voodoo: Good morning to you as well kind sir
 4:00:49 BattlEye Server: (Global) High Alert Highlander : dude i have a proposition for you 
 4:00:58 BattlEye Server: (Global) Voodoo: What might that be
 4:01:08 BattlEye Server: (Global) High Alert Highlander : remember  The kyle guy 
 4:01:15 BattlEye Server: (Global) Voodoo: Indeed
 4:01:17 BattlEye Server: (Global) High Alert Highlander : fromyesterday 
 4:01:22 BattlEye Server: (Global) Voodoo: I had my fun with that man
 4:01:37 BattlEye Server: (Global) High Alert Highlander : i  send him a warning after i saw what happen in the chat logs 
 4:01:51 BattlEye Server: (Global) Voodoo: Why?
 4:01:53 BattlEye Server: (Global) High Alert Highlander : with you and the other guy 
 4:02:19 BattlEye Server: (Global) High Alert Highlander : that behaviur is not allowed here 
 4:02:27 BattlEye Server: (Global) Voodoo: Oh I apologize
 4:02:35 BattlEye Server: (Global) High Alert Highlander : u r fine 
 4:02:35 BattlEye Server: (Global) Voodoo: I shot him down with a tank lol
 4:02:40 BattlEye Server: (Global) High Alert Highlander : he start the shit 
 4:02:50 BattlEye Server: (Global) High Alert Highlander : as long with his friend 
 4:03:03 BattlEye Server: (Global) High Alert Highlander : anyway 
 4:03:16 BattlEye Server: (Global) High Alert Highlander : he has been doing  some trouble here 
 4:03:25 BattlEye Server: (Global) High Alert Highlander : and ineed people ontyhe server 
 4:03:38 BattlEye Server: (Global) High Alert Highlander : so i cant banned him for now 
 4:04:10 BattlEye Server: (Global) Voodoo: I loved too
 4:04:21 BattlEye Server: (Global) High Alert Highlander : but i will give you 100K each time  that ukill him 
 4:04:27 BattlEye Server: (Global) Voodoo: :o
 4:04:29 BattlEye Server: (Global) Voodoo: Omg
 4:04:38 BattlEye Server: (Global) Voodoo: Definitely will now xD
 4:04:52 BattlEye Server: (Global) Voodoo: Nah I'm kidding but like Yeah I'd love to
 4:05:18 BattlEye Server: (Global) High Alert Highlander : -consuidered as an award for helping the server from that guy 
 4:05:27 BattlEye Server: (Global) Voodoo: Haha
 4:05:27 BattlEye Server: (Global) High Alert Highlander : and any other that rides with him 
 4:06:09 BattlEye Server: (Global) High Alert Highlander : ujust need to reach me or mason  and we will transfer you the money 
 4:06:32 BattlEye Server: (Global) High Alert Highlander : i will check the killing logs just tomake sure that you did that 
 4:06:41 BattlEye Server: (Global) High Alert Highlander : and thats it 
 4:06:51 BattlEye Server: (Global) Voodoo: Okay I'll shoot you a friend request
 4:06:58 BattlEye Server: (Global) High Alert Highlander : 100k for him and 25k for any other that rides with him
 4:07:13 BattlEye Server: (Global) High Alert Highlander : ok
 4:08:30 BattlEye Server: (Global) Voodoo: Done
 4:08:30 BattlEye Server: (Global) High Alert Highlander : THKS for your servises Voodoo
 4:08:37 BattlEye Server: (Global) Voodoo: Very welcome
 4:12:49 BattlEye Server: (Global) High Alert Highlander : just to let youknow hegoesunder two names 
 4:12:57 BattlEye Server: (Global) High Alert Highlander : kyle and yeet 
 4:13:16 BattlEye Server: (Global) Voodoo: Okay I'll let my people know to let me know when he's on
 4:13:37 BattlEye Server: (Global) High Alert Highlander : that is for the next 5 kills
 4:13:45 BattlEye Server: (Global) Voodoo: Oh my
 4:13:53 BattlEye Server: (Global) Voodoo: Thanks!
 4:14:07 BattlEye Server: (Global) High Alert Highlander : Yw 
 4:14:52 BattlEye Server: (Global) High Alert Highlander : imdoing a script for putting bounties onthe server on people heads but is not ready yet 
 4:15:06 BattlEye Server: (Global) Voodoo: I love that Idea lol
 4:15:22 BattlEye Server: (Global) High Alert Highlander : that will show up inthe ATMS 
 4:15:31 BattlEye Server: (Global) High Alert Highlander : as an option 
 4:15:44 BattlEye Server: (Global) High Alert Highlander : uclick bounty andplace an amount
 4:16:02 BattlEye Server: (Global) High Alert Highlander : who kills the target  will get the money 
 4:16:32 BattlEye Server: (Global) High Alert Highlander : enyoy ur stay with us
 4:16:51 BattlEye Server: (Global) Voodoo: I will, Have a nice day
 4:19:17 Player High Alert Highlander  disconnected.
 4:19:17 BattlEye Server: Player #1 High Alert Highlander  disconnected
 4:23:00 Player Voodoo disconnected.
 4:23:00 BattlEye Server: Player #2 Voodoo disconnected
 4:34:26 Bob Lee uses modified data file
 4:34:26 BattlEye Server: Player #0 Bob Lee (217.42.61.228:2309) connected
 4:34:26 Player Bob Lee connecting.
 4:34:29 BattlEye Server: Player #0 Bob Lee - BE GUID: 52d9ca92b8c3298ec24172bdac71006f
 4:34:30 Player Bob Lee connected (id=76561198354803567).
 4:34:30 BattlEye Server: Verified GUID (52d9ca92b8c3298ec24172bdac71006f) of player #0 Bob Lee
 4:59:47 Mason uses modified data file
 4:59:47 BattlEye Server: Player #1 Mason (24.207.152.238:2309) connected
 4:59:47 Player Mason connecting.
 4:59:50 BattlEye Server: Player #1 Mason - BE GUID: 955d09b6e1dde9360ceebc2963df084d
 4:59:50 Player Mason connected (id=76561198026943270).
 4:59:50 BattlEye Server: Verified GUID (955d09b6e1dde9360ceebc2963df084d) of player #1 Mason
 5:07:36 Player Mason disconnected.
 5:07:36 BattlEye Server: Player #1 Mason disconnected
 5:32:52 Player Bob Lee disconnected.
 5:32:52 BattlEye Server: Player #0 Bob Lee disconnected
 6:16:16 M4NN0 uses modified data file
 6:16:16 BattlEye Server: Player #0 M4NN0 (179.216.87.92:2309) connected
 6:16:16 Player M4NN0 connecting.
 6:16:19 BattlEye Server: Player #0 M4NN0 - BE GUID: 04160c793224bb37fcb44448b3ac3062
 6:16:19 Player M4NN0 connected (id=76561198106436042).
 6:16:19 BattlEye Server: Verified GUID (04160c793224bb37fcb44448b3ac3062) of player #0 M4NN0
 6:57:38 RCT.MASSEY.T uses modified data file
 6:57:38 BattlEye Server: Player #1 RCT.MASSEY.T (174.193.151.104:13441) connected
 6:57:38 Player RCT.MASSEY.T connecting.
 6:57:40 BattlEye Server: Player #1 RCT.MASSEY.T - BE GUID: c32ead9d50d7c8b043291951e92544ad
 6:57:40 Player RCT.MASSEY.T connected (id=76561198036148836).
 6:57:40 BattlEye Server: Verified GUID (c32ead9d50d7c8b043291951e92544ad) of player #1 RCT.MASSEY.T
 6:58:40 Hector Cali uses modified data file
 6:58:40 Ba