15:01:39 BattlEye Server: Initialized (v1.217)
15:01:39 Host identity created.
15:01:39 Game Port: 2307, Steam Query Port: 2308
15:01:39 Mission A3Wasteland Altis v1.4c read from bank.
15:01:40 Roles assigned.
15:01:40 Reading mission ...
15:02:13 Mission read.
15:02:13 Game started.
15:05:11 High Alert Highlander  uses modified data file
15:05:11 BattlEye Server: Player #0 High Alert Highlander  (190.171.107.63:62725) connected
15:05:11 Player High Alert Highlander  connecting.
15:05:11 BattlEye Server: Connected to BE Master
15:05:13 BattlEye Server: Player #0 High Alert Highlander  - BE GUID: a01f35e030c4464ff5b5e9c18ddf0195
15:05:16 Player High Alert Highlander  connected (id=76561198065774594).
15:05:16 BattlEye Server: Verified GUID (a01f35e030c4464ff5b5e9c18ddf0195) of player #0 High Alert Highlander 
15:06:52 Admin logged in, player: High Alert Highlander , playerUID: 76561198065774594, IP: 192.168.0.10:2309.
15:37:56 Player High Alert Highlander  disconnected.
15:37:56 BattlEye Server: Player #0 High Alert Highlander  disconnected
15:37:56 Admin logged out, player: High Alert Highlander , playerUID: 76561198065774594, IP: 192.168.0.10:2309.
16:39:43 Mason uses modified data file
16:39:43 BattlEye Server: Player #0 Mason (71.81.137.47:2309) connected
16:39:43 Player Mason connecting.
16:39:45 BattlEye Server: Player #0 Mason - BE GUID: 955d09b6e1dde9360ceebc2963df084d
16:39:46 Player Mason connected (id=76561198026943270).
16:39:46 BattlEye Server: Verified GUID (955d09b6e1dde9360ceebc2963df084d) of player #0 Mason
17:00:16 Player Mason: Wrong signature for file addons\dubbing_f_gamma.pbo
17:00:16 Player Mason disconnected.
17:00:16 BattlEye Server: Player #0 Mason disconnected
17:01:42 Mason uses modified data file
17:01:42 BattlEye Server: Player #0 Mason (71.81.137.47:2309) connected
17:01:42 Player Mason connecting.
17:01:44 BattlEye Server: Player #0 Mason - BE GUID: 955d09b6e1dde9360ceebc2963df084d
17:01:45 Player Mason connected (id=76561198026943270).
17:01:45 BattlEye Server: Verified GUID (955d09b6e1dde9360ceebc2963df084d) of player #0 Mason
17:20:31 BR1_Bandit uses modified data file
17:20:31 BattlEye Server: Player #1 BR1_Bandit (134.41.96.129:2309) connected
17:20:31 Player BR1_Bandit connecting.
17:20:33 BattlEye Server: Player #1 BR1_Bandit - BE GUID: 8a701e7029ec21d8e45677830a84af43
17:20:33 Player BR1_Bandit connected (id=76561198151022635).
17:20:33 BattlEye Server: Verified GUID (8a701e7029ec21d8e45677830a84af43) of player #1 BR1_Bandit
17:26:58 BattlEye Server: (Side) Mason: u there?
17:27:19 BattlEye Server: (Side) BR1_Bandit: i hear u
17:27:21 BattlEye Server: (Side) Mason: u gear me?
17:27:25 BattlEye Server: (Side) Mason: hear
20:43:45 High Alert Highlander  uses modified data file
20:43:45 BattlEye Server: Player #2 High Alert Highlander  (190.171.107.63:62725) connected
20:43:45 Player High Alert Highlander  connecting.
20:43:49 BattlEye Server: Player #2 High Alert Highlander  - BE GUID: a01f35e030c4464ff5b5e9c18ddf0195
20:43:52 Player High Alert Highlander  connected (id=76561198065774594).
20:43:52 BattlEye Server: Verified GUID (a01f35e030c4464ff5b5e9c18ddf0195) of player #2 High Alert Highlander 
20:45:54 BattlEye Server: (Global) High Alert Highlander : hey guys 
20:46:19 BattlEye Server: (Global) High Alert Highlander : sorry i was working
20:46:32 BattlEye Server: (Global) High Alert Highlander : i was trading in the cryto 
20:47:00 BattlEye Server: (Global) Mason: very nice
20:47:57 Admin logged in, player: High Alert Highlander , playerUID: 76561198065774594, IP: 192.168.0.10:2309.
20:48:06 BattlEye Server: (Global) High Alert Highlander : bandit 
20:48:27 BattlEye Server: (Global) High Alert Highlander : doyou want to have a personal base or wouldyou like to use mine 
20:49:10 BattlEye Server: (Global) High Alert Highlander : ok
20:49:27 BattlEye Server: (Global) High Alert Highlander : mason pls read your discord 
20:50:26 BattlEye Server: (Global) High Alert Highlander : and letmeknow 
20:51:29 BattlEye Server: (Global) High Alert Highlander : ok see ya 
20:51:30 BattlEye