15:01:31 BattlEye Server: Initialized (v1.217)
15:01:31 Host identity created.
15:01:31 Game Port: 2307, Steam Query Port: 2308
15:01:31 Mission A3Wasteland Altis v1.4c read from bank.
15:01:33 Roles assigned.
15:01:33 Reading mission ...
15:02:04 Mission read.
15:02:04 Game started.
15:29:18 RyanTheWindmill uses modified data file
15:29:18 BattlEye Server: Player #0 RyanTheWindmill (24.210.55.246:44059) connected
15:29:18 Player RyanTheWindmill connecting.
15:29:19 BattlEye Server: Connected to BE Master
15:29:20 BattlEye Server: Player #0 RyanTheWindmill - BE GUID: 12510555e2fe55f7d2c260006d45be91
15:29:21 Player RyanTheWindmill connected (id=76561198321464286).
15:29:21 BattlEye Server: Verified GUID (12510555e2fe55f7d2c260006d45be91) of player #0 RyanTheWindmill
15:36:29 Mason uses modified data file
15:36:29 BattlEye Server: Player #1 Mason (71.81.137.47:2309) connected
15:36:29 Player Mason connecting.
15:36:31 BattlEye Server: Player #1 Mason - BE GUID: 955d09b6e1dde9360ceebc2963df084d
15:36:31 Player Mason connected (id=76561198026943270).
15:36:31 BattlEye Server: Verified GUID (955d09b6e1dde9360ceebc2963df084d) of player #1 Mason
15:38:15 High Alert Highlander  uses modified data file
15:38:15 BattlEye Server: Player #2 High Alert Highlander  (190.171.107.63:62725) connected
15:38:15 Player High Alert Highlander  connecting.
15:38:20 BattlEye Server: Player #2 High Alert Highlander  - BE GUID: a01f35e030c4464ff5b5e9c18ddf0195
15:38:24 Player High Alert Highlander  connected (id=76561198065774594).
15:38:24 BattlEye Server: Verified GUID (a01f35e030c4464ff5b5e9c18ddf0195) of player #2 High Alert Highlander 
15:40:17 Admin logged in, player: High Alert Highlander , playerUID: 76561198065774594, IP: 192.168.0.10:2309.
15:40:35 BattlEye Server: (Global) High Alert Highlander : hi everyone
15:40:52 BattlEye Server: (Global) Mason: hey
15:43:25 BattlEye Server: (Group) Mason: whats up
15:43:44 BattlEye Server: (Group) High Alert Highlander : all good
15:43:53 BattlEye Server: (Group) High Alert Highlander : i wach the first 4 gmes
15:44:10 BattlEye Server: (Group) Mason: spa and port was looking good
15:44:18 BattlEye Server: (Group) High Alert Highlander : but specially the last one  Spain VS Portugal 
15:44:36 BattlEye Server: (Group) High Alert Highlander : that was amazing 
15:44:38 BattlEye Server: (Group) Mason: yep, who won
15:44:47 BattlEye Server: (Group) High Alert Highlander : its was a draw 
15:44:53 BattlEye Server: (Group) High Alert Highlander : 3/3
15:44:55 BattlEye Server: (Group) Mason: nice
15:46:10 BattlEye Server: (Global) High Alert Highlander : Ryan can i askyou what r u doing inthe respawn area 
15:46:19 BattlEye Server: (Global) High Alert Highlander : that island is off limits 
15:47:59 BattlEye Server: (Global) High Alert Highlander : answer or udie
15:48:04 BattlEye Server: (Global) High Alert Highlander : 1
15:48:09 BattlEye Server: (Global) High Alert Highlander : 2
15:48:15 BattlEye Server: (Global) High Alert Highlander : 3
15:48:30 Player RyanTheWindmill disconnected.
15:48:30 BattlEye Server: Player #0 RyanTheWindmill disconnected
15:49:10 BattlEye Server: (Group) High Alert Highlander : sorry about that 
15:49:23 BattlEye Server: (Group) High Alert Highlander : but yea the game was incredible }
15:49:33 BattlEye Server: (Group) High Alert Highlander : what ?
15:49:43 BattlEye Server: (Group) High Alert Highlander : the game
15:49:49 BattlEye Server: (Group) High Alert Highlander : what u said 
15:50:02 BattlEye Server: (Group) High Alert Highlander : red pill 
15:50:15 BattlEye Server: (Group) High Alert Highlander : im in discord 
15:50:36 BattlEye Server: (Group) High Alert Highlander : dude the guy was standing there in the respawn island 
15:50:51 BattlEye Server: (Group) High Alert Highlander : i got a warining message 
15:53:17 BattlEye Server: (Group) High Alert Highlander : yes
15:54:30 BattlEye Server: (Group) High Alert Highlander : how did u die 
15:56:53 BattlEye Server: (Group) High Alert Highlander : hey comehere to seehow we canbuild this
15:58:04 BattlEye Server: (Group) High Alert Highlander : yes
15:58:39 BattlEye Server: (Group) High Alert Highlander : imgoing to the twinstoseehow im going tostart buiding that 
16:02:04 BattlEye Server: (Group) High Alert Highlander : im going to start unlocking things in your base {
16:04:04 BattlEye Server: (Group) High Alert Highlander : Or u want to stillhave that one  and have this one as a secondary one ?
16:04:30 BattlEye Server: (Group) High Alert Highlander : sopeopledont think that we move that 
16:04:47 BattlEye Server: (Group) High Alert Highlander : and have all the main things over there 
16:04:55 BattlEye Server: (Group) High Alert Highlander : ok
16:05:17 BattlEye Server: (Group) High Alert Highlander : ok
16:09:36 BattlEye Server: (Group) High Alert Highlander : no all good
16:13:45 BattlEye Server: (Group) High Alert Highlander : ok  i will start buiding the base onthe ditor and have that uploaded  tomorrow 
16:13:59 BattlEye Server: (Group) High Alert Highlander : soi willbuild that later in the night 
16:15:50 BattlEye Server: (Group) High Alert Highlander : to those not 
16:16:05 BattlEye Server: (Group) High Alert Highlander : it has to be a building that u buy 
16:16:15 BattlEye Server: (Group) High Alert Highlander : the base locker is there 
16:16:42 BattlEye Server: (Group) High Alert Highlander : yea 
16:17:04 BattlEye Server: (Group) High Alert Highlander : yes
16:17:41 BattlEye Server: (Group) High Alert Highlander : we can have a base esat another south and post north
16:17:43 BattlEye Server: (Group) High Alert Highlander : lol
16:18:10 BattlEye Server: (Group) High Alert Highlander : u got tofind a clear 
16:18:21 BattlEye Server: (Group) High Alert Highlander : spot
16:18:42 BattlEye Server: (Group) High Alert Highlander : post
16:19:20 BattlEye Server: (Group) High Alert Highlander : that is super easy 
16:19:29 BattlEye Server: (Group) High Alert Highlander : yea
16:20:04 BattlEye Server: (Group) High Alert Highlander : nope i cant change that 
16:22:49 BattlEye Server: (Group) High Alert Highlander : in a couple hours we are going to make a video  inmissions and a pvpmilsimbattlehere 
16:23:06 BattlEye Server: (Group) High Alert Highlander : and streaming life 
16:23:16 BattlEye Server: (Group) High Alert Highlander : doyou want to be in ?
16:23:35 BattlEye Server: (Group) High Alert Highlander : likein2 hours
16:23:50 BattlEye Server: (Group) High Alert Highlander : ok
16:24:07 BattlEye Server: (Group) High Alert Highlander : i see oko
16:24:40 BattlEye Server: (Group) High Alert Highlander : ok
16:24:53 BattlEye Server: (Group) High Alert Highlander : thks
16:24:58 BattlEye Server: (Group) High Alert Highlander : ok
16:26:20 BattlEye Server: (Group) High Alert Highlander : yes
16:26:32 BattlEye Server: (Group) High Alert Highlander : yes
16:26:51 BattlEye Server: (Group) High Alert Highlander : roger
16:27:25 SniperGhost uses modified data file
16:27:25 BattlEye Server: Player #3 SniperGhost (185.99.139.194:2309) connected
16:27:25 Player SniperGhost connecting.
16:27:29 BattlEye Server: Player #3 SniperGhost - BE GUID: 62d99dddc2c3aa412072290a76f03166
16:27:29 Player SniperGhost connected (id=76561198054081049).
16:27:29 BattlEye Server: Verified GUID (62d99dddc2c3aa412072290a76f03166) of player #3 SniperGhost
16:27:34 BattlEye Server: (Group) High Alert Highlander : wtf 
16:27:42 BattlEye Server: (Group) High Alert Highlander : sniper is conecting 
16:27:53 BattlEye Server: (Group) High Alert Highlander : what a fucking miracle
16:27:59 BattlEye Server: (Group) High Alert Highlander : this is the other admin
16:28:12 BattlEye Server: (Group) High Alert Highlander : that guy is the sniper that i toll you about 
16:29:18 BattlEye Server: (Group) High Alert Highlander : yes
16:30:49 Herbert uses modified data file
16:30:49 BattlEye Server: Player #4 Herbert (64.203.218.210:2304) connected
16:30:49 Player Herbert connecting.
16:30:51 BattlEye Server: Player #4 Herbert - BE GUID: 0abf3f9292c0cba19cd2b0ca2ac11ac6
16:30:51 Player Herbert connected (id=76561198034532300).
16:30:51 BattlEye Server: Verified GUID 