19:13:47 BattlEye Server: Initialized (v1.217)
19:13:47 Host identity created.
19:13:48 Game Port: 2307, Steam Query Port: 2308
19:13:48 Mission A3Wastela read from bank.
19:13:49 Roles assigned.
19:13:49 Reading mission ...
19:14:28 Mission read.
19:14:28 Game started.
 9:08:47 Mason uses modified data file
 9:08:47 BattlEye Server: Player #0 Mason (71.81.137.47:2309) connected
 9:08:48 Player Mason connecting.
 9:08:48 BattlEye Server: Connected to BE Master
 9:08:50 BattlEye Server: Player #0 Mason - BE GUID: 955d09b6e1dde9360ceebc2963df084d
 9:08:50 Player Mason connected (id=76561198026943270).
 9:08:50 BattlEye Server: Verified GUID (955d09b6e1dde9360ceebc2963df084d) of player #0 Mason
 9:09:41 Player Mason is losing connection
 9:10:07 Player Mason disconnected.
 9:10:07 BattlEye Server: Player #0 Mason disconnected
 9:10:07 Mason uses modified data file
 9:10:07 BattlEye Server: Player #0 Mason (71.81.137.47:2309) connected
 9:10:07 Player Mason connecting.
 9:10:15 Player Mason disconnected.
 9:10:15 BattlEye Server: Player #0 Mason disconnected
 9:44:36 Mason uses modified data file
 9:44:36 BattlEye Server: Player #0 Mason (71.81.137.47:2309) connected
 9:44:36 Player Mason connecting.
 9:44:38 BattlEye Server: Player #0 Mason - BE GUID: 955d09b6e1dde9360ceebc2963df084d
 9:44:39 Player Mason connected (id=76561198026943270).
 9:44:39 BattlEye Server: Verified GUID (955d09b6e1dde9360ceebc2963df084d) of player #0 Mason
 9:46:49 Player Mason kicked off by BattlEye: Client not responding
 9:46:49 Player Mason disconnected.
 9:47:45 Mason uses modified data file
 9:47:45 BattlEye Server: Player #0 Mason (71.81.137.47:2309) connected
 9:47:45 Player Mason connecting.
 9:47:47 BattlEye Server: Player #0 Mason - BE GUID: 955d09b6e1dde9360ceebc2963df084d
 9:47:47 Player Mason connected (id=76561198026943270).
 9:47:47 BattlEye Server: Verified GUID (955d09b6e1dde9360ceebc2963df084d) of player #0 Mason
 9:49:37 Player Mason kicked off by BattlEye: Client not responding
 9:49:38 Player Mason disconnected.
 9:50:21 Mason uses modified data file
 9:50:21 BattlEye Server: Player #0 Mason (71.81.137.47:2309) connected
 9:50:21 Player Mason connecting.
 9:50:23 BattlEye Server: Player #0 Mason - BE GUID: 955d09b6e1dde9360ceebc2963df084d
 9:50:24 Player Mason connected (id=76561198026943270).
 9:50:24 BattlEye Server: Verified GUID (955d09b6e1dde9360ceebc2963df084d) of player #0 Mason
 9:51:03 Player Mason disconnected.
 9:51:03 BattlEye Server: Player #0 Mason disconnected
 9:54:07 Mason uses modified data file
 9:54:07 BattlEye Server: Player #0 Mason (71.81.137.47:2309) connected
 9:54:07 Player Mason connecting.
 9:54:09 BattlEye Server: Player #0 Mason - BE GUID: 955d09b6e1dde9360ceebc2963df084d
 9:54:10 Player Mason connected (id=76561198026943270).
 9:54:10 BattlEye Server: Verified GUID (955d09b6e1dde9360ceebc2963df084d) of player #0 Mason
 9:56:04 Player Mason kicked off by BattlEye: Client not responding
 9:56:05 Player Mason disconnected.
10:21:57 Mason uses modified data file
10:21:57 BattlEye Server: Player #0 Mason (71.81.137.47:2304) connected
10:21:57 Player Mason connecting.
10:21:59 Player Mason disconnected.
10:21:59 BattlEye Server: Player #0 Mason disconnected
10:23:14 Mason uses modified data file
10:23:14 BattlEye Server: Player #0 Mason (71.81.137.47:2309) connected
10:23:14 Player Mason connecting.
10:23:16 BattlEye Server: Player #0 Mason - BE GUID: 955d09b6e1dde9360ceebc2963df084d
10:23:17 Player Mason connected (id=76561198026943270).
10:23:17 BattlEye Server: Verified GUID (955d09b6e1dde9360ceebc2963df084d) of player #0 Mason
10:23:17 Player Mason disconnected.
10:23:17 BattlEye Server: Player #0 Mason disconnected
11:07:58 [GDK]Mohamed_Ali uses modified data file
11:07:58 BattlEye Server: Player #0 [GDK]Mohamed_Ali (177.221.224.202:2304) connected
11:07:58 Player [GDK]Mohamed_Ali connecting.
11:08:06 Player [GDK]Mohamed_Ali disconnected.
11:08:06 BattlEye Server: Player #0 [GDK]Mohamed_Ali disconnected
11:08:13 [GDK]Mohamed_Ali uses modified data file
11:08:13 BattlEye Server: Player #0 [GDK]Mohamed_Ali (177.221.224.202:2304) connected
11:08:13 Player [GDK]Mohamed_Ali connecting.
11:08:15 BattlEye Server: Player #0 [GDK]Mohamed_Ali - BE GUID: c0fc0b5ca352eebb5eb17b85185fc82c
11:08:15 Player [GDK]Mohamed_Ali connected (id=76561198293828377).
11:08:15 BattlEye Server: Verified GUID (c0fc0b5ca352eebb5eb17b85185fc82c) of player #0 [GDK]Mohamed_Ali
11:12:15 Player [GDK]Mohamed_Ali disconnected.
11:12:15 BattlEye Server: Player #0 [GDK]Mohamed_Ali disconnected
14:45:28 Marcos Vinicius uses modified data file
14:45:28 BattlEye Server: Player #0 Marcos Vinicius (181.223.93.205:2304) connected
14:45:28 Player Marcos Vinicius connecting.
14:45:32 BattlEye Server: Player #0 Marcos Vinicius - BE GUID: 9b643c5a65cd24cd573e063264d78567
14:45:34 Player Marcos Vinicius connected (id=76561198449161661).
14:45:34 BattlEye Server: Verified GUID (9b643c5a65cd24cd573e063264d78567) of player #0 Marcos Vinicius
14:48:26 Grizz Lee uses modified data file
14:48:26 BattlEye Server: Player #1 Grizz Lee (73.223.70.73:2304) connected
14:48:26 Player Grizz Lee connecting.
14:48:29 BattlEye Server: Player #1 Grizz Lee - BE GUID: 4ca148acfa3eab23510407b891193e5b
14:48:29 Player Grizz Lee connected (id=76561198091834788).
14:48:29 BattlEye Server: Verified GUID (4ca148acfa3eab23510407b891193e5b) of player #1 Grizz Lee
14:48:32 Player Grizz Lee disconnected.
14:48:32 BattlEye Server: Player #1 Grizz Lee disconnected
14:48:43 Player Marcos Vinicius disconnected.
14:48:43 BattlEye Server: Player #0 Marcos Vinicius disconnected
14:50:02 High Alert Highlander  uses modified data file
14:50:02 BattlEye Server: Player #0 High Alert Highlander  (190.171.107.107:62725) connected
14:50:02 Player High Alert Highlander  connecting.
14:50:07 BattlEye Server: Player #0 High Alert Highlander  - BE GUID: a01f35e030c4464ff5b5e9c18ddf0195
14:50:09 Player High Alert Highlander  connected (id=76561198065774594).
14:50:09 BattlEye Server: Verified GUID (a01f35e030c4464ff5b5e9c18ddf0195) of player #0 High Alert Highlander 
15:10:32 [UA]Jon uses modified data file
15:10:32 BattlEye Server: Player #1 [UA]Jon (71.235.136.15:2309) connected
15:10:32 Player [UA]Jon connecting.
15:10:37 BattlEye Server: Player #1 [UA]Jon - BE GUID: 63eae523e69bcbe7c162b379865b8d53
15:10:38 Player [UA]Jon connected (id=76561198147250538).
15:10:38 BattlEye Server: Verified GUID (63eae523e69bcbe7c162b379865b8d53) of player #1 [UA]Jon
15:12:31 Jett uses modified data file
15:12:31 BattlEye Server: Player #2 Jett (24.158.101.128:2304) connected
15:12:31 Player Jett connecting.
15:12:33 BattlEye Server: Player #2 Jett - BE GUID: 290a12ea9f6d64fefb04a8ec1d944d2f
15:12:33 Player Jett connected (id=76561198193462551).
15:12:33 BattlEye Server: Verified GUID (290a12ea9f6d64fefb04a8ec1d944d2f) of player #2 Jett
15:15:49 Player Jett disconnected.
15:15:49 BattlEye Server: Player #2 Jett disconnected
15:32:14 Player [UA]Jon kicked off by BattlEye: Client not responding
15:32:14 Player [UA]Jon disconnected.
16:16:08 Player High Alert Highlander  disconnected.
16:16:08 BattlEye Server: Player #0 High Alert Highlander  disconnected
17:46:58 Mason uses modified data file
17:46:58 BattlEye Server: Player #0 Mason (71.81.137.47:2304) connected
17:46:58 Player Mason connecting.
17:47:00 Player Mason disconnected.
17:47:00 BattlEye Server: Player #0 Mason disconnected
17:47:35 Mason uses modified data file
17:47:35 BattlEye Server: Player #0 Mason (71.81.137.47:2309) connected
17:47:35 Player Mason connecting.
17:47:37 BattlEye Server: Player #0 Mason - BE GUID: 955d09b6e1dde9360ceebc2963df084d
17:47:37 Player Mason connected (id=76561198026943270).
17:47:37 BattlEye Server: Verified GUID (955d09b6e1dde9360ceebc2963df084d) of player #0 Mason
17:47:37 Player Mason disconnected.
17:47:37 BattlEye Server: Player #0 Mason disconnected
18:17:09 RockstarGaming uses modified data file
18:17:09 BattlEye Server: Player #0 RockstarGaming (107.204.216.18:2304) connected
18:17:09 Player RockstarGaming connecting.
18:17:11 BattlEye Server: Player #0 RockstarGaming - BE GUID: 23fe7edb77e6acee989bf1757f516554
18:17:11 Player RockstarGaming connected (id=76561198250040454).
18:17:11 BattlEye Server: Verified GUID (23fe7edb77e6acee989bf1757f516554) of player #0 RockstarGaming
18:17:28 Sea Stallion Pilot uses modified data file
18:17:28 BattlEye Server: Player #1 Sea Stallion Pilot (107.220.92.165:2304) connected
18:17:28 Player Sea Stallion Pilot connecting.
18:17:30 BattlEye Server: Player #1 Sea Stallion Pilot - BE GUID: ecf06a2454f0f8bd20dd41081187fde2
18:17:31 Player Sea Stallion Pilot connected (id=76561198188669749).
18:17:31 BattlEye Server: Verified GUID (ecf06a2454f0f8bd20dd41081187fde2) of player #1 Sea Stallion Pilot
18:39:39 Forgman uses modified data file
18:39:39 BattlEye Server: Player #2 Forgman (72.177.82.91:2304) connected
18:39:39 Player Forgman connecting.
18:39:41 BattlEye Server: Player #2 Forgman - BE GUID: 0b4be62cbc180d795876abb2395bfaf5
18:39:42 Player Forgman connected (id=76561198088347000).
18:39:42 BattlEye Server: Verified GUID (0b4be62cbc180d795876abb2395bfaf5) of player #2 Forgman
18:39:43 Player Forgman disconnected.
18:39:43 BattlEye Server: Player #2 Forgman disconnected
18:50:39 High Alert Highlander  uses modified data file
18:50:39 BattlEye Server: Player #2 High Alert Highlander  (190.171.107.107:62725) connected
18:50:39 Player High Alert Highlander  connecting.
18:50:44 BattlEye Server: Player #2 High Alert Highlander  - BE GUID: a01f35e030c4464ff5b5e9c18ddf0195
18:50:58 Player High Alert Highlander  connected (id=76561198065774594).
18:50:58 BattlEye Server: Verified GUID (a01f35e030c4464ff5b5e9c18ddf0195) of player #2 High Alert Highlander 
18:54:20 BattlEye Server: (Global) High Alert Highlander : welcome to the server 
18:54:30 BattlEye Server: (Global) High Alert Highlander : im one of the admins 
18:54:47 BattlEye Server: (Global) High Alert Highlander : join us in discord if you need any help 
18:54:47 BattlEye Server: (Direct) RockstarGaming: hi
18:55:32 BattlEye Server: (Global) High Alert Highlander : i see that you guys stole one heli from here 
18:55:56 BattlEye Server: (Global) High Alert Highlander : stealing vehiculs in this serevr is not allow 
18:56:03 BattlEye Server: (Direct) RockstarGaming: oh crap
18:56:05 BattlEye Server: (Direct) RockstarGaming: sorry
18:56:18 BattlEye Server: (Global) High Alert Highlander : -for now is ok next one will be banned from the server 
18:57:57 Player Sea Stallion Pilot disconnected.
18:57:57 BattlEye Server: Player #1 Sea Stallion Pilot disconnected
19:02:40 BattlEye Server: (Global) High Alert Highlander : Im not understanding you 
19:02:45 BattlEye Server: (Side) RockstarGaming: ?
19:02:56 BattlEye Server: (Global) High Alert Highlander : what is the problem 
19:03:37 BattlEye Server: (Side) RockstarGaming: i would like to earn some money to get helicopters and planes
19:04:49 BattlEye Server: (Side) High Alert Highlander : For that you will need to complete the missions to get the money 
19:05:00 BattlEye Server: (Side) RockstarGaming: oh
19:05:08 BattlEye Server: (Side) RockstarGaming: could i get a ride maybe?
19:05:52 BattlEye Server: (Side) RockstarGaming: i just lack gear 
19:06:07 BattlEye Server: (Side) RockstarGaming: so everytime i finaly get a helicopter i die
19:06:32 BattlEye Server: (Side) High Alert Highlander : u have a starting gear on u }
19:06:49 BattlEye Server: (Side) RockstarGaming: i meant like a armour vest and helmet
19:06:52 BattlEye Server: (Side) High Alert Highlander : to improve that you will need to buy that 
19:06:57 BattlEye Server: (Side) RockstarGaming: ok
19:07:26 BattlEye Server: (Side) RockstarGaming: i need a humvee or somthing where can i get a starting car?
19:08:51 BattlEye Server: (Side) RockstarGaming: i was doing that mission your at but they shot me down
19:08:56 BattlEye Server: (Side) RockstarGaming: me and my friend
19:09:26 BattlEye Server: (Side) High Alert Highlander : yes and you stole one heli from an admin base 
19:09:36 BattlEye Server: (Side) RockstarGaming: Im sorry ;-;
19:09:46 BattlEye Server: (Side) RockstarGaming: i didnt know that was an admin base :/
19:09:49 BattlEye Server: (Side) High Alert Highlander : your stuff is here u can  come and pick this up 
19:09:57 BattlEye Server: (Side) RockstarGaming: thank you
19:10:04 BattlEye Server: (Side) RockstarGaming: i dont have a vehicles though
19:10:26 BattlEye Server: (Side) RockstarGaming: and 1k wont get a me a car i dont think
19:10:43 BattlEye Server: (Side) High Alert Highlander : that is the point of a waste land 
19:10:48 BattlEye Server: (Side) High Alert Highlander : survival 
19:10:49 BattlEye Server: (Side) RockstarGaming: dang
19:11:05 BattlEye Server: (Side) High Alert Highlander : i recemend you king of the hill 
19:11:15 BattlEye Server: (Side) RockstarGaming: are there any other sanbox servers with RHS
19:11:18 BattlEye Server: (Side) High Alert Highlander : better server for kids 
19:11:26 BattlEye Server: (Side) RockstarGaming: where you start with money
19:11:47 BattlEye Server: (Side) High Alert Highlander : no wasteland start with money 
19:12:01 BattlEye Server: (Side) RockstarGaming: yeah i was playing king of the hill all day 
19:12:11 BattlEye Server: (Side) RockstarGaming: dang it you got the money 
19:14:29 BattlEye Server: (Side) RockstarGaming: gtg
19:14:35 Player RockstarGaming disconnected.
19:14:35 BattlEye Server: Player #0 RockstarGaming disconnected
20:08:22 Player High Alert Highlander  disconnected.
20:08:22 BattlEye Server: Player #2 High Alert Highlander  disconnected
 6:21:17 Mason uses modified data file
 6:21:17 BattlEye Server: Player #0 Mason (71.81.137.47:2309) connected
 6:21:17 Player Mason connecting.
 6:21:19 BattlEye Server: Player #0 Mason - BE GUID: 955d09b6e1dde9360ceebc2963df084d
 6:21:19 Player Mason connected (id=76561198026943270).
 6:21:19 BattlEye Server: Verified GUID (955d09b6e1dde9360ceebc2963df084d) of player #0 Mason
 6:22:45 Gent uses modified data file
 6:22:45 BattlEye Server: Player #1 Gent (73.48.218.253:2304) connected
 6:22:46 Player Gent connecting.
 6:22:47 BattlEye Server: Player #1 Gent - BE GUID: a91d0726408e01292190289edc8c1405
 6:22:48 Player Gent connected (id=76561197993925139).
 6:22:48 BattlEye Server: Verified GUID (a91d0726408e01292190289edc8c1405) of player #1 Gent
 6:22:54 Player Gent disconnected.
 6:22:54 BattlEye Server: Player #1 Gent disconnected
 6:23:19 Player Mason kicked off by BattlEye: Client not responding
 6:23:19 Player Mason disconnected.
 7:51:03 Straker uses modified data file
 7:51:03 BattlEye Server: Player #0 Straker (212.92.111.165:2309) connected
 7:51:03 Player Straker connecting.
 7:51:05 BattlEye Server: Player #0 Straker - BE GUID: 94fc7a980a33e5644a0553fd4d289c93
 7:51:05 Player Straker connected (id=76561198047789725).
 7:51:05 BattlEye Server: Verified GUID (94fc7a980a33e5644a0553fd4d289c93) of player #0 Straker
 8:04:05 Player Straker disconnected.
 8:04:05 BattlEye Server: Player #0 Straker disconnected
 8:55:26 High Alert Highlander  uses modified data file
 8:55:26 BattlEye Server: Player #0 High Alert Highlander  (190.171.107.107:62725) connected
 8:55:26 Player High Alert Highlander  connecting.
 8:55:32 BattlEye Server: Player #0 High Alert Highlander  - BE GUID: a01f35e030c4464ff5b5e9c18ddf0195
 8:55:34 Player High Alert Highlander  connected (id=76561198065774594).
 8:55:34 BattlEye Server: Verified GUID (a01f35e030c4464ff5b5e9c18ddf0195) of player #0 High Alert Highlander 
 9:31:24 Player High Alert Highlander  disconnected.
 9:31:25 BattlEye Server: Player #0 High Alert Highlander  disconnected
12:13:02 Mason uses modified data file
12:13:02 BattlEye Server: Player #0 Mason (71.81.137.47:2304) connected
12:13:03 Player Mason connecting.
12:13:04 BattlEye Server: Player #0 Mason - BE GUID: 955d09b6e1dde9360ceebc2963df084d
12:13:05 Player Mason connected (id=76561198026943270).
12:13:05 BattlEye Server: Verified GUID (955d09b6e1dde9360ceebc2963df084d) of player #0 Mason
12:13:05 Player Mason disconnected.
12:13:05 BattlEye Server: Player #0 Mason disconnected
12:15:59 Mason uses modified data file
12:15:59 BattlEye Server: Player #0 Mason (71.81.137.47:2304) connected
12:15:59 Player Mason connecting.
12:16:01 BattlEye Server: 