15:01:47 BattlEye Server: Initialized (v1.217)
15:01:47 Host identity created.
15:01:48 Game Port: 2307, Steam Query Port: 2308
15:01:48 Mission A3Wasteland Altis v1.4c read from bank.
15:01:50 Roles assigned.
15:01:50 Reading mission ...
15:02:24 Mission read.
15:02:24 Game started.
15:03:53 Yeet McDabbington uses modified data file
15:03:53 BattlEye Server: Player #0 Yeet McDabbington (73.21.180.37:2309) connected
15:03:53 Player Yeet McDabbington connecting.
15:03:54 BattlEye Server: Connected to BE Master
15:03:55 BattlEye Server: Player #0 Yeet McDabbington - BE GUID: e0845e254755825b22e6d30dc7e61b99
15:03:55 Player Yeet McDabbington connected (id=76561198032540425).
15:03:55 BattlEye Server: Verified GUID (e0845e254755825b22e6d30dc7e61b99) of player #0 Yeet McDabbington
17:36:36 Player Yeet McDabbington disconnected.
17:36:36 BattlEye Server: Player #0 Yeet McDabbington disconnected
17:39:25 Sako uses modified data file
17:39:25 BattlEye Server: Player #0 Sako (150.107.173.71:28324) connected
17:39:25 Player Sako connecting.
17:39:28 BattlEye Server: Player #0 Sako - BE GUID: 06053cfd33442ba9fbcda5bad950a454
17:39:28 Player Sako connected (id=76561198095513315).
17:39:28 BattlEye Server: Verified GUID (06053cfd33442ba9fbcda5bad950a454) of player #0 Sako
17:58:54 Alex Bit uses modified data file
17:58:54 BattlEye Server: Player #1 Alex Bit (71.84.166.189:2309) connected
17:58:54 Player Alex Bit connecting.
17:58:56 BattlEye Server: Player #1 Alex Bit - BE GUID: b32404dacf04f70cf9746f0a73ef89f0
17:58:57 Player Alex Bit connected (id=76561198161586596).
17:58:57 BattlEye Server: Verified GUID (b32404dacf04f70cf9746f0a73ef89f0) of player #1 Alex Bit
18:03:14 BattlEye Server: (Global) Alex Bit: hello!
18:04:37 BattlEye Server: (Global) Alex Bit: FRIENDLY IN CHERNO!
18:04:41 BattlEye Server: (Global) Alex Bit: FRIENDLY
18:32:10 Player Alex Bit disconnected.
18:32:10 BattlEye Server: Player #1 Alex Bit disconnected
18:37:42 lee uses modified data file
18:37:42 BattlEye Server: Player #1 lee (175.119.228.24:2304) connected
18:37:42 Player lee connecting.
18:37:44 BattlEye Server: Player #1 lee - BE GUID: ab4059231e23fd927b6a8d83bf73799f
18:37:44 Player lee connected (id=76561198195052463).
18:37:44 BattlEye Server: Verified GUID (ab4059231e23fd927b6a8d83bf73799f) of player #1 lee
18:40:11 Player lee disconnected.
18:40:11 BattlEye Server: Player #1 lee disconnected
18:45:15 lee uses modified data file
18:45:15 BattlEye Server: Player #1 lee (175.119.228.24:2304) connected
18:45:15 Player lee connecting.
18:45:15 Yeet McDabbington uses modified data file
18:45:15 BattlEye Server: Player #2 Yeet McDabbington (73.21.180.37:2309) connected
18:45:15 Player Yeet McDabbington connecting.
18:45:17 BattlEye Server: Player #1 lee - BE GUID: ab4059231e23fd927b6a8d83bf73799f
18:45:18 BattlEye Server: Player #2 Yeet McDabbington - BE GUID: e0845e254755825b22e6d30dc7e61b99
18:45:18 Player lee connected (id=76561198195052463).
18:45:18 BattlEye Server: Verified GUID (ab4059231e23fd927b6a8d83bf73799f) of player #1 lee
18:45:32 Player Yeet McDabbington connected (id=76561198032540425).
18:45:32 BattlEye Server: Verified GUID (e0845e254755825b22e6d30dc7e61b99) of player #2 Yeet McDabbington
18:46:57 Atea uses modified data file
18:46:57 BattlEye Server: Player #3 Atea (175.119.228.23:2304) connected
18:46:57 Player Atea connecting.
18:46:59 BattlEye Server: Player #3 Atea - BE GUID: 608caf175ae374ddb378308fb353c478
18:47:00 Player Atea connected (id=76561198060124438).
18:47:00 BattlEye Server: Verified GUID (608caf175ae374ddb378308fb353c478) of player #3 Atea
18:47:56 BattlEye Server: (Global) Yeet McDabbington: Okay so... yea I'm opfor but I won't fuck with you guys.
18:48:04 BattlEye Server: (Global) Yeet McDabbington: What mission did you die at?
18:49:45 BattlEye Server: (Global) Yeet McDabbington: Would you guys like help?
19:07:08 BattlEye Server: (Side) lee: yo dafuq was that
19:07:11 BattlEye Server: (Side) lee: dudde
19:07:19 BattlEye Server: (Side) lee: .
19:07:29 BattlEye Server: (Direct) lee: nice shot
19:08:00 BattlEye Server: