11:36:36 BattlEye Server: Initialized (v1.217)
11:36:36 Host identity created.
11:36:36 Game Port: 2307, Steam Query Port: 2308
11:36:36 Mission A3Wastela read from bank.
11:36:38 Roles assigned.
11:36:38 Reading mission ...
11:37:16 Mission read.
11:37:17 Game started.
11:56:07 High Alert Highlander  uses modified data file
11:56:07 BattlEye Server: Player #0 High Alert Highlander  (190.171.107.107:62720) connected
11:56:07 Player High Alert Highlander  connecting.
11:56:08 BattlEye Server: Connected to BE Master
11:56:09 BattlEye Server: Player #0 High Alert Highlander  - BE GUID: a01f35e030c4464ff5b5e9c18ddf0195
11:56:12 Player High Alert Highlander  connected (id=76561198065774594).
11:56:12 BattlEye Server: Verified GUID (a01f35e030c4464ff5b5e9c18ddf0195) of player #0 High Alert Highlander 
12:42:27 Ross uses modified data file
12:42:27 BattlEye Server: Player #1 Ross (86.156.135.86:2304) connected
12:42:27 Player Ross connecting.
12:42:29 BattlEye Server: Player #1 Ross - BE GUID: e519f9744ffbfaffd0151b378fbd537c
12:42:30 Player Ross disconnected.
12:42:30 BattlEye Server: Player #1 Ross disconnected
12:48:46 Mason uses modified data file
12:48:46 BattlEye Server: Player #1 Mason (71.81.137.47:2309) connected
12:48:46 Player Mason connecting.
12:48:48 BattlEye Server: Player #1 Mason - BE GUID: 955d09b6e1dde9360ceebc2963df084d
12:48:48 Player Mason connected (id=76561198026943270).
12:48:48 BattlEye Server: Verified GUID (955d09b6e1dde9360ceebc2963df084d) of player #1 Mason
12:52:17 [Z03] ZOTCARS uses modified data file
12:52:17 BattlEye Server: Player #2 [Z03] ZOTCARS (184.66.61.78:2309) connected
12:52:17 Player [Z03] ZOTCARS connecting.
12:52:23 Player [Z03] ZOTCARS disconnected.
12:52:23 BattlEye Server: Player #2 [Z03] ZOTCARS disconnected
12:53:29 [Z03] ZOTCARS uses modified data file
12:53:29 BattlEye Server: Player #2 [Z03] ZOTCARS (184.66.61.78:2309) connected
12:53:29 Player [Z03] ZOTCARS connecting.
12:53:31 BattlEye Server: Player #2 [Z03] ZOTCARS - BE GUID: d4b187cfa842a2b54cac33cfd1d8a407
12:53:32 Player [Z03] ZOTCARS connected (id=76561198057405000).
12:53:33 BattlEye Server: Verified GUID (d4b187cfa842a2b54cac33cfd1d8a407) of player #2 [Z03] ZOTCARS
12:55:47 Player [Z03] ZOTCARS disconnected.
12:55:47 BattlEye Server: Player #2 [Z03] ZOTCARS disconnected
13:09:01 BattlEye Server: (Side) High Alert Highlander : HI Mason 
13:09:26 BattlEye Server: (Side) High Alert Highlander : do you want to join me in a couple missions ¨?
13:13:39 BattlEye Server: (Side) High Alert Highlander : Did u said the text box ?
13:15:05 Player Mason disconnected.
13:15:05 BattlEye Server: Player #1 Mason disconnected
13:35:22 Nicolai uses modified data file
13:35:22 BattlEye Server: Player #1 Nicolai (2.106.1.238:2304) connected
13:35:22 Player Nicolai connecting.
13:35:24 Player Nicolai disconnected.
13:35:24 BattlEye Server: Player #1 Nicolai disconnected
13:40:06 Player High Alert Highlander  disconnected.
13:40:06 BattlEye Server: Player #0 High Alert Highlander  disconnected
15:16:26 High Alert Highlander  uses modified data file
15:16:26 BattlEye Server: Player #0 High Alert Highlander  (190.171.107.107:62725) connected
15:16:26 Player High Alert Highlander  connecting.
15:16:31 BattlEye Server: Player #0 High Alert Highlander  - BE GUID: a01f35e030c4464ff5b5e9c18ddf0195
15:16:33 Player High Alert Highlander  connected (id=76561198065774594).
15:16:33 BattlEye Server: Verified GUID (a01f35e030c4464ff5b5e9c18ddf0195) of player #0 High Alert Highlander 
16:25:20 Player High Alert Highlander  disconnected.
16:25:20 BattlEye Server: Player #0 High Alert Highlander  disconnected
16:27:03 RockstarGaming uses modified data file
16:27:03 BattlEye Server: Player #0 RockstarGaming (107.204.216.18:2304) connected
16:27:03 Player RockstarGaming connecting.
16:27:05 BattlEye Server: Player #0 RockstarGaming - BE GUID: 23fe7edb77e6acee989bf1757f516554
16:27:05 Player RockstarGaming connected (id=76561198250040454).
16:27:05 BattlEye Server: Verified GUID (23fe7edb77e6acee989bf1757f516554) of player #0 RockstarGaming
16:36:31 MK