 9:01:59 BattlEye Server: Initialized (v1.217)
 9:01:59 Host identity created.
 9:01:59 Game Port: 2307, Steam Query Port: 2308
 9:01:59 Mission A3Wasteland Altis v1.4c read from bank.
 9:02:00 Roles assigned.
 9:02:00 Reading mission ...
 9:02:36 Mission read.
 9:02:37 Game started.
10:03:33 LT.Matt uses modified data file
10:03:33 BattlEye Server: Player #0 LT.Matt (98.239.30.235:2309) connected
10:03:33 Player LT.Matt connecting.
10:03:33 BattlEye Server: Connected to BE Master
10:03:35 BattlEye Server: Player #0 LT.Matt - BE GUID: 1ae43f8b6c403b9da909b7207b38a6cf
10:03:36 Player LT.Matt connected (id=76561198189646014).
10:03:36 BattlEye Server: Verified GUID (1ae43f8b6c403b9da909b7207b38a6cf) of player #0 LT.Matt
10:06:45 Puffin uses modified data file
10:06:45 BattlEye Server: Player #1 Puffin (96.48.213.115:2309) connected
10:06:45 Player Puffin connecting.
10:06:47 BattlEye Server: Player #1 Puffin - BE GUID: 83b4ddceba522095253d70c3839db03d
10:06:49 Player Puffin connected (id=76561198080521162).
10:06:49 BattlEye Server: Verified GUID (83b4ddceba522095253d70c3839db03d) of player #1 Puffin
10:59:45 Player LT.Matt kicked off by BattlEye: Client not responding
10:59:45 Player LT.Matt disconnected.
11:00:31 LT.Matt uses modified data file
11:00:31 BattlEye Server: Player #2 LT.Matt (98.239.30.235:2309) connected
11:00:31 Player LT.Matt connecting.
11:00:34 BattlEye Server: Player #2 LT.Matt - BE GUID: 1ae43f8b6c403b9da909b7207b38a6cf
11:00:34 Player LT.Matt connected (id=76561198189646014).
11:00:34 BattlEye Server: Verified GUID (1ae43f8b6c403b9da909b7207b38a6cf) of player #2 LT.Matt
11:02:43 Player LT.Matt disconnected.
11:02:43 BattlEye Server: Player #2 LT.Matt disconnected
11:04:34 Player Puffin disconnected.
11:04:34 BattlEye Server: Player #1 Puffin disconnected
11:29:25 Rou Kowalski uses modified data file
11:29:25 BattlEye Server: Player #0 Rou Kowalski (73.147.1.91:2304) connected
11:29:25 Player Rou Kowalski connecting.
11:29:27 BattlEye Server: Player #0 Rou Kowalski - BE GUID: 58cae163ea9d3a0ff8adde240b436737
11:29:31 Player Rou Kowalski connected (id=76561198034110598).
11:29:31 BattlEye Server: Verified GUID (58cae163ea9d3a0ff8adde240b436737) of player #0 Rou Kowalski
11:42:36 George uses modified data file
11:42:36 BattlEye Server: Player #1 George (137.119.130.180:2309) connected
11:42:36 Player George connecting.
11:42:38 BattlEye Server: Player #1 George - BE GUID: 6ea6bdb0921d702228a1cb59f54bc5f8
11:42:39 Player George connected (id=76561198079626864).
11:42:39 BattlEye Server: Verified GUID (6ea6bdb0921d702228a1cb59f54bc5f8) of player #1 George
11:47:14 BattlEye Server: (Global) George: hello there
11:49:49 BattlEye Server: (Global) George: hello???
13:48:21 thoma uses modified data file
13:48:21 BattlEye Server: Player #2 thoma (87.188.16.90:2304) connected
13:48:21 Player thoma connecting.
13:48:23 BattlEye Server: Player #2 thoma - BE GUID: 4a2fee565dcee8975cb2019ec7c74d64
13:48:24 Player thoma connected (id=76561198371437239).
13:48:24 BattlEye Server: Verified GUID (4a2fee565dcee8975cb2019ec7c74d64) of player #2 thoma
13:49:54 Player thoma disconnected.
13:49:54 BattlEye Server: Player #2 thoma disconnected
14:18:11 High Alert Highlander  uses modified data file
14:18:11 BattlEye Server: Player #2 High Alert Highlander  (190.171.107.96:62720) connected
14:18:11 Player High Alert Highlander  connecting.
14:18:13 BattlEye Server: Player #2 High Alert Highlander  - BE GUID: a01f35e030c4464ff5b5e9c18ddf0195
14:18:15 Player High Alert Highlander  connected (id=76561198065774594).
14:18:15 BattlEye Server: Verified GUID (a01f35e030c4464ff5b5e9c18ddf0195) of player #2 High Alert Highlander 
14:20:32 BattlEye Server: (Side) Rou Kowalski: discord?
14:24:40 BattlEye Server: (Global) George: hows everyone
14:24:58 BattlEye Server: (Global) Rou Kowalski: Good, You?
14:25:02 BattlEye Server: (Global) George: good
14:25:20 BattlEye Server: (Global) George: hows high lander
14:25:47 BattlEye Server: (Global) High Alert Highlander : do i know you ?
14:26:07 BattlEye Server: (Global) George: no i just a