12:31:11 BattlEye Server: Initialized (v1.217)
12:31:11 Host identity created.
12:31:11 Game Port: 2307, Steam Query Port: 2308
12:31:11 Mission A3Wasteland Altis v1.4c read from bank.
12:31:13 Roles assigned.
12:31:13 Reading mission ...
12:31:46 Mission read.
12:31:46 Game started.
13:06:15 Mason uses modified data file
13:06:15 BattlEye Server: Player #0 Mason (71.81.137.47:2309) connected
13:06:15 Player Mason connecting.
13:06:15 BattlEye Server: Connected to BE Master
13:06:17 BattlEye Server: Player #0 Mason - BE GUID: 955d09b6e1dde9360ceebc2963df084d
13:06:18 Player Mason connected (id=76561198026943270).
13:06:18 BattlEye Server: Verified GUID (955d09b6e1dde9360ceebc2963df084d) of player #0 Mason
13:15:30 FX uses modified data file
13:15:30 BattlEye Server: Player #1 FX (78.19.156.11:2304) connected
13:15:30 Player FX connecting.
13:15:33 BattlEye Server: Player #1 FX - BE GUID: f426ebef63d1ed0277da7c1f0ffa59b3
13:15:33 Player FX connected (id=76561198104811957).
13:15:33 BattlEye Server: Verified GUID (f426ebef63d1ed0277da7c1f0ffa59b3) of player #1 FX
13:22:20 Player FX disconnected.
13:22:20 BattlEye Server: Player #1 FX disconnected
14:23:02 High Alert Highlander  uses modified data file
14:23:02 BattlEye Server: Player #1 High Alert Highlander  (190.171.107.107:62725) connected
14:23:02 Player High Alert Highlander  connecting.
14:23:08 BattlEye Server: Player #1 High Alert Highlander  - BE GUID: a01f35e030c4464ff5b5e9c18ddf0195
14:23:11 Player High Alert Highlander  connected (id=76561198065774594).
14:23:11 BattlEye Server: Verified GUID (a01f35e030c4464ff5b5e9c18ddf0195) of player #1 High Alert Highlander 
14:26:09 BattlEye Server: (Side) High Alert Highlander : hello 
14:26:41 BattlEye Server: (Side) High Alert Highlander : all good
14:36:10 SchmidtStorm uses modified data file
14:36:10 BattlEye Server: Player #2 SchmidtStorm (99.100.75.91:2404) connected
14:36:10 Player SchmidtStorm connecting.
14:36:12 BattlEye Server: Player #2 SchmidtStorm - BE GUID: 33efa7a59d2e9b201c1b17c012f9be89
14:36:27 Player SchmidtStorm connected (id=76561198057197001).
14:36:28 BattlEye Server: Verified GUID (33efa7a59d2e9b201c1b17c012f9be89) of player #2 SchmidtStorm
14:54:55 BattlEye Server: (Side) High Alert Highlander : we have company 1 opfort 
14:56:58 BattlEye Server: (Side) High Alert Highlander : imsorry what?
14:57:44 BattlEye Server: (Side) High Alert Highlander : yes
14:57:58 BattlEye Server: (Side) High Alert Highlander : nope on me 
15:04:46 BattlEye Server: (Side) High Alert Highlander : imkon foot aqlso i dont have the heli here
15:04:58 BattlEye Server: (Side) High Alert Highlander : and im reparing some tanks {
15:22:40 Player High Alert Highlander  disconnected.
15:22:40 BattlEye Server: Player #1 High Alert Highlander  disconnected
15:23:40 Player SchmidtStorm disconnected.
15:23:40 BattlEye Server: Player #2 SchmidtStorm disconnected
15:35:54 oj19w uses modified data file
15:35:54 BattlEye Server: Player #1 oj19w (47.37.210.14:2309) connected
15:35:54 Player oj19w connecting.
15:35:59 BattlEye Server: Player #1 oj19w - BE GUID: a36635af792205bf71c1157c77361c7d
15:36:00 Player oj19w connected (id=76561198397979011).
15:36:00 BattlEye Server: Verified GUID (a36635af792205bf71c1157c77361c7d) of player #1 oj19w
15:50:07 Player oj19w disconnected.
15:50:07 BattlEye Server: Player #1 oj19w disconnected
15:58:17 High Alert Highlander  uses modified data file
15:58:17 BattlEye Server: Player #1 High Alert Highlander  (190.171.107.107:62725) connected
15:58:17 Player High Alert Highlander  connecting.
15:58:21 BattlEye Server: Player #1 High Alert Highlander  - BE GUID: a01f35e030c4464ff5b5e9c18ddf0195
15:58:24 Player High Alert Highlander  connected (id=76561198065774594).
15:58:24 BattlEye Server: Verified GUID (a01f35e030c4464ff5b5e9c18ddf0195) of player #1 High Alert Highlander 
16:00:27 BattlEye Server: (Side) High Alert Highlander : hey mason my heat set got broken 
16:01:18 BattlEye Server: (Side) High Alert Highlander : yea  it suffer a little accident 
16:01:32 BattlEye Server: (Side) High Alert Highlander : a rage accident 
16:01:42 BattlEye Server: (Side) High Alert Highlander : the key is ?
16:02:25 BattlEye Server: (Side) High Alert Highlander : -the key that is at the left of the left shift key 
16:09:39 BattlEye Server: (Side) High Alert Highlander : yes
16:10:30 BattlEye Server: (Side) High Alert Highlander : here is my base 
16:23:56 BattlEye Server: (Side) High Alert Highlander : im ok 
16:24:03 BattlEye Server: (Side) High Alert Highlander : thks
16:24:08 BattlEye Server: (Side) High Alert Highlander : -
16:24:33 BattlEye Server: (Side) High Alert Highlander : YES
16:26:49 BattlEye Server: (Side) High Alert Highlander : yes
16:26:54 BattlEye Server: (Side) High Alert Highlander : yes
16:27:03 BattlEye Server: (Side) High Alert Highlander : i can see everything 
16:27:47 BattlEye Server: (Side) High Alert Highlander : any of the 3 of us 
16:28:00 BattlEye Server: (Side) High Alert Highlander : we are admins
16:30:50 BattlEye Server: (Side) High Alert Highlander : i can but i dont like to spanw things 
16:31:16 BattlEye Server: (Side) High Alert Highlander : yes it is posible 
16:41:14 BattlEye Server: (Side) High Alert Highlander : what u mean _
16:41:50 BattlEye Server: (Side) High Alert Highlander : like a spawn bratley _
16:42:08 BattlEye Server: (Side) High Alert Highlander : the map  dont spwn tanks
16:42:30 BattlEye Server: (Side) High Alert Highlander : there is a black hawk '
16:42:42 BattlEye Server: (Side) High Alert Highlander : here 
16:42:49 BattlEye Server: (Side) High Alert Highlander : let me mark that 
16:43:22 BattlEye Server: (Side) High Alert Highlander : can you see that red sigh 
16:43:28 BattlEye Server: (Side) High Alert Highlander : in the map
16:44:13 BattlEye Server: (Side) High Alert Highlander : yes
16:57:04 BattlEye Server: (Side) High Alert Highlander : ill be back 
16:57:12 Player High Alert Highlander  disconnected.
16:57:13 BattlEye Server: Player #1 High Alert Highlander  disconnected
17:40:45 RockstarGaming uses modified data file
17:40:45 BattlEye Server: Player #1 RockstarGaming (107.204.216.18:2304) connected
17:40:45 Player RockstarGaming connecting.
17:40:47 BattlEye Server: Player #1 RockstarGaming - BE GUID: 23fe7edb77e6acee989bf1757f516554
17:40:47 Player RockstarGaming connected (id=76561198250040454).
17:40:47 BattlEye Server: Verified GUID (23fe7edb77e6acee989bf1757f516554) of player #1 RockstarGaming
17:40:49 Sea Stallion Pilot uses modified data file
17:40:50 BattlEye Server: Player #2 Sea Stallion Pilot (107.220.92.165:2304) connected
17:40:50 Player Sea Stallion Pilot connecting.
17:40:52 BattlEye Server: Player #2 Sea Stallion Pilot - BE GUID: ecf06a2454f0f8bd20dd41081187fde2
17:40:52 Player Sea Stallion Pilot connected (id=76561198188669749).
17:40:52 BattlEye Server: Verified GUID (ecf06a2454f0f8bd20dd41081187fde2) of player #2 Sea Stallion Pilot
18:03:58 High Alert Highlander  uses modified data file
18:03:58 BattlEye Server: Player #3 High Alert Highlander  (190.171.107.107:62725) connected
18:03:59 Player High Alert Highlander  connecting.
18:04:03 BattlEye Server: Player #3 High Alert Highlander  - BE GUID: a01f35e030c4464ff5b5e9c18ddf0195
18:04:06 Player High Alert Highlander  connected (id=76561198065774594).
18:04:06 BattlEye Server: Verified GUID (a01f35e030c4464ff5b5e9c18ddf0195) of player #3 High Alert Highlander 
18:06:02 BattlEye Server: (Side) High Alert Highlander : ok im back 
18:06:15 BattlEye Server: (Side) RockstarGaming: Oh hello
18:06:26 BattlEye Server: (Side) RockstarGaming: we spawned a helicopter
18:06:51 BattlEye Server: (Side) High Alert Highlander : good
18:07:10 BattlEye Server: (Side) RockstarGaming: were attacking medium money shipment pls dont go for it
18:08:01 BattlEye Server: (Side) High Alert Highlander : for  this time i will but u cant claim missions here 
18:08:22 BattlEye Server: (Side) RockstarGaming: okay thank you
18:08:51 BattlEye Server: (Side) High Alert Highlander : good luck on  that 
18:09:03 BattlEye Server: (Side) RockstarGaming: thanks
18:10:38 BattlEye Server: (Group) High Alert Highlander : those two r kids they have like 14 be patience with them 
18:10:56 BattlEye Server: (Side) RockstarGaming: why are the helicopters so expensive
18:11:50 BattlEye Server: (Side) High Alert Highlander : because those r the fix prizes 
18:12:00 BattlEye Server: (Side) High Alert Highlander : already stablish 
18:13:15 BattlEye Server: (Group) High Alert Highlander : doyou want top join me in the main battle tank you can keep the tank 
18:13:50 BattlEye Server: (Group) High Alert Highlander : here at my base 
18:13:57 BattlEye Server: (Group) High Alert Highlander : u can pick me up 
18:14:03 BattlEye Server: (Group) High Alert Highlander : oki
18:14:27 BattlEye Server: (Group) High Alert Highlander : ok realx 
18:15:26 BattlEye Server: (Group) High Alert Highlander : nice {
18:16:07 BattlEye Server: (Group) High Alert Highlander : what youmean 
18:16:27 BattlEye Server: (Group) High Alert Highlander : -yes 
18:16:32 BattlEye Server: (Group) High Alert Highlander : yes u can 
18:17:10 BattlEye Server: (Group) High Alert Highlander : u got tobe inside the vehicul 
18:17:18 BattlEye Server: (Group) High Alert Highlander : then change 
18:18:06 BattlEye Server: (Group) High Alert Highlander : let me check 
18:18:30 BattlEye Server: (Group) High Alert Highlander : what u mean imdoing  it right now 
18:19:32 BattlEye Server: (Group) High Alert Highlander : ok lets go i buy one and show you 
18:21:35 BattlEye Server: (Group) High Alert Highlander : to the vs 
18:21:45 BattlEye Server: (Group) High Alert Highlander : to buy the m1 and show you how 
18:22:47 BattlEye Server: (Group) High Alert Highlander : yea 
18:22:55 BattlEye Server: (Group) High Alert Highlander : but first the vs 
18:24:36 BattlEye Server: (Group) High Alert Highlander : Im from italy but im located in costarica  due to business
18:24:57 BattlEye Server: (Group) High Alert Highlander : yes it is 
18:25:53 BattlEye Server: (Group) High Alert Highlander : what was the vehicul ?
18:26:43 BattlEye Server: (Group) High Alert Highlander : u mean the humvee
18:27:33 BattlEye Server: (Side) RockstarGaming: gay
18:27:45 BattlEye Server: (Side) RockstarGaming: u cant respupply helicopters 
18:27:58 BattlEye Server: (Side) RockstarGaming: u have to touch it
18:28:02 BattlEye Server: (Side) RockstarGaming: so it blows up
18:28:39 BattlEye Server: (Group) High Alert Highlander : dude is workink fine 
18:28:58 BattlEye Server: (Group) High Alert Highlander : keep it its yours 
18:29:30 BattlEye Server: (Group) High Alert Highlander : enable droive assits 
18:30:35 BattlEye Server: (Group) High Alert Highlander : yea you must be doing something wrong on that moment 
18:30:39 BattlEye Server: (Group) High Alert Highlander : no worries 
18:31:01 BattlEye Server: (Group) High Alert Highlander : yea
18:43:40 BattlEye Server: (Group) High Alert Highlander : yes
18:44:50 Nomad uses modified data file
18:44:50 BattlEye Server: Player #4 Nomad (72.2.87.223:2309) connected
18:44:50 Player Nomad connecting.
18:44:54 BattlEye Server: Player #4 Nomad - BE GUID: 2c853ec312535bfcf126f363375c7773
18:44:55 BattlEye Server: (Group) High Alert Highlander : yes
18:45:02 BattlEye Server: (Group) High Alert Highlander : can u rez 
18:45:17 Player Nomad connected (id=76561198173921406).
18:45:17 BattlEye Server: Verified GUID (2c853ec312535bfcf126f363375c7773) of player #4 Nomad
18:46:11 BattlEye Server: (Group) High Alert Highlander : come from behind 
18:46:44 BattlEye Server: (Group) High Alert Highlander : cover your self  on flat behind the rock here
18:46:54 BattlEye Server: (Side) Nomad: Howdy fellas
18:46:58 Kelley uses modified data file
18:46:58 BattlEye Server: Player #5 Kelley (70.185.220.188:2304) connected
18:46:58 Player Kelley connecting.
18:47:00 BattlEye Server: Player #5 Kelley - BE GUID: 9203e4ecbc8752f0deee620c6fb3f677
18:47:02 Player Kelley connected (id=76561198433113349).
18:47:02 BattlEye Server: Verified GUID (9203e4ecbc8752f0deee620c6fb3f677) of player #5 Kelley
18:47:08 BattlEye Server: (Side) High Alert Highlander : hello nomad 
18:47:29 BattlEye Server: (Side) High Alert Highlander : 25 sec
18:49:29 BattlEye Server: (Side) High Alert Highlander : nomad send u an inv 
18:49:49 BattlEye Server: (Side) Nomad: Alright cool, Ill join as soon as my buddy gets in
18:51:15 BattlEye Server: (Side) Nomad: Can you invite kelley?
18:53:03 BattlEye Server: (Group) High Alert Highlander : check map 
18:53:56 BattlEye Server: (Group) High Alert Highlander : check the map 
18:54:01 BattlEye Server: (Group) High Alert Highlander : the nmarks 
18:54:05 BattlEye Server: (Group) High Alert Highlander : in themap 
18:56:22 BattlEye Server: (Group) High Alert Highlander : check again 
18:57:09 Player Kelley kicked off by BattlEye: Client not responding
18:57:10 Player Kelley disconnected.
18:58:03 BattlEye Server: (Group) High Alert Highlander : gg
18:58:11 BattlEye Server: (Group) Nomad: gg guys
18:58:37 BattlEye Server: (Group) High Alert Highlander : yea i kill 9
18:59:09 BattlEye Server: (Group) High Alert Highlander : 3
19:00:03 BattlEye Server: (Group) High Alert Highlander : the tank is yours
19:00:57 BattlEye Server: (Group) High Alert Highlander : what ?
19:01:21 BattlEye Server: (Group) High Alert Highlander : im loking for titans 
19:01:44 BattlEye Server: (Group) High Alert Highlander : nope 
19:01:50 BattlEye Server: (Group) High Alert Highlander : just the tank 
19:02:33 BattlEye Server: (Group) High Alert Highlander : military patrol 
19:02:47 BattlEye Server: (Group) High Alert Highlander : the tank is yours
19:02:57 BattlEye Server: (Group) High Alert Highlander : also the humvee
19:03:07 BattlEye Server: (Group) High Alert Highlander : so dont forget to tow that 
19:03:58 BattlEye Server: (Group) High Alert Highlander : here 
19:04:02 BattlEye Server: (Group) High Alert Highlander : stopa sec
19:05:12 BattlEye Server: (Group) High Alert Highlander : thks
19:05:49 BattlEye Server: (Group) High Alert Highlander : mason do you want to join us in the military patrol ?
19:05:59 BattlEye Server: (Group) High Alert Highlander : yea i know 
19:06:11 BattlEye Server: (Group) High Alert Highlander : ok 
19:06:26 BattlEye Server: (Group) High Alert Highlander : what about you nomad 
19:06:34 BattlEye Server: (Group) High Alert Highlander : join in the military patrol 
19:06:44 BattlEye Server: (Group) Nomad: Gonna hit this convoy real quick and get to the gun store 
19:06:58 BattlEye Server: (Group) High Alert Highlander : ok ill wait 
19:09:32 BattlEye Server: (Group) High Alert Highlander : nope
19:17:05 Player Sea Stallion Pilot disconnected.
19:17:05 BattlEye Server: Player #2 Sea Stallion Pilot disconnected
19:18:33 Kelley uses modified data file
19:18:33 BattlEye Server: Player #5 Kelley (70.185.220.188:2304) connected
19:18:33 Player Kelley connecting.
19:18:35 BattlEye Server: Player #5 Kelley - BE GUID: 9203e4ecbc8752f0deee620c6fb3f677
19:18:37 Player Kelley connected (id=76561198433113349).
19:18:37 BattlEye Server: Verified GUID (9203e4ecbc8752f0deee620c6fb3f677) of player #5 Kelley
19:21:41 BattlEye Server: (Side) Nomad: Hey Highlander, i left the group so i can keep tabs on my buddy
19:22:09 BattlEye Server: (Side) High Alert Highlander : -what that means 
19:22:34 BattlEye Server: (Side) High Alert Highlander : tabs 
19:23:10 BattlEye Server: (Side) High Alert Highlander : nomad im  aitalian guy i dont understand the english slang very well 
19:23:38 BattlEye Server: (Side) Nomad: Ahh ok, I left the group so i can see where my friend is
19:23:54 BattlEye Server: (Side) High Alert Highlander : ah ok
19:24:20 BattlEye Server: (Side) High Alert Highlander : or i can join your friend to the group 
19:24:27 BattlEye Server: (Side) Nomad: We can do that
19:24:30 BattlEye Server: (Side) High Alert Highlander : on that way u see everyone 
19:24:46 BattlEye Server: (Side) Nomad: Invite me when you need
19:25:15 BattlEye Server: (Side) High Alert Highlander : good night guys 
19:25:41 BattlEye Server: (Side) RockstarGaming: goodnight
19:33:43 BattlEye Server: (Side) High Alert Highlander : SAME
19:33:51 Player Mason disconnected.
19:33:51 BattlEye Server: Player #0 Mason disconnected
19:39:56 Player Kelley disconnected.
19:39:56 BattlEye Server: Player #5 Kelley disconnected
19:40:07 Kelley uses modified data file
19:40:07 BattlEye Server: Player #5 Kelley (70.185.220.188:2304) connected
19:40:07 Player Kelley connecting.
19:40:09 BattlEye Server: Player #5 Kelley - BE GUID: 9203e4ecbc8752f0deee620c6fb3f677
19:40:11 Player Kelley connected (id=76561198433113349).
19:40:11 BattlEye Server: Verified GUID (9203e4ecbc8752f0deee620c6fb3f677) of player #5 Kelley
19:43:14 Player Kelley disconnected.
19:43:14 BattlEye Server: Player #5 Kelley disconnected
19:45:50 Kelley uses modified data file
19:45:50 BattlEye Server: Player #5 Kelley (70.185.220.188:2304) connected
19:45:50 Player Kelley connecting.
19:45:51 BattlEye Server: Player #5 Kelley - BE GUID: 9203e4ecbc8752f0deee620c6fb3f677
19:45:53 Player Kelley connected (id=76561198433113349).
19:45:53 BattlEye Server: Verified GUID (9203e4ecbc8752f0deee620c6fb3f677) of player #5 Kelley
20:16:03 ramon uses modified data file
20:16:03 BattlEye Server: Player #6 ramon (191.163.20.103:2309) connected
20:16:03 Player ramon connecting.
20:16:06 BattlEye Server: Player #6 ramon - BE GUID: a3cb4d09b254b468c9e165e11666262a
20:16:07 Player ramon connected (id=76561198064507254).
20:16:07 BattlEye Server: Verified GUID (a3cb4d09b254b468c9e165e11666262a) of player #6 ramon
20:23:42 BattlEye Server: (Global) High Alert Highlander : Ramon did you just login as a bluefort and the logout and log back in as  a indie 
20:23:59 BattlEye Server: (Global) High Alert Highlander : one more time i see you do that and i will banned you 
20:24:28 BattlEye Server: (Global) ramon: okay
20:25:03 BattlEye Server: (Global) ramon: i just move to independent group to play solo
20:25:16 BattlEye Server: (Side) RockstarGaming: NOMAD
20:25:19 BattlEye Server: (Side) RockstarGaming: sry caps
20:25:22 BattlEye Server: (Global) High Alert Highlander : yea but you cannot do that 
20:25:32 BattlEye Server: (Side) RockstarGaming: i cant respawn untill 3 mins is up
20:25:36 BattlEye Server: (Side) Nomad: Copy
20:25:44 BattlEye Server: (Global) ramon: sorry for that
20:26:02 BattlEye Server: (Global) High Alert Highlander : no worries it is your first 
20:26:08 BattlEye Server: (Global) High Alert Highlander : now youknow 
20:26:29 BattlEye Server: (Side) RockstarGaming: i also gotta eat  soon but ill be fast then i can come and help
20:26:41 BattlEye Server: (Global) ramon: yes, thanks
20:26:51 BattlEye Server: (Global) High Alert Highlander : no problem
20:28:07 BattlEye Server: (Side) RockstarGaming: 30 seconds till i can spawn
20:28:15 BattlEye Server: (Side) Nomad: 1:30
20:29:33 BattlEye Server: (Side) Nomad: 30
20:31:41 Player ramon disconnected.
20:31:41 BattlEye Server: Player #6 ramon disconnected
20:37:49 BattlEye Server: (Global) High Alert Highlander : Well guys hope you like the server  if you  need to contact any of the admins pls do that on discord  you can reach us there  have agreat night  we ho
20:38:07 BattlEye Server: (Global) High Alert Highlander : we hope to see you tomorrow back again 
20:38:13 BattlEye Server: (Global) High Alert Highlander : have a gg 
20:38:18 BattlEye Server: (Side) Nomad: You too
20:39:17 Player High Alert Highlander  disconnected.
20:39:17 BattlEye Server: Player #3 High Alert Highlander  disconnected
21:26:55 spenc uses modified data file
21:26:55 BattlEye Server: Player #6 spenc (71.236.32.167:2304) connected
21:26:55 Player spenc connecting.
21:26:57 BattlEye Server: Player #6 spenc - BE GUID: c91dd34eb52990056b45044225dc9e78
21:26:58 Player spenc connected (id=76561198303650839).
21:26:58 BattlEye Server: Verified GUID (c91dd34eb52990056b45044225dc9e78) of player #6 spenc
21:31:21 Player spenc disconnected.
21:31:21 BattlEye Server: Player #6 spenc disconnected
21:32:30 toto_ uses modified data file
21:32:30 BattlEye Server: Player #6 toto_ (189.207.55.153:49070) connected
21:32:30 Player toto_ connecting.
21:32:32 BattlEye Server: Player #6 toto_ - BE GUID: 428b9f8b0d38e40290b96ab8b068c5e8
21:32:32 Player toto_ connected (id=76561198115205369).
21:32:32 BattlEye Server: Verified GUID (428b9f8b0d38e40290b96ab8b068c5e8) of player #6 toto_
21:41:32 Player toto_ disconnected.
21:41:32 BattlEye Server: Player #6 toto_ disconnected
21:56:28 BattlEye Server: (Side) RockstarGaming: i apologize if ive been a little "annoying" with questions and stuff
21:56:56 BattlEye Server: (Side) RockstarGaming: ;-;
22:01:10 Player RockstarGaming disconnected.
22:01:10 BattlEye Server: Player #1 RockstarGaming disconnected
22:34:46 Junkie Hunkie uses modified data file
22:34:46 BattlEye Server: Player #6 Junkie Hunkie (66.229.86.125:2304) connected
22:34:46 Player Junkie Hunkie connecting.
22:34:48 BattlEye Server: Player #6 Junkie Hunkie - BE GUID: eefc36511b4e8d82c49fd2f7033605a5
22:34:48 Player Junkie Hunkie connected (id=76561198362446539).
22:34:48 BattlEye Server: Verified GUID (eefc36511b4e8d82c49fd2f7033605a5) of player #6 Junkie Hunkie
22:37:44 BattlEye Server: (Side) Junkie Hunkie: how do you get gear?
22:38:03 Player Junkie Hunkie disconnected.
22:38:03 BattlEye Server: Player #6 Junkie Hunkie disconnected
23:24:54 Player Kelley disconnected.
23:24:54 BattlEye Server: Player #5 Kelley disconnected
23:35:23 Player Nomad disconnected.
23:35:23 BattlEye Server: Player #4 Nomad disconnected
 3:56:20 sony uses modified data file
 3:56:20 BattlEye Server: Player #0 sony (113.250.227.118:33080) connected
 3:56:20 Player sony connecting.
 3:56:22 BattlEye Server: Player #0 sony - BE GUID: 9d5a5db648916c8d4b76aeba0d45c17d
 3:56:23 Player sony connected (id=76561198122667131).
 3:56:23 BattlEye Server: Verified GUID (9d5a5db648916c8d4b76aeba0d45c17d) of player #0 sony
 4:04:39 Loli uses modified data file
 4:04:39 BattlEye Server: Player #1 Loli (14.111.63.44:16749) connected
 4:04:39 Player Loli connecting.
 4:04:42 BattlEye Server: Player #1 Loli - BE GUID: f6c2a50ff07caff2f43aa8caae1c092c
 4:04:48 Player Loli connected (id=76561198099480797).
 4:04:48 BattlEye Server: Verified GUID (f6c2a50ff07caff2f43aa8caae1c092c) of player #1 Loli
 4:08:26 Freezing95 uses modified data file
 4:08:26 BattlEye Server: Player #2 Freezing95 (182.46.3.74:54464) connected
 4:08:26 Player Freezing95 connecting.
 4:08:29 BattlEye Server: Player #2 Freezing95 - BE GUID: 8a22077f216c0f8ec6a26460fd878650
 4:08:32 Player Freezing95 connected (id=76561198103140185).
 4:08:32 BattlEye Server: Verified GUID (8a22077f216c0f8ec6a26460fd878650) of player #2 Freezing95
 4:08:59 miwa uses modified data file
 4:08:59 BattlEye Server: Player #3 miwa (153.163.215.183:2309) connected
 4:08:59 Player miwa connecting.
 4:09:02 BattlEye Server: Player #3 miwa - BE GUID: f5460dc8efe0bdc909d3202a54c5f1a2
 4:09:02 Player miwa connected (id=76561198013813792).
 4:09:02 BattlEye Server: Verified GUID (f5460dc8efe0bdc909d3202a54c5f1a2) of player #3 miwa
 5:06:38 Player Freezing95 is losing connection
 5:30:58 tommy uses modified data file
 5:30:59 BattlEye Server: Player #4 tommy (183.156.103.90:2304) connected
 5:30:59 Player tommy connecting.
 5:31:01 BattlEye Server: Player #4 tommy - BE GUID: 6fbc0a95174bb24506f5f2482d45101d
 5:31:01 Player tommy connected (id=76561198123889852).
 5:31:01 BattlEye Server: Verified GUID (6fbc0a95174bb24506f5f2482d45101d) of player #4 tommy
 5:33:17 simon uses modified data file
 5:33:17 BattlEye Server: Player #5 simon (110.174.254.239:3304) connected
 5:33:17 Player simon connecting.
 5:33:20 BattlEye Server: Player #5 simon - BE GUID: 771820a67f146e632d984dbc28c51414
 5:33:21 Player simon connected (id=76561198124348666).
 5:33:21 BattlEye Server: Verified GUID (771820a67f146e632d984dbc28c51414) of player #5 simon
 5:33:22 Player simon disconnected.
 5:33:22 BattlEye Server: Player #5 simon disconnected
 5:33:41 simon uses modified data file
 5:33:41 BattlEye Server: Player #5 simon (110.174.254.239:3304) connected
 5:33:41 Player simon connecting.
 5:33:43 BattlEye Server: Player #5 simon - BE GUID: 771820a67f146e632d984dbc28c51414
 5:33:44 Player simon connected (id=76561198124348666).
 5:33:44 BattlEye Server: Verified GUID (771820a67f146e632d984dbc28c51414) of player #5 simon
 5:33:44 Player simon disconnected.
 5:33:44 BattlEye Server: Player #5 simon disconnected
 5:35:17 Player tommy disconnected.
 5:35:17 BattlEye Server: Player #4 tommy disconnected
 6:47:19 Maga ara uses modified data file
 6:47:19 BattlEye Server: Player #4 Maga ara (128.71.252.208:2309) connected
 6:47:19 Player Maga ara connecting.
 6:47:22 BattlEye Server: Player #4 Maga ara - BE GUID: f46991305206977687aeea6f18fd6880
 6:47:48 Player Maga ara connected (id=76561198150522649).
 6:47:48 BattlEye Server: Verified GUID (f46991305206977687aeea6f18fd6880) of player #4 Maga ara
 6:52:10 Player Freezing95 is losing connection
 6:52:18 Player Freezing95 disconnected.
 6:52:18 BattlEye Server: Player #2 Freezing95 disconnected
 7:00:36 Player Maga ara disconnected.
 7:00:36 BattlEye Server: Player #4 Maga ara disconnected
 7:10:56 High Alert Highlander  uses modified data file
 7:10:56 BattlEye Server: Player #4 High Alert Highlander  (190.171.107.107:62725) connected
 7:10:56 Player High Alert Highlander  connecting.
 7:11:01 BattlEye Server: Player #4 High Alert Highlander  - BE GUID: a01f35e030c4464ff5b5e9c18ddf0195
 7:11:07 Player High Alert Highlander  connected (id=76561198065774594).
 7:11:07 BattlEye Server: Verified GUID (a01f35e030c4464ff5b5e9c18ddf0195) of player #4 High Alert Highlander 
 7:19:01 Nomad uses modified data file
 7:19:01 BattlEye Server: Player #5 Nomad (72.2.87.223:2309) connected
 7:19:01 Player Nomad connecting.
 7:19:04 BattlEye Server: Player #5 Nomad - BE GUID: 2c853ec312535bfcf126f363375c7773
 7:19:26 Player Nomad connected (id=76561198173921406).
 7:19:26 BattlEye Server: Verified GUID (2c853ec312535bfcf126f363375c7773) of player #5 Nomad
 7:21:36 BattlEye Server: (Global) High Alert Highlander : sony i was the one that complete that mission 
 7:21:46 BattlEye Server: (Global) High Alert Highlander : im going forthat carrier 
 7:22:38 BattlEye Server: (Side) High Alert Highlander : hi nomad
 7:23:00 BattlEye Server: (Side) Nomad: Hey man
 7:24:14 BattlEye Server: (Side) Nomad: Spent 500k on a m109 last night and its gone today oops
 7:24:44 BattlEye Server: (Side) High Alert Highlander : why ?
 7:24:50 BattlEye Server: (Side) Nomad: No idea
 7:25:10 BattlEye Server: (Side) High Alert Highlander : dude dont tell me that u did a base here ?
 7:25:35 BattlEye Server: (Side) Nomad: Nah just had some vics here for keeping, i forgot about the spands
 7:25:39 BattlEye Server: (Side) Nomad: spawns
 7:28:51 BattlEye Server: (Group) High Alert Highlander : nomad can u bring that carrier here
 7:28:54 BattlEye Server: (Group) High Alert Highlander : pls
 7:28:58 BattlEye Server: (Side) Nomad: Yea
 7:29:39 BattlEye Server: (Group) High Alert Highlander : no worries u can keet it 
 7:30:16 Player sony disconnected.
 7:30:17 BattlEye Server: Player #0 sony disconnected
 7:30:29 Player Loli is losing connection
 7:30:35 Player miwa is losing connection
 7:30:50 Player miwa disconnected.
 7:30:50 BattlEye Server: Player #3 miwa disconnected
 7:30:54 BattlEye Server: (Group) High Alert Highlander : i dont like those 3 but we need the people in the server
 7:30:55 Player Loli disconnected.
 7:30:55 BattlEye Server: Player #1 Loli disconnected
 7:31:13 BattlEye Server: (Group) Nomad: Understandable
 7:31:58 BattlEye Server: (Group) High Alert Highlander : dou want to go for the Road block 
 7:32:06 BattlEye Server: (Group) Nomad: Sure
 7:32:14 BattlEye Server: (Group) High Alert Highlander : pop in 
 7:36:55 BattlEye Server: (Group) High Alert Highlander : lol a mission pop up in top of us 
 7:38:49 BattlEye Server: (Group) Nomad: Eyes on
 7:39:08 BattlEye Server: (Group) High Alert Highlander : ok
 7:39:16 BattlEye Server: (Group) Nomad: Clear to fire?
 7:39:21 BattlEye Server: (Group) High Alert Highlander : ok
 7:39:41 BattlEye Server: (Group) Nomad: WEll then
 7:41:29 BattlEye Server: (Group) Nomad: Thanks
 7:49:27 Player Nomad is losing connection
 7:50:03 Player Nomad disconnected.
 7:50:03 BattlEye Server: Player #5 Nomad disconnected
 7:51:37 Nomad uses modified data file
 7:51:37 BattlEye Server: Player #5 Nomad (72.2.87.223:1024) connected
 7:51:37 Player Nomad connecting.
 7:51:41 BattlEye Server: Player #5 Nomad - BE GUID: 2c853ec312535bfcf126f363375c7773
 7:51:43 Player Nomad connected (id=76561198173921406).
 7:51:43 BattlEye Server: Verified GUID (2c853ec312535bfcf126f363375c7773) of player #5 Nomad
 7:53:14 Player Nomad disconnected.
 7:53:14 BattlEye Server: Player #5 Nomad disconnected
 7:54:22 Nomad uses modified data file
 7:54:22 BattlEye Server: Player #5 Nomad (72.2.87.223:2309) connected
 7:54:22 Player Nomad connecting.
 7:54:24 BattlEye Server: Player #5 Nomad - BE GUID: 2c853ec312535bfcf126f363375c7773
 7:54:27 Player Nomad connected (id=76561198173921406).
 7:54:27 BattlEye Server: Verified GUID (2c853ec312535bfcf126f363375c7773) of player #5 Nomad
 7:57:14 Player Nomad kicked off by BattlEye: Client not responding
 7:57:15 Player Nomad disconnected.
 7:57:25 Nomad uses modified data file
 7:57:25 BattlEye Server: Player #5 Nomad (72.2.87.223:2309) connected
 7:57:25 Player Nomad connecting.
 7:57:27 BattlEye Server: Player #5 Nomad - BE GUID: 2c853ec312535bfcf126f363375c7773
 7:57:30 Player Nomad connected (id=76561198173921406).
 7:57:30 BattlEye Server: Verified GUID (2c853ec312535bfcf126f363375c7773) of player #5 Nomad
 7:58:21 BattlEye Server: (Side) Nomad: Man it does not want to stay connected lol
 7:59:28 Player Nomad kicked off by BattlEye: Client not responding
 7:59:28 Player Nomad disconnected.
 8:33:11 Player High Alert Highlander  disconnected.
 8:33:11 BattlEye Server: Player #4 High Alert Highlander  disconnected
 8:53:27 Sea Stallion Pilot uses modified data file
 8:53:27 BattlEye Server: Player #0 Sea Stallion Pilot (107.220.92.165:2304) connected
 8:53:27 Player Sea Stallion Pilot connecting.
 8:53:29 BattlEye Server: Player #0 Sea Stallion Pilot - BE GUID: ecf06a2454f0f8bd20dd41081187fde2
 8:53:30 Player Sea Stallion Pilot connected (id=76561198188669749).
 8:53:30 BattlEye Server: Verified GUID (ecf06a2454f0f8bd20dd41081187fde2) of player #0 Sea Stallion Pilot
 8:54:09 RockstarGaming uses modified data file
 8:54:09 BattlEye Server: Player #1 RockstarGaming (107.204.216.18:2304) connected
 8:54:09 Player RockstarGaming connecting.
 8:54:11 BattlEye Server: Player #1 RockstarGaming - BE GUID: 23fe7edb77e6acee989bf1757f516554
 8:54:11 Player RockstarGaming connected (id=76561198250040454).
 8:54:11 BattlEye Server: Verified GUID (23fe7edb77e6acee989bf1757f516554) of player #1 RockstarGaming
 9:50:13 DARKWEED uses modified data file
 9:50:13 BattlEye Server: Player #2 DARKWEED (178.194.164.128:2304) connected
 9:50:13 Player DARKWEED connecting.
 9:50:15 BattlEye Server: Player #2 DARKWEED - BE GUID: 8cb28801530f96f21011d9814d41e9cc
 9:50:15 Player DARKWEED connected (id=76561198060089735).
 9:50:15 BattlEye Server: Verified GUID (8cb28801530f96f21011d9814d41e9cc) of player #2 DARKWEED
 9:50:25 Player DARKWEED disconnected.
 9:50:25 BattlEye Server: Player #2 DARKWEED disconnected
10:07:03 High Alert Highlander  uses modified data file
10:07:03 BattlEye Server: Player #2 High Alert Highlander  (190.171.107.107:62725) connected
10:07:03 Player High Alert Highlander  connecting.
10:07:09 BattlEye Server: Player #2 High Alert Highlander  - BE GUID: a01f35e030c4464ff5b5e9c18ddf0195
10:07:10 BattlEye Server: (Side) RockstarGaming: hey dude
10:07:13 Player High Alert Highlander  connected (id=76561198065774594).
10:07:13 BattlEye Server: Verified GUID (a01f35e030c4464ff5b5e9c18ddf0195) of player #2 High Alert Highlander 
10:08:52 Player High Alert Highlander  disconnected.
10:08:52 BattlEye Server: Player #2 High Alert Highlander  disconnected
10:16:58 High Alert Highlander  uses modified data file
10:16:58 BattlEye Server: Player #2 High Alert Highlander  (190.171.107.107:62725) connected
10:16:58 Player High Alert Highlander  connecting.
10:17:00 BattlEye Server: Player #2 High Alert Highlander  - BE GUID: a01f35e030c4464ff5b5e9c18ddf0195
10:17:02 Player High Alert Highlander  connected (id=76561198065774594).
10:17:02 BattlEye Server: Verified GUID (a01f35e030c4464ff5b5e9c18ddf0195) of player #2 High Alert Highlander 
10:19:41 Admin logged in, player: High Alert Highlander , playerUID: 76561198065774594, IP: 192.168.0.10:2309.
10:25:43 BattlEye Server: (Direct) RockstarGaming: hey
10:25:46 BattlEye Server: (Direct) RockstarGaming: dude
10:27:51 BattlEye Server: (Direct) RockstarGaming: are you going to kill us
10:28:28 BattlEye Server: (Global) RockstarGaming: hey 
10:28:44 BattlEye Server: (Global) High Alert Highlander : yes rock ?
10:29:08 BattlEye Server: (Global) RockstarGaming: are you going to kill us ;(
10:29:14 BattlEye Server: (Global) High Alert Highlander : no rock 
10:29:37 BattlEye Server: (Global) RockstarGaming: okay thank you
10:34:02 BattlEye Server: (Global) RockstarGaming: hey
10:34:30 BattlEye Server: (Global) RockstarGaming: how are you capturing places so fast
10:35:07 BattlEye Server: (Global) High Alert Highlander : im taking off the places rock people if having tomuch money on there bank accounts without doing missions 
10:35:32 BattlEye Server: (Global) High Alert Highlander : so if you want them you can capture those again 
10:35:34 Markus uses modified data file
10:35:34 BattlEye Server: Player #3 Markus (93.193.243.248:2304) connected
10:35:34 Player Markus connecting.
10:35:36 BattlEye Server: Player #3 Markus - BE GUID: a83929a4d920ab6ae424c833fbfc0607
10:35:36 Player Markus connected (id=76561198080658694).
10:35:37 BattlEye Server: Verified GUID (a83929a4d920ab6ae424c833fbfc0607) of player #3 Markus
10:35:49 BattlEye Server: (Side) RockstarGaming: ..
10:35:52 BattlEye Server: (Side) RockstarGaming: .
10:36:05 BattlEye Server: (Global) RockstarGaming: well we are doing the missions
10:36:13 BattlEye Server: (Global) RockstarGaming: can we  keep some?
10:36:21 BattlEye Server: (Global) High Alert Highlander : not on my records 
10:36:24 BattlEye Server: (Global) RockstarGaming: so we can earn a little bit of money?
10:39:42 Player Markus disconnected.
10:39:42 BattlEye Server: Player #3 Markus disconnected
10:42:02 BattlEye Server: (Global) RockstarGaming: aww
10:42:31 BattlEye Server: (Global) RockstarGaming: if we capture it back are you gonna use ur admin to recapture altis airport
10:42:45 BattlEye Server: (Global) High Alert Highlander : no 
10:42:57 BattlEye Server: (Global) High Alert Highlander : but u guys have to recapture those 
10:45:05 BattlEye Server: (Global) High Alert Highlander : now we can do a little pvp so be ready 
10:45:32 BattlEye Server: (Global) RockstarGaming: but were trying to earn money
10:45:45 Player Sea Stallion Pilot disconnected.
10:45:45 BattlEye Server: Player #0 Sea Stallion Pilot disconnected
10:45:50 Sea Stallion Pilot uses modified data file
10:45:50 BattlEye Server: Player #3 Sea Stallion Pilot (107.220.92.165:2304) connected
10:45:50 Player Sea Stallion Pilot connecting.
10:45:52 BattlEye Server: Player #3 Sea Stallion Pilot - BE GUID: ecf06a2454f0f8bd20dd41081187fde2
10:45:53 Player Sea Stallion Pilot connected (id=76561198188669749).
10:45:53 BattlEye Server: Verified GUID (ecf06a2454f0f8bd20dd41081187fde2) of player #3 Sea Stallion Pilot
10:46:41 BattlEye Server: (Global) RockstarGaming: hey dude
10:46:55 BattlEye Server: (Global) RockstarGaming: we barely have any money to get decent tanksa or helicopters
10:46:57 BattlEye Server: (Global) RockstarGaming: so
10:47:09 BattlEye Server: (Global) RockstarGaming: your probably gonna win and it will be unfair
10:47:09 BattlEye Server: (Global) High Alert Highlander : make missions rock 
10:47:32 BattlEye Server: (Global) High Alert Highlander : i have the same weapon of the start 
10:47:49 BattlEye Server: (Global) High Alert Highlander : and this is waste land 
10:48:02 BattlEye Server: (Global) RockstarGaming: but its no fun losing your stuff
10:48:27 BattlEye Server: (Global) High Alert Highlander : learn how to play waste land if you want to be here 
10:48:36 BattlEye Server: (Global) High Alert Highlander : wasteland is survival
10:48:44 BattlEye Server: (Global) RockstarGaming: yeah i know
10:48:59 BattlEye Server: (Global) RockstarGaming: we cant cap the stuff back 
10:49:14 BattlEye Server: (Global) High Alert Highlander : yes u can 
10:49:20 BattlEye Server: (Global) RockstarGaming: my friend is in the cap zone and it is not capturing it
10:49:31 BattlEye Server: (Global) High Alert Highlander : beacuse im here also 
10:49:37 BattlEye Server: (Global) RockstarGaming: oh gosh
10:49:44 BattlEye Server: (Global) RockstarGaming: were not ready yet
10:49:57 BattlEye Server: (Global) High Alert Highlander : is not about to be ready 
10:50:02 BattlEye Server: (Global) High Alert Highlander : u have to be 
10:50:24 BattlEye Server: (Global) High Alert Highlander : belief me soon will come players from my guild that will eat u guys alive 
10:50:32 BattlEye Server: (Global) High Alert Highlander : so learn how to play 
10:50:49 BattlEye Server: (Global) RockstarGaming: your being kinda rude
10:51:23 BattlEye Server: (Global) High Alert Highlander : no rock imnot being rude you guys want the stuff easy 
10:51:33 BattlEye Server: (Global) High Alert Highlander : and thats not how it is 
10:52:22 BattlEye Server: (Global) RockstarGaming: oh
10:52:25 BattlEye Server: (Global) RockstarGaming: well
10:52:28 BattlEye Server: (Global) RockstarGaming: i quess
10:55:20 BattlEye Server: (Global) RockstarGaming: holy crap man
10:55:25 BattlEye Server: (Global) RockstarGaming: this is scary and fun
10:55:33 BattlEye Server: (Global) RockstarGaming: could you see our heli
10:55:38 BattlEye Server: (Global) High Alert Highlander : exactly 
10:55:51 BattlEye Server: (Global) High Alert Highlander : soon yoiu guys will be ready for wasteland 
10:56:01 BattlEye Server: (Global) High Alert Highlander : im trying to teach you something here 
10:56:16 BattlEye Server: (Global) RockstarGaming: okay
10:56:16 BattlEye Server: (Global) High Alert Highlander : if you want to play on the server you have to learn how 
10:56:22 BattlEye Server: (Global) RockstarGaming: okay
10:56:40 BattlEye Server: (Direct) RockstarGaming: quick question
10:56:48 BattlEye Server: (Direct) RockstarGaming: how do we refuel a heli
10:57:03 BattlEye Server: (Direct) RockstarGaming: it wont let us resuply it
10:57:22 Cb.Lourenço uses modified data file
10:57:22 BattlEye Server: Player #4 Cb.Lourenço (187.59.243.174:2304) connected
10:57:22 Player Cb.Lourenço connecting.
10:57:24 BattlEye Server: Player #4 Cb.Lourenço - BE GUID: 8f587d42d532b49a6e2c641f10993d12
10:57:24 Player Cb.Lourenço connected (id=76561198176709151).
10:57:24 BattlEye Server: Verified GUID (8f587d42d532b49a6e2c641f10993d12) of player #4 Cb.Lourenço
10:57:42 Player Cb.Lourenço disconnected.
10:57:42 BattlEye Server: Player #4 Cb.Lourenço disconnected
10:57:57 BattlEye Server: (Global) High Alert Highlander : i have $500.000 u want that come a killme 
10:58:07 BattlEye Server: (Direct) RockstarGaming: holy crap
10:58:16 BattlEye Server: (Direct) RockstarGaming: but you probably have a plan to kill us
10:59:43 BattlEye Server: (Direct) RockstarGaming: so how did you get admin
11:13:53 BattlEye Server: (Global) High Alert Highlander : why r u guys hidding 
11:14:01 BattlEye Server: (Direct) RockstarGaming: doing missions
11:25:34 BattlEye Server: (Global) RockstarGaming: hye man sorry imma be afk
11:25:38 BattlEye Server: (Global) RockstarGaming: hey*
11:25:47 BattlEye Server: (Global) RockstarGaming: i got to do 2 math worksheets
11:26:07 BattlEye Server: (Global) High Alert Highlander : ok
11:26:31 Player RockstarGaming disconnected.
11:26:31 BattlEye Server: Player #1 RockstarGaming disconnected
11:26:34 Player Sea Stallion Pilot disconnected.
11:26:34 BattlEye Server: Player #3 Sea Stallion Pilot disconnected
11:29:15 RockstarGaming uses modified data file
11:29:15 BattlEye Server: Player #3 RockstarGaming (107.204.216.18:2304) connected
11:29:15 Player RockstarGaming connecting.
11:29:17 BattlEye Server: Player #3 RockstarGaming - BE GUID: 23fe7edb77e6acee989bf1757f516554
11:29:17 Player RockstarGaming connected (id=76561198250040454).
11:29:17 BattlEye Server: Verified GUID (23fe7edb77e6acee989bf1757f516554) of player #3 RockstarGaming
11:31:58 BattlEye Server: (Global) RockstarGaming: 1 problem left pls dont kick me
11:36:29 BattlEye Server: (Global) High Alert Highlander : ok see u later im out enjoy the game 
11:38:15 Player High Alert Highlander  disconnected.
11:38:15 BattlEye Server: Player #2 High Alert Highlander  disconnected
11:38:15 Admin logged out, player: High Alert Highlander , playerUID: 76561198065774594, IP: 192.168.0.10:2309.
11:43:09 chenai uses modified data file
11:43:09 BattlEye Server: Player #4 chenai (36.157.132.132:29891) connected
11:43:09 Player chenai connecting.
11:43:11 Player chenai disconnected.
11:43:11 BattlEye Server: Player #4 chenai disconnected
11:43:46 BattlEye Server: (Global) RockstarGaming: back
11:47:08 Kelley uses modified data file
11:47:08 BattlEye Server: Player #4 Kelley (70.185.220.188:2304) connected
11:47:08 Player Kelley connecting.
11:47:10 BattlEye Server: Player #4 Kelley - BE GUID: 9203e4ecbc8752f0deee620c6fb3f677
11:47:13 Player Kelley connected (id=76561198433113349).
11:47:13 BattlEye Server: Verified GUID (9203e4ecbc8752f0deee620c6fb3f677) of player #4 Kelley
11:47:33 BattlEye Server: (Global) RockstarGaming: ..//
11:47:42 Player Kelley kicked off by BattlEye: Game restart required
11:47:42 Player Kelley disconnected.
11:51:03 Kelley uses modified data file
11:51:03 BattlEye Server: Player #4 Kelley (70.185.220.188:2304) connected
11:51:03 Player Kelley connecting.
11:51:05 BattlEye Server: Player #4 Kelley - BE GUID: 9203e4ecbc8752f0deee620c6fb3f677
11:51:08 Player Kelley connected (id=76561198433113349).
11:51:08 BattlEye Server: Verified GUID (9203e4ecbc8752f0deee620c6fb3f677) of player #4 Kelley
11:53:26 BattlEye Server: (Side) RockstarGaming: Hi kelley
11:59:05 Player Kelley kicked off by BattlEye: Client not responding
11:59:05 Player Kelley disconnected.
12:10:35 Kelley uses modified data file
12:10:35 BattlEye Server: Player #4 Kelley (70.185.220.188:2304) connected
12:10:35 Player Kelley connecting.
12:10:38 BattlEye Server: Player #4 Kelley - BE GUID: 9203e4ecbc8752f0deee620c6fb3f677
12:10:40 Player Kelley connected (id=76561198433113349).
12:10:40 BattlEye Server: Verified GUID (9203e4ecbc8752f0deee620c6fb3f677) of player #4 Kelley
12:14:25 BattlEye Server: (Side) RockstarGaming: hey kelley
12:14:43 Mike uses modified data file
12:14:43 BattlEye Server: Player #5 Mike (68.101.250.189:2309) connected
12:14:43 Player Mike connecting.
12:15:19 Ethan uses modified data file
12:15:19 BattlEye Server: Player #6 Ethan (172.91.201.130:2304) connected
12:15:19 Player Ethan connecting.
12:15:21 BattlEye Server: Player #6 Ethan - BE GUID: 7c2d4ffbe763cb49aab7018123d80d92
12:15:22 Player Ethan connected (id=76561198276983447).
12:15:22 BattlEye Server: Verified GUID (7c2d4ffbe763cb49aab7018123d80d92) of player #6 Ethan
12:16:50 Player Mike disconnected.
12:16:50 BattlEye Server: Player #5 Mike disconnected
12:17:40 Mike uses modified data file
12:17:40 BattlEye Server: Player #7 Mike (68.101.250.189:2309) connected
12:17:40 Player Mike connecting.
12:17:42 BattlEye Server: Player #7 Mike - BE GUID: 2809e35d6020803708265023e69c1ec6
12:17:43 Player Mike connected (id=76561198081253129).
12:17:43 BattlEye Server: Verified GUID (2809e35d6020803708265023e69c1ec6) of player #7 Mike
12:36:13 Player Ethan disconnected.
12:36:13 BattlEye Server: Player #6 Ethan disconnected
13:06:14 BattlEye Server: (Side) RockstarGaming: wait can you guys hear me
13:07:29 Player Mike disconnected.
13:07:29 BattlEye Server: Player #7 Mike disconnected
13:07:48 BattlEye Server: (Side) RockstarGaming: kelley should we get that armed helicopter
13:08:38 BattlEye Server: (Side) Kelley: no
13:08:50 BattlEye Server: (Side) RockstarGaming: why its a good helicopter worth 500k
13:09:05 BattlEye Server: (Side) Kelley: because its out of the way
13:09:19 BattlEye Server: (Side) RockstarGaming: well do you mind if i do
13:09:36 BattlEye Server: (Side) Kelley: I dont care what you do
13:09:38 BattlEye Server: (Side) RockstarGaming: plus you went al the way out there to get that battle tank
13:10:01 BattlEye Server: (Side) Kelley: And now I am taking it back to my base
13:10:06 BattlEye Server: (Side) RockstarGaming: ye
13:10:21 BattlEye Server: (Side) RockstarGaming: i put 2 humvees at your base
13:10:34 BattlEye Server: (Side) RockstarGaming: one is armed
13:13:08 BattlEye Server: (Side) RockstarGaming: the t-80 is a heavey tank right
13:13:39 BattlEye Server: (Side) Kelley: No its a medium Main Battle Tank. Heavy tanks died out just after ww2
13:13:48 BattlEye Server: (Side) RockstarGaming: okay
13:13:50 BattlEye Server: (Side) RockstarGaming: nice
13:13:59 BattlEye Server: (Side) RockstarGaming: im gonna grab this UH 1  venom
13:26:15 BattlEye Server: (Side) RockstarGaming: i have the helicopter
13:27:29 Jaeden uses modified data file
13:27:29 BattlEye Server: Player #5 Jaeden (68.224.142.30:2304) connected
13:27:29 Player Jaeden connecting.
13:27:30 Player Jaeden disconnected.
13:27:30 BattlEye Server: Player #5 Jaeden disconnected
13:27:37 Jaeden uses modified data file
13:27:37 BattlEye Server: Player #5 Jaeden (68.224.142.30:2304) connected
13:27:37 Player Jaeden connecting.
13:27:38 Player Jaeden disconnected.
13:27:38 BattlEye Server: Player #5 Jaeden disconnected
13:31:01 BattlEye Server: (Side) RockstarGaming: good luck on that tank
13:35:38 BattlEye Server: (Side) Kelley: I need a little help
13:35:42 BattlEye Server: (Side) RockstarGaming: oh
13:35:45 BattlEye Server: (Side) RockstarGaming: okay
13:35:54 BattlEye Server: (Side) RockstarGaming: did the humvee get destroyed
13:36:05 BattlEye Server: (Side) Kelley: No
13:36:09 BattlEye Server: (Side) RockstarGaming: and do you want me to use rockets
13:36:31 BattlEye Server: (Side) Kelley: I just cant tell if I am hitting anyone because they keep hiding behind a bunch of bushes
13:36:37 BattlEye Server: (Side) RockstarGaming: okay
13:37:11 BattlEye Server: (Side) RockstarGaming: ill be there in a little bit i gotta get the vehicle
13:38:05 Win10User uses modified data file
13:38:05 BattlEye Server: Player #5 Win10User (68.56.87.18:2309) connected
13:38:05 Player Win10User connecting.
13:38:08 BattlEye Server: Player #5 Win10User - BE GUID: 973d4125041bcc3eab02111ec26bac30
13:38:08 Player Win10User connected (id=76561198434026640).
13:38:08 BattlEye Server: Verified GUID (973d4125041bcc3eab02111ec26bac30) of player #5 Win10User
13:38:18 BattlEye Server: (Side) RockstarGaming: what do you want me to take i dont have the much money though
13:39:21 BattlEye Server: (Side) RockstarGaming: im on my way ETA  2 minutes
13:40:02 BattlEye Server: (Side) RockstarGaming: NOOOOOOOO
13:40:12 BattlEye Server: (Side) RockstarGaming: THE VENEM MIGHT GET DESTROYED
13:41:01 BattlEye Server: (Side) RockstarGaming: what is this noise
13:43:30 BattlEye Server: (Side) RockstarGaming: GTG
13:43:32 BattlEye Server: (Side) RockstarGaming: sorry
13:43:51 Player RockstarGaming disconnected.
13:43:51 BattlEye Server: Player #3 RockstarGaming disconnected
13:56:24 Player Win10User disconnected.
13:56:24 BattlEye Server: Player #5 Win10User disconnected
13:59:35 RockstarGaming uses modified data file
13:59:35 BattlEye Server: Player #5 RockstarGaming (107.204.216.18:2304) connected
13:59:35 Player RockstarGaming connecting.
13:59:37 BattlEye Server: Player #5 RockstarGaming - BE GUID: 23fe7edb77e6acee989bf1757f516554
13:59:37 Player RockstarGaming connected (id=76561198250040454).
13:59:37 BattlEye Server: Verified GUID (23fe7edb77e6acee989bf1757f516554) of player #5 RockstarGaming
14:00:59 High Alert Highlander  uses modified data file
14:01:00 BattlEye Server: Player #6 High Alert Highlander  (190.171.107.107:62725) connected
14:01:00 Player High Alert Highlander  connecting.
14:01:05 BattlEye Server: Player #6 High Alert Highlander  - BE GUID: a01f35e030c4464ff5b5e9c18ddf0195
14:01:07 Player High Alert Highlander  connected (id=76561198065774594).
14:01:07 BattlEye Server: Verified GUID (a01f35e030c4464ff5b5e9c18ddf0195) of player #6 High Alert Highlander 
14:01:34 Sea Stallion Pilot uses modified data file
14:01:34 BattlEye Server: Player #7 Sea Stallion Pilot (107.220.92.165:2304) connected
14:01:34 Player Sea Stallion Pilot connecting.
14:01:36 BattlEye Server: Player #7 Sea Stallion Pilot - BE GUID: ecf06a2454f0f8bd20dd41081187fde2
14:01:36 Player Sea Stallion Pilot connected (id=76561198188669749).
14:01:36 BattlEye Server: Verified GUID (ecf06a2454f0f8bd20dd41081187fde2) of player #7 Sea Stallion Pilot
14:03:50 Admin logged in, player: High Alert Highlander , playerUID: 76561198065774594, IP: 192.168.0.10:2309.
14:04:21 BattlEye Server: (Global) High Alert Highlander : hi guys 
14:05:12 BattlEye Server: (Group) RockstarGaming: ..
14:05:14 BattlEye Server: (Group) RockstarGaming: /
14:05:20 BattlEye Server: (Global) RockstarGaming: Hello
14:07:34 BattlEye Server: (Global) RockstarGaming: CMON MAN
14:07:50 BattlEye Server: (Global) RockstarGaming: YOU CAN FRICKING TELEPORT
14:07:55 BattlEye Server: (Global) RockstarGaming: NOT FAIR AT ALL
14:08:09 BattlEye Server: (Global) High Alert Highlander : who says that imusing that 
14:08:19 BattlEye Server: (Global) High Alert Highlander : i was below you 
14:08:28 BattlEye Server: (Global) High Alert Highlander : when you take off
14:08:30 BattlEye Server: (Global) RockstarGaming: well last we saw you were at altil international
14:08:50 BattlEye Server: (Global) RockstarGaming: and now your here out of nowwhere
14:08:57 BattlEye Server: (Global) High Alert Highlander : how can u swee me if im independent 
14:09:13 BattlEye Server: (Global) RockstarGaming: well u captured the altis
14:09:15 BattlEye Server: (Global) High Alert Highlander : i was in kabala the all time 
14:09:19 BattlEye Server: (Global) RockstarGaming: ugh
14:09:34 BattlEye Server: (Global) RockstarGaming: are you spawing crap in
14:09:52 BattlEye Server: (Global) High Alert Highlander : im driving a freaking truck buy 
14:09:57 BattlEye Server: (Global) High Alert Highlander : boy 
14:10:09 BattlEye Server: (Global) High Alert Highlander : and im in kabala 
14:12:43 Alex uses modified data file
14:12:43 BattlEye Server: Player #8 Alex (88.173.65.127:2309) connected
14:12:43 Player Alex connecting.
14:12:55 Player Alex disconnected.
14:12:55 BattlEye Server: Player #8 Alex disconnected
14:13:15 Alex uses modified data file
14:13:15 BattlEye Server: Player #8 Alex (88.173.65.127:2309) connected
14:13:16 Player Alex connecting.
14:13:18 BattlEye Server: Player #8 Alex - BE GUID: f2abd073515a5d51458cebb102028acf
14:13:19 Player Alex connected (id=76561198067877062).
14:13:19 BattlEye Server: Verified GUID (f2abd073515a5d51458cebb102028acf) of player #8 Alex
14:13:38 BattlEye Server: (Global) RockstarGaming: how are you teaching us stuff  if you justshoot us down
14:13:47 BattlEye Server: (Global) RockstarGaming: and are somhow always where we are
14:14:07 BattlEye Server: (Global) High Alert Highlander : oh so you think that i will leave out a perfect shoot in top of me 
14:14:22 BattlEye Server: (Global) RockstarGaming: no
14:14:26 BattlEye Server: (Global) RockstarGaming: who said that
14:14:33 BattlEye Server: (Global) High Alert Highlander : there is your answer
14:15:19 BattlEye Server: (Global) Kelley: Rockstar you should stop complaining. PVP is apart of the game. He got you thats that just move on.
14:15:41 BattlEye Server: (Global) RockstarGaming: okay :/
14:17:07 BattlEye Server: (Global) High Alert Highlander : i have 500k on me for the one who kill me, so try your luck gg all 
14:17:20 BattlEye Server: (Global) RockstarGaming: exactly
14:17:25 BattlEye Server: (Global) RockstarGaming: why would we do that
14:17:35 BattlEye Server: (Global) RockstarGaming: you have over 100 ai kills
14:17:39 BattlEye Server: (Global) RockstarGaming: 1000
14:17:44 BattlEye Server: (Global) RockstarGaming: im not going to try
14:18:04 BattlEye Server: (Global) RockstarGaming: you should put it in ur bank
14:18:04 BattlEye Server: (Global) Kelley: And? Just because he can kill a hundred AI doesnt mean he is invincible 
14:18:19 BattlEye Server: (Global) RockstarGaming: i did not say that though
14:18:26 BattlEye Server: (Global) RockstarGaming: im just not gonna kill him
14:18:32 BattlEye Server: (Global) RockstarGaming: because i will diea
14:18:34 BattlEye Server: (Global) RockstarGaming: again
14:19:27 Player Alex disconnected.
14:19:27 BattlEye Server: Player #8 Alex disconnected
14:29:42 Player RockstarGaming disconnected.
14:29:42 BattlEye Server: Player #5 RockstarGaming disconnected
14:40:05 Player Sea Stallion Pilot disconnected.
14:40:05 BattlEye Server: Player #7 Sea Stallion Pilot disconnected
14:41:05 BattlEye Server: (Global) High Alert Highlander : and why they left 
14:43:02 BattlEye Server: (Global) Kelley: idk why they left. 
14:43:58 BattlEye Server: (Global) High Alert Highlander : well naybe they will come back if not im so sorry 
14:44:09 BattlEye Server: (Global) Kelley: Sorry for?
14:44:19 BattlEye Server: (Global) High Alert Highlander : killing him 
14:44:42 BattlEye Server: (Global) High Alert Highlander : jajaja  maybe i shouldt fire that missile on the kid 
14:45:11 BattlEye Server: (Global) High Alert Highlander : dude is like i was o the gun store 
14:45:14 BattlEye Server: (Global) Kelley: tbh he is kind of annoyinh at times. PVP is apart of the game and its no big deal he can get the heli back.
14:45:36 BattlEye Server: (Global) High Alert Highlander : and he was inside the castle with a MI 75 HELI 
14:46:34 BattlEye Server: (Global) Kelley: you wanna work together?
14:46:42 BattlEye Server: (Global) High Alert Highlander : SURE 
14:47:36 BattlEye Server: (Global) Kelley: Im going to hit the MBT
14:48:44 BattlEye Server: (Side) High Alert Highlander : due he has to laern that  pvp is part of wasteland 
14:49:03 BattlEye Server: (Side) Kelley: Agreed. 
14:50:07 BattlEye Server: (Side) High Alert Highlander : i need a gun store 
14:50:15 BattlEye Server: (Side) High Alert Highlander : be there in a bit 
14:50:23 BattlEye Server: (Side) Kelley: Alright 
14:51:57 beau uses modified data file
14:51:57 BattlEye Server: Player #7 beau (173.202.115.74:2309) connected
14:51:57 Player beau connecting.
14:52:01 BattlEye Server: Player #7 beau - BE GUID: 4ede12877e4dde1ebb49083312aa88f5
14:52:01 Player beau connected (id=76561198263066637).
14:52:01 BattlEye Server: Verified GUID (4ede12877e4dde1ebb49083312aa88f5) of player #7 beau
14:54:33 BattlEye Server: (Side) High Alert Highlander : need anything 
14:59:46 Player beau disconnected.
14:59:46 BattlEye Server: Player #7 beau disconnected
15:01:18 BattlEye Server: (Side) High Alert Highlander : here is more rockets
15:01:50 BattlEye Server: (Side) High Alert Highlander : that is a beauty 
15:02:05 BattlEye Server: (Side) High Alert Highlander : the perfect semi range rusian artiliry 
15:02:48 BattlEye Server: (Side) Kelley: she is gunna lay waste to a lot of lives
15:03:03 BattlEye Server: (Side) High Alert Highlander : jajaj yea 
15:04:03 BattlEye Server: (Side) High Alert Highlander : do you guys have a base 
15:04:14 BattlEye Server: (Side) Kelley: Yea
15:04:23 BattlEye Server: (Side) High Alert Highlander : if not you can use mine to store yuour things wile you build one 
15:04:28 BattlEye Server: (Side) High Alert Highlander : oh ok 
15:04:56 BattlEye Server: (Side) Kelley: I mean its not super built up yet but when Nomad gets back we are going to start building onto it
15:05:14 BattlEye Server: (Side) High Alert Highlander : remember that you need a base locker 
15:05:28 BattlEye Server: (Group) High Alert Highlander : to lock your base 
15:05:42 BattlEye Server: (Group) High Alert Highlander : that cost 1 million onthe GS 
15:06:30 BattlEye Server: (Side) Kelley: Nomad is the one who is gunna get that. I just collect shit for us
15:06:40 BattlEye Server: (Group) High Alert Highlander : JAJAJA ok 
15:06:54 BattlEye Server: (Group) High Alert Highlander : heli
15:07:01 BattlEye Server: (Group) High Alert Highlander : in top 
15:07:16 BattlEye Server: (Group) High Alert Highlander : that was close 
15:09:23 BattlEye Server: (Group) High Alert Highlander : u guys know that you hace a parking lot in game for up to 15 vehiculs right ?
15:09:35 BattlEye Server: (Side) Kelley: we do now
15:09:48 BattlEye Server: (Group) High Alert Highlander : purple dots in the map
15:10:02 BattlEye Server: (Group) High Alert Highlander : those r the parkin lots 
15:10:03 BattlEye Server: (Side) Kelley: Cool thanks
15:11:10 BattlEye Server: (Group) High Alert Highlander : she has a fat ass 
15:13:05 BattlEye Server: (Group) High Alert Highlander : yea u guys better store all this vehuculs or as soon more people gets in can be stolen 
15:13:11 BattlEye Server: (Group) High Alert Highlander : or destroiy 
15:13:30 BattlEye Server: (Side) Kelley: Alright yeah I will stow them away before I get off.
15:14:15 BattlEye Server: (Group) High Alert Highlander : want do do the altis patrol?
15:14:30 BattlEye Server: (Group) High Alert Highlander : or the military one 
15:14:47 BattlEye Server: (Side) Kelley: lets get the military patrol
15:15:03 BattlEye Server: (Group) High Alert Highlander : ok 
15:15:09 BattlEye Server: (Side) Kelley: One of us can go and spot while the other lobs rounds at em with the Arty
15:15:24 BattlEye Server: (Group) High Alert Highlander : ok 
15:16:32 BattlEye Server: (Side) Kelley: Place a marker on where you want it
15:16:38 BattlEye Server: (Group) High Alert Highlander : yes
15:19:30 BattlEye Server: (Group) High Alert Highlander : just a sec
15:19:41 BattlEye Server: (Group) High Alert Highlander : be ready for my red dots 
15:24:01 BattlEye Server: (Side) Kelley: out of shells 
15:24:30 BattlEye Server: (Group) High Alert Highlander : lets do it manualy 
15:25:09 BattlEye Server: (Side) Kelley: IIm gunna get off for about an hour or so. Ill be back later with nomad.
15:25:18 BattlEye Server: (Group) High Alert Highlander : okill be here
15:26:39 Player Kelley disconnected.
15:26:39 BattlEye Server: Player #4 Kelley disconnected
16:12:53 Ethan uses modified data file
16:12:53 BattlEye Server: Player #7 Ethan (73.240.241.174:2304) connected
16:12:53 Player Ethan connecting.
16:12:55 BattlEye Server: Player #7 Ethan - BE GUID: e81d34f57d4bd7a96f96d805f75effdc
16:12:55 Player Ethan connected (id=76561198144503393).
16:12:55 BattlEye Server: Verified GUID (e81d34f57d4bd7a96f96d805f75effdc) of player #7 Ethan
16:20:45 Player Ethan disconnected.
16:20:45 BattlEye Server: Player #7 Ethan disconnected
16:33:51 Player High Alert Highlander  disconnected.
16:33:51 BattlEye Server: Player #6 High Alert Highlander  disconnected
16:33:51 Admin logged out, player: High Alert Highlander , playerUID: 76561198065774594, IP: 192.168.0.10:2309.
16:52:25 Nomad uses modified data file
16:52:25 BattlEye Server: Player #0 Nomad (72.2.87.223:2309) connected
16:52:25 Player Nomad connecting.
16:52:28 BattlEye Server: Player #0 Nomad - BE GUID: 2c853ec312535bfcf126f363375c7773
16:52:30 Player Nomad connected (id=76561198173921406).
16:52:30 BattlEye Server: Verified GUID (2c853ec312535bfcf126f363375c7773) of player #0 Nomad
16:56:07 Kelley uses modified data file
16:56:07 BattlEye Server: Player #1 Kelley (70.185.220.188:2304) connected
16:56:07 Player Kelley connecting.
16:56:09 BattlEye Server: Player #1 Kelley - BE GUID: 9203e4ecbc8752f0deee620c6fb3f677
16:56:11 Player Kelley connected (id=76561198433113349).
16:56:11 BattlEye Server: Verified GUID (9203e4ecbc8752f0deee620c6fb3f677) of player #1 Kelley
17:22:32 BattlEye Server: (Group) Kelley: kek
17:22:43 BattlEye Server: (Group) Kelley: лул
17:23:02 BattlEye Server: (Side) Nomad: kek
17:23:32 Kaden uses modified data file
17:23:32 BattlEye Server: Player #2 Kaden (136.32.168.161:1039) connected
17:23:32 Player Kaden connecting.
17:23:34 BattlEye Server: Player #2 Kaden - BE GUID: 4edd5f1021bc852835e5db3bba903c9a
17:23:35 Player Kaden connected (id=76561198119502358).
17:23:35 BattlEye Server: Verified GUID (4edd5f1021bc852835e5db3bba903c9a) of player #2 Kaden
17:23:36 Player Kaden disconnected.
17:23:36 BattlEye Server: Player #2 Kaden disconnected
18:15:26 High Alert Highlander  uses modified data file
18:15:26 BattlEye Server: Player #2 High Alert Highlander  (190.171.107.107:62725) connected
18:15:26 Player High Alert Highlander  connecting.
18:15:31 BattlEye Server: Player #2 High Alert Highlander  - BE GUID: a01f35e030c4464ff5b5e9c18ddf0195
18:15:34 Player High Alert Highlander  connected (id=76561198065774594).
18:15:34 BattlEye Server: Verified GUID (a01f35e030c4464ff5b5e9c18ddf0195) of player #2 High Alert Highlander 
18:17:25 Admin logged in, player: High Alert Highlander , playerUID: 76561198065774594, IP: 192.168.0.10:2309.
18:17:42 BattlEye Server: (Global) High Alert Highlander : Hi guys 
18:17:52 BattlEye Server: (Global) Nomad: Hey man
18:18:22 BattlEye Server: (Global) High Alert Highlander : hope that u r ready for some pvp 
18:18:30 BattlEye Server: (Global) Nomad: Haha nope
18:18:32 BattlEye Server: (Global) High Alert Highlander : lets have some fun 
18:22:23 BattlEye Server: (Global) High Alert Highlander : dude i kill  the rockstar kid early in game and he was pist  
18:22:32 BattlEye Server: (Global) Nomad: Haha
18:22:40 BattlEye Server: (Global) High Alert Highlander : right kelly 
18:23:26 BattlEye Server: (Global) High Alert Highlander : is like im in the gun store in  kabala and i hear a heli i check themap and was not amission 
18:23:54 BattlEye Server: (Global) High Alert Highlander : i buy an igla  and got him just in top of the gun store
18:24:23 BattlEye Server: (Global) High Alert Highlander : couple minutes later he rage quit 
18:25:46 BattlEye Server: (Global) Nomad: Trying to get back all my gear and money after i lost it all lol
18:26:13 BattlEye Server: (Global) High Alert Highlander : what happen 
18:26:30 BattlEye Server: (Global) Nomad: Fell into the water and drowned
18:26:40 BattlEye Server: (Global) High Alert Highlander : uuuu shit 
18:27:00 BattlEye Server: (Global) High Alert Highlander : sorry to hear that buddy that happens 
18:27:09 BattlEye Server: (Global) Nomad: Yep, time to grind it back
18:27:46 BattlEye Server: (Global) High Alert Highlander : well good news for you guys like i said before i have on me 500 k  if you kill me they are yours
18:28:11 BattlEye Server: (Global) High Alert Highlander : easier than two heavy money shipments 
18:28:20 BattlEye Server: (Global) Nomad: Hah ok
18:50:03 BattlEye Server: (Group) Kelley: gg
18:50:28 BattlEye Server: (Global) Kelley: gg
18:50:30 BattlEye Server: (Global) High Alert Highlander : THANK YOU FOR LETTING ME  KNOW WHERE U WERE BY THOSE SHOOTINGS 
18:50:45 BattlEye Server: (Global) High Alert Highlander : who was shooting 
18:51:15 BattlEye Server: (Global) High Alert Highlander : i wont take your stuff 
18:51:48 BattlEye Server: (Global) Kelley: we were both shooting because we had one mag. forgot to drop our ammo before getting new gear
18:51:57 BattlEye Server: (Global) High Alert Highlander : hahaha
18:52:15 BattlEye Server: (Global) High Alert Highlander : guys never do that that give away your position 
18:55:21 BattlEye Server: (Global) High Alert Highlander : lets do some missions 
18:55:56 RockstarGaming uses modified data file
18:55:56 BattlEye Server: Player #3 RockstarGaming (107.204.216.18:2304) connected
18:55:56 Player RockstarGaming connecting.
18:55:58 BattlEye Server: Player #3 RockstarGaming - BE GUID: 23fe7edb77e6acee989bf1757f516554
18:55:59 Player RockstarGaming connected (id=76561198250040454).
18:55:59 BattlEye Server: Verified GUID (23fe7edb77e6acee989bf1757f516554) of player #3 RockstarGaming
18:56:26 BattlEye Server: (Global) Kelley: where were you
18:57:05 BattlEye Server: (Global) High Alert Highlander : 600mts from you guys 
18:58:01 BattlEye Server: (Side) High Alert Highlander : pls inv to group 
18:58:27 Player RockstarGaming disconnected.
18:58:27 BattlEye Server: Player #3 RockstarGaming disconnected
18:58:52 BattlEye Server: (Side) High Alert Highlander : lol he gets in and disconeted poor kid 
18:59:04 BattlEye Server: (Side) High Alert Highlander : nowim regreting killing 
18:59:12 BattlEye Server: (Side) High Alert Highlander : him on that moment 
19:00:21 BattlEye Server: (Side) High Alert Highlander : can u pick me up w}
19:00:33 BattlEye Server: (Side) High Alert Highlander : pls
19:00:40 BattlEye Server: (Global) Kelley: O see u
19:01:01 RockstarGaming uses modified data file
19:01:01 BattlEye Server: Player #3 RockstarGaming (107.204.216.18:2304) connected
19:01:01 Player RockstarGaming connecting.
19:01:03 BattlEye Server: Player #3 RockstarGaming - BE GUID: 23fe7edb77e6acee989bf1757f516554
19:01:03 Player RockstarGaming connected (id=76561198250040454).
19:01:03 BattlEye Server: Verified GUID (23fe7edb77e6acee989bf1757f516554) of player #3 RockstarGaming
19:03:38 BattlEye Server: (Side) Kelley: His game is tripping and he cant see anything
19:03:48 BattlEye Server: (Side) RockstarGaming: hI GUYS
19:03:53 BattlEye Server: (Side) RockstarGaming: oh boy caps
19:03:53 BattlEye Server: (Side) High Alert Highlander : shit 
19:04:01 BattlEye Server: (Side) High Alert Highlander : hi rock 
19:04:02 Player Nomad kicked off by BattlEye: Client not responding
19:04:02 Player Nomad disconnected.
19:04:24 BattlEye Server: (Side) High Alert Highlander : it says battle eye not responding 
19:04:31 BattlEye Server: (Side) RockstarGaming: oh no
19:04:41 BattlEye Server: (Side) Kelley: idk his pc must have crashed
19:05:02 BattlEye Server: (Side) High Alert Highlander : pity that heli 
19:05:17 BattlEye Server: (Side) RockstarGaming: btw guys sorry for being annoying and complaining earlier
19:05:55 BattlEye Server: (Side) High Alert Highlander : its all good rock no worries 
19:06:12 BattlEye Server: (Side) RockstarGaming: i just was in a bad mood about that  UH-1Y 
19:06:18 BattlEye Server: (Side) RockstarGaming: because it was worth 500k
19:06:29 BattlEye Server: (Side) RockstarGaming: but its how it is in wasteland
19:06:50 BattlEye Server: (Side) High Alert Highlander : the one with the missiles ?
19:06:57 BattlEye Server: (Side) High Alert Highlander : the russian
19:07:04 BattlEye Server: (Side) RockstarGaming: hydra and miniguns for door guners
19:07:05 BattlEye Server: (Side) High Alert Highlander : that cost 75k 
19:07:08 BattlEye Server: (Side) RockstarGaming: no
19:07:28 BattlEye Server: (Side) RockstarGaming: the marines one where u shot me down in kabala
19:07:28 BattlEye Server: (Side) High Alert Highlander : go and check that 
19:07:36 BattlEye Server: (Side) High Alert Highlander : there is no heli of 500k 
19:07:42 BattlEye Server: (Side) RockstarGaming: what
19:07:54 BattlEye Server: (Side) RockstarGaming: there alot of them that cost tons of money
19:07:55 BattlEye Server: (Side) High Alert Highlander : there is 3 helis of 600k 
19:08:08 BattlEye Server: (Side) RockstarGaming: the  uh 17 venom
19:08:14 BattlEye Server: (Side) RockstarGaming: 1 y*
19:08:18 BattlEye Server: (Side) High Alert Highlander : that cost 600k
19:08:22 BattlEye Server: (Side) RockstarGaming: oh
19:09:05 BattlEye Server: (Side) High Alert Highlander : kelly come here 
19:09:05 BattlEye Server: (Side) RockstarGaming: im stuck out here will good gear
19:09:20 BattlEye Server: (Side) RockstarGaming: could somone come pick me up
19:09:27 BattlEye Server: (Side) High Alert Highlander : see those air wmills 
19:09:31 BattlEye Server: (Side) High Alert Highlander : i was there 
19:09:40 BattlEye Server: (Side) RockstarGaming: both of the vehicles are  locked where im at
19:10:40 BattlEye Server: (Side) RockstarGaming: i need a rescue
19:11:09 BattlEye Server: (Side) RockstarGaming: WOAH
19:11:09 BattlEye Server: (Side) High Alert Highlander : is that good for you 
19:11:14 BattlEye Server: (Side) RockstarGaming: DUDE
19:11:31 BattlEye Server: (Side) RockstarGaming: why did you give me so much money !? :D
19:11:43 BattlEye Server: (Side) High Alert Highlander : enjoy the game 
19:11:53 BattlEye Server: (Side) RockstarGaming: Thank you so much man
19:12:13 BattlEye Server: (Side) High Alert Highlander : remember on wasteland you die allot 
19:12:19 BattlEye Server: (Side) High Alert Highlander : just need practice 
19:12:33 BattlEye Server: (Side) RockstarGaming: yeah
19:12:39 BattlEye Server: (Side) RockstarGaming: by the way
19:12:49 BattlEye Server: (Side) RockstarGaming: could one of you guys come and pick me up in a helicopter
19:12:59 BattlEye Server: (Side) RockstarGaming: im stuck out here with 2 lockedvehicles
19:13:05 BattlEye Server: (Side) High Alert Highlander : jajaja we are in a quac bike 
19:13:23 BattlEye Server: (Side) RockstarGaming: what is jajaja
19:13:35 BattlEye Server: (Side) High Alert Highlander : the motocicle 
19:13:52 BattlEye Server: (Side) High Alert Highlander : sorry my english need allots of practice 
19:13:58 BattlEye Server: (Side) RockstarGaming: Its all good
19:15:50 BattlEye Server: (Side) Kelley: Im gunna go 
19:16:00 BattlEye Server: (Side) High Alert Highlander : ok kelly 
19:16:07 BattlEye Server: (Side) RockstarGaming: bye
19:16:41 Gaming uses modified data file
19:16:41 BattlEye Server: Player #4 Gaming (70.123.2.218:2304) connected
19:16:41 Player Gaming connecting.
19:16:48 BattlEye Server: Player #4 Gaming - BE GUID: b649f4a7a8aadeb01d21ddb21f9f2c5d
19:16:48 Player Gaming connected (id=76561198280325567).
19:16:48 BattlEye Server: Verified GUID (b649f4a7a8aadeb01d21ddb21f9f2c5d) of player #4 Gaming
19:16:50 Player Kelley disconnected.
19:16:50 BattlEye Server: Player #1 Kelley disconnected
19:19:01 BattlEye Server: (Side) RockstarGaming: hey ive found a vehicle
19:19:15 BattlEye Server: (Side) High Alert Highlander : nicew
19:19:27 BattlEye Server: (Side) RockstarGaming: its a transport truck
19:19:31 BattlEye Server: (Global) High Alert Highlander : welcome to the server gaming 
19:19:43 BattlEye Server: (Global) High Alert Highlander : hope you enjoy 
19:20:04 BattlEye Server: (Side) RockstarGaming: hey high
19:20:18 BattlEye Server: (Side) RockstarGaming: how did you get administrator
19:20:32 BattlEye Server: (Global) High Alert Highlander : im the server owner 
19:20:36 BattlEye Server: (Side) RockstarGaming: oh
19:20:44 BattlEye Server: (Side) RockstarGaming: how did you make this server?
19:21:02 BattlEye Server: (Global) High Alert Highlander : allot of work with other 3 clan members
19:21:06 BattlEye Server: (Side) RockstarGaming: oh
19:21:10 BattlEye Server: (Side) RockstarGaming: cool
19:21:51 BattlEye Server: (Side) RockstarGaming: ill be right back
19:21:59 BattlEye Server: (Side) RockstarGaming: i have to use the restroom
19:24:59 Player Gaming disconnected.
19:24:59 BattlEye Server: Player #4 Gaming disconnected
19:25:08 sony uses modified data file
19:25:08 BattlEye Server: Player #4 sony (113.250.227.118:32615) connected
19:25:08 Player sony connecting.
19:25:11 BattlEye Server: Player #4 sony - BE GUID: 9d5a5db648916c8d4b76aeba0d45c17d
19:25:11 Player sony connected (id=76561198122667131).
19:25:11 BattlEye Server: Verified GUID (9d5a5db648916c8d4b76aeba0d45c17d) of player #4 sony
19:25:23 Player sony disconnected.
19:25:23 BattlEye Server: Player #4 sony disconnected
19:26:30 BattlEye Server: (Side) RockstarGaming: back
19:27:00 BattlEye Server: (Side) RockstarGaming: dang im low fuel
19:27:01 sony uses modified data file
19:27:01 BattlEye Server: Player #4 sony (113.250.227.118:32615) connected
19:27:01 Player sony connecting.
19:27:03 BattlEye Server: Player #4 sony - BE GUID: 9d5a5db648916c8d4b76aeba0d45c17d
19:27:04 Player sony connected (id=76561198122667131).
19:27:04 BattlEye Server: Verified GUID (9d5a5db648916c8d4b76aeba0d45c17d) of player #4 sony
19:36:46 BattlEye Server: (Side) RockstarGaming: high are you still here
19:39:01 BattlEye Server: (Side) RockstarGaming: sony
19:40:35 BattlEye Server: (Side) RockstarGaming: afk
19:40:55 BattlEye Server: (Side) High Alert Highlander : im in the salt flats 
19:59:56 Player sony is losing connection
20:01:16 Player sony disconnected.
20:01:16 BattlEye Server: Player #4 sony disconnected
20:07:17 BattlEye Server: (Side) RockstarGaming: high alert are you there
20:07:34 BattlEye Server: (Side) High Alert Highlander : yes
20:07:43 BattlEye Server: (Side) RockstarGaming: hi
20:07:52 BattlEye Server: (Side) RockstarGaming: what are you doing
20:08:22 BattlEye Server: (Side) RockstarGaming: lol some guy stole the fuel in my truck while i was afk
20:12:19 BattlEye Server: (Side) RockstarGaming: heading to altis international
20:13:15 BattlEye Server: (Side) RockstarGaming: dude?
20:13:28 BattlEye Server: (Side) High Alert Highlander : yes
20:13:32 BattlEye Server: (Side) RockstarGaming: oh 
20:13:36 BattlEye Server: (Side) RockstarG