15:01:42 BattlEye Server: Initialized (v1.217)
15:01:42 Host identity created.
15:01:42 Game Port: 2307, Steam Query Port: 2308
15:01:42 Mission A3Wasteland Altis v1.4c read from bank.
15:01:44 Roles assigned.
15:01:44 Reading mission ...
15:02:16 Mission read.
15:02:16 Game started.
16:34:38 Yeet McDabbington uses modified data file
16:34:38 BattlEye Server: Player #0 Yeet McDabbington (73.21.180.37:2309) connected
16:34:38 Player Yeet McDabbington connecting.
16:34:39 BattlEye Server: Connected to BE Master
16:34:41 BattlEye Server: Player #0 Yeet McDabbington - BE GUID: e0845e254755825b22e6d30dc7e61b99
16:34:45 Player Yeet McDabbington connected (id=76561198032540425).
16:34:45 BattlEye Server: Verified GUID (e0845e254755825b22e6d30dc7e61b99) of player #0 Yeet McDabbington
18:24:32 Player Yeet McDabbington disconnected.
18:24:32 BattlEye Server: Player #0 Yeet McDabbington disconnected
19:00:15 LT.Matt uses modified data file
19:00:15 BattlEye Server: Player #0 LT.Matt (98.239.30.235:2309) connected
19:00:15 Player LT.Matt connecting.
19:00:18 BattlEye Server: Player #0 LT.Matt - BE GUID: 1ae43f8b6c403b9da909b7207b38a6cf
19:00:19 Player LT.Matt connected (id=76561198189646014).
19:00:19 BattlEye Server: Verified GUID (1ae43f8b6c403b9da909b7207b38a6cf) of player #0 LT.Matt
19:03:46 Sako uses modified data file
19:03:46 BattlEye Server: Player #1 Sako (150.107.173.71:65411) connected
19:03:46 Player Sako connecting.
19:03:49 BattlEye Server: Player #1 Sako - BE GUID: 06053cfd33442ba9fbcda5bad950a454
19:03:50 Player Sako connected (id=76561198095513315).
19:03:50 BattlEye Server: Verified GUID (06053cfd33442ba9fbcda5bad950a454) of player #1 Sako
19:07:53 UrPapTrap uses modified data file
19:07:53 BattlEye Server: Player #2 UrPapTrap (172.1.97.121:2309) connected
19:07:53 Player UrPapTrap connecting.
19:07:56 BattlEye Server: Player #2 UrPapTrap - BE GUID: bc0455be729b0a6efc019b64795d18d8
19:07:57 Player UrPapTrap connected (id=76561198097586684).
19:07:57 BattlEye Server: Verified GUID (bc0455be729b0a6efc019b64795d18d8) of player #2 UrPapTrap
19:09:42 Feller uses modified data file
19:09:42 BattlEye Server: Player #3 Feller (68.251.245.45:2309) connected
19:09:43 Player Feller connecting.
19:09:45 BattlEye Server: Player #3 Feller - BE GUID: 57722fbe19de6869f5a7407356ceaaba
19:09:45 Player Feller connected (id=76561198044427738).
19:09:46 BattlEye Server: Verified GUID (57722fbe19de6869f5a7407356ceaaba) of player #3 Feller
19:10:24 Player Sako disconnected.
19:10:24 BattlEye Server: Player #1 Sako disconnected
19:11:19 Camer uses modified data file
19:11:19 BattlEye Server: Player #4 Camer (107.138.81.9:2304) connected
19:11:20 Player Camer connecting.
19:11:22 BattlEye Server: Player #4 Camer - BE GUID: 2367070bc7749db1fdcc75e3738fbad9
19:11:22 Player Camer connected (id=76561198050933684).
19:11:22 BattlEye Server: Verified GUID (2367070bc7749db1fdcc75e3738fbad9) of player #4 Camer
19:11:28 Player Camer disconnected.
19:11:28 BattlEye Server: Player #4 Camer disconnected
19:12:58 Sako uses modified data file
19:12:58 BattlEye Server: Player #4 Sako (150.107.173.71:13942) connected
19:12:58 Player Sako connecting.
19:13:01 BattlEye Server: Player #4 Sako - BE GUID: 06053cfd33442ba9fbcda5bad950a454
19:13:02 Player Sako connected (id=76561198095513315).
19:13:02 BattlEye Server: Verified GUID (06053cfd33442ba9fbcda5bad950a454) of player #4 Sako
19:15:06 Camer uses modified data file
19:15:06 BattlEye Server: Player #5 Camer (107.138.81.9:2304) connected
19:15:06 Player Camer connecting.
19:15:08 BattlEye Server: Player #5 Camer - BE GUID: 2367070bc7749db1fdcc75e3738fbad9
19:15:09 Player Camer connected (id=76561198050933684).
19:15:09 BattlEye Server: Verified GUID (2367070bc7749db1fdcc75e3738fbad9) of player #5 Camer
19:15:14 Player Camer disconnected.
19:15:14 BattlEye Server: Player #5 Camer disconnected
19:15:53 BattlEye Server: (Global) Feller: hey were just here to do some missions, not looking for pvp, are you friendly?
19:15:57 BattlEye Server: (Global) Feller: we are if you are :D
19:16:09 BattlEye Server: (Global) LT.Matt: i am
19:16:15 BattlEye Server: (Global) Feller: good, <3
19:16:26 BattlEye Server: (Global) LT.Matt: im doing missions too 
19:16:38 BattlEye Server: (Global) Feller: cool, were going for weapon smugglers rn
19:16:57 BattlEye Server: (Global) Feller: we were going to go for that downed IFV, but its inbetween the altis patrol lmao
19:16:59 BattlEye Server: (Global) LT.Matt: im doing the military patrol
19:17:22 BattlEye Server: (Global) Feller: oof good luck
19:17:39 BattlEye Server: (Global) LT.Matt: im not use to joysticks
19:17:53 BattlEye Server: (Global) Feller: I looked at my satcom, the weapon smugglers have 2 at trucks, we can take them (hopefully) and use them against that if you want
19:18:14 BattlEye Server: (Global) Feller: oooh you trying out a hotas? theyre fun, Ive got a cheap joystick with a throttle unit
19:18:35 BattlEye Server: (Global) LT.Matt: no and mines cheep too not even name brand
19:19:10 BattlEye Server: (Global) Feller: yea mines some cheap one made for PS4
19:19:22 BattlEye Server: (Global) Feller: all buttons are labeled as controller buttons
19:19:28 BattlEye Server: (Global) LT.Matt: rip
19:19:36 Camer uses modified data file
19:19:36 BattlEye Server: Player #5 Camer (107.138.81.9:2304) connected
19:19:36 Player Camer connecting.
19:19:38 BattlEye Server: (Global) Feller: i just rebind them all anyways
19:19:38 BattlEye Server: Player #5 Camer - BE GUID: 2367070bc7749db1fdcc75e3738fbad9
19:19:38 Player Camer connected (id=76561198050933684).
19:19:38 BattlEye Server: Verified GUID (2367070bc7749db1fdcc75e3738fbad9) of player #5 Camer
19:19:40 BattlEye Server: (Global) LT.Matt: may i join you guys
19:19:57 BattlEye Server: (Global) Feller: sure, ill have group leader send a n invite once we pull over
19:20:09 BattlEye Server: (Global) Feller: not a good idea to open menu while going 200km in a hatchback lol
19:20:12 BattlEye Server: (Global) LT.Matt: cool thanks
19:20:17 BattlEye Server: (Global) LT.Matt: not really
19:30:26 Ruger uses modified data file
19:30:26 BattlEye Server: Player #6 Ruger (47.72.30.181:2309) connected
19:30:26 Player Ruger connecting.
19:30:29 BattlEye Server: Player #6 Ruger - BE GUID: b9e70efdb95320a8cc03c13b4260cde9
19:30:29 Player Ruger connected (id=76561198065365320).
19:30:29 BattlEye Server: Verified GUID (b9e70efdb95320a8cc03c13b4260cde9) of player #6 Ruger
19:39:18 BattlEye Server: (Group) LT.Matt: can u guys hear when i talk in vc
19:39:58 BattlEye Server: (Group) LT.Matt: just got a new headset gotta setr priority mic
19:45:34 BattlEye Server: (Group) LT.Matt: found a spawn beacon breaking it now
19:45:56 BattlEye Server: (Group) LT.Matt: 100 percent blue beacon
19:59:38 Player LT.Matt kicked off by BattlEye: Client not responding
19:59:38 Player LT.Matt disconnected.
20:01:55 LT.Matt uses modified data file
20:01:55 BattlEye Server: Player #7 LT.Matt (98.239.30.235:2309) connected
20:01:55 Player LT.Matt connecting.
20:01:58 BattlEye Server: Player #7 LT.Matt - BE GUID: 1ae43f8b6c403b9da909b7207b38a6cf
20:01:58 Player LT.Matt connected (id=76561198189646014).
20:01:58 BattlEye Server: Verified GUID (1ae43f8b6c403b9da909b7207b38a6cf) of player #7 LT.Matt
20:05:23 Jackson uses modified data file
20:05:23 BattlEye Server: Player #8 Jackson (47.72.30.181:1024) connected
20:05:23 Player Jackson connecting.
20:05:30 BattlEye Server: Player #8 Jackson - BE GUID: f7474d01b28ddb38d386964c33abe91e
20:05:31 Player Jackson connected (id=76561198799391233).
20:05:31 BattlEye Server: Verified GUID (f7474d01b28ddb38d386964c33abe91e) of player #8 Jackson
20:33:45 Yeet McDabbington uses modified data file
20:33:45 BattlEye Server: Player #9 Yeet McDabbington (73.21.180.37:2309) connected
20:33:45 Player Yeet McDabbington connecting.
20:33:47 BattlEye Server: Player #9 Yeet McDabbington - BE GUID: e0845e254755825b22e6d30dc7e61b99
20:34:31 Player Yeet McDabbington connected (id=76561198032540425).
20:34:31 BattlEye Server: Verified GUID (e0845e254755825b22e6d30dc7e61b99) of player #9 Yeet McDabbington
20:40:39 Player Jackson disconnected.
20:40:39 BattlEye S