 5:52:42 BattlEye Server: Initialized (v1.217)
 5:52:42 Host identity created.
 5:52:42 Game Port: 2307, Steam Query Port: 2308
 5:52:42 Mission A3Wastela read from bank.
 5:52:44 Roles assigned.
 5:52:44 Reading mission ...
 5:53:21 Mission read.
 5:53:21 Game started.
 6:01:04 SgtMajPrivate uses modified data file
 6:01:04 BattlEye Server: Player #0 SgtMajPrivate (73.93.167.13:2309) connected
 6:01:04 Player SgtMajPrivate connecting.
 6:01:04 BattlEye Server: Connected to BE Master
 6:01:06 BattlEye Server: Player #0 SgtMajPrivate - BE GUID: 4c2b9d687447cbad1213b89cfae82f46
 6:01:06 Player SgtMajPrivate connected (id=76561198164565751).
 6:01:06 BattlEye Server: Verified GUID (4c2b9d687447cbad1213b89cfae82f46) of player #0 SgtMajPrivate
 6:05:29 Player SgtMajPrivate disconnected.
 6:05:29 BattlEye Server: Player #0 SgtMajPrivate disconnected
 7:56:37 High Alert Highlander  uses modified data file
 7:56:37 BattlEye Server: Player #0 High Alert Highlander  (190.171.107.20:62725) connected
 7:56:37 Player High Alert Highlander  connecting.
 7:56:42 BattlEye Server: Player #0 High Alert Highlander  - BE GUID: a01f35e030c4464ff5b5e9c18ddf0195
 7:56:45 Player High Alert Highlander  connected (id=76561198065774594).
 7:56:45 BattlEye Server: Verified GUID (a01f35e030c4464ff5b5e9c18ddf0195) of player #0 High Alert Highlander 
10:12:16 [Z03] ZOTCARS uses modified data file
10:12:16 BattlEye Server: Player #1 [Z03] ZOTCARS (184.66.61.78:2304) connected
10:12:16 Player [Z03] ZOTCARS connecting.
10:12:18 BattlEye Server: Player #1 [Z03] ZOTCARS - BE GUID: d4b187cfa842a2b54cac33cfd1d8a407
10:12:19 Player [Z03] ZOTCARS connected (id=76561198057405000).
10:12:19 BattlEye Server: Verified GUID (d4b187cfa842a2b54cac33cfd1d8a407) of player #1 [Z03] ZOTCARS
10:14:22 BattlEye Server: (Global) High Alert Highlander : WELCOME TO THYE SERVER 
10:14:51 BattlEye Server: (Global) [Z03] ZOTCARS: Yes let the Gods of War be Praised
10:15:18 BattlEye Server: (Global) High Alert Highlander : IMTHE ADMIN if u have questions or need help let me know 
10:15:39 Player [Z03] ZOTCARS disconnected.
10:15:39 BattlEye Server: Player #1 [Z03] ZOTCARS disconnected
10:16:03 [Z03] ZOTCARS uses modified data file
10:16:03 BattlEye Server: Player #1 [Z03] ZOTCARS (184.66.61.78:2304) connected
10:16:03 Player [Z03] ZOTCARS connecting.
10:16:05 BattlEye Server: Player #1 [Z03] ZOTCARS - BE GUID: d4b187cfa842a2b54cac33cfd1d8a407
10:16:06 Player [Z03] ZOTCARS connected (id=76561198057405000).
10:16:06 BattlEye Server: Verified GUID (d4b187cfa842a2b54cac33cfd1d8a407) of player #1 [Z03] ZOTCARS
10:16:45 BattlEye Server: (Global) [Z03] ZOTCARS: ?
10:17:08 Player [Z03] ZOTCARS disconnected.
10:17:08 BattlEye Server: Player #1 [Z03] ZOTCARS disconnected
10:18:38 [Z03] ZOTCARS uses modified data file
10:18:38 BattlEye Server: Player #1 [Z03] ZOTCARS (184.66.61.78:2309) connected
10:18:38 Player [Z03] ZOTCARS connecting.
10:18:40 BattlEye Server: Player #1 [Z03] ZOTCARS - BE GUID: d4b187cfa842a2b54cac33cfd1d8a407
10:18:41 Player [Z03] ZOTCARS connected (id=76561198057405000).
10:18:41 BattlEye Server: Verified GUID (d4b187cfa842a2b54cac33cfd1d8a407) of player #1 [Z03] ZOTCARS
10:19:22 BattlEye Server: (Global) [Z03] ZOTCARS: ??
10:19:49 BattlEye Server: (Global) High Alert Highlander : do you have all the 4 mods active ?
10:19:59 BattlEye Server: (Global) [Z03] ZOTCARS: I do now lol
10:20:37 BattlEye Server: (Global) [Z03] ZOTCARS: any random gear spawns this server?
10:20:41 BattlEye Server: (Global) High Alert Highlander : if u dont have the 4 main RHS moda active that happens also if you have any other mods that is not here 
10:20:48 BattlEye Server: (Global) High Alert Highlander : no ramdom gear 
10:20:53 BattlEye Server: (Global) High Alert Highlander : sorry 
10:21:17 BattlEye Server: (Global) [Z03] ZOTCARS: ok I can deal just wanted to know before I started looking possibly in vain
10:21:41 BattlEye Server: (Global) High Alert Highlander : also there is only 30 vehiculs spawn in all the server 
10:21:53 BattlEye Server: (Global) High Alert Highlander : there is no thermals 
10:22:07 BattlEye Server: (Global) [Z03] ZOTCARS: all good
10:22:16 BattlEye Server: (Global) High Alert Highlander : AI is high level skill 
10:22:28 BattlEye Server: (Global) High Alert Highlander : normal accuracy 
10:22:34 BattlEye Server: (Global) [Z03] ZOTCARS: does the server stay on  I have clan mates looking for a good server to game on
10:22:44 BattlEye Server: (Global) High Alert Highlander : yes 
10:22:44 BattlEye Server: (Global) [Z03] ZOTCARS: all good
10:22:53 BattlEye Server: (Global) High Alert Highlander : retart is every 12 hours 
10:22:58 BattlEye Server: (Global) [Z03] ZOTCARS: ok
10:23:16 BattlEye Server: (Global) [Z03] ZOTCARS: Z03 is looking for a non easy server to play
10:23:31 BattlEye Server: (Global) High Alert Highlander : if you like you can join us in discord if you need to reach any of the 3 admins 
10:23:58 BattlEye Server: (Global) [Z03] ZOTCARS: cool "I hate discord" but if I need help I'll call.
10:23:58 BattlEye Server: (Global) High Alert Highlander : on that case u willlike that here 
10:24:44 BattlEye Server: (Global) High Alert Highlander : combat googles give full screen NV 
10:24:58 BattlEye Server: (Global) High Alert Highlander : there is no arma vehiculs at all 
10:25:11 BattlEye Server: (Global) High Alert Highlander : there is no arma stuff at all 
10:25:22 BattlEye Server: (Global) High Alert Highlander : everything is RHS 
10:25:23 BattlEye Server: (Global) [Z03] ZOTCARS: all current military?
10:25:29 BattlEye Server: (Global) High Alert Highlander : YES 
10:25:39 BattlEye Server: (Global) [Z03] ZOTCARS: kk
10:25:57 BattlEye Server: (Global) High Alert Highlander : bull drop is normal 
10:26:11 BattlEye Server: (Global) High Alert Highlander : and the sway is normal also 
10:26:17 BattlEye Server: (Global) [Z03] ZOTCARS: good I like 5.56 so drop is nominal
10:26:23 BattlEye Server: (Global) High Alert Highlander : everything is base like in real simulation 
10:26:30 BattlEye Server: (Global) [Z03] ZOTCARS: cool
10:27:13 BattlEye Server: (Global) High Alert Highlander : welcome and enjoy your play with us 
10:27:23 BattlEye Server: (Global) [Z03] ZOTCARS: Will do thanks
10:32:41 BattlEye Server: (Global) [Z03] ZOTCARS: first money in the bank sigh
10:33:08 BattlEye Server: (Global) High Alert Highlander : the cap for the BANK acct is 10millions 
10:33:17 BattlEye Server: (Global) [Z03] ZOTCARS: LORD!
10:34:01 BattlEye Server: (Global) [Z03] ZOTCARS: I could make that my goal
10:39:42 BattlEye Server: (Global) [Z03] ZOTCARS: feels odd running about in your under wear
10:40:30 BattlEye Server: (Global) High Alert Highlander : wait  what ?
10:41:01 BattlEye Server: (Global) [Z03] ZOTCARS: I'm in my skivvies
10:41:41 BattlEye Server: (Global) High Alert Highlander : thanks for letting know i got to fix that 
10:42:06 BattlEye Server: (Global) High Alert Highlander : letme come to you ill  give you some money so you can  buy something 
10:42:33 BattlEye Server: (Global) [Z03] ZOTCARS: I 'm laughing my ass off right now I assumed that it was part of the 'hard' of the game
10:42:45 BattlEye Server: (Global) High Alert Highlander : nope
10:43:02 BattlEye Server: (Global) High Alert Highlander : seein the VS 
10:43:18 BattlEye Server: (Global) [Z03] ZOTCARS: I'll have it sorted in about ten minutes
10:47:01 BattlEye Server: (Global) [Z03] ZOTCARS: Uniform aquired.
10:47:05 BattlEye Server: (Global) High Alert Highlander : damn it a mission just spwan hwere
10:49:29 BattlEye Server: (Global) High Alert Highlander : i have seen your name somewhere
11:07:02 BattlEye Server: (Global) [Z03] ZOTCARS: Ok I need to go thanks and bye
11:07:15 Player [Z03] ZOTCARS disconnected.
11:07:15 BattlEye Server: Player #1 [Z03] ZOTCARS disconnected
11:31:04 Player High Alert Highlander  disconnected.
11:31:04 BattlEye Server: Player #0 High Alert Highlander  disconnected
19:44:35 High Alert Highlander  uses modified data file
19:44:35 BattlEye Server: Player #0 High Alert Highlander  (190.171.107.20:62725) connected
19:44:35 Player High Alert Highlander  connecting.
19:44:40 BattlEye Ser15:01:42 BattlEye Server: Initialized (v1.217)
15:01:42 Host identity created.
15:01:42 Game Port: 2307, Steam Query Port: 2308
15:01:42 Mission A3Wasteland Altis v1.4c read from bank.
15:01:44 Roles assigned.
15:01:44 Reading mission ...
15:02:18 Mission read.
15:02:18 Rou Kowalski uses modified data file
15:02:18 BattlEye Server: Player #0 Rou Kowalski (73.147.1.91:2309) connected
15:02:18 Player Rou Kowalski connecting.
15:02:18 Game started.
15:02:19 BattlEye Server: Connected to BE Master
15:02:20 BattlEye Server: Player #0 Rou Kowalski - BE GUID: 58cae163ea9d3a0ff8adde240b436737
15:02:21 Player Rou Kowalski connected (id=76561198034110598).
15:02:21 BattlEye Server: Verified GUID (58cae163ea9d3a0ff8adde240b436737) of player #0 Rou Kowalski
15:23:15 Player Rou Kowalski disconnected.
15:23:15 BattlEye Server: Player #0 Rou Kowalski disconnected
16:18:03 karmay uses modified data file
16:18:03 BattlEye Server: Player #0 karmay (2.139.2.164:2309) connected
16:18:03 Player karmay connecting.
16:18:07 BattlEye Server: Player #0 karmay - BE GUID: e31f124e7d128a472e667d56f28850b7
16:18:08 Player karmay connected (id=76561198142708997).
16:18:08 BattlEye Server: Verified GUID (e31f124e7d128a472e667d56f28850b7) of player #0 karmay
16:21:10 Player karmay: Signature check timed out
16:21:10 Player karmay disconnected.
16:21:10 BattlEye Server: Player #0 karmay disconnected
17:37:02 charlie uses modified data file
17:37:02 BattlEye Server: Player #0 charlie (162.206.231.177:2304) connected
17:37:02 Player charlie connecting.
17:37:07 Player charlie disconnected.
17:37:07 BattlEye Server: Player #0 charlie disconnected
17:37:07 charlie uses modified data file
17:37:07 BattlEye Server: Player #0 charlie (162.206.231.177:2304) connected
17:37:07 Player charlie connecting.
17:37:11 BattlEye Server: Player #0 charlie - BE GUID: 09c8f31110e5705e01b80f375594375f
17:37:12 Player charlie connected (id=76561198010556182).
17:37:12 BattlEye Server: Verified GUID (09c8f31110e5705e01b80f375594375f) of player #0 charlie
17:37:35 Player charlie disconnected.
17:37:35 BattlEye Server: Player #0 charlie disconnected
18:38:29 Rou Kowalski uses modified data file
18:38:29 BattlEye Server: Player #0 Rou Kowalski (73.147.1.91:2309) connected
18:38:29 Player Rou Kowalski connecting.
18:38:31 BattlEye Server: Player #0 Rou Kowalski - BE GUID: 58cae163ea9d3a0ff8adde240b436737
18:38:34 Player Rou Kowalski connected (id=76561198034110598).
18:38:34 BattlEye Server: Verified GUID (58cae163ea9d3a0ff8adde240b436737) of player #0 Rou Kowalski
18:43:17 Player Rou Kowalski disconnected.
18:43:17 BattlEye Server: Player #0 Rou Kowalski disconnected
18:44:43 Rou Kowalski uses modified data file
18:44:43 BattlEye Server: Player #0 Rou Kowalski (73.147.1.91:2309) connected
18:44:43 Player Rou Kowalski connecting.
18:44:45 BattlEye Server: Player #0 Rou Kowalski - BE GUID: 58cae163ea9d3a0ff8adde240b436737
18:44:48 Player Rou Kowalski connected (id=76561198034110598).
18:44:48 BattlEye Server: Verified GUID (58cae163ea9d3a0ff8adde240b436737) of player #0 Rou Kowalski
18:50:50 Lugnut930 uses modified data file
18:50:50 BattlEye Server: Player #1 Lugnut930 (45.17.250.83:2309) connected
18:50:50 Player Lugnut930 connecting.
18:50:52 BattlEye Server: Player #1 Lugnut930 - BE GUID: e5f628921a41a66de947431cec4ff433
18:50:56 Player Lugnut930 connected (id=76561197976987499).
18:50:56 BattlEye Server: Verified GUID (e5f628921a41a66de947431cec4ff433) of player #1 Lugnut930
18:57:49 BattlEye Server: (Global) Lugnut930: does it show where you are on the map at all
18:58:21 BattlEye Server: (Global) Rou Kowalski: Just a rough estimate.. by clicking the circle at top right
18:58:37 BattlEye Server: (Global) Lugnut930: oh ok i see it thank you
18:58:50 BattlEye Server: (Global) Rou Kowalski: Entering a heli or tank will put a "crosshair" on the map as your moving
19:00:13 BattlEye Server: (Global) Rou Kowalski: I will be back in a bit.. Have fun :)
19:00:54 Player Rou Kowalski disconnected.
19:00:54 BattlEye Server: Player #0 Rou Kowalski disconnected
19:45:36 Player Lugnut930 d