21:01:37 BattlEye Server: Initialized (v1.217)
21:01:37 Host identity created.
21:01:37 Game Port: 2307, Steam Query Port: 2308
21:01:37 Mission A3Wasteland Altis v1.4c read from bank.
21:01:38 Roles assigned.
21:01:38 Reading mission ...
21:02:10 Mission read.
21:02:10 Game started.
21:03:22 Rou Kowalski uses modified data file
21:03:22 BattlEye Server: Player #0 Rou Kowalski (73.147.1.91:2309) connected
21:03:22 Player Rou Kowalski connecting.
21:03:22 BattlEye Server: Connected to BE Master
21:03:24 BattlEye Server: Player #0 Rou Kowalski - BE GUID: 58cae163ea9d3a0ff8adde240b436737
21:03:25 Player Rou Kowalski connected (id=76561198034110598).
21:03:25 BattlEye Server: Verified GUID (58cae163ea9d3a0ff8adde240b436737) of player #0 Rou Kowalski
21:51:35 Noodles uses modified data file
21:51:35 BattlEye Server: Player #1 Noodles (140.186.107.99:2304) connected
21:51:35 Player Noodles connecting.
21:51:38 BattlEye Server: Player #1 Noodles - BE GUID: b21ff0d1ddc9a2b70942ecb7146639df
21:51:38 Player Noodles connected (id=76561198082282171).
21:51:38 BattlEye Server: Verified GUID (b21ff0d1ddc9a2b70942ecb7146639df) of player #1 Noodles
21:53:57 Deyshon uses modified data file
21:53:57 BattlEye Server: Player #2 Deyshon (24.111.127.51:2304) connected
21:53:57 Player Deyshon connecting.
21:54:00 BattlEye Server: Player #2 Deyshon - BE GUID: 7e8220f6fb46b7ef14f4205d834e6ebe
21:54:00 Player Deyshon connected (id=76561198410445362).
21:54:00 BattlEye Server: Verified GUID (7e8220f6fb46b7ef14f4205d834e6ebe) of player #2 Deyshon
21:59:52 Player Deyshon disconnected.
21:59:52 BattlEye Server: Player #2 Deyshon disconnected
22:00:01 Deyshon uses modified data file
22:00:01 BattlEye Server: Player #2 Deyshon (24.111.127.51:2304) connected
22:00:02 Player Deyshon connecting.
22:00:04 BattlEye Server: Player #2 Deyshon - BE GUID: 7e8220f6fb46b7ef14f4205d834e6ebe
22:00:04 Player Deyshon connected (id=76561198410445362).
22:00:04 BattlEye Server: Verified GUID (7e8220f6fb46b7ef14f4205d834e6ebe) of player #2 Deyshon
22:02:15 Player Deyshon disconnected.
22:02:15 BattlEye Server: Player #2 Deyshon disconnected
22:02:54 Deyshon uses modified data file
22:02:54 BattlEye Server: Player #2 Deyshon (24.111.127.51:2304) connected
22:02:54 Player Deyshon connecting.
22:02:56 BattlEye Server: Player #2 Deyshon - BE GUID: 7e8220f6fb46b7ef14f4205d834e6ebe
22:02:57 Player Deyshon connected (id=76561198410445362).
22:02:57 BattlEye Server: Verified GUID (7e8220f6fb46b7ef14f4205d834e6ebe) of player #2 Deyshon
22:20:17 Player Rou Kowalski is losing connection
22:21:38 Player Rou Kowalski disconnected.
22:21:38 BattlEye Server: Player #0 Rou Kowalski disconnected
22:27:18 ANATOLI CHEJOV uses modified data file
22:27:18 BattlEye Server: Player #3 ANATOLI CHEJOV (190.171.107.94:62725) connected
22:27:18 Player ANATOLI CHEJOV connecting.
22:27:22 BattlEye Server: Player #3 ANATOLI CHEJOV - BE GUID: a01f35e030c4464ff5b5e9c18ddf0195
22:27:23 Player ANATOLI CHEJOV connected (id=76561198065774594).
22:27:23 BattlEye Server: Verified GUID (a01f35e030c4464ff5b5e9c18ddf0195) of player #3 ANATOLI CHEJOV
22:40:18 Rou Kowalski uses modified data file
22:40:18 BattlEye Server: Player #4 Rou Kowalski (73.147.1.91:2309) connected
22:40:18 Player Rou Kowalski connecting.
22:40:21 BattlEye Server: Player #4 Rou Kowalski - BE GUID: 58cae163ea9d3a0ff8adde240b436737
22:40:32 Player Rou Kowalski connected (id=76561198034110598).
22:40:32 BattlEye Server: Verified GUID (58cae163ea9d3a0ff8adde240b436737) of player #4 Rou Kowalski
23:10:11 Player Deyshon kicked off by BattlEye: Client not responding
23:10:11 Player Deyshon disconnected.
23:17:47 Deyshon uses modified data file
23:17:47 BattlEye Server: Player #5 Deyshon (24.111.127.51:2304) connected
23:17:47 Player Deyshon connecting.
23:17:49 BattlEye Server: Player #5 Deyshon - BE GUID: 7e8220f6fb46b7ef14f4205d834e6ebe
23:17:50 Player Deyshon connected (id=76561198410445362).
23:17:50 BattlEye Server: Verified GUID (7e8220f6fb46b7ef14f4205d834e6ebe) of player #5 Deyshon
23:21:04 Player Deyshon disconnected.
23:21:04 BattlE