21:01:34 BattlEye Server: Initialized (v1.217)
21:01:34 Host identity created.
21:01:34 Game Port: 2307, Steam Query Port: 2308
21:01:34 Mission A3Wasteland Altis v1.4c read from bank.
21:01:36 Roles assigned.
21:01:36 Reading mission ...
21:02:07 Mission read.
21:02:07 Game started.
21:03:40 Trans-fights uses modified data file
21:03:40 BattlEye Server: Player #0 Trans-fights (72.79.209.195:2309) connected
21:03:40 Player Trans-fights connecting.
21:03:41 BattlEye Server: Connected to BE Master
21:03:42 BattlEye Server: Player #0 Trans-fights - BE GUID: 5963ef09c03283890a08815e3b3b11f6
21:03:43 Player Trans-fights connected (id=76561198275319572).
21:03:43 BattlEye Server: Verified GUID (5963ef09c03283890a08815e3b3b11f6) of player #0 Trans-fights
21:04:33 Mason uses modified data file
21:04:33 BattlEye Server: Player #1 Mason (71.81.137.47:2309) connected
21:04:33 Player Mason connecting.
21:04:35 BattlEye Server: Player #1 Mason - BE GUID: 955d09b6e1dde9360ceebc2963df084d
21:04:36 Player Mason connected (id=76561198026943270).
21:04:36 BattlEye Server: Verified GUID (955d09b6e1dde9360ceebc2963df084d) of player #1 Mason
21:07:18 KSK Mr Turlte555 uses modified data file
21:07:18 BattlEye Server: Player #2 KSK Mr Turlte555 (107.137.165.47:2309) connected
21:07:18 Player KSK Mr Turlte555 connecting.
21:07:20 BattlEye Server: Player #2 KSK Mr Turlte555 - BE GUID: 03f2264f73c45f636bc5cf167abaa20d
21:07:20 Player KSK Mr Turlte555 connected (id=76561198184113991).
21:07:20 BattlEye Server: Verified GUID (03f2264f73c45f636bc5cf167abaa20d) of player #2 KSK Mr Turlte555
21:08:01 aspbe uses modified data file
21:08:01 BattlEye Server: Player #3 aspbe (99.44.91.117:2304) connected
21:08:01 Player aspbe connecting.
21:08:04 BattlEye Server: Player #3 aspbe - BE GUID: 593bd4e86c41700167eb61845e3d5ec0
21:08:04 Player aspbe connected (id=76561198041503906).
21:08:04 BattlEye Server: Verified GUID (593bd4e86c41700167eb61845e3d5ec0) of player #3 aspbe
21:08:05 Player aspbe disconnected.
21:08:05 BattlEye Server: Player #3 aspbe disconnected
21:08:06 Player KSK Mr Turlte555 disconnected.
21:08:06 BattlEye Server: Player #2 KSK Mr Turlte555 disconnected
21:47:25 BattlEye Server: (Side) Trans-fights: mason
21:47:47 BattlEye Server: (Side) Trans-fights: wyd
21:48:11 BattlEye Server: (Side) Trans-fights: nice nice
22:04:51 BattlEye Server: (Side) Trans-fights: hehehe
22:05:03 BattlEye Server: (Side) Trans-fights: what u doin?
22:05:17 BattlEye Server: (Side) Trans-fights: did i hit u
22:05:24 BattlEye Server: (Side) Trans-fights: why so mad?
22:06:10 BattlEye Server: (Side) Trans-fights: u just shoot me down?
22:06:25 BattlEye Server: (Side) Trans-fights: lol calm down bro
22:14:34 KSK Mr Turlte555 uses modified data file
22:14:34 BattlEye Server: Player #2 KSK Mr Turlte555 (107.137.165.47:2309) connected
22:14:34 Player KSK Mr Turlte555 connecting.
22:14:37 BattlEye Server: Player #2 KSK Mr Turlte555 - BE GUID: 03f2264f73c45f636bc5cf167abaa20d
22:14:37 Player KSK Mr Turlte555 connected (id=76561198184113991).
22:14:37 BattlEye Server: Verified GUID (03f2264f73c45f636bc5cf167abaa20d) of player #2 KSK Mr Turlte555
22:15:02 LividP uses modified data file
22:15:02 BattlEye Server: Player #3 LividP (65.34.148.143:2304) connected
22:15:02 Player LividP connecting.
22:15:05 BattlEye Server: Player #3 LividP - BE GUID: 82bc712eac420886e504c43a4dcaf676
22:15:05 Player LividP connected (id=76561198301264940).
22:15:05 BattlEye Server: Verified GUID (82bc712eac420886e504c43a4dcaf676) of player #3 LividP
22:15:43 PJay1104 uses modified data file
22:15:43 BattlEye Server: Player #4 PJay1104 (75.51.25.76:2304) connected
22:15:43 Player PJay1104 connecting.
22:15:46 BattlEye Server: Player #4 PJay1104 - BE GUID: edceaacb63de50d57fee4514bf039dcf
22:15:47 Player PJay1104 connected (id=76561198210259125).
22:15:47 BattlEye Server: Verified GUID (edceaacb63de50d57fee4514bf039dcf) of player #4 PJay1104
22:17:34 Player PJay1104 disconnected.
22:17:34 BattlEye Server: Player #4 PJay1104 disconnected
22:17:41 PJay1104 uses modified data file
22:17:41 BattlEye S