15:01:50 BattlEye Server: Initialized (v1.217)
15:01:50 Host identity created.
15:01:51 Game Port: 2307, Steam Query Port: 2308
15:01:51 Mission A3Wasteland Altis v1.4c read from bank.
15:01:52 Roles assigned.
15:01:52 Reading mission ...
15:02:25 Mission read.
15:02:25 Rou Kowalski uses modified data file
15:02:25 BattlEye Server: Player #0 Rou Kowalski (73.147.1.91:2309) connected
15:02:25 Player Rou Kowalski connecting.
15:02:25 Game started.
15:02:26 BattlEye Server: Connected to BE Master
15:02:27 BattlEye Server: Player #0 Rou Kowalski - BE GUID: 58cae163ea9d3a0ff8adde240b436737
15:02:29 Player Rou Kowalski connected (id=76561198034110598).
15:02:29 BattlEye Server: Verified GUID (58cae163ea9d3a0ff8adde240b436737) of player #0 Rou Kowalski
15:03:24 Mason uses modified data file
15:03:24 BattlEye Server: Player #1 Mason (24.207.152.238:2309) connected
15:03:24 Player Mason connecting.
15:03:26 BattlEye Server: Player #1 Mason - BE GUID: 955d09b6e1dde9360ceebc2963df084d
15:03:26 Player Mason connected (id=76561198026943270).
15:03:27 BattlEye Server: Verified GUID (955d09b6e1dde9360ceebc2963df084d) of player #1 Mason
15:36:16 Pv2.LocoRip uses modified data file
15:36:16 BattlEye Server: Player #2 Pv2.LocoRip (186.54.187.39:2309) connected
15:36:16 Player Pv2.LocoRip connecting.
15:36:20 BattlEye Server: Player #2 Pv2.LocoRip - BE GUID: 6e14f10b0ec9d34577d93c5be4489630
15:36:21 Player Pv2.LocoRip connected (id=76561198274624548).
15:36:21 BattlEye Server: Verified GUID (6e14f10b0ec9d34577d93c5be4489630) of player #2 Pv2.LocoRip
15:40:22 Pv2.TonCo uses modified data file
15:40:22 BattlEye Server: Player #3 Pv2.TonCo (179.26.59.69:2309) connected
15:40:22 Player Pv2.TonCo connecting.
15:40:27 BattlEye Server: Player #3 Pv2.TonCo - BE GUID: ee833b841d43b4780d30bd9849396bba
15:40:27 Player Pv2.TonCo connected (id=76561198432942871).
15:40:27 BattlEye Server: Verified GUID (ee833b841d43b4780d30bd9849396bba) of player #3 Pv2.TonCo
16:16:41 Yeet McDabbington uses modified data file
16:16:41 BattlEye Server: Player #4 Yeet McDabbington (73.21.180.37:2309) connected
16:16:41 Player Yeet McDabbington connecting.
16:16:43 BattlEye Server: Player #4 Yeet McDabbington - BE GUID: e0845e254755825b22e6d30dc7e61b99
16:17:08 Player Yeet McDabbington connected (id=76561198032540425).
16:17:08 BattlEye Server: Verified GUID (e0845e254755825b22e6d30dc7e61b99) of player #4 Yeet McDabbington
17:00:40 ENS J. Winter uses modified data file
17:00:40 BattlEye Server: Player #5 ENS J. Winter (75.117.2.228:2309) connected
17:00:40 Player ENS J. Winter connecting.
17:00:43 BattlEye Server: Player #5 ENS J. Winter - BE GUID: 329ce946042c07c6a33480d65692e15c
17:01:15 Player ENS J. Winter connected (id=76561198144262407).
17:01:15 BattlEye Server: Verified GUID (329ce946042c07c6a33480d65692e15c) of player #5 ENS J. Winter
17:05:12 Player ENS J. Winter disconnected.
17:05:12 BattlEye Server: Player #5 ENS J. Winter disconnected
17:14:53 BattlEye Server: (Global) Yeet McDabbington: What mission are you guys at?
17:15:06 BattlEye Server: (Global) Yeet McDabbington: Tired of seeing you all die... not by my hands.
17:45:53 Jacob uses modified data file
17:45:53 BattlEye Server: Player #5 Jacob (174.97.203.118:2309) connected
17:45:53 Player Jacob connecting.
17:45:55 BattlEye Server: Player #5 Jacob - BE GUID: 97748960af453a9000adc8ad09ec8ac4
17:45:56 Player Jacob connected (id=76561198197632528).
17:45:56 BattlEye Server: Verified GUID (97748960af453a9000adc8ad09ec8ac4) of player #5 Jacob
17:50:24 Player Mason disconnected.
17:50:24 BattlEye Server: Player #1 Mason disconnected
18:31:45 Player Jacob disconnected.
18:31:45 BattlEye Server: Player #5 Jacob disconnected
18:31:53 Player Pv2.LocoRip disconnected.
18:31:53 BattlEye Server: Player #2 Pv2.LocoRip disconnected
18:32:15 Player Pv2.TonCo disconnected.
18:32:15 BattlEye Server: Player #3 Pv2.TonCo disconnected
18:35:38 Pvt. Gigabyte [722nd] uses modified data file
18:35:38 BattlEye Server: Player #5 Pvt. Gigabyte [722nd] (67.163.235.175:2309) connected
18:35:38 Player Pvt. Gigabyte [722nd] connecting.
18:35:41 BattlEye Server: Player #5 Pvt. Gigabyte [722nd] - BE GUID: 7cc5bed35d66429198489b6ca1c30a5e
18:35:41 Player Pvt. Gigabyte [722nd] connected (id=76561198347973584).
18:35:41 BattlEye Server: Verified GUID (7cc5bed35d66429198489b6ca1c30a5e) of player #5 Pvt. Gigabyte [722nd]
18:43:11 BattlEye Server: (Group) Yeet McDabbington: Don't tell him about the mission payout lol
18:43:28 P. Kelso uses modified data file
18:43:28 BattlEye Server: Player #6 P. Kelso (104.62.115.100:2304) connected
18:43:28 Player P. Kelso connecting.
18:43:30 BattlEye Server: Player #6 P. Kelso - BE GUID: 79dc72f4929a32fc4ea328022a0e347a
18:43:31 Player P. Kelso connected (id=76561198131226288).
18:43:31 BattlEye Server: Verified GUID (79dc72f4929a32fc4ea328022a0e347a) of player #6 P. Kelso
18:46:49 Player P. Kelso disconnected.
18:46:49 BattlEye Server: Player #6 P. Kelso disconnected
18:47:24 P. Kelso uses modified data file
18:47:24 BattlEye Server: Player #6 P. Kelso (104.62.115.100:2304) connected
18:47:24 Player P. Kelso connecting.
18:47:26 BattlEye Server: Player #6 P. Kelso - BE GUID: 79dc72f4929a32fc4ea328022a0e347a
18:47:26 Player P. Kelso connected (id=76561198131226288).
18:47:26 BattlEye Server: Verified GUID (79dc72f4929a32fc4ea328022a0e347a) of player #6 P. Kelso
18:55:48 PFC A. Cakes uses modified data file
18:55:48 BattlEye Server: Player #7 PFC A. Cakes (172.12.79.166:2304) connected
18:55:48 Player PFC A. Cakes connecting.
18:55:50 BattlEye Server: Player #7 PFC A. Cakes - BE GUID: 8b01bd87779009f1f3f381b6f4614cf9
18:55:51 Player PFC A. Cakes connected (id=76561198189886743).
18:55:51 BattlEye Server: Verified GUID (8b01bd87779009f1f3f381b6f4614cf9) of player #7 PFC A. Cakes
19:13:34 Player Pvt. Gigabyte [722nd] disconnected.
19:13:34 BattlEye Server: Player #5 Pvt. Gigabyte [722nd] disconnected
19:19:51 2ndLt W. Jones uses modified data file
19:19:51 BattlEye Server: Player #8 2ndLt W. Jones (172.12.76.20:2304) connected
19:19:51 Player 2ndLt W. Jones connecting.
19:19:53 BattlEye Server: Player #8 2ndLt W. Jones - BE GUID: e87bea289a3e7ef13952084d3e7eb896
19:19:54 Player 2ndLt W. Jones connected (id=76561198108060616).
19:19:54 BattlEye Server: Verified GUID (e87bea289a3e7ef13952084d3e7eb896) of player #8 2ndLt W. Jones
19:22:57 BattlEye Server: (Direct) 2ndLt W. Jones: hold on
19:36:56 BattlEye Server: (Global) 2ndLt W. Jones: wow. good way to keep the server populated.
19:53:23 BattlEye Server: (Global) P. Kelso: mate you really just love using a drone to kill new people dont you?
19:53:50 Wrong admin password entered by player: 2ndLt W. Jones, playerUID: 76561198108060616, IP: 192.168.1.222:2304.
19:53:54 Wrong admin password entered by player: 2ndLt W. Jones, playerUID: 76561198108060616, IP: 192.168.1.222:2304.
19:54:00 Wrong admin password entered by player: 2ndLt W. Jones, playerUID: 76561198108060616, IP: 192.168.1.222:2304.
19:54:42 Wrong admin password entered by player: 2ndLt W. Jones, playerUID: 76561198108060616, IP: 192.168.1.222:2304.
19:54:49 Wrong admin password entered by player: 2ndLt W. Jones, playerUID: 76561198108060616, IP: 192.168.1.222:2304.
19:54:57 Wrong admin password entered by player: 2ndLt W. Jones, playerUID: 76561198108060616, IP: 192.168.1.222:2304.
19:56:07 Wrong admin password entered by player: 2ndLt W. Jones, playerUID: 76561198108060616, IP: 192.168.1.222:2304.
19:57:37 Player Rou Kowalski disconnected.
19:57:37 BattlEye Server: Player #0 Rou Kowalski disconnected
19:59:12 PVT P. Canada uses modified data file
19:59:12 BattlEye Server: Player #9 PVT P. Canada (99.249.215.42:2304) connected
19:59:12 Player PVT P. Canada connecting.
19:59:14 BattlEye Server: Player #9 PVT P. Canada - BE GUID: ee652eaad36e2bac460e82b72ee1b6e9
19:59:14 Player PVT P. Canada connected (id=76561198095116188).
19:59:14 BattlEye Server: Verified GUID (ee652eaad36e2bac460e82b72ee1b6e9) of player #9 PVT P. Canada
19:59:15 Player PVT P. Canada disconnected.
19:59:15 BattlEye Server: Player #9 PVT P. Canada disconnected
20:01:34 PVT P. Canada uses modified data file
20:01:34 BattlEye Server: Player #9 PV