21:01:35 BattlEye Server: Initialized (v1.217)
21:01:35 Host identity created.
21:01:35 Game Port: 2307, Steam Query Port: 2308
21:01:35 Mission A3Wasteland Altis v1.4c read from bank.
21:01:36 Roles assigned.
21:01:36 Reading mission ...
21:02:08 Mission read.
21:02:08 Rye uses modified data file
21:02:08 BattlEye Server: Player #0 Rye (99.195.168.151:2304) connected
21:02:08 Player Rye connecting.
21:02:08 Game started.
21:02:09 BattlEye Server: Connected to BE Master
21:02:10 BattlEye Server: Player #0 Rye - BE GUID: 508c3d5858575b68200133c23acbe326
21:02:12 Player Rye connected (id=76561198333615702).
21:02:12 BattlEye Server: Verified GUID (508c3d5858575b68200133c23acbe326) of player #0 Rye
21:02:46 Mingus uses modified data file
21:02:46 BattlEye Server: Player #1 Mingus (67.253.55.131:2309) connected
21:02:46 Player Mingus connecting.
21:02:49 BattlEye Server: Player #1 Mingus - BE GUID: 9acde5769dd9895469f859104370b094
21:02:51 Player Mingus connected (id=76561198032047803).
21:02:51 BattlEye Server: Verified GUID (9acde5769dd9895469f859104370b094) of player #1 Mingus
21:03:48 High Alert Highlander  uses modified data file
21:03:48 BattlEye Server: Player #2 High Alert Highlander  (190.171.107.63:62725) connected
21:03:48 Player High Alert Highlander  connecting.
21:03:52 BattlEye Server: Player #2 High Alert Highlander  - BE GUID: a01f35e030c4464ff5b5e9c18ddf0195
21:03:59 Player High Alert Highlander  connected (id=76561198065774594).
21:03:59 BattlEye Server: Verified GUID (a01f35e030c4464ff5b5e9c18ddf0195) of player #2 High Alert Highlander 
21:04:31 Rou Kowalski uses modified data file
21:04:31 BattlEye Server: Player #3 Rou Kowalski (73.147.1.91:2309) connected
21:04:31 Player Rou Kowalski connecting.
21:04:33 BattlEye Server: Player #3 Rou Kowalski - BE GUID: 58cae163ea9d3a0ff8adde240b436737
21:04:36 Player Rou Kowalski connected (id=76561198034110598).
21:04:36 BattlEye Server: Verified GUID (58cae163ea9d3a0ff8adde240b436737) of player #3 Rou Kowalski
21:09:06 BattlEye Server: (Group) High Alert Highlander : yes they cankill us 
21:09:27 BattlEye Server: (Group) High Alert Highlander : dont go heli 
21:09:31 BattlEye Server: (Group) High Alert Highlander : andifyougo 
21:09:38 BattlEye Server: (Group) High Alert Highlander : go normal
21:09:44 BattlEye Server: (Group) High Alert Highlander : we need this chat 
21:09:56 BattlEye Server: (Group) High Alert Highlander : stay there for a moment 
21:10:20 BattlEye Server: (Global) High Alert Highlander : i will giveu a pass for thistime 
21:10:33 BattlEye Server: (Global) Mingus: lol why
21:10:51 BattlEye Server: (Global) High Alert Highlander : because i have to pick upmy friend
21:11:20 BattlEye Server: (Global) Mingus: you have friends?
21:11:35 BattlEye Server: (Global) High Alert Highlander : yes my best freind is in game
21:11:42 BattlEye Server: (Global) High Alert Highlander : yes we can rock 
21:11:47 BattlEye Server: (Global) Mingus: oh ok
21:11:49 BattlEye Server: (Global) High Alert Highlander : no i wont 
21:12:01 BattlEye Server: (Global) High Alert Highlander : he is banned for ever 
21:12:08 BattlEye Server: (Global) High Alert Highlander : i dontb want himhere
21:12:30 BattlEye Server: (Group) High Alert Highlander : yes
21:12:32 Admin logged in, player: High Alert Highlander , playerUID: 76561198065774594, IP: 192.168.0.10:2309.
21:13:51 BattlEye Server: (Group) High Alert Highlander : u needthis
21:13:56 BattlEye Server: (Group) High Alert Highlander : pickthis up
21:15:02 BattlEye Server: (Group) High Alert Highlander : take off that vest 
21:15:05 BattlEye Server: (Group) High Alert Highlander : use this
21:16:36 BattlEye Server: (Group) High Alert Highlander : perfect now u r fully thermal
21:16:49 BattlEye Server: (Group) High Alert Highlander : yes
21:17:46 BattlEye Server: (Group) High Alert Highlander : lol
21:21:35 BattlEye Server: (Group) High Alert Highlander : die
21:21:43 BattlEye Server: (Group) High Alert Highlander : lol
21:25:54 BattlEye Server: (Global) Mingus: uh..
21:30:21 BattlEye Server: (Group) High Alert Highlander : no
21:35:54 BattlEye Server: (Group) High Alert Highlander : dont godown
21:37:48 Millum uses modified data file
21:37:48 BattlEye Server: Player #4 Millum (97.118.150.163:2309) connected
21:37:48 Player Millum connecting.
21:37:51 BattlEye Server: Player #4 Millum - BE GUID: 56d8b14584b9c8ebfa2ca15d5ddce679
21:37:51 Player Millum connected (id=76561198288239324).
21:37:51 BattlEye Server: Verified GUID (56d8b14584b9c8ebfa2ca15d5ddce679) of player #4 Millum
21:38:24 BattlEye Server: (Group) High Alert Highlander : remmeber the base seeu there
21:38:37 BattlEye Server: (Global) Mingus: what does "force saving" a vehicle do
21:38:52 BattlEye Server: (Group) High Alert Highlander : save that under your name
21:39:16 BattlEye Server: (Group) High Alert Highlander : markonthemap
21:41:10 BattlEye Server: (Group) Millum: YO
21:41:17 BattlEye Server: (Group) Millum: Cant really talk
21:41:21 BattlEye Server: (Group) Millum: ...
21:41:24 BattlEye Server: (Group) Millum: XD
21:41:52 BattlEye Server: (Group) Millum: Drive ur ass
21:45:29 BattlEye Server: (Group) High Alert Highlander : doubleclickthe map and make sureu put that on group
21:45:36 BattlEye Server: (Group) High Alert Highlander : that dont sticks forever 
21:48:31 BattlEye Server: (Group) High Alert Highlander : did you plcethat on group option ?
21:51:46 BattlEye Server: (Group) High Alert Highlander : ifyou need to free looku just hold alt 
21:52:22 BattlEye Server: (Global) Mingus: what are you guys up to on salt flats?
21:52:24 Ray uses modified data file
21:52:24 BattlEye Server: Player #5 Ray (188.50.252.1:2304) connected
21:52:24 Player Ray connecting.
21:52:27 BattlEye Server: Player #5 Ray - BE GUID: 132ca3de0cb819f024b926d9619a3968
21:52:27 Player Ray connected (id=76561198198316539).
21:52:27 BattlEye Server: Verified GUID (132ca3de0cb819f024b926d9619a3968) of player #5 Ray
21:53:00 Player Ray disconnected.
21:53:00 BattlEye Server: Player #5 Ray disconnected
21:53:04 Player Rou Kowalski disconnected.
21:53:04 BattlEye Server: Player #3 Rou Kowalski disconnected
21:53:09 BattlEye Server: (Global) High Alert Highlander : who ?
21:53:16 BattlEye Server: (Global) High Alert Highlander : im not there
21:53:18 Rou Kowalski uses modified data file
21:53:18 BattlEye Server: Player #5 Rou Kowalski (73.147.1.91:2309) connected
21:53:18 Player Rou Kowalski connecting.
21:53:20 BattlEye Server: Player #5 Rou Kowalski - BE GUID: 58cae163ea9d3a0ff8adde240b436737
21:53:23 Player Rou Kowalski connected (id=76561198034110598).
21:53:23 BattlEye Server: Verified GUID (58cae163ea9d3a0ff8adde240b436737) of player #5 Rou Kowalski
21:53:30 BattlEye Server: (Global) Mingus: maybe just npc i guess
21:54:04 BattlEye Server: (Global) High Alert Highlander : lol we r not evenclose tothere  you would be dead already 
21:54:12 BattlEye Server: (Global) Millum: Does Mr/Mrs/Ms Admin have the ability to see where we all are?
21:54:34 BattlEye Server: (Global) High Alert Highlander : no i dont 
21:54:50 BattlEye Server: (Global) Mingus: why admin hate us so much
21:54:53 BattlEye Server: (Global) Millum: =)
21:55:05 BattlEye Server: (Global) High Alert Highlander : i dont hate u guys 
21:55:19 BattlEye Server: (Global) High Alert Highlander : why would you say such a thing i dont even knopw you 
21:56:29 BattlEye Server: (Global) High Alert Highlander : but thnks for letting me know that someone is in the salt flats
21:56:45 BattlEye Server: (Global) Mingus: see? hate
21:56:51 BattlEye Server: (Global) High Alert Highlander : lol
21:57:04 BattlEye Server: (Global) High Alert Highlander : can we all be friends 
21:57:05 BattlEye Server: (Global) Millum: He gonna nuke ur butt
21:57:18 BattlEye Server: (Global) High Alert Highlander : ok ´perfect 
21:57:21 BattlEye Server: (Global) High Alert Highlander : yummy 
21:57:37 BattlEye Server: (Global) High Alert Highlander : well at least u cantry 
21:57:39 BattlEye Server: (Global) Mingus: is there an auto run?
22:02:22 BattlEye Server: (Group) High Alert Highlander : that is nothing 
22:02:26 BattlEye Server: (Group) High Alert Highlander : no worries
22:02:31 BattlEye Server: (Group) High Alert Highlander : no is dont 
22:02:47 BattlEye Server: (Group) High Alert Highlander : that is with the addond onthe pbo file 
22:04:07 BattlEye Server: (Global) Mingus: i hopw your happy
22:04:25 BattlEye Server: (Group) High Alert Highlander : dont shoot
22:04:29 BattlEye Server: (Group) High Alert Highlander : just wach
22:04:46 BattlEye Server: (Group) High Alert Highlander : dont give away r position 
22:05:43 BattlEye Server: (Group) Millum: Im stealing it XD
22:06:58 BattlEye Server: (Group) High Alert Highlander : they r doing this mission they said it on the chat by mistake 
22:07:08 BattlEye Server: (Group) High Alert Highlander : so they r coming 
22:07:14 BattlEye Server: (Group) High Alert Highlander : so sit and wait 
22:08:15 BattlEye Server: (Group) High Alert Highlander : what 
22:08:53 BattlEye Server: (Group) High Alert Highlander : thatyes
22:09:04 BattlEye Server: (Group) High Alert Highlander : flat down 
22:09:09 BattlEye Server: (Group) High Alert Highlander : cover your chest 
22:09:16 BattlEye Server: (Group) High Alert Highlander : that is amission 
22:10:02 BattlEye Server: (Group) High Alert Highlander : lol
22:10:04 BattlEye Server: (Global) Mingus: group invite anyone?
22:10:40 BattlEye Server: (Global) Millum: We arent your friend, we wants to kill you :D
22:11:10 BattlEye Server: (Global) High Alert Highlander : go opfort 
22:11:16 BattlEye Server: (Global) High Alert Highlander : ill sendyiouaninv 
22:12:23 BattlEye Server: (Global) High Alert Highlander : lets go they r notcoming 
22:12:37 BattlEye Server: (Group) High Alert Highlander : lets go they r nocming 
22:12:44 BattlEye Server: (Global) Millum: Wrong chat?
22:12:59 BattlEye Server: (Global) High Alert Highlander : yes
22:13:23 BattlEye Server: (Global) Millum: noice
22:15:00 BattlEye Server: (Global) Millum: I'll say this, making money off of zones is easy
22:17:04 BattlEye Server: (Group) Millum: Will the next paycheck from that zone be bigger or does it stay at 5k?
22:17:19 BattlEye Server: (Group) High Alert Highlander : airport 
22:17:21 BattlEye Server: (Group) Millum: oh
22:17:32 BattlEye Server: (Group) Millum: solid
22:17:34 BattlEye Server: (Group) High Alert Highlander : yes}
22:17:39 BattlEye Server: (Group) High Alert Highlander : the 3
22:17:53 BattlEye Server: (Group) High Alert Highlander : aandu canlerasn
22:17:58 BattlEye Server: (Group) High Alert Highlander : learn
22:19:06 BattlEye Server: (Group) Millum: Grab me a better scope?
22:19:13 BattlEye Server: (Group) Millum: thx
22:19:33 BattlEye Server: (Group) Millum: MK.4 
22:19:43 BattlEye Server: (Group) Millum: M3
22:20:16 BattlEye Server: (Group) Millum: 3.5 -10x M3
22:21:46 BattlEye Server: (Group) Millum: I'll pay you back
22:21:59 BattlEye Server: (Group) Millum: k
22:22:18 BattlEye Server: (Group) High Alert Highlander : it is
22:22:35 BattlEye Server: (Group) Millum: :D
22:23:01 BattlEye Server: (Group) High Alert Highlander : my limit in shoots is 18000
22:23:05 BattlEye Server: (Group) High Alert Highlander : 1800
22:23:35 BattlEye Server: (Group) High Alert Highlander : ok follow mealways 
22:23:41 BattlEye Server: (Group) High Alert Highlander : dont stay behind
22:24:00 BattlEye Server: (Global) Millum: How much you get for the tank?
22:25:09 BattlEye Server: (Group) Millum: yummy
22:25:15 BattlEye Server: (Group) Millum: yummy
22:25:19 BattlEye Server: (Group) Millum: money
22:25:31 BattlEye Server: (Group) High Alert Highlander : YES
22:26:09 BattlEye Server: (Group) Millum: k
22:26:14 BattlEye Server: (Group) High Alert Highlander : that is the point 
22:26:40 BattlEye Server: (Group) High Alert Highlander : climb tose stirs 
22:26:50 BattlEye Server: (Group) High Alert Highlander : go flat  belly 
22:27:13 BattlEye Server: (Group) High Alert Highlander : i mark the mapwhere u have tobe checking always 
22:27:17 BattlEye Server: (Group) High Alert Highlander : dont shoot 
22:27:25 BattlEye Server: (Group) High Alert Highlander : unless you have a secure shoot 
22:27:40 BattlEye Server: (Group) High Alert Highlander : never shoot more than 1 every 1 min 
22:27:51 BattlEye Server: (Group) Millum: Cause nobody online
22:27:57 BattlEye Server: (Group) High Alert Highlander : sou dont give ur position 
22:28:02 BattlEye Server: (Group) Millum: hmmmmmmmm
22:28:07 BattlEye Server: (Group) High Alert Highlander : be ready 
22:28:36 BattlEye Server: (Group) Millum: Now would be the time to make  money on life prob
22:28:46 BattlEye Server: (Group) High Alert Highlander : mark 
22:28:46 BattlEye Server: (Group) Millum: No cops
22:29:03 BattlEye Server: (Group) Millum: Not in the early morning
22:29:54 BattlEye Server: (Global) Millum: Now who the fuk
22:30:02 BattlEye Server: (Global) Mingus: if you break into a npc vehicle and repair it, is there any reason why the vehicle wouldnt start?
22:30:41 BattlEye Server: (Global) Millum: U smell bad
22:30:47 BattlEye Server: (Global) Mingus: oh
22:31:10 BattlEye Server: (Global) Mingus: why lol
22:31:14 BattlEye Server: (Global) Mingus: please XD
22:31:21 BattlEye Server: (Global) Rye: not you
22:31:40 BattlEye Server: (Global) Mingus: no, i was reacting to getting run over while trying to trouble shoot
22:31:55 BattlEye Server: (Global) High Alert Highlander : u r so predictable
22:32:00 BattlEye Server: (Global) Rye: oh
22:32:18 BattlEye Server: (Global) Mingus: what
22:35:28 BattlEye Server: (Global) Millum: U some trash at sniping, just wait till I see you D
22:35:29 BattlEye Server: (Group) High Alert Highlander : two guys one on eachmark
22:35:35 BattlEye Server: (Group) High Alert Highlander : top floor 
22:35:41 BattlEye Server: (Group) High Alert Highlander : electrical
22:36:22 BattlEye Server: (Global) Millum: XD
22:36:31 BattlEye Server: (Group) High Alert Highlander : 1 doewn 
22:36:34 BattlEye Server: (Global) Millum: That scared me
22:36:36 BattlEye Server: (Group) High Alert Highlander : 1100mts 
22:36:39 BattlEye Server: (Group) Millum: Nope
22:37:06 BattlEye Server: (Group) High Alert Highlander : removing one mark
22:42:39 BattlEye Server: (Group) High Alert Highlander : can u see the tower 
22:42:47 BattlEye Server: (Group) High Alert Highlander : top floor
22:42:56 BattlEye Server: (Group) High Alert Highlander : yes
22:43:35 BattlEye Server: (Group) High Alert Highlander : yes u can
22:43:57 BattlEye Server: (Group) High Alert Highlander : another in the othertower
22:44:10 BattlEye Server: (Group) High Alert Highlander : towers
22:44:13 BattlEye Server: (Group) High Alert Highlander : 1each 
22:45:47 BattlEye Server: (Group) High Alert Highlander : both jump
22:46:11 BattlEye Server: (Group) High Alert Highlander : seeu in the hunter goback 
22:50:49 BattlEye Server: (Group) High Alert Highlander : i have stases everywhere
22:51:33 BattlEye Server: (Global) Millum: Cool guys dont look at explosions
22:53:40 BattlEye Server: (Group) High Alert Highlander : goinside
22:53:51 BattlEye Server: (Group) High Alert Highlander : if i die i need u to revive me 
22:54:09 BattlEye Server: (Group) High Alert Highlander : udo
22:54:14 BattlEye Server: (Group) High Alert Highlander : perfecvt 
22:54:41 BattlEye Server: (Group) High Alert Highlander : thks
22:55:16 BattlEye Server: (Group) High Alert Highlander : no matter what always stay here
22:55:32 BattlEye Server: (Group) High Alert Highlander : they r on the VS store
22:56:26 BattlEye Server: (Group) High Alert Highlander : yes
22:56:49 BattlEye Server: (Group) High Alert Highlander : sohopefully they buy something that i canlock from here
22:57:10 BattlEye Server: (Group) High Alert Highlander : or heli
22:57:35 BattlEye Server: (Global) Millum: How many times can someone die in a time period of ten minutes?
22:57:46 BattlEye Server: (Global) Mingus: :(
22:57:52 BattlEye Server: (Global) Millum: Mingus setting records
22:57:59 BattlEye Server: (Global) High Alert Highlander : many 
22:58:09 BattlEye Server: (Global) High Alert Highlander : aparently
22:58:24 BattlEye Server: (Group) High Alert Highlander : lmao
22:58:35 BattlEye Server: (Global) Mingus: i keep underestimating how many rockests/anti tank mines it takes to accomplish a mission
22:58:38 BattlEye Server: (Global) Millum: Holy freak where u at highlander?
22:58:43 BattlEye Server: (Group) High Alert Highlander : those guys can shoot at more than800 mts 
22:58:50 BattlEye Server: (Group) High Alert Highlander : i did nocetive that 
22:59:07 BattlEye Server: (Global) High Alert Highlander : im a sniper ghost 
22:59:54 BattlEye Server: (Global) High Alert Highlander : hope u dont care if i recird this 
23:00:02 BattlEye Server: (Global) High Alert Highlander : bacuaseim
23:00:27 BattlEye Server: (Global) Millum: I see
23:00:32 BattlEye Server: (Global) High Alert Highlander : you can see that later on my you tube channel
23:00:41 BattlEye Server: (Global) Millum: Ima find a way to pop you anyways
23:00:57 BattlEye Server: (Global) High Alert Highlander : well u can try 
23:01:07 BattlEye Server: (Global) High Alert Highlander : ordying trying 
23:01:49 BattlEye Server: (Group) High Alert Highlander : they r shooting so we revealour position dont donothing 
23:02:33 BattlEye Server: (Global) High Alert Highlander : take care your ammot u willneed it 
23:03:04 BattlEye Server: (Global) Millum: For? All I need is a bullet and a visible target
23:06:52 BattlEye Server: (Global) Millum: Did you use thermals to find me?
23:07:03 BattlEye Server: (Global) High Alert Highlander : i dont use thermals
23:07:08 BattlEye Server: (Global) High Alert Highlander : lrps
23:07:56 BattlEye Server: (Global) High Alert Highlander : goodidea
23:08:04 BattlEye Server: (Group) High Alert Highlander : goodidea
23:08:18 BattlEye Server: (Global) Millum: You've seen me by now
23:08:35 BattlEye Server: (Global) Millum: Plus, it doesnt work on ghillies
23:08:59 BattlEye Server: (Global) High Alert Highlander : that was not for 
23:09:05 BattlEye Server: (Global) High Alert Highlander : wrong chat 
23:09:19 BattlEye Server: (Global) Millum: Feelsbadman
23:10:10 BattlEye Server: (Global) Millum: Meanie pants
23:13:27 BattlEye Server: (Global) High Alert Highlander : moving 
23:14:29 BattlEye Server: (Group) High Alert Highlander : run 
23:15:22 BattlEye Server: (Global) High Alert Highlander : sojust 1 bullet
23:15:30 BattlEye Server: (Global) High Alert Highlander : or more like 5
23:15:40 BattlEye Server: (Global) Millum: I didnt think that was you XD
23:15:54 BattlEye Server: (Global) Millum: I was trying to bait out another shot
23:16:06 BattlEye Server: (Group) High Alert Highlander : never dothat 
23:16:12 BattlEye Server: (Group) High Alert Highlander : pls
23:16:13 BattlEye Server: (Global) Millum: Then you started moving
23:17:01 BattlEye Server: (Group) High Alert Highlander : im going to dothat 
23:17:03 BattlEye Server: (Group) High Alert Highlander : lol
23:18:07 BattlEye Server: (Group) High Alert Highlander : sorry 
23:19:47 BattlEye Server: (Group) High Alert Highlander : look that way use you binoculars -going tosee some fireworks 
23:21:23 BattlEye Server: (Global) Millum: Man down
23:22:01 BattlEye Server: (Group) High Alert Highlander : did u saw them
23:22:18 BattlEye Server: (Group) High Alert Highlander : that is an artelly ry strike 
23:22:19 BattlEye Server: (Global) Millum: Bum bum bum, another one bites the dust
23:22:32 BattlEye Server: (Group) High Alert Highlander : come
23:23:01 BattlEye Server: (Group) High Alert Highlander : pick this up 
23:23:55 BattlEye Server: (Group) High Alert Highlander : click the button
23:24:01 BattlEye Server: (Group) High Alert Highlander : up to tap
23:24:09 BattlEye Server: (Group) High Alert Highlander : open your player menu 
23:24:18 BattlEye Server: (Group) High Alert Highlander : click artelery strike 
23:24:25 BattlEye Server: (Group) High Alert Highlander : that opens the map 
23:24:37 BattlEye Server: (Group) High Alert Highlander : click wherei put the red x 
23:24:45 BattlEye Server: (Group) High Alert Highlander : click cornfirm
23:25:11 BattlEye Server: (Group) High Alert Highlander : open themenu 
23:25:15 BattlEye Server: (Group) High Alert Highlander : left site 
23:25:28 BattlEye Server: (Group) High Alert Highlander