 9:01:40 BattlEye Server: Initialized (v1.217)
 9:01:40 Host identity created.
 9:01:40 Game Port: 2307, Steam Query Port: 2308
 9:01:40 Mission A3Wasteland Altis v1.4c read from bank.
 9:01:42 Roles assigned.
 9:01:42 Reading mission ...
 9:02:16 Mission read.
 9:02:16 Game started.
10:14:24 nord88 uses modified data file
10:14:24 BattlEye Server: Player #0 nord88 (77.93.109.4:2309) connected
10:14:24 Player nord88 connecting.
10:14:25 BattlEye Server: Connected to BE Master
10:14:29 BattlEye Server: Player #0 nord88 - BE GUID: 060ac7a78394ac513615d1bb34627674
10:14:29 Player nord88 connected (id=76561198119341206).
10:14:29 BattlEye Server: Verified GUID (060ac7a78394ac513615d1bb34627674) of player #0 nord88
11:49:36 Player nord88 disconnected.
11:49:36 BattlEye Server: Player #0 nord88 disconnected
11:53:26 Trans-fights uses modified data file
11:53:26 BattlEye Server: Player #0 Trans-fights (72.79.211.36:2309) connected
11:53:26 Player Trans-fights connecting.
11:53:28 BattlEye Server: Player #0 Trans-fights - BE GUID: 5963ef09c03283890a08815e3b3b11f6
11:53:29 Player Trans-fights connected (id=76561198275319572).
11:53:29 BattlEye Server: Verified GUID (5963ef09c03283890a08815e3b3b11f6) of player #0 Trans-fights
11:53:35 Player Trans-fights disconnected.
11:53:36 BattlEye Server: Player #0 Trans-fights disconnected
12:38:48 M00PS9 uses modified data file
12:38:48 BattlEye Server: Player #0 M00PS9 (74.111.187.142:2304) connected
12:38:48 Player M00PS9 connecting.
12:38:50 BattlEye Server: Player #0 M00PS9 - BE GUID: b0d7f6ddc19b134ad9c862de9936c8d9
12:38:50 Player M00PS9 connected (id=76561198067555051).
12:38:50 BattlEye Server: Verified GUID (b0d7f6ddc19b134ad9c862de9936c8d9) of player #0 M00PS9
12:38:53 Peter uses modified data file
12:38:53 BattlEye Server: Player #1 Peter (73.154.216.27:2304) connected
12:38:53 Player Peter connecting.
12:38:55 BattlEye Server: Player #1 Peter - BE GUID: 005a2efe7bb973990e293cae21e2d0dc
12:38:56 Player Peter connected (id=76561198069865680).
12:38:56 BattlEye Server: Verified GUID (005a2efe7bb973990e293cae21e2d0dc) of player #1 Peter
12:39:23 morga uses modified data file
12:39:23 BattlEye Server: Player #2 morga (96.236.156.228:2304) connected
12:39:23 Player morga connecting.
12:39:25 BattlEye Server: Player #2 morga - BE GUID: e7c128fe3d159687a30118a497ab83da
12:39:25 Player morga connected (id=76561198049102320).
12:39:25 BattlEye Server: Verified GUID (e7c128fe3d159687a30118a497ab83da) of player #2 morga
12:49:23 GhostyFFP uses modified data file
12:49:23 BattlEye Server: Player #3 GhostyFFP (71.93.0.67:2309) connected
12:49:23 Player GhostyFFP connecting.
12:49:26 BattlEye Server: Player #3 GhostyFFP - BE GUID: bec4e169580d2fc2bacc7e9cef393bc8
12:49:26 Player GhostyFFP connected (id=76561198331123237).
12:49:26 BattlEye Server: Verified GUID (bec4e169580d2fc2bacc7e9cef393bc8) of player #3 GhostyFFP
12:53:49 Player GhostyFFP disconnected.
12:53:49 BattlEye Server: Player #3 GhostyFFP disconnected
13:19:11 Player morga is losing connection
13:19:43 Player morga kicked off by BattlEye: Client not responding
13:19:43 Player morga disconnected.
13:20:59 morga uses modified data file
13:20:59 BattlEye Server: Player #2 morga (96.236.156.228:2304) connected
13:20:59 Player morga connecting.
13:21:02 BattlEye Server: Player #2 morga - BE GUID: e7c128fe3d159687a30118a497ab83da
13:21:02 Player morga connected (id=76561198049102320).
13:21:02 BattlEye Server: Verified GUID (e7c128fe3d159687a30118a497ab83da) of player #2 morga
13:29:19 Mason uses modified data file
13:29:19 BattlEye Server: Player #3 Mason (71.81.137.47:2309) connected
13:29:19 Player Mason connecting.
13:29:21 BattlEye Server: Player #3 Mason - BE GUID: 955d09b6e1dde9360ceebc2963df084d
13:29:21 Player Mason connected (id=76561198026943270).
13:29:21 BattlEye Server: Verified GUID (955d09b6e1dde9360ceebc2963df084d) of player #3 Mason
13:31:34 BattlEye Server: (Global) Mason: hey everyone
13:32:00 BattlEye Server: (Global) Peter: hey babe
13:32:56 BattlEye Server: (Side) Mason: everyone solo or teaming up?
13:35:10 BattlEye Server: (Global) Peter: my guy
13:43:04 teenis uses modified data file
13:43:04 BattlEye Server: Player #4 teenis (72.79.209.31:2309) connected
13:43:04 Player teenis connecting.
13:43:07 BattlEye Server: Player #4 teenis - BE GUID: 5963ef09c03283890a08815e3b3b11f6
13:43:08 Player teenis connected (id=76561198275319572).
13:43:08 BattlEye Server: Verified GUID (5963ef09c03283890a08815e3b3b11f6) of player #4 teenis
13:44:56 BattlEye Server: (Global) teenis: howdy
13:45:10 BattlEye Server: (Global) M00PS9: heyyy
13:45:11 BattlEye Server: (Global) Peter: hey
13:45:25 BattlEye Server: (Global) teenis: yall wanna team up?
13:45:28 BattlEye Server: (Global) Mason: hi
13:45:58 BattlEye Server: (Group) teenis: where u guys at
13:46:19 BattlEye Server: (Group) Mason: thanks
13:47:02 BattlEye Server: (Global) teenis: why u kick me?
13:47:32 BattlEye Server: (Global) teenis: :/
13:50:02 BattlEye Server: (Global) teenis: mason
13:57:01 Golgath uses modified data file
13:57:01 BattlEye Server: Player #5 Golgath (99.180.100.76:2309) connected
13:57:01 Player Golgath connecting.
13:57:03 BattlEye Server: Player #5 Golgath - BE GUID: 8dfda5eafe90b06cd8a60bdbb0622596
13:57:04 Player Golgath connected (id=76561197970797674).
13:57:04 BattlEye Server: Verified GUID (8dfda5eafe90b06cd8a60bdbb0622596) of player #5 Golgath
13:57:12 Player Golgath disconnected.
13:57:12 BattlEye Server: Player #5 Golgath disconnected
13:59:19 Player morga is losing connection
14:00:39 Player morga disconnected.
14:00:39 BattlEye Server: Player #2 morga disconnected
14:00:50 morga uses modified data file
14:00:50 BattlEye Server: Player #5 morga (96.236.156.228:2304) connected
14:00:51 Player morga connecting.
14:00:53 BattlEye Server: Player #5 morga - BE GUID: e7c128fe3d159687a30118a497ab83da
14:00:53 Player morga connected (id=76561198049102320).
14:00:53 BattlEye Server: Verified GUID (e7c128fe3d159687a30118a497ab83da) of player #5 morga
14:05:58 Golgath uses modified data file
14:05:58 BattlEye Server: Player #6 Golgath (99.180.100.76:2309) connected
14:05:58 Player Golgath connecting.
14:06:00 BattlEye Server: Player #6 Golgath - BE GUID: 8dfda5eafe90b06cd8a60bdbb0622596
14:06:01 Player Golgath connected (id=76561197970797674).
14:06:01 BattlEye Server: Verified GUID (8dfda5eafe90b06cd8a60bdbb0622596) of player #6 Golgath
14:06:05 Player Golgath disconnected.
14:06:05 BattlEye Server: Player #6 Golgath disconnected
14:11:58 Joba uses modified data file
14:11:58 BattlEye Server: Player #6 Joba (108.185.43.81:2304) connected
14:11:58 Player Joba connecting.
14:12:06 Player Joba disconnected.
14:12:06 BattlEye Server: Player #6 Joba disconnected
14:12:31 Joba uses modified data file
14:12:31 BattlEye Server: Player #6 Joba (108.185.43.81:2304) connected
14:12:31 Player Joba connecting.
14:12:37 BattlEye Server: Player #6 Joba - BE GUID: 633b49aa3477e188d1776ca48de7c405
14:12:37 Player Joba connected (id=76561198056070900).
14:12:37 BattlEye Server: Verified GUID (633b49aa3477e188d1776ca48de7c405) of player #6 Joba
14:15:39 BattlEye Server: (Global) teenis: anyone wanna donate to me :D
14:21:08 Player morga is losing connection
14:22:28 Player morga disconnected.
14:22:28 BattlEye Server: Player #5 morga disconnected
14:22:47 morga uses modified data file
14:22:47 BattlEye Server: Player #7 morga (96.236.156.228:2304) connected
14:22:47 Player morga connecting.
14:22:49 BattlEye Server: Player #7 morga - BE GUID: e7c128fe3d159687a30118a497ab83da
14:22:50 Player morga connected (id=76561198049102320).
14:22:50 BattlEye Server: Verified GUID (e7c128fe3d159687a30118a497ab83da) of player #7 morga
14:24:39 Player M00PS9 disconnected.
14:24:39 BattlEye Server: Player #0 M00PS9 disconnected
14:25:18 Player morga disconnected.
14:25:18 BattlEye Server: Player #7 morga disconnected
14:26:22 Player Peter disconnected.
14:26:22 BattlEye Server: Player #1 Peter disconnected
14:40:54 BattlEye Server: (Global) teenis: mason
14:41:03 BattlEye Server: (Global) teenis: invite me
14:41:47 BattlEye Server: (Global) teenis: MASONNNNNNN PLEASE :(
14:42:48 BattlEye Server: