15:01:41 BattlEye Server: Initialized (v1.217)
15:01:41 Host identity created.
15:01:41 Game Port: 2307, Steam Query Port: 2308
15:01:42 Mission A3Wasteland Altis v1.4c read from bank.
15:01:43 Roles assigned.
15:01:43 Reading mission ...
15:02:17 Mission read.
15:02:17 Rou Kowalski uses modified data file
15:02:17 BattlEye Server: Player #0 Rou Kowalski (73.147.1.91:2309) connected
15:02:17 Player Rou Kowalski connecting.
15:02:17 Game started.
15:02:18 BattlEye Server: Connected to BE Master
15:02:19 BattlEye Server: Player #0 Rou Kowalski - BE GUID: 58cae163ea9d3a0ff8adde240b436737
15:02:21 Player Rou Kowalski connected (id=76561198034110598).
15:02:21 BattlEye Server: Verified GUID (58cae163ea9d3a0ff8adde240b436737) of player #0 Rou Kowalski
15:33:13 RisingSun uses modified data file
15:33:13 BattlEye Server: Player #1 RisingSun (71.38.234.123:2304) connected
15:33:13 Player RisingSun connecting.
15:33:16 BattlEye Server: Player #1 RisingSun - BE GUID: 1e9e3bacea6aa5edd1954c3b30857356
15:33:16 Player RisingSun connected (id=76561198162796546).
15:33:16 BattlEye Server: Verified GUID (1e9e3bacea6aa5edd1954c3b30857356) of player #1 RisingSun
16:13:02 Yourwaifuashit uses modified data file
16:13:02 BattlEye Server: Player #2 Yourwaifuashit (71.92.112.236:2304) connected
16:13:02 Player Yourwaifuashit connecting.
16:13:04 BattlEye Server: Player #2 Yourwaifuashit - BE GUID: 191d6af6c97a67b7f5ac979090f88965
16:13:04 Player Yourwaifuashit connected (id=76561198034466686).
16:13:04 BattlEye Server: Verified GUID (191d6af6c97a67b7f5ac979090f88965) of player #2 Yourwaifuashit
16:13:04 Player Yourwaifuashit disconnected.
16:13:04 BattlEye Server: Player #2 Yourwaifuashit disconnected
16:29:17 Player RisingSun disconnected.
16:29:17 BattlEye Server: Player #1 RisingSun disconnected
16:41:02 Mason uses modified data file
16:41:03 BattlEye Server: Player #1 Mason (71.81.137.47:2309) connected
16:41:03 Player Mason connecting.
16:41:05 BattlEye Server: Player #1 Mason - BE GUID: 955d09b6e1dde9360ceebc2963df084d
16:41:05 Player Mason connected (id=76561198026943270).
16:41:05 BattlEye Server: Verified GUID (955d09b6e1dde9360ceebc2963df084d) of player #1 Mason
16:48:01 BattlEye Server: (Side) Mason: peace?
16:48:52 BattlEye Server: (Side) Mason: k, same, just building up cash
17:00:35 Deputy Nug uses modified data file
17:00:35 BattlEye Server: Player #2 Deputy Nug (73.186.248.81:2304) connected
17:00:35 Player Deputy Nug connecting.
17:00:36 Player Deputy Nug disconnected.
17:00:36 BattlEye Server: Player #2 Deputy Nug disconnected
17:07:01 ANATOLI CHEJOV uses modified data file
17:07:01 BattlEye Server: Player #2 ANATOLI CHEJOV (190.171.107.50:62725) connected
17:07:01 Player ANATOLI CHEJOV connecting.
17:07:06 BattlEye Server: Player #2 ANATOLI CHEJOV - BE GUID: a01f35e030c4464ff5b5e9c18ddf0195
17:07:06 Player ANATOLI CHEJOV connected (id=76561198065774594).
17:07:06 BattlEye Server: Verified GUID (a01f35e030c4464ff5b5e9c18ddf0195) of player #2 ANATOLI CHEJOV
17:11:55 BattlEye Server: (Group) ANATOLI CHEJOV: mason
17:12:12 BattlEye Server: (Group) ANATOLI CHEJOV: mason accept the in to chaqt in steam
17:15:36 BattlEye Server: (Group) ANATOLI CHEJOV: whome
17:15:45 BattlEye Server: (Group) ANATOLI CHEJOV: yes 
17:16:06 BattlEye Server: (Group) ANATOLI CHEJOV: mason  rou is one of my best friends in  the USA 
17:16:19 BattlEye Server: (Group) ANATOLI CHEJOV: ok
17:16:38 BattlEye Server: (Group) ANATOLI CHEJOV: im not attacking 
17:16:56 BattlEye Server: (Group) ANATOLI CHEJOV: ok
17:17:02 BattlEye Server: (Group) ANATOLI CHEJOV: i gavcvge no launcher
17:18:01 BattlEye Server: (Group) ANATOLI CHEJOV: click windows key  that willshow the namesin themap
17:20:50 BattlEye Server: (Group) ANATOLI CHEJOV: ROU WHERE U AT 
17:21:05 BattlEye Server: (Group) ANATOLI CHEJOV: ok 
17:24:41 BattlEye Server: (Group) ANATOLI CHEJOV: ok
17:26:17 BattlEye Server: (Group) ANATOLI CHEJOV: rou doyou have a heli?
17:26:55 BattlEye Server: (Group) ANATOLI CHEJOV: canupickmeupinthe the black X
17:31:08 BattlEye Server: (Group) ANATOLI CHEJOV: LETS GOTOTHE GUYUNS STORE BACKNORTH
17:31:12 BattlEye Server: (Group) ANATOLI CHEJOV: sorry caps
17:31:26 BattlEye Server: (Group) ANATOLI CHEJOV: justwake upneedmy coffee
17:32:58 BattlEye Server: (Group) ANATOLI CHEJOV: toobig for the stree
17:33:41 BattlEye Server: (Group) ANATOLI CHEJOV: nice landing
17:37:35 BattlEye Server: (Group) ANATOLI CHEJOV: lets do altispatrol the 3 of us ?
17:37:53 BattlEye Server: (Group) ANATOLI CHEJOV: back inthe salt flats 
17:38:23 BattlEye Server: (Group) ANATOLI CHEJOV: see u there mason 
17:38:27 BattlEye Server: (Group) ANATOLI CHEJOV: ?
17:38:31 BattlEye Server: (Group) ANATOLI CHEJOV: ok
17:38:34 BattlEye Server: (Group) ANATOLI CHEJOV: the altis
17:39:20 BattlEye Server: (Group) ANATOLI CHEJOV: yea
17:47:47 BattlEye Server: (Side) ANATOLI CHEJOV: tank
17:47:51 BattlEye Server: (Side) ANATOLI CHEJOV: active 
17:49:19 BattlEye Server: (Side) ANATOLI CHEJOV: 1.25
17:49:56 BattlEye Server: (Side) ANATOLI CHEJOV: thku
17:51:16 BattlEye Server: (Side) ANATOLI CHEJOV: lol
17:52:00 BattlEye Server: (Group) ANATOLI CHEJOV: rou where u at 
17:52:52 BattlEye Server: (Group) ANATOLI CHEJOV: pls come toblackxin map
17:54:08 BattlEye Server: (Group) ANATOLI CHEJOV: ok
17:54:42 BattlEye Server: (Group) ANATOLI CHEJOV: see u in the hangar illwait for him here
17:54:51 BattlEye Server: (Group) ANATOLI CHEJOV: if u want 
17:54:56 BattlEye Server: (Group) ANATOLI CHEJOV: yea 
17:55:14 BattlEye Server: (Group) ANATOLI CHEJOV: ok
17:56:23 BattlEye Server: (Group) ANATOLI CHEJOV: Jimthereis some money and cratesforyou here
17:58:20 BattlEye Server: (Group) ANATOLI CHEJOV: asamatter of faq masondid it 
17:58:30 BattlEye Server: (Group) ANATOLI CHEJOV: i waslying dead
17:59:00 BattlEye Server: (Group) ANATOLI CHEJOV: jajaja hey we r a team
17:59:30 BattlEye Server: (Group) ANATOLI CHEJOV: dude u should see a ques guy this morning was was after melike hell
18:00:16 BattlEye Server: (Group) ANATOLI CHEJOV: no 
18:00:23 BattlEye Server: (Group) ANATOLI CHEJOV: that is from game
18:01:32 BattlEye Server: (Group) ANATOLI CHEJOV: can be a camo outpost
18:02:21 BattlEye Server: (Group) ANATOLI CHEJOV: have one or two vehiculs with rusty camo 
18:02:26 BattlEye Server: (Group) ANATOLI CHEJOV: abaselocker 
18:02:34 BattlEye Server: (Group) ANATOLI CHEJOV: a little cargopost 
18:02:46 BattlEye Server: (Group) ANATOLI CHEJOV: and can be alittle opcamo out post 
18:02:55 BattlEye Server: (Group) ANATOLI CHEJOV: no one will see this as something 
18:03:43 BattlEye Server: (Group) ANATOLI CHEJOV: we can buildit 
18:03:57 BattlEye Server: (Group) ANATOLI CHEJOV: yes
18:04:47 BattlEye Server: (Group) ANATOLI CHEJOV: love it 
18:05:31 BattlEye Server: (Group) ANATOLI CHEJOV: yes it is }}
18:05:49 BattlEye Server: (Group) ANATOLI CHEJOV: rou mason and me we share bases 
18:05:55 BattlEye Server: (Group) ANATOLI CHEJOV: we buildthem
18:06:19 BattlEye Server: (Group) ANATOLI CHEJOV: so u can always have a a plce here
18:06:47 BattlEye Server: (Group) ANATOLI CHEJOV: u got to tell hemtojoin us atsome point 
18:07:09 BattlEye Server: (Group) ANATOLI CHEJOV: iseethat 
18:08:07 BattlEye Server: (Group) ANATOLI CHEJOV: yes
18:08:12 BattlEye Server: (Group) ANATOLI CHEJOV: oh tjks
18:08:30 BattlEye Server: (Group) ANATOLI CHEJOV: wait what ?
18:08:50 BattlEye Server: (Group) ANATOLI CHEJOV: did not hear u 
18:09:09 BattlEye Server: (Group) ANATOLI CHEJOV: yes
18:09:23 BattlEye Server: (Group) ANATOLI CHEJOV: i canbuildthat 
18:09:32 BattlEye Server: (Group) ANATOLI CHEJOV: yea
18:10:11 BattlEye Server: (Group) ANATOLI CHEJOV: question 
18:10:25 BattlEye Server: (Group) ANATOLI CHEJOV: why did you choose a cargo heli for driving arround 
18:10:33 BattlEye Server: (Group) ANATOLI CHEJOV: that is like a new way to fly 
18:10:44 BattlEye Server: (Group) ANATOLI CHEJOV: jajaja noce
18:10:49 BattlEye Server: (Group) ANATOLI CHEJOV: nice 
18:11:26 BattlEye Server: (Group) ANATOLI CHEJOV: yes it does
18:11:32 BattlEye Server: (Group) ANATOLI CHEJOV: that shit carry allot 
18:11:42 BattlEye Server: (Group) ANATOLI CHEJOV: and can sling a heavytank
18:12:32 BattlEye Server: (Group) ANATOLI CHEJOV: love this rail AK
18:12:45 BattlEye Server: (Group) ANATOLI CHEJOV: lool
18:12:50 BattlEye Server: (Group) ANATOLI CHEJOV: jajaja 
18:12:54 BattlEye Server: (Group) ANATOLI CHEJOV: ok
18:13:30 BattlEye Server: (Group) ANATOLI CHEJOV: is rayining money 
18:13:40 BattlEye Server: (Group) ANATOLI CHEJOV: no no
18:13:44 BattlEye Server: (Group) ANATOLI CHEJOV: im good 
18:14:07 BattlEye Server: (Group) ANATOLI CHEJOV: there is one in paros
18:14:40 BattlEye Server: (Group) ANATOLI CHEJOV: seethe city  toyour left 
18:15:00 BattlEye Server: (Group) ANATOLI CHEJOV: right i mean
18:15:00 Isaac uses modified data file
18:15:00 BattlEye Server: Player #3 Isaac (14.201.123.229:2309) connected
18:15:00 Player Isaac connecting.
18:15:03 BattlEye Server: Player #3 Isaac - BE GUID: 0eedee1f512207f60f338aa74f211d5f
18:15:04 Player Isaac connected (id=76561198096351731).
18:15:04 BattlEye Server: Verified GUID (0eedee1f512207f60f338aa74f211d5f) of player #3 Isaac
18:17:13 BattlEye Server: (Group) ANATOLI CHEJOV: be carefullwith thet issac
18:18:41 BattlEye Server: (Group) ANATOLI CHEJOV: we have an indie in game 
18:18:45 BattlEye Server: (Group) ANATOLI CHEJOV: GUYS 
18:19:38 BattlEye Server: (Group) ANATOLI CHEJOV: hostilehelis 
18:19:50 BattlEye Server: (Group) ANATOLI CHEJOV: HOSTILESHELIS
18:20:06 BattlEye Server: (Group) ANATOLI CHEJOV: RUN FORREST 
18:26:01 BattlEye Server: (Group) ANATOLI CHEJOV: LOL}
18:26:28 BattlEye Server: (Group) ANATOLI CHEJOV: ineed tomake coffe is tofucking cold here
18:26:59 BattlEye Server: (Group) ANATOLI CHEJOV: dudeimtelling you this costa rica waether canbe apin inthe butt{
18:27:53 BattlEye Server: (Group) ANATOLI CHEJOV: 16F 
18:28:01 BattlEye Server: (Group) ANATOLI CHEJOV: 16  f
18:28:08 Wesley uses modified data file
18:28:08 BattlEye Server: Player #4 Wesley (73.147.246.148:2304) connected
18:28:09 Player Wesley connecting.
18:28:11 BattlEye Server: Player #4 Wesley - BE GUID: de4f2328a2e2a69638a0e6a428c9f21d
18:28:11 Player Wesley connected (id=76561198307945371).
18:28:11 BattlEye Server: Verified GUID (de4f2328a2e2a69638a0e6a428c9f21d) of player #4 Wesley
18:28:35 BattlEye Server: (Group) ANATOLI CHEJOV: shit sorry 
18:28:38 BattlEye Server: (Group) ANATOLI CHEJOV: 16 C 
18:28:41 Player Wesley disconnected.
18:28:41 BattlEye Server: Player #4 Wesley disconnected
18:30:46 Wesley uses modified data file
18:30:47 BattlEye Server: Player #4 Wesley (73.147.246.148:2304) connected
18:30:47 Player Wesley connecting.
18:30:49 BattlEye Server: Player #4 Wesley - BE GUID: de4f2328a2e2a69638a0e6a428c9f21d
18:30:49 Player Wesley connected (id=76561198307945371).
18:30:49 BattlEye Server: Verified GUID (de4f2328a2e2a69638a0e6a428c9f21d) of player #4 Wesley
18:31:52 Player Wesley disconnected.
18:31:52 BattlEye Server: Player #4 Wesley disconnected
18:32:23 BattlEye Server: (Group) ANATOLI CHEJOV: mason
18:32:41 BattlEye Server: (Group) ANATOLI CHEJOV: that guy wesley that try to get in
18:32:53 BattlEye Server: (Group) ANATOLI CHEJOV: he was out kick 
18:33:04 BattlEye Server: (Group) ANATOLI CHEJOV: problably he is the lethal guy 
18:34:45 BattlEye Server: (Group) ANATOLI CHEJOV: imgoing to put some water toboiuld 
18:34:58 BattlEye Server: (Group) ANATOLI CHEJOV: for the coffe
18:38:31 BattlEye Server: (Group) ANATOLI CHEJOV: BACK 
18:39:07 BattlEye Server: (Group) ANATOLI CHEJOV: im searching forout dfriend 
18:41:13 BattlEye Server: (Group) ANATOLI CHEJOV: yea
18:41:18 BattlEye Server: (Group) ANATOLI CHEJOV: true
18:42:42 Мотиус uses modified data file
18:42:42 BattlEye Server: Player #4 Мотиус (217.107.124.126:22689) connected
18:42:42 Player Мотиус connecting.
18:42:44 BattlEye Server: Player #4 Мотиус - BE GUID: 2954e377faa5e32fd2e4b41a09df7684
18:42:45 Player Мотиус connected (id=76561198170950578).
18:42:45 BattlEye Server: Verified GUID (2954e377faa5e32fd2e4b41a09df7684) of player #4 Мотиус
18:43:05 Akov uses modified data file
18:43:05 BattlEye Server: Player #5 Akov (5.100.74.198:2304) connected
18:43:05 Player Akov connecting.
18:43:08 BattlEye Server: Player #5 Akov - BE GUID: 99cc84a8ff4b4f16ac89e1fb8cbe0431
18:43:09 Player Akov connected (id=76561198097571481).
18:43:09 BattlEye Server: Verified GUID (99cc84a8ff4b4f16ac89e1fb8cbe0431) of player #5 Akov
18:43:34 Ser Eblan uses modified data file
18:43:34 BattlEye Server: Player #6 Ser Eblan (95.26.81.136:2304) connected
18:43:34 Player Ser Eblan connecting.
18:43:37 BattlEye Server: Player #6 Ser Eblan - BE GUID: 244b637f4295715693785e75e605bc1e
18:43:37 Player Ser Eblan connected (id=76561198140085058).
18:43:37 BattlEye Server: Verified GUID (244b637f4295715693785e75e605bc1e) of player #6 Ser Eblan
18:43:45 Player Ser Eblan disconnected.
18:43:45 BattlEye Server: Player #6 Ser Eblan disconnected
18:44:31 BattlEye Server: (Group) ANATOLI CHEJOV: island 
18:44:43 BattlEye Server: (Group) ANATOLI CHEJOV: mybig base
18:45:31 BattlEye Server: (Group) ANATOLI CHEJOV: we have in game a indie and a bluefort
18:45:50 BattlEye Server: (Group) ANATOLI CHEJOV: two blue forts
18:46:23 BattlEye Server: (Group) ANATOLI CHEJOV: hold it 
18:46:36 BattlEye Server: (Group) ANATOLI CHEJOV: stay inside hangar
18:46:47 BattlEye Server: (Group) ANATOLI CHEJOV: be my eyer in satcompls
18:46:50 BattlEye Server: (Group) ANATOLI CHEJOV: perfect 
18:46:59 Ser Eblan uses modified data file
18:46:59 BattlEye Server: Player #6 Ser Eblan (95.26.81.136:2304) connected
18:46:59 Player Ser Eblan connecting.
18:47:01 BattlEye Server: Player #6 Ser Eblan - BE GUID: 244b637f4295715693785e75e605bc1e
18:47:02 Player Ser Eblan connected (id=76561198140085058).
18:47:02 BattlEye Server: Verified GUID (244b637f4295715693785e75e605bc1e) of player #6 Ser Eblan
18:47:24 BattlEye Server: (Group) ANATOLI CHEJOV: base in myisland
18:49:28 BattlEye Server: (Group) ANATOLI CHEJOV: ingie just cploplete amission
18:49:50 BattlEye Server: (Group) ANATOLI CHEJOV: empty xmark
18:50:47 BattlEye Server: (Group) ANATOLI CHEJOV: i cant shoot thereto far 
18:51:44 BattlEye Server: (Group) ANATOLI CHEJOV: jim chat steamaccet 
18:55:22 Elgringo_73 uses modified data file
18:55:22 BattlEye Server: Player #7 Elgringo_73 (77.150.217.80:2304) connected
18:55:22 Player Elgringo_73 connecting.
18:55:24 BattlEye Server: Player #7 Elgringo_73 - BE GUID: cf3df6b684f9201b02d8fee27ad4c3ff
18:55:41 Player Elgringo_73 connected (id=76561198070393410).
18:55:41 BattlEye Server: Verified GUID (cf3df6b684f9201b02d8fee27ad4c3ff) of player #7 Elgringo_73
18:57:17 BattlEye Server: (Group) ANATOLI CHEJOV: 4 blue forts 
18:57:25 BattlEye Server: (Group) ANATOLI CHEJOV: 1 indie
18:57:46 BattlEye Server: (Group) ANATOLI CHEJOV: mason callin steam
19:02:02 BattlEye Server: (Global) Isaac: The US trucks are fucking terrible going up even slight hills xD I don't know how they're in military service if that's the case in real life lol, 
19:02:08 BattlEye Server: (Global) Isaac: that'd be so dangerous in war haha
19:02:18 BattlEye Server: (Global) Isaac: Because ambushes and all that lol
19:05:43 BattlEye Server: (Group) ANATOLI CHEJOV: accept inv top steamgrupcall
19:06:13 BattlEye Server: (Group) ANATOLI CHEJOV: just send u one
19:15:29 BattlEye Server: (Group) Mason: TANK AT FLATS VS
19:16:37 BattlEye Server: (Group) ANATOLI CHEJOV: 230sec
19:16:42 BattlEye Server: (Group) ANATOLI CHEJOV: 30 sec
19:19:43 BattlEye Server: (Group) ANATOLI CHEJOV: nope
19:24:48 BattlEye Server: (Side) Мотиус: u from?
19:25:04 BattlEye Server: (Group) ANATOLI CHEJOV: talk tome guys
19:25:08 BattlEye Server: (Group) ANATOLI CHEJOV: wherethey at 
19:25:16 BattlEye Server: (Group) Mason: its quiet
19:25:39 BattlEye Server: (Group) Mason: all teh AI on the missions are quiet
19:25:39 BattlEye Server: (Side) Elgringo_73: french but speak english
19:26:00 BattlEye Server: (Group) ANATOLI CHEJOV: mason check the generalstores
19:26:18 BattlEye Server: (Group) Mason: rgr
19:27:08 BattlEye Server: (Group) ANATOLI CHEJOV: jim stay with armedheli and suply truck 
19:27:20 BattlEye Server: (Group) ANATOLI CHEJOV: jsut those two tellmeif you seemovement 
19:29:09 BattlEye Server: (Group) ANATOLI CHEJOV: i cant shoottheretofar 
19:29:48 BattlEye Server: (Group) Mason: got him at the castle, single
19:30:16 BattlEye Server: (Group) Mason: on foot heading south from castle
19:30:39 BattlEye Server: (Group) ANATOLI CHEJOV: yes
19:30:48 BattlEye Server: (Group) Mason: u have him?
19:31:05 BattlEye Server: (Group) ANATOLI CHEJOV: to far 
19:31:39 BattlEye Server: (Group) ANATOLI CHEJOV: checkmao that ismylimy'it 
19:34:12 Sam uses modified data file
19:34:12 BattlEye Server: Player #8 Sam (24.18.102.44:2309) connected
19:34:12 Player Sam connecting.
19:34:26 Player Sam disconnected.
19:34:26 BattlEye Server: Player #8 Sam disconnected
19:34:41 Sam uses modified data file
19:34:41 BattlEye Server: Player #8 Sam (24.18.102.44:2309) connected
19:34:41 Player Sam connecting.
19:34:43 BattlEye Server: Player #8 Sam - BE GUID: 168c295a4ead6a41637c385efd149429
19:35:16 Player Sam connected (id=76561198010317844).
19:35:16 BattlEye Server: Verified GUID (168c295a4ead6a41637c385efd149429) of player #8 Sam
19:36:33 BattlEye Server: (Group) ANATOLI CHEJOV: who
19:36:48 BattlEye Server: (Group) Mason: ???
19:37:30 BattlEye Server: (Group) ANATOLI CHEJOV: where jim 
19:38:09 tito uses modified data file
19:38:09 BattlEye Server: Player #9 tito (98.186.173.173:2304) connected
19:38:09 Player tito connecting.
19:38:11 Player tito disconnected.
19:38:11 BattlEye Server: Player #9 tito disconnected
19:38:33 BattlEye Server: (Group) ANATOLI CHEJOV: too far
19:38:53 BattlEye Server: (Group) Mason: nice find!
19:39:16 tito uses modified data file
19:39:16 BattlEye Server: Player #9 tito (98.186.173.173:2309) connected
19:39:16 Player tito connecting.
19:39:18 BattlEye Server: Player #9 tito - BE GUID: 0f6970151df9ac524ef18dcb193093a4
19:39:19 Player tito connected (id=76561198395940427).
19:39:19 BattlEye Server: Verified GUID (0f6970151df9ac524ef18dcb193093a4) of player #9 tito
19:39:53 BattlEye Server: (Group) Mason: heli inbound to the guy u marked
19:40:00 BattlEye Server: (Group) Mason: quad drop
19:40:35 BattlEye Server: (Group) Mason: lol, right in the trees
19:40:42 BattlEye Server: (Group) ANATOLI CHEJOV: i see that 
19:40:44 BattlEye Server: (Group) ANATOLI CHEJOV: lol
19:41:13 BattlEye Server: (Group) ANATOLI CHEJOV: r u guys check themissions 
19:42:15 BattlEye Server: (Group) ANATOLI CHEJOV: jimput yoourselfinside abuidinmg }
19:42:20 BattlEye Server: (Group) ANATOLI CHEJOV: neverstay outside
19:42:46 BattlEye Server: (Group) ANATOLI CHEJOV: thanku
19:42:49 BattlEye Server: (Group) Mason: they lookl quiet, checking stores
19:43:00 BattlEye Server: (Group) ANATOLI CHEJOV: toooooooooooooooooo quiet 
19:43:09 BattlEye Server: (Group) ANATOLI CHEJOV: they aredefenetelulooking forus
19:43:35 BattlEye Server: (Group) Mason: that or building bases
19:43:45 BattlEye Server: (Group) ANATOLI CHEJOV: mmmmmm
19:43:51 BattlEye Server: (Group) ANATOLI CHEJOV: true 
19:44:09 BattlEye Server: (Group) ANATOLI CHEJOV: mason u r agenious check military areas
19:44:15 Player tito disconnected.
19:44:15 BattlEye Server: Player #9 tito disconnected
19:44:33 BattlEye Server: (Group) ANATOLI CHEJOV: maybe they are scavaging 
19:44:41 BattlEye Server: (Group) Mason: k
19:45:05 BattlEye Server: (Group) ANATOLI CHEJOV: yes
19:45:30 BattlEye Server: (Group) ANATOLI CHEJOV: collecting gear 
19:49:16 BattlEye Server: (Group) ANATOLI CHEJOV: where the fuckare these people
19:49:29 BattlEye Server: (Group) Mason: ikr
19:49:47 BattlEye Server: (Group) Mason: check the odd places. caves, etc
19:49:59 BattlEye Server: (Group) ANATOLI CHEJOV: true
19:50:09 BattlEye Server: (Group) ANATOLI CHEJOV: caves kavala 
19:50:15 BattlEye Server: (Group) ANATOLI CHEJOV: middleisland 
19:50:20 BattlEye Server: (Group) ANATOLI CHEJOV: checkthose
19:50:26 BattlEye Server: (Group) Mason: k
19:54:02 BattlEye Server: (Group) ANATOLI CHEJOV: HOW THE FUCKTHESE PEOPLEVANISHFROMTHE EARTH 
19:54:09 BattlEye Server: (Group) ANATOLI CHEJOV: THIS IS SOFRUSTRATING 
19:55:27 BattlEye Server: (Group) ANATOLI CHEJOV: HOW   that guy got injured 
19:55:57 BattlEye Server: (Group) ANATOLI CHEJOV: mason checkyour bases 
19:56:15 BattlEye Server: (Group) ANATOLI CHEJOV: wedo
19:56:30 BattlEye Server: (Group) Mason: yep
19:56:40 BattlEye Server: (Group) Mason: all quiet there too
19:56:45 BattlEye Server: (Group) Mason: thankfully
19:56:48 BattlEye Server: (Group) ANATOLI CHEJOV: ok 
19:56:52 BattlEye Server: (Group) ANATOLI CHEJOV: thank god}
19:57:10 BattlEye Server: (Group) Mason: right
19:57:19 BattlEye Server: (Group) ANATOLI CHEJOV: wehere 
19:57:23 BattlEye Server: (Group) ANATOLI CHEJOV: where{
19:57:37 BattlEye Server: (Group) ANATOLI CHEJOV: where they are building a base
19:57:48 BattlEye Server: (Group) ANATOLI CHEJOV: jim talk tomequick
19:57:53 BattlEye Server: (Group) Mason: i dont see anyone at stores, so doesn't seem thy ' re building, lest not with new
19:58:15 BattlEye Server: (Group) Mason: isaac is on his own and on foot so no bigge
19:59:23 BattlEye Server: (Group) Mason: i thought maybe blue captured the flats as bait
19:59:35 BattlEye Server: (Group) Mason: but dont see anyone waiting near there
20:00:21 BattlEye Server: (Group) Mason: where was that new place we found tonight
20:00:27 BattlEye Server: (Group) Mason: by the flats
20:01:42 BattlEye Server: (Group) ANATOLI CHEJOV: stay
20:02:37 BattlEye Server: (Group) ANATOLI CHEJOV: markdontsayimark it 
20:02:56 BattlEye Server: (Group) Mason: missed
20:02:58 Player Sam disconnected.
20:02:58 BattlEye Server: Player #8 Sam disconnected
20:03:03 BattlEye Server: (Group) Mason: 4 on foot
20:03:12 BattlEye Server: (Group) Mason: n car
20:03:38 BattlEye Server: (Group) ANATOLI CHEJOV: where
20:03:41 BattlEye Server: (Group) ANATOLI CHEJOV: mark 
20:03:44 BattlEye Server: (Group) Mason: again
20:04:00 BattlEye Server: (Group) Mason: on atm
20:04:23 BattlEye Server: (Side) Elgringo_73: thx cnc
20:07:10 BattlEye Server: (Group) Mason: u cu them?
20:07:34 BattlEye Server: (Group) ANATOLI CHEJOV: wherehjim
20:08:00 BattlEye Server: (Group) Mason: pyrgos
20:08:38 BattlEye Server: (Group) Mason: thy are n the gs at pyrogs
20:08:41 BattlEye Server: (Group) Mason: inside now
20:08:50 BattlEye Server: (Group) Mason: hit it
20:09:25 BattlEye Server: (Group) Mason: missed by two blocks
20:10:08 BattlEye Server: (Group) Mason: on tsrget
20:11:02 BattlEye Server: (Group) Mason: landing around but not on
20:12:21 BattlEye Server: (Group) Mason: that was right on top of the gs, 
20:12:29 BattlEye Server: (Group) Mason: did anyone c them leave?
20:13:29 BattlEye Server: (Group) Mason: circle on map shows red, so i think they are still there
20:14:01 BattlEye Server: (Group) Mason: yep there in there
20:14:08 BattlEye Server: (Group) Mason: one running
20:14:36 BattlEye Server: (Group) Mason: 1 two blocks east running
20:15:33 BattlEye Server: (Group) ANATOLI CHEJOV: WHERE
20:15:38 BattlEye Server: (Group) ANATOLI CHEJOV: MARK}
20:16:03 BattlEye Server: (Group) Mason: on map
20:16:20 BattlEye Server: (Group) Mason: move east oe block
20:16:28 BattlEye Server: (Group) Mason: to te right  of mark
20:17:16 BattlEye Server: (Group) Mason: marks on map
20:17:22 BattlEye Server: (Group) Mason: they are in open
20:23:20 BattlEye Server: (Group) ANATOLI CHEJOV: GG GUYS THATS ISTEAMPLAY 
20:23:24 BattlEye Server: (Group) ANATOLI CHEJOV: SOPROUD IOFYOU 
20:24:04 BattlEye Server: (Group) Mason: i hear a chopper near my base
20:24:08 BattlEye Server: (Group) ANATOLI CHEJOV: HEAR HELITHERE
20:25:34 BattlEye Server: (Group) Mason: tempted to get over there for the booty
20:25:45 BattlEye Server: (Group) ANATOLI CHEJOV: NO
20:25:58 BattlEye Server: (Group) ANATOLI CHEJOV: dont doit 
20:26:02 BattlEye Server: (Group) Mason: yep, holding put
20:27:21 BattlEye Server: (Group) Mason: ok, thats them right
20:31:13 BattlEye Server: (Group) ANATOLI CHEJOV: checkthe airtport 
20:31:26 BattlEye Server: (Group) ANATOLI CHEJOV: someone is doing military patrol
20:31:42 BattlEye Server: (Group) ANATOLI CHEJOV: nosorry mybad
20:31:49 BattlEye Server: (Group) ANATOLI CHEJOV: stay in bodies
20:32:32 BattlEye Server: (Group) ANATOLI CHEJOV: gun store 
20:32:37 BattlEye