16:45:51 BattlEye Server: Initialized (v1.217)
16:45:51 Host identity created.
16:45:51 Game Port: 2307, Steam Query Port: 2308
16:45:51 Mission A3Wasteland Altis v1.4c read from bank.
16:45:52 Roles assigned.
16:45:52 Reading mission ...
16:46:23 Mission read.
16:46:23 Game started.
16:47:14 SgtMajPrivate uses modified data file
16:47:14 BattlEye Server: Player #0 SgtMajPrivate (73.93.167.13:2309) connected
16:47:14 Player SgtMajPrivate connecting.
16:47:14 BattlEye Server: Connected to BE Master
16:47:16 BattlEye Server: Player #0 SgtMajPrivate - BE GUID: 4c2b9d687447cbad1213b89cfae82f46
16:47:16 Player SgtMajPrivate connected (id=76561198164565751).
16:47:16 BattlEye Server: Verified GUID (4c2b9d687447cbad1213b89cfae82f46) of player #0 SgtMajPrivate
16:48:32 SniperGhost uses modified data file
16:48:32 BattlEye Server: Player #1 SniperGhost (185.99.139.194:2309) connected
16:48:32 Player SniperGhost connecting.
16:48:34 BattlEye Server: Player #1 SniperGhost - BE GUID: 62d99dddc2c3aa412072290a76f03166
16:48:35 Player SniperGhost connected (id=76561198054081049).
16:48:35 BattlEye Server: Verified GUID (62d99dddc2c3aa412072290a76f03166) of player #1 SniperGhost
16:48:37 High Alert Highlander  uses modified data file
16:48:37 BattlEye Server: Player #2 High Alert Highlander  (190.171.107.63:62725) connected
16:48:37 Player High Alert Highlander  connecting.
16:48:40 BattlEye Server: Player #2 High Alert Highlander  - BE GUID: a01f35e030c4464ff5b5e9c18ddf0195
16:48:43 Player High Alert Highlander  connected (id=76561198065774594).
16:48:43 BattlEye Server: Verified GUID (a01f35e030c4464ff5b5e9c18ddf0195) of player #2 High Alert Highlander 
16:50:49 BattlEye Server: (Global) High Alert Highlander : what is themessaje of reduse damage 
16:58:31 Admin logged in, player: High Alert Highlander , playerUID: 76561198065774594, IP: 192.168.0.10:2309.
17:02:21 BattlEye Server: (Group) High Alert Highlander : mark in the map
17:02:40 BattlEye Server: (Group) High Alert Highlander : vorona 
17:02:48 BattlEye Server: (Group) High Alert Highlander : dont locks 
17:02:52 BattlEye Server: (Group) High Alert Highlander : but is guided
17:03:39 BattlEye Server: (Group) High Alert Highlander : that shoulodhelpu 
17:04:16 BattlEye Server: (Group) High Alert Highlander : i send u 1million 
17:05:38 Admin logged out, player: High Alert Highlander , playerUID: 76561198065774594, IP: 192.168.0.10:2309.
17:17:44 BattlEye Server: (Group) High Alert Highlander : dude 
17:17:50 BattlEye Server: (Global) High Alert Highlander : sarg 
17:17:55 BattlEye Server: (Global) High Alert Highlander : thereissomething 
17:18:04 BattlEye Server: (Global) High Alert Highlander : with themission ofthemilitary 
17:18:13 BattlEye Server: (Global) High Alert Highlander : is spaning without 
17:18:20 BattlEye Server: (Global) High Alert Highlander : /inf
17:18:48 BattlEye Server: (Global) High Alert Highlander : is spawning just the tanksemptys 
17:19:36 BattlEye Server: (Group) SniperGhost: hey
17:19:48 BattlEye Server: (Global) High Alert Highlander : here in the salt flats 
17:21:06 BattlEye Server: (Global) High Alert Highlander : make it real
17:21:34 BattlEye Server: (Global) High Alert Highlander : what do i do withthese tanks do i delete them
17:22:49 BattlEye Server: (Global) High Alert Highlander : ipicku up
17:23:02 BattlEye Server: (Global) High Alert Highlander : vs salt flats
17:23:22 BattlEye Server: (Global) High Alert Highlander : more
17:23:27 BattlEye Server: (Global) High Alert Highlander : allot more
17:30:24 Admin logged in, player: High Alert Highlander , playerUID: 76561198065774594, IP: 192.168.0.10:2309.
17:31:05 BattlEye Server: (Global) High Alert Highlander : im looking for a vehicul for u
17:31:31 Admin logged out, player: High Alert Highlander , playerUID: 76561198065774594, IP: 192.168.0.10:2309.
17:33:00 BattlEye Server: (Global) High Alert Highlander : lol
17:35:06 BattlEye Server: (Global) High Alert Highlander : so what i do with thses tanks_
17:38:06 BattlEye Server: (Global) High Alert Highlander : thanku highlander for letting meu r always into ofeverything 
17:38:10 BattlEye Server: (Global) High Alert Highlander : u rwelcome
17:38:44 BattlEye Server: (Global) High Alert Highlander : i can helpu with that 
17:41:13 BattlEye Server: (Global) High Alert Highlander : do u want this tank 
17:41:43 BattlEye Server: (Global) High Alert Highlander : here it is 
17:41:54 BattlEye Server: (Global) High Alert Highlander : awwww
17:42:54 BattlEye Server: (Global) High Alert Highlander : i  canhelpu with sql and c++
17:43:08 BattlEye Server: (Global) High Alert Highlander : not me
17:43:25 BattlEye Server: (Global) High Alert Highlander : thereis something wrong withthemissions 
17:44:04 BattlEye Server: (Global) High Alert Highlander : armed heli
17:44:20 BattlEye Server: (Global) High Alert Highlander : lol
17:44:44 BattlEye Server: (Global) High Alert Highlander : i send u 1 million brp
17:45:02 BattlEye Server: (Global) High Alert Highlander : check your banaccount 
17:45:32 BattlEye Server: (Global) High Alert Highlander : i leave u the tank here in the VS of salt flats 
17:46:30 BattlEye Server: (Global) High Alert Highlander : sarg i canhelpu wth c++ and SQL
17:47:21 BattlEye Server: (Global) High Alert Highlander : YERS
17:47:27 BattlEye Server: (Global) High Alert Highlander : heis  coming 
17:47:39 BattlEye Server: (Global) High Alert Highlander : yes
17:49:00 BattlEye Server: (Global) High Alert Highlander : yes he did 
17:52:48 BattlEye Server: (Global) High Alert Highlander : PLS
17:58:11 BattlEye Server: (Global) High Alert Highlander : THAT game that u tollme 
17:58:52 BattlEye Server: (Global) High Alert Highlander : /set
17:58:57 BattlEye Server: (Global) High Alert Highlander : setember
18:01:30 BattlEye Server: (Global) High Alert Highlander : sorry
18:01:45 BattlEye Server: (Global) High Alert Highlander : that he is ina betterplace
18:02:38 BattlEye Server: (Global) High Alert Highlander : i reach my2kai kills
18:02:49 BattlEye Server: (Global) High Alert Highlander : who shootme
18:03:27 BattlEye Server: (Global) High Alert Highlander : they r completing them selfs
18:03:35 BattlEye Server: (Global) High Alert Highlander : jajajaja
18:04:46 BattlEye Server: (Global) High Alert Highlander : oh u diehere
18:05:58 BattlEye Server: (Global) High Alert Highlander : buajajajaja
18:09:57 BattlEye Server: (Global) High Alert Highlander : i did not teleport i went blue to revive him
18:10:15 BattlEye Server: (Global) High Alert Highlander : what 
18:10:19 BattlEye Server: (Global) High Alert Highlander : really 
18:10:38 BattlEye Server: (Global) High Alert Highlander : did not know that 
18:11:39 BattlEye Server: (Global) High Alert Highlander : sendu inv
18:14:43 BattlEye Server: (Global) High Alert Highlander : yes
18:16:07 BattlEye Server: (Global) High Alert Highlander : u won me 600k 
18:16:13 BattlEye Server: (Global) High Alert Highlander : u ownme 600k
18:16:54 BattlEye Server: (Global) High Alert Highlander : f u \
18:17:04 BattlEye Server: (Global) High Alert Highlander : buajajajajaja
18:17:07 BattlEye Server: (Global) High Alert Highlander : karma
18:18:47 BattlEye Server: (Global) High Alert Highlander : i dont have it
18:19:02 Admin logged in, player: High Alert Highlander , playerUID: 76561198065774594, IP: 192.168.0.10:2309.
18:19:29 Admin logged out, player: High Alert Highlander , playerUID: 76561198065774594, IP: 192.168.0.10:2309.
18:20:09 BattlEye Server: (Global) High Alert Highlander : hellno
18:20:20 BattlEye Server: (Global) High Alert Highlander : well i did
18:20:44 BattlEye Server: (Global) High Alert Highlander : as long with 10 rockets  two launchers 
18:20:49 BattlEye Server: (Global) High Alert Highlander : and aheli of 400k
18:20:57 BattlEye Server: (Global) High Alert Highlander : lol
18:21:06 Player SniperGhost disconnected.
18:21:06 BattlEye Server: Player #1 SniperGhost disconnected
18:21:21 Admin logged in, player: High Alert Highlander , playerUID: 76561198065774594, IP: 192.168.0.10:2309.
18:21:42 BattlEye Server: (Global) High Alert Highlander : hope 
18:21:47 BattlEye Server: (Global) High Alert