 9:01:38 BattlEye Server: Initialized (v1.217)
 9:01:38 Host identity created.
 9:01:38 Game Port: 2307, Steam Query Port: 2308
 9:01:38 Mission A3Wasteland Altis v1.4c read from bank.
 9:01:39 Roles assigned.
 9:01:39 Reading mission ...
 9:02:13 Mission read.
 9:02:13 High Alert Highlander  uses modified data file
 9:02:13 BattlEye Server: Player #0 High Alert Highlander  (190.171.107.63:62725) connected
 9:02:13 Player High Alert Highlander  connecting.
 9:02:13 Game started.
 9:02:13 John uses modified data file
 9:02:13 BattlEye Server: Player #1 John (104.156.122.125:2309) connected
 9:02:14 Player John connecting.
 9:02:14 BattlEye Server: Connected to BE Master
 9:02:15 BattlEye Server: Player #0 High Alert Highlander  - BE GUID: a01f35e030c4464ff5b5e9c18ddf0195
 9:02:16 BattlEye Server: Player #1 John - BE GUID: 1afe651eaee61439fe0d8dcbb1d1d124
 9:02:16 Player John connected (id=76561198038821136).
 9:02:16 BattlEye Server: Verified GUID (1afe651eaee61439fe0d8dcbb1d1d124) of player #1 John
 9:02:33 Player High Alert Highlander  connected (id=76561198065774594).
 9:02:33 BattlEye Server: Verified GUID (a01f35e030c4464ff5b5e9c18ddf0195) of player #0 High Alert Highlander 
 9:03:16 Admin logged in, player: High Alert Highlander , playerUID: 76561198065774594, IP: 192.168.0.10:2309.
 9:04:41 Gopnik Cyka uses modified data file
 9:04:41 BattlEye Server: Player #2 Gopnik Cyka (190.219.125.9:2309) connected
 9:04:41 Player Gopnik Cyka connecting.
 9:04:45 BattlEye Server: Player #2 Gopnik Cyka - BE GUID: e98736657d7c43344812818c10d01708
 9:04:48 Player Gopnik Cyka connected (id=76561198390780858).
 9:04:48 BattlEye Server: Verified GUID (e98736657d7c43344812818c10d01708) of player #2 Gopnik Cyka
 9:06:19 BattlEye Server: (Global) High Alert Highlander : welcome tothe server john 
 9:07:14 BattlEye Server: (Global) John: yeah im walking 4 clicks bc no vehicles at spawn lol
 9:07:37 BattlEye Server: (Global) High Alert Highlander : there is only 30 vehiculs spawn in the map 
 9:08:11 BattlEye Server: (Global) High Alert Highlander : they have to be buy that is the reason way u spwan with a complete gear depends on your calss 
 9:08:21 BattlEye Server: (Global) High Alert Highlander : so you canstart doing missions or pvp 
 9:11:20 BattlEye Server: (Global) John: think i might just respawn till im close to one of the missions
 9:14:39 BattlEye Server: (Side) High Alert Highlander : wtf
 9:16:32 BattlEye Server: (Side) High Alert Highlander : the heli is glich 
 9:17:25 BattlEye Server: (Side) High Alert Highlander : no
 9:17:31 BattlEye Server: (Side) High Alert Highlander : thisisthe admins base
 9:19:27 BattlEye Server: (Side) High Alert Highlander : ammo 
 9:20:00 BattlEye Server: (Side) High Alert Highlander : we have an idie close to vs 
 9:24:47 BattlEye Server: (Side) High Alert Highlander : need anything from the general store ?
 9:25:00 BattlEye Server: (Side) High Alert Highlander : ok
 9:28:58 BattlEye Server: (Side) High Alert Highlander : bring at 
 9:31:07 BattlEye Server: (Global) High Alert Highlander : AI is in advance mode be carefull not easy for just 1 person 
 9:31:38 BattlEye Server: (Global) John: yeah i crashed my heli nothing to do with ai lol
 9:37:33 BattlEye Server: (Global) High Alert Highlander : thks
 9:37:38 BattlEye Server: (Group) High Alert Highlander : thks
 9:40:30 BattlEye Server: (Group) High Alert Highlander : down
 9:41:32 BattlEye Server: (Group) High Alert Highlander : colse distance 
 9:43:04 BattlEye Server: (Group) High Alert Highlander : can u reapir that 
 9:47:45 BattlEye Server: (Group) High Alert Highlander : be ready }
 9:50:35 BattlEye Server: (Group) High Alert Highlander : we have good at here
 9:50:59 BattlEye Server: (Group) High Alert Highlander : and this
 9:51:33 BattlEye Server: (Group) High Alert Highlander : can u repair this
 9:53:27 BattlEye Server: (Group) High Alert Highlander : ok dont tell anyone about this i normally dont doit 
 9:56:34 BattlEye Server: (Side) High Alert Highlander : u can see you cant shoot
 9:58:37 BattlEye Server: (Side) High Alert Highlander : yes
 9:59:15 BattlEye Server: Failed to receive from BE Master (10054)
 9:59:15 BattlEye Server: Disconnected from BE Master
10:01:10 BattlEye Server: Connected to BE Master
10:01:26 BattlEye Server: (Side) High Alert Highlander : yes
10:01:38 BattlEye Server: (Side) High Alert Highlander : dam
10:01:45 BattlEye Server: (Side) High Alert Highlander : higher
10:02:32 BattlEye Server: (Side) High Alert Highlander : to the right 
10:06:14 BattlEye Server: (Side) High Alert Highlander : gg
10:07:36 BattlEye Server: (Side) High Alert Highlander : at guns
10:09:15 BattlEye Server: (Side) High Alert Highlander : altis patrol
10:12:01 BattlEye Server: (Side) High Alert Highlander : mine
10:12:22 BattlEye Server: (Side) High Alert Highlander : T
10:12:39 BattlEye Server: (Side) High Alert Highlander : pcl locks at 500 mts 
10:15:19 BattlEye Server: (Side) High Alert Highlander : yes
10:15:46 BattlEye Server: (Side) High Alert Highlander : down
10:16:35 BattlEye Server: (Side) High Alert Highlander : the wheels are dowm 
10:16:41 BattlEye Server: (Side) High Alert Highlander : nope 
10:23:44 BattlEye Server: (Side) High Alert Highlander : salvage that 
10:34:52 BattlEye Server: (Side) High Alert Highlander : dude i can 
10:34:58 BattlEye Server: (Side) High Alert Highlander : cant 
10:35:04 BattlEye Server: (Side) High Alert Highlander : he isin to 
10:38:53 BattlEye Server: (Side) High Alert Highlander : can u see my gun 
10:39:10 BattlEye Server: (Side) High Alert Highlander : pickthatuppls 
10:39:50 BattlEye Server: (Side) High Alert Highlander : your luancher
10:44:19 BattlEye Server: (Side) High Alert Highlander : the tankis moving 
10:46:26 BattlEye Server: (Side) High Alert Highlander : nope
10:49:13 BattlEye Server: (Side) High Alert Highlander : get out the gun pls
10:52:14 BattlEye Server: (Side) High Alert Highlander : lol
10:55:31 Player John disconnected.
10:55:31 BattlEye Server: Player #1 John disconnected
11:08:20 BattlEye Server: (Side) High Alert Highlander : your share 
11:15:10 BattlEye Server: (Side) High Alert Highlander : afk forabit 
11:36:02 BattlEye Server: (Side) High Alert Highlander : im almost back justa aminute 
11:40:22 BattlEye Server: (Side) High Alert Highlander : ammo 
11:41:02 BattlEye Server: (Side) High Alert Highlander : is asniper riple 
11:41:10 BattlEye Server: (Side) High Alert Highlander : all sniperare the same
11:41:39 BattlEye Server: (Side) High Alert Highlander : maybe a ,arkmen riple better for you 
11:43:12 BattlEye Server: (Side) High Alert Highlander : mk 11 is really good 
11:43:18 BattlEye Server: (Side) High Alert Highlander : i recoment that 
11:44:39 BattlEye Server: (Side) High Alert Highlander : depend on you
12:02:38 narf uses modified data file
12:02:38 BattlEye Server: Player #3 narf (166.172.60.132:63671) connected
12:02:38 Player narf connecting.
12:02:40 BattlEye Server: Player #3 narf - BE GUID: 3e30dd89e54d7c23ebefdccb3a1c461c
12:02:41 Player narf connected (id=76561198078273991).
12:02:41 BattlEye Server: Verified GUID (3e30dd89e54d7c23ebefdccb3a1c461c) of player #3 narf
12:02:42 Player narf disconnected.
12:02:42 BattlEye Server: Player #3 narf disconnected
12:02:52 narf uses modified data file
12:02:52 BattlEye Server: Player #3 narf (166.172.60.132:63671) connected
12:02:52 Player narf connecting.
12:02:55 BattlEye Server: Player #3 narf - BE GUID: 3e30dd89e54d7c23ebefdccb3a1c461c
12:02:55 Player narf connected (id=76561198078273991).
12:02:55 BattlEye Server: Verified GUID (3e30dd89e54d7c23ebefdccb3a1c461c) of player #3 narf
12:02:56 Player narf disconnected.
12:02:56 BattlEye Server: Player #3 narf disconnected
12:07:54 BattlEye Server: (Global) High Alert Highlander : sure
12:08:04 BattlEye Server: (Global) High Alert Highlander : hell yea
12:08:22 BattlEye Server: (Global) High Alert Highlander : try the cook
12:13:05 BattlEye Server: (Global) High Alert Highlander : where u from in central america 
12:13:30 BattlEye Server: (Global) High Alert Highlander : my grand ma leave in panana 
12:13:42 BattlEye Server: (Global) High Alert Highlande