 9:01:37 BattlEye Server: Initialized (v1.217)
 9:01:37 Host identity created.
 9:01:38 Game Port: 2307, Steam Query Port: 2308
 9:01:38 Mission A3Wasteland Altis v1.4c read from bank.
 9:01:40 Roles assigned.
 9:01:40 Reading mission ...
 9:02:16 Mission read.
 9:02:16 Game started.
 9:10:29 RockstarGaming uses modified data file
 9:10:29 BattlEye Server: Player #0 RockstarGaming (107.204.216.18:2304) connected
 9:10:29 Player RockstarGaming connecting.
 9:10:29 BattlEye Server: Connected to BE Master
 9:10:31 BattlEye Server: Player #0 RockstarGaming - BE GUID: 23fe7edb77e6acee989bf1757f516554
 9:10:32 Player RockstarGaming connected (id=76561198250040454).
 9:10:32 BattlEye Server: Verified GUID (23fe7edb77e6acee989bf1757f516554) of player #0 RockstarGaming
10:01:53 Mason uses modified data file
10:01:53 BattlEye Server: Player #1 Mason (71.81.137.47:2309) connected
10:01:53 Player Mason connecting.
10:01:55 BattlEye Server: Player #1 Mason - BE GUID: 955d09b6e1dde9360ceebc2963df084d
10:01:55 Player Mason connected (id=76561198026943270).
10:01:55 BattlEye Server: Verified GUID (955d09b6e1dde9360ceebc2963df084d) of player #1 Mason
10:02:03 Player Mason disconnected.
10:02:03 BattlEye Server: Player #1 Mason disconnected
10:37:44 maida uses modified data file
10:37:44 BattlEye Server: Player #1 maida (62.44.134.178:2309) connected
10:37:44 Player maida connecting.
10:37:46 BattlEye Server: Player #1 maida - BE GUID: c9430d597347c89ee182da463e151d8a
10:37:47 Player maida connected (id=76561198430157991).
10:37:47 BattlEye Server: Verified GUID (c9430d597347c89ee182da463e151d8a) of player #1 maida
10:42:57 Y0L0 Necker Boi uses modified data file
10:42:57 BattlEye Server: Player #2 Y0L0 Necker Boi (73.0.7.248:2304) connected
10:42:58 Player Y0L0 Necker Boi connecting.
10:43:00 BattlEye Server: Player #2 Y0L0 Necker Boi - BE GUID: 14c83dbfffbbcc27bba5298631b226ee
10:43:00 Player Y0L0 Necker Boi connected (id=76561198043574465).
10:43:00 BattlEye Server: Verified GUID (14c83dbfffbbcc27bba5298631b226ee) of player #2 Y0L0 Necker Boi
10:43:04 Player Y0L0 Necker Boi disconnected.
10:43:04 BattlEye Server: Player #2 Y0L0 Necker Boi disconnected
10:46:13 High Alert Highlander  uses modified data file
10:46:13 BattlEye Server: Player #2 High Alert Highlander  (190.171.107.107:62725) connected
10:46:13 Player High Alert Highlander  connecting.
10:46:19 BattlEye Server: Player #2 High Alert Highlander  - BE GUID: a01f35e030c4464ff5b5e9c18ddf0195
10:46:21 Player High Alert Highlander  connected (id=76561198065774594).
10:46:21 BattlEye Server: Verified GUID (a01f35e030c4464ff5b5e9c18ddf0195) of player #2 High Alert Highlander 
10:48:04 Admin logged in, player: High Alert Highlander , playerUID: 76561198065774594, IP: 192.168.0.10:2309.
10:48:15 BattlEye Server: (Global) High Alert Highlander : good morning people 
10:48:57 BattlEye Server: (Global) RockstarGaming: yo
10:49:14 BattlEye Server: (Global) RockstarGaming: were doing som missions
10:49:22 BattlEye Server: (Global) RockstarGaming: are you trying to pvp or just do stuff
10:49:33 BattlEye Server: (Global) High Alert Highlander : both 
10:49:47 BattlEye Server: (Global) RockstarGaming: FRICK
10:55:36 BattlEye Server: (Global) High Alert Highlander : i see u 
10:55:59 BattlEye Server: (Global) High Alert Highlander : just fly over me
10:56:08 BattlEye Server: (Global) RockstarGaming: OH
10:56:11 BattlEye Server: (Global) RockstarGaming: sry caps
10:57:20 BattlEye Server: (Global) High Alert Highlander : .
10:58:44 BattlEye Server: (Global) High Alert Highlander : wtf
10:59:12 BattlEye Server: (Global) RockstarGaming: REALLY
10:59:20 BattlEye Server: (Global) High Alert Highlander : jajajaja gg
10:59:27 BattlEye Server: (Global) RockstarGaming: in what way is that realistic
10:59:43 BattlEye Server: (Global) High Alert Highlander : what me hitting you withmissiles 
10:59:55 BattlEye Server: (Global) RockstarGaming: you ramed us
11:00:20 BattlEye Server: (Global) High Alert Highlander : nope i hit with missiles to the front only way to take down an apache 
11:00:39 BattlEye Server: (Global) RockstarGaming: VIPER
11:00:52 BattlEye Server: (Global) High Alert Highlander : same thing 
11:01:09 BattlEye Server: (Global) High Alert Highlander : and u destroiy two vehiculs onme 
11:01:18 BattlEye Server: (Global) High Alert Highlander : ok 
11:01:23 BattlEye Server: (Global) High Alert Highlander : wach your back 
11:01:38 BattlEye Server: (Global) RockstarGaming: BUT YOU CAN JUST SPAWN THE THINGS IN
11:01:42 BattlEye Server: (Global) RockstarGaming: sry caps
11:01:49 BattlEye Server: (Global) RockstarGaming: stupid push to talk
11:01:59 BattlEye Server: (Global) RockstarGaming: u can spawn stuff
11:02:03 BattlEye Server: (Global) High Alert Highlander : i dont spwn nothing i buy them 
11:12:41 pman uses modified data file
11:12:41 BattlEye Server: Player #3 pman (201.6.132.191:16786) connected
11:12:41 Player pman connecting.
11:12:43 BattlEye Server: Player #3 pman - BE GUID: d4ba32b865d32e320768e0e5c4b83d1e
11:12:43 Player pman connected (id=76561198050257394).
11:12:43 BattlEye Server: Verified GUID (d4ba32b865d32e320768e0e5c4b83d1e) of player #3 pman
11:14:03 David Herrera uses modified data file
11:14:03 BattlEye Server: Player #4 David Herrera (47.219.209.144:2304) connected
11:14:03 Player David Herrera connecting.
11:14:05 BattlEye Server: Player #4 David Herrera - BE GUID: b9fb601aa5fb93387520f835fa668103
11:14:05 Player David Herrera connected (id=76561198151574704).
11:14:05 BattlEye Server: Verified GUID (b9fb601aa5fb93387520f835fa668103) of player #4 David Herrera
11:14:11 BattlEye Server: (Global) pman: hi guys
11:14:36 BattlEye Server: (Global) High Alert Highlander : hi pman and welcome to the server 
11:16:14 Player pman disconnected.
11:16:14 BattlEye Server: Player #3 pman disconnected
11:29:50 pman uses modified data file
11:29:50 BattlEye Server: Player #5 pman (201.6.132.191:16438) connected
11:29:50 Player pman connecting.
11:30:35 pman uses modified data file
11:30:35 BattlEye Server: Player #6 pman (2) (201.6.132.191:16443) connected
11:30:35 Player pman (2) connecting.
11:30:41 BattlEye Server: Player #6 pman (2) - BE GUID: d4ba32b865d32e320768e0e5c4b83d1e
11:30:42 Player pman (2) connected (id=76561198050257394).
11:30:42 BattlEye Server: Verified GUID (d4ba32b865d32e320768e0e5c4b83d1e) of player #6 pman (2)
11:32:49 Player pman (2) disconnected.
11:32:49 BattlEye Server: Player #6 pman (2) disconnected
11:35:00 Player pman disconnected.
11:35:00 BattlEye Server: Player #5 pman disconnected
11:52:49 jaced uses modified data file
11:52:49 BattlEye Server: Player #5 jaced (76.177.76.234:2304) connected
11:52:49 Player jaced connecting.
11:52:51 BattlEye Server: Player #5 jaced - BE GUID: 88fd33264159a0fce7893b1ac227bc1e
11:52:52 Player jaced connected (id=76561198800464957).
11:52:52 BattlEye Server: Verified GUID (88fd33264159a0fce7893b1ac227bc1e) of player #5 jaced
11:54:49 Player jaced disconnected.
11:54:49 BattlEye Server: Player #5 jaced disconnected
12:06:08 pman uses modified data file
12:06:08 BattlEye Server: Player #5 pman (201.6.132.191:16870) connected
12:06:08 Player pman connecting.
12:06:11 BattlEye Server: Player #5 pman - BE GUID: d4ba32b865d32e320768e0e5c4b83d1e
12:06:11 Player pman connected (id=76561198050257394).
12:06:11 BattlEye Server: Verified GUID (d4ba32b865d32e320768e0e5c4b83d1e) of player #5 pman
12:15:34 BattlEye Server: (Side) pman: thx high alert 
12:17:55 BattlEye Server: (Global) High Alert Highlander : gg pman 
12:25:22 BattlEye Server: (Global) RockstarGaming: why do you always now where we are
12:25:40 BattlEye Server: (Global) RockstarGaming: /its no fun when you constantly just track us down
12:25:41 BattlEye Server: (Global) High Alert Highlander : your shooting 
12:25:51 BattlEye Server: (Global) High Alert Highlander : your runing away 
12:26:17 BattlEye Server: (Global) High Alert Highlander : your  and your deas tells me where u are 
12:26:24 BattlEye Server: (Global) High Alert Highlander : you diw toomuch 
12:26:42 BattlEye Server: (Global) High Alert Highlander : and i saw pman at the air port 
12:26:57 BattlEye Server: (Global) High Alert Highlander : i so small money ship easy there u are 
12:27:12 BattlEye Server: (Global) High Alert Highlander : u r easy to figured out 
12:27:24 BattlEye Server: (Global) High Alert Highlander : always go for the same missions 
12:28:22 BattlEye Server: (Global) High Alert Highlander : pvp is about knowing your enemys moves 
12:28:33 BattlEye Server: (Global) High Alert Highlander : and you tree travel in pack alwways 
12:29:21 BattlEye Server: (Side) pman: LOL lure him
12:29:27 BattlEye Server: (Side) pman: i come with takn
12:29:33 BattlEye Server: (Side) pman: tank
12:29:55 BattlEye Server: (Global) High Alert Highlander : and also tomany explotions in the air port tells me where is someone 
12:30:06 BattlEye Server: (Global) High Alert Highlander : you just need to listen 
12:30:36 BattlEye Server: (Side) pman: i see you guys on the map, and will go towards you
12:30:45 BattlEye Server: (Side) pman: just keep the distance
12:30:57 BattlEye Server: (Side) pman: next time samrty will try i will tank him
12:31:08 BattlEye Server: (Global) High Alert Highlander : i have been since arma 2 a sniper  that is 6 years of exp 
12:31:49 BattlEye Server: (Global) High Alert Highlander : and im the lowest from my clan as soon sniper ghots gets in 
12:31:58 BattlEye Server: (Global) High Alert Highlander : even i run from him 
12:32:29 BattlEye Server: (Global) RockstarGaming: RUN FROM WHO
12:32:37 BattlEye Server: (Global) RockstarGaming: sry caps
12:33:01 BattlEye Server: (Global) High Alert Highlander : sniper ghost  the mayor mother fucker sniper that have exist since arma 2 
12:33:07 BattlEye Server: (Global) High Alert Highlander : he is irish 
12:33:22 BattlEye Server: (Global) High Alert Highlander : and kill people from 2.5clicks distance 
12:33:54 BattlEye Server: (Global) pman: paddy ghost
12:33:55 BattlEye Server: (Global) High Alert Highlander : he is the leader of the specop missions from the clan 
12:34:47 BattlEye Server: (Global) High Alert Highlander : he is a really good guy u guys will like to play with him 
12:35:57 BattlEye Server: (Side) pman: yeah
12:36:09 BattlEye Server: (Side) pman: no worries, just luring him
12:40:46 BattlEye Server: (Global) High Alert Highlander : you know why i dont capture points becasue that tells everyone where u r 
12:41:00 BattlEye Server: (Global) High Alert Highlander : little things improve your game play 
12:41:56 BattlEye Server: (Side) pman: good one
12:44:34 BattlEye Server: (Side) pman: cover me we need a repair
12:45:24 BattlEye Server: (Side) pman: no repair option
12:45:44 BattlEye Server: (Side) pman: try get out of the tank
12:46:33 BattlEye Server: (Side) pman: no repai option, try to leave tank so we can repair it
12:47:12 BattlEye Server: (Side) pman: vehice incoming
12:47:17 BattlEye Server: (Side) pman: get in
12:48:11 BattlEye Server: (Side) pman: get in some apc
12:48:45 BattlEye Server: (Side) pman: maida try to repair
12:49:18 BattlEye Server: (Side) pman: once per vehicle
12:49:53 BattlEye Server: (Side) pman: heli coming
12:50:02 BattlEye Server: (Side) pman: get the machine gun
12:50:42 BattlEye Server: (Side) pman: calm it is coming back
12:52:51 BattlEye Server: (Direct) pman: i knew it will happen 
12:52:55 BattlEye Server: (Direct) pman: lol
12:56:25 Btroll uses modified data file
12:56:25 BattlEye Server: Player #6 Btroll (82.155.61.37:60285) connected
12:56:25 Player Btroll connecting.
12:56:28 BattlEye Server: Player #6 Btroll - BE GUID: 8ea09ff3a2d35b1f2ffa09fa316cf7cf
12:57:03 Player Btroll connected (id=76561198076533785).
12:57:03 BattlEye Server: Verified GUID (8ea09ff3a2d35b1f2ffa09fa316cf7cf) of player #6 Btroll
13:02:11 Snowz uses modified data file
13:02:11 BattlEye Server: Player #7 Snowz (85.247.46.5:52085) connected
13:02:11 Player Snowz connecting.
13:02:14 BattlEye Server: Player #7 Snowz - BE GUID: ede7609e1fea443d5b5213b5f6e35f35
13:02:14 Player Snowz connected (id=76561198305694678).
13:02:14 BattlEye Server: Verified GUID (ede7609e1fea443d5b5213b5f6e35f35) of player #7 Snowz
13:03:59 Player Btroll disconnected.
13:03:59 BattlEye Server: Player #6 Btroll disconnected
13:06:48 Btroll uses modified data file
13:06:48 BattlEye Server: Player #8 Btroll (82.155.61.37:60285) connected
13:06:48 Player Btroll connecting.
13:06:51 BattlEye Server: Player #8 Btroll - BE GUID: 8ea09ff3a2d35b1f2ffa09fa316cf7cf
13:06:54 Player Btroll connected (id=76561198076533785).
13:06:54 BattlEye Server: Verified GUID (8ea09ff3a2d35b1f2ffa09fa316cf7cf) of player #8 Btroll
13:08:04 BattlEye Server: (Side) pman: i am trying to locate our sniper
13:08:15 BattlEye Server: (Side) pman: make some noise on the airpoty
13:08:34 Demon-Senpai uses modified data file
13:08:34 BattlEye Server: Player #9 Demon-Senpai (82.155.172.37:49266) connected
13:08:34 Player Demon-Senpai connecting.
13:08:36 BattlEye Server: (Side) pman: he must be there
13:08:37 BattlEye Server: Player #9 Demon-Senpai - BE GUID: 114e14dd44b6828c3c535352ae62aa62
13:08:37 Player Demon-Senpai connected (id=76561198083113786).
13:08:37 BattlEye Server: Verified GUID (114e14dd44b6828c3c535352ae62aa62) of player #9 Demon-Senpai
13:09:25 BattlEye Server: (Global) High Alert Highlander : HI TO ALL THE NEW PEOPLE IN THE SERVER AND WELCOME 
13:11:01 Dr. Stupid uses modified data file
13:11:01 BattlEye Server: Player #10 Dr. Stupid (136.26.50.50:2304) connected
13:11:01 Player Dr. Stupid connecting.
13:11:03 BattlEye Server: Player #10 Dr. Stupid - BE GUID: 19513cb6dbb502fab2582ec5cd599fc7
13:11:03 Player Dr. Stupid connected (id=76561197970331909).
13:11:03 BattlEye Server: Verified GUID (19513cb6dbb502fab2582ec5cd599fc7) of player #10 Dr. Stupid
13:11:47 BattlEye Server: (Side) High Alert Highlander : WHO WANTS TOTEAM UP?
13:11:52 BattlEye Server: (Side) High Alert Highlander : sorry caps
13:13:58 Player Demon-Senpai is losing connection
13:14:02 Player Demon-Senpai kicked off by BattlEye: Client not responding
13:14:02 Player Demon-Senpai disconnected.
13:14:46 BattlEye Server: (Side) pman: somebody is shooting at you
13:15:12 Demon-Senpai uses modified data file
13:15:12 BattlEye Server: Player #11 Demon-Senpai (82.155.172.37:49266) connected
13:15:12 Player Demon-Senpai connecting.
13:15:14 BattlEye Server: Player #11 Demon-Senpai - BE GUID: 114e14dd44b6828c3c535352ae62aa62
13:15:15 Player Demon-Senpai connected (id=76561198083113786).
13:15:15 BattlEye Server: Verified GUID (114e14dd44b6828c3c535352ae62aa62) of player #11 Demon-Senpai
13:15:23 BattlEye Server: (Side) pman: they are there it is sure
13:18:08 Eirik uses modified data file
13:18:08 BattlEye Server: Player #12 Eirik (83.243.193.138:2309) connected
13:18:08 Player Eirik connecting.
13:18:12 BattlEye Server: Player #12 Eirik - BE GUID: b74f94e43c1b7d86784c60b001a63f06
13:18:12 Player Eirik connected (id=76561198044655534).
13:18:12 BattlEye Server: Verified GUID (b74f94e43c1b7d86784c60b001a63f06) of player #12 Eirik
13:18:44 BattlEye Server: (Side) pman: ne of the as]
13:19:27 BattlEye Server: (Side) pman: again
13:19:49 John Hill uses modified data file
13:19:49 BattlEye Server: Player #13 John Hill (83.243.193.138:1025) connected
13:19:49 Player John Hill connecting.
13:19:52 BattlEye Server: Player #13 John Hill - BE GUID: 91e7882310565b984f9928ef47ff862d
13:19:52 Player John Hill connected (id=76561198064845954).
13:19:52 BattlEye Server: Verified GUID (91e7882310565b984f9928ef47ff862d) of player #13 John Hill
13:20:33 BattlEye Server: (Side) pman: fly over he is there
13:20:48 BattlEye Server: (Side) pman: it was very close
13:20:58 BattlEye Server: (Side) pman: might be one of the towers
13:21:36 Matt uses modified data file
13:21:36 BattlEye Server: Player #14 Matt (67.3.180.209:2304) connected
13:21:36 Player Matt connecting.
13:22:45 Player Matt disconnected.
13:22:45 BattlEye Server: Player #14 Matt disconnected
13:23:21 Sondre uses modified data file
13:23:21 BattlEye Server: Player #14 Sondre (83.243.193.138:1026) connected
13:23:21 Player Sondre connecting.
13:23:25 BattlEye Server: Player #14 Sondre - BE GUID: bc6ba69c0b3a9e7c2a064334bae84566
13:23:25 Player Sondre connected (id=76561198013663833).
13:23:25 BattlEye Server: Verified GUID (bc6ba69c0b3a9e7c2a064334bae84566) of player #14 Sondre
13:24:00 Player Sondre disconnected.
13:24:00 BattlEye Server: Player #14 Sondre disconnected
13:25:23 BattlEye Server: (Side) pman: i good, on the tower
13:26:18 Cato uses modified data file
13:26:18 BattlEye Server: Player #14 Cato (98.210.53.17:2304) connected
13:26:18 Player Cato connecting.
13:26:20 BattlEye Server: Player #14 Cato - BE GUID: 8f00e329e163ea5ceb35183576b434ed
13:26:20 Player Cato connected (id=76561198016476968).
13:26:20 BattlEye Server: Verified GUID (8f00e329e163ea5ceb35183576b434ed) of player #14 Cato
13:26:50 BattlEye Server: (Side) pman: keep him busy, i am 3 m away from him
13:27:31 BattlEye Server: (Side) pman: make him bussy
13:27:59 BattlEye Server: (Side) pman: i will blow the tower
13:28:33 BattlEye Server: (Side) pman: oh man just blow the tower with charges
13:28:55 BattlEye Server: (Side) pman: it could be such a good sniper hunt
13:30:20 BattlEye Server: (Side) High Alert Highlander : who wants to team up 
13:30:51 BattlEye Server: (Global) High Alert Highlander : lol jajajaja
13:30:56 BattlEye Server: (Side) pman: it is cheater i got blown up
13:30:56 BattlEye Server: (Global) High Alert Highlander : poor towers
13:31:11 BattlEye Server: (Side) pman: he was there i could hear him
13:31:30 BattlEye Server: (Side) pman: 3m away, the the tower blow and I was only injured
13:32:29 Sondre uses modified data file
13:32:29 BattlEye Server: Player #15 Sondre (83.243.193.138:1026) connected
13:32:29 Player Sondre connecting.
13:32:33 BattlEye Server: Player #15 Sondre - BE GUID: bc6ba69c0b3a9e7c2a064334bae84566
13:32:34 Player Sondre connected (id=76561198013663833).
13:32:34 BattlEye Server: Verified GUID (bc6ba69c0b3a9e7c2a064334bae84566) of player #15 Sondre
13:32:46 BattlEye Server: (Direct) David Herrera: Why did u teleport out of that tower?
13:36:32 BattlEye Server: (Side) pman: pick me up guys
13:40:44 Fabian uses modified data file
13:40:44 BattlEye Server: Player #16 Fabian (188.173.227.20:2309) connected
13:40:44 Player Fabian connecting.
13:40:47 BattlEye Server: Player #16 Fabian - BE GUID: 985b3d4fa9462db1b1772e3e598cb896
13:40:47 Player Fabian connected (id=76561198347751345).
13:40:47 BattlEye Server: Verified GUID (985b3d4fa9462db1b1772e3e598cb896) of player #16 Fabian
13:40:48 Player maida disconnected.
13:40:48 BattlEye Server: Player #1 maida disconnected
13:41:09 Player Fabian disconnected.
13:41:09 BattlEye Server: Player #16 Fabian disconnected
13:45:49 Player David Herrera disconnected.
13:45:49 BattlEye Server: Player #4 David Herrera disconnected
13:50:47 PFC. Currey uses modified data file
13:50:47 BattlEye Server: Player #16 PFC. Currey (143.59.50.184:2309) connected
13:50:47 Player PFC. Currey connecting.
13:50:48 Sandbox uses modified data file
13:50:48 BattlEye Server: Player #17 Sandbox (98.176.92.177:2304) connected
13:50:48 Player Sandbox connecting.
13:50:49 BattlEye Server: Player #16 PFC. Currey - BE GUID: 7880c85d9ffc60050831eb1d187e100c
13:50:49 Player PFC. Currey connected (id=76561198148655100).
13:50:49 BattlEye Server: Verified GUID (7880c85d9ffc60050831eb1d187e100c) of player #16 PFC. Currey
13:50:50 BattlEye Server: Player #17 Sandbox - BE GUID: 0ea8b2c12de5caee3aec3deec9d9ca49
13:50:51 Player Sandbox connected (id=76561198136946235).
13:50:51 BattlEye Server: Verified GUID (0ea8b2c12de5caee3aec3deec9d9ca49) of player #17 Sandbox
13:52:54 BattlEye Server: (Side) pman: wait
13:54:07 BattlEye Server: (Side) Dr. Stupid: why you driving me around?
13:54:14 BattlEye Server: (Side) Dr. Stupid: dis my shit
13:54:39 BattlEye Server: (Side) Dr. Stupid: fuck you man
13:56:58 Player RockstarGaming disconnected.
13:56:58 BattlEye Server: Player #0 RockstarGaming disconnected
13:57:29 Player Dr. Stupid disconnected.
13:57:29 BattlEye Server: Player #10 Dr. Stupid disconnected
13:58:38 Player Cato disconnected.
13:58:38 BattlEye Server: Player #14 Cato disconnected
14:00:40 Player pman disconnected.
14:00:40 BattlEye Server: Player #5 pman disconnected
14:01:04 Player Sandbox: Signature check