21:01:42 BattlEye Server: Initialized (v1.217)
21:01:42 Host identity created.
21:01:42 Game Port: 2307, Steam Query Port: 2308
21:01:42 Mission A3Wasteland Altis v1.4c read from bank.
21:01:43 Roles assigned.
21:01:43 Reading mission ...
21:02:14 Mission read.
21:02:14 Game started.
21:05:20 Rou Kowalski uses modified data file
21:05:20 BattlEye Server: Player #0 Rou Kowalski (73.147.1.91:2309) connected
21:05:20 Player Rou Kowalski connecting.
21:05:21 BattlEye Server: Connected to BE Master
21:05:23 BattlEye Server: Player #0 Rou Kowalski - BE GUID: 58cae163ea9d3a0ff8adde240b436737
21:05:25 Player Rou Kowalski connected (id=76561198034110598).
21:05:25 BattlEye Server: Verified GUID (58cae163ea9d3a0ff8adde240b436737) of player #0 Rou Kowalski
21:06:42 Player Rou Kowalski disconnected.
21:06:42 BattlEye Server: Player #0 Rou Kowalski disconnected
21:07:33 Rou Kowalski uses modified data file
21:07:33 BattlEye Server: Player #0 Rou Kowalski (73.147.1.91:2309) connected
21:07:33 Player Rou Kowalski connecting.
21:07:35 BattlEye Server: Player #0 Rou Kowalski - BE GUID: 58cae163ea9d3a0ff8adde240b436737
21:07:38 Player Rou Kowalski connected (id=76561198034110598).
21:07:38 BattlEye Server: Verified GUID (58cae163ea9d3a0ff8adde240b436737) of player #0 Rou Kowalski
21:11:35 ANATOLI CHEJOV uses modified data file
21:11:35 BattlEye Server: Player #1 ANATOLI CHEJOV (190.171.107.94:62720) connected
21:11:35 Player ANATOLI CHEJOV connecting.
21:11:38 BattlEye Server: Player #1 ANATOLI CHEJOV - BE GUID: a01f35e030c4464ff5b5e9c18ddf0195
21:11:38 Player ANATOLI CHEJOV connected (id=76561198065774594).
21:11:38 BattlEye Server: Verified GUID (a01f35e030c4464ff5b5e9c18ddf0195) of player #1 ANATOLI CHEJOV
21:20:52 acall uses modified data file
21:20:52 BattlEye Server: Player #2 acall (73.34.132.51:2309) connected
21:20:52 Player acall connecting.
21:21:13 Player acall disconnected.
21:21:13 BattlEye Server: Player #2 acall disconnected
22:44:32 Matthew uses modified data file
22:44:32 BattlEye Server: Player #2 Matthew (107.135.234.252:2309) connected
22:44:32 Player Matthew connecting.
22:44:36 BattlEye Server: Player #2 Matthew - BE GUID: d8a941c4aadb101da449405656ae4e3c
22:44:37 Player Matthew connected (id=76561198357092102).
22:44:37 BattlEye Server: Verified GUID (d8a941c4aadb101da449405656ae4e3c) of player #2 Matthew
23:00:09 Tomi uses modified data file
23:00:09 BattlEye Server: Player #3 Tomi (87.93.138.32:2309) connected
23:00:09 Player Tomi connecting.
23:00:11 BattlEye Server: Player #3 Tomi - BE GUID: 55472be70f5663550da4ac20394da979
23:00:12 Player Tomi connected (id=76561198049922152).
23:00:12 BattlEye Server: Verified GUID (55472be70f5663550da4ac20394da979) of player #3 Tomi
23:00:15 Player Tomi disconnected.
23:00:15 BattlEye Server: Player #3 Tomi disconnected
23:03:27 Player Matthew is losing connection
23:04:09 Tomi uses modified data file
23:04:09 BattlEye Server: Player #3 Tomi (87.93.138.32:2309) connected
23:04:09 Player Tomi connecting.
23:04:12 BattlEye Server: Player #3 Tomi - BE GUID: 55472be70f5663550da4ac20394da979
23:04:12 Player Tomi connected (id=76561198049922152).
23:04:12 BattlEye Server: Verified GUID (55472be70f5663550da4ac20394da979) of player #3 Tomi
23:04:14 Player Tomi disconnected.
23:04:14 BattlEye Server: Player #3 Tomi disconnected
23:04:47 Player Matthew disconnected.
23:04:47 BattlEye Server: Player #2 Matthew disconnected
23:06:34 Tomi uses modified data file
23:06:34 BattlEye Server: Player #2 Tomi (87.93.138.32:2309) connected
23:06:34 Player Tomi connecting.
23:06:36 BattlEye Server: Player #2 Tomi - BE GUID: 55472be70f5663550da4ac20394da979
23:06:37 Player Tomi connected (id=76561198049922152).
23:06:37 BattlEye Server: Verified GUID (55472be70f5663550da4ac20394da979) of player #2 Tomi
23:06:38 Player Tomi disconnected.
23:06:38 BattlEye Server: Player #2 Tomi disconnected
23:08:59 Tomi uses modified data file
23:08:59 BattlEye Server: Player #2 Tomi (87.93.138.32:2309) connected
23:08:59 Player Tomi connecting.
23:09:01 BattlEye Server: Player #2 Tomi - BE GUID: 55472be70f5663