15:01:33 BattlEye Server: Initialized (v1.217)
15:01:33 Host identity created.
15:01:33 Game Port: 2307, Steam Query Port: 2308
15:01:33 Mission A3Wasteland Altis v1.4c read from bank.
15:01:35 Roles assigned.
15:01:35 Reading mission ...
15:02:07 Mission read.
15:02:07 Game started.
15:02:34 Merc uses modified data file
15:02:34 BattlEye Server: Player #0 Merc (71.81.137.37:2309) connected
15:02:34 Player Merc connecting.
15:02:35 BattlEye Server: Connected to BE Master
15:02:36 BattlEye Server: Player #0 Merc - BE GUID: 955d09b6e1dde9360ceebc2963df084d
15:02:37 Player Merc connected (id=76561198026943270).
15:02:37 BattlEye Server: Verified GUID (955d09b6e1dde9360ceebc2963df084d) of player #0 Merc
16:31:06 OPOldSchoolGG uses modified data file
16:31:06 BattlEye Server: Player #1 OPOldSchoolGG (176.203.140.3:7879) connected
16:31:06 Player OPOldSchoolGG connecting.
16:31:09 BattlEye Server: Player #1 OPOldSchoolGG - BE GUID: 841599af9dd57510ce387b9c6809ee3b
16:31:10 Player OPOldSchoolGG connected (id=76561198152376422).
16:31:10 BattlEye Server: Verified GUID (841599af9dd57510ce387b9c6809ee3b) of player #1 OPOldSchoolGG
16:31:14 Player OPOldSchoolGG disconnected.
16:31:14 BattlEye Server: Player #1 OPOldSchoolGG disconnected
17:30:54 ANATOLI CHEJOV uses modified data file
17:30:54 BattlEye Server: Player #1 ANATOLI CHEJOV (190.171.107.50:62725) connected
17:30:54 Player ANATOLI CHEJOV connecting.
17:30:58 BattlEye Server: Player #1 ANATOLI CHEJOV - BE GUID: a01f35e030c4464ff5b5e9c18ddf0195
17:30:58 Player ANATOLI CHEJOV connected (id=76561198065774594).
17:30:59 BattlEye Server: Verified GUID (a01f35e030c4464ff5b5e9c18ddf0195) of player #1 ANATOLI CHEJOV
17:53:44 Player ANATOLI CHEJOV disconnected.
17:53:44 BattlEye Server: Player #1 ANATOLI CHEJOV disconnected
17:57:18 ANATOLI CHEJOV uses modified data file
17:57:18 BattlEye Server: Player #1 ANATOLI CHEJOV (190.171.107.50:62725) connected
17:57:18 Player ANATOLI CHEJOV connecting.
17:57:22 BattlEye Server: Player #1 ANATOLI CHEJOV - BE GUID: a01f35e030c4464ff5b5e9c18ddf0195
17:57:22 Player ANATOLI CHEJOV connected (id=76561198065774594).
17:57:22 BattlEye Server: Verified GUID (a01f35e030c4464ff5b5e9c18ddf0195) of player #1 ANATOLI CHEJOV
18:02:02 Player Merc disconnected.
18:02:02 BattlEye Server: Player #0 Merc disconnected
18:03:18 Merc uses modified data file
18:03:18 BattlEye Server: Player #2 Merc (71.81.137.37:2309) connected
18:03:18 Player Merc connecting.
18:03:20 BattlEye Server: Player #2 Merc - BE GUID: 955d09b6e1dde9360ceebc2963df084d
18:03:20 Player Merc connected (id=76561198026943270).
18:03:20 BattlEye Server: Verified GUID (955d09b6e1dde9360ceebc2963df084d) of player #2 Merc
18:08:25 BattlEye Server: (Group) ANATOLI CHEJOV: yea}
18:08:43 BattlEye Server: (Group) ANATOLI CHEJOV: what
18:08:58 BattlEye Server: (Group) ANATOLI CHEJOV: no idea
18:09:05 BattlEye Server: (Group) ANATOLI CHEJOV: 100k
18:09:23 BattlEye Server: (Group) ANATOLI CHEJOV: np
18:09:33 BattlEye Server: (Group) ANATOLI CHEJOV: no
18:09:56 BattlEye Server: (Group) ANATOLI CHEJOV: that is good
18:10:39 BattlEye Server: (Group) ANATOLI CHEJOV: u should see what hem and rou did with there site there
18:10:58 BattlEye Server: (Group) ANATOLI CHEJOV: u should hjave one of the towers for you there
18:11:14 BattlEye Server: (Group) ANATOLI CHEJOV: we dont have spawn beacons in the water 
18:11:20 BattlEye Server: (Group) ANATOLI CHEJOV: for protection
18:11:35 BattlEye Server: (Group) ANATOLI CHEJOV: yes
18:26:07 Antony uses modified data file
18:26:07 BattlEye Server: Player #3 Antony (76.183.177.234:2304) connected
18:26:07 Player Antony connecting.
18:26:10 BattlEye Server: Player #3 Antony - BE GUID: 504cddbc267fbaa5d7b14d7ab14ab23e
18:26:10 Player Antony connected (id=76561198124457915).
18:26:10 BattlEye Server: Verified GUID (504cddbc267fbaa5d7b14d7ab14ab23e) of player #3 Antony
18:26:53 BattlEye Server: (Group) ANATOLI CHEJOV: gp indie
18:27:22 BattlEye Server: (Group) ANATOLI CHEJOV: if u want go indie
18:32:30 Player Antony disconnected.
18:32:30 BattlEye Server: Player #3 Antony disconnected
18:33:18 BattlEye Server: (Side) ANATOLI CHEJOV: noidea
18:33:39 BattlEye Server: (Group) ANATOLI CHEJOV: im here
18:39:29 BattlEye Server: (Group) ANATOLI CHEJOV: waht 
18:39:52 BattlEye Server: (Group) ANATOLI CHEJOV: there is 3 empty towers
18:40:24 BattlEye Server: (Group) ANATOLI CHEJOV: those
18:40:42 BattlEye Server: (Group) ANATOLI CHEJOV: those over there 
18:41:45 BattlEye Server: (Group) ANATOLI CHEJOV: yes
18:42:37 BattlEye Server: (Group) ANATOLI CHEJOV: they have build all that 
18:43:03 BattlEye Server: (Group) ANATOLI CHEJOV: there own base insede my base
18:43:53 BattlEye Server: (Group) ANATOLI CHEJOV: lol
18:43:56 BattlEye Server: (Group) ANATOLI CHEJOV: yes
18:44:02 BattlEye Server: (Group) ANATOLI CHEJOV: sofucking true
18:44:07 BattlEye Server: (Group) ANATOLI CHEJOV: jajajajajaja
18:44:34 BattlEye Server: (Group) ANATOLI CHEJOV: no clue
18:44:56 BattlEye Server: (Group) ANATOLI CHEJOV: yes 
18:45:06 BattlEye Server: (Group) ANATOLI CHEJOV: yes
18:45:17 BattlEye Server: (Group) ANATOLI CHEJOV: no
18:45:34 BattlEye Server: (Group) ANATOLI CHEJOV: the towers are not  destroble
18:45:46 BattlEye Server: (Group) ANATOLI CHEJOV: in gameyes 
18:45:53 BattlEye Server: (Group) ANATOLI CHEJOV: these 4 not 
18:46:07 BattlEye Server: (Group) ANATOLI CHEJOV: correct
18:46:42 BattlEye Server: (Group) ANATOLI CHEJOV: yes
18:46:59 BattlEye Server: (Group) ANATOLI CHEJOV: correct they knowtyhat 
18:47:13 BattlEye Server: (Group) ANATOLI CHEJOV: nope
18:47:40 BattlEye Server: (Group) ANATOLI CHEJOV: yes
18:48:18 BattlEye Server: (Group) ANATOLI CHEJOV: all theeseistheres
18:48:37 BattlEye Server: (Group) ANATOLI CHEJOV: what 
18:49:15 BattlEye Server: (Group) ANATOLI CHEJOV: yea
18:49:44 BattlEye Server: (Group) ANATOLI CHEJOV: ucan takethese space
18:50:11 BattlEye Server: (Group) ANATOLI CHEJOV: althese
18:50:24 BattlEye Server: (Group) ANATOLI CHEJOV: all these 
18:50:33 BattlEye Server: (Group) ANATOLI CHEJOV: yea
18:50:46 BattlEye Server: (Group) ANATOLI CHEJOV: fromthehagar 
18:50:52 BattlEye Server: (Group) ANATOLI CHEJOV: to theborder
18:51:20 BattlEye Server: (Group) ANATOLI CHEJOV: yea
18:52:01 BattlEye Server: (Group) ANATOLI CHEJOV: just tolook nice
18:52:23 BattlEye Server: (Group) ANATOLI CHEJOV: is like istomuch just forme
18:52:39 BattlEye Server: (Group) ANATOLI CHEJOV: i have allmy shit here
18:52:58 BattlEye Server: (Group) ANATOLI CHEJOV: yes
18:53:19 BattlEye Server: (Group) ANATOLI CHEJOV: come
18:53:46 BattlEye Server: (Group) ANATOLI CHEJOV: yea me andvarluk we have an 
18:53:52 BattlEye Server: (Group) ANATOLI CHEJOV: how it sas
18:53:57 BattlEye Server: (Group) ANATOLI CHEJOV: say 
18:54:06 BattlEye Server: (Group) ANATOLI CHEJOV: we hunt each other
18:54:34 BattlEye Server: (Group) ANATOLI CHEJOV: 5 times
18:55:05 BattlEye Server: (Group) ANATOLI CHEJOV: yes
18:55:28 BattlEye Server: (Group) ANATOLI CHEJOV: thks
18:55:40 BattlEye Server: (Group) ANATOLI CHEJOV: yes
18:55:46 BattlEye Server: (Group) ANATOLI CHEJOV: no
18:55:51 BattlEye Server: (Group) ANATOLI CHEJOV: yes
18:56:18 BattlEye Server: (Group) ANATOLI CHEJOV: yea ilikeit}
18:56:54 BattlEye Server: (Group) ANATOLI CHEJOV: itoll u
18:57:32 BattlEye Server: (Group) ANATOLI CHEJOV: yea
18:58:03 BattlEye Server: (Group) ANATOLI CHEJOV: no
18:58:45 BattlEye Server: (Group) ANATOLI CHEJOV: yes
18:58:54 BattlEye Server: (Group) ANATOLI CHEJOV: yes
19:00:23 BattlEye Server: (Group) ANATOLI CHEJOV: i know
19:00:35 BattlEye Server: (Group) ANATOLI CHEJOV: i toll sarg have tofix that 
19:00:41 BattlEye Server: (Group) ANATOLI CHEJOV: but he havent 
19:02:12 BattlEye Server: (Group) ANATOLI CHEJOV: i was going to put it upi just bringthat 
19:03:51 BattlEye Server: (Group) ANATOLI CHEJOV: yes
19:06:09 BattlEye Server: (Group) ANATOLI CHEJOV: exp
19:07:05 BattlEye Server: (Group) ANATOLI CHEJOV: i toll u 
19:07:52 BattlEye Server: (Group) ANATOLI CHEJOV: yea}
19:08:57 BattlEye Server: (Group) ANATOLI CHEJOV: correct
19:10:13 BattlEye Server: (Group) ANATOLI CHEJOV: done
19:10:24 BattlEye Server: (Group) ANATOLI CHEJOV: yw
19:1