15:02:11 BattlEye Server: Initialized (v1.217)
15:02:11 Host identity created.
15:02:11 Game Port: 2307, Steam Query Port: 2308
15:02:11 Mission A3Wasteland Altis v1.4c read from bank.
15:02:13 Roles assigned.
15:02:13 Reading mission ...
15:02:51 Mission read.
15:02:51 Game started.
15:02:59 Zonojosh uses modified data file
15:02:59 BattlEye Server: Player #0 Zonojosh (73.227.223.137:2309) connected
15:02:59 Player Zonojosh connecting.
15:03:00 BattlEye Server: Connected to BE Master
15:03:01 BattlEye Server: Player #0 Zonojosh - BE GUID: 24f076b539b3955108dd498e3530fb0d
15:03:01 Player Zonojosh connected (id=76561198092200457).
15:03:01 BattlEye Server: Verified GUID (24f076b539b3955108dd498e3530fb0d) of player #0 Zonojosh
15:03:09 kyle uses modified data file
15:03:09 BattlEye Server: Player #1 kyle (90.252.185.82:2304) connected
15:03:09 Player kyle connecting.
15:03:11 BattlEye Server: Player #1 kyle - BE GUID: 976878a2da91dcf878138dfc0dab6ffc
15:03:11 Player kyle connected (id=76561198148474565).
15:03:12 BattlEye Server: Verified GUID (976878a2da91dcf878138dfc0dab6ffc) of player #1 kyle
15:03:21 AJ uses modified data file
15:03:21 BattlEye Server: Player #2 AJ (142.59.100.69:2309) connected
15:03:21 Player AJ connecting.
15:03:23 BattlEye Server: Player #2 AJ - BE GUID: 1f059c541e3e8d5963cd6ccb777a1713
15:03:24 Player AJ connected (id=76561198080094233).
15:03:24 BattlEye Server: Verified GUID (1f059c541e3e8d5963cd6ccb777a1713) of player #2 AJ
15:03:28 Stitch uses modified data file
15:03:28 BattlEye Server: Player #3 Stitch (108.223.184.154:2309) connected
15:03:28 Player Stitch connecting.
15:03:30 BattlEye Server: Player #3 Stitch - BE GUID: 8c8d6f8657d51cca56b3c0f297f3dddb
15:03:31 Player Stitch connected (id=76561198135341054).
15:03:31 BattlEye Server: Verified GUID (8c8d6f8657d51cca56b3c0f297f3dddb) of player #3 Stitch
15:04:05 Max Mota uses modified data file
15:04:05 BattlEye Server: Player #4 Max Mota (190.75.120.106:2309) connected
15:04:05 Player Max Mota connecting.
15:04:06 High Alert Highlander  uses modified data file
15:04:06 BattlEye Server: Player #5 High Alert Highlander  (190.171.107.27:62725) connected
15:04:06 Player High Alert Highlander  connecting.
15:04:08 BattlEye Server: Player #4 Max Mota - BE GUID: b24b492882c5bff2195677387329ee4f
15:04:09 BattlEye Server: Player #5 High Alert Highlander  - BE GUID: a01f35e030c4464ff5b5e9c18ddf0195
15:04:09 Player Max Mota connected (id=76561198004095068).
15:04:09 BattlEye Server: Verified GUID (b24b492882c5bff2195677387329ee4f) of player #4 Max Mota
15:04:09 Player High Alert Highlander  connected (id=76561198065774594).
15:04:09 BattlEye Server: Verified GUID (a01f35e030c4464ff5b5e9c18ddf0195) of player #5 High Alert Highlander 
15:06:55 Mason uses modified data file
15:06:55 BattlEye Server: Player #6 Mason (24.207.152.238:2309) connected
15:06:55 Player Mason connecting.
15:06:58 BattlEye Server: Player #6 Mason - BE GUID: 955d09b6e1dde9360ceebc2963df084d
15:06:58 Player Mason connected (id=76561198026943270).
15:06:58 BattlEye Server: Verified GUID (955d09b6e1dde9360ceebc2963df084d) of player #6 Mason
15:07:37 BattlEye Server: (Global) Zonojosh: thank you
15:09:03 BattlEye Server: (Global) High Alert Highlander : I just login Mason all good buddy ?
15:09:08 BattlEye Server: (Global) High Alert Highlander : did you call me 
15:09:16 BattlEye Server: (Global) High Alert Highlander : what is the problem
15:09:35 BattlEye Server: (Global) Mason: yeah i did, same ole same again, same ole ones
15:11:08 BattlEye Server: (Global) High Alert Highlander : so is everything ok what did you text me for ?
15:11:37 BattlEye Server: (Global) Mason: same problem with the same players starrting drama
15:11:39 BattlEye Server: (Global) Zonojosh: told ya i wouldnt take your gun
15:12:05 BattlEye Server: (Global) High Alert Highlander : what players ?
15:12:16 BattlEye Server: (Global) kyle: are you really banning us?
15:12:18 BattlEye Server: (Global) High Alert Highlander : give menames 
15:12:28 BattlEye Server: (Global) Mason: kyle
15:12:29 BattlEye Server: (Global) kyle: although they started the argument by calling us bad
15:12:35 BattlEye Server: (Global) Mason: zono
15:12:47 BattlEye Server: (Global) kyle: ill i want to do is play arma
15:12:53 BattlEye Server: (Global) Zonojosh: yo
15:12:59 BattlEye Server: (Global) Zonojosh: what you want
15:13:03 BattlEye Server: (Global) kyle: i paid for my rights to play the game and i really cant be assed with this 
15:13:18 BattlEye Server: (Global) kyle: how to see messages?
15:14:08 Player Max Mota is losing connection
15:14:09 BattlEye Server: (Global) High Alert Highlander : KYLE AND ZONOJOSH  and have one warning each onyour UID profile 
15:14:19 BattlEye Server: (Global) kyle: uid?
15:14:34 BattlEye Server: (Global) High Alert Highlander : 1 more  and you are banned fromthe server 
15:14:40 BattlEye Server: (Global) kyle: right
15:14:47 BattlEye Server: (Global) kyle: lemme get this straight
15:14:55 BattlEye Server: (Global) kyle: your punishing us and not the others?
15:15:07 BattlEye Server: (Global) High Alert Highlander : what other ones 
15:15:16 BattlEye Server: (Global) kyle: the two blufor guys
15:15:25 BattlEye Server: (Global) kyle: they were the ones that started the argument
15:15:30 BattlEye Server: (Global) High Alert Highlander : mason is the admin in  this server 
15:15:40 BattlEye Server: (Global) kyle: ok
15:15:41 BattlEye Server: (Global) High Alert Highlander : and he just give meyour names 
15:16:10 BattlEye Server: (Global) High Alert Highlander : what was the blufort names 
15:16:39 BattlEye Server: (Global) Mason: voodoo, 
15:16:42 BattlEye Server: (Global) kyle: voodoo
15:17:03 BattlEye Server: (Global) kyle: and sargent "?"
15:17:03 BattlEye Server: (Global) Zonojosh: you got logs of before restart?
15:17:22 BattlEye Server: (Global) High Alert Highlander : Voodoo is and old player here naver casu issues 
15:17:40 BattlEye Server: (Global) kyle: well he called us bad which started us off
15:17:51 BattlEye Server: (Global) kyle: then accused us of hacking
15:18:04 BattlEye Server: (Global) kyle: saying that we cheated to get back so quick
15:18:23 BattlEye Server: (Global) High Alert Highlander : he call you guys (bad)
15:18:41 BattlEye Server: (Global) kyle: and said we was fishy on how fast we managed to get back
15:18:52 BattlEye Server: (Global) High Alert Highlander : and because of that  you guys start ussing insults 
15:19:01 BattlEye Server: (Global) High Alert Highlander : ?
15:19:03 BattlEye Server: (Global) kyle: they insaulted aswell
15:19:21 BattlEye Server: (Global) High Alert Highlander : i will check the chat logs 
15:19:26 BattlEye Server: (Global) High Alert Highlander : if that is true 
15:19:40 BattlEye Server: (Global) High Alert Highlander : they will alsio get the warning 
15:20:09 BattlEye Server: (Global) kyle: im really tempted to find a new server
15:20:24 BattlEye Server: (Global) High Alert Highlander : u rmore than welcome to do so
15:21:45 BattlEye Server: (Global) High Alert Highlander : have a great day people enjoy the server  pls play nice  and remember  no planes are allowed with less than 20 people in the server 
15:22:06 BattlEye Server: (Global) High Alert Highlander : dont abuse of drones 
15:22:06 BattlEye Server: (Global) kyle: wait what
15:22:20 BattlEye Server: (Global) kyle: planes are not allowed below 20
15:22:24 BattlEye Server: (Global) kyle: and abuse of drone?
15:22:26 BattlEye Server: (Global) High Alert Highlander : correct 
15:22:33 BattlEye Server: (Global) High Alert Highlander : dronesd
15:22:36 BattlEye Server: (Global) kyle: could you enlighten me on that one
15:22:37 BattlEye Server: (Global) High Alert Highlander : drones
15:22:41 BattlEye Server: (Global) Zonojosh: what you me abuse
15:22:47 BattlEye Server: (Global) Zonojosh: mean*
15:22:57 BattlEye Server: (Global) High Alert Highlander : farming with drones pvpwith drones 
15:23:08 BattlEye Server: (Global) kyle: pvp with drone is abuse now?
15:23:17 BattlEye Server: (Global) High Alert Highlander : max of 2 for each player 
15:23:28 BattlEye Server: (Global) kyle: i now am gona find a new server
15:23:44 BattlEye Server: (Global) kyle: also could i give you a heads up
15:24:05 BattlEye Server: (Global) kyle: put those in the rules section
15:24:22 BattlEye Server: (Global) kyle: as that would help to know so i could of changed server before putting so much effort in
15:24:23 BattlEye Server: (Global) High Alert Highlander : they are  inthe HOW TOPLAY OPTION 
15:24:38 BattlEye Server: (Global) Zonojosh: mason killed us for it, didnt let use know either 
15:24:49 BattlEye Server: (Global) kyle: they should be in "server rules"
15:25:05 BattlEye Server: (Global) High Alert Highlander : we will fix that at some point 
15:25:15 BattlEye Server: (Global) kyle: where the rules are supposed to be, i have played wasteland before so i dont check that part
15:25:17 BattlEye Server: (Global) Zonojosh: cause people who have played watseland before arent gonna look at how to play, only rules
15:25:25 BattlEye Server: (Global) High Alert Highlander : well  have a good day guys 
15:25:41 BattlEye Server: (Global) High Alert Highlander : mason call me if you need me 
15:25:50 BattlEye Server: (Global) Mason: will do
15:26:10 BattlEye Server: (Global) High Alert Highlander : ill be in AWGC  WWii 
15:26:10 Player kyle disconnected.
15:26:10 BattlEye Server: Player #1 kyle disconnected
15:33:25 Q uses modified data file
15:33:25 BattlEye Server: Player #7 Q (104.205.115.104:2309) connected
15:33:25 Player Q connecting.
15:33:28 BattlEye Server: Player #7 Q - BE GUID: 978c7336e5b81acde046809875552062
15:33:28 Player Q connected (id=76561198375770014).
15:33:28 BattlEye Server: Verified GUID (978c7336e5b81acde046809875552062) of player #7 Q
15:41:02 BattlEye Server: (Group) AJ: sounds good
15:43:13 Player High Alert Highlander  disconnected.
15:43:13 BattlEye Server: Player #5 High Alert Highlander  disconnected
15:47:08 Player Zonojosh disconnected.
15:47:08 BattlEye Server: Player #0 Zonojosh disconnected
15:48:10 Player Q disconnected.
15:48:10 BattlEye Server: Player #7 Q disconnected
16:00:46 Player AJ disconnected.
16:00:46 BattlEye Server: Player #2 AJ disconnected
16:01:22 AJ uses modified data file
16:01:22 BattlEye Server: Player #7 AJ (142.59.100.69:2309) connected
16:01:22 Player AJ connecting.
16:01:24 Nick uses modified data file
16:01:24 BattlEye Server: Player #8 Nick (67.149.140.105:2309) connected
16:01:24 Player Nick connecting.
16:01:24 BattlEye Server: Player #7 AJ - BE GUID: 1f059c541e3e8d5963cd6ccb777a1713
16:01:24 Player AJ connected (id=76561198080094233).
16:01:24 BattlEye Server: Verified GUID (1f059c541e3e8d5963cd6ccb777a1713) of player #7 AJ
16:01:36 Player Nick disconnected.
16:01:36 BattlEye Server: Player #8 Nick disconnected
16:02:01 Nick uses modified data file
16:02:01 BattlEye Server: Player #8 Nick (67.149.140.105:2309) connected
16:02:01 Player Nick connecting.
16:02:03 BattlEye Server: Player #8 Nick - BE GUID: 3c64db0f72238d0fbcf2ec7f664bffa0
16:02:04 Player Nick connected (id=76561198144481906).
16:02:04 BattlEye Server: Verified GUID (3c64db0f72238d0fbcf2ec7f664bffa0) of player #8 Nick
16:02:20 Player AJ disconnected.
16:02:20 BattlEye Server: Player #7 AJ disconnected
16:03:03 Player Stitch disconnected.
16:03:03 BattlEye Server: Player #3 Stitch disconnected
16:03:24 AJ uses modified data file
16:03:24 BattlEye Server: Player #9 AJ (142.59.100.69:2309) connected
16:03:24 Player AJ connecting.
16:03:26 BattlEye Server: Player #9 AJ - BE GUID: 1f059c541e3e8d5963cd6ccb777a1713
16:03:27 Player AJ connected (id=76561198080094233).
16:03:27 BattlEye Server: Verified GUID (1f059c541e3e8d5963cd6ccb777a1713) of player #9 AJ
16:11:59 kyle_ uses modified data file
16:11:59 BattlEye Server: Player #10 kyle_ (67.140.23.101:2309) connected
16:11:59 Player kyle_ connecting.
16:12:02 BattlEye Server: Player #10 kyle_ - BE GUID: c4c54409ed61e2f629d423f34db5f497
16:12:02 Player kyle_ connected (id=76561198439308798).
16:12:02 BattlEye Server: Verified GUID (c4c54409ed61e2f629d423f34db5f497) of player #10 kyle_
16:12:18 Player kyle_ disconnected.
16:12:18 BattlEye Server: Player #10 kyle_ disconnected
16:28:31 Player Mason disconnected.
16:28:31 BattlEye Server: Player #6 Mason disconnected
16:31:42 Player Max Mota disconnected.
16:31:42 BattlEye Server: Player #4 Max Mota disconnected
16:32:11 Player Nick disconnected.
16:32:11 BattlEye Server: Player #8 Nick disconnected
16:46:30 Player AJ disconnected.
16:46:30 BattlEye Server: Player #9 AJ disconnected
17:08:33 Stitch uses modified data file
17:08:33 BattlEye Server: Player #0 Stitch (108.223.184.154:2309) connected
17:08:33 Player Stitch connecting.
17:08:35 BattlEye Server: Player #0 Stitch - BE GUID: 8c8d6f8657d51cca56b3c0f297f3dddb
17:08:36 Player Stitch connected (id=76561198135341054).
17:08:36 BattlEye Server: Verified GUID (8c8d6f8657d51cca56b3c0f297f3dddb) of player #0 Stitch
17:11:40 Mason uses modified data file
17:11:40 BattlEye Server: Player #1 Mason (24.207.152.238:2309) connected
17:11:40 Player Mason connecting.
17:11:42 BattlEye Server: Player #1 Mason - BE GUID: 955d09b6e1dde9360ceebc2963df084d
17:11:43 Player Mason connected (id=76561198026943270).
17:11:43 BattlEye Server: Verified GUID (955d09b6e1dde9360ceebc2963df084d) of player #1 Mason
17:15:19 Max Mota uses modified data file
17:15:19 BattlEye Server: Player #2 Max Mota (190.75.120.106:2309) connected
17:15:19 Player Max Mota connecting.
17:15:22 BattlEye Server: Player #2 Max Mota - BE GUID: b24b492882c5bff2195677387329ee4f
17:15:23 Player Max Mota connected (id=76561198004095068).
17:15:23 BattlEye Server: Verified GUID (b24b492882c5bff2195677387329ee4f) of player #2 Max Mota
17:15:38 BattlEye Server: (Global) Stitch: how would you rearm vics?
17:16:27 BattlEye Server: (Global) Mason: at the veh store, there are orange supply trucks
17:16:35 BattlEye Server: (Global) Stitch: ok thanks
17:16:37 BattlEye Server: (Global) Mason: they are also at some gas stations
17:16:45 BattlEye Server: (Global) Mason: sure thing
17:18:43 BattlEye Server: (Global) Stitch: are you guys looking to pvp or just do missions?
17:19:14 BattlEye Server: (Global) Max Mota: do your stuff dont worry
17:19:17 BattlEye Server: (Global) Mason: working mission atm
17:19:21 BattlEye Server: (Global) Stitch: 10-4 thanks
17:19:34 BattlEye Server: (Global) Mason: np
17:26:48 BattlEye Server: (Global) Stitch: w
17:27:49 BattlEye Server: (Global) Stitch: m1a1 a vic store???
17:28:08 BattlEye Server: (Global) Stitch: belong to you guys?
17:28:16 BattlEye Server: (Global) Max Mota: not me
17:28:22 BattlEye Server: (Global) Mason: not mine
17:28:26 BattlEye Server: (Global) Stitch: 10-4
17:29:18 BattlEye Server: (Global) Stitch: im gonna roll an apache so ill call out where im heading dont want to screw anyone
17:29:30 BattlEye Server: (Global) Max Mota: np
17:30:14 BattlEye Server: (Global) Max Mota: friendly 
17:33:24 BattlEye Server: (Global) Stitch: heading to mil patrol
17:33:30 BattlEye Server: (Global) Stitch: lol nvm
17:33:35 BattlEye Server: (Global) Stitch: ok altis patrol
17:33:40 BattlEye Server: (Global) Max Mota: k
17:34:51 BattlEye Server: (Global) Stitch: lol
17:37:13 BattlEye Server: (Global) Stitch: costal patrol
17:37:20 Player Max Mota is losing connection
17:37:45 AJ uses modified data file
17:37:45 BattlEye Server: Player #3 AJ (142.59.100.69:2309) connected
17:37:46 Player AJ connecting.
17:37:48 BattlEye Server: Player #3 AJ - BE GUID: 1f059c541e3e8d5963cd6ccb777a1713
17:37:48 Player AJ connected (id=76561198080094233).
17:37:48 BattlEye Server: Verified GUID (1f059c541e3e8d5963cd6ccb777a1713) of player #3 AJ
17:43:00 Player Max Mota is losing connection
17:44:02 Player Max Mota is losing connection
17:48:18 BattlEye Server: (Global) Mason: stitch that was you taking the caostal patrol?
17:48:24 BattlEye Server: (Group) Stitch: yes
18:11:29 BattlEye Server: (Global) Max Mota: oh
18:11:31 BattlEye Server: (Global) Max Mota: sorry
18:11:43 BattlEye Server: (Global) Max Mota: your stuff is here man sorry
18:11:47 BattlEye Server: (Direct) Stitch: can you revive?
18:18:17 BattlEye Server: (Global) Max Mota: you need money?
18:18:31 BattlEye Server: (Global) Stitch: kinda
18:18:42 BattlEye Server: (Glob