 3:01:39 BattlEye Server: Initialized (v1.217)
 3:01:39 Host identity created.
 3:01:40 Game Port: 2307, Steam Query Port: 2308
 3:01:40 Mission A3Wasteland Altis v1.4c read from bank.
 3:01:41 Roles assigned.
 3:01:41 Reading mission ...
 3:02:12 Mission read.
 3:02:12 Game started.
 3:03:54 Rou Kowalski uses modified data file
 3:03:54 BattlEye Server: Player #0 Rou Kowalski (73.147.1.91:2309) connected
 3:03:54 Player Rou Kowalski connecting.
 3:03:55 BattlEye Server: Connected to BE Master
 3:03:56 BattlEye Server: Player #0 Rou Kowalski - BE GUID: 58cae163ea9d3a0ff8adde240b436737
 3:03:59 Player Rou Kowalski connected (id=76561198034110598).
 3:03:59 BattlEye Server: Verified GUID (58cae163ea9d3a0ff8adde240b436737) of player #0 Rou Kowalski
 3:05:36 ANATOLI CHEJOV uses modified data file
 3:05:36 BattlEye Server: Player #1 ANATOLI CHEJOV (190.171.107.50:62725) connected
 3:05:36 Player ANATOLI CHEJOV connecting.
 3:05:38 BattlEye Server: Player #1 ANATOLI CHEJOV - BE GUID: a01f35e030c4464ff5b5e9c18ddf0195
 3:05:39 Player ANATOLI CHEJOV connected (id=76561198065774594).
 3:05:39 BattlEye Server: Verified GUID (a01f35e030c4464ff5b5e9c18ddf0195) of player #1 ANATOLI CHEJOV
 3:08:58 Hemlock Kowalski uses modified data file
 3:08:58 BattlEye Server: Player #2 Hemlock Kowalski (73.147.1.91:2304) connected
 3:08:58 Player Hemlock Kowalski connecting.
 3:09:00 BattlEye Server: Player #2 Hemlock Kowalski - BE GUID: 0e50d5bc222746efa845806a2af0fed1
 3:09:02 Player Hemlock Kowalski connected (id=76561198201473535).
 3:09:02 BattlEye Server: Verified GUID (0e50d5bc222746efa845806a2af0fed1) of player #2 Hemlock Kowalski
 3:10:21 BattlEye Server: (Group) ANATOLI CHEJOV: DDDDDDDDDDDDDDDDDDDD
 3:10:21 BattlEye Server: (Group) Hemlock Kowalski: hi
 3:10:27 BattlEye Server: (Group) ANATOLI CHEJOV: XXXXXXXXXXXXXXXXXXX
 3:10:52 BattlEye Server: (Direct) Hemlock Kowalski: hi
 3:11:02 Player Rou Kowalski disconnected.
 3:11:02 BattlEye Server: Player #0 Rou Kowalski disconnected
 3:11:18 Rou Kowalski uses modified data file
 3:11:18 BattlEye Server: Player #3 Rou Kowalski (73.147.1.91:2309) connected
 3:11:18 Player Rou Kowalski connecting.
 3:11:20 BattlEye Server: Player #3 Rou Kowalski - BE GUID: 58cae163ea9d3a0ff8adde240b436737
 3:11:21 Player Rou Kowalski connected (id=76561198034110598).
 3:11:21 BattlEye Server: Verified GUID (58cae163ea9d3a0ff8adde240b436737) of player #3 Rou Kowalski
 3:11:21 BattlEye Server: (Group) ANATOLI CHEJOV: OK
 3:12:23 BattlEye Server: (Direct) Hemlock Kowalski: HI
 3:12:36 BattlEye Server: (Direct) Hemlock Kowalski: HE SEES IT
 3:13:03 BattlEye Server: (Group) ANATOLI CHEJOV: LOL
 3:13:07 BattlEye Server: (Group) Hemlock Kowalski: hi
 3:13:34 BattlEye Server: (Group) ANATOLI CHEJOV: wait forme
 3:14:54 BattlEye Server: (Group) ANATOLI CHEJOV: yes
 3:15:29 BattlEye Server: (Group) ANATOLI CHEJOV: hellyea
 3:15:43 BattlEye Server: (Group) ANATOLI CHEJOV: can he seechat _
 3:15:58 BattlEye Server: (Group) ANATOLI CHEJOV: jajajaja
 3:18:30 BattlEye Server: (Group) ANATOLI CHEJOV: okimready 
 3:18:38 BattlEye Server: (Group) ANATOLI CHEJOV: ihavemy coffee onme
 3:20:41 BattlEye Server: (Group) ANATOLI CHEJOV: gn
 3:20:52 BattlEye Server: (Group) ANATOLI CHEJOV: jajajaok
 3:21:29 BattlEye Server: (Group) ANATOLI CHEJOV: what 
 3:21:40 BattlEye Server: (Group) ANATOLI CHEJOV: stalion
 3:21:46 Player Hemlock Kowalski disconnected.
 3:21:46 BattlEye Server: Player #2 Hemlock Kowalski disconnected
 3:22:01 BattlEye Server: (Group) ANATOLI CHEJOV: ijust buythat
 3:22:48 BattlEye Server: (Group) ANATOLI CHEJOV: really
 3:22:52 BattlEye Server: (Group) ANATOLI CHEJOV: jim
 3:23:00 BattlEye Server: (Group) ANATOLI CHEJOV: ibut that helli
 3:23:04 BattlEye Server: (Group) ANATOLI CHEJOV: uhave towait 
 3:23:12 BattlEye Server: (Group) ANATOLI CHEJOV: untili go
 3:23:27 BattlEye Server: (Group) ANATOLI CHEJOV: becuaseur heli sopwanintopofmine
 3:23:42 BattlEye Server: (Group) ANATOLI CHEJOV: realx
 3:23:49 BattlEye Server: (Group) ANATOLI CHEJOV: nowu know
 3:24:53 BattlEye Server: (Group) ANATOLI CHEJOV: im close
 3:39:20 BattlEye Server: (Group) ANATOLI CHEJOV: where u at
 3:39:44 BattlEye Server: (Group) ANATOLI CHEJOV: a what
 3:40:01 BattlEye Server: (Group) ANATOLI CHEJOV: ok
 3:41:21 BattlEye Server: (Group) ANATOLI CHEJOV: put it inyours
 3:41:29 BattlEye Server: (Group) ANATOLI CHEJOV: dontleave that there
 3:42:15 BattlEye Server: (Group) ANATOLI CHEJOV: use a turu put put everything inside 
 3:42:23 BattlEye Server: (Group) ANATOLI CHEJOV: andput thpot ontheheli
 3:42:33 BattlEye Server: (Group) ANATOLI CHEJOV: you willhave 300 space
 3:45:23 BattlEye Server: (Group) ANATOLI CHEJOV: 150k
 4:04:01 BattlEye Server: (Group) ANATOLI CHEJOV: buildingtime
 4:05:12 BattlEye Server: (Group) ANATOLI CHEJOV: ok
 4:08:35 BattlEye Server: (Group) ANATOLI CHEJOV: whereitis
 4:14:31 BattlEye Server: (Group) ANATOLI CHEJOV: yes}
 4:17:06 BattlEye Server: (Group) ANATOLI CHEJOV: perfect
 4:17:52 BattlEye Server: (Group) ANATOLI CHEJOV: dudelook
 4:18:15 Cdt. Chief uses modified data file
 4:18:15 BattlEye Server: Player #4 Cdt. Chief (68.230.78.151:2304) connected
 4:18:15 Player Cdt. Chief connecting.
 4:18:18 BattlEye Server: Player #4 Cdt. Chief - BE GUID: af11a3a01662bb40284c76228333ac1f
 4:18:33 Player Cdt. Chief connected (id=76561198311827157).
 4:18:33 BattlEye Server: Verified GUID (af11a3a01662bb40284c76228333ac1f) of player #4 Cdt. Chief
 4:18:43 BattlEye Server: (Group) ANATOLI CHEJOV: if you do that  u will go under water
 4:19:19 BattlEye Server: (Group) ANATOLI CHEJOV: 250mts
 4:22:31 BattlEye Server: (Group) ANATOLI CHEJOV: what
 4:22:44 BattlEye Server: (Group) ANATOLI CHEJOV: just  asec
 4:27:20 BattlEye Server: (Group) ANATOLI CHEJOV: what password?
 4:27:59 BattlEye Server: (Group) ANATOLI CHEJOV: unlockthe gate 
 4:28:12 BattlEye Server: (Group) ANATOLI CHEJOV: u needtoput that diferent 
 4:28:51 BattlEye Server: (Group) ANATOLI CHEJOV: yes
 4:29:03 BattlEye Server: (Group) ANATOLI CHEJOV: but toworkupneedta scafolding 
 4:30:28 BattlEye Server: (Group) ANATOLI CHEJOV: lockit
 4:30:55 BattlEye Server: (Group) ANATOLI CHEJOV: done
 4:31:13 BattlEye Server: (Group) ANATOLI CHEJOV: uneedtoput that to the hight 
 4:31:21 BattlEye Server: (Group) ANATOLI CHEJOV: then onthekeyy pat 
 4:31:28 BattlEye Server: (Group) ANATOLI CHEJOV: first click enter 
 4:31:32 BattlEye Server: (Group) ANATOLI CHEJOV: then change pass
 4:31:38 BattlEye Server: (Group) ANATOLI CHEJOV: andits done
 4:32:12 BattlEye Server: (Group) ANATOLI CHEJOV: 8338
 4:32:18 BattlEye Server: (Group) ANATOLI CHEJOV: u saidthe same
 4:32:55 BattlEye Server: (Group) ANATOLI CHEJOV: -dude not that wenter
 4:32:58 BattlEye Server: (Group) ANATOLI CHEJOV: jajaja
 4:33:08 BattlEye Server: (Group) ANATOLI CHEJOV: the one in the screen 
 4:33:11 BattlEye Server: (Group) ANATOLI CHEJOV: onthe game
 4:33:16 BattlEye Server: (Group) ANATOLI CHEJOV: open
 4:33:35 BattlEye Server: (Group) ANATOLI CHEJOV: thatopenawindow
 4:33:48 BattlEye Server: (Group) ANATOLI CHEJOV: ok type
 4:33:51 BattlEye Server: (Group) ANATOLI CHEJOV: 8338
 4:34:03 BattlEye Server: (Group) ANATOLI CHEJOV: then enter 
 4:34:12 BattlEye Server: (Group) ANATOLI CHEJOV: not onupur keyboard
 4:35:04 BattlEye Server: (Group) ANATOLI CHEJOV: dude  
 4:35:17 BattlEye Server: (Group) ANATOLI CHEJOV: canutake me up there
 4:35:30 BattlEye Server: (Group) ANATOLI CHEJOV: noclue
 4:36:02 BattlEye Server: (Group) ANATOLI CHEJOV: u dont need that 
 4:36:09 BattlEye Server: (Group) ANATOLI CHEJOV: -its done
 4:36:24 BattlEye Server: (Group) ANATOLI CHEJOV: -yes dont need the password fromthe inside 
 4:36:31 BattlEye Server: (Group) ANATOLI CHEJOV: just the out side
 4:37:28 BattlEye Server: (Group) ANATOLI CHEJOV: can youtookmeup there
 4:37:52 BattlEye Server: (Group) ANATOLI CHEJOV: i just rappel
 4:37:58 BattlEye Server: (Group) ANATOLI CHEJOV: fromhere
 4:39:04 BattlEye Server: (Group) ANATOLI CHEJOV: more
 4:39:16 BattlEye Server: (Group) ANATOLI CHEJOV: forward
 4:40:14 BattlEye Server: (Group) ANATOLI CHEJOV: wtf
 4:42:18 BattlEye Server: (Group) ANATOLI CHEJOV: respawn salt flats
 4:42:38 BattlEye Server: (Group) ANATOLI CHEJOV: nothereisa heli here
 4:43:25 BattlEye Server: (Group) ANATOLI CHEJOV: isawthat 
 4:43:54 BattlEye Server: (Group) ANATOLI CHEJOV: the tower glich
 4:44:14 BattlEye Server: (Group) ANATOLI CHEJOV: its arma
 4:44:22 BattlEye Server: (Group) ANATOLI CHEJOV: that happensalways at ny time{
 4:44:32 BattlEye Server: (Group) ANATOLI CHEJOV: armahave glicehs like hell
 4:46:06 BattlEye Server: (Group) ANATOLI CHEJOV: yes
 4:46:55 BattlEye Server: (Group) ANATOLI CHEJOV: omw
 4:47:08 Merc uses modified data file
 4:47:08 BattlEye Server: Player #5 Merc (71.81.137.37:2309) connected
 4:47:08 Player Merc connecting.
 4:47:10 BattlEye Server: Player #5 Merc - BE GUID: 955d09b6e1dde9360ceebc2963df084d
 4:47:11 Player Merc connected (id=76561198026943270).
 4:47:11 BattlEye Server: Verified GUID (955d09b6e1dde9360ceebc2963df084d) of player #5 Merc
 4:49:19 BattlEye Server: (Global) Cdt. Chief: so are there any perks to being opfor
 4:51:10 BattlEye Server: (Group) ANATOLI CHEJOV: get  in\
 4:51:22 BattlEye Server: (Group) ANATOLI CHEJOV: noit  tomason
 4:51:27 BattlEye Server: (Group) ANATOLI CHEJOV: iminmtway'
 4:54:49 BattlEye Server: (Group) ANATOLI CHEJOV: on the airfield
 4:54:59 BattlEye Server: (Group) ANATOLI CHEJOV: mainone
 4:55:26 BattlEye Server: (Group) ANATOLI CHEJOV: mason sell that chinnok
 4:55:46 BattlEye Server: (Group) ANATOLI CHEJOV: if u want idont want that 
 5:01:36 BattlEye Server: (Group) ANATOLI CHEJOV: he is onthe way tolacka\
 5:07:55 BattlEye Server: (Group) ANATOLI CHEJOV: look this rou
 5:08:37 BattlEye Server: (Group) ANATOLI CHEJOV: because i like tobuildhybrids
 5:09:25 BattlEye Server: (Group) ANATOLI CHEJOV: love it
 5:18:28 BattlEye Server: (Group) ANATOLI CHEJOV: jim
 5:18:43 BattlEye Server: (Group) ANATOLI CHEJOV: domea favor
 5:19:02 BattlEye Server: (Group) ANATOLI CHEJOV: fly this heli  and takeme upthere
 5:19:04 BattlEye Server: (Group) ANATOLI CHEJOV: pls
 5:20:18 BattlEye Server: (Group) ANATOLI CHEJOV: get literaly in top of that pls
 5:20:28 BattlEye Server: (Group) ANATOLI CHEJOV: so i can rappel
 5:21:34 BattlEye Server: (Group) ANATOLI CHEJOV: up
 5:21:53 BattlEye Server: (Group) ANATOLI CHEJOV: all good
 5:21:56 BattlEye Server: (Group) ANATOLI CHEJOV: thks
 5:24:16 BattlEye Server: (Group) ANATOLI CHEJOV: gnbro
 5:24:29 Player Rou Kowalski disconnected.
 5:24:29 BattlEye Server: Player #3 Rou Kowalski disconnected
 5:25:06 BattlEye Server: (Group) ANATOLI CHEJOV: why 
 5:25:30 BattlEye Server: (Group) ANATOLI CHEJOV: jajajajaja
 5:25:36 BattlEye Server: (Group) ANATOLI CHEJOV: i hate chinnoks
 5:28:22 BattlEye Server: (Group) ANATOLI CHEJOV: yea
 5:28:39 BattlEye Server: (Group) ANATOLI CHEJOV: nothat is the starting gear
 5:28:50 BattlEye Server: (Group) ANATOLI CHEJOV: yes
 5:29:00 BattlEye Server: (Group) ANATOLI CHEJOV: no
 5:31:09 BattlEye Server: (Group) ANATOLI CHEJOV: he is in air port 
 5:31:17 BattlEye Server: (Group) ANATOLI CHEJOV: imark hisposition onmap
 5:31:45 BattlEye Server: (Group) ANATOLI CHEJOV: nohe is ok
 5:31:56 BattlEye Server: (Group) ANATOLI CHEJOV: he ishunting defenetely 
 5:32:03 BattlEye Server: (Group) ANATOLI CHEJOV: hedont care about missuions
 5:32:32 BattlEye Server: (Group) ANATOLI CHEJOV: lets scare him a little 
 5:36:55 BattlEye Server: (Group) ANATOLI CHEJOV: ok
 5:37:18 BattlEye Server: (Group) ANATOLI CHEJOV: what game
 5:37:26 BattlEye Server: (Group) ANATOLI CHEJOV: i have it 
 5:37:31 BattlEye Server: (Group) ANATOLI CHEJOV: imaddiected
 5:37:36 BattlEye Server: (Group) Merc: total war: RomeII
 5:37:52 BattlEye Server: (Group) ANATOLI CHEJOV: 110% recommended
 5:38:35 BattlEye Server: (Group) ANATOLI CHEJOV: he is taking a cesar 
 5:39:54 BattlEye Server: (Group) ANATOLI CHEJOV: smallokane
 5:40:00 BattlEye Server: (Group) ANATOLI CHEJOV: small plane
 5:40:56 BattlEye Server: (Group) ANATOLI CHEJOV: he is GOING VS BACK SOUTH 
 5:41:05 BattlEye Server: (Group) ANATOLI CHEJOV: mark that 
 5:41:24 BattlEye Server: (Group) ANATOLI CHEJOV: yes
 5:43:02 BattlEye Server: (Group) ANATOLI CHEJOV: yes
 5:44:14 BattlEye Server: (Global) Cdt. Chief: wtf
 5:44:26 BattlEye Server: (Global) Cdt. Chief: how
 5:44:33 BattlEye Server: (Group) ANATOLI CHEJOV: yea
 5:45:22 BattlEye Server: (Group) ANATOLI CHEJOV: yes
 5:45:37 BattlEye Server: (Group) ANATOLI CHEJOV: he islanding in gs  pyrgos
 5:46:46 BattlEye Server: (Group) ANATOLI CHEJOV: nowheknowsthat we r betterthanhim and he is the onethat should be scare 
 5:47:26 BattlEye Server: (Group) ANATOLI CHEJOV: exactly
 5:48:03 BattlEye Server: (Group) ANATOLI CHEJOV: no
 5:49:28 BattlEye Server: (Group) ANATOLI CHEJOV: we are all arround sameagaes 35 to45
 5:49:58 BattlEye Server: (Group) ANATOLI CHEJOV: hellyea
 5:50:44 BattlEye Server: (Group) ANATOLI CHEJOV: yes it does
 5:51:07 BattlEye Server: (Group) ANATOLI CHEJOV: i always hacve that turn off
 5:52:06 BattlEye Server: (Group) ANATOLI CHEJOV: i saw that 
 5:53:00 BattlEye Server: (Group) ANATOLI CHEJOV: yes
 5:53:33 BattlEye Server: (Group) ANATOLI CHEJOV: yes
 5:55:52 BattlEye Server: (Group) ANATOLI CHEJOV: canuplspu theturupot here
 5:56:03 BattlEye Server: (Group) ANATOLI CHEJOV: but with realsed horizontalpls
 6:00:15 BattlEye Server: (Global) Cdt. Chief: u missed
 6:17:53 BattlEye Server: (Group) ANATOLI CHEJOV: i need towait until restart tobuild that ramp 
 6:18:24 BattlEye Server: (Group) ANATOLI CHEJOV: i need this tobe clean 
 6:20:27 BattlEye Server: (Group) ANATOLI CHEJOV: wich ones ?
 6:20:38 BattlEye Server: (Group) Merc: .338 silencer
 6:20:47 BattlEye Server: (Group) ANATOLI CHEJOV: ok
 6:20:59 BattlEye Server: (Group) ANATOLI CHEJOV: nope
 6:25:58 BattlEye Server: (Group) ANATOLI CHEJOV: iwillbe check the satcomnoworries
 6:26:25 BattlEye Server: (Group) ANATOLI CHEJOV: nope}
 6:26:39 BattlEye Server: (Group) ANATOLI CHEJOV: yes
 6:28:11 BattlEye Server: (Group) ANATOLI CHEJOV: done}
 6:28:53 BattlEye Server: (Group) ANATOLI CHEJOV: this base have 4 lockers
 6:29:15 BattlEye Server: (Group) ANATOLI CHEJOV: yes
 6:29:25 BattlEye Server: (Group) ANATOLI CHEJOV: yes
 6:29:50 BattlEye Server: (Group) ANATOLI CHEJOV: because that is not the way 
 6:29:56 BattlEye Server: (Group) ANATOLI CHEJOV: is wuth the 
 6:30:00 BattlEye Server: (Group) ANATOLI CHEJOV: truck
 6:30:12 BattlEye Server: (Group) ANATOLI CHEJOV: yes
 6:30:21 BattlEye Server: (Group) ANATOLI CHEJOV: scroll mouse will 
 6:30:26 BattlEye Server: (Group) ANATOLI CHEJOV: refuel  gas
 6:30:29 BattlEye Server: (Group) ANATOLI CHEJOV: option
 6:30:46 BattlEye Server: (Group) ANATOLI CHEJOV: always 
 6:31:08 BattlEye Server: (Group) ANATOLI CHEJOV: on citys yes 
 6:31:12 BattlEye Server: (Group) ANATOLI CHEJOV: hereno
 6:31:21 BattlEye Server: (Group) ANATOLI CHEJOV: supply
 6:31:41 BattlEye Server: (Group) ANATOLI CHEJOV: healing 
 6:32:40 BattlEye Server: (Group) ANATOLI CHEJOV: he is at the guns storein 
 6:32:48 BattlEye Server: (Group) ANATOLI CHEJOV: abdera
 6:33:47 BattlEye Server: (Group) ANATOLI CHEJOV: he is in abdera
 6:34:55 BattlEye Server: (Group) ANATOLI CHEJOV: probablyhesoldthat 
 6:37:36 BattlEye Server: (Group) ANATOLI CHEJOV: i will theother points 
 6:38:24 BattlEye Server: (Group) ANATOLI CHEJOV: i will capthe points 
 6:38:57 BattlEye Server: (Group) ANATOLI CHEJOV: money points
 6:48:31 Player Cdt. Chief kicked off by BattlEye: Client not responding
 6:48:31 Player Cdt. Chief disconnected.
 6:50:52 BattlEye Server: Failed to receive from BE Master (0)
 6:50:52 BattlEye Server: Disconnected from BE Master
 6:52:47 BattlEye Server: Connected to BE Master
 6:59:14 BattlEye Server: (Group) ANATOLI CHEJOV: im in sofia
 6:59:40 BattlEye Server: (Group) ANATOLI CHEJOV: they  disapair 
 6:59:49 BattlEye Server: (Group) ANATOLI CHEJOV: and leave the one inthe base as new
 7:04:47 BattlEye Server: (Group) ANATOLI CHEJOV: what
 7:05:09 BattlEye Server: (Group) ANATOLI CHEJOV: yes
 7:05:27 BattlEye Server: (Group) ANATOLI CHEJOV: i canbut inmy server 
 7:05:36 BattlEye Server: (Group) ANATOLI CHEJOV: here sarg wont allow that 
 7:07:28 BattlEye Server: (Group) ANATOLI CHEJOV: why u dont dothat inthe base
 7:07:43 BattlEye Server: (Group) ANATOLI CHEJOV: the windisturn off there and that specific area
 7:08:06 BattlEye Server: (Group) ANATOLI CHEJOV: nowuknow
 7:13:26 BattlEye Server: Failed to receive from BE Master (0)
 7:13:26 BattlEye Server: Disconnected from BE Master
 7:15:21 BattlEye Server: Connected to BE Master
 7:21:55 BattlEye Server: (Group) ANATOLI CHEJOV: long range  lrps medium  range  ams
 7:26:23 BattlEye Server: (Group) ANATOLI CHEJOV: yes
 7:26:52 BattlEye Server: (Group) ANATOLI CHEJOV: ilove spending 
 7:27:50 BattlEye Server: (Group) ANATOLI CHEJOV: yes
 7:29:08 BattlEye Server: (Group) ANATOLI CHEJOV: i love this germanweapon
 7:29:17 BattlEye Server: (Group) ANATOLI CHEJOV: germans always make great weapons
 7:30:08 BattlEye Server: (Group) ANATOLI CHEJOV: my server
 7:30:17 BattlEye Server: (Group) ANATOLI CHEJOV: german 
 7:33:01 BattlEye Server: (Group) ANATOLI CHEJOV: thisis my medic 
 7:33:06 BattlEye Server: (Group) ANATOLI CHEJOV: ilove it 
 7:53:51 BattlEye Server: (Group) ANATOLI CHEJOV: ok
 7:54:11 BattlEye Server: (Group) ANATOLI CHEJOV: relax
 7:57:21 BattlEye Server: (Group) ANATOLI CHEJOV: what i did  in other swerver was buy a taru pot  swimming gear  a boat  load the taru pot  full of things  load thepot tothe boat and went tothelocat
 7:57:38 BattlEye Server: (Group) ANATOLI CHEJOV: that was in bib long time ago 
 7:59:00 BattlEye Server: (Group) ANATOLI CHEJOV: can u passme aramppls
 7:59:47 BattlEye Server: (Group) ANATOLI CHEJOV: canu pass me a ramp pls
 8:00:27 BattlEye Server: (Group) ANATOLI CHEJOV: thks}
 8:32:42 BattlEye Server: (Group) ANATOLI CHEJOV: pls come and see this
 8:37:00 BattlEye Server: (Group) ANATOLI CHEJOV: 30 ramps
 8:37:03 BattlEye Server: (Group) ANATOLI CHEJOV: tookme
 8:37:28 BattlEye Server: (Group) ANATOLI CHEJOV: dont hear u
 8:37:42 BattlEye Server: (Group) ANATOLI CHEJOV: yes
 8:38:03 BattlEye Server: (Group) ANATOLI CHEJOV: toget in vehiculs
 8:38:13 BattlEye Server: (Group) ANATOLI CHEJOV: andthere will be a gate 
 8:38:16 BattlEye Server: (Group) ANATOLI CHEJOV: here
 8:38:56 BattlEye Server: (Group) ANATOLI CHEJOV: we dont nee to worry  about putting  those and explote in bae
 8:39:06 BattlEye Server: (Group) ANATOLI CHEJOV: just put then in water 
 8:39:09 BattlEye Server: (Group) ANATOLI CHEJOV: they float 
 8:39:16 BattlEye Server: (Group) ANATOLI CHEJOV: get via here
 8:39:28 BattlEye Server: (Group) ANATOLI CHEJOV: almost allof them
 8:39:45 BattlEye Server: (Group) ANATOLI CHEJOV: well not those
 8:39:56 BattlEye Server: (Group) ANATOLI CHEJOV: but almost allthe tanks
 8:40:00 BattlEye Server: (Group) ANATOLI CHEJOV: }
 8:40:16 BattlEye Server: (Group) ANATOLI CHEJOV: -yes
 8:40:29 BattlEye Server: (Group) ANATOLI CHEJOV: when the server restart i willshow you 
 8:41:42 BattlEye Server: (Group) ANATOLI CHEJOV: didyiou saw this  that i put here foryouso you candefend
 8:42:35 BattlEye Server: (Group) ANATOLI CHEJOV: change weapon
 8:43:30 BattlEye Server: (Group) ANATOLI CHEJOV: we almost have to prepare for the worst 
 8:43:34 BattlEye Server: (Group) ANATOLI CHEJOV: that ismylema
 8:43:42 BattlEye Server: (Group) ANATOLI CHEJOV: yes
 8:44:26 BattlEye Server: (Group) ANATOLI CHEJOV: rollwhat 
 8:44:44 BattlEye Server: (Group) ANATOLI CHEJOV: nothatisyopurs 
 8:44:53 BattlEye Server: (Group) ANATOLI CHEJOV: you do what ever you want there
 8:45:17 BattlEye Server: (Group) ANATOLI CHEJOV: with enhance yes
 8:45:27 BattlEye Server: (Group) ANATOLI CHEJOV: but once is removed
 8:45:30 BattlEye Server: (Group) ANATOLI CHEJOV: no
 8:48:17 BattlEye Server: (Group) ANATOLI CHEJOV: there
 8:48:34 BattlEye Server: (Group) ANATOLI CHEJOV: yes
 8:49:06 BattlEye Server: (Group) ANATOLI CHEJOV: nothat tower 
 8:49:26 BattlEye Server: (Group) ANATOLI CHEJOV: that tower will be gone 
 8:49:34 BattlEye Server: (Group) ANATOLI CHEJOV: isfor the other site
 8:49:49 BattlEye Server: (Group) ANATOLI CHEJOV: ok wach my movement 
 8:49:57 BattlEye Server: (Group) ANATOLI CHEJOV: you can coverthat 
 8:50:21 BattlEye Server: (Group) ANATOLI CHEJOV: see
 8:50:27 BattlEye Server: (Group) ANATOLI CHEJOV: that 