 9:01:37 BattlEye Server: Initialized (v1.217)
 9:01:37 Host identity created.
 9:01:37 Game Port: 2307, Steam Query Port: 2308
 9:01:38 Mission A3Wasteland Altis v1.4c read from bank.
 9:01:39 Roles assigned.
 9:01:39 Reading mission ...
 9:02:11 Mission read.
 9:02:12 Game started.
10:48:34 P23-j uses modified data file
10:48:34 BattlEye Server: Player #0 P23-j (84.226.29.52:2309) connected
10:48:34 Player P23-j connecting.
10:48:35 BattlEye Server: Connected to BE Master
10:48:37 BattlEye Server: Player #0 P23-j - BE GUID: 0787eb878443ac7e21d4e10343937917
10:48:37 Player P23-j connected (id=76561198008252280).
10:48:37 BattlEye Server: Verified GUID (0787eb878443ac7e21d4e10343937917) of player #0 P23-j
10:52:26 Player P23-j is losing connection
10:53:47 Player P23-j disconnected.
10:53:47 BattlEye Server: Player #0 P23-j disconnected
11:44:20 RockstarGaming uses modified data file
11:44:20 BattlEye Server: Player #0 RockstarGaming (107.204.216.18:2304) connected
11:44:20 Player RockstarGaming connecting.
11:44:22 BattlEye Server: Player #0 RockstarGaming - BE GUID: 23fe7edb77e6acee989bf1757f516554
11:44:22 Player RockstarGaming connected (id=76561198250040454).
11:44:22 BattlEye Server: Verified GUID (23fe7edb77e6acee989bf1757f516554) of player #0 RockstarGaming
11:45:59 Mingus uses modified data file
11:45:59 BattlEye Server: Player #1 Mingus (67.253.55.131:2309) connected
11:45:59 Player Mingus connecting.
11:46:01 BattlEye Server: Player #1 Mingus - BE GUID: 9acde5769dd9895469f859104370b094
11:46:31 Player Mingus connected (id=76561198032047803).
11:46:31 BattlEye Server: Verified GUID (9acde5769dd9895469f859104370b094) of player #1 Mingus
11:47:38 BattlEye Server: (Side) Mingus: here
12:02:20 speedweed uses modified data file
12:02:20 BattlEye Server: Player #2 speedweed (24.251.178.99:2309) connected
12:02:20 Player speedweed connecting.
12:02:22 BattlEye Server: Player #2 speedweed - BE GUID: b01a7aa08dad6e102b8a7c5e6f11b5f8
12:02:23 Player speedweed connected (id=76561197967358034).
12:02:23 BattlEye Server: Verified GUID (b01a7aa08dad6e102b8a7c5e6f11b5f8) of player #2 speedweed
12:02:32 Player speedweed disconnected.
12:02:32 BattlEye Server: Player #2 speedweed disconnected
12:31:48 High Alert Highlander  uses modified data file
12:31:48 BattlEye Server: Player #2 High Alert Highlander  (190.171.107.63:62725) connected
12:31:48 Player High Alert Highlander  connecting.
12:31:52 BattlEye Server: Player #2 High Alert Highlander  - BE GUID: a01f35e030c4464ff5b5e9c18ddf0195
12:31:55 Player High Alert Highlander  connected (id=76561198065774594).
12:31:55 BattlEye Server: Verified GUID (a01f35e030c4464ff5b5e9c18ddf0195) of player #2 High Alert Highlander 
12:34:24 Admin logged in, player: High Alert Highlander , playerUID: 76561198065774594, IP: 192.168.0.10:2309.
12:41:37 Player Mingus disconnected.
12:41:37 BattlEye Server: Player #1 Mingus disconnected
12:48:04 BattlEye Server: (Global) RockstarGaming: are u at altis patrol
12:48:18 BattlEye Server: (Global) High Alert Highlander : yes why 
12:48:31 BattlEye Server: (Global) RockstarGaming: cuz it says ur getting at missles
12:48:40 BattlEye Server: (Global) RockstarGaming: so i thought you might be shooting the tanks
12:48:49 BattlEye Server: (Global) High Alert Highlander : whereit says that 
12:48:59 BattlEye Server: (Global) RockstarGaming: in the chat thing
12:49:13 BattlEye Server: (Global) High Alert Highlander : thks you for letting meknow that Rock 
12:49:24 BattlEye Server: (Global) RockstarGaming: um
12:49:31 BattlEye Server: (Global) RockstarGaming: are you gonna change it
12:49:48 BattlEye Server: (Global) High Alert Highlander : that should not appeir  
12:50:00 BattlEye Server: (Global) High Alert Highlander : so thks for letting me know 
12:50:26 BattlEye Server: (Global) RockstarGaming: its says Notice high alert Highlander used the admin menu to obtain  Titan at missle
12:50:37 BattlEye Server: (Global) High Alert Highlander : Yes thks you
12:50:54 BattlEye Server: (Global) RockstarGaming: but its not cool to spawn stuff in when ur fighting somone
12:51:06 BattlEye Server: (Global) RockstarGaming: so pls dont do that
12:51:07 BattlEye Server: (Global) High Alert Highlander : ofcoursenot 
12:53:09 BattlEye Server: (Global) RockstarGaming: well cya later i gtg somwhere
12:53:17 BattlEye Server: (Global) High Alert Highlander : sure
12:53:26 BattlEye Server: (Global) RockstarGaming: bye
12:53:39 Player RockstarGaming disconnected.
12:53:39 BattlEye Server: Player #0 RockstarGaming disconnected
12:59:41 GBH D4RKAT0M uses modified data file
12:59:41 BattlEye Server: Player #3 GBH D4RKAT0M (71.231.130.89:2304) connected
12:59:41 Player GBH D4RKAT0M connecting.
12:59:43 BattlEye Server: Player #3 GBH D4RKAT0M - BE GUID: 658f8866962b960de2a2d80fad3df900
12:59:44 Player GBH D4RKAT0M disconnected.
12:59:44 BattlEye Server: Player #3 GBH D4RKAT0M disconnected
13:09:20 Player High Alert Highlander  disconnected.
13:09:20 BattlEye Server: Player #2 High Alert Highlander  disconnected
13:09:20 Admin logged out, player: High Alert Highlander , playerUID: 76561198065774594, IP: 192.168.0.10:2309.
13:26:45 High Alert Highlander  uses modified data file
13:26:45 BattlEye Server: Player #0 High Alert Highlander  (190.171.107.63:62725) connected
13:26:45 Player High Alert Highlander  connecting.
13:26:49 BattlEye Server: Player #0 High Alert Highlander  - BE GUID: a01f35e030c4464ff5b5e9c18ddf0195
13:26:52 Player High Alert Highlander  connected (id=76561198065774594).
13:26:52 BattlEye Server: Verified GUID (a01f35e030c4464ff5b5e9c18ddf0195) of player #0 High Alert Highlander 
13:28:50 Admin logged in, player: High Alert Highlander , playerUID: 76561198065774594, IP: 192.168.0.10:2309.
13:32:42 Mason uses modified data file
13:32:42 BattlEye Server: Player #1 Mason (71.81.137.47:2309) connected
13:32:42 Player Mason connecting.
13:32:44 BattlEye Server: Player #1 Mason - BE GUID: 955d09b6e1dde9360ceebc2963df084d
13:32:45 Player Mason connected (id=76561198026943270).
13:32:45 BattlEye Server: Verified GUID (955d09b6e1dde9360ceebc2963df084d) of player #1 Mason
13:34:15 BattlEye Server: (Group) High Alert Highlander : himason
13:34:39 BattlEye Server: (Side) Mason: afternoon
13:34:48 BattlEye Server: (Group) Mason: i'm in discord
13:39:14 BattlEye Server: (Group) Mason: u there?
13:39:34 BattlEye Server: (Group) High Alert Highlander : yes 
13:39:42 BattlEye Server: (Group) High Alert Highlander : but imbusy 
13:39:47 BattlEye Server: (Group) High Alert Highlander : just a moment 
13:39:52 BattlEye Server: (Group) High Alert Highlander : ok
13:48:24 BattlEye Server: (Group) High Alert Highlander : i banned the Trans guy yesterday completely 
13:49:39 BattlEye Server: (Group) High Alert Highlander : first i was in the store with rou  and  we declare no killing remember 
13:49:51 BattlEye Server: (Group) High Alert Highlander : so ui was teaching rou the weapons 
13:50:31 BattlEye Server: (Group) High Alert Highlander : and explaining everything  from  all sutten fromno where  an artellery strike hit the gunsstore 
13:50:59 BattlEye Server: (Group) High Alert Highlander : killing ROU  and for some reason said that he injured me but he didth 
13:51:06 BattlEye Server: (Group) High Alert Highlander : so i revive rou 
13:51:20 BattlEye Server: (Group) High Alert Highlander : and we run 
13:51:29 BattlEye Server: (Group) High Alert Highlander : so i chat him  dude wtf 
13:51:50 BattlEye Server: (Group) High Alert Highlander : Soory gun store in kabala 
13:52:15 BattlEye Server: (Group) High Alert Highlander : in the rules specific says no killing inside stores 
13:52:23 BattlEye Server: (Group) High Alert Highlander : we put then  there 
13:52:31 BattlEye Server: (Group) High Alert Highlander : i write the rules 
13:52:48 BattlEye Server: (Group) High Alert Highlander : that is reason why highligts in the map 
13:53:17 BattlEye Server: (Group) High Alert Highlander : so he start saying that im using admin powers that i should be dead 
13:53:32 BattlEye Server: (Group) High Alert Highlander : and i tell him and you should read the rules 
13:53:43 BattlEye Server: (Group) High Alert Highlander : NO KILLING INSIDE STORES
13:54:01 BattlEye Server: (Group) High Alert Highlander : so he tsrat saying where the fuck is that on the rules 
13:54:22 BattlEye Server: (Group) High Alert Highlander : and i also tell him what the fuck  we said no pvp 
13:54:30 BattlEye Server: (Group) High Alert Highlander : im with a new guy explaining him 
13:54:41 BattlEye Server: (Group) High Alert Highlander : so he start as a smart ass 
13:54:53 BattlEye Server: (Group) High Alert Highlander : so i bring rou tho the base tell himstay there 
13:55:01 BattlEye Server: (Group) High Alert Highlander : and i go and hunt the guy 
13:55:08 BattlEye Server: (Group) High Alert Highlander : kill him 2 times 
13:55:28 BattlEye Server: (Group) High Alert Highlander : and i took everything from his bodys 
13:55:39 BattlEye Server: (Group) High Alert Highlander : with 670k  the first time 
13:55:45 BattlEye Server: (Group) High Alert Highlander : he gets upset 
13:56:09 BattlEye Server: (Group) High Alert Highlander : so he tells me that hiow imkilling him 
13:56:21 BattlEye Server: (Group) High Alert Highlander : from so far 
13:56:40 BattlEye Server: (Group) High Alert Highlander : that im at  more than 1 click distance 
13:56:53 BattlEye Server: (Group) High Alert Highlander : and answer  due im sorry im good 
13:57:22 BattlEye Server: (Group) High Alert Highlander : this is nothing  to du  with admin rights 
13:57:33 BattlEye Server: (Group) High Alert Highlander : so he start saying that im cheating 
13:57:45 BattlEye Server: (Group) High Alert Highlander : so i just said 
13:58:01 BattlEye Server: (Group) High Alert Highlander : u know trans was nioce to have you here and now u r out 
13:58:07 BattlEye Server: (Group) High Alert Highlander : i banned him 
13:58:21 BattlEye Server: (Group) High Alert Highlander : he sendme a resquest on  steam 
13:58:26 BattlEye Server: (Group) High Alert Highlander : i block that 
13:58:41 BattlEye Server: (Group) High Alert Highlander : he send a new request tio discord -i banned that 
13:58:59 BattlEye Server: (Group) High Alert Highlander : by last he send  rockstart to ask me to unbanned him 
13:59:05 BattlEye Server: (Group) High Alert Highlander : that is not fair 
13:59:19 BattlEye Server: (Group) High Alert Highlander : i toll rock that tell him that i said Fuck you 
13:59:35 BattlEye Server: (Group) High Alert Highlander : u r not welcme 
13:59:59 BattlEye Server: (Group) High Alert Highlander : yea
14:00:25 BattlEye Server: (Group) High Alert Highlander : yes iknow
14:01:13 BattlEye Server: (Group) High Alert Highlander : yes
14:03:00 BattlEye Server: (Group) High Alert Highlander : yes
14:04:33 BattlEye Server: (Group) High Alert Highlander : its opening at server restart 
14:05:13 BattlEye Server: (Group) High Alert Highlander : easy put two gates 
14:05:39 BattlEye Server: (Group) High Alert Highlander : they are always going to openat server restart 
14:05:53 BattlEye Server: (Group) High Alert Highlander : yes 
14:06:00 BattlEye Server: (Group) High Alert Highlander : yes
14:06:26 BattlEye Server: (Group) High Alert Highlander : that is the gate 
14:06:40 BattlEye Server: (Group) High Alert Highlander : place another
14:06:56 BattlEye Server: (Group) High Alert Highlander : buy all that  
14:06:59 BattlEye Server: (Group) High Alert Highlander : letmeknow 
14:07:10 BattlEye Server: (Group) High Alert Highlander : 4 gates keys 
14:07:29 BattlEye Server: (Group) High Alert Highlander : 4  smal canal walls also 
14:12:27 BattlEye Server: (Group) High Alert Highlander : yes
14:22:51 BattlEye Server: (Group) High Alert Highlander : yes
14:23:03 BattlEye Server: (Group) High Alert Highlander : yes}
14:23:11 BattlEye Server: (Group) High Alert Highlander : and the kyes
14:23:36 BattlEye Server: (Group) High Alert Highlander : the gate keys 
14:23:43 BattlEye Server: (Group) High Alert Highlander : ok
14:23:45 BattlEye Server: (Group) High Alert Highlander : yes
14:24:14 BattlEye Server: (Group) High Alert Highlander : the gates ?
14:24:46 BattlEye Server: (Group) High Alert Highlander : yes 