15:03:49 BattlEye Server: Initialized (v1.217)
15:03:49 Host identity created.
15:03:50 Game Port: 2307, Steam Query Port: 2308
15:03:50 Mission A3Wasteland Altis v1.4c read from bank.
15:03:51 Roles assigned.
15:03:52 Reading mission ...
15:04:33 Mission read.
15:04:33 Game started.
15:08:27 RockstarGaming uses modified data file
15:08:27 BattlEye Server: Player #0 RockstarGaming (107.204.216.18:2304) connected
15:08:27 Player RockstarGaming connecting.
15:08:28 BattlEye Server: Connected to BE Master
15:08:29 BattlEye Server: Player #0 RockstarGaming - BE GUID: 23fe7edb77e6acee989bf1757f516554
15:08:30 Player RockstarGaming connected (id=76561198250040454).
15:08:30 BattlEye Server: Verified GUID (23fe7edb77e6acee989bf1757f516554) of player #0 RockstarGaming
15:09:10 velle uses modified data file
15:09:10 BattlEye Server: Player #1 velle (71.145.213.179:2309) connected
15:09:10 Player velle connecting.
15:09:13 BattlEye Server: Player #1 velle - BE GUID: 0d77c29e6c045e2d0e36df03428a6508
15:09:14 Player velle connected (id=76561198800002447).
15:09:14 BattlEye Server: Verified GUID (0d77c29e6c045e2d0e36df03428a6508) of player #1 velle
15:12:42 Player velle: Signature check timed out
15:12:42 Player velle disconnected.
15:12:42 BattlEye Server: Player #1 velle disconnected
15:15:24 velle uses modified data file
15:15:24 BattlEye Server: Player #1 velle (71.145.213.179:2309) connected
15:15:24 Player velle connecting.
15:15:27 BattlEye Server: Player #1 velle - BE GUID: 0d77c29e6c045e2d0e36df03428a6508
15:15:27 Player velle connected (id=76561198800002447).
15:15:27 BattlEye Server: Verified GUID (0d77c29e6c045e2d0e36df03428a6508) of player #1 velle
15:16:46 BattlEye Server: (Global) RockstarGaming: hey
15:21:00 Maverick uses modified data file
15:21:00 BattlEye Server: Player #2 Maverick (73.11.224.245:2304) connected
15:21:00 Player Maverick connecting.
15:21:03 BattlEye Server: Player #2 Maverick - BE GUID: 7c7ec5aa91a9a2fcd7dbbfdcbc11b7a0
15:21:03 Player Maverick connected (id=76561198116306114).
15:21:03 BattlEye Server: Verified GUID (7c7ec5aa91a9a2fcd7dbbfdcbc11b7a0) of player #2 Maverick
15:22:55 Player Maverick disconnected.
15:22:55 BattlEye Server: Player #2 Maverick disconnected
15:23:12 Maverick uses modified data file
15:23:12 BattlEye Server: Player #2 Maverick (73.11.224.245:2304) connected
15:23:12 Player Maverick connecting.
15:23:14 BattlEye Server: Player #2 Maverick - BE GUID: 7c7ec5aa91a9a2fcd7dbbfdcbc11b7a0
15:23:14 Player Maverick connected (id=76561198116306114).
15:23:14 BattlEye Server: Verified GUID (7c7ec5aa91a9a2fcd7dbbfdcbc11b7a0) of player #2 Maverick
15:23:19 Player Maverick disconnected.
15:23:19 BattlEye Server: Player #2 Maverick disconnected
15:48:07 Soft Fluffy Cuddlebear uses modified data file
15:48:07 BattlEye Server: Player #2 Soft Fluffy Cuddlebear (190.171.107.94:62720) connected
15:48:07 Player Soft Fluffy Cuddlebear connecting.
15:48:09 BattlEye Server: Player #2 Soft Fluffy Cuddlebear - BE GUID: a01f35e030c4464ff5b5e9c18ddf0195
15:48:10 Player Soft Fluffy Cuddlebear connected (id=76561198065774594).
15:48:10 BattlEye Server: Verified GUID (a01f35e030c4464ff5b5e9c18ddf0195) of player #2 Soft Fluffy Cuddlebear
16:01:46 Marques uses modified data file
16:01:46 BattlEye Server: Player #3 Marques (187.126.94.116:27864) connected
16:01:46 Player Marques connecting.
16:01:48 BattlEye Server: Player #3 Marques - BE GUID: a1b1fb6a88fc1d0bf9b65067a4f4f6a9
16:01:49 Player Marques connected (id=76561198343381444).
16:01:49 BattlEye Server: Verified GUID (a1b1fb6a88fc1d0bf9b65067a4f4f6a9) of player #3 Marques
16:09:52 BattlEye Server: (Global) RockstarGaming: thats the only thing you use
16:10:30 BattlEye Server: (Global) RockstarGaming: why not go on the ground with a vehicle
16:10:32 BattlEye Server: (Global) velle: ADMIN UR A GAY LITTLE BITCH ASS PUSSY
16:10:41 BattlEye Server: (Global) RockstarGaming: jeez
16:11:08 BattlEye Server: (Global) Soft Fluffy Cuddlebear: lmao
16:15:49 Player velle disconnected.
16:15:49 BattlEye Server: Player #1 velle disconnected
16:16:11 BattlEye Server: (Global) RockstarGaming: nice helicopter
16:16:29 BattlEye Server: (Global) RockstarGaming: oh wait
16:16:33 BattlEye Server: (Global) RockstarGaming: that coastal patrol
16:16:35 BattlEye Server: (Global) RockstarGaming: nvm
16:16:41 BattlEye Server: (Global) Soft Fluffy Cuddlebear: lol
16:16:45 BattlEye Server: (Global) RockstarGaming: XD
16:17:05 BattlEye Server: (Global) RockstarGaming: OH MY GOSH WHAT SI IT DOING
16:19:09 BattlEye Server: (Global) RockstarGaming: rip
16:20:20 Player Marques disconnected.
16:20:20 BattlEye Server: Player #3 Marques disconnected
16:20:33 BattlEye Server: (Global) RockstarGaming: hey
16:23:41 BattlEye Server: (Global) RockstarGaming: how come you banned me for 24 hours when me and my friend got in your base
16:24:01 BattlEye Server: (Global) RockstarGaming: we used a mod called enhanced movment
16:24:23 BattlEye Server: (Global) Soft Fluffy Cuddlebear: i dont know what areu talikinga about 
16:24:28 BattlEye Server: (Global) Soft Fluffy Cuddlebear: im not admin 
16:24:45 BattlEye Server: (Global) RockstarGaming: who are you or are you jyst trolling me
16:24:58 BattlEye Server: (Global) Soft Fluffy Cuddlebear: i just like tokill 
16:26:06 BattlEye Server: (Global) RockstarGaming: are you antanoli chejov
16:26:14 BattlEye Server: (Global) Soft Fluffy Cuddlebear: what 
16:26:28 BattlEye Server: (Global) RockstarGaming: did you change your name before
16:26:34 BattlEye Server: (Global) Soft Fluffy Cuddlebear: dude you got isseus this is a game
16:26:45 BattlEye Server: (Global) RockstarGaming: ?
16:26:48 BattlEye Server: (Global) RockstarGaming: what do you mean
16:27:02 BattlEye Server: (Global) RockstarGaming: im just asking if you have changed your name
16:27:07 BattlEye Server: (Global) RockstarGaming: its a question
16:27:26 BattlEye Server: (Global) Soft Fluffy Cuddlebear: thks forthemoney just pickthat up
16:27:51 BattlEye Server: (Global) RockstarGaming: uh
16:28:17 BattlEye Server: (Global) Soft Fluffy Cuddlebear: 1.5 millionsnice
16:28:25 BattlEye Server: (Global) RockstarGaming: good for you
16:28:30 BattlEye Server: (Global) Soft Fluffy Cuddlebear: thks
16:28:40 BattlEye Server: (Global) RockstarGaming: your welcome
16:28:57 BattlEye Server: (Global) RockstarGaming: can we do some missions
16:29:04 BattlEye Server: (Global) RockstarGaming: in an independant group
16:29:07 BattlEye Server: (Global) Soft Fluffy Cuddlebear: i play solo
16:29:16 BattlEye Server: (Global) RockstarGaming: btw sorry for bothering you
16:29:23 BattlEye Server: (Global) RockstarGaming: i thought you were sombodey else
16:30:15 BattlEye Server: (Global) Soft Fluffy Cuddlebear: anatoli have kill mesevraltimes  he is reallygood  so dont blameu 
16:30:31 BattlEye Server: (Global) RockstarGaming: ?
16:30:46 BattlEye Server: (Global) RockstarGaming: do you know him
16:30:56 BattlEye Server: (Global) Soft Fluffy Cuddlebear: the anatolui u r talking about 
16:31:01 BattlEye Server: (Global) Soft Fluffy Cuddlebear: is a russian dude
16:31:15 BattlEye Server: (Global) RockstarGaming: he said he was italian but okay
16:31:23 BattlEye Server: (Global) Soft Fluffy Cuddlebear: the admins here are sargeant and highlander
16:31:35 BattlEye Server: (Global) RockstarGaming: oh
16:31:42 BattlEye Server: (Global) Soft Fluffy Cuddlebear: but higlander have sevralmonths that dont come in 
16:31:51 BattlEye Server: (Global) RockstarGaming: where has highlander been?
16:31:54 BattlEye Server: (Global) Soft Fluffy Cuddlebear: also sargeant 
16:32:02 BattlEye Server: (Global) Soft Fluffy Cuddlebear: dk
16:32:18 BattlEye Server: (Global) Soft Fluffy Cuddlebear: he oplayin BUIB
16:32:22 BattlEye Server: (Global) Soft Fluffy Cuddlebear: BIB
16:32:27 BattlEye Server: (Global) Soft Fluffy Cuddlebear: allot
16:32:45 BattlEye Server: (Global) RockstarGaming: it sucks that this is the only server that has only rhs mods
16:32:48 BattlEye Server: (Global) RockstarGaming: for sanbox
16:32:54 BattlEye Server: (Global) RockstarGaming: but u cant even earn money
16:33:26 BattlEye Server: (Global) RockstarGaming: cuz everytime somone does a mission they just get bombed
16:33:42 BattlEye Server: (Global) Soft Fluffy Cuddlebear: is pvpserver
16:33:57 BattlEye Server: (Global) RockstarGaming: yeah ik
16:34:24 BattlEye Server: (Global) RockstarGaming: there no player vs player if the onlthing people do is use artillery strikes
16:34:43 racecar uses modified data file
16:34:43 BattlEye Server: Player #3 racecar (68.108.26.90:2304) connected
16:34:43 Player racecar connecting.
16:34:45 BattlEye Server: Player #3 racecar - BE GUID: 7ebde3a7b5eabeb8d63f87c3646e90e2
16:34:45 BattlEye Server: (Global) Soft Fluffy Cuddlebear: WE USE ANYTHING THAT WE HAVE AT HAND
16:34:45 Player racecar connected (id=76561198843194443).
16:34:45 BattlEye Server: Verified GUID (7ebde3a7b5eabeb8d63f87c3646e90e2) of player #3 racecar
16:34:58 Player racecar disconnected.
16:34:58 BattlEye Server: Player #3 racecar disconnected
16:35:13 BattlEye Server: (Global) RockstarGaming: well that seems to be like 20 artillery strikes
16:35:43 racecar uses modified data file
16:35:43 BattlEye Server: Player #3 racecar (68.108.26.90:2304) connected
16:35:43 Player racecar connecting.
16:35:45 BattlEye Server: Player #3 racecar - BE GUID: 7ebde3a7b5eabeb8d63f87c3646e90e2
16:35:45 Player racecar connected (id=76561198843194443).
16:35:45 BattlEye Server: Verified GUID (7ebde3a7b5eabeb8d63f87c3646e90e2) of player #3 racecar
16:35:58 BattlEye Server: (Global) Soft Fluffy Cuddlebear: those r cheap to resupply 
16:36:05 BattlEye Server: (Global) RockstarGaming: what do you mean
16:36:13 BattlEye Server: (Global) RockstarGaming: they are 500 k to buy
16:36:36 BattlEye Server: (Global) Soft Fluffy Cuddlebear: lol
16:36:49 BattlEye Server: (Global) Soft Fluffy Cuddlebear: the art land vehiculs
16:36:56 BattlEye Server: (Global) Soft Fluffy Cuddlebear: you resupply them
16:37:17 BattlEye Server: (Global) RockstarGaming: oh
16:38:31 BattlEye Server: (Global) racecar: sup dirty niggers
16:38:38 BattlEye Server: (Global) racecar: haha jk :P
16:39:07 Mason uses modified data file
16:39:07 BattlEye Server: Player #4 Mason (24.207.152.238:2309) connected
16:39:07 Player Mason connecting.
16:39:09 BattlEye Server: Player #4 Mason - BE GUID: 955d09b6e1dde9360ceebc2963df084d
16:39:10 BattlEye Server: (Global) racecar: dis a cool server?
16:39:10 Player Mason connected (id=76561198026943270).
16:39:10 BattlEye Server: Verified GUID (955d09b6e1dde9360ceebc2963df084d) of player #4 Mason
16:39:17 BattlEye Server: (Global) racecar: frst time on it
16:39:26 BattlEye Server: (Global) RockstarGaming: pretty good
16:39:27 BattlEye Server: (Global) racecar: im naked lol
16:39:34 BattlEye Server: (Global) racecar: are there drones allowed? :D
16:39:41 Player Mason disconnected.
16:39:41 BattlEye Server: Player #4 Mason disconnected
16:39:47 BattlEye Server: (Global) RockstarGaming: yeah theres UAVS
16:39:52 BattlEye Server: (Global) racecar: coool :D
16:40:05 BattlEye Server: (Global) RockstarGaming: why is that all you use?
16:40:13 BattlEye Server: (Global) racecar: are they cheap to rearm and first and mostly first are they easy to afford? i.e is money easy to make on here?
16:40:22 BattlEye Server: (Global) racecar: yea im planning on it lol to farm mission wit hthe drone :D
16:40:30 BattlEye Server: (Global) racecar: i wont camp em dont worry
16:40:40 BattlEye Server: (Global) RockstarGaming: well
16:40:52 BattlEye Server: (Global) RockstarGaming: things are  pretty expensive
16:41:01 BattlEye Server: (Global) racecar: ahhh aw man really that sucks..:(
16:41:14 BattlEye Server: (Global) RockstarGaming: but if you do the big money missions youll get a lot
16:41:18 BattlEye Server: (Global) racecar: wow
16:41:19 BattlEye Server: (Global) RockstarGaming: but then when your looting
16:41:41 BattlEye Server: (Global) RockstarGaming: the only thing people do is spam artillery strikes so u cant get away
16:41:49 BattlEye Server: (Global) racecar: lol
16:41:50 Player racecar disconnected.
16:41:50 BattlEye Server: Player #3 racecar disconnected
16:41:52 BattlEye Server: (Global) RockstarGaming: instead of coming on foot
16:41:53 ra