21:01:35 BattlEye Server: Initialized (v1.217)
21:01:35 Host identity created.
21:01:35 Game Port: 2307, Steam Query Port: 2308
21:01:35 Mission A3Wasteland Altis v1.4c read from bank.
21:01:37 Roles assigned.
21:01:37 Reading mission ...
21:02:09 Mission read.
21:02:09 Game started.
21:05:00 Mason uses modified data file
21:05:00 BattlEye Server: Player #0 Mason (71.81.137.47:2309) connected
21:05:00 Player Mason connecting.
21:05:01 BattlEye Server: Connected to BE Master
21:05:02 BattlEye Server: Player #0 Mason - BE GUID: 955d09b6e1dde9360ceebc2963df084d
21:05:02 Player Mason connected (id=76561198026943270).
21:05:02 BattlEye Server: Verified GUID (955d09b6e1dde9360ceebc2963df084d) of player #0 Mason
21:10:03 ANATOLI CHEJOV uses modified data file
21:10:03 BattlEye Server: Player #1 ANATOLI CHEJOV (190.171.107.50:62725) connected
21:10:03 Player ANATOLI CHEJOV connecting.
21:10:06 BattlEye Server: Player #1 ANATOLI CHEJOV - BE GUID: a01f35e030c4464ff5b5e9c18ddf0195
21:10:06 Player ANATOLI CHEJOV connected (id=76561198065774594).
21:10:06 BattlEye Server: Verified GUID (a01f35e030c4464ff5b5e9c18ddf0195) of player #1 ANATOLI CHEJOV
21:13:55 BattlEye Server: (Group) ANATOLI CHEJOV: rucoming
21:14:59 BattlEye Server: (Group) ANATOLI CHEJOV: yea just wan to make amissionfirstb 
21:17:45 BattlEye Server: (Group) ANATOLI CHEJOV: yes
21:19:57 BattlEye Server: (Group) ANATOLI CHEJOV: y3es
21:20:05 BattlEye Server: (Group) ANATOLI CHEJOV: no
21:20:15 BattlEye Server: (Group) ANATOLI CHEJOV: x10 nv 
21:20:26 BattlEye Server: (Group) ANATOLI CHEJOV: leopolt
21:24:59 BattlEye Server: (Group) ANATOLI CHEJOV: yes
21:29:57 BattlEye Server: (Group) ANATOLI CHEJOV: healmepls
21:30:12 BattlEye Server: (Group) ANATOLI CHEJOV: healmepls
21:30:29 BattlEye Server: (Group) ANATOLI CHEJOV: helpmepls
21:30:50 BattlEye Server: (Group) ANATOLI CHEJOV: thks
21:36:12 BattlEye Server: (Group) ANATOLI CHEJOV: coming
21:38:44 BattlEye Server: (Group) ANATOLI CHEJOV: upinthe tower
21:42:14 BattlEye Server: (Group) ANATOLI CHEJOV: there beheif 
21:42:20 BattlEye Server: (Group) ANATOLI CHEJOV: is like real
21:42:57 BattlEye Server: (Group) ANATOLI CHEJOV: noidea
21:45:06 BattlEye Server: (Group) ANATOLI CHEJOV: hidding this here
21:45:52 BattlEye Server: (Group) ANATOLI CHEJOV: lets full thisfromtyhose guys things
21:46:33 BattlEye Server: (Group) ANATOLI CHEJOV: fullthat 
21:50:08 BattlEye Server: (Group) ANATOLI CHEJOV: fullyiong that truck with gear 
21:51:23 BattlEye Server: (Group) ANATOLI CHEJOV: yes
21:52:14 grant uses modified data file
21:52:14 BattlEye Server: Player #2 grant (99.50.197.212:2304) connected
21:52:14 Player grant connecting.
21:52:16 BattlEye Server: Player #2 grant - BE GUID: 2b287069294bd88292040b1fcadb2832
21:52:16 Player grant connected (id=76561198288664248).
21:52:17 BattlEye Server: Verified GUID (2b287069294bd88292040b1fcadb2832) of player #2 grant
21:52:18 Player grant disconnected.
21:52:18 BattlEye Server: Player #2 grant disconnected
22:03:19 BattlEye Server: (Group) ANATOLI CHEJOV: yes
22:05:48 BattlEye Server: (Group) ANATOLI CHEJOV: yes
22:06:37 BattlEye Server: (Group) ANATOLI CHEJOV: yes
22:06:47 BattlEye Server: (Group) ANATOLI CHEJOV: no
22:07:06 BattlEye Server: (Group) ANATOLI CHEJOV: exactly
22:07:20 BattlEye Server: (Group) ANATOLI CHEJOV: yeap
22:08:10 BattlEye Server: (Group) ANATOLI CHEJOV: yea
22:08:34 BattlEye Server: (Group) ANATOLI CHEJOV: i toll you it was bandit
22:08:41 BattlEye Server: (Group) ANATOLI CHEJOV: i know his way 
22:09:01 BattlEye Server: (Group) ANATOLI CHEJOV: rocket  i banned him 
22:09:16 BattlEye Server: (Group) ANATOLI CHEJOV: because he bring back the trans guy 
22:09:24 BattlEye Server: (Group) ANATOLI CHEJOV: under the name of lethal 
22:09:59 BattlEye Server: (Group) ANATOLI CHEJOV: so i benned both by ip in the server
22:10:12 BattlEye Server: (Group) ANATOLI CHEJOV: with theserverproviders
22:10:25 BattlEye Server: (Group) ANATOLI CHEJOV: and that is why sarg took away the rights fromme
22:11:14 BattlEye Server: (Group) ANATOLI CHEJOV: dude is all good
22:11:25 Batt