10:07:37 BattlEye Server: Initialized (v1.217)
10:07:37 Host identity created.
10:07:37 Game Port: 2307, Steam Query Port: 2308
10:07:37 Mission A3Wasteland Altis v1.4c read from bank.
10:07:39 Roles assigned.
10:07:39 Reading mission ...
10:08:11 Mission read.
10:08:11 Game started.
10:26:30 Nomad uses modified data file
10:26:30 BattlEye Server: Player #0 Nomad (72.2.87.223:2309) connected
10:26:30 Player Nomad connecting.
10:26:31 BattlEye Server: Connected to BE Master
10:26:34 BattlEye Server: Player #0 Nomad - BE GUID: 2c853ec312535bfcf126f363375c7773
10:26:37 Player Nomad connected (id=76561198173921406).
10:26:37 BattlEye Server: Verified GUID (2c853ec312535bfcf126f363375c7773) of player #0 Nomad
10:45:20 Kelley uses modified data file
10:45:21 BattlEye Server: Player #1 Kelley (70.185.220.188:2304) connected
10:45:21 Player Kelley connecting.
10:45:23 BattlEye Server: Player #1 Kelley - BE GUID: 9203e4ecbc8752f0deee620c6fb3f677
10:45:24 Player Kelley connected (id=76561198433113349).
10:45:24 BattlEye Server: Verified GUID (9203e4ecbc8752f0deee620c6fb3f677) of player #1 Kelley
10:53:41 High Alert Highlander  uses modified data file
10:53:41 BattlEye Server: Player #2 High Alert Highlander  (190.171.107.107:62725) connected
10:53:41 Player High Alert Highlander  connecting.
10:53:45 BattlEye Server: Player #2 High Alert Highlander  - BE GUID: a01f35e030c4464ff5b5e9c18ddf0195
10:53:48 Player High Alert Highlander  connected (id=76561198065774594).
10:53:48 BattlEye Server: Verified GUID (a01f35e030c4464ff5b5e9c18ddf0195) of player #2 High Alert Highlander 
10:56:21 BattlEye Server: (Global) High Alert Highlander : hi guys 
10:56:37 BattlEye Server: (Global) Nomad: Hey
11:04:56 Admin logged in, player: High Alert Highlander , playerUID: 76561198065774594, IP: 192.168.0.10:2309.
11:09:40 Mike uses modified data file
11:09:40 BattlEye Server: Player #3 Mike (68.101.250.189:2309) connected
11:09:40 Player Mike connecting.
11:09:43 BattlEye Server: Player #3 Mike - BE GUID: 2809e35d6020803708265023e69c1ec6
11:09:43 Player Mike connected (id=76561198081253129).
11:09:43 BattlEye Server: Verified GUID (2809e35d6020803708265023e69c1ec6) of player #3 Mike
11:10:32 Player Nomad disconnected.
11:10:32 BattlEye Server: Player #0 Nomad disconnected
11:12:43 Nomad uses modified data file
11:12:43 BattlEye Server: Player #4 Nomad (72.2.87.223:2309) connected
11:12:43 Player Nomad connecting.
11:12:46 BattlEye Server: Player #4 Nomad - BE GUID: 2c853ec312535bfcf126f363375c7773
11:12:47 Player Nomad connected (id=76561198173921406).
11:12:47 BattlEye Server: Verified GUID (2c853ec312535bfcf126f363375c7773) of player #4 Nomad
11:24:48 BattlEye Server: (Global) High Alert Highlander : hey guys if you dont have a base yet you can use a second base that i have for now because i just notice in the chat logs that a cuple guys were 
11:24:57 BattlEye Server: (Global) High Alert Highlander : vehiculs in themap 
11:25:16 BattlEye Server: (Global) High Alert Highlander : a guys name sony and marck something 
11:25:42 BattlEye Server: (Global) High Alert Highlander : i see that couple tanks are destroy 
11:25:48 BattlEye Server: (Global) Kelley: Yeah we got on and found our vehicals were gone. Its my fault I forgot to put them storage
11:26:48 BattlEye Server: (Global) High Alert Highlander : well if you want you can use that base for now wile you build one 
11:26:59 BattlEye Server: (Global) High Alert Highlander : if not if up to you 
11:31:17 BattlEye Server: (Global) High Alert Highlander : if you see those guys in game pls let me know in discord so i can get in and banthem from here 
11:31:32 BattlEye Server: (Group) Nomad: Will do
11:31:35 BattlEye Server: (Global) Nomad: Will do
11:48:08 BattlEye Server: (Global) High Alert Highlander : afk
11:56:43 BattlEye Server: (Global) High Alert Highlander : 3  against  1   be  the fun begin 
11:57:02 BattlEye Server: (Global) Nomad: Im good on the pvp rn
11:57:15 BattlEye Server: (Global) High Alert Highlander : perfect 
11:57:36 BattlEye Server: (Global) Nomad: By that i mean i dont want to do it lol
11:57:46 BattlEye Server: (Global) High Alert Highlander : jajaja
11:58:27 BattlEye Server: (Global) High Alert Highlander : im carrying 250k onme for the one who kills me 
11:58:38 BattlEye Server: (Global) High Alert Highlander : \
12:02:03 kinse uses modified data file
12:02:03 BattlEye Server: Player #5 kinse (73.6.187.160:2309) connected
12:02:03 Player kinse connecting.
12:02:05 BattlEye Server: Player #5 kinse - BE GUID: 4a2144663bf51cb544e8a19ca2ee4821
12:02:06 Player kinse connected (id=76561198058437921).
12:02:06 BattlEye Server: Verified GUID (4a2144663bf51cb544e8a19ca2ee4821) of player #5 kinse
12:14:18 BattlEye Server: (Global) Kelley: you shooting at me?
12:14:24 BattlEye Server: (Global) High Alert Highlander : yes
12:14:30 BattlEye Server: (Global) Kelley: it spooked me
12:15:26 Player kinse disconnected.
12:15:26 BattlEye Server: Player #5 kinse disconnected
12:16:27 Mason uses modified data file
12:16:27 BattlEye Server: Player #5 Mason (71.81.137.47:2309) connected
12:16:27 Player Mason connecting.
12:16:29 BattlEye Server: Player #5 Mason - BE GUID: 955d09b6e1dde9360ceebc2963df084d
12:16:30 Player Mason connected (id=76561198026943270).
12:16:30 BattlEye Server: Verified GUID (955d09b6e1dde9360ceebc2963df084d) of player #5 Mason
12:17:04 BattlEye Server: (Global) High Alert Highlander : come out come out from the vs 
12:17:14 BattlEye Server: (Global) Nomad: Nope
12:17:20 BattlEye Server: (Global) High Alert Highlander : jajaja
12:20:10 BattlEye Server: (Global) High Alert Highlander : so now is 4 against 1 this will be fun 
12:20:39 BattlEye Server: (Global) Nomad: I mean techincally we're not even fighting
12:20:52 BattlEye Server: (Global) High Alert Highlander : well im 
12:22:16 Player Kelley is losing connection
12:29:22 BattlEye Server: (Global) High Alert Highlander : hi mason 
12:29:28 BattlEye Server: (Global) High Alert Highlander : long rime no see u 
12:30:44 Player Mike disconnected.
12:30:44 BattlEye Server: Player #3 Mike disconnected
12:37:11 Player Nomad is losing connection
12:38:31 Player Nomad disconnected.
12:38:31 BattlEye Server: Player #4 Nomad disconnected
12:44:52 BattlEye Server: (Global) High Alert Highlander : kelly waht happen with nomad
12:45:05 BattlEye Server: (Global) Kelley: poweroutage
12:45:20 BattlEye Server: (Global) High Alert Highlander : shit ok 
12:45:35 BattlEye Server: (Global) High Alert Highlander : im not going to attack u guys for now 
12:45:50 BattlEye Server: (Global) High Alert Highlander : i was at two secons of killing mason 
12:49:19 Nomad uses modified data file
12:49:19 BattlEye Server: Player #6 Nomad (72.2.87.223:2309) connected
12:49:19 Player Nomad connecting.
12:49:23 BattlEye Server: Player #6 Nomad - BE GUID: 2c853ec312535bfcf126f363375c7773
12:49:25 Player Nomad connected (id=76561198173921406).
12:49:25 BattlEye Server: Verified GUID (2c853ec312535bfcf126f363375c7773) of player #6 Nomad
12:56:05 BattlEye Server: (Global) High Alert Highlander : hey mason how bad u dont want to lose that tank _
12:56:33 BattlEye Server: (Global) Mason: i'd rather at least get to use it once
12:56:49 BattlEye Server: (Global) High Alert Highlander : ok 
12:57:00 BattlEye Server: (Global) High Alert Highlander : im at 900 mts from you 
12:57:16 BattlEye Server: (Global) High Alert Highlander : i wont kill u \
12:57:17 BattlEye Server: (Global) Mason: whats up with the green side today
12:57:59 BattlEye Server: (Global) High Alert Highlander : im running behind you 
12:58:19 BattlEye Server: (Global) Mason: ok
12:58:41 BattlEye Server: (Global) High Alert Highlander : can i help you on that mission 
12:58:52 BattlEye Server: (Global) Mason: yeah sure
12:59:27 BattlEye Server: (Global) Mason: is there a zoom in the gunners seat on the gun?
12:59:40 BattlEye Server: (Global) High Alert Highlander : dude i shoot 3 rockets to kely hercules and the 3 miss 
12:59:56 BattlEye Server: (Global) High Alert Highlander : the plus key on the numpat 
13:00:12 BattlEye Server: (Global) Mason: ty
13:00:25 BattlEye Server: (Global) High Alert Highlander : yw 
13:00:31 BattlEye Server: (Global) High Alert Highlander : hey kelly join us 
13:02:03 BattlEye Server: (Global) High Alert Highlander : buys buy the way a new up date 
13:02:28 BattlEye Server: (Global) High Alert Highlander : the assualt driver class now respwans with a gps included 
13:03:45 BattlEye Server: (Global) High Alert Highlander : soon we will be adding two new clases heli pilt and jet pilot 
13:03:59 BattlEye Server: (Global) Mason: sounds good
13:07:25 BattlEye Server: (Global) High Alert Highlander : welcome  back nomad
13:09:03 BattlEye Server: (Global) High Alert Highlander : first down 
13:09:57 BattlEye Server: (Global) Mason: did the patrol stop?
13:10:03 BattlEye Server: (Global) High Alert Highlander : nope 
13:10:18 BattlEye Server: (Global) Mason: rgr
13:10:22 BattlEye Server: (Global) High Alert Highlander : they r moving 
13:10:31 BattlEye Server: (Global) Kelley: Can you do something about this BS patrol that spawned ontop of me?
13:10:36 BattlEye Server: (Global) High Alert Highlander : there is one stop 
13:10:55 BattlEye Server: (Global) Mason: are u going to hit them from there?
13:11:02 BattlEye Server: (Global) High Alert Highlander : yes 
13:11:26 BattlEye Server: (Global) High Alert Highlander : oh shit  kelly no i cant 
13:11:30 BattlEye Server: (Global) Mason: k, i'll move up, i thnk they are out of range from my location
13:12:13 BattlEye Server: (Global) High Alert Highlander : i cant remove missions that is already program in the pbo 
13:14:34 Player Nomad disconnected.
13:14:34 BattlEye Server: Player #6 Nomad disconnected
13:17:08 Nomad uses modified data file
13:17:08 BattlEye Server: Player #6 Nomad (72.2.87.223:2309) connected
13:17:08 Player Nomad connecting.
13:17:11 BattlEye Server: (Global) High Alert Highlander : remember to change your rounds from HE to people and heat for tanks
13:17:12 BattlEye Server: Player #6 Nomad - BE GUID: 2c853ec312535bfcf126f363375c7773
13:17:13 Player Nomad connected (id=76561198173921406).
13:17:13 BattlEye Server: Verified GUID (2c853ec312535bfcf126f363375c7773) of player #6 Nomad
13:17:46 BattlEye Server: (Global) Mason: rgr, just trying to range, can't get a lock
13:18:09 BattlEye Server: (Global) Mason: u see the last vehicle?
13:19:48 Dakota uses modified data file
13:19:48 BattlEye Server: Player #7 Dakota (72.220.131.15:2309) connected
13:19:48 Player Dakota connecting.
13:19:51 BattlEye Server: Player #7 Dakota - BE GUID: b72d83bad09799d1bb441a6abe16fef6
13:19:51 Player Dakota connected (id=76561198368263903).
13:19:52 BattlEye Server: Verified GUID (b72d83bad09799d1bb441a6abe16fef6) of player #7 Dakota
13:20:03 BattlEye Server: (Global) High Alert Highlander : shit they wento to the water 
13:20:14 BattlEye Server: (Global) Mason: looks like
13:20:41 BattlEye Server: (Global) Mason: we'll get'em
13:21:29 BattlEye Server: (Global) Mason: u get shot?
13:22:26 BattlEye Server: (Global) High Alert Highlander : there is dead
13:23:17 BattlEye Server: (Global) Mason: wanna ride?
13:23:28 BattlEye Server: (Global) High Alert Highlander : let me tow that to your tank 
13:23:40 BattlEye Server: (Global) Mason: yup
13:24:46 BattlEye Server: (Global) High Alert Highlander : yes 
13:24:54 BattlEye Server: (Global) High Alert Highlander : yes 
13:25:03 BattlEye Server: (Global) High Alert Highlander : 1 apc 
13:25:07 BattlEye Server: (Global) High Alert Highlander : 5 guys 
13:25:19 BattlEye Server: (Global) High Alert Highlander : dont killthem in the water 
13:25:32 BattlEye Server: (Global) High Alert Highlander : /we have tomake themcome out 
13:26:32 BattlEye Server: (Global) High Alert Highlander : let them come
13:27:11 BattlEye Server: (Global) High Alert Highlander : smart little fuckers dont want to come out 
13:27:36 BattlEye Server: (Global) High Alert Highlander : yes
13:28:20 BattlEye Server: (Global) High Alert Highlander : GUYS U SHOULD COME AN SEE THIS 
13:29:01 BattlEye Server: (Global) High Alert Highlander : Any one have diving gear 
13:29:03 BattlEye Server: (Global) High Alert Highlander : lol
13:29:13 BattlEye Server: (Global) Nomad: Negative lol
13:31:00 BattlEye Server: (Global) High Alert Highlander : lets swing 
13:32:47 BattlEye Server: (Global) High Alert Highlander : is here 
13:35:07 BattlEye Server: (Global) Nomad: Body just glitched and lost all my gear...rip
13:38:26 BattlEye Server: (Global) High Alert Highlander : jajajaja
13:38:42 BattlEye Server: (Group) High Alert Highlander : shit happens 
13:41:36 BattlEye Server: (Group) High Alert Highlander : wish meluck
13:43:23 BattlEye Server: (Group) High Alert Highlander : fuck 
13:46:06 BattlEye Server: (Group) High Alert Highlander : dont tellanyone i did that pls
13:54:08 BattlEye Server: (Group) High Alert Highlander : letsgoto the vs 
13:56:18 BattlEye Server: (Group) High Alert Highlander : ok that is all yours 
13:56:24 BattlEye Server: (Group) High Alert Highlander : leave that here 
13:57:49 BattlEye Server: (Group) High Alert Highlander : all that is yours
13:58:06 BattlEye Server: (Group) High Alert Highlander : u can seel that ot keep is up to you 
13:59:11 BattlEye Server: (Group) High Alert Highlander : that is what you had on your body 
14:01:06 BattlEye Server: (Group) High Alert Highlander : ok guys -i have to go i will be inlater if you need me text me in discord see you later i will send a gift to everyone for been loyal to the server 
14:02:10 BattlEye Server: (Global) High Alert Highlander : Ok guys i have to go i will be in later if you need me text me in discord i will send a little gift to everyone for been loyal to the server before 
14:02:21 BattlEye Server: (Global) High Alert Highlander : I GO gg all 
14:02:36 BattlEye Server: (Global) Nomad: gg man later
14:02:45 BattlEye Server: (Group) Mason: sounds good
14:03:06 BattlEye Server: (Global) Kelley: thanl
14:03:09 Player High Alert Highlander  disconnected.
14:03:09 BattlEye Server: Player #2 High Alert Highlander  disconnected
14:03:09 Admin logged out, player: High Alert Highlander , playerUID: 76561198065774594, IP: 192.168.0.10:2309.
14:27:34 Baguncinha uses modified data file
14:27:34 BattlEye Server: Player #8 Baguncinha (187.55.233.55:2304) connected
14:27:35 Player Baguncinha connecting.
14:27:42 Player Baguncinha disconnected.
14:27:42 BattlEye Server: Player #8 Baguncinha disconnected
14:27:47 Baguncinha uses modified data file
14:27:47 BattlEye Server: Player #8 Baguncinha (187.55.233.55:2304) connected
14:27:47 Player Baguncinha connecting.
14:27:48 Player Dakota is losing connection
14:27:55 Player Baguncinha disconnected.
14:27:55 BattlEye Server: Player #8 Baguncinha disconnected
14:27:59 Baguncinha uses modified data file
14:27:59 BattlEye Server: Player #8 Baguncinha (187.55.233.55:2304) connected
14:27:59 Player Baguncinha connecting.
14:28:06 BattlEye Server: Player #8 Baguncinha - BE GUID: c669d6bf83f818af5a2802ea26484d7b
14:28:06 Player Baguncinha connected (id=76561198010364697).
14:28:06 BattlEye Server: Verified GUID (c669d6bf83f818af5a2802ea26484d7b) of player #8 Baguncinha
14:29:08 Player Dakota disconnected.
14:29:08 BattlEye Server: Player #7 Dakota disconnected
14:34:33 BattlEye Server: (Global) Nomad: That an Abrams mason?
14:40:03 Player Baguncinha kicked off by BattlEye: Client not responding
14:40:03 Player Baguncinha disconnected.
14:46:16 Baguncinha uses modified data file
14:46:16 BattlEye Server: Player #7 Baguncinha (201.25.203.65:2304) connected
14:46:16 Player Baguncinha connecting.
14:46:22 Player Baguncinha disconnected.
14:46:22 BattlEye Server: Player #7 Baguncinha disconnected
14:46:25 Baguncinha uses modified data file
14:46:25 BattlEye Server: Player #7 Baguncinha (201.25.203.65:2304) connected
14:46:26 Player Baguncinha connecting.
14:46:31 BattlEye Server: Player #7 Baguncinha - BE GUID: c669d6bf83f818af5a2802ea26484d7b
14:46:31 Player Baguncinha connected (id=76561198010364697).
14:46:31 BattlEye Server: Verified GUID (c669d6bf83f818af5a2802ea26484d7b) of player #7 Baguncinha
14:50:10 Player Baguncinha disconnected.
14:50:11 BattlEye Server: Player #7 Baguncinha disconnected
14:53:37 spectre uses modified data file
14:53:37 BattlEye Server: Player #7 spectre (71.236.32.167:2304) connected
14:53:37 Player spectre connecting.
14:53:39 BattlEye Server: Player #7 spectre - BE GUID: c91dd34eb52990056b45044225dc9e78
14:53:39 Player spectre connected (id=76561198303650839).
14:53:39 BattlEye Server: Verified GUID (c91dd34eb52990056b45044225dc9e78) of player #7 spectre
14:54:12 joste uses modified data file
14:54:12 BattlEye Server: Player #8 joste (24.159.65.152:2304) connected
14:54:12 Player joste connecting.
14:54:14 BattlEye Server: Player #8 joste - BE GUID: 55700b16dc78c8d64146ae9d0993932b
14:54:14 Player joste connected (id=76561198275748439).
14:54:14 BattlEye Server: Verified GUID (55700b16dc78c8d64146ae9d0993932b) of player #8 joste
14:57:37 Player spectre disconnected.
14:57:37 BattlEye Server: Player #7 spectre disconnected
14:57:54 Player joste disconnected.
14:57:54 BattlEye Server: Player #8 joste disconnected
15:03:56 Baguncinha uses modified data file
15:03:56 BattlEye Server: Player #7 Baguncinha (200.138.228.54:2304) connected
15:03:56 Player Baguncinha connecting.
15:04:04 BattlEye Server: Player #7 Baguncinha - BE GUID: c669d6bf83f818af5a2802ea26484d7b
15:04:05 Player Baguncinha connected (id=76561198010364697).
15:04:05 BattlEye Server: Verified GUID (c669d6bf83f818af5a2802ea26484d7b) of player #7 Baguncinha
15:15:07 Player Baguncinha kicked off by BattlEye: Client not responding
15:15:07 Player Baguncinha disconnected.
15:16:27 Baguncinha uses modified data file
15:16:27 BattlEye Server: Player #7 Baguncinha (200.138.228.54:2304) connected
15:16:27 Player Baguncinha connecting.
15:16:43 Player Baguncinha disconnected.
15:16:43 BattlEye Server: Player #7 Baguncinha disconnected
15:16:54 Baguncinha uses modified data file
15:16:54 BattlEye Server: Player #7 Baguncinha (200.138.228.54:2304) connected
15:16:54 Player Baguncinha connecting.
15:17:03 BattlEye Server: Player #7 Baguncinha - BE GUID: c669d6bf83f818af5a2802ea26484d7b
15:17:03 Player Baguncinha connected (id=76561198010364697).
15:17:03 BattlEye Server: Verified GUID (c669d6bf83f818af5a2802ea26484d7b) of player #7 Baguncinha
15:28:44 Player Baguncinha kicked off by BattlEye: Client not responding
15:28:44 Player Baguncinha disconnected.
15:29:46 Baguncinha uses modified data file
15:29:46 BattlEye Server: Player #7 Baguncinha (200.138.228.54:2304) connected
15:29:46 Player Baguncinha connecting.
15:29:52 BattlEye Server: Player #7 Baguncinha - BE GUID: c669d6bf83f818af5a2802ea26484d7b
15:29:52 Player Baguncinha connected (id=76561198010364697).
15:29:52 BattlEye Server: Verified GUID (c669d6bf83f818af5a2802ea26484d7b) of player #7 Baguncinha
15:33:42 AK45 COM PENTE ALONGADO uses modified data file
15:33:42 BattlEye Server: Player #8 AK45 COM PENTE ALONGADO (187.59.188.150:2304) connected
15:33:42 Player AK45 COM PENTE ALONGADO connecting.
15:33:45 BattlEye Server: Player #8 AK45 COM PENTE ALONGADO - BE GUID: 8c60b230ba4ffbe72e3e06c9fcc87e01
15:33:45 Player AK45 COM PENTE ALONGADO connected (id=76561198434266743).
15:33:45 BattlEye Server: Verified GUID (8c60b230ba4ffbe72e3e06c9fcc87e01) of player #8 AK45 COM PENTE ALONGADO
15:41:06 Player AK45 COM PENTE ALONGADO disconnected.
15:41:06 BattlEye Server: Player #8 AK45 COM PENTE ALONGADO disconnected
15:41:33 AK45 COM PENTE ALONGADO uses modified data file
15:41:33 BattlEye Server: Player #8 AK45 COM PENTE ALONGADO (187.59.188.150:2304) connected
15:41:33 Player AK45 COM PENTE ALONGADO connecting.
15:41:35 BattlEye Server: Player #8 AK45 COM PENTE ALONGADO - BE GUID: 8c60b230ba4ffbe72e3e06c9fcc87e01
15:41:35 Player AK45 COM PENTE ALONGADO connected (id=76561198434266743).
15:41:35 BattlEye Server: Verified GUID (8c60b230ba4ffbe72e3e06c9fcc87e01) of player #8 AK45 COM PENTE ALONGADO
15:41:45 Player AK45 COM PENTE ALONGADO disconnected.
15:41:45 BattlEye Server: Player #8 AK45 COM PENTE ALONGADO disconnected
15:42:13 Player Baguncinha kicked off by BattlEye: Client not responding
15:42:14 Player Baguncinha disconnected.
15:47:09 Nick uses modified data file
15:47:09 BattlEye Server: Player #7 Nick (187.33.215.219:2309) connected
15:47:09 Player Nick connecting.
15:47:13 BattlEye Server: Player #7 Nick - BE GUID: e3a4d8cc7544cddada5244501e6e99b5
15:47:13 Player Nick connected (id=76561198052251159).
15:47:13 BattlEye Server: Verified GUID (e3a4d8cc7544cddada5244501e6e99b5) of player #7 Nick
15:48:01 Player Nick disconnected.
15:48:01 BattlEye Server: Player #7 Nick disconnected
15:49:20 Josh uses modified data file
15:49:20 BattlEye Server: Player #7 Josh (24.183.209.59:2304) connected
15:49:20 Player Josh connecting.
15:49:23 BattlEye Server: Player #7 Josh - BE GUID: c6ec69063e9992265872adbea93c8ee9
15:49:23 Player Josh connected (id=76561198827226947).
15:49:23 BattlEye Server: Verified GUID (c6ec69063e9992265872adbea93c8ee9) of player #7 Josh
15:49:25 Player Josh disconnected.
15:49:25 BattlEye Server: Player #7 Josh disconnected
15:55:27 Player Kelley disconnected.
15:55:27 BattlEye Server: Player #1 Kelley disconnected
15:58:32 BattlEye Server: (Side) Nomad: afk
16:05:06 boxcar willie uses modified data file
16:05:06 BattlEye Server: Player #7 boxcar willie (173.18.168.113:2309) connected
16:05:07 Player boxcar willie connecting.
16:05:29 Player boxcar willie disconnected.
16:05:29 BattlEye Server: Player #7 boxcar willie disconnected
16:05:45 boxcar willie uses modified data file
16:05:45 BattlEye Server: Player #7 boxcar willie (173.18.168.113:2309) connected
16:05:46 Player boxcar willie connecting.
16:05:47 BattlEye Server: Player #7 boxcar willie - BE GUID: 73ca2e89b5c1ec3dd74134147881f925
16:05:48 Player boxcar willie connected (id=76561198202963942).
16:05:48 BattlEye Server: Verified GUID (73ca2e89b5c1ec3dd74134147881f925) of player #7 boxcar willie
16:06:17 BattlEye Server: (Side) Nomad: Back
16:19:45 Player Nomad disconnected.
16:19:45 BattlEye Server: Player #6 Nomad disconnected
16:44:05 Player boxcar willie disconnected.
16:44:05 BattlEye Server: Player #7 boxcar willie disconnected
16:52:33 Player Mason disconnected.
16:52:33 BattlEye Server: Player #5 Mason disconnected
17:04:22 Sea Stallion Pilot uses modified data file
17:04:22 BattlEye Server: Player #0 Sea Stallion Pilot (107.220.92.165:2304) connected
17:04:22 Player Sea Stallion Pilot connecting.
17:04:24 BattlEye Server: Player #0 Sea Stallion Pilot - BE GUID: ecf06a2454f0f8bd20dd41081187fde2
17:04:25 Player Sea Stallion Pilot connected (id=76561198188669749).
17:04:25 BattlEye Server: Verified GUID (ecf06a2454f0f8bd20dd41081187fde2) of player #0 Sea Stallion Pilot
17:06:16 Senor Gaspatcho uses modified data file
17:06:16 BattlEye Server: Player #1 Senor Gaspatcho (72.12.71.241:2304) connected
17:06:16 Player Senor Gaspatcho connecting.
17:06:18 BattlEye Server: Player #1 Senor Gaspatcho - BE GUID: 563e955a7ab4d1c7e3358e2ea1ef5db1
17:06:18 Player Senor Gaspatcho connected (id=76561197979930321).
17:06:18 BattlEye Server: Verified GUID (563e955a7ab4d1c7e3358e2ea1ef5db1) of player #1 Senor Gaspatcho
17:06:19 Player Senor Gaspatcho disconnected.
17:06:19 BattlEye Server: Player #1 Senor Gaspatcho disconnected
17:06:20 Senor Gaspatcho uses modified data file
17:06:20 BattlEye Server: Player #1 Senor Gaspatcho (72.12.71.241:2304) connected
17:06:20 Player Senor Gaspatcho connecting.
17:06:22 BattlEye Server: Player #1 Senor Gaspatcho - BE GUID: 563e955a7ab4d1c7e3358e2ea1ef5db1
17:06:22 Player Senor Gaspatcho disconnected.
17:06:22 BattlEye Server: Player #1 Senor Gaspatcho disconnected
17:06:23 RockstarGaming uses modified data file
17:06:23 BattlEye Server: Player #1 RockstarGaming (107.204.216.18:2304) connected
17:06:23 Player RockstarGaming connecting.
17:06:24 Senor Gaspatcho uses modified data file
17:06:24 BattlEye Server: Player #2 Senor Gaspatcho (72.12.71.241:2304) connected
17:06:24 Player Senor Gaspatcho connecting.
17:06:25 BattlEye Server: Player #1 RockstarGaming - BE GUID: 23fe7edb77e6acee989bf1757f516554
17:06:25 Player RockstarGaming connected (id=76561198250040454).
17:06:25 BattlEye Server: Verified GUID (23fe7edb77e6acee989bf1757f516554) of player #1 RockstarGaming
17:06:26 BattlEye Server: Player #2 Senor Gaspatcho - BE GUID: 563e955a7ab4d1c7e3358e2ea1ef5db1
17:06:26 Player Senor Gaspatcho connected (id=76561197979930321).
17:06:26 BattlEye Server: Verified GUID (563e955a7ab4d1c7e3358e2ea1ef5db1) of player #2 Senor Gaspatcho
17:06:27 Player Senor Gaspatcho disconnected.
17:06:27 BattlEye Server: Player #2 Senor Gaspatcho disconnected
17:06:28 Senor Gaspatcho uses modified data file
17:06:28 BattlEye Server: Player #2 Senor Gaspatcho (72.12.71.241:2304) connected
17:06:28 Player Senor Gaspatcho connecting.
17:06:30 BattlEye Server: Player #2 Senor Gaspatcho - BE GUID: 563e955a7ab4d1c7e3358e2ea1ef5db1
17:06:30 Player Senor Gaspatcho connected (id=76561197979930321).
17:06:30 BattlEye Server: Verified GUID (563e955a7ab4d1c7e3358e2ea1ef5db1) of player #2 Senor Gaspatcho
17:06:31 Player Senor Gaspatcho disconnected.
17:06:31 BattlEye Server: Player #2 Senor Gaspatcho disconnected
17:09:26 Player RockstarGaming disconnected.
17:09:26 BattlEye Server: Player #1 RockstarGaming disconnected
17:10:51 RockstarGaming uses modified data file
17:10:51 BattlEye Server: Player #1 RockstarGaming (107.204.216.18:2304) connected
17:10:51 Player RockstarGaming connecting.
17:10:53 BattlEye Server: Player #1 RockstarGaming - BE GUID: 23fe7edb77e6acee989bf1757f516554
17:10:53 Player RockstarGaming connected (id=76561198250040454).
17:10:53 BattlEye Server: Verified GUID (23fe7edb77e6acee989bf1757f516554) of player #1 RockstarGaming
17:30:45 Mason uses modified data file
17:30:45 BattlEye Server: Player #2 Mason (71.81.137.47:2309) connected
17:30:45 Player Mason connecting.
17:30:48 BattlEye Server: Player #2 Mason - BE GUID: 955d09b6e1dde9360ceebc2963df084d
17:30:48 Player Mason connected (id=76561198026943270).
17:30:48 BattlEye Server: Verified GUID (955d09b6e1dde9360ceebc2963df084d) of player #2 Mason
17:56:22 Player RockstarGaming is losing connection
18:29:08 Player Sea Stallion Pilot is losing connection
18:29:57 Player Sea Stallion Pilot disconnected.
18:29:57 BattlEye Server: Player #0 Sea Stallion Pilot disconnected
18:29:57 Sea Stallion Pilot uses modified data file
18:29:57 BattlEye Server: Player #3 Sea Stallion Pilot (107.220.92.165:2304) connected
18:29:57 Player Sea Stallion Pilot connecting.
18:30:05 Player Sea Stallion Pilot disconnected.
18:30:05 BattlEye Server: Player #3 Sea Stallion Pilot disconnected
18:30:13 Sea Stallion Pilot uses modified data file
18:30:13 BattlEye Server: Player #3 Sea Stallion Pilot (107.220.92.165:2304) connected
18:30:13 Player Sea Stallion Pilot connecting.
18:30:15 BattlEye Server: Player #3 Sea Stallion Pilot - BE GUID: ecf06a2454f0f8bd20dd41081187fde2
18:30:15 Player Sea Stallion Pilot connected (id=76561198188669749).
18:30:15 BattlEye Server: Verified GUID (ecf06a2454f0f8bd20dd41081187fde2) of player #3 Sea Stallion Pilot
18:32:06 Player Sea Stallion Pilot kicked off by BattlEye: Client not responding
18:32:06 Player Sea Stallion Pilot disconnected.
18:32:14 Sea Stallion Pilot uses modified data file
18:32:14 BattlEye Server: Player #3 Sea Stallion Pilot (107.220.92.165:2304) connected
18:32:14 Player Sea Stallion Pilot connecting.
18:32:16 BattlEye Server: Player #3 Sea Stallion Pilot - BE GUID: ecf06a2454f0f8bd20dd41081187fde2
18:32:16 Player Sea Stallion Pilot connected (id=76561198188669749).
18:32:16 BattlEye Server: Verified GUID (ecf06a2454f0f8bd20dd41081187fde2) of player #3 Sea Stallion Pilot
18:34:02 Player Sea Stallion Pilot kicked off by BattlEye: Client not responding
18:34:02 Player Sea Stallion Pilot disconnected.
18:35:34 Sea Stallion Pilot uses modified data file
18:35:34 BattlEye Server: Player #3 Sea Stallion Pilot (107.220.92.165:2304) connected
18:35:34 Player Sea Stallion Pilot connecting.
18:35:36 BattlEye Server: Player #3 Sea Stallion Pilot - BE GUID: ecf06a2454f0f8bd20dd41081187fde2
18:35:36 Player Sea Stallion Pilot connected (id=76561198188669749).
18:35:36 BattlEye Server: Verified GUID (ecf06a2454f0f8bd20dd41081187fde2) of player #3 Sea Stallion Pilot
18:37:27 Player Sea Stallion Pilot kicked off by BattlEye: Client not responding
18:37:27 Player Sea Stallion Pilot disconnected.
19:45:52 BattlEye Server: (Side) RockstarGaming: YEAH
19:45:54 BattlEye Server: (Side) RockstarGaming: sry caps
19:46:00 BattlEye Server: (Side) RockstarGaming: i cant talk in spawn menu
19:46:03 BattlEye Server: (Side) RockstarGaming: okay
19:46:05 BattlEye Server: (Side) RockstarGaming: cya dude
19:46:28 Player Mason disconnected.
19:46:28 BattlEye Server: Player #2 Mason disconnected
19:46:57 High Alert Highlander  uses modified data file
19:46:57 BattlEye Server: Player #2 High Alert Highlander  (190.171.107.107:62725) connected
19:46:57 Player High Alert Highlander  connecting.
19:47:02 BattlEye Server: Player #2 High Alert Highlander  - BE GUID: a01f35e030c4464ff5b5e9c18ddf0195
19:47:05 Player High Alert Highlander  connected (id=76561198065774594).
19:47:05 BattlEye Server: Verified GUID (a01f35e030c4464ff5b5e9c18ddf0195) of player #2 High Alert Highlander 
19:49:29 BattlEye Server: (Side) High Alert Highlander : hi rock
19:49:33 BattlEye Server: (Side) RockstarGaming: hello
19:49:38 BattlEye Server: (Side) RockstarGaming: do you have a microphone
19:49:58 BattlEye Server: (Side) High Alert Highlander : -hey rock a little question who  was here with u coupole minutes ago 
19:50:01 Admin logged in, player: High Alert Highlander , playerUID: 76561198065774594, IP: 192.168.0.10:2309.
19:50:12 BattlEye Server: (Side) RockstarGaming: Mason
19:50:21 BattlEye Server: (Side) High Alert Highlander : ok perfect 
19:50:26 BattlEye Server: (Side) RockstarGaming: why?
19:50:30 BattlEye Server: (Side) High Alert Highlander : do you have discord ?
19:50:34 BattlEye Server: (Side) RockstarGaming: Yes
19:50:47 Ethan uses modified data file
19:50:47 BattlEye Server: Player #3 Ethan (73.240.241.174:2304) connected
19:50:47 Player Ethan connecting.
19:50:49 BattlEye Server: Player #3 Ethan - BE GUID: e81d34f57d4bd7a96f96d805f75effdc
19:50:49 Player Ethan connected (id=76561198144503393).
19:50:50 BattlEye Server: Verified GUID (e81d34f57d4bd7a96f96d805f75effdc) of player #3 Ethan
19:51:18 BattlEye Server: (Global) High Alert Highlander : https://discord.gg/AGjmvJ
19:51:26 BattlEye Server: (Side) RockstarGaming: how do i copy that
19:51:27 BattlEye Server: (Global) High Alert Highlander : join the discord pls 
19:51:41 BattlEye Server: (Global) High Alert Highlander : u just need the code 
19:51:58 BattlEye Server: (Side) RockstarGaming: can you put it in chat one more time?
19:52:24 BattlEye Server: (Global) High Alert Highlander : https://discord.gg/AGjmvJ
19:53:25 Player Ethan disconnected.
19:53:25 BattlEye Server: Player #3 Ethan disconnected
19:53:50 BattlEye Server: (Side) RockstarGaming: um
19:54:08 BattlEye Server: (Side) RockstarGaming: can u keep putting it in chat i am having trouble typing it
19:54:22 BattlEye Server: (Side) High Alert Highlander : AGjmvJ
19:54:31 BattlEye Server: (Side) High Alert Highlander : that is the code 
19:55:24 BattlEye Server: (Side) RockstarGaming: is the a in caps
19:55:27 BattlEye Server: (Side) High Alert Highlander : If you ever see a guy name Markc in game send me a messaje over discord pls if you ever need help or anything also reach me there 
19:55:30 BattlEye Server: (Side) RockstarGaming: like what letters are in caps
19:55:40 BattlEye Server: (Side) High Alert Highlander : AGjmvJ
19:55:50 BattlEye Server: (Side) High Alert Highlander : AG
19:55:59 BattlEye Server: (Side) High Alert Highlander : jmv
19:56:04 BattlEye Server: (Side) High Alert Highlander : J
19:56:13 BattlEye Server: (Side) High Alert Highlander : AGjmvJ
19:56:17 BattlEye Server: (Side) RockstarGaming: i joined
19:56:19 BattlEye Server: (Side) RockstarGaming: thx
19:56:40 BattlEye Server: (Side) High Alert Highlander : Did you read what i type 
19:56:50 BattlEye Server: (Side) High Alert Highlander : before 
19:57:01 BattlEye Server: (Side) RockstarGaming: yeah contact you if i need help or somthing
19:57:19 BattlEye Server: (Side) High Alert Highlander : or if you see a markc guy in game 
19:57:24 BattlEye Server: (Side) RockstarGaming: okay
19:57:28 BattlEye Server: (Side) High Alert Highlander : i need to banned him 
19:57:35 BattlEye Server: (Side) RockstarGaming: