21:01:35 BattlEye Server: Initialized (v1.217)
21:01:35 Host identity created.
21:01:35 Game Port: 2307, Steam Query Port: 2308
21:01:35 Mission A3Wasteland Altis v1.4c read from bank.
21:01:37 Roles assigned.
21:01:37 Reading mission ...
21:02:07 Mission read.
21:02:07 Rou Kowalski uses modified data file
21:02:07 BattlEye Server: Player #0 Rou Kowalski (73.147.1.91:2309) connected
21:02:07 Player Rou Kowalski connecting.
21:02:07 ANATOLI CHEJOV uses modified data file
21:02:07 BattlEye Server: Player #1 ANATOLI CHEJOV (190.171.107.50:62725) connected
21:02:07 Player ANATOLI CHEJOV connecting.
21:02:07 Game started.
21:02:08 BattlEye Server: Connected to BE Master
21:02:09 BattlEye Server: Player #0 Rou Kowalski - BE GUID: 58cae163ea9d3a0ff8adde240b436737
21:02:09 BattlEye Server: Player #1 ANATOLI CHEJOV - BE GUID: a01f35e030c4464ff5b5e9c18ddf0195
21:02:09 Player ANATOLI CHEJOV connected (id=76561198065774594).
21:02:10 BattlEye Server: Verified GUID (a01f35e030c4464ff5b5e9c18ddf0195) of player #1 ANATOLI CHEJOV
21:02:12 Player Rou Kowalski connected (id=76561198034110598).
21:02:12 BattlEye Server: Verified GUID (58cae163ea9d3a0ff8adde240b436737) of player #0 Rou Kowalski
21:02:14 Elgringo_73 uses modified data file
21:02:14 BattlEye Server: Player #2 Elgringo_73 (77.150.217.80:2304) connected
21:02:14 Player Elgringo_73 connecting.
21:02:17 BattlEye Server: Player #2 Elgringo_73 - BE GUID: cf3df6b684f9201b02d8fee27ad4c3ff
21:02:18 Player Elgringo_73 connected (id=76561198070393410).
21:02:18 BattlEye Server: Verified GUID (cf3df6b684f9201b02d8fee27ad4c3ff) of player #2 Elgringo_73
21:02:29 Kendog uses modified data file
21:02:29 BattlEye Server: Player #3 Kendog (76.205.165.214:1024) connected
21:02:29 Player Kendog connecting.
21:02:35 Player Kendog disconnected.
21:02:35 BattlEye Server: Player #3 Kendog disconnected
21:05:27 Мотиус uses modified data file
21:05:27 BattlEye Server: Player #3 Мотиус (217.107.124.126:44315) connected
21:05:27 Player Мотиус connecting.
21:05:34 BattlEye Server: Player #3 Мотиус - BE GUID: 2954e377faa5e32fd2e4b41a09df7684
21:05:35 Player Мотиус connected (id=76561198170950578).
21:05:35 BattlEye Server: Verified GUID (2954e377faa5e32fd2e4b41a09df7684) of player #3 Мотиус
21:05:41 Ser Eblan uses modified data file
21:05:41 BattlEye Server: Player #4 Ser Eblan (95.26.81.136:2304) connected
21:05:41 Player Ser Eblan connecting.
21:05:43 Akov uses modified data file
21:05:43 BattlEye Server: Player #5 Akov (5.100.74.198:2304) connected
21:05:43 Player Akov connecting.
21:05:43 BattlEye Server: Player #4 Ser Eblan - BE GUID: 244b637f4295715693785e75e605bc1e
21:05:44 Player Ser Eblan connected (id=76561198140085058).
21:05:44 BattlEye Server: Verified GUID (244b637f4295715693785e75e605bc1e) of player #4 Ser Eblan
21:05:45 BattlEye Server: Player #5 Akov - BE GUID: 99cc84a8ff4b4f16ac89e1fb8cbe0431
21:05:46 Player Akov connected (id=76561198097571481).
21:05:46 BattlEye Server: Verified GUID (99cc84a8ff4b4f16ac89e1fb8cbe0431) of player #5 Akov
21:08:53 Player Мотиус disconnected.
21:08:53 BattlEye Server: Player #3 Мотиус disconnected
21:09:54 BattlEye Server: (Group) ANATOLI CHEJOV: lets seewhat they do 
21:10:17 Мотиус uses modified data file
21:10:17 BattlEye Server: Player #6 Мотиус (217.107.124.126:44315) connected
21:10:17 Player Мотиус connecting.
21:10:26 BattlEye Server: Player #6 Мотиус - BE GUID: 2954e377faa5e32fd2e4b41a09df7684
21:10:26 Player Мотиус connected (id=76561198170950578).
21:10:26 BattlEye Server: Verified GUID (2954e377faa5e32fd2e4b41a09df7684) of player #6 Мотиус
21:11:07 BattlEye Server: (Group) ANATOLI CHEJOV: letsmove}
21:16:05 BattlEye Server: (Direct) Ser Eblan: ЮБЬТИМ
21:17:53 BattlEye Server: (Group) ANATOLI CHEJOV: NO HIIDDENSEARCHING 
21:17:59 BattlEye Server: (Group) ANATOLI CHEJOV: sory caps
21:18:13 BattlEye Server: (Group) ANATOLI CHEJOV: uwill stay inside 
21:18:22 BattlEye Server: (Group) ANATOLI CHEJOV: i go out side inthe art 
21:19:30 BattlEye Server: (Group) ANATOLI CHEJOV: search kabala
21:21:12 BattlEye Server: (Group) ANATOLI CHEJOV: iminches to far 
21:21:57 Kendog uses modified data file
21:21:57 BattlEye Server: Player #7 Kendog (76.205.165.214:2304) connected
21:21:57 Player Kendog connecting.
21:22:00 Player Kendog disconnected.
21:22:00 BattlEye Server: Player #7 Kendog disconnected
21:22:51 BattlEye Server: (Group) ANATOLI CHEJOV: stillthere
21:30:57 BattlEye Server: (Group) ANATOLI CHEJOV: wach them
21:31:11 BattlEye Server: (Group) ANATOLI CHEJOV: 30 sec  for art reach 
21:34:15 BattlEye Server: (Group) ANATOLI CHEJOV: imout of art 
21:35:34 BattlEye Server: (Group) ANATOLI CHEJOV: always erase oldones
21:39:44 BattlEye Server: (Group) ANATOLI CHEJOV: aways eraseoldmarks
21:39:54 BattlEye Server: (Group) ANATOLI CHEJOV: sodont confuse meshooting wrong places
21:43:39 BattlEye Server: (Group) ANATOLI CHEJOV: r they in a heli_
21:51:01 BattlEye Server: (Group) ANATOLI CHEJOV: yes thats is mine 
21:52:09 BattlEye Server: (Group) ANATOLI CHEJOV: stay on themdont lose them
21:56:19 BattlEye Server: (Group) ANATOLI CHEJOV: imin bathroom
21:57:38 BattlEye Server: (Group) ANATOLI CHEJOV: okimback  what happen
22:02:30 BattlEye Server: (Group) ANATOLI CHEJOV: yes
22:05:07 BattlEye Server: (Group) ANATOLI CHEJOV: where
22:07:34 BattlEye Server: (Group) ANATOLI CHEJOV: sofia 
22:07:39 BattlEye Server: (Group) ANATOLI CHEJOV: r u sure
22:09:07 BattlEye Server: (Group) ANATOLI CHEJOV: where
22:09:18 BattlEye Server: (Group) ANATOLI CHEJOV: uneedtotellme something 
22:09:29 BattlEye Server: (Group) ANATOLI CHEJOV: air port 
22:10:03 BattlEye Server: (Group) ANATOLI CHEJOV: thank you 
22:10:07 BattlEye Server: (Group) ANATOLI CHEJOV: that what i need
22:10:52 BattlEye Server: (Group) ANATOLI CHEJOV: so they r close tosalt flats 
22:12:49 Isaac uses modified data file
22:12:49 BattlEye Server: Player #7 Isaac (14.201.123.229:2309) connected
22:12:49 Player Isaac connecting.
22:12:51 BattlEye Server: Player #7 Isaac - BE GUID: 0eedee1f512207f60f338aa74f211d5f
22:12:52 Player Isaac connected (id=76561198096351731).
22:12:52 BattlEye Server: Verified GUID (0eedee1f512207f60f338aa74f211d5f) of player #7 Isaac
22:15:12 BattlEye Server: (Group) ANATOLI CHEJOV: got them
22:15:51 Player Isaac: Signature check timed out
22:15:51 Player Isaac disconnected.
22:15:51 BattlEye Server: Player #7 Isaac disconnected
22:17:06 BattlEye Server: (Group) ANATOLI CHEJOV: yes they r in there
22:17:33 Isaac uses modified data file
22:17:33 BattlEye Server: Player #7 Isaac (14.201.123.229:2309) connected
22:17:34 Player Isaac connecting.
22:17:37 BattlEye Server: Player #7 Isaac - BE GUID: 0eedee1f512207f60f338aa74f211d5f
22:17:37 Player Isaac connected (id=76561198096351731).
22:17:37 BattlEye Server: Verified GUID (0eedee1f512207f60f338aa74f211d5f) of player #7 Isaac
22:18:15 BattlEye Server: (Group) ANATOLI CHEJOV: ineedthat 
22:19:05 BattlEye Server: (Group) ANATOLI CHEJOV: make sureumarkin groupalways 
22:19:26 BattlEye Server: (Group) ANATOLI CHEJOV: ok
22:19:46 BattlEye Server: (Group) ANATOLI CHEJOV: by bye heli
22:20:50 Player Isaac: Signature check timed out
22:20:51 Player Isaac disconnected.
22:20:51 BattlEye Server: Player #7 Isaac disconnected
22:26:51 BattlEye Server: (Group) ANATOLI CHEJOV: r u with them
22:27:37 BattlEye Server: (Group) ANATOLI CHEJOV: they abandonde the mission
22:32:30 Isaac uses modified data file
22:32:30 BattlEye Server: Player #7 Isaac (14.201.123.229:2309) connected
22:32:31 Player Isaac connecting.
22:32:33 BattlEye Server: Player #7 Isaac - BE GUID: 0eedee1f512207f60f338aa74f211d5f
22:32:34 Player Isaac connected (id=76561198096351731).
22:32:34 BattlEye Server: Verified GUID (0eedee1f512207f60f338aa74f211d5f) of player #7 Isaac
22:36:16 BattlEye Server: (Global) Isaac: What got me kciked?
22:36:18 BattlEye Server: (Global) Isaac: *kicked?
22:36:55 BattlEye Server: (Global) Isaac: Anything come up in chat?
22:38:15 Player Elgringo_73 disconnected.
22:38:15 BattlEye Server: Player #2 Elgringo_73 disconnected
22:40:12 BattlEye Server: (Group) ANATOLI CHEJOV: abdera
22:40:18 BattlEye Server: (Group) ANATOLI CHEJOV: guns store
22:45:06 BattlEye Server: (Group) ANATOLI CHEJOV: wach thatheli
22:47:14 BattlEye Server: (Global) Isaac: Wtf shit is that? Fuck that's OP lol
22:50:55 BattlEye Server: (Group) ANATOLI CHEJOV: ok imtired
22:51:00 BattlEye Server: (Group) ANATOLI CHEJOV: of this game
22:51:12 BattlEye Server: (Group) ANATOLI CHEJOV: yeas 
22:51:21 BattlEye Server: (Group) ANATOLI CHEJOV: fromkillening them
22:51:58 BattlEye Server: (Group) ANATOLI CHEJOV: im log in out  playing something else
22:52:05 BattlEye Server: (Group) ANATOLI CHEJOV: uor wach youplay soemthing else
22:53:51 BattlEye Server: (Group) ANATOLI CHEJOV: ok im logout 
22:54:01 BattlEye Server: (Global) ANATOLI CHEJOV: gg
22:54:16 Player ANATOLI CHEJOV disconnected.
22:54:16 BattlEye Server: Player #1 ANATOLI CHEJOV disconnected
22:54:54 Mason uses modified data file
22:54:54 BattlEye Server: Player #8 Mason (71.81.137.47:2309) connected
22:54:54 Player Mason connecting.
22:54:56 BattlEye Server: Player #8 Mason - BE GUID: 955d09b6e1dde9360ceebc2963df084d
22:54:56 Player Mason connected (id=76561198026943270).
22:54:56 BattlEye Server: Verified GUID (955d09b6e1dde9360ceebc2963df084d) of player #8 Mason
22:55:16 Player Mason disconnected.
22:55:16 BattlEye Server: Player #8 Mason disconnected
23:08:42 NickPC uses modified data file
23:08:43 BattlEye Server: Player #8 NickPC (47.155.93.73:2309) connected
23:08:43 Player NickPC connecting.
23:08:44 BattlEye Server: Player #8 NickPC - BE GUID: 553b1982560bd8ddddc5a98adbb27ef8
23:08:45 Player NickPC connected (id=76561197969721114).
23:08:45 BattlEye Server: Verified GUID (553b1982560bd8ddddc5a98adbb27ef8) of player #8 NickPC
23:11:09 Enfield uses modified data file
23:11:09 BattlEye Server: Player #9 Enfield (178.186.65.46:2309) connected
23:11:09 Player Enfield connecting.
23:11:12 BattlEye Server: Player #9 Enfield - BE GUID: 8d1dc0d1c0bdc5ddee1c807019e5ad01
23:11:12 Player Enfield connected (id=76561197993304032).
23:11:12 BattlEye Server: Verified GUID (8d1dc0d1c0bdc5ddee1c807019e5ad01) of player #9 Enfield
23:14:07 Player Мотиус disconnected.
23:14:07 BattlEye Server: Player #6 Мотиус disconnected
23:14:27 Мотиус uses modified data file
23:14:27 BattlEye Server: Player #10 Мотиус (217.107.124.126:44315) connected
23:14:28 Player Мотиус connecting.
23:14:29 Player Rou Kowalski disconnected.
23:14:29 BattlEye Server: Player #0 Rou Kowalski disconnected
23:14:31 BattlEye Server: Player #10 Мотиус - BE GUID: 2954e377faa5e32fd2e4b41a09df7684
23:14:32 Player Мотиус connected (id=76561198170950578).
23:14:32 BattlEye Server: Verified GUID (2954e377faa5e32fd2e4b41a09df7684) of player #10 Мотиус
23:14:49 Player Enfield disconnected.
23:14:49 BattlEye Server: Player #9 Enfield disconnected
23:15:28 Player Мотиус disconnected.
23:15:28 BattlEye Server: Player #10 Мотиус disconnected
23:15:42 Мотиус uses modified data file
23:15:42 BattlEye Server: Player #9 Мотиус (217.107.124.126:44315) connected
23:15:42 Player Мотиус connecting.
23:15:45 BattlEye Server: Player #9 Мотиус - BE GUID: 2954e377faa5e32fd2e4b41a09df7684
23:15:45 Player Мотиус connected (id=76561198170950578).
23:15:45 BattlEye Server: Verified GUID (2954e377faa5e32fd2e4b41a09df7684) of player #9 Мотиус
23:18:01 Player Akov disconnected.
23:18:01 BattlEye Server: Player #5 Akov disconnected
23:18:43 Akov uses modified data file
23:18:43 BattlEye Server: Player #10 Akov (5.100.74.198:2304) connected
23:18:43 Player Akov connecting.
23:18:47 BattlEye Server: Player #10 Akov - BE GUID: 99cc84a8ff4b4f16ac89e1fb8cbe0431
23:18:48 Player Akov connected (id=76561198097571481).
23:18:48 BattlEye Server: Verified GUID (99cc84a8ff4b4f16ac89e1fb8cbe0431) of player #10 Akov
23:23:45 Player Akov: Signature check timed out
23:23:45 Player Akov disconnected.
23:23:45 BattlEye Server: Player #10 Akov disconnected
23:23:57 Арвел uses modified data file
23:23:57 BattlEye Server: Player #10 Арвел (31.130.95.149:2304) connected
23:23:57 Player Арвел connecting.
23:23:59 BattlEye Server: Player #10 Арвел - BE GUID: a2c514f01869a830d8e9ea90685b0f22
23:23:59 Player Арвел connected (id=76561198305541717).
23:23:59 BattlEye Server: Verified GUID (a2c514f01869a830d8e9ea90685b0f22) of player #10 Арвел
23:25:30 Akov uses modified data file
23:25:30 BattlEye Server: Player #11 Akov (5.100.74.198:2304) connected
23:25:30 Player Akov connecting.
23:25:33 BattlEye Server: Player #11 Akov - BE GUID: 99cc84a8ff4b4f16ac89e1fb8cbe0431
23:25:34 Player Akov connected (id=76561198097571481).
23:25:34 BattlEye Server: Verified GUID (99cc84a8ff4b4f16ac89e1fb8cbe0431) of player #11 Akov
23:28:49 BattlEye Server: (Global) NickPC: this sucks
23:29:23 Player NickPC disconnected.
23:29:23 BattlEye Server: Player #8 NickPC disconnected
23:46:53 Shudderfly uses modified data file
23:46:54 BattlEye Server: Player #12 Shudderfly (162.200.20.108:2304) connected
23:46:54 Player Shudderfly connecting.
23:46:56 BattlEye Server: Player #12 Shudderfly - BE GUID: 697f1d9131c56f8ea012a4359839a8d5
23:46:56 Player Shudderfly connected (id=76561197971063519).
23:46:56 BattlEye Server: Verified GUID (697f1d9131c56f8ea012a4359839a8d5) of player #12 Shudderfly
23:49:06 locarno uses modified data file
23:49:06 BattlEye Server: Player #13 locarno (89.222.164.83:3509) connected
23:49:06 Player locarno connecting.
23:49:09 BattlEye Server: Player #13 locarno - BE GUID: 480656d4bc0b18170210bd22f3bbddda
23:49:47 Player locarno connected (id=76561198062975720).
23:49:47 BattlEye Server: Verified GUID (480656d4bc0b18170210bd22f3bbddda) of player #13 locarno
 0:14:12 BattlEye Server: (Global) Isaac: Holy fuck, just survived crashing into a tall pole in a chopper lol
 0:14:18 BattlEye Server: (Global) Isaac: Somehow didn't blow it up nor damage it.
 0:14:38 BattlEye Server: (Global) Shudderfly: Nice.
 0:19:40 Player Akov disconnected.
 0:19:40 BattlEye Server: Player #11 Akov disconnected
 0:23:23 BattlEye Server: (Global) Shudderfly: You can drive from the gunner's seat? That's amazing
 0:23:33 BattlEye Server: (Global) Isaac: Yeah you can lol
 0:23:42 BattlEye Server: (Global) Isaac: Bit weird at first but pretty cool though.
 0:23:53 BattlEye Server: (Global) Isaac: Wanna team also? Lol
 0:24:19 BattlEye Server: (Global) Shudderfly: Shurr.
 0:24:34 BattlEye Server: (Global) Isaac: Invited ya.
 0:25:02 BattlEye Server: (Global) Shudderfly: You'll have to remind me how to accept that
 0:26:41 Player Ser Eblan disconnected.
 0:26:41 BattlEye Server: Player #4 Ser Eblan disconnected
 0:29:12 FraggerNut uses modified data file
 0:29:12 BattlEye Server: Player #14 FraggerNut (112.134.123.146:22807) connected
 0:29:12 Player FraggerNut connecting.
 0:29:18 BattlEye Server: Player #14 FraggerNut - BE GUID: 09a44f56a43ce52c22ff5ee239507375
 0:29:55 Player FraggerNut connected (id=76561198092501334).
 0:29:55 BattlEye Server: Verified GUID (09a44f56a43ce52c22ff5ee239507375) of player #14 FraggerNut
 0:31:56 Player Арвел is losing connection
 0:39:26 Lt.Col. R Johnson uses modified data file
 0:39:26 BattlEye Server: Player #15 Lt.Col. R Johnson (73.202.233.86:2309) connected
 0:39:26 Player Lt.Col. R Johnson connecting.
 0:39:28 BattlEye Server: Player #15 Lt.Col. R Johnson - BE GUID: aa92480645a65a4b59387bdb30bc2f3a
 0:39:29 Player Lt.Col. R Johnson connected (id=76561198217367059).
 0:39:29 BattlEye Server: Verified GUID (aa92480645a65a4b59387bdb30bc2f3a) of player #15 Lt.Col. R Johnson
 0:47:22 BattlEye Server: (Group) Shudderfly: also hop out and use the "acquire ownership"
 0:47:28 BattlEye Server: (Group) Shudderfly: cant mic while you do it 
 0:48:27 BattlEye Server: (Group) Isaac: No worries, nearly done.
 0:56:31 Player FraggerNut disconnected.
 0:56:31 BattlEye Server: Player #14 FraggerNut disconnected
 0:58:10 Player Lt.Col. R Johnson disconnected.
 0:58:10 BattlEye Server: Player #15 Lt.Col. R Johnson disconnected
 1:06:11 Player Isaac disconnected.
 1:06:11 BattlEye Server: Player #7 Isaac disconnected
 1:15:54 Vaas uses modified data file
 1:15:54 BattlEye S