 9:01:38 BattlEye Server: Initialized (v1.217)
 9:01:38 Host identity created.
 9:01:38 Game Port: 2307, Steam Query Port: 2308
 9:01:38 Mission A3Wasteland Altis v1.4c read from bank.
 9:01:39 Roles assigned.
 9:01:39 Reading mission ...
 9:02:12 Mission read.
 9:02:12 Game started.
10:19:01 Kingston uses modified data file
10:19:01 BattlEye Server: Player #0 Kingston (80.120.94.58:2309) connected
10:19:01 Player Kingston connecting.
10:19:01 BattlEye Server: Connected to BE Master
10:19:04 BattlEye Server: Player #0 Kingston - BE GUID: 281acc675d40a7e9e29d18ef0bc24702
10:19:04 Player Kingston connected (id=76561198091728821).
10:19:04 BattlEye Server: Verified GUID (281acc675d40a7e9e29d18ef0bc24702) of player #0 Kingston
11:08:16 High Alert Highlander  uses modified data file
11:08:16 BattlEye Server: Player #1 High Alert Highlander  (190.171.107.63:62725) connected
11:08:17 Player High Alert Highlander  connecting.
11:08:22 BattlEye Server: Player #1 High Alert Highlander  - BE GUID: a01f35e030c4464ff5b5e9c18ddf0195
11:08:25 Player High Alert Highlander  connected (id=76561198065774594).
11:08:25 BattlEye Server: Verified GUID (a01f35e030c4464ff5b5e9c18ddf0195) of player #1 High Alert Highlander 
11:13:05 BattlEye Server: (Global) High Alert Highlander : hello Kingston welcome back yesterday i guve you a 24 hiours banned due to combat logout 
11:13:19 BattlEye Server: (Global) High Alert Highlander : that isnot tolerable in this server 
11:13:21 BattlEye Server: (Global) Kingston: pls dont kill me 
11:13:52 BattlEye Server: (Global) High Alert Highlander : next combat logout will be a permanent  banned 
11:14:11 BattlEye Server: (Global) Kingston: lol admin likks me 2 min aafter log in
11:14:22 BattlEye Server: (Global) High Alert Highlander : this is a milsim wasteland server 
11:14:32 BattlEye Server: (Global) High Alert Highlander : pvp is in this server 
11:14:44 BattlEye Server: (Global) Kingston: kils me 3 min after llag in 
11:14:52 BattlEye Server: (Global) Kingston: log in
11:15:00 BattlEye Server: (Global) High Alert Highlander : yes i did mickyou due to combat logger 
11:15:31 BattlEye Server: (Global) High Alert Highlander : well i log out in the sme spot that you where on the moment i log back in 
11:15:46 BattlEye Server: (Global) High Alert Highlander : so u r warn 
11:15:52 BattlEye Server: (Global) Kingston: nice to kill nuew ones and then ban
11:16:00 BattlEye Server: (Global) High Alert Highlander : next comabt log out will be permanent 
11:16:25 BattlEye Server: (Global) Kingston: haf fun to play alone
11:16:28 BattlEye Server: (Global) High Alert Highlander : u r not new u have a nice wallet with money 
11:16:33 Player Kingston disconnected.
11:16:33 BattlEye Server: Player #0 Kingston disconnected
11:19:49 Ironside uses modified data file
11:19:49 BattlEye Server: Player #2 Ironside (24.118.118.85:2304) connected
11:19:49 Player Ironside connecting.
11:19:51 BattlEye Server: Player #2 Ironside - BE GUID: 8a2cf5db8b52210b8d418782d4ba31a9
11:19:51 Player Ironside connected (id=76561198159407384).
11:19:51 BattlEye Server: Verified GUID (8a2cf5db8b52210b8d418782d4ba31a9) of player #2 Ironside
11:20:56 Odhaving uses modified data file
11:20:56 BattlEye Server: Player #3 Odhaving (208.107.215.51:2304) connected
11:20:56 Player Odhaving connecting.
11:20:59 BattlEye Server: Player #3 Odhaving - BE GUID: 3dd45ae2aae999a097eb909cbc8278fa
11:21:02 Player Odhaving connected (id=76561198281946559).
11:21:02 BattlEye Server: Verified GUID (3dd45ae2aae999a097eb909cbc8278fa) of player #3 Odhaving
11:21:25 Admin logged in, player: High Alert Highlander , playerUID: 76561198065774594, IP: 192.168.0.10:2309.
11:22:04 BattlEye Server: (Global) Ironside: hi
11:22:13 BattlEye Server: (Global) High Alert Highlander : good morning iron
11:22:30 BattlEye Server: (Global) High Alert Highlander : i saw that u join discord 
11:22:40 BattlEye Server: (Global) Ironside: yep
11:22:45 BattlEye Server: (Global) High Alert Highlander : NICE GOOD
11:23:13 BattlEye Server: (Global) Odhaving: Theres a discord
11:23:31 BattlEye Server: (Global) High Alert Highlander : yes there is 
11:27:18 BattlEye Server: (Global) High Alert Highlander : guys pls read all the server rules do your selfs a favor 
11:27:36 BattlEye Server: (Global) Ironside: discord or this
11:27:47 BattlEye Server: (Global) High Alert Highlander : i already banned permantly  2 guys for combat login 
11:27:54 BattlEye Server: (Global) Ironside: ok
11:28:09 BattlEye Server: (Global) High Alert Highlander : that is just not and will be not tolerable {
11:28:47 BattlEye Server: (Global) High Alert Highlander : this server is pvpmilsim
11:29:14 BattlEye Server: (Global) High Alert Highlander : u guys have nice money amd a full parking lot 
11:29:33 BattlEye Server: (Global) High Alert Highlander : u r not new and this goes for you 
11:29:38 BattlEye Server: (Global) High Alert Highlander : odh 
11:29:45 BattlEye Server: (Global) High Alert Highlander : stop complaning 
11:29:57 BattlEye Server: (Global) Odhaving: About the pvp?
11:30:04 BattlEye Server: (Global) High Alert Highlander : if any of the other admins see you complaning 
11:30:12 BattlEye Server: (Global) High Alert Highlander : they will banned you permantly 
11:30:13 mutabor uses modified data file
11:30:13 BattlEye Server: Player #4 mutabor (31.173.120.74:47638) connected
11:30:13 Player mutabor connecting.
11:30:16 BattlEye Server: Player #4 mutabor - BE GUID: 3addd2494ae6dc27137b23ec8e2a9468
11:30:16 Player mutabor connected (id=76561198299169690).
11:30:16 BattlEye Server: Verified GUID (3addd2494ae6dc27137b23ec8e2a9468) of player #4 mutabor
11:30:25 Player mutabor disconnected.
11:30:25 BattlEye Server: Player #4 mutabor disconnected
11:30:32 BattlEye Server: (Global) High Alert Highlander : beliefme imthenice one between the 3 
11:30:42 BattlEye Server: (Global) High Alert Highlander : i like u guys 
11:30:47 BattlEye Server: (Global) High Alert Highlander : i like playing with you 
11:30:55 BattlEye Server: (Global) High Alert Highlander : i dont like to be rude 
11:30:59 BattlEye Server: (Global) Ironside: well thankyou
11:31:05 BattlEye Server: (Global) High Alert Highlander : pvpis just part of the server 
11:31:12 BattlEye Server: (Global) Odhaving: Could you remind me what i complained about i am just a weee bit special and thanks for the complement
11:31:23 BattlEye Server: (Global) High Alert Highlander : pvp  
11:31:42 BattlEye Server: (Global) High Alert Highlander : basicaly all that sorrounds that 
11:31:53 BattlEye Server: (Global) Odhaving: Ok still want to do a glowstick trade though i wil get it eventually
11:32:08 BattlEye Server: (Global) High Alert Highlander : jajaja 
11:32:20 BattlEye Server: (Global) High Alert Highlander : ok
12:13:03 BattlEye Server: (Global) Odhaving: Wait are there rules against stealing
12:13:40 BattlEye Server: (Global) High Alert Highlander : there is no rules against that 
12:27:25 Player Ironside disconnected.
12:27:25 BattlEye Server: Player #2 Ironside disconnected
12:31:12 Player Odhaving disconnected.
12:31:12 BattlEye Server: Player #3 Odhaving disconnected
12:39:01 Player High Alert Highlander  disconnected.
12:39:01 BattlEye Server: Player #1 High Alert Highlander  disconnected
12:39:01 Admin logged out, player: High Alert Highlander , playerUID: 76561198065774594, IP: 192.168.0.10:2309.
12:56:41 High Alert Highlander  uses modified data file
12:56:41 BattlEye Server: Player #0 High Alert Highlander  (190.171.107.63:62725) connected
12:56:41 Player High Alert Highlander  connecting.
12:56:45 BattlEye Server: Player #0 High Alert Highlander  - BE GUID: a01f35e030c4464ff5b5e9c18ddf0195
12:56:48 Player High Alert Highlander  connected (id=76561198065774594).
12:56:48 BattlEye Server: Verified GUID (a01f35e030c4464ff5b5e9c18ddf0195) of player #0 High Alert Highlander 
13:00:33 Admin logged in, player: High Alert Highlander , playerUID: 76561198065774594, IP: 192.168.0.10:2309.
13:07:48 Mason uses modified data file
13:07:48 BattlEye Server: Player #1 Mason (71.81.137.47:2309) connected
13:07:48 Player Mason connecting.
13:07:50 BattlEye Server: Player #1 Mason - BE GUID: 955d09b6e1dde9360ceebc2963df084d
13:07:51 Player Mason connected (id=76561198026943270).
13:07:51 BattlEye Server: Verified GUID (955d09b6e1dde9360ceebc2963df084d) of player #1 Mason
13:11:18 BattlEye Server: (Group) High Alert Highlander : all good 
13:11:25 BattlEye Server: (Group) High Alert Highlander : a littlepist of
13:11:36 BattlEye Server: (Group) High Alert Highlander : but ok 
13:12:40 BattlEye Server: (Group) High Alert Highlander : yes dark vault {
13:12:48 BattlEye Server: (Group) High Alert Highlander : a shitty server 
13:13:09 BattlEye Server: (Group) High Alert Highlander : he complaint to sarg  and to sniper 
13:13:24 BattlEye Server: (Group) High Alert Highlander : about me teleporting 
13:13:37 BattlEye Server: (Group) High Alert Highlander : talking shit about me
13:13:52 BattlEye Server: (Group) High Alert Highlander : that was using good mode 
13:14:03 BattlEye Server: (Group) High Alert Highlander : that i increase my accurracy 
13:14:12 BattlEye Server: (Group) High Alert Highlander : basically that i was cheting 
13:14:40 BattlEye Server: (Group) High Alert Highlander : so sarg and sniper loging to the PBOFILES 
13:14:49 BattlEye Server: (Group) High Alert Highlander : searching if that was true 
13:14:58 BattlEye Server: (Group) High Alert Highlander : and of course is not true 
13:15:19 BattlEye Server: (Group) High Alert Highlander : so they tall him to stop complaning and winning like a little whore 
13:15:41 BattlEye Server: (Group) High Alert Highlander : sarg is already tired of the guy 
13:16:06 BattlEye Server: (Group) High Alert Highlander : and snipertoll himthat if no one is making himoplay here 
13:16:17 BattlEye Server: (Group) High Alert Highlander : that he can go if he likes {
13:16:29 BattlEye Server: (Group) High Alert Highlander : so he took hes choice 
13:16:51 BattlEye Server: (Group) High Alert Highlander : and now he is telling everyone shit about this server 
13:17:10 BattlEye Server: (Group) High Alert Highlander : buajajaja
13:17:22 BattlEye Server: (Group) High Alert Highlander : thats is a fucking lie 
13:17:46 BattlEye Server: (Group) High Alert Highlander : and he is puting stuff of the server 
13:18:06 BattlEye Server: (Group) High Alert Highlander : he is 54
13:18:29 BattlEye Server: (Group) High Alert Highlander : exactly 
13:18:42 BattlEye Server: (Group) High Alert Highlander : sonow we know why we have been losing players
13:18:53 BattlEye Server: (Group) High Alert Highlander : is because of him
13:18:58 BattlEye Server: (Group) High Alert Highlander : talking shit 
13:19:25 BattlEye Server: (Group) High Alert Highlander : we will be ok peoplewill join here at some  point and see the truth 
13:19:48 BattlEye Server: (Group) High Alert Highlander : ah ?
13:19:55 BattlEye Server: (Group) High Alert Highlander : thks bro 
13:20:15 BattlEye Server: (Group) High Alert Highlander : so people is afraid of my name in the server 
13:20:32 BattlEye Server: (Group) High Alert Highlander : so i will start a new character with no admin rights 
13:20:59 BattlEye Server: (Group) High Alert Highlander : true
13:21:32 BattlEye Server: (Group) High Alert Highlander : i will follow your advise 
13:22:36 BattlEye Server: (Group) High Alert Highlander : by the way someone destroi the base and stole acouple vehiculs 
13:22:45 BattlEye Server: (Group) High Alert Highlander : yes
13:23:08 BattlEye Server: (Group) High Alert Highlander : i saw a burn plane to the side of the base 
13:23:25 BattlEye Server: (Group) High Alert Highlander : so they crash a +
13:23:27 BattlEye Server: (Group) High Alert Highlander : yes
13:23:31 BattlEye Server: (Group) High Alert Highlander : i guess 
13:24:03 BattlEye Server: (Group) High Alert Highlander : belief me i bet is bandit 
13:24:22 BattlEye Server: (Group) High Alert Highlander : exactly 
13:25:24 BattlEye Server: (Group) High Alert Highlander : nope 
13:25:36 BattlEye Server: (Group) High Alert Highlander : the artillery 
13:25:53 BattlEye Server: (Group) High Alert Highlander : yes 
13:26:04 BattlEye Server: (Group) High Alert Highlander : and a tankthati left outsidfde
13:26:10 BattlEye Server: (Group) High Alert Highlander : nope 
13:26:15 BattlEye Server: (Group) High Alert Highlander : no
13:26:54 BattlEye Server: (Group) High Alert Highlander : in server restart will pop up again 
13:27:56 BattlEye Server: (Group) High Alert Highlander : ok imlogin out and coming with the new character
13:28:19 Player High Alert Highlander  disconnected.
13:28:19 BattlEye Server: Player #0 High Alert Highlander  disconnected
13:28:19 Admin logged out, player: High Alert Highlander , playerUID: 76561198065774594, IP: 192.168.0.10:2309.
13:30:55 Dhenvlack  uses modified data file
13:30:55 BattlEye Server: Player #2 Dhenvlack  (190.171.107.63:62725) connected
13:30:55 Player Dhenvlack  connecting.
13:30:57 BattlEye Server: Player #2 Dhenvlack  - BE GUID: a01f35e030c4464ff5b5e9c18ddf0195
13:31:00 Player Dhenvlack  connected (id=76561198065774594).
13:31:00 BattlEye Server: Verified GUID (a01f35e030c4464ff5b5e9c18ddf0195) of player #2 Dhenvlack 
13:32:43 BattlEye Server: (Group) Dhenvlack : im invisible on discord but im in the room
13:32:55 BattlEye Server: (Group) Dhenvlack : tes
13:37:45 BattlEye Server: (Group) Dhenvlack : dont tell anyone this is me
13:37:59 BattlEye Server: (Group) Dhenvlack : i even going tochoose a diferent gamestyle 
13:38:03 BattlEye Server: (Group) Dhenvlack : he knows
13:38:57 Player Dhenvlack  disconnected.
13:38:57 BattlEye Server: Player #2 Dhenvlack  disconnected
13:40:02 High Alert Highlander  uses modified data file
13:40:02 BattlEye Server: Player #2 High Alert Highlander  (190.171.107.63:62725) connected
13:40:02 Player High Alert Highlander  connecting.
13:40:04 BattlEye Server: Player #2 High Alert Highlander  - BE GUID: a01f35e030c4464ff5b5e9c18ddf0195
13:40:06 Player High Alert Highlander  connected (id=76561198065774594).
13:40:06 BattlEye Server: Verified GUID (a01f35e030c4464ff5b5e9c18ddf0195) of player #2 High Alert Highlander 
13:42:02 BattlEye Server: (Group) High Alert Highlander : -by the way the guy that u have u¿issues with  i banned him 
13:42:06 BattlEye Server: (Group) High Alert Highlander : yesterday 
13:43:02 BattlEye Server: (Group) High Alert Highlander : danny straw
13:43:28 BattlEye Server: (Group) High Alert Highlander : that was the name  that he had yesterday 
13:44:02 BattlEye Server: (Group) High Alert Highlander : yes
13:44:44 BattlEye Server: (Group) High Alert Highlander : well it will make that more dificult 
13:45:06 BattlEye Server: (Group) High Alert Highlander : if we pull the walls up 
13:45:16 BattlEye Server: (Group) High Alert Highlander : make it more dificult
13:45:24 BattlEye Server: (Group) High Alert Highlander : no imposible 
13:45:32 BattlEye Server: (Group) High Alert Highlander : but dificult 
13:46:27 Player High Alert Highlander  disconnected.
13:46:27 BattlEye Server: Player #2 High Alert Highlander  disconnected
13:48:03 Dhenvlack  uses modified data file
13:48:03 BattlEye Server: Player #2 Dhenvlack  (190.171.107.63:62725) connected
13:48:03 Player Dhenvlack  connecting.
13:48:06 BattlEye Server: Player #2 Dhenvlack  - BE GUID: a01f35e030c4464ff5b5e9c18ddf0195
13:48:06 Player Dhenvlack  connected (id=76561198065774594).
13:48:06 BattlEye Server: Verified GUID (a01f35e030c4464ff5b5e9c18ddf0195) of player #2 Dhenvlack 
13:49:26 BattlEye Server: (Group) Dhenvlack : need the general store pls
13:49:56 BattlEye Server: (Group) Dhenvlack : yes
13:50:22 BattlEye Server: (Group) Dhenvlack : it seems my stadistics dont change stay the same 
13:52:47 BattlEye Server: (Group) Dhenvlack : mediumrange 
13:52:58 BattlEye Server: (Group) Dhenvlack : close cambat 
13:53:36 BattlEye Server: (Group) Dhenvlack : allthe fullones 
13:54:09 BattlEye Server: (Group) Dhenvlack : no  so i give them a chance of detecting me andkillme}
13:54:32 BattlEye Server: (Group) Dhenvlack : by making them easy to play against me
13:58:48 BattlEye Server: (Group) Dhenvlack : any of the SPCS
14:03:31 BattlEye Server: (Group) Dhenvlack : LIKE WHAT 
14:03:58 BattlEye Server: (Group) Dhenvlack : -realx 
14:04:08