 3:01:38 BattlEye Server: Initialized (v1.217)
 3:01:38 Host identity created.
 3:01:38 Game Port: 2307, Steam Query Port: 2308
 3:01:38 Mission A3Wasteland Altis v1.4c read from bank.
 3:01:40 Roles assigned.
 3:01:40 Reading mission ...
 3:02:12 Mission read.
 3:02:12 Game started.
 3:04:20 Masagon uses modified data file
 3:04:20 BattlEye Server: Player #0 Masagon (27.127.49.160:2304) connected
 3:04:20 Player Masagon connecting.
 3:04:21 BattlEye Server: Connected to BE Master
 3:04:22 BattlEye Server: Player #0 Masagon - BE GUID: 416964432e6cf694e029fcb6c5df3159
 3:04:24 Player Masagon connected (id=76561197992062749).
 3:04:24 BattlEye Server: Verified GUID (416964432e6cf694e029fcb6c5df3159) of player #0 Masagon
 3:05:57 Player Masagon disconnected.
 3:05:58 BattlEye Server: Player #0 Masagon disconnected
 3:20:20 Ser Eblan uses modified data file
 3:20:20 BattlEye Server: Player #0 Ser Eblan (95.26.126.174:2304) connected
 3:20:20 Player Ser Eblan connecting.
 3:20:23 BattlEye Server: Player #0 Ser Eblan - BE GUID: 244b637f4295715693785e75e605bc1e
 3:20:23 Player Ser Eblan connected (id=76561198140085058).
 3:20:23 BattlEye Server: Verified GUID (244b637f4295715693785e75e605bc1e) of player #0 Ser Eblan
 3:20:38 Аков uses modified data file
 3:20:38 BattlEye Server: Player #1 Аков (5.100.94.199:2304) connected
 3:20:38 Player Аков connecting.
 3:20:44 BattlEye Server: Player #1 Аков - BE GUID: 99cc84a8ff4b4f16ac89e1fb8cbe0431
 3:20:45 Player Аков connected (id=76561198097571481).
 3:20:45 BattlEye Server: Verified GUID (99cc84a8ff4b4f16ac89e1fb8cbe0431) of player #1 Аков
 3:23:08 Player Аков disconnected.
 3:23:08 BattlEye Server: Player #1 Аков disconnected
 3:23:39 Akov uses modified data file
 3:23:39 BattlEye Server: Player #1 Akov (5.100.94.199:2304) connected
 3:23:39 Player Akov connecting.
 3:23:42 BattlEye Server: Player #1 Akov - BE GUID: 99cc84a8ff4b4f16ac89e1fb8cbe0431
 3:23:42 Player Akov connected (id=76561198097571481).
 3:23:42 BattlEye Server: Verified GUID (99cc84a8ff4b4f16ac89e1fb8cbe0431) of player #1 Akov
 3:45:47 Голик uses modified data file
 3:45:47 BattlEye Server: Player #2 Голик (188.113.158.220:27003) connected
 3:45:47 Player Голик connecting.
 3:45:54 Player Голик disconnected.
 3:45:54 BattlEye Server: Player #2 Голик disconnected
 3:45:55 Голик uses modified data file
 3:45:55 BattlEye Server: Player #2 Голик (188.113.158.220:27003) connected
 3:45:55 Player Голик connecting.
 3:45:58 BattlEye Server: Player #2 Голик - BE GUID: 05d9a09fad73d401eb4b64cfd5439c70
 3:45:59 Player Голик connected (id=76561198330178990).
 3:45:59 BattlEye Server: Verified GUID (05d9a09fad73d401eb4b64cfd5439c70) of player #2 Голик
 4:29:40 Player Akov disconnected.
 4:29:40 BattlEye Server: Player #1 Akov disconnected
 4:55:13 Player Ser Eblan disconnected.
 4:55:13 BattlEye Server: Player #0 Ser Eblan disconnected
 4:55:37 Player Голик disconnected.
 4:55:37 BattlEye Server: Player #2 Голик disconnected
 4:58:16 {SWT} strix™ uses modified data file
 4:58:16 BattlEye Server: Player #0 {SWT} strix™ (168.195.147.30:2304) connected
 4:58:16 Player {SWT} strix™ connecting.
 4:58:23 BattlEye Server: Player #0 {SWT} strix™ - BE GUID: 97d3d41e6d3ab080ceac3eda90220be7
 4:58:23 Player {SWT} strix™ connected (id=76561198332928580).
 4:58:23 BattlEye Server: Verified GUID (97d3d41e6d3ab080ceac3eda90220be7) of player #0 {SWT} strix™
 5:01:16 Player {SWT} strix™ disconnected.
 5:01:16 BattlEye Server: Player #0 {SWT} strix™ disconnected
 5:52:34 RCT.MASSEY.T uses modified data file
 5:52:34 BattlEye Server: Player #0 RCT.MASSEY.T (173.188.151.26:2309) connected
 5:52:34 Player RCT.MASSEY.T connecting.
 5:52:36 BattlEye Server: Player #0 RCT.MASSEY.T - BE GUID: c32ead9d50d7c8b043291951e92544ad
 5:52:37 Player RCT.MASSEY.T connected (id=76561198036148836).
 5:52:37 BattlEye Server: Verified GUID (c32ead9d50d7c8b043291951e92544ad) of player #0 RCT.MASSEY.T
 6:27:44 Player RCT.MASSEY.T is losing connection
 8: