15:01:34 BattlEye Server: Initialized (v1.217)
15:01:34 Host identity created.
15:01:34 Game Port: 2307, Steam Query Port: 2308
15:01:34 Mission A3Wasteland Altis v1.4c read from bank.
15:01:36 Roles assigned.
15:01:36 Reading mission ...
15:02:05 Mission read.
15:02:06 Game started.
15:09:02 Feller uses modified data file
15:09:02 BattlEye Server: Player #0 Feller (68.251.245.45:2304) connected
15:09:02 Player Feller connecting.
15:09:02 BattlEye Server: Connected to BE Master
15:09:04 BattlEye Server: Player #0 Feller - BE GUID: 57722fbe19de6869f5a7407356ceaaba
15:09:04 Player Feller connected (id=76561198044427738).
15:09:04 BattlEye Server: Verified GUID (57722fbe19de6869f5a7407356ceaaba) of player #0 Feller
15:18:10 Mr.RaInBoW-Noob uses modified data file
15:18:10 BattlEye Server: Player #1 Mr.RaInBoW-Noob (162.204.134.45:2304) connected
15:18:10 Player Mr.RaInBoW-Noob connecting.
15:18:13 BattlEye Server: Player #1 Mr.RaInBoW-Noob - BE GUID: 7b152a7648d51b9c34052dea2543e2a2
15:18:16 Player Mr.RaInBoW-Noob connected (id=76561198345856068).
15:18:16 BattlEye Server: Verified GUID (7b152a7648d51b9c34052dea2543e2a2) of player #1 Mr.RaInBoW-Noob
15:18:26 Nitekreature uses modified data file
15:18:26 BattlEye Server: Player #2 Nitekreature (162.204.134.45:1024) connected
15:18:26 Player Nitekreature connecting.
15:18:28 BattlEye Server: Player #2 Nitekreature - BE GUID: 9ef5ab45ff29d7bee60c91ad2a47d4bc
15:18:29 Player Nitekreature connected (id=76561198053695655).
15:18:29 BattlEye Server: Verified GUID (9ef5ab45ff29d7bee60c91ad2a47d4bc) of player #2 Nitekreature
15:20:33 Player Nitekreature disconnected.
15:20:33 BattlEye Server: Player #2 Nitekreature disconnected
15:24:56 Player Mr.RaInBoW-Noob disconnected.
15:24:56 BattlEye Server: Player #1 Mr.RaInBoW-Noob disconnected
15:35:56 RCT.MASSEY.T uses modified data file
15:35:56 BattlEye Server: Player #1 RCT.MASSEY.T (174.194.19.127:5061) connected
15:35:56 Player RCT.MASSEY.T connecting.
15:35:58 BattlEye Server: Player #1 RCT.MASSEY.T - BE GUID: c32ead9d50d7c8b043291951e92544ad
15:35:58 Player RCT.MASSEY.T connected (id=76561198036148836).
15:35:58 BattlEye Server: Verified GUID (c32ead9d50d7c8b043291951e92544ad) of player #1 RCT.MASSEY.T
15:41:21 BattlEye Server: (Side) RCT.MASSEY.T: want to team up?
15:41:27 BattlEye Server: (Side) RCT.MASSEY.T: we have a better chance 
15:41:36 BattlEye Server: (Side) RCT.MASSEY.T: of getting more money
15:41:53 BattlEye Server: (Side) Feller: nah im just killin ai rn
15:41:59 BattlEye Server: (Side) RCT.MASSEY.T: okay
15:42:02 BattlEye Server: (Side) RCT.MASSEY.T: good luck then
15:42:05 BattlEye Server: (Side) Feller: reee
15:42:15 BattlEye Server: (Side) Feller: i got killed while typing lol
15:42:20 BattlEye Server: (Side) RCT.MASSEY.T: lol sorry
15:42:23 BattlEye Server: (Side) Feller: np
15:43:48 Player Feller disconnected.
15:43:48 BattlEye Server: Player #0 Feller disconnected
16:21:20 karmay uses modified data file
16:21:21 BattlEye Server: Player #2 karmay (83.42.143.143:2309) connected
16:21:21 Player karmay connecting.
16:21:25 BattlEye Server: Player #2 karmay - BE GUID: e31f124e7d128a472e667d56f28850b7
16:21:26 Player karmay connected (id=76561198142708997).
16:21:26 BattlEye Server: Verified GUID (e31f124e7d128a472e667d56f28850b7) of player #2 karmay
16:26:22 UrPapTrap uses modified data file
16:26:22 BattlEye Server: Player #3 UrPapTrap (172.1.97.121:2309) connected
16:26:22 Player UrPapTrap connecting.
16:26:26 BattlEye Server: Player #3 UrPapTrap - BE GUID: bc0455be729b0a6efc019b64795d18d8
16:26:26 Player UrPapTrap connected (id=76561198097586684).
16:26:27 BattlEye Server: Verified GUID (bc0455be729b0a6efc019b64795d18d8) of player #3 UrPapTrap
16:26:37 Mason uses modified data file
16:26:37 BattlEye Server: Player #4 Mason (24.207.152.238:2309) connected
16:26:38 Player Mason connecting.
16:26:40 BattlEye Server: Player #4 Mason - BE GUID: 955d09b6e1dde9360ceebc2963df084d
16:26:40 Player Mason connected (id=76561198026943270).
16:26:40 BattlEye Server: Verified GUID (955d09b6e1dde9360ceebc2963df084d) of player #4 Mason
16:39:22 Feller uses modified data file
16:39:22 BattlEye Server: Player #5 Feller (68.251.245.45:2309) connected
16:39:22 Player Feller connecting.
16:39:25 BattlEye Server: Player #5 Feller - BE GUID: 57722fbe19de6869f5a7407356ceaaba
16:39:25 Player Feller connected (id=76561198044427738).
16:39:25 BattlEye Server: Verified GUID (57722fbe19de6869f5a7407356ceaaba) of player #5 Feller
16:52:28 Player Feller is losing connection
16:53:45 Player Feller kicked off by BattlEye: Client not responding
16:53:45 Player Feller disconnected.
16:53:47 BattlEye Server: (Global) RCT.MASSEY.T: hey guys
16:53:50 BattlEye Server: (Global) RCT.MASSEY.T: quick question
16:53:59 BattlEye Server: (Global) RCT.MASSEY.T: do ammo crates stay with the vehicle
16:54:03 BattlEye Server: (Global) RCT.MASSEY.T: after you park it?
16:54:17 Feller uses modified data file
16:54:17 BattlEye Server: Player #5 Feller (68.251.245.45:2309) connected
16:54:17 Player Feller connecting.
16:54:20 BattlEye Server: Player #5 Feller - BE GUID: 57722fbe19de6869f5a7407356ceaaba
16:54:49 Player RCT.MASSEY.T disconnected.
16:54:49 BattlEye Server: Player #1 RCT.MASSEY.T disconnected
16:54:59 Player karmay disconnected.
16:54:59 BattlEye Server: Player #2 karmay disconnected
16:56:56 Player Feller disconnected.
16:56:56 BattlEye Server: Player #5 Feller disconnected
16:57:45 Feller uses modified data file
16:57:45 BattlEye Server: Player #5 Feller (68.251.245.45:2309) connected
16:57:45 Player Feller connecting.
16:57:47 BattlEye Server: Player #5 Feller - BE GUID: 57722fbe19de6869f5a7407356ceaaba
16:57:48 Player Feller connected (id=76561198044427738).
16:57:48 BattlEye Server: Verified GUID (57722fbe19de6869f5a7407356ceaaba) of player #5 Feller
17:46:25 Cowboy Sunshine uses modified data file
17:46:25 BattlEye Server: Player #6 Cowboy Sunshine (68.119.68.245:2304) connected
17:46:25 Player Cowboy Sunshine connecting.
17:46:30 BattlEye Server: Player #6 Cowboy Sunshine - BE GUID: 911a4201579f04d341cc86916f6a2862
17:46:51 Player Cowboy Sunshine connected (id=76561198083699499).
17:46:51 BattlEye Server: Verified GUID (911a4201579f04d341cc86916f6a2862) of player #6 Cowboy Sunshine
18:04:08 Player Mason disconnected.
18:04:08 BattlEye Server: Player #4 Mason disconnected
18:20:17 Player Cowboy Sunshine disconnected.
18:20:17 BattlEye Server: Player #6 Cowboy Sunshine disconnected
18:25:55 Cowboy Sunshine uses modified data file
18:25:55 BattlEye Server: Player #6 Cowboy Sunshine (68.119.68.245:2304) connected
18:25:55 Player Cowboy Sunshine connecting.
18:25:57 BattlEye Server: Player #6 Cowboy Sunshine - BE GUID: 911a4201579f04d341cc86916f6a2862
18:26:00 Player Cowboy Sunshine connected (id=76561198083699499).
18:26:00 BattlEye Server: Verified GUID (911a4201579f04d341cc86916f6a2862) of player #6 Cowboy Sunshine
18:26:05 Player Cowboy Sunshine disconnected.
18:26:05 BattlEye Server: Player #6 Cowboy Sunshine disconnected
18:30:00 Cowboy Sunshine uses modified data file
18:30:00 BattlEye Server: Player #6 Cowboy Sunshine (68.119.68.245:2304) connected
18:30:00 Player Cowboy Sunshine connecting.
18:30:02 BattlEye Server: Player #6 Cowboy Sunshine - BE GUID: 911a4201579f04d341cc86916f6a2862
18:30:04 Player Cowboy Sunshine connected (id=76561198083699499).
18:30:04 BattlEye Server: Verified GUID (911a4201579f04d341cc86916f6a2862) of player #6 Cowboy Sunshine
18:30:09 Player Cowboy Sunshine disconnected.
18:30:09 BattlEye Server: Player #6 Cowboy Sunshine disconnected
18:39:42 Cowboy Sunshine uses modified data file
18:39:42 BattlEye Server: Player #6 Cowboy Sunshine (68.119.68.245:2304) connected
18:39:43 Player Cowboy Sunshine connecting.
18:39:45 BattlEye Server: Player #6 Cowboy Sunshine - BE GUID: 911a4201579f04d341cc86916f6a2862
18:39:47 Player Cowboy Sunshine connected (id=76561198083699499).
18:39:47 BattlEye Server: Verified GUID (911a4201579f04d341cc86916f6a2862) of player #6 Cowboy Sunshine
18:44:03 RCT.MASSEY.T uses modified data file
18:44:03 BattlEye Server: Player #7 RCT.MASSEY.T (173.188.151.26:2309) connected
18:44:03 Player RCT.MASSEY.T connectin