 3:01:37 BattlEye Server: Initialized (v1.217)
 3:01:37 Host identity created.
 3:01:37 Game Port: 2307, Steam Query Port: 2308
 3:01:37 Mission A3Wasteland Altis v1.4c read from bank.
 3:01:38 Roles assigned.
 3:01:38 Reading mission ...
 3:02:10 Mission read.
 3:02:10 Game started.
 5:10:39 Foxtrot uses modified data file
 5:10:39 BattlEye Server: Player #0 Foxtrot (187.103.165.152:2309) connected
 5:10:39 Player Foxtrot connecting.
 5:10:40 BattlEye Server: Connected to BE Master
 5:10:42 BattlEye Server: Player #0 Foxtrot - BE GUID: a2d2d925ce18502eb5fd6f09624882b6
 5:10:42 Player Foxtrot connected (id=76561198385413825).
 5:10:42 BattlEye Server: Verified GUID (a2d2d925ce18502eb5fd6f09624882b6) of player #0 Foxtrot
 5:16:05 Player Foxtrot: Signature check timed out
 5:16:05 Player Foxtrot disconnected.
 5:16:06 BattlEye Server: Player #0 Foxtrot disconnected
 5:55:13 Mason uses modified data file
 5:55:13 BattlEye Server: Player #0 Mason (24.207.152.238:2309) connected
 5:55:13 Player Mason connecting.
 5:55:16 BattlEye Server: Player #0 Mason - BE GUID: 955d09b6e1dde9360ceebc2963df084d
 5:55:16 Player Mason connected (id=76561198026943270).
 5:55:16 BattlEye Server: Verified GUID (955d09b6e1dde9360ceebc2963df084d) of player #0 Mason
 6:40:44 ANATOLI CHEJOV uses modified data file
 6:40:44 BattlEye Server: Player #1 ANATOLI CHEJOV (190.171.107.94:62725) connected
 6:40:44 Player ANATOLI CHEJOV connecting.
 6:40:50 BattlEye Server: Player #1 ANATOLI CHEJOV - BE GUID: a01f35e030c4464ff5b5e9c18ddf0195
 6:40:53 Player ANATOLI CHEJOV connected (id=76561198065774594).
 6:40:53 BattlEye Server: Verified GUID (a01f35e030c4464ff5b5e9c18ddf0195) of player #1 ANATOLI CHEJOV
 6:45:42 BattlEye Server: (Side) ANATOLI CHEJOV: gm
 6:45:52 BattlEye Server: (Side) Mason: HI
 6:46:07 BattlEye Server: (Side) ANATOLI CHEJOV: sowhat newontheupdate 
 6:47:22 BattlEye Server: (Side) ANATOLI CHEJOV: so whats  new on the update 
 6:51:16 BattlEye Server: (Side) ANATOLI CHEJOV: idont hear u 
 6:51:31 BattlEye Server: (Side) ANATOLI CHEJOV: ok
 6:52:02 BattlEye Server: (Side) ANATOLI CHEJOV: what vehiculs
 6:52:44 Anis uses modified data file
 6:52:44 BattlEye Server: Player #2 Anis (143.176.203.234:61914) connected
 6:52:44 Player Anis connecting.
 6:52:46 BattlEye Server: Player #2 Anis - BE GUID: a2c54f587c5a9e734202b445150414df
 6:52:47 Player Anis connected (id=76561198133213019).
 6:52:47 BattlEye Server: Verified GUID (a2c54f587c5a9e734202b445150414df) of player #2 Anis
 6:56:00 BattlEye Server: (Side) ANATOLI CHEJOV: good
 6:59:35 BattlEye Server: (Side) ANATOLI CHEJOV: u have the guy below u
 6:59:45 BattlEye Server: (Side) ANATOLI CHEJOV: wacjiong whereu going 
 7:00:02 BattlEye Server: (Side) ANATOLI CHEJOV: dont 
 7:00:08 BattlEye Server: (Side) ANATOLI CHEJOV: not yet 
 7:00:16 BattlEye Server: (Side) ANATOLI CHEJOV: ok u cannow
 7:02:47 Player Anis disconnected.
 7:02:47 BattlEye Server: Player #2 Anis disconnected
 7:03:40 BattlEye Server: (Side) ANATOLI CHEJOV: we have in game 338 silencers to buy now
 7:03:55 BattlEye Server: (Side) ANATOLI CHEJOV: also we have a new sniper russian rifle 
 7:04:02 BattlEye Server: (Side) ANATOLI CHEJOV: t-5000
 7:04:21 BattlEye Server: (Side) ANATOLI CHEJOV: yes
 7:06:09 BattlEye Server: (Side) ANATOLI CHEJOV: waste of time
 7:06:42 BattlEye Server: (Side) ANATOLI CHEJOV: i have my extra money on a taru pot in the bottom of the island 
 7:06:46 BattlEye Server: (Side) ANATOLI CHEJOV: in the water
 7:07:18 BattlEye Server: (Side) ANATOLI CHEJOV: a tarupot no
 7:35:21 BattlEye Server: (Side) ANATOLI CHEJOV: ok the thing with the supplies is fix now they get use 
 7:35:49 BattlEye Server: (Side) ANATOLI CHEJOV: nomore infine reapair kids or anything else
 7:36:09 BattlEye Server: (Side) ANATOLI CHEJOV: hellno
 7:36:37 BattlEye Server: (Side) ANATOLI CHEJOV: allot
 7:37:20 BattlEye Server: (Side) ANATOLI CHEJOV: because of that shit u cant killplayers 
 7:37:25 BattlEye Server: (Side) ANATOLI CHEJOV: like varluk 
 7:37:34 BattlEye Server: (Side) ANATOLI CHEJOV: alwaysfixing there things
 7:37:4