 9:01:39 BattlEye Server: Initialized (v1.217)
 9:01:39 Host identity created.
 9:01:40 Game Port: 2307, Steam Query Port: 2308
 9:01:40 Mission A3Wasteland Altis v1.4c read from bank.
 9:01:41 Roles assigned.
 9:01:41 Reading mission ...
 9:02:14 Mission read.
 9:02:15 Game started.
 9:24:44 nord88 uses modified data file
 9:24:44 BattlEye Server: Player #0 nord88 (77.93.109.11:2309) connected
 9:24:44 Player nord88 connecting.
 9:24:45 BattlEye Server: Connected to BE Master
 9:24:48 BattlEye Server: Player #0 nord88 - BE GUID: 060ac7a78394ac513615d1bb34627674
 9:24:48 Player nord88 connected (id=76561198119341206).
 9:24:48 BattlEye Server: Verified GUID (060ac7a78394ac513615d1bb34627674) of player #0 nord88
 9:47:13 Player nord88 disconnected.
 9:47:13 BattlEye Server: Player #0 nord88 disconnected
11:23:41 Mason uses modified data file
11:23:41 BattlEye Server: Player #0 Mason (71.81.137.47:2309) connected
11:23:41 Player Mason connecting.
11:23:43 BattlEye Server: Player #0 Mason - BE GUID: 955d09b6e1dde9360ceebc2963df084d
11:23:44 Player Mason connected (id=76561198026943270).
11:23:44 BattlEye Server: Verified GUID (955d09b6e1dde9360ceebc2963df084d) of player #0 Mason
13:18:16 planeswalker uses modified data file
13:18:16 BattlEye Server: Player #1 planeswalker (68.3.55.194:2304) connected
13:18:16 Player planeswalker connecting.
13:18:18 BattlEye Server: Player #1 planeswalker - BE GUID: 8b6fe3f16029b06c64d448d53dbfecc9
13:18:19 Player planeswalker connected (id=76561197983720491).
13:18:19 BattlEye Server: Verified GUID (8b6fe3f16029b06c64d448d53dbfecc9) of player #1 planeswalker
13:21:30 Player planeswalker disconnected.
13:21:30 BattlEye Server: Player #1 planeswalker disconnected
14:14:09 WhiskyTangoFoxy uses modified data file
14:14:09 BattlEye Server: Player #1 WhiskyTangoFoxy (68.209.125.150:2309) connected
14:14:09 Player WhiskyTangoFoxy connecting.
14:14:11 BattlEye Server: Player #1 WhiskyTangoFoxy - BE GUID: ccc3a0df36dbaafc41246bff61f93b24
14:14:14 Player WhiskyTangoFoxy connected (id=76561197994843275).
14:14:14 BattlEye Server: Verified GUID (ccc3a0df36dbaafc41246bff61f93b24) of player #1 WhiskyTangoFoxy
14:21:14 ANATOLI CHEJOV uses modified data file
14:21:14 BattlEye Server: Player #2 ANATOLI CHEJOV (190.171.107.50:62725) connected
14:21:14 Player ANATOLI CHEJOV connecting.
14:21:19 BattlEye Server: Player #2 ANATOLI CHEJOV - BE GUID: a01f35e030c4464ff5b5e9c18ddf0195
14:21:19 Player ANATOLI CHEJOV connected (id=76561198065774594).
14:21:19 BattlEye Server: Verified GUID (a01f35e030c4464ff5b5e9c18ddf0195) of player #2 ANATOLI CHEJOV
14:22:20 Player Mason disconnected.
14:22:20 BattlEye Server: Player #0 Mason disconnected
14:24:02 Mason uses modified data file
14:24:02 BattlEye Server: Player #3 Mason (71.81.137.47:2309) connected
14:24:02 Player Mason connecting.
14:24:04 BattlEye Server: Player #3 Mason - BE GUID: 955d09b6e1dde9360ceebc2963df084d
14:24:04 Player Mason connected (id=76561198026943270).
14:24:04 BattlEye Server: Verified GUID (955d09b6e1dde9360ceebc2963df084d) of player #3 Mason
14:27:09 BattlEye Server: (Global) Mason: hey whiskey...
14:37:54 Player WhiskyTangoFoxy disconnected.
14:37:54 BattlEye Server: Player #1 WhiskyTangoFoxy disconnected
14:37:55 BattlEye Server: (Group) ANATOLI CHEJOV: yea
14:38:30 BattlEye Server: (Group) ANATOLI CHEJOV: iknow who is he 
14:38:39 BattlEye Server: (Group) ANATOLI CHEJOV: he is sarg  
14:38:50 BattlEye Server: (Group) ANATOLI CHEJOV: sarg have this thing 
14:39:07 BattlEye Server: (Group) ANATOLI CHEJOV: of  doing thisstuff sopeople get in 
14:40:33 BattlEye Server: (Group) ANATOLI CHEJOV: when you respwn 
14:40:43 BattlEye Server: (Group) ANATOLI CHEJOV: can u see someelse beacons 
14:41:33 BattlEye Server: (Group) ANATOLI CHEJOV: when u respawn can you see other people beacons 
14:41:41 BattlEye Server: (Group) ANATOLI CHEJOV: even do they r not in game
14:41:59 BattlEye Server: (Group) ANATOLI CHEJOV: it is
14:50:58 Player ANATOLI CHEJOV disconnected.
14:50:58 BattlEye Server: Player #2 ANATOLI CHEJOV disconnected
14:55:01 Failed attem