15:01:40 BattlEye Server: Initialized (v1.217)
15:01:40 Host identity created.
15:01:40 Game Port: 2307, Steam Query Port: 2308
15:01:40 Mission A3Wasteland Altis v1.4c read from bank.
15:01:41 Roles assigned.
15:01:41 Reading mission ...
15:02:13 Mission read.
15:02:13 Game started.
15:04:37 High Alert Highlander  uses modified data file
15:04:37 BattlEye Server: Player #0 High Alert Highlander  (190.171.107.50:62725) connected
15:04:37 Player High Alert Highlander  connecting.
15:04:38 BattlEye Server: Connected to BE Master
15:04:42 BattlEye Server: Player #0 High Alert Highlander  - BE GUID: a01f35e030c4464ff5b5e9c18ddf0195
15:04:45 Player High Alert Highlander  connected (id=76561198065774594).
15:04:45 BattlEye Server: Verified GUID (a01f35e030c4464ff5b5e9c18ddf0195) of player #0 High Alert Highlander 
16:37:04 Rou Kowalski uses modified data file
16:37:05 BattlEye Server: Player #1 Rou Kowalski (73.147.1.91:2309) connected
16:37:05 Player Rou Kowalski connecting.
16:37:07 BattlEye Server: Player #1 Rou Kowalski - BE GUID: 58cae163ea9d3a0ff8adde240b436737
16:37:09 Player Rou Kowalski connected (id=76561198034110598).
16:37:09 BattlEye Server: Verified GUID (58cae163ea9d3a0ff8adde240b436737) of player #1 Rou Kowalski
16:38:41 BattlEye Server: (Group) High Alert Highlander : allgood
16:38:49 BattlEye Server: (Group) High Alert Highlander : letmeturndownthemusic
16:39:11 BattlEye Server: (Group) High Alert Highlander : better now i canhear you 
16:39:44 BattlEye Server: (Group) High Alert Highlander : bratley gilbert 
16:39:49 BattlEye Server: (Group) High Alert Highlander : bottoms up
16:40:05 BattlEye Server: (Group) High Alert Highlander : ok
16:40:14 BattlEye Server: (Group) High Alert Highlander : imdoing altis
16:40:43 BattlEye Server: (Group) High Alert Highlander : mission
16:49:04 BattlEye Server: (Group) High Alert Highlander : now would be a goodtime tohemget expingame
16:49:28 BattlEye Server: (Group) High Alert Highlander : good
16:55:27 BattlEye Server: (Group) High Alert Highlander : dude in thisbuilding thatiwillmarkin red inthatairport
16:55:33 BattlEye Server: (Group) High Alert Highlander : there  is 3 crates 
16:55:37 BattlEye Server: (Group) High Alert Highlander : inside 
16:55:41 BattlEye Server: (Group) High Alert Highlander : pls takethem
16:56:06 BattlEye Server: (Group) High Alert Highlander : done
16:57:42 Hemlock Kowalski uses modified data file
16:57:42 BattlEye Server: Player #2 Hemlock Kowalski (73.147.1.91:2304) connected
16:57:42 Player Hemlock Kowalski connecting.
16:57:44 BattlEye Server: Player #2 Hemlock Kowalski - BE GUID: 0e50d5bc222746efa845806a2af0fed1
16:57:46 Player Hemlock Kowalski connected (id=76561198201473535).
16:57:46 BattlEye Server: Verified GUID (0e50d5bc222746efa845806a2af0fed1) of player #2 Hemlock Kowalski
17:02:23 BattlEye Server: (Group) High Alert Highlander : canubring them here pls
17:02:51 BattlEye Server: (Group) High Alert Highlander : ineed the at onthosecrates
17:02:54 BattlEye Server: (Group) High Alert Highlander : thks
17:05:03 BattlEye Server: (Group) High Alert Highlander : here whereim
17:05:55 BattlEye Server: (Group) High Alert Highlander : vs  salt flats 
17:06:00 BattlEye Server: (Group) High Alert Highlander : uwill seme
17:08:39 BattlEye Server: (Group) High Alert Highlander : parkthere
17:12:29 BattlEye Server: (Group) High Alert Highlander : me
17:12:59 BattlEye Server: (Group) High Alert Highlander : helikillme
17:15:16 Mason uses modified data file
17:15:16 BattlEye Server: Player #3 Mason (71.81.137.47:2309) connected
17:15:16 Player Mason connecting.
17:15:18 BattlEye Server: Player #3 Mason - BE GUID: 955d09b6e1dde9360ceebc2963df084d
17:15:18 Player Mason connected (id=76561198026943270).
17:15:18 BattlEye Server: Verified GUID (955d09b6e1dde9360ceebc2963df084d) of player #3 Mason
17:17:26 BattlEye Server: (Group) High Alert Highlander : pick upthat launcher
17:19:15 BattlEye Server: (Group) High Alert Highlander : okw
17:19:57 BattlEye Server: (Group) High Alert Highlander : take the crates with \u
17:20:00 BattlEye Server: (Group) High Alert Highlander : pls
17:20:05 BattlEye Server: (Group) High Alert Highlander : ok
17:34:13 BattlEye Server: (Group) High Alert Highlander : yes
17:36:10 BattlEye Server: (Group) High Alert Highlander : iwillmake the transfer  inabit
17:38:09 BattlEye Server: (Group) High Alert Highlander : andi protect them
17:38:12 BattlEye Server: (Group) High Alert Highlander : lol
17:39:03 BattlEye Server: (Group) High Alert Highlander : that hurst fromthebottom opfmycold haert 
17:39:26 BattlEye Server: (Group) High Alert Highlander : true
17:40:13 BattlEye Server: (Group) High Alert Highlander : jajajaja
17:40:30 BattlEye Server: (Group) High Alert Highlander : uguysloveme
17:41:04 BattlEye Server: (Group) High Alert Highlander : Oo
17:46:08 BattlEye Server: (Group) High Alert Highlander : where
17:46:39 BattlEye Server: (Group) High Alert Highlander : let medetroithat 
17:46:43 BattlEye Server: (Group) High Alert Highlander : pls move
17:47:45 BattlEye Server: (Group) High Alert Highlander : plsmove mason thisisa big boom
17:47:50 BattlEye Server: (Group) High Alert Highlander : not working
17:47:58 BattlEye Server: (Group) High Alert Highlander : ison_
17:48:09 BattlEye Server: (Group) High Alert Highlander : isworking _
17:48:30 BattlEye Server: (Group) High Alert Highlander : fuck
17:48:43 BattlEye Server: (Group) High Alert Highlander : telll sarg pls
17:49:21 BattlEye Server: (Group) High Alert Highlander : isgone
17:50:49 BattlEye Server: (Group) High Alert Highlander : pls tellsarg mason
17:50:54 BattlEye Server: (Group) High Alert Highlander : that supose tobe off
17:56:34 Fawn uses modified data file
17:56:34 BattlEye Server: Player #4 Fawn (124.178.115.186:2304) connected
17:56:34 Player Fawn connecting.
17:56:40 BattlEye Server: Player #4 Fawn - BE GUID: 54dff7015cc0185e875bfa93f42cb0ac
17:56:40 Player Fawn connected (id=76561198043372432).
17:56:40 BattlEye Server: Verified GUID (54dff7015cc0185e875bfa93f42cb0ac) of player #4 Fawn
17:56:53 Player Fawn disconnected.
17:56:53 BattlEye Server: Player #4 Fawn disconnected
17:57:26 BattlEye Server: (Group) High Alert Highlander : whereu at 
17:58:36 BattlEye Server: (Group) High Alert Highlander : muti tasking
17:59:47 BattlEye Server: (Group) High Alert Highlander : masonu ghave  ur balance full
17:59:58 BattlEye Server: (Group) High Alert Highlander : i willgive the rest as soon i seeu
18:00:39 BattlEye Server: (Group) High Alert Highlander : canuguyspickmeuphere
18:00:56 BattlEye Server: (Group) High Alert Highlander : imarkonthemap
18:02:38 BattlEye Server: (Group) High Alert Highlander : yes
18:02:44 BattlEye Server: (Group) High Alert Highlander : yes}
18:05:58 BattlEye Server: (Group) High Alert Highlander : rg
18:10:00 nagon uses modified data file
18:10:00 BattlEye Server: Player #4 nagon (201.6.232.226:23451) connected
18:10:00 Player nagon connecting.
18:10:15 Player nagon disconnected.
18:10:15 BattlEye Server: Player #4 nagon disconnected
18:13:41 BattlEye Server: (Group) High Alert Highlander : guns
18:13:55 BattlEye Server: (Group) High Alert Highlander : what 
18:14:11 BattlEye Server: (Group) High Alert Highlander : women
18:15:18 BattlEye Server: (Group) High Alert Highlander : turnoff
18:15:54 BattlEye Server: (Group) High Alert Highlander : hempyouhave toalwys turnthatoff
18:16:40 BattlEye Server: (Group) High Alert Highlander : yes
18:16:50 BattlEye Server: (Group) High Alert Highlander : ok
18:16:54 BattlEye Server: (Group) High Alert Highlander : ok
18:17:44 BattlEye Server: (Group) High Alert Highlander : wtf
18:18:22 BattlEye Server: (Group) High Alert Highlander : wtf
18:18:44 BattlEye Server: (Group) High Alert Highlander : hem that  apc cangowater
18:19:34 BattlEye Server: (Group) High Alert Highlander : why the fuck the taru  did not pickupthat 
18:20:23 BattlEye Server: (Group) High Alert Highlander : iwas not uthe apc isglich 
18:20:49 BattlEye Server: (Group) High Alert Highlander : whereu at jim
18:20:58 BattlEye Server: (Group) High Alert Highlander : ok
18:21:22 BattlEye Server: (Group) High Alert Highlander : letsgohem
18:21:41 BattlEye Server: (Group) High Alert Highlander : thisapcisglich
18:21:45 BattlEye Server: (Group) High Alert Highlander : yes 
18:21:56 BattlEye Server: (Group) High Alert Highlander : pickhimupandcome
18:24:00 BattlEye Server: (Group) High Alert Highlander : that cannot befix
18:25:32 BattlEye Server: (Group) High Alert Highlander : is better if we gopickhimupand comehere
18:26:16 BattlEye Server: (Group) High Alert Highlander : wherr u atrou
18:26:40 BattlEye Server: (Group) High Alert Highlander : where u at 
18:28:25 BattlEye Server: (Group) High Alert Highlander : dont try topick upthat apc is glich
18:28:31 BattlEye Server: (Group) High Alert Highlander : u wont sling that 
18:39:32 Elgringo_73 uses modified data file
18:39:32 BattlEye Server: Player #4 Elgringo_73 (77.150.217.80:2304) connected
18:39:32 Player Elgringo_73 connecting.
18:39:35 BattlEye Server: Player #4 Elgringo_73 - BE GUID: cf3df6b684f9201b02d8fee27ad4c3ff
18:39:44 Player Elgringo_73 connected (id=76561198070393410).
18:39:44 BattlEye Server: Verified GUID (cf3df6b684f9201b02d8fee27ad4c3ff) of player #4 Elgringo_73
18:40:23 BattlEye Server: (Group) High Alert Highlander : yeathatguy
18:42:35 BattlEye Server: (Group) High Alert Highlander : illgo andmake some coffe guys alsotakeashower  and illbe  back in 30min 
18:42:50 BattlEye Server: (Group) High Alert Highlander : rou there is 3 crates foryou guys in the base 
18:43:04 BattlEye Server: (Group) High Alert Highlander : they r out site 
18:43:18 BattlEye Server: (Group) High Alert Highlander : so give that to hyem so she can start her owbnthing 
18:43:28 BattlEye Server: (Group) High Alert Highlander : choose a rooom
18:43:38 BattlEye Server: (Group) High Alert Highlander : ok
18:43:50 BattlEye Server: (Group) High Alert Highlander : yea 
18:43:57 BattlEye Server: (Group) High Alert Highlander : choose a room forjust you 
18:46:09 Player High Alert Highlander  disconnected.
18:46:09 BattlEye Server: Player #0 High Alert Highlander  disconnected
19:05:49 Player Rou Kowalski disconnected.
19:05:49 BattlEye Server: Player #1 Rou Kowalski disconnected
19:10:44 Rou Kowalski uses modified data file
19:10:45 BattlEye Server: Player #5 Rou Kowalski (73.147.1.91:62461) connected
19:10:45 Player Rou Kowalski connecting.
19:10:47 BattlEye Server: Player #5 Rou Kowalski - BE GUID: 58cae163ea9d3a0ff8adde240b436737
19:10:49 Player Rou Kowalski connected (id=76561198034110598).
19:10:49 BattlEye Server: Verified GUID (58cae163ea9d3a0ff8adde240b436737) of player #5 Rou Kowalski
19:14:09 ANATOLI CHEJOV uses modified data file
19:14:09 BattlEye Server: Player #6 ANATOLI CHEJOV (190.171.107.50:62725) connected
19:14:09 Player ANATOLI CHEJOV connecting.
19:14:11 BattlEye Server: Player #6 ANATOLI CHEJOV - BE GUID: a01f35e030c4464ff5b5e9c18ddf0195
19:14:12 Player ANATOLI CHEJOV connected (id=76561198065774594).
19:14:12 BattlEye Server: Verified GUID (a01f35e030c4464ff5b5e9c18ddf0195) of player #6 ANATOLI CHEJOV
19:20:17 Player ANATOLI CHEJOV disconnected.
19:20:17 BattlEye Server: Player #6 ANATOLI CHEJOV disconnected
19:20:51 ANATOLI CHEJOV uses modified data file
19:20:51 BattlEye Server: Player #6 ANATOLI CHEJOV (190.171.107.50:62725) connected
19:20:51 Player ANATOLI CHEJOV connecting.
19:20:53 BattlEye Server: Player #6 ANATOLI CHEJOV - BE GUID: a01f35e030c4464ff5b5e9c18ddf0195
19:20:54 Player ANATOLI CHEJOV connected (id=76561198065774594).
19:20:54 BattlEye Server: Verified GUID (a01f35e030c4464ff5b5e9c18ddf0195) of player #6 ANATOLI CHEJOV
19:22:20 BattlEye Server: (Side) ANATOLI CHEJOV: SEND INV
19:22:24 BattlEye Server: (Side) ANATOLI CHEJOV: pls
19:23:46 BattlEye Server: (Side) ANATOLI CHEJOV: yes
19:23:51 BattlEye Server: (Side) ANATOLI CHEJOV: yes
19:24:12 BattlEye Server: (Group) ANATOLI CHEJOV: i seehim
19:26:02 BattlEye Server: (Group) ANATOLI CHEJOV: lol
19:27:16 BattlEye Server: (Group) ANATOLI CHEJOV: theylost everything 
19:27:33 BattlEye Server: (Group) ANATOLI CHEJOV: jajajaja
19:28:13 BattlEye Server: (Group) ANATOLI CHEJOV: this guy has 2.785.031millions onhisaccount 
19:28:34 BattlEye Server: (Group) ANATOLI CHEJOV: andno missions done at all
19:30:53 BattlEye Server: (Group) ANATOLI CHEJOV: wtf 
19:31:34 BattlEye Server: (Group) ANATOLI CHEJOV: ok  if he do that 
19:31:37 BattlEye Server: (Group) ANATOLI CHEJOV: he is hacking 
19:31:45 BattlEye Server: (Group) ANATOLI CHEJOV: that is stacionary 
19:32:16 BattlEye Server: (Group) ANATOLI CHEJOV: ikillhim 
19:32:29 BattlEye Server: (Group) ANATOLI CHEJOV: mason tell sarg
19:32:33 BattlEye Server: (Group) ANATOLI CHEJOV: right now 
19:32:40 BattlEye Server: (Group) ANATOLI CHEJOV: what we just saw 
19:32:49 BattlEye Server: (Group) ANATOLI CHEJOV: tellhimthe banned him right now 
19:33:58 BattlEye Server: (Group) ANATOLI CHEJOV: is hacking  tellhimthat he is using  detection opening mods  same thing with they hack the base
19:34:04 BattlEye Server: (Group) ANATOLI CHEJOV: i killhim
19:34:09 BattlEye Server: (Group) ANATOLI CHEJOV: withslay 
19:34:41 BattlEye Server: (Group) ANATOLI CHEJOV: tellsarg that pls banned that fucker fromIP 
19:34:43 BattlEye Server: (Group) ANATOLI CHEJOV: IP 
19:34:51 BattlEye Server: (Group) ANATOLI CHEJOV: NOT NAME
19:34:56 BattlEye Server: (Group) ANATOLI CHEJOV: bannedby IP 
19:35:12 BattlEye Server: (Group) ANATOLI CHEJOV: That pls do it right now 
19:35:36 BattlEye Server: (Group) ANATOLI CHEJOV: yes
19:36:30 BattlEye Server: (Group) ANATOLI CHEJOV: he is close to telos
19:36:52 BattlEye Server: (Group) ANATOLI CHEJOV: enhance momvement make run faster
19:41:02 BattlEye Server: (Global) ANATOLI CHEJOV: elgringo 
19:41:36 BattlEye Server: (Global) ANATOLI CHEJOV: u willbe bannedfromthis server  by ip addres by not authorise useofmods 
19:41:52 BattlEye Server: (Global) ANATOLI CHEJOV: the banned willbe by ip 
19:42:02 BattlEye Server: (Global) ANATOLI CHEJOV: so u rnotlonnger welcopmehere
19:42:22 BattlEye Server: (Global) ANATOLI CHEJOV: this willtake a fewminutes todoso
19:42:29 BattlEye Server: (Global) ANATOLI CHEJOV: pls get out fromthe server 
19:42:56 BattlEye Server: (Group) ANATOLI CHEJOV: the hand os ZEUS 
19:43:48 BattlEye Server: (Group) ANATOLI CHEJOV: PL
19:44:00 BattlEye Server: (Global) ANATOLI CHEJOV: PLS STEPUOOF THE SERVER 
19:44:06 BattlEye Server: (Global) ANATOLI CHEJOV: ONELAST TIME 
19:44:32 BattlEye Server: (Global) Elgringo_73: come search me NOOB
19:45:42 BattlEye Server: (Global) ANATOLI CHEJOV: Plsstepout 
19:45:54 BattlEye Server: (Global) Elgringo_73: plsshutup
19:46:03 BattlEye Server: (Global) ANATOLI CHEJOV: u wont play hereanymore
19:46:22 BattlEye Server: (Global) ANATOLI CHEJOV: thebannedwilltake a coupleminutesuarebannedfromthis server 
19:46:26 BattlEye Server: (Global) Elgringo_73: lol dont care about kid server
19:46:42 BattlEye Server: (Global) Elgringo_73: banning people that fuck them and there base lol
19:46:45 BattlEye Server: (Global) ANATOLI CHEJOV: perfect  we understand each other 
19:46:48 BattlEye Server: (Global) ANATOLI CHEJOV: get out pls
19:46:51 BattlEye Server: (Global) Elgringo_73: sure
19:46:55 BattlEye Server: (Global) Elgringo_73: kick me then
19:47:30 BattlEye Server: (Group) ANATOLI CHEJOV: plstell sarg that bannedhim
19:48:40 SgtMajPrivate uses modified data file
19:48:40 BattlEye Server: Player #7 SgtMajPrivate (73.93.167.13:2309) connected
19:48:40 Player SgtMajPrivate connecting.
19:48:42 BattlEye Server: Player #7 SgtMajPrivate - BE GUID: 4c2b9d687447cbad1213b89cfae82f46
19:48:43 Player SgtMajPrivate connected (id=76561198164565751).
19:48:43 BattlEye Server: Verified GUID (4c2b9d687447cbad1213b89cfae82f46) of player #7 SgtMajPrivate
19:53:21 Admin logged in, player: SgtMajPrivate, playerUID: 76561198164565751, IP: 192.168.0.11:2309.
19:54:12 BattlEye Server: (Group) ANATOLI CHEJOV: yes pls tell sarg 
19:55:28 BattlEye Server: (Group) ANATOLI CHEJOV: in the resoawn island
19:55:45 BattlEye Server: (Group) ANATOLI CHEJOV: yes
19:57:00 BattlEye Server: (Group) ANATOLI CHEJOV: u too
19:57:03 Player Mason disconnected.
19:57:03 BattlEye Server: Player #3 Mason disconnected
20:00:31 Player Elgringo_73 disconnected.
20:00:31 BattlEye Server: Player #4 Elgringo_73 disconnected
20:01:00 BattlEye Server: (Global) ANATOLI CHEJOV: thks sarg 
20:01:10 BattlEye Server: (Global) SgtMajPrivate: yup
20:08:26 BattlEye Server: (Side) ANATOLI CHEJOV: soquiet 
20:08:39 BattlEye Server: (Group) ANATOLI CHEJOV: ok
20:10:14 Mr. Wayne uses modified data file
20:10:14 BattlEye Server: Player #8 Mr. Wayne (98.234.233.129:2309) connected
20:10:14 Player Mr. Wayne connecting.
20:10:17 BattlEye Server: Player #8 Mr. Wayne - BE GUID: 9024798267c2eca795435a6196fada1a
20:10:17 Player Mr. Wayne connected (id=76561198066723546).
20:10:17 BattlEye Server: Verified GUID (9024798267c2eca795435a6196fada1a) of player #8 Mr. Wayne
20:23:18 Player Mr. Wayne disconnected.
20:23:18 BattlEye Server: Player #8 Mr. Wayne disconnected
20:26:15 BattlEye Server: (Group) ANATOLI CHEJOV: yes
20:26:36 BattlEye Server: (Group) ANATOLI CHEJOV: jajaja
20:27:04 BattlEye Server: (Group) ANATOLI CHEJOV: yes
20:30:30 Admin logged out, player: SgtMajPrivate, playerUID: 76561198164565751, IP: 192.168.0.11:2309.
20:30:40 Player SgtMajPrivate disconnected.
20:30:40 BattlEye Server: Player #7 SgtMajPrivate disconnected
20:32:25 BattlEye Server: (Group) ANATOLI CHEJOV: yea hedont passtomuch here onlyin Spec oopsNights 
20:32:38 BattlEye Server: (Group) ANATOLI CHEJOV: Saturdays biweely 
20:33:02 BattlEye Server: (Group) ANATOLI CHEJOV: yes
20:33:24 BattlEye Server: (Group) ANATOLI CHEJOV: he has other servers inotrher games 
20:33:30 BattlEye Server: (Group) ANATOLI CHEJOV: pubg 
20:33:40 BattlEye Server: (Group) ANATOLI CHEJOV: andothers
20:34:00 BattlEye Server: (Group) ANATOLI CHEJOV: heis a fireman from cali
20:34:26 BattlEye Server: (Group) ANATOLI CHEJOV: mods
20:35:01 BattlEye Server: (Group) ANATOLI CHEJOV: soon i will have my server ready 
20:35:11 BattlEye Server: (Group) ANATOLI CHEJOV: is a WW2 SERVER FORARMA
20:35:34 BattlEye Server: (Group) ANATOLI CHEJOV: THIS IS SGARE 
20:35:45 BattlEye Server: (Group) ANATOLI CHEJOV: this is how i learn 
20:35:57 BattlEye Server: (Group) ANATOLI CHEJOV: for havingmy own nut public 
20:36:01 BattlEye Server: (Group) ANATOLI CHEJOV: 40 dollars 
20:36:08 BattlEye Server: (Group) ANATOLI CHEJOV: yes
20:36:23 BattlEye Server: (Group) ANATOLI CHEJOV: yes 
20:36:48 BattlEye Server: (Group) ANATOLI CHEJOV: i want to have a public for myname start been reconize 
20:36:52 BattlEye Server: (Group) ANATOLI CHEJOV: in arma
20:37:00 the titan uses modified data file
20:37:00 BattlEye Server: Player #7 the titan (45.50.18.217:2309) connected
20:37:00 Player the titan connecting.
20:37:02 BattlEye Server: Player #7 the titan - BE GUID: 8ea0ba347a3bf0389cf211d8bf181cdc
20:37:03 Player the titan connected (id=76561198134451943).
20:37:03 BattlEye Server: Verified GUID (8ea0ba347a3bf0389cf211d8bf181cdc) of player #7 the titan
20:37:05 Player the titan disconnected.
20:37:05 BattlEye Server: Player #7 the titan disconnected
20:38:54 BattlEye Server: (Group) ANATOLI CHEJOV: i have myown personal miod ready
20:38:58 BattlEye Server: (Group) ANATOLI CHEJOV: for ww2 
20:39:05 BattlEye Server: (Group) ANATOLI CHEJOV: ww2 weapons 
20:39:10 BattlEye Server: (Group) ANATOLI CHEJOV: armor
20:39:13 BattlEye Server: (Group) ANATOLI CHEJOV: everythiung '
20:39:27 BattlEye Server: (Group) ANATOLI CHEJOV: yes
20:40:19 Ser Eblan uses modified data file
20:40:19 BattlEye Server: Player #7 Ser Eblan (95.25.13.35:2304) connected
20:40:19 Player Ser Eblan connecting.
20:40:22 BattlEye Server: Player #7 Ser Eblan - BE GUID: 244b637f4295715693785e75e605bc1e
20:40:22 Player Ser Eblan connected (id=76561198140085058).
20:40:22 BattlEye Server: Verified GUID (244b637f4295715693785e75e605bc1e) of player #7 Ser Eblan
20:40:40 psxboy uses modified data file
20:40:40 BattlEye Server: Player #8 psxboy (71.238.6.29:2309) connected
20:40:40 Player psxboy connecting.
20:40:43 BattlEye Server: Player #8 psxboy - BE GUID: 343405ee14d8d0c649051ed13a14cd9c
20:40:43 Player psxboy connected (id=76561198011462176).
20:40:43 BattlEye Server: Verified GUID (343405ee14d8d0c649051ed13a14cd9c) of player #8 psxboy
20:47:45 BattlEye Server: (Group) ANA