 3:01:32 BattlEye Server: Initialized (v1.217)
 3:01:32 Host identity created.
 3:01:32 Game Port: 2307, Steam Query Port: 2308
 3:01:33 Mission A3Wasteland Altis v1.4c read from bank.
 3:01:34 Roles assigned.
 3:01:34 Reading mission ...
 3:02:05 Mission read.
 3:02:06 Game started.
 3:23:24 Varluk uses modified data file
 3:23:24 BattlEye Server: Player #0 Varluk (188.170.81.254:31841) connected
 3:23:24 Player Varluk connecting.
 3:23:24 BattlEye Server: Connected to BE Master
 3:23:31 BattlEye Server: Player #0 Varluk - BE GUID: 40a5c124c81a14d4235b4453eb839ddf
 3:23:32 Player Varluk connected (id=76561198022459854).
 3:23:32 BattlEye Server: Verified GUID (40a5c124c81a14d4235b4453eb839ddf) of player #0 Varluk
 3:54:10 King uses modified data file
 3:54:10 BattlEye Server: Player #1 King (150.107.175.230:47978) connected
 3:54:10 Player King connecting.
 3:54:15 BattlEye Server: Player #1 King - BE GUID: 80257b7a284455a61bf428f8c8bdc1c2
 3:54:15 Player King connected (id=76561197976289634).
 3:54:15 BattlEye Server: Verified GUID (80257b7a284455a61bf428f8c8bdc1c2) of player #1 King
 4:01:07 Player King disconnected.
 4:01:07 BattlEye Server: Player #1 King disconnected
 6:01:18 ANATOLI CHEJOV uses modified data file
 6:01:18 BattlEye Server: Player #1 ANATOLI CHEJOV (190.171.107.50:62725) connected
 6:01:18 Player ANATOLI CHEJOV connecting.
 6:01:23 BattlEye Server: Player #1 ANATOLI CHEJOV - BE GUID: a01f35e030c4464ff5b5e9c18ddf0195
 6:01:23 Player ANATOLI CHEJOV connected (id=76561198065774594).
 6:01:23 BattlEye Server: Verified GUID (a01f35e030c4464ff5b5e9c18ddf0195) of player #1 ANATOLI CHEJOV
 6:02:30 NELES uses modified data file
 6:02:30 BattlEye Server: Player #2 NELES (94.243.251.77:2309) connected
 6:02:30 Player NELES connecting.
 6:02:33 BattlEye Server: Player #2 NELES - BE GUID: 87a9c79a312087debbfa254cf7d4f75e
 6:02:33 Player NELES connected (id=76561198167617986).
 6:02:33 BattlEye Server: Verified GUID (87a9c79a312087debbfa254cf7d4f75e) of player #2 NELES
 6:03:27 Player NELES disconnected.
 6:03:28 BattlEye Server: Player #2 NELES disconnected
 6:03:53 Player ANATOLI CHEJOV disconnected.
 6:03:53 BattlEye Server: Player #1 ANATOLI CHEJOV disconnected
 6:04:57 NELES uses modified data file
 6:04:57 BattlEye Server: Player #1 NELES (94.243.251.77:2309) connected
 6:04:57 Player NELES connecting.
 6:05:00 BattlEye Server: Player #1 NELES - BE GUID: 87a9c79a312087debbfa254cf7d4f75e
 6:05:00 Player NELES connected (id=76561198167617986).
 6:05:00 BattlEye Server: Verified GUID (87a9c79a312087debbfa254cf7d4f75e) of player #1 NELES
 6:09:29 BattlEye Server: (Side) Varluk: на Ё
 6:09:54 ANATOLI CHEJOV uses modified data file
 6:09:54 BattlEye Server: Player #2 ANATOLI CHEJOV (190.171.107.50:62725) connected
 6:09:54 Player ANATOLI CHEJOV connecting.
 6:09:59 BattlEye Server: Player #2 ANATOLI CHEJOV - BE GUID: a01f35e030c4464ff5b5e9c18ddf0195
 6:09:59 Player ANATOLI CHEJOV connected (id=76561198065774594).
 6:09:59 BattlEye Server: Verified GUID (a01f35e030c4464ff5b5e9c18ddf0195) of player #2 ANATOLI CHEJOV
 6:10:23 Player ANATOLI CHEJOV disconnected.
 6:10:23 BattlEye Server: Player #2 ANATOLI CHEJOV disconnected
 6:12:27 ANATOLI CHEJOV uses modified data file
 6:12:27 BattlEye Server: Player #2 ANATOLI CHEJOV (190.171.107.50:62725) connected
 6:12:27 Player ANATOLI CHEJOV connecting.
 6:12:32 BattlEye Server: Player #2 ANATOLI CHEJOV - BE GUID: a01f35e030c4464ff5b5e9c18ddf0195
 6:12:32 Player ANATOLI CHEJOV connected (id=76561198065774594).
 6:12:33 BattlEye Server: Verified GUID (a01f35e030c4464ff5b5e9c18ddf0195) of player #2 ANATOLI CHEJOV
 6:13:21 BattlEye Server: (Group) Varluk: ты где? у меня респаумы стоят смотри какай ближе к  джету у моря
 6:16:02 Player NELES disconnected.
 6:16:02 BattlEye Server: Player #1 NELES disconnected
 6:47:44 Player Varluk disconnected.
 6:47:44 BattlEye Server: Player #0 Varluk disconnected
 8:17:00 SF-LRRP uses modified data file
 8:17:00 BattlEye Server: Player #3 SF-LRRP (91.38.116.93:2304) connected
 8:17:00 