15:01:35 BattlEye Server: Initialized (v1.217)
15:01:35 Host identity created.
15:01:35 Game Port: 2307, Steam Query Port: 2308
15:01:36 Mission A3Wasteland Altis v1.4c read from bank.
15:01:37 Roles assigned.
15:01:37 Reading mission ...
15:02:09 Mission read.
15:02:10 Game started.
16:12:44 Rou Kowalski uses modified data file
16:12:44 BattlEye Server: Player #0 Rou Kowalski (73.147.1.91:2304) connected
16:12:44 Player Rou Kowalski connecting.
16:12:44 BattlEye Server: Connected to BE Master
16:12:46 BattlEye Server: Player #0 Rou Kowalski - BE GUID: 58cae163ea9d3a0ff8adde240b436737
16:12:49 Player Rou Kowalski connected (id=76561198034110598).
16:12:49 BattlEye Server: Verified GUID (58cae163ea9d3a0ff8adde240b436737) of player #0 Rou Kowalski
16:15:24 domin uses modified data file
16:15:24 BattlEye Server: Player #1 domin (108.172.122.187:2309) connected
16:15:24 Player domin connecting.
16:15:26 BattlEye Server: Player #1 domin - BE GUID: 1fc9422919ff0e4fbacde77f6e4ffae4
16:15:27 Player domin connected (id=76561198440677378).
16:15:27 BattlEye Server: Verified GUID (1fc9422919ff0e4fbacde77f6e4ffae4) of player #1 domin
16:15:30 Player Rou Kowalski disconnected.
16:15:30 BattlEye Server: Player #0 Rou Kowalski disconnected
16:17:30 Rou Kowalski uses modified data file
16:17:30 BattlEye Server: Player #2 Rou Kowalski (73.147.1.91:2309) connected
16:17:30 Player Rou Kowalski connecting.
16:17:33 BattlEye Server: Player #2 Rou Kowalski - BE GUID: 58cae163ea9d3a0ff8adde240b436737
16:17:36 Player Rou Kowalski connected (id=76561198034110598).
16:17:36 BattlEye Server: Verified GUID (58cae163ea9d3a0ff8adde240b436737) of player #2 Rou Kowalski
16:17:54 Rattlehead uses modified data file
16:17:54 BattlEye Server: Player #3 Rattlehead (98.203.192.2:2309) connected
16:17:54 Player Rattlehead connecting.
16:17:57 BattlEye Server: Player #3 Rattlehead - BE GUID: 145e3d8c829534cbcc934e496584e4dd
16:17:58 Player Rattlehead connected (id=76561198202306060).
16:17:58 BattlEye Server: Verified GUID (145e3d8c829534cbcc934e496584e4dd) of player #3 Rattlehead
16:22:46 BattlEye Server: (Global) Rou Kowalski: Hello all, Friendly or PVP?
16:23:17 BattlEye Server: (Global) domin: PVP
16:23:25 BattlEye Server: (Global) Rou Kowalski: ok
16:29:26 ROADGLIDE uses modified data file
16:29:26 BattlEye Server: Player #4 ROADGLIDE (63.142.112.13:2309) connected
16:29:26 Player ROADGLIDE connecting.
16:29:29 BattlEye Server: Player #4 ROADGLIDE - BE GUID: 0c6a9ddac9dd8980c3d63e983e2a4cd6
16:29:29 Player ROADGLIDE connected (id=76561198448325882).
16:29:29 BattlEye Server: Verified GUID (0c6a9ddac9dd8980c3d63e983e2a4cd6) of player #4 ROADGLIDE
16:35:24 Peter uses modified data file
16:35:24 BattlEye Server: Player #5 Peter (98.124.38.178:2309) connected
16:35:24 Player Peter connecting.
16:35:28 BattlEye Server: Player #5 Peter - BE GUID: 4900be9e93bed96d227b37244caf1086
16:35:28 Player Peter connected (id=76561198008433237).
16:35:28 BattlEye Server: Verified GUID (4900be9e93bed96d227b37244caf1086) of player #5 Peter
16:35:30 Player Peter disconnected.
16:35:30 BattlEye Server: Player #5 Peter disconnected
16:41:26 Peter uses modified data file
16:41:26 BattlEye Server: Player #5 Peter (98.124.38.178:2309) connected
16:41:26 Player Peter connecting.
16:41:30 BattlEye Server: Player #5 Peter - BE GUID: 4900be9e93bed96d227b37244caf1086
16:41:30 Player Peter connected (id=76561198008433237).
16:41:30 BattlEye Server: Verified GUID (4900be9e93bed96d227b37244caf1086) of player #5 Peter
17:15:26 BattlEye Server: (Global) ROADGLIDE: hello guys. im hearing you wanna PVP. when are we gonna start?
17:38:35 Player Rattlehead disconnected.
17:38:35 BattlEye Server: Player #3 Rattlehead disconnected
17:53:14 Player domin disconnected.
17:53:14 BattlEye Server: Player #1 domin disconnected
19:14:35 ANATOLI CHEJOV uses modified data file
19:14:35 BattlEye Server: Player #6 ANATOLI CHEJOV (190.171.107.94:62725) connected
19:14:35 Player ANATOLI CHEJOV connecting.
19:14:40 BattlEye Server: Player #6 ANATOLI CHEJOV - BE GUID: a01f35e030c4464ff5b5e9c18ddf0195
19:14:41