15:01:46 BattlEye Server: Initialized (v1.217)
15:01:46 Host identity created.
15:01:46 Game Port: 2307, Steam Query Port: 2308
15:01:46 Mission A3Wasteland Altis v1.4c read from bank.
15:01:48 Roles assigned.
15:01:48 Reading mission ...
15:02:24 Mission read.
15:02:24 Game started.
15:02:56 Rou Kowalski uses modified data file
15:02:56 BattlEye Server: Player #0 Rou Kowalski (73.147.1.91:62534) connected
15:02:56 Player Rou Kowalski connecting.
15:02:57 BattlEye Server: Connected to BE Master
15:02:58 BattlEye Server: Player #0 Rou Kowalski - BE GUID: 58cae163ea9d3a0ff8adde240b436737
15:03:00 Player Rou Kowalski connected (id=76561198034110598).
15:03:00 BattlEye Server: Verified GUID (58cae163ea9d3a0ff8adde240b436737) of player #0 Rou Kowalski
15:04:14 Mason uses modified data file
15:04:14 BattlEye Server: Player #1 Mason (24.207.152.238:2309) connected
15:04:14 Player Mason connecting.
15:04:16 BattlEye Server: Player #1 Mason - BE GUID: 955d09b6e1dde9360ceebc2963df084d
15:04:17 Player Mason connected (id=76561198026943270).
15:04:17 BattlEye Server: Verified GUID (955d09b6e1dde9360ceebc2963df084d) of player #1 Mason
15:12:59 High Alert Highlander  uses modified data file
15:12:59 BattlEye Server: Player #2 High Alert Highlander  (190.171.107.27:62725) connected
15:12:59 Player High Alert Highlander  connecting.
15:13:01 BattlEye Server: Player #2 High Alert Highlander  - BE GUID: a01f35e030c4464ff5b5e9c18ddf0195
15:13:03 Player High Alert Highlander  connected (id=76561198065774594).
15:13:03 BattlEye Server: Verified GUID (a01f35e030c4464ff5b5e9c18ddf0195) of player #2 High Alert Highlander 
16:01:36 Hemlock Kowalski uses modified data file
16:01:36 BattlEye Server: Player #3 Hemlock Kowalski (73.147.1.91:62539) connected
16:01:36 Player Hemlock Kowalski connecting.
16:01:38 BattlEye Server: Player #3 Hemlock Kowalski - BE GUID: 0e50d5bc222746efa845806a2af0fed1
16:01:40 Player Hemlock Kowalski connected (id=76561198201473535).
16:01:40 BattlEye Server: Verified GUID (0e50d5bc222746efa845806a2af0fed1) of player #3 Hemlock Kowalski
16:07:16 AJ uses modified data file
16:07:16 BattlEye Server: Player #4 AJ (142.59.100.69:2309) connected
16:07:16 Player AJ connecting.
16:07:18 BattlEye Server: Player #4 AJ - BE GUID: 1f059c541e3e8d5963cd6ccb777a1713
16:07:19 Player AJ connected (id=76561198080094233).
16:07:19 BattlEye Server: Verified GUID (1f059c541e3e8d5963cd6ccb777a1713) of player #4 AJ
16:27:55 Player High Alert Highlander  disconnected.
16:27:55 BattlEye Server: Player #2 High Alert Highlander  disconnected
16:34:37 Yeet McDabbington uses modified data file
16:34:37 BattlEye Server: Player #5 Yeet McDabbington (73.21.180.37:2309) connected
16:34:37 Player Yeet McDabbington connecting.
16:34:40 BattlEye Server: Player #5 Yeet McDabbington - BE GUID: e0845e254755825b22e6d30dc7e61b99
16:34:43 Player Yeet McDabbington connected (id=76561198032540425).
16:34:43 BattlEye Server: Verified GUID (e0845e254755825b22e6d30dc7e61b99) of player #5 Yeet McDabbington
16:55:55 Player Rou Kowalski is losing connection
16:55:55 Player Hemlock Kowalski is losing connection
16:57:15 Player Hemlock Kowalski disconnected.
16:57:15 BattlEye Server: Player #3 Hemlock Kowalski disconnected
16:57:16 Player Rou Kowalski disconnected.
16:57:16 BattlEye Server: Player #0 Rou Kowalski disconnected
16:58:57 Rou Kowalski uses modified data file
16:58:57 BattlEye Server: Player #6 Rou Kowalski (73.147.1.91:2309) connected
16:58:57 Player Rou Kowalski connecting.
16:58:59 BattlEye Server: Player #6 Rou Kowalski - BE GUID: 58cae163ea9d3a0ff8adde240b436737
16:59:01 Player Rou Kowalski connected (id=76561198034110598).
16:59:01 BattlEye Server: Verified GUID (58cae163ea9d3a0ff8adde240b436737) of player #6 Rou Kowalski
17:00:01 Player Yeet McDabbington kicked off by BattlEye: Client not responding
17:00:01 Player Yeet McDabbington disconnected.
17:13:33 Player AJ disconnected.
17:13:33 BattlEye Server: Player #4 AJ disconnected
18:20:06 Max Mota uses modified data file
18:20:06 BattlEye Server: Player #7 Max Mota (190.75.120.106:2309) connected
18:20:06 Player Max Mota connecting.
18:20:09 BattlEye Server: Player #7 Max Mota - BE GUID: b24b492882c5bff2195677387329ee4f
18:20:10 Player Max Mota connected (id=76561198004095068).
18:20:10 BattlEye Server: Verified GUID (b24b492882c5bff2195677387329ee4f) of player #7 Max Mota
18:32:09 Hemlock Kowalski uses modified data file
18:32:09 BattlEye Server: Player #8 Hemlock Kowalski (73.147.1.91:61013) connected
18:32:09 Player Hemlock Kowalski connecting.
18:32:11 BattlEye Server: Player #8 Hemlock Kowalski - BE GUID: 0e50d5bc222746efa845806a2af0fed1
18:32:13 Player Hemlock Kowalski connected (id=76561198201473535).
18:32:13 BattlEye Server: Verified GUID (0e50d5bc222746efa845806a2af0fed1) of player #8 Hemlock Kowalski
18:36:21 hobo uses modified data file
18:36:21 BattlEye Server: Player #9 hobo (24.200.25.169:2309) connected
18:36:21 Player hobo connecting.
18:36:23 BattlEye Server: Player #9 hobo - BE GUID: 8b3d013ae919a62b8b97315aa4c52989
18:36:23 Player hobo connected (id=76561198037480475).
18:36:23 BattlEye Server: Verified GUID (8b3d013ae919a62b8b97315aa4c52989) of player #9 hobo
18:44:33 Ironside uses modified data file
18:44:33 BattlEye Server: Player #10 Ironside (24.118.118.85:2304) connected
18:44:33 Player Ironside connecting.
18:44:34 Odhaving uses modified data file
18:44:34 BattlEye Server: Player #11 Odhaving (208.107.215.51:2304) connected
18:44:35 Player Odhaving connecting.
18:44:35 BattlEye Server: Player #10 Ironside - BE GUID: 8a2cf5db8b52210b8d418782d4ba31a9
18:44:36 Player Ironside connected (id=76561198159407384).
18:44:36 BattlEye Server: Verified GUID (8a2cf5db8b52210b8d418782d4ba31a9) of player #10 Ironside
18:44:37 BattlEye Server: Player #11 Odhaving - BE GUID: 3dd45ae2aae999a097eb909cbc8278fa
18:44:42 Player Odhaving connected (id=76561198281946559).
18:44:42 BattlEye Server: Verified GUID (3dd45ae2aae999a097eb909cbc8278fa) of player #11 Odhaving
18:46:23 Player hobo disconnected.
18:46:23 BattlEye Server: Player #9 hobo disconnected
19:00:00 Player Ironside kicked off by BattlEye: Client not responding
19:00:00 Player Ironside disconnected.
19:00:22 Ironside uses modified data file
19:00:22 BattlEye Server: Player #12 Ironside (24.118.118.85:2304) connected
19:00:22 Player Ironside connecting.
19:00:24 BattlEye Server: Player #12 Ironside - BE GUID: 8a2cf5db8b52210b8d418782d4ba31a9
19:00:24 Player Ironside connected (id=76561198159407384).
19:00:24 BattlEye Server: Verified GUID (8a2cf5db8b52210b8d418782d4ba31a9) of player #12 Ironside
19:10:58 Maharrynuts uses modified data file
19:10:58 BattlEye Server: Player #13 Maharrynuts (45.20.100.221:2309) connected
19:10:58 Player Maharrynuts connecting.
19:11:01 BattlEye Server: Player #13 Maharrynuts - BE GUID: 60901be13ce2e1d4119c441f0e50f3ca
19:11:01 Player Maharrynuts connected (id=76561198853052829).
19:11:01 BattlEye Server: Verified GUID (60901be13ce2e1d4119c441f0e50f3ca) of player #13 Maharrynuts
19:11:23 TheWhiteAmigo uses modified data file
19:11:24 BattlEye Server: Player #14 TheWhiteAmigo (69.180.102.224:2309) connected
19:11:24 Player TheWhiteAmigo connecting.
19:11:25 BattlEye Server: Player #14 TheWhiteAmigo - BE GUID: e77e2a40a68a1a6c94541f7674719178
19:11:26 Player TheWhiteAmigo connected (id=76561198000383420).
19:11:26 BattlEye Server: Verified GUID (e77e2a40a68a1a6c94541f7674719178) of player #14 TheWhiteAmigo
19:16:54 Player TheWhiteAmigo disconnected.
19:16:54 BattlEye Server: Player #14 TheWhiteAmigo disconnected
19:17:01 Player Maharrynuts disconnected.
19:17:01 BattlEye Server: Player #13 Maharrynuts disconnected
19:27:02 Player Ironside disconnected.
19:27:02 BattlEye Server: Player #12 Ironside disconnected
19:27:33 Player Odhaving disconnected.
19:27:33 BattlEye Server: Player #11 Odhaving disconnected
19:48:36 High Alert Highlander  uses modified data file
19:48:36 BattlEye Server: Player #9 High Alert Highlander  (190.171.107.27:62725) connected
19:48:36 Player High Alert Highlander  connecting.
19:48:42 BattlEye Server: Player #9 High Alert Highlander  - BE GUID: a01f35e030c4464ff5b5e9c18ddf0195
19:48:44 Player High Alert Highlander  connected (id=76561198065774594).
19:48:44 BattlEye Server: Verified GUID (a01f35e030c4464ff5b5e9c18ddf0195) of player #9 High Alert Highlander 
19:55:02 Yeet McDabbington uses modified data file
19:55:02 BattlEye Server: Player #10 Yeet McDabbington (73.21.180.37:2309) connected
19:55:02 Player Yeet McDabbington connecting.
19:55:05 BattlEye Server: Player #10 Yeet McDabbington - BE GUID: e0845e254755825b22e6d30dc7e61b99
19:55:08 Player Yeet McDabbington connected (id=76561198032540425).
19:55:08 BattlEye Server: Verified GUID (e0845e254755825b22e6d30dc7e61b99) of player #10 Yeet McDabbington
19:59:19 BattlEye Server: (Group) Max Mota: who?
19:59:32 BattlEye Server: (Group) Max Mota: we are
20:01:13 BattlEye Server: (Group) Max Mota: k
20:11:09 BattlEye Server: (Group) Max Mota: in ur private part
20:15:22 Player Hemlock Kowalski disconnected.
20:15:22 BattlEye Server: Player #8 Hemlock Kowalski disconnected
20:16:58 Hemlock Kowalski uses modified data file
20:16:58 BattlEye Server: Player #11 Hemlock Kowalski (73.147.1.91:61013) connected
20:16:58 Player Hemlock Kowalski connecting.
20:17:00 BattlEye Server: Player #11 Hemlock Kowalski - BE GUID: 0e50d5bc222746efa845806a2af0fed1
20:17:03 Player Hemlock Kowalski connected (id=76561198201473535).
20:17:03 BattlEye Server: Verified GUID (0e50d5bc222746efa845806a2af0fed1) of player #11 Hemlock Kowalski
20:19:07 Player Yeet McDabbington disconnected.
20:19:07 BattlEye Server: Player #10 Yeet McDabbington disconnected
20:20:22 Yeet McDabbington uses modified data file
20:20:22 BattlEye Server: Player #12 Yeet McDabbington (73.21.180.37:2309) connected
20:20:22 Player Yeet McDabbington connecting.
20:20:25 BattlEye Server: Player #12 Yeet McDabbington - BE GUID: e0845e254755825b22e6d30dc7e61b99
20:20:29 Player Yeet McDabbington connected (id=76561198032540425).
20:20:29 BattlEye Server: Verified GUID (e0845e254755825b22e6d30dc7e61b99) of player #12 Yeet McDabbington
20:22:00 Pe De Couve uses modified data file
20:22:00 BattlEye Server: Player #13 Pe De Couve (200.9.16.35:2304) connected
20:22:00 Player Pe De Couve connecting.
20:22:03 BattlEye Server: Player #13 Pe De Couve - BE GUID: a061202e4d4e9c17beed82e15bb060f3
20:22:03 Player Pe De Couve connected (id=76561198295934417).
20:22:03 BattlEye Server: Verified GUID (a061202e4d4e9c17beed82e15bb060f3) of player #13 Pe De Couve
20:34:45 JUAN BRITOS uses modified data file
20:34:45 BattlEye Server: Player #14 JUAN BRITOS (190.133.232.230:2309) connected
20:34:45 Player JUAN BRITOS connecting.
20:34:48 BattlEye Server: Player #14 JUAN BRITOS - BE GUID: 25a06ef7d52b271a225d04fbadb91d98
20:34:53 Player JUAN BRITOS connected (id=76561198158129249).
20:34:53 BattlEye Server: Verified GUID (25a06ef7d52b271a225d04fbadb91d98) of player #14 JUAN BRITOS
20:36:23 Andres Falcone uses modified data file
20:36:23 BattlEye Server: Player #15 Andres Falcone (186.53.70.182:17738) connected
20:36:23 Player Andres Falcone connecting.
20:36:26 BattlEye Server: Player #15 Andres Falcone - BE GUID: 605e0d82da0f4e8b0e735a1032f5f71c
20:36:28 Player Andres Falcone connected (id=76561198057329389).
20:36:29 BattlEye Server: Verified GUID (605e0d82da0f4e8b0e735a1032f5f71c) of player #15 Andres Falcone
20:38:56 BattlEye Server: (Direct) Max Mota: Hola Juan de donde eres?
20:40:06 Player Pe De Couve disconnected.
20:40:06 BattlEye Server: Player #13 Pe De Couve disconnected
20:52:20 Player Mason disconnected.
20:52:20 BattlEye Server: Player #1 Mason disconnected
20:54:19 Player Max Mota disconnected.
20:54:19 BattlEye Server: Player #7 Max Mota disconnected
20:55:05 Failed attempt to execute serverCommand '#lock' by server.
20:55:40 Player High Alert Highlander  disconnected.
20:55:40 BattlEye Server: Player #9 High Alert Highlander  disconnected
20:56:24 Player Rou Kowalski disconnected.
20:56:24 BattlEye Server: Player #6 Rou Kowalski disconnected
20:56:30 Player Hemlock Kowalski disconnected.
20:56:30 BattlEye Server: Player #11 Hemlock Kowalski disconnected
20:57:16 Player Yeet McDabbington disconnected.
20:57:16 BattlEye Server: P