 9:01:39 BattlEye Server: Initialized (v1.217)
 9:01:39 Host identity created.
 9:01:39 Game Port: 2307, Steam Query Port: 2308
 9:01:39 Mission A3Wasteland Altis v1.4c read from bank.
 9:01:41 Roles assigned.
 9:01:41 Reading mission ...
 9:02:13 Mission read.
 9:02:13 Game started.
 9:35:45 High Alert Highlander  uses modified data file
 9:35:45 BattlEye Server: Player #0 High Alert Highlander  (190.171.107.0:62725) connected
 9:35:45 Player High Alert Highlander  connecting.
 9:35:46 BattlEye Server: Connected to BE Master
 9:35:50 BattlEye Server: Player #0 High Alert Highlander  - BE GUID: a01f35e030c4464ff5b5e9c18ddf0195
 9:35:53 Player High Alert Highlander  connected (id=76561198065774594).
 9:35:53 BattlEye Server: Verified GUID (a01f35e030c4464ff5b5e9c18ddf0195) of player #0 High Alert Highlander 
 9:42:18 Admin logged in, player: High Alert Highlander , playerUID: 76561198065774594, IP: 192.168.0.10:2309.
10:37:20 RockstarGaming uses modified data file
10:37:20 BattlEye Server: Player #1 RockstarGaming (107.204.216.18:2304) connected
10:37:20 Player RockstarGaming connecting.
10:37:22 BattlEye Server: Player #1 RockstarGaming - BE GUID: 23fe7edb77e6acee989bf1757f516554
10:37:23 Player RockstarGaming connected (id=76561198250040454).
10:37:23 BattlEye Server: Verified GUID (23fe7edb77e6acee989bf1757f516554) of player #1 RockstarGaming
10:41:04 BattlEye Server: (Side) High Alert Highlander : hi rock goodmorning  buddy im not playing im working in the server 
10:41:17 BattlEye Server: (Side) RockstarGaming: Hi
10:41:25 BattlEye Server: (Side) RockstarGaming: what are you working on?
10:41:45 BattlEye Server: (Side) RockstarGaming: and goodmorning
10:41:47 BattlEye Server: (Side) High Alert Highlander : as a matter oif faq i  ending this and i will go to sleep a little and i will see you later 
10:41:56 BattlEye Server: (Side) RockstarGaming: oh
10:42:01 BattlEye Server: (Side) RockstarGaming: alright
10:42:07 BattlEye Server: (Side) High Alert Highlander : oh the new vehiculs 
10:42:14 BattlEye Server: (Side) RockstarGaming: yeah?
10:42:18 BattlEye Server: (Side) High Alert Highlander : take care buddy 
10:42:26 BattlEye Server: (Side) RockstarGaming: you too
10:43:52 Player High Alert Highlander  disconnected.
10:43:52 BattlEye Server: Player #0 High Alert Highlander  disconnected
10:43:52 Admin logged out, player: High Alert Highlander , playerUID: 76561198065774594, IP: 192.168.0.10:2309.
10:44:05 Player RockstarGaming disconnected.
10:44:05 BattlEye Server: Player #1 RockstarGaming disconnected
12:30:17 High Alert Highlander  uses modified data file
12:30:17 BattlEye Server: Player #0 High Alert Highlander  (190.171.107.0:62725) connected
12:30:17 Player High Alert Highlander  connecting.
12:30:21 BattlEye Server: Player #0 High Alert Highlander  - BE GUID: a01f35e030c4464ff5b5e9c18ddf0195
12:30:24 Player High Alert Highlander  connected (id=76561198065774594).
12:30:24 BattlEye Server: Verified GUID (a01f35e030c4464ff5b5e9c18ddf0195) of player #0 High Alert Highlander 
12:32:31 Admin logged in, player: High Alert Highlander , playerUID: 76561198065774594, IP: 192.168.0.10:2309.
12:34:04 Player High Alert Highlander  disconnected.
12:34:04 BattlEye Server: Player #0 High Alert Highlander  disconnected
12:34:04 Admin logged out, player: High Alert Highlander , playerUID: 76561198065774594, IP: 192.168.0.10:2309.
12:42:20 JE uses modified data file
12:42:20 BattlEye Server: Player #0 JE (212.183.43.3:2304) connected
12:42:20 Player JE connecting.
12:42:23 BattlEye Server: Player #0 JE - BE GUID: c61f2fa848c55963290defa1e8e207ac
12:42:23 Player JE connected (id=76561198245895876).
12:42:23 BattlEye Server: Verified GUID (c61f2fa848c55963290defa1e8e207ac) of player #0 JE
12:42:26 Player JE disconnected.
12:42:26 BattlEye Server: Player #0 JE disconnected
13:26:41 Mason uses modified data file
13:26:41 BattlEye Server: Player #0 Mason (71.81.137.47:2309) connected
13:26:41 Player Mason connecting.
13:26:43 BattlEye Server: Player #0 Mason - BE GUID: 955d09b6e1dde9360ceebc2963df084d
13:26:43 Player Mason connect