 9:01:28 BattlEye Server: Initialized (v1.217)
 9:01:28 Host identity created.
 9:01:29 Game Port: 2307, Steam Query Port: 2308
 9:01:29 Mission A3Wasteland Altis v1.4c read from bank.
 9:01:30 Roles assigned.
 9:01:30 Reading mission ...
 9:02:01 Mission read.
 9:02:01 ANATOLI CHEJOV uses modified data file
 9:02:01 BattlEye Server: Player #0 ANATOLI CHEJOV (190.171.107.50:62725) connected
 9:02:01 Player ANATOLI CHEJOV connecting.
 9:02:01 Game started.
 9:02:02 BattlEye Server: Connected to BE Master
 9:02:04 BattlEye Server: Player #0 ANATOLI CHEJOV - BE GUID: a01f35e030c4464ff5b5e9c18ddf0195
 9:02:05 Player ANATOLI CHEJOV connected (id=76561198065774594).
 9:02:05 BattlEye Server: Verified GUID (a01f35e030c4464ff5b5e9c18ddf0195) of player #0 ANATOLI CHEJOV
 9:03:17 Merc uses modified data file
 9:03:17 BattlEye Server: Player #1 Merc (71.81.137.37:2309) connected
 9:03:17 Player Merc connecting.
 9:03:20 BattlEye Server: Player #1 Merc - BE GUID: 955d09b6e1dde9360ceebc2963df084d
 9:03:20 Player Merc connected (id=76561198026943270).
 9:03:20 BattlEye Server: Verified GUID (955d09b6e1dde9360ceebc2963df084d) of player #1 Merc
 9:09:32 BattlEye Server: (Group) ANATOLI CHEJOV: look this 
 9:09:53 BattlEye Server: (Group) ANATOLI CHEJOV: testing time
 9:12:41 BattlEye Server: (Group) ANATOLI CHEJOV: works perfect
 9:14:53 BattlEye Server: (Group) ANATOLI CHEJOV: imsopoud 
 9:17:18 BattlEye Server: (Group) ANATOLI CHEJOV: okimgoing totake a break eat  something and wach amovie i will come back later  if any extranger  logs in pls text meon steam 
 9:17:49 BattlEye Server: (Group) ANATOLI CHEJOV: ok see you then
 9:18:02 Player ANATOLI CHEJOV disconnected.
 9:18:02 BattlEye Server: Player #0 ANATOLI CHEJOV disconnected
 9:41:05 BERSERK uses modified data file
 9:41:05 BattlEye Server: Player #2 BERSERK (89.243.105.156:2309) connected
 9:41:05 Player BERSERK connecting.
 9:41:08 BattlEye Server: Player #2 BERSERK - BE GUID: f9c9e52eb3db60f4194051e5189175f4
 9:41:08 Player BERSERK connected (id=76561198013107856).
 9:41:08 BattlEye Server: Verified GUID (f9c9e52eb3db60f4194051e5189175f4) of player #2 BERSERK
 9:47:58 Player BERSERK disconnected.
 9:47:58 BattlEye Server: Player #2 BERSERK disconnected
10:26:24 Varluk uses modified data file
10:26:24 BattlEye Server: Player #2 Varluk (188.170.73.81:48966) connected
10:26:24 Player Varluk connecting.
10:26:33 BattlEye Server: Player #2 Varluk - BE GUID: 40a5c124c81a14d4235b4453eb839ddf
10:26:33 Player Varluk connected (id=76561198022459854).
10:26:33 BattlEye Server: Verified GUID (40a5c124c81a14d4235b4453eb839ddf) of player #2 Varluk
10:51:17 ANATOLI CHEJOV uses modified data file
10:51:17 BattlEye Server: Player #3 ANATOLI CHEJOV (190.171.107.50:62725) connected
10:51:17 Player ANATOLI CHEJOV connecting.
10:51:23 BattlEye Server: Player #3 ANATOLI CHEJOV - BE GUID: a01f35e030c4464ff5b5e9c18ddf0195
10:51:24 Player ANATOLI CHEJOV connected (id=76561198065774594).
10:51:24 BattlEye Server: Verified GUID (a01f35e030c4464ff5b5e9c18ddf0195) of player #3 ANATOLI CHEJOV
11:02:29 BattlEye Server: (Side) ANATOLI CHEJOV: damnnice i like it 
11:02:44 BattlEye Server: (Side) ANATOLI CHEJOV: dont hear u 
11:05:10 BattlEye Server: (Side) ANATOLI CHEJOV: itlooksfine
11:09:13 BattlEye Server: (Side) ANATOLI CHEJOV: unloak thse
11:09:32 BattlEye Server: (Side) ANATOLI CHEJOV: yes
11:09:39 BattlEye Server: (Side) ANATOLI CHEJOV: these two
11:14:46 BattlEye Server: (Side) ANATOLI CHEJOV: plsunlocktyhese
11:15:19 BattlEye Server: (Side) ANATOLI CHEJOV: nojust thes
11:16:23 BattlEye Server: (Side) ANATOLI CHEJOV: perfect 
11:17:04 BattlEye Server: (Side) ANATOLI CHEJOV: covering fire
11:17:35 BattlEye Server: (Side) ANATOLI CHEJOV: that is onebig space 
11:17:44 BattlEye Server: (Side) ANATOLI CHEJOV: uwillneedtofillthatup 
11:17:46 BattlEye Server: (Side) ANATOLI CHEJOV: lol
11:17:51 BattlEye Server: (Side) ANATOLI CHEJOV: timetospendmoney
11:18:25 BattlEye Server: (Side) ANATOLI CHEJOV: tellme   if these is not bigger thanthe old hangar
11:18:29 BattlEye Server: (Side) ANATOLI CHEJOV: andmore secure
11:19:06 BattlEye Server: (Side) ANATOLI CHEJOV: dude come one 
11:19:17 BattlEye Server: (Side) ANATOLI CHEJOV: u spen 30 min  loking for these base 
11:19:23 BattlEye Server: (Side) ANATOLI CHEJOV: and did not found it 
11:19:29 BattlEye Server: (Side) ANATOLI CHEJOV: knowing thebase
11:19:53 BattlEye Server: (Side) ANATOLI CHEJOV: u can see the from1.5
11:20:35 BattlEye Server: (Side) ANATOLI CHEJOV: and if someone found these yes
11:20:47 BattlEye Server: (Side) ANATOLI CHEJOV: but we are most of the time 
11:20:55 BattlEye Server: (Side) ANATOLI CHEJOV: exactly 
11:21:05 BattlEye Server: (Side) ANATOLI CHEJOV: thse base have  been here 
11:21:10 BattlEye Server: (Side) ANATOLI CHEJOV: since the start 
11:21:13 BattlEye Server: (Side) ANATOLI CHEJOV: yes
11:21:32 BattlEye Server: (Side) ANATOLI CHEJOV: whe hemmt 
11:21:49 BattlEye Server: (Side) ANATOLI CHEJOV: u have that one
11:21:56 BattlEye Server: (Side) ANATOLI CHEJOV: yes
11:22:19 BattlEye Server: (Side) ANATOLI CHEJOV: yes
11:22:22 BattlEye Server: (Side) ANATOLI CHEJOV: yes
11:22:29 BattlEye Server: (Side) ANATOLI CHEJOV: yes
11:23:01 BattlEye Server: (Side) ANATOLI CHEJOV: accpet group
11:24:07 BattlEye Server: (Side) ANATOLI CHEJOV: iknow
11:24:58 BattlEye Server: (Side) ANATOLI CHEJOV: no
11:27:09 BattlEye Server: (Side) ANATOLI CHEJOV: yes
11:27:16 BattlEye Server: (Side) ANATOLI CHEJOV: weput them
11:27:25 BattlEye Server: (Side) ANATOLI CHEJOV: and there is sharks also
11:27:37 BattlEye Server: (Side) ANATOLI CHEJOV: they kill
11:27:59 BattlEye Server: (Side) ANATOLI CHEJOV: yes
11:28:10 BattlEye Server: (Side) ANATOLI CHEJOV: i put themtopretect 
11:28:47 BattlEye Server: (Side) ANATOLI CHEJOV: dude  everything comes little by little
11:28:52 BattlEye Server: (Side) ANATOLI CHEJOV: you will have idea
11:28:56 BattlEye Server: (Side) ANATOLI CHEJOV: ideas
11:29:24 Player Varluk disconnected.
11:29:24 BattlEye Server: Player #2 Varluk disconnected
11:29:25 BattlEye Server: (Side) ANATOLI CHEJOV: yes
11:30:04 BattlEye Server: (Side) ANATOLI CHEJOV: build  defences 
11:33:25 Maykon. uses modified data file
11:33:25 BattlEye Server: Player #4 Maykon. (177.39.73.122:21385) connected
11:33:25 Player Maykon. connecting.
11:33:28 BattlEye Server: Player #4 Maykon. - BE GUID: f9fd5c14a260c78004733712c0c7452a
11:33:31 Player Maykon. connected (id=76561198416755890).
11:33:31 BattlEye Server: Verified GUID (f9fd5c14a260c78004733712c0c7452a) of player #4 Maykon.
11:33:41 BattlEye Server: (Side) ANATOLI CHEJOV: these guy 
11:34:32 BattlEye Server: (Side) ANATOLI CHEJOV: i need to do a vigilance onhim impositive he use not authorise mods
11:34:48 BattlEye Server: (Side) ANATOLI CHEJOV: he will logininred 
11:34:49 Rou Kowalski uses modified data file
11:34:49 BattlEye Server: Player #5 Rou Kowalski (73.147.1.91:2309) connected
11:34:49 Player Rou Kowalski connecting.
11:34:51 BattlEye Server: Player #5 Rou Kowalski - BE GUID: 58cae163ea9d3a0ff8adde240b436737
11:35:01 BattlEye Server: (Side) ANATOLI CHEJOV: becarefull 
11:35:08 Varluk uses modified data file
11:35:08 BattlEye Server: Player #6 Varluk (188.170.73.81:48966) connected
11:35:08 Player Varluk connecting.
11:35:09 BattlEye Server: (Side) ANATOLI CHEJOV: let meknowif he do that 
11:35:16 BattlEye Server: Player #6 Varluk - BE GUID: 40a5c124c81a14d4235b4453eb839ddf
11:35:16 Player Rou Kowalski connected (id=76561198034110598).
11:35:16 BattlEye Server: Verified GUID (58cae163ea9d3a0ff8adde240b436737) of player #5 Rou Kowalski
11:35:16 Player Varluk connected (id=76561198022459854).
11:35:16 BattlEye Server: Verified GUID (40a5c124c81a14d4235b4453eb839ddf) of player #6 Varluk
11:35:28 BattlEye Server: (Side) ANATOLI CHEJOV: jumpin red
11:35:34 BattlEye Server: (Side) ANATOLI CHEJOV: sweicing teams 
11:35:40 BattlEye Server: (Side) ANATOLI CHEJOV: start doing crazy shit 
11:37:35 BattlEye Server: (Side) ANATOLI CHEJOV: aceeptinv
11:37:43 BattlEye Server: (Side) ANATOLI CHEJOV: mason
11:37:49 BattlEye Server: (Side) ANATOLI CHEJOV: u havent accetthat 
11:38:00 BattlEye Server: (Group) ANATOLI CHEJOV: goodmorning
11:38:14 BattlEye Server: (Side) Merc: i did
11:38:24 BattlEye Server: (Side) ANATOLI CHEJOV: nou havent 
11:38:34 BattlEye Server: (Group) Merc: i show u in grp
11:38:42 BattlEye Server: (Group) Merc: do u see this?
11:38:47 BattlEye Server: (Group) ANATOLI CHEJOV: yes 
11:38:51 BattlEye Server: (Group) ANATOLI CHEJOV: wierid
11:38:56 BattlEye Server: (Group) ANATOLI CHEJOV: idont have you
11:39:10 BattlEye Server: (Group) ANATOLI CHEJOV: talki
11:39:42 BattlEye Server: (Group) ANATOLI CHEJOV: notin group
11:39:53 BattlEye Server: (Group) ANATOLI CHEJOV: rou 
11:39:57 BattlEye Server: (Group) ANATOLI CHEJOV: come
11:40:02 BattlEye Server: (Group) ANATOLI CHEJOV: nowican
11:40:10 BattlEye Server: (Group) ANATOLI CHEJOV: lookthis
11:40:22 BattlEye Server: (Group) ANATOLI CHEJOV: 30 fucking rampstookmetobuild that 
11:40:47 BattlEye Server: (Group) ANATOLI CHEJOV: yes
11:40:58 BattlEye Server: (Group) ANATOLI CHEJOV: look
11:41:14 BattlEye Server: (Group) ANATOLI CHEJOV: ima experst builderthats why 
11:42:02 BattlEye Server: (Group) Maykon.: you is germany?
11:42:19 BattlEye Server: (Group) ANATOLI CHEJOV: isbmr
11:42:24 BattlEye Server: (Group) ANATOLI CHEJOV: notatank
11:43:09 BattlEye Server: (Group) ANATOLI CHEJOV: dk
11:45:09 BattlEye Server: (Group) Maykon.: russian ?
11:46:38 BattlEye Server: (Group) Maykon.: what?
11:46:47 BattlEye Server: (Group) ANATOLI CHEJOV: masoncanu hear us
11:47:00 BattlEye Server: (Group) Varluk: :)
11:47:21 BattlEye Server: (Group) Maykon.: Вы русский?
11:47:24 BattlEye Server: (Side) ANATOLI CHEJOV: lets go todiscordmason
11:47:39 BattlEye Server: (Group) Varluk: YES
11:47:45 BattlEye Server: (Group) Maykon.: OMGGGGGGGGGGGG
11:47:59 BattlEye Server: (Group) Merc: i'm there
11:48:09 BattlEye Server: (Group) Maykon.: Я бразилец.
11:48:12 BattlEye Server: (Group) Varluk: ДА
11:48:13 BattlEye Server: (Side) ANATOLI CHEJOV: okimthere
11:48:25 BattlEye Server: (Side) ANATOLI CHEJOV: yes
11:49:13 BattlEye Server: (Group) Maykon.: На моей клавиатуре нет этих букв для перевода
11:49:36 BattlEye Server: (Side) ANATOLI CHEJOV: that is the starting enginiere gear 
11:50:15 BattlEye Server: (Side) ANATOLI CHEJOV: varlukis ok 
11:50:24 BattlEye Server: (Side) ANATOLI CHEJOV: that imj worry about ismaycon
11:50:50 BattlEye Server: (Side) ANATOLI CHEJOV: that is the asshole mother fyucker from  BIB 
11:51:05 BattlEye Server: (Side) ANATOLI CHEJOV: ANOTHER SERVER
11:51:30 BattlEye Server: (Side) ANATOLI CHEJOV: he dosent know  itsmeof course he knows  highlander 
11:51:47 BattlEye Server: (Side) ANATOLI CHEJOV: he dosent knowim admin here
11:51:57 BattlEye Server: (Side) ANATOLI CHEJOV: but that guy is amother fucker 
11:52:07 BattlEye Server: (Side) ANATOLI CHEJOV: -pure trash 
11:52:33 BattlEye Server: (Side) ANATOLI CHEJOV: yes
11:54:39 BattlEye Server: (Side) ANATOLI CHEJOV: i hate the fucker
11:57:54 BattlEye Server: (Side) ANATOLI CHEJOV: i checkonmayco 
11:58:00 BattlEye Server: (Side) ANATOLI CHEJOV: ucheck varluck
11:58:25 BattlEye Server: (Side) ANATOLI CHEJOV: iwill enjoykilling these fucker
12:00:09 BattlEye Server: (Side) ANATOLI CHEJOV: he is engioniere
12:01:52 BattlEye Server: (Group) Maykon.: fuck -.-
12:05:25 BattlEye Server: (Global) Maykon.: lol noob
12:05:50 BattlEye Server: (Side) ANATOLI CHEJOV: he is callingnoob
12:05:56 BattlEye Server: (Side) ANATOLI CHEJOV: tome
12:07:50 BattlEye Server: (Group) Maykon.: wft
12:07:57 BattlEye Server: (Group) Maykon.: you shot me?
12:08:48 BattlEye Server: (Group) Maykon.: stop shot selakano air
12:11:39 BattlEye Server: (Global) ANATOLI CHEJOV: whosthe noob now noob 
12:11:47 BattlEye Server: (Global) Maykon.: NOOB
12:11:57 BattlEye Server: (Global) ANATOLI CHEJOV: so true 
12:12:03 BattlEye Server: (Global) Maykon.: come noob
12:21:13 BattlEye Server: (Group) Maykon.: me body
12:25:53 BattlEye Server: (Group) Maykon.: ?
12:25:56 BattlEye Server: (Group) Maykon.: wft
12:32:41 BattlEye Server: (Group) ANATOLI CHEJOV: varlukisin a jet becarefull
12:41:12 Hemlock Kowalski uses modified data file
12:41:12 BattlEye Server: Player #7 Hemlock Kowalski (73.147.1.91:62910) connected
12:41:12 Player Hemlock Kowalski connecting.
12:41:15 BattlEye Server: Player #7 Hemlock Kowalski - BE GUID: 0e50d5bc222746efa845806a2af0fed1
12:41:45 Player Hemlock Kowalski connected (id=76561198201473535).
12:41:45 BattlEye Server: Verified GUID (0e50d5bc222746efa845806a2af0fed1) of player #7 Hemlock Kowalski
12:49:57 BattlEye Server: (Group) ANATOLI CHEJOV: THKS
12:51:39 BattlEye Server: (Group) Maykon.: 1 life *o*
12:55:52 BattlEye Server: (Group) Maykon.: your ATM is full?
12:56:47 BattlEye Server: (Group) ANATOLI CHEJOV: thosetwo r in a group
13:00:48 BattlEye Server: (Group) Maykon.: help me in mission Weapon Smugglers?
13:03:06 BattlEye Server: (Group) Maykon.: wft
13:04:20 BattlEye Server: (Group) Maykon.: serve is bug
13:05:45 BattlEye Server: (Side) ANATOLI CHEJOV: how thefuck someone die  the plne crash 
13:05:51 BattlEye Server: (Side) ANATOLI CHEJOV: andno ex´plote 
13:06:02 BattlEye Server: (Side) ANATOLI CHEJOV: guys pleasecheck  vs in salt flats }
13:06:12 BattlEye Server: (Side) ANATOLI CHEJOV: u er mywitnesses
13:06:21 BattlEye Server: (Side) ANATOLI CHEJOV: theplane is there still running
13:06:32 BattlEye Server: (Group) Maykon.: Mi-24VT your here
13:06:44 BattlEye Server: (Side) ANATOLI CHEJOV: mason r u waching these
13:07:13 BattlEye Server: (Side) ANATOLI CHEJOV: theproblemais that the pilotisnot crasing 
13:09:29 BattlEye Server: (Global) ANATOLI CHEJOV: r u guys using  planes  inthe server 
13:09:47 BattlEye Server: (Global) ANATOLI CHEJOV: just toletyouknowthe server is fix  toglich planes
13:09:59 BattlEye Server: (Global) ANATOLI CHEJOV: withlees  thanhalf population 
13:12:48 BattlEye Server: (Group) ANATOLI CHEJOV: these varluk guy is using something imsure
13:13:25 BattlEye Server: (Side) ANATOLI CHEJOV: hwmaytimes youput yurselfinthefrontline of a tankand dont  die
13:13:35 BattlEye Server: (Group) Maykon.: buy titan
13:13:52 BattlEye Server: (Side) ANATOLI CHEJOV: checkthe queat guy 
13:14:14 BattlEye Server: (Side) ANATOLI CHEJOV: im with thepilt 
13:17:29 BattlEye Server: (Group) Maykon.: OMG
13:25:00 BattlEye Server: (Global) Maykon.: noob
13:25:03 BattlEye Server: (Global) Maykon.: fuck you
13:25:21 BattlEye Server: (Global) ANATOLI CHEJOV: yw 
13:25:39 BattlEye Server: (Side) ANATOLI CHEJOV: he did the same touss
13:25:43 BattlEye Server: (Side) ANATOLI CHEJOV: in bib 
13:25:50 BattlEye Server: (Side) ANATOLI CHEJOV: yes
13:27:41 BattlEye Server: (Side) ANATOLI CHEJOV: ok
13:27:58 BattlEye Server: (Side) ANATOLI CHEJOV: ok
13:29:48 BattlEye Server: (Group) Maykon.: fuck
13:29:51 BattlEye Server: (Group) Maykon.: where?
13:29:58 BattlEye Server: (Global) ANATOLI CHEJOV: nooooooo
13:30:06 BattlEye Server: (Group) Maykon.: noob
13:30:08 BattlEye Server: (Global) Maykon.: noob
13:30:19 BattlEye Server: (Global) Maykon.: come here
13:30:22 BattlEye Server: (Global) Maykon.: noob
13:30:35 BattlEye Server: (Global) Maykon.: come idiot
13:31:16 BattlEye Server: (Global) Maykon.: because of idiot people like you that this server is empty
13:31:38 BattlEye Server: (Global) ANATOLI CHEJOV: no im avoidingpeoplelikeuinthis server
13:31:40 BattlEye Server: (Global) Maykon.: Now I know why I'm dying, you're ADM.
13:31:53 BattlEye Server: (Global) ANATOLI CHEJOV: thats the diference  i know who u arein bib 
13:32:00 BattlEye Server: (Global) ANATOLI CHEJOV: andidont want youhere
13:32:07 BattlEye Server: (Global) Maykon.: otario continues this server sucks because of you
13:32:39 BattlEye Server: (Global) Maykon.: Shit ADM
13:32:43 BattlEye Server: (Global) ANATOLI CHEJOV: u rmore thanwelcometopls stepout 
13:32:46 BattlEye Server: (Global) Maykon.: fuck off noob
13:32:49 BattlEye Server: (Global) Maykon.: come on
13:33:11 BattlEye Server: (Global) Maykon.: you only know how to play with this your ADM menu
13:33:12 BattlEye Server: (Global) Maykon.: noob
13:33:33 BattlEye Server: (Group) Maykon.: He who killed you that hour in your jet.
13:33:59 BattlEye Server: (Global) Maykon.: you sucker noob
13:34:18 BattlEye Server: (Global) Maykon.: does not know how to play ne?
13:34:40 BattlEye Server: (Group) Maykon.: It's no use, he's going to be in charge of us all the time.
13:35:04 BattlEye Server: (Global) Maykon.: noob filha da puta se fode com esse seu servidor merda
13:35:10 BattlEye Server: (Global) Maykon.: SEU OTARIO FILHO DA PUTA
13:35:19 BattlEye Server: (Global) Maykon.: crinça do caralho
13:35:24 Player Maykon. disconnected.
13:35:24 BattlEye Server: Player #4 Maykon. disconnected
13:35:43 BattlEye Server: (Group) ANATOLI CHEJOV: italian
13:35:54 BattlEye Server: (Group) ANATOLI CHEJOV: he callme  son of a bitch 
13:36:02 BattlEye Server: (Group) ANATOLI CHEJOV: server opf shit
13:36:13 BattlEye Server: (Group) ANATOLI CHEJOV: yes
13:36:18 BattlEye Server: (Group) ANATOLI CHEJOV: whore
13:36:29 BattlEye Server: (Group) ANATOLI CHEJOV: samething 
13:37:50 BattlEye Server: (Global) ANATOLI CHEJOV: enjoy the game varluk sorry about that thatguyis a know cheater inbib 
13:38:25 BattlEye Server: (Global) ANATOLI CHEJOV: idont want that typeofpeople here
13:38:39 BattlEye Server: (Global) ANATOLI CHEJOV: pls  accept myappoligies about that 
13:39:17 BattlEye Server: (Global) ANATOLI CHEJOV: enjoy your game
13:40:18 BattlEye Server: (Global) ANATOLI CHEJOV: just pls remaind  that planeswill  glich with lessthan 20people in the server  soyou canusethenunder your knolege of what willhappen
13:42:12 BattlEye Server: (Side) ANATOLI CHEJOV: ilikewhat you have donesofar with your inside base  rou 
13:42:31 BattlEye Server: (Side) ANATOLI CHEJOV: hey hemthat rampisforyousoyou canuse that 
13:44:12 BattlEye Server: (Side) ANATOLI CHEJOV: where r we going 
13:44:23 BattlEye Server: (Vehicle) Merc: should i lock the base down?
13:44:31 BattlEye Server: (Side) ANATOLI CHEJOV: always 
13:47:33 BattlEye Server: (Side) ANATOLI CHEJOV: dont worry about that guy 
13:47:53 BattlEye Server: (Side) ANATOLI CHEJOV: rouiput thisaa here
13:47:59 BattlEye Server: (Side) ANATOLI CHEJOV: usaw that right 
13:48:23 BattlEye Server: (Side) ANATOLI CHEJOV: rou
13:48:29 BattlEye Server: (Side) ANATOLI CHEJOV: ok
13:49:06 BattlEye Server: (Side) ANATOLI CHEJOV: masonwhy soquiet 
13:51:37 BattlEye Server: (Side) ANATOLI CHEJOV: hemwhere u at 
13:51:45 BattlEye Server: (Side) ANATOLI CHEJOV: why 
13:51:55 BattlEye Server: (Side) ANATOLI CHEJOV: ok
13:54:37 BattlEye Server: (Side) ANATOLI CHEJOV: guys pls remember always to lockdown the base dosent matter  if you r gone just for 2min stilllock it pls
13:54:45 BattlEye Server: (Side) ANATOLI CHEJOV: always renmmeber that 
13:55:16 BattlEye Server: (Side) ANATOLI CHEJOV: the defencesonlyworkif the allbase is under lock down that is the resonwhy 
13:56:42 BattlEye Server: (Side) ANATOLI CHEJOV: killhim
13:56:55 BattlEye Server: (Side) ANATOLI CHEJOV: udont need one for1200mts
13:57:28 BattlEye Server: (Side) ANATOLI CHEJOV: uhave an m4u can do it hem im sure
13:57:34 BattlEye Server: (Side) ANATOLI CHEJOV: trush your skills
14:01:14 BattlEye Server: (Side) ANATOLI CHEJOV: he is hidden onmy x
14:01:56 BattlEye Server: (Side) ANATOLI CHEJOV: it dosent show
14:02:04 BattlEye Server: (Side) ANATOLI CHEJOV: that ur in group
14:02:27 BattlEye Server: (Group) ANATOLI CHEJOV: nowu r 
14:02:57 BattlEye Server: (Group) ANATOLI CHEJOV: he is going  to sofia
14:03:55 BattlEye Server: (Group) ANATOLI CHEJOV: i need to run missions ordosomething im getting sleepy 
14:12:52 BattlEye Server: (Group) ANATOLI CHEJOV: NOW I KNO WHY MASONIS SOQUIET HE IS IN BYUILDING MODE
14:14:38 BattlEye Server: (Group) ANATOLI CHEJOV: OKJIM LETS MAKE  a spec opp mission u fly take me therewe steal thiose crates
14:14:43 BattlEye Server: (Group) ANATOLI CHEJOV: what u say 
14:16:33 BattlEye Server: (Group) ANATOLI CHEJOV: hedefenetely have money onthosecretes 
14:16:56 BattlEye Server: (Group) ANATOLI CHEJOV: yes
14:19:17 BattlEye Server: (Group) ANATOLI CHEJOV: no
14:24:00 BattlEye Server: (Group) ANATOLI CHEJOV: to where
14:27:53 BattlEye Server: (Group) ANATOLI CHEJOV: ok guys i will go to slepp alittle 
14:28:00 BattlEye Server