 9:02:06 BattlEye Server: Initialized (v1.217)
 9:02:06 Host identity created.
 9:02:06 Game Port: 2307, Steam Query Port: 2308
 9:02:06 Mission A3Wasteland Altis v1.4c read from bank.
 9:02:08 Roles assigned.
 9:02:08 Reading mission ...
 9:02:45 Mission read.
 9:02:46 Game started.
 9:13:46 Zonojosh uses modified data file
 9:13:46 BattlEye Server: Player #0 Zonojosh (73.227.223.137:2304) connected
 9:13:46 Player Zonojosh connecting.
 9:13:46 BattlEye Server: Connected to BE Master
 9:13:48 BattlEye Server: Player #0 Zonojosh - BE GUID: 24f076b539b3955108dd498e3530fb0d
 9:13:49 Player Zonojosh connected (id=76561198092200457).
 9:13:49 BattlEye Server: Verified GUID (24f076b539b3955108dd498e3530fb0d) of player #0 Zonojosh
 9:13:52 kyle uses modified data file
 9:13:52 BattlEye Server: Player #1 kyle (90.252.185.82:2304) connected
 9:13:52 Player kyle connecting.
 9:13:54 BattlEye Server: Player #1 kyle - BE GUID: 976878a2da91dcf878138dfc0dab6ffc
 9:13:55 Player kyle connected (id=76561198148474565).
 9:13:55 BattlEye Server: Verified GUID (976878a2da91dcf878138dfc0dab6ffc) of player #1 kyle
 9:30:15 Administrator uses modified data file
 9:30:15 BattlEye Server: Player #2 Administrator (219.137.251.98:2304) connected
 9:30:15 Player Administrator connecting.
 9:30:19 BattlEye Server: Player #2 Administrator - BE GUID: 42a00f8dbee65741648eb975065ce86c
 9:30:19 Player Administrator connected (id=76561198255040504).
 9:30:19 BattlEye Server: Verified GUID (42a00f8dbee65741648eb975065ce86c) of player #2 Administrator
 9:30:27 Player Administrator disconnected.
 9:30:27 BattlEye Server: Player #2 Administrator disconnected
10:12:23 Ironside uses modified data file
10:12:23 BattlEye Server: Player #2 Ironside (24.118.118.85:2304) connected
10:12:23 Player Ironside connecting.
10:12:26 BattlEye Server: Player #2 Ironside - BE GUID: 8a2cf5db8b52210b8d418782d4ba31a9
10:12:26 Player Ironside connected (id=76561198159407384).
10:12:26 BattlEye Server: Verified GUID (8a2cf5db8b52210b8d418782d4ba31a9) of player #2 Ironside
10:15:19 Rou Kowalski uses modified data file
10:15:19 BattlEye Server: Player #3 Rou Kowalski (73.147.1.91:2309) connected
10:15:19 Player Rou Kowalski connecting.
10:15:22 BattlEye Server: Player #3 Rou Kowalski - BE GUID: 58cae163ea9d3a0ff8adde240b436737
10:15:42 Player Rou Kowalski connected (id=76561198034110598).
10:15:43 BattlEye Server: Verified GUID (58cae163ea9d3a0ff8adde240b436737) of player #3 Rou Kowalski
10:16:13 BattlEye Server: (Global) Ironside: um
10:16:24 BattlEye Server: (Global) kyle: arma physics
10:16:28 BattlEye Server: (Global) Ironside: ok
10:16:32 BattlEye Server: (Global) kyle: 3rd FUCKEN TIME
10:17:21 BattlEye Server: (Global) Ironside: i spawn in and explosion
10:17:39 BattlEye Server: (Global) Rou Kowalski: Hello all
10:17:48 BattlEye Server: (Global) Ironside: hi
10:19:08 BattlEye Server: (Global) Rou Kowalski: have you noticed odd things with AI tanks? 
10:19:24 BattlEye Server: (Global) Ironside: no why
10:20:12 BattlEye Server: (Global) Rou Kowalski: Last night AI gunners were about invincible.. Took 4 verona HEAT rockets to destroy a M1A1
10:20:30 BattlEye Server: (Global) Ironside: where did you hit it
10:20:30 BattlEye Server: (Global) Zonojosh: yea, its dumb
10:20:58 BattlEye Server: (Global) Rou Kowalski: High on the back side
10:21:16 BattlEye Server: (Global) Ironside: in the ass or the turret
10:21:32 BattlEye Server: (Global) kyle: me and zono hit a tank so many time in the turret
10:21:48 BattlEye Server: (Global) Ironside: if its the turret its near invincable
10:22:21 BattlEye Server: (Global) Rou Kowalski: In the ass.. But still the tank yould disable but as soon as you ran up to it.. I mean within 5m, The turrent would come to life and pin you within ti
10:22:34 BattlEye Server: (Global) Ironside: invincible*
10:22:59 BattlEye Server: (Global) kyle: why is there only one car per town
10:23:27 BattlEye Server: (Global) Rou Kowalski: Sometimes more. Depends.. Its low random
10:23:42 BattlEye Server: (Global) kyle: i keep spawning were ther are no cars
10:24:22 BattlEye Server: (Global) Ironside: get spawn beacons\
10:24:33 BattlEye Server: (Global) Rou Kowalski: There is always at least a quad. Spawn cars respawn if you just took it.. takes about 10-20 min though
10:24:43 BattlEye Server: (Global) Ironside: who at military base
10:24:44 BattlEye Server: (Global) kyle: i would if i could survive long enough
10:25:05 BattlEye Server: (Global) Zonojosh: moi
10:29:59 BattlEye Server: (Global) Zonojosh: anyone in heli?
10:30:08 BattlEye Server: (Global) Ironside: i need a car
10:30:19 BattlEye Server: (Global) Ironside: its droping it off
10:30:31 BattlEye Server: (Global) Zonojosh: i dont know, has a car
10:33:16 BattlEye Server: (Global) Rou Kowalski: oops
10:33:25 BattlEye Server: (Global) Zonojosh: naw, shot me outta heli
10:41:13 BattlEye Server: (Global) kyle: so annoying
10:41:19 BattlEye Server: (Global) kyle: just running to a vs
10:42:13 BattlEye Server: (Global) Rou Kowalski: just airdrop a rzr or something
10:42:32 BattlEye Server: (Global) kyle: if ihad the $$$ to
10:52:25 BattlEye Server: (Global) kyle: wtf
10:52:35 BattlEye Server: (Global) kyle: ai survives 6x sohtugn blasts?
10:52:36 BattlEye Server: (Global) kyle: BS
10:52:41 BattlEye Server: (Global) kyle: I CALL BS
10:53:16 BattlEye Server: (Global) Rou Kowalski: what mission? I will let Sgt MAj know
10:53:25 BattlEye Server: (Global) kyle: sms
10:53:37 BattlEye Server: (Global) Rou Kowalski: ok
10:57:51 BattlEye Server: (Global) kyle: wow
10:57:57 BattlEye Server: (Global) kyle: im confused
10:58:03 BattlEye Server: (Global) kyle: i just died 
10:58:11 BattlEye Server: (Global) kyle: ...
10:58:18 BattlEye Server: (Global) Ironside: randomly
10:58:25 BattlEye Server: (Global) Rou Kowalski: ?
10:58:28 BattlEye Server: (Global) kyle: ye
10:58:44 BattlEye Server: (Global) Ironside: yep thats happend to me
10:58:45 BattlEye Server: (Global) kyle: litterly opened a door then dead
10:59:03 BattlEye Server: (Global) Ironside: and my friend
10:59:05 BattlEye Server: (Global) Rou Kowalski: hmm. 
10:59:22 BattlEye Server: (Global) Rou Kowalski: Something has gone all wonky
10:59:51 BattlEye Server: (Global) Ironside: hes going to wipe the server today so
11:00:45 BattlEye Server: (Global) Rou Kowalski: I knew he was going to soon.. 
11:16:23 Player Ironside disconnected.
11:16:23 BattlEye Server: Player #2 Ironside disconnected
11:22:57 Max Mota uses modified data file
11:22:57 BattlEye Server: Player #4 Max Mota (201.242.173.41:2309) connected
11:22:57 Player Max Mota connecting.
11:23:00 BattlEye Server: Player #4 Max Mota - BE GUID: b24b492882c5bff2195677387329ee4f
11:23:01 Player Max Mota connected (id=76561198004095068).
11:23:01 BattlEye Server: Verified GUID (b24b492882c5bff2195677387329ee4f) of player #4 Max Mota
11:23:42 Soft Fluffy Cuddlebear uses modified data file
11:23:42 BattlEye Server: Player #5 Soft Fluffy Cuddlebear (190.171.107.27:62725) connected
11:23:42 Player Soft Fluffy Cuddlebear connecting.
11:23:47 BattlEye Server: Player #5 Soft Fluffy Cuddlebear - BE GUID: a01f35e030c4464ff5b5e9c18ddf0195
11:23:47 Player Soft Fluffy Cuddlebear connected (id=76561198065774594).
11:23:47 BattlEye Server: Verified GUID (a01f35e030c4464ff5b5e9c18ddf0195) of player #5 Soft Fluffy Cuddlebear
11:39:36 BattlEye Server: (Global) Zonojosh: you guys cool?
11:40:09 BattlEye Server: (Global) Soft Fluffy Cuddlebear: IF THAT MEANS friendly imnot 
11:40:20 BattlEye Server: (Global) Zonojosh: mean no kos
11:42:54 Player Rou Kowalski disconnected.
11:42:54 BattlEye Server: Player #3 Rou Kowalski disconnected
11:43:52 BattlEye Server: (Global) Zonojosh: max, you kos?
11:44:15 BattlEye Server: (Global) Soft Fluffy Cuddlebear: im
11:47:10 BattlEye Server: (Global) kyle: wtf are you doing
11:47:14 BattlEye Server: (Global) kyle: admin killing me
11:48:03 BattlEye Server: (Global) Soft Fluffy Cuddlebear: there isno admin here  atm
11:48:08 BattlEye Server: (Global) kyle: sure
11:48:32 BattlEye Server: (Global) Soft Fluffy Cuddlebear: how did u die
11:48:37 BattlEye Server: (Global) kyle: magic?
11:48:55 BattlEye Server: (Global) Soft Fluffy Cuddlebear: armais having allot of bugs 
11:49:02 BattlEye Server: (Global) Soft Fluffy Cuddlebear: lately 
11:49:03 BattlEye Server: (Global) kyle: not arma
11:49:04 Rou Kowalski uses modified data file
11:49:04 BattlEye Server: Player #6 Rou Kowalski (73.147.1.91:2309) connected
11:49:04 Player Rou Kowalski connecting.
11:49:07 BattlEye Server: Player #6 Rou Kowalski - BE GUID: 58cae163ea9d3a0ff8adde240b436737
11:49:10 Player Rou Kowalski connected (id=76561198034110598).
11:49:10 BattlEye Server: Verified GUID (58cae163ea9d3a0ff8adde240b436737) of player #6 Rou Kowalski
11:49:18 BattlEye Server: (Global) kyle: its either admins being dicks or the server is f*****
12:04:43 BattlEye Server: Failed to receive from BE Master (10054)
12:04:43 BattlEye Server: Disconnected from BE Master
12:06:38 BattlEye Server: Connected to BE Master
12:06:57 DEAD SHOTT uses modified data file
12:06:57 BattlEye Server: Player #7 DEAD SHOTT (64.147.89.124:2309) connected
12:06:57 Player DEAD SHOTT connecting.
12:07:02 BattlEye Server: Player #7 DEAD SHOTT - BE GUID: c57e9465036a9faf77f89620e2f461da
12:07:03 Player DEAD SHOTT connected (id=76561198167814038).
12:07:03 BattlEye Server: Verified GUID (c57e9465036a9faf77f89620e2f461da) of player #7 DEAD SHOTT
12:09:20 Player Rou Kowalski disconnected.
12:09:20 BattlEye Server: Player #6 Rou Kowalski disconnected
12:18:54 BattlEye Server: Failed to receive from BE Master (10054)
12:18:54 BattlEye Server: Disconnected from BE Master
12:20:50 BattlEye Server: Connected to BE Master
12:21:00 BattlEye Server: (Global) Soft Fluffy Cuddlebear: let me guess admin fault also lol
12:21:12 BattlEye Server: (Global) Zonojosh: shut up cunt
12:21:19 BattlEye Server: (Global) Soft Fluffy Cuddlebear: make me
12:21:31 BattlEye Server: (Global) Zonojosh: cant if ya hiding
12:21:33 BattlEye Server: (Global) kyle: leave him zono
12:24:16 BattlEye Server: (Side) Soft Fluffy Cuddlebear: be care full
12:24:21 BattlEye Server: (Side) Soft Fluffy Cuddlebear: u have one there
12:24:26 BattlEye Server: (Side) Soft Fluffy Cuddlebear: coming toyou 
12:24:33 BattlEye Server: (Side) Soft Fluffy Cuddlebear: onthe barracks
12:26:12 BattlEye Server: (Global) kyle: did i make you jump
12:29:36 BattlEye Server: (Global) kyle: you not quite deadshot btw
12:42:51 BattlEye Server: (Global) Soft Fluffy Cuddlebear: LOL I WAS AIMMING FOR THE MISSION 
12:43:01 BattlEye Server: (Global) Zonojosh: mission that i kill most of ais in
12:43:09 BattlEye Server: (Global) Zonojosh: tanks are too op
12:43:11 BattlEye Server: (Global) Soft Fluffy Cuddlebear: thks
12:43:23 BattlEye Server: (Global) Zonojosh: fucking pussy
12:43:35 BattlEye Server: (Global) Soft Fluffy Cuddlebear: hahahahaha
12:43:58 BattlEye Server: (Global) Zonojosh: can do mission by himself
12:44:52 BattlEye Server: (Global) Soft Fluffy Cuddlebear: why wouldi if i have you guys for that  i just need tokill youand take everything from u  
12:45:13 BattlEye Server: (Global) Zonojosh: thats the pussy way
12:45:25 BattlEye Server: (Global) Soft Fluffy Cuddlebear: i callthat the smartway 
12:45:33 BattlEye Server: (Global) Zonojosh: 100%
12:45:40 BattlEye Server: (Global) Soft Fluffy Cuddlebear: thks
12:50:57 BattlEye Server: (Global) Zonojosh: found where you are hiding bitch
12:51:16 BattlEye Server: (Global) Soft Fluffy Cuddlebear: come and get me
12:51:29 BattlEye Server: (Global) kyle: with pleasure
13:02:20 BattlEye Server: (Global) kyle: late barage my dude
13:02:23 BattlEye Server: (Global) kyle: you suck
13:02:26 BattlEye Server: (Global) Zonojosh: oops
13:02:40 BattlEye Server: (Global) Zonojosh: looks like the people who worked to do the mission won
13:11:23 BattlEye Server: (Global) Zonojosh: learn to hit?
13:11:30 BattlEye Server: (Global) Soft Fluffy Cuddlebear: lol
13:11:50 BattlEye Server: (Global) Soft Fluffy Cuddlebear: u r the ones running like hell not me
13:12:03 BattlEye Server: (Global) Zonojosh: we are moving to a mission
13:12:07 BattlEye Server: (Global) kyle: atleast we are not hiding
13:12:22 BattlEye Server: (Global) Soft Fluffy Cuddlebear: more like to chalkeia
13:13:01 BattlEye Server: (Global) Soft Fluffy Cuddlebear: run forredt run 
13:16:34 BattlEye Server: (Global) kyle: you think im bothered?
13:21:15 BattlEye Server: (Side) Soft Fluffy Cuddlebear: they rlacatedin agios dio in generalstore
13:21:22 BattlEye Server: (Side) Soft Fluffy Cuddlebear: dont go there
13:22:10 Jacob uses modified data file
13:22:10 BattlEye Server: Player #8 Jacob (128.163.236.44:65116) connected
13:22:10 Player Jacob connecting.
13:22:13 BattlEye Server: Player #8 Jacob - BE GUID: 97748960af453a9000adc8ad09ec8ac4
13:22:14 Player Jacob connected (id=76561198197632528).
13:22:14 BattlEye Server: Verified GUID (97748960af453a9000adc8ad09ec8ac4) of player #8 Jacob
13:22:28 Mason uses modified data file
13:22:28 BattlEye Server: Player #9 Mason (24.207.152.238:2309) connected
13:22:28 Player Mason connecting.
13:22:30 BattlEye Server: Player #9 Mason - BE GUID: 955d09b6e1dde9360ceebc2963df084d
13:22:30 Player Mason connected (id=76561198026943270).
13:22:30 BattlEye Server: Verified GUID (955d09b6e1dde9360ceebc2963df084d) of player #9 Mason
13:25:46 BattlEye Server: (Group) Mason: heya
13:25:59 BattlEye Server: (Group) Soft Fluffy Cuddlebear: becarefull
13:26:16 BattlEye Server: (Group) Soft Fluffy Cuddlebear: they are in general store
13:26:26 BattlEye Server: (Group) Mason: whats up?
13:26:46 BattlEye Server: (Group) Mason: which store?
13:26:47 BattlEye Server: (Global) Zonojosh: oooo
13:26:51 BattlEye Server: (Global) Zonojosh: heli
13:26:52 BattlEye Server: (Global) Jacob: ?A
13:26:54 BattlEye Server: (Global) Jacob: ooo
13:27:12 BattlEye Server: (Global) kyle: did i just witness a tping heli?
13:27:32 BattlEye Server: (Global) Jacob: there are other kinds of helis?
13:27:41 BattlEye Server: (Global) kyle: mate
13:27:48 BattlEye Server: (Global) kyle: 3059 over here
13:27:59 BattlEye Server: (Global) kyle: cloaking devices and jump drives have been made
13:28:05 BattlEye Server: (Global) Jacob: shiiiiit
13:28:06 BattlEye Server: (Side) Zonojosh: hey man, if you find the cuddlebear guy, type in here. He has been harrasing us and we would like to fuck this base up thanks
13:28:20 BattlEye Server: (Side) Jacob: i'll keep an eye out :)
13:28:27 BattlEye Server: (Side) kyle: cheers
13:33:33 BattlEye Server: (Global) Zonojosh: hacks
13:34:21 BattlEye Server: (Global) Jacob: buuuuuuuuuulshit
13:34:25 BattlEye Server: (Global) Jacob: fuckin ai lmao
13:34:41 BattlEye Server: (Global) Jacob: cya'll later, have a good one
13:34:47 Player Jacob disconnected.
13:34:47 BattlEye Server: Player #8 Jacob disconnected
13:36:57 BattlEye Server: (Side) Max Mota: Hello Mason!!!
13:37:41 dtoot uses modified data file
13:37:41 BattlEye Server: Player #10 dtoot (98.171.81.168:2304) connected
13:37:41 Player dtoot connecting.
13:38:40 Player dtoot disconnected.
13:38:40 BattlEye Server: Player #10 dtoot disconnected
13:38:41 dtoot uses modified data file
13:38:41 BattlEye Server: Player #10 dtoot (98.171.81.168:2304) connected
13:38:41 Player dtoot connecting.
13:38:43 BattlEye Server: Player #10 dtoot - BE GUID: 9f4eca7d415aacbeb261c409cd4853b1
13:38:44 Player dtoot connected (id=76561198024491206).
13:38:44 BattlEye Server: Verified GUID (9f4eca7d415aacbeb261c409cd4853b1) of player #10 dtoot
13:39:25 Player dtoot disconnected.
13:39:25 BattlEye Server: Player #10 dtoot disconnected
13:42:35 BattlEye Server: (Side) Max Mota: you are in the base ?
13:43:23 BattlEye Server: (Side) Soft Fluffy Cuddlebear: dis 
13:52:15 BattlEye Server: (Global) Mason: hey rock, thgouth you said you dont rob peoples bases
13:52:21 BattlEye Server: (Global) Mason: and destroy them
13:53:03 BattlEye Server: (Global) Mason: sorry i meant zono
13:53:25 BattlEye Server: (Global) kyle: wait wut
13:53:42 BattlEye Server: (Global) Zonojosh: bitch i've been on here for 5 hours and only done missions
13:54:06 BattlEye Server: (Global) Zonojosh: and i aint your pussy friend bear over there, killing people after they do missions
13:54:07 BattlEye Server: (Global) Soft Fluffy Cuddlebear: THAT WAS FUNNY HAHAHAHA
13:54:49 BattlEye Server: