17:48:59 BattlEye Server: Initialized (v1.217)
17:48:59 Host identity created.
17:49:00 Game Port: 2307, Steam Query Port: 2308
17:49:00 Mission A3Wasteland Altis v1.4c read from bank.
17:49:01 Roles assigned.
17:49:01 Reading mission ...
17:49:38 Mission read.
17:49:38 Game started.
17:52:52 High Alert Highlander  uses modified data file
17:52:52 BattlEye Server: Player #0 High Alert Highlander  (190.171.107.107:62725) connected
17:52:52 Player High Alert Highlander  connecting.
17:52:52 BattlEye Server: Connected to BE Master
17:52:57 BattlEye Server: Player #0 High Alert Highlander  - BE GUID: a01f35e030c4464ff5b5e9c18ddf0195
17:52:59 Player High Alert Highlander  connected (id=76561198065774594).
17:52:59 BattlEye Server: Verified GUID (a01f35e030c4464ff5b5e9c18ddf0195) of player #0 High Alert Highlander 
18:58:12 KSK Mr Turlte555 uses modified data file
18:58:12 BattlEye Server: Player #1 KSK Mr Turlte555 (107.137.165.47:2309) connected
18:58:12 Player KSK Mr Turlte555 connecting.
18:58:16 BattlEye Server: Player #1 KSK Mr Turlte555 - BE GUID: 03f2264f73c45f636bc5cf167abaa20d
18:58:16 Player KSK Mr Turlte555 connected (id=76561198184113991).
18:58:16 BattlEye Server: Verified GUID (03f2264f73c45f636bc5cf167abaa20d) of player #1 KSK Mr Turlte555
19:02:44 Player KSK Mr Turlte555 disconnected.
19:02:44 BattlEye Server: Player #1 KSK Mr Turlte555 disconnected
19:41:24 Mason uses modified data file
19:41:24 BattlEye Server: Player #1 Mason (71.81.137.47:2309) connected
19:41:24 Player Mason connecting.
19:41:26 BattlEye Server: Player #1 Mason - BE GUID: 955d09b6e1dde9360ceebc2963df084d
19:41:27 Player Mason connected (id=76561198026943270).
19:41:27 BattlEye Server: Verified GUID (955d09b6e1dde9360ceebc2963df084d) of player #1 Mason
19:53:43 BattlEye Server: (Side) High Alert Highlander : hello mason did not see u there
19:56:20 BattlEye Server: (Group) High Alert Highlander : WIERD 
19:56:36 BattlEye Server: (Group) High Alert Highlander : well you can join us in discord maybe there should be better 
19:57:00 BattlEye Server: (Group) High Alert Highlander : must be the mic i dont have a tv here 
19:57:17 BattlEye Server: (Group) High Alert Highlander : well we have done couple updates 
19:57:30 BattlEye Server: (Group) High Alert Highlander : GS general store
19:57:34 BattlEye Server: (Group) High Alert Highlander : blue points 
19:58:08 BattlEye Server: (Group) High Alert Highlander : i place a better starting gear for everyone 
19:58:27 BattlEye Server: (Group) High Alert Highlander : yes 
19:58:34 BattlEye Server: (Group) High Alert Highlander : thks 
19:58:45 BattlEye Server: (Group) High Alert Highlander : we are 3 owners 
19:59:09 BattlEye Server: (Group) High Alert Highlander : thank u we have place allot love in this bby 
19:59:42 BattlEye Server: (Group) High Alert Highlander : the way we want to like3 wekks 
19:59:48 BattlEye Server: (Group) High Alert Highlander : 3 weaks 
20:00:13 BattlEye Server: (Group) High Alert Highlander : yea 
20:01:15 BattlEye Server: (Group) High Alert Highlander : yes
20:02:13 BattlEye Server: (Group) High Alert Highlander : jajajaja
20:02:35 BattlEye Server: (Group) High Alert Highlander : yes there is  only 30 vehiculs 
20:03:05 BattlEye Server: (Group) High Alert Highlander : yes in the hole map
20:03:36 BattlEye Server: (Group) High Alert Highlander : ok 
20:04:05 BattlEye Server: (Group) High Alert Highlander : jajaja thks 
20:04:54 BattlEye Server: (Group) High Alert Highlander : let give you a hind if there is a blue high light circle in a city is because there is a vehicul in it 
20:05:05 BattlEye Server: (Group) High Alert Highlander : and yes there is a service 
20:05:16 BattlEye Server: (Group) High Alert Highlander : -on each VS  
20:05:24 BattlEye Server: (Group) High Alert Highlander : there is a orange zamac 
20:05:29 BattlEye Server: (Group) High Alert Highlander : zamak 
20:05:35 BattlEye Server: (Group) High Alert Highlander : that is get close 
20:05:53 BattlEye Server: (Group) High Alert Highlander : in reapair and also resuply vehiculs 
20:08:46 BattlEye Server: (Group) High Alert Highlander : thks bro 
20:10:18 BattlEye Server: (Side) High Alert Highlander : u can join us in discord 
20:10:25 BattlEye Server: (Side) High Alert Highlander : so we can talk easier 
20:10:55 BattlEye Server: (Side) High Alert Highlander : same as team speak 
20:11:05 BattlEye Server: (Side) High Alert Highlander : but is a web site 
20:12:15 BattlEye Server: (Side) High Alert Highlander : discord .com 
20:12:25 BattlEye Server: (Side) High Alert Highlander : this is the server https://discord.gg/2uPZtN
20:30:24 BattlEye Server: (Group) High Alert Highlander : yw
20:31:17 BattlEye Server: (Group) High Alert Highlander : that should help you to start 
20:49:06 BattlEye Server: (Group) High Alert Highlander : depends of the armor that you want to take out 
20:49:35 BattlEye Server: (Group) High Alert Highlander : the titans works fine 
20:49:47 BattlEye Server: (Group) High Alert Highlander : the volt work even better 
20:50:24 BattlEye Server: (Group) High Alert Highlander : you can carry two only of that one 
20:50:36 BattlEye Server: (Group) High Alert Highlander : they are for reall heavy 
20:50:44 BattlEye Server: (Group) High Alert Highlander : one shoot one tank out 
20:51:21 BattlEye Server: (Group) High Alert Highlander : 400m  from you inf bearing 210 
20:52:36 BattlEye Server: (Group) High Alert Highlander : i willget u 
20:55:36 BattlEye Server: (Group) High Alert Highlander : inf coming quick 
20:57:58 BattlEye Server: (Side) High Alert Highlander : get in 
21:00:41 BattlEye Server: (Side) High Alert Highlander : u can keep them 
21:01:24 BattlEye Server: (Side) High Alert Highlander : do you know how to sell them ?
21:01:35 BattlEye Server: (Side) High Alert Highlander : yes
21:02:05 AcceptDamnit uses modified data file
21:02:05 BattlEye Server: Player #2 AcceptDamnit (70.94.57.248:2304) connected
21:02:05 Player AcceptDamnit connecting.
21:02:06 Player AcceptDamnit disconnected.
21:02:06 BattlEye Server: Player #2 AcceptDamnit disconnected
21:02:37 BattlEye Server: (Side) High Alert Highlander : ,apc is yours 
21:02:47 BattlEye Server: (Side) High Alert Highlander : yes
21:03:25 BattlEye Server: (Side) High Alert Highlander : omg 
21:03:33 BattlEye Server: (Side) High Alert Highlander : sorry 
21:04:04 BattlEye Server: (Group) High Alert Highlander : the apc is your 
21:05:07 BattlEye Server: (Group) High Alert Highlander : any store
21:05:31 BattlEye Server: (Group) High Alert Highlander : yw bro
21:08:06 BattlEye Server: (Group) High Alert Highlander : get in top of the vehicul at 10 mt  scroll down mouse well 
21:08:17 BattlEye Server: (Group) High Alert Highlander : it will give u the option 
21:08:45 BattlEye Server: (Group) High Alert Highlander : but only the chinnok and gercules can sling tanks just like real life 
21:16:49 BattlEye Server: (Group) High Alert Highlander : on the service zamakz 
21:17:01 BattlEye Server: (Group) High Alert Highlander : here there is one 
21:18:49 BattlEye Server: (Group) High Alert Highlander : mouse well click resuply 
21:19:33 BattlEye Server: (Group) High Alert Highlander : u need a second person for that 
21:19:38 BattlEye Server: (Group) High Alert Highlander : that is an apc 
21:19:57 BattlEye Server: (Group) High Alert Highlander : with a tank you can 
21:20:15 BattlEye Server: (Side) High Alert Highlander : yes
21:23:58 BattlEye Server: (Side) High Alert Highlander : yes
21:55:42 BattlEye Server: (Side) High Alert Highlander : i will be afk for a moment 
22:00:41 BattlEye Server: (Group) High Alert Highlander : need help on that one ?
22:01:51 BattlEye Server: (Group) High Alert Highlander : i did not hear u 
22:02:17 BattlEye Server: (Group) High Alert Highlander : ok
22:08:32 BattlEye Server: (Side) High Alert Highlander : ?
22:09:01 BattlEye Server: (Side) High Alert Highlander : that one is a dificult one 
22:12:33 BattlEye Server: (Side) High Alert Highlander : the gps
22:12:46 BattlEye Server: (Side) High Alert Highlander : u can buy that on the gs 
22:15:58 BattlEye Server: (Side) High Alert Highlander : ok bro 
22:16:04 BattlEye Server: (Side) High Alert Highlander : hopeto see u soon
22:16:15 BattlEye Server: (Side) High Alert Highlander : always 
22:16:28 BattlEye Server: (Group) High Alert Highlander : weekends 
22:16:33 Player Mason disconnected.
22:16:33 BattlEye Server: Player #1 Mason disconnected
22:17:46 Player High Alert Highlander  disconnected.
22:17:46 BattlEye Server: Player #0 High Alert Highlander  disconnected
 4:13:16 Loli uses modified data file
 4:13:16 BattlEye Server: Player #0 Loli (14.111.60.188:11019) connected
 4:13:16 Player Loli connecting.
 4:13:35 Player Loli disconnected.
 4:13:35 BattlEye Server: Player #0 Loli disconnected
 4:40:27 Loli uses modified data file
 4:40:28 BattlEye Server: Player #0 Loli (14.111.60.188:11019) connected
 4:40:28 Player Loli connecting.
 4:40:30 BattlEye Server: Player #0 Loli - BE GUID: f6c2a50ff07caff2f43aa8caae1c092c
 4:40:33 Player Loli connected (id=76561198099480797).
 4:40:33 BattlEye Server: Verified GUID (f6c2a50ff07caff2f43aa8caae1c092c) of player #0 Loli
 4:41:37 miwa uses modified data file
 4:41:37 BattlEye Server: Player #1 miwa (153.163.215.183:2304) connected
 4:41:37 Player miwa connecting.
 4:41:42 Player miwa disconnected.
 4:41:42 BattlEye Server: Player #1 miwa disconnected
 4:42:30 miwa uses modified data file
 4:42:30 BattlEye Server: Player #1 miwa (153.163.215.183:2304) connected
 4:42:30 Player miwa connecting.
 4:42:33 BattlEye Server: Player #1 miwa - BE GUID: f5460dc8efe0bdc909d3202a54c5f1a2
 4:42:33 Player miwa connected (id=76561198013813792).
 4:42:33 BattlEye Server: Verified GUID (f5460dc8efe0bdc909d3202a54c5f1a2) of player #1 miwa
 4:42:34 Player miwa disconnected.
 4:42:34 BattlEye Server: Player #1 miwa disconnected
 4:42:49 miwa uses modified data file
 4:42:49 BattlEye Server: Player #1 miwa (153.163.215.183:2304) connected
 4:42:49 Player miwa connecting.
 4:42:52 BattlEye Server: Player #1 miwa - BE GUID: f5460dc8efe0bdc909d3202a54c5f1a2
 4:42:52 Player miwa connected (id=76561198013813792).
 4:42:53 BattlEye Server: Verified GUID (f5460dc8efe0bdc909d3202a54c5f1a2) of player #1 miwa
 4:42:53 Player miwa disconnected.
 4:42:53 BattlEye Server: Player #1 miwa disconnected
 4:43:01 miwa uses modified data file
 4:43:01 BattlEye Server: Player #1 miwa (153.163.215.183:2304) connected
 4:43:01 Player miwa connecting.
 4:43:04 BattlEye Server: Player #1 miwa - BE GUID: f5460dc8efe0bdc909d3202a54c5f1a2
 4:43:04 Player miwa connected (id=76561198013813792).
 4:43:04 BattlEye Server: Verified GUID (f5460dc8efe0bdc909d3202a54c5f1a2) of player #1 miwa
 4:43:04 Player miwa disconnected.
 4:43:04 BattlEye Server: Player #1 miwa disconnected
 4:43:09 Freezing95 uses modified data file
 4:43:09 BattlEye Server: Player #1 Freezing95 (182.46.1.174:56640) connected
 4:43:09 Player Freezing95 connecting.
 4:43:12 BattlEye Server: Player #1 Freezing95 - BE GUID: 8a22077f216c0f8ec6a26460fd878650
 4:43:14 Player Freezing95 connected (id=76561198103140185).
 4:43:14 BattlEye Server: Verified GUID (8a22077f216c0f8ec6a26460fd878650) of player #1 Freezing95
 4:43:42 Player Loli disconnected.
 4:43:42 BattlEye Server: Player #0 Loli disconnected
 4:57:21 Loli uses modified data file
 4:57:21 BattlEye Server: Player #2 Loli (14.111.60.188:10531) connected
 4:57:21 Player Loli connecting.
 4:57:24 BattlEye Server: Player #2 Loli - BE GUID: f6c2a50ff07caff2f43aa8caae1c092c
 4:57:26 Player Loli connected (id=76561198099480797).
 4:57:26 BattlEye Server: Verified GUID (f6c2a50ff07caff2f43aa8caae1c092c) of player #2 Loli
 4:59:29 miwa uses modified data file
 4:59:29 BattlEye Server: Player #3 miwa (153.163.215.183:2304) connected
 4:59:29 Player miwa connecting.
 4:59:31 BattlEye Server: Player #3 miwa - BE GUID: f5460dc8efe0bdc909d3202a54c5f1a2
 4:59:32 Player miwa connected (id=76561198013813792).
 4:59:32 BattlEye Server: Verified GUID (f5460dc8efe0bdc909d3202a54c5f1a2) of player #3 miwa
 5:05:13 Player Loli disconnected.
 5:05:13 BattlEye Server: Player #2 Loli disconnected
 5:05:21 Loli uses modified data file
 5:05:21 BattlEye Server: Player #4 Loli (14.111.60.188:10531) connected
 5:05:21 Player Loli connecting.
 5:05:23 Player miwa disconnected.
 5:05:23 BattlEye Server: Player #3 miwa disconnected
 5:05:24 BattlEye Server: Player #4 Loli - BE GUID: f6c2a50ff07caff2f43aa8caae1c092c
 5:05:26 Player Loli connected (id=76561198099480797).
 5:05:26 BattlEye Server: Verified GUID (f6c2a50ff07caff2f43aa8caae1c092c) of player #4 Loli
 5:05:36 Player Loli disconnected.
 5:05:36 BattlEye Server: Player #4 Loli disconnected
 5:20:14 falli uses modified data file
 5:20:14 BattlEye Server: Player #2 falli (60.125.37.105:2309) connected
 5:20:14 Player falli connecting.
 5:20:26 Player falli disconnected.
 5:20:26 BattlEye Server: Player #2 falli disconnected
 5:21:10 falli uses modified data file
 5:21:10 BattlEye Server: Player #2 falli (60.125.37.105:2309) connected
 5:21:11 Player falli connecting.
 5:21:13 BattlEye Server: Player #2 falli - BE GUID: 22f38a66949c3061208c84a2332af17e
 5:21:13 Player falli connected (id=76561198047106533).
 5:21:13 BattlEye Server: Verified GUID (22f38a66949c3061208c84a2332af17e) of player #2 falli
 5:21:27 Loli uses modified data file
 5:21:27 BattlEye Server: Player #3 Loli (14.111.60.188:9367) connected
 5:21:27 Player Loli connecting.
 5:21:30 sony uses modified data file
 5:21:30 BattlEye Server: Player #4 sony (113.250.225.44:6374) connected
 5:21:30 Player sony connecting.
 5:21:33 BattlEye Server: Player #4 sony - BE GUID: 9d5a5db648916c8d4b76aeba0d45c17d
 5:21:33 Player sony connected (id=76561198122667131).
 5:21:33 BattlEye Server: Verified GUID (9d5a5db648916c8d4b76aeba0d45c17d) of player #4 sony
 5:21:37 Player Loli disconnected.
 5:21:37 BattlEye Server: Player #3 Loli disconnected
 5:21:57 Loli uses modified data file
 5:21:57 BattlEye Server: Player #5 Loli (14.111.60.188:9367) connected
 5:21:57 Player Loli connecting.
 5:22:00 BattlEye Server: Player #5 Loli - BE GUID: f6c2a50ff07caff2f43aa8caae1c092c
 5:22:49 Player Loli connected (id=76561198099480797).
 5:22:49 BattlEye Server: Verified GUID (f6c2a50ff07caff2f43aa8caae1c092c) of player #5 Loli
 5:35:52 miwa uses modified data file
 5:35:52 BattlEye Server: Player #6 miwa (153.163.215.183:2309) connected
 5:35:52 Player miwa connecting.
 5:35:55 BattlEye Server: Player #6 miwa - BE GUID: f5460dc8efe0bdc909d3202a54c5f1a2
 5:35:55 Player miwa connected (id=76561198013813792).
 5:35:55 BattlEye Server: Verified GUID (f5460dc8efe0bdc909d3202a54c5f1a2) of player #6 miwa
 6:46:24 Player Freezing95 disconnected.
 6:46:24 BattlEye Server: Player #1 Freezing95 disconnected
 6:47:25 Mason uses modified data file
 6:47:25 BattlEye Server: Player #7 Mason (71.81.137.47:2309) connected
 6:47:25 Player Mason connecting.
 6:47:27 BattlEye Server: Player #7 Mason - BE GUID: 955d09b6e1dde9360ceebc2963df084d
 6:47:28 Player Mason connected (id=76561198026943270).
 6:47:28 BattlEye Server: Verified GUID (955d09b6e1dde9360ceebc2963df084d) of player #7 Mason
 6:55:06 High Alert Highlander  uses modified data file
 6:55:06 BattlEye Server: Player #8 High Alert Highlander  (190.171.107.107:62725) connected
 6:55:06 Player High Alert Highlander  connecting.
 6:55:10 BattlEye Server: Player #8 High Alert Highlander  - BE GUID: a01f35e030c4464ff5b5e9c18ddf0195
 6:55:47 Player High Alert Highlander  connected (id=76561198065774594).
 6:55:47 BattlEye Server: Verified GUID (a01f35e030c4464ff5b5e9c18ddf0195) of player #8 High Alert Highlander 
 6:58:22 BattlEye Server: (Side) High Alert Highlander : good morning all and welcome to the server 
 6:58:29 BattlEye Server: (Side) High Alert Highlander : good morning mason 
 6:58:49 BattlEye Server: (Side) High Alert Highlander : all good
 7:02:48 BattlEye Server: (Side) High Alert Highlander : Who would like to team up for acouple missions ?
 7:04:37 BattlEye Server: (Side) High Alert Highlander : r u giuys going to that roadblock 
 7:04:54 BattlEye Server: (Group) Loli: sure
 7:04:54 BattlEye Server: (Side) High Alert Highlander : ?
 7:05:06 BattlEye Server: (Group) High Alert Highlander : ok 
 7:07:28 BattlEye Server: (Group) Loli: cant take off
 7:07:39 BattlEye Server: (Group) High Alert Highlander : ok art reaching in 1min 
 7:07:50 BattlEye Server: (Group) Loli: try on road way
 7:08:00 BattlEye Server: (Group) High Alert Highlander : 30 sec
 7:08:20 BattlEye Server: (Group) High Alert Highlander : 10 sec
 7:08:43 BattlEye Server: (Group) High Alert Highlander : target hit 
 7:08:59 Player sony is losing connection
 7:09:20 DAove uses modified data file
 7:09:20 BattlEye Server: Player #9 DAove (70.134.35.22:2304) connected
 7:09:20 Player DAove connecting.
 7:09:23 BattlEye Server: Player #9 DAove - BE GUID: 09f788301a651505e59ddf54c45f090d
 7:09:23 Player DAove connected (id=76561198188601799).
 7:09:23 BattlEye Server: Verified GUID (09f788301a651505e59ddf54c45f090d) of player #9 DAove
 7:09:24 Player DAove disconnected.
 7:09:24 BattlEye Server: Player #9 DAove disconnected
 7:10:19 Player sony disconnected.
 7:10:19 BattlEye Server: Player #4 sony disconnected
 7:10:36 BattlEye Server: (Group) Loli: watch out the armedheli
 7:11:22 BattlEye Server: (Group) High Alert Highlander : No worries
 7:12:48 sony uses modified data file
 7:12:48 BattlEye Server: Player #9 sony (113.250.227.118:31745) connected
 7:12:48 Player sony connecting.
 7:12:50 BattlEye Server: Player #9 sony - BE GUID: 9d5a5db648916c8d4b76aeba0d45c17d
 7:12:51 Player sony connected (id=76561198122667131).
 7:12:51 BattlEye Server: Verified GUID (9d5a5db648916c8d4b76aeba0d45c17d) of player #9 sony
 7:14:34 BattlEye Server: (Group) Loli: need fire support
 7:17:50 BattlEye Server: (Group) High Alert Highlander : miwa can u rez plsz
 7:20:19 BattlEye Server: (Group) Loli: done
 7:23:44 BattlEye Server: (Group) Loli: armed heli  next?
 7:25:44 BattlEye Server: (Group) High Alert Highlander : next ?
 7:25:59 BattlEye Server: (Group) Loli: armed heli
 7:35:13 BattlEye Server: (Global) High Alert Highlander : guys u r more than welcome to join in discord if you want 
 7:35:21 BattlEye Server: (Global) High Alert Highlander : https://discord.gg/2uPZtN
 7:38:01 BattlEye Server: (Global) High Alert Highlander : really 
 7:38:08 BattlEye Server: (Group) Loli: what happen
 7:38:09 BattlEye Server: (Side) falli: what hapend?
 7:38:21 BattlEye Server: (Global) High Alert Highlander : your heli hit on me 
 7:38:27 BattlEye Server: (Group) Loli: umm
 7:38:34 BattlEye Server: (Group) Loli: sry about that
 7:38:51 BattlEye Server: (Group) Loli: i was in a hurry
 7:39:03 BattlEye Server: (Group) Loli: didnt realiz
 7:39:18 BattlEye Server: (Global) High Alert Highlander : u got to be carefull 
 7:39:34 BattlEye Server: (Group) Loli: u got my word
 7:48:47 BattlEye Server: (Group) High Alert Highlander : did u guys took the money from my body 
 7:49:49 BattlEye Server: (Group) High Alert Highlander : any one 
 7:50:07 BattlEye Server: (Group) Loli: yes?
 7:50:30 BattlEye Server: (Side) falli: I have go to sleep ,good luck
 7:50:30 BattlEye Server: (Group) High Alert Highlander : can yiou return me pls
 7:50:40 Player miwa is losing connection
 7:50:42 Player miwa disconnected.
 7:50:42 BattlEye Server: Player #6 miwa disconnected
 7:51:06 BattlEye Server: (Side) falli: i did
 7:51:22 BattlEye Server: (Group) High Alert Highlander : thks 
 7:52:09 BattlEye Server: (Side) falli: good night
 7:53:29 Player sony disconnected.
 7:53:29 BattlEye Server: Player #9 sony disconnected
 7:53:40 Player Loli disconnected.
 7:53:40 BattlEye Server: Player #5 Loli disconnected
 8:07:00 BattlEye Server: (Group) High Alert Highlander : what u think of the server so far ?
 8:07:39 BattlEye Server: (Group) High Alert Highlander : good if u ever find something pls let me know +}
 8:08:24 Player falli disconnected.
 8:08:24 BattlEye Server: Player #2 falli disconnected
 8:34:26 Rodriguez uses modified data file
 8:34:26 BattlEye Server: Player #9 Rodriguez (189.59.22.175:2304) connected
 8:34:26 Player Rodriguez connecting.
 8:34:28 BattlEye Server: Player #9 Rodriguez - BE GUID: b1aaca1be2863f97498927c878afab82
 8:34:43 Player Rodriguez connected (id=76561198055295921).
 8:34:43 BattlEye Server: Verified GUID (b1aaca1be2863f97498927c878afab82) of player #9 Rodriguez
 8:40:06 Player Rodriguez disconnected.
 8:40:06 BattlEye Server: Player #9 Rodriguez disconnected
 8:55:03 Nomad uses modified data file
 8:55:03 BattlEye Server: Player #9 Nomad (72.2.87.223:2309) connected
 8:55:03 Player Nomad connecting.
 8:55:07 BattlEye Server: Player #9 Nomad - BE GUID: 2c853ec312535bfcf126f363375c7773
 8:55:20 Player Nomad connected (id=76561198173921406).
 8:55:20 BattlEye Server: Verified GUID (2c853ec312535bfcf126f363375c7773) of player #9 Nomad
 8:56:44 Player Nomad disconnected.
 8:56:44 BattlEye Server: Player #9 Nomad disconnected
 8:58:50 Nomad uses modified data file
 8:58:50 BattlEye Server: Player #9 Nomad (72.2.87.223:2309) connected
 8:58:50 Player Nomad connecting.
 8:58:54 BattlEye Server: Player #9 Nomad - BE GUID: 2c853ec312535bfcf126f363375c7773
 8:58:56 Player Nomad connected (id=76561198173921406).
 8:58:56 BattlEye Server: Verified GUID (2c853ec312535bfcf126f363375c7773) of player #9 Nomad
 9:11:29 Personal uses modified data file
 9:11:29 BattlEye Server: Player #10 Personal (182.18.224.184:2304) connected
 9:11:29 Player Personal connecting.
 9:11:31 BattlEye Server: Player #10 Personal - BE GUID: 8266f1244f45bada26e95696de5ccf1c
 9:11:32 Player Personal connected (id=76561198078484415).
 9:11:32 BattlEye Server: Verified GUID (8266f1244f45bada26e95696de5ccf1c) of player #10 Personal
 9:15:37 BattlEye Server: (Side) Personal: can i get a group invite?
 9:15:49 Player Personal disconnected.
 9:15:49 BattlEye Server: Player #10 Personal disconnected
 9:38:29 BattlEye Server: (Side) High Alert Highlander : yw
 9:43:10 BattlEye Server: (Side) High Alert Highlander : u guys need help ?
 9:43:28 BattlEye Server: (Side) Nomad: NOt sure yet lol
 9:52:30 BattlEye Server: (Group) High Alert Highlander : can i get a 250 and and a 510 to take out !!!
 9:58:23 BattlEye Server: (Group) High Alert Highlander : coming }
10:02:29 BattlEye Server: (Group) High Alert Highlander : i can picu up 
10:06:46 BattlEye Server: (Group) High Alert Highlander : there is 5
10:07:46 BattlEye Server: (Group) High Alert Highlander : i rez
10:09:48 Irineu uses modified data file
10:09:48 BattlEye Server: Player #10 Irineu (187.183.12.142:2304) connected
10:09:48 Player Irineu connecting.
10:09:50 BattlEye Server: Player #10 Irineu - BE GUID: 6eb1b949be74c00b308182ca43e3c2be
10:09:50 Player Irineu connected (id=76561198417179440).
10:09:50 BattlEye Server: Verified GUID (6eb1b949be74c00b308182ca43e3c2be) of player #10 Irineu
10:09:53 Player Irineu disconnected.
10:09:53 BattlEye Server: Player #10 Irineu disconnected
10:41:03 BattlEye Server: (Group) Nomad: afk brb
10:41:17 BattlEye Server: (Group) High Alert Highlander : ok'
10:44:33 BattlEye Server: (Group) Nomad: Back
10:49:59 SN C. McCoy [ST3] uses modified data file
10:49:59 BattlEye Server: Player #10 SN C. McCoy [ST3] (172.56.13.212:37653) connected
10:49:59 Player SN C. McCoy [ST3] connecting.
10:50:03 BattlEye Server: (Group) High Alert Highlander : what u guys doing 
10:50:05 BattlEye Server: Player #10 SN C. McCoy [ST3] - BE GUID: 28a0e6a8c7bab57dea78b2ff197851ff
10:50:05 Player SN C. McCoy [ST3] connected (id=76561198396635804).
10:50:05 BattlEye Server: Verified GUID (28a0e6a8c7bab57dea78b2ff197851ff) of player #10 SN C. McCoy [ST3]
10:50:24 BattlEye Server: (Group) High Alert Highlander : do u guys want to helpme here 
10:54:32 BattlEye Server: (Group) High Alert Highlander : ok
10:54:46 Player Nomad disconnected.
10:54:46 BattlEye Server: Player #9 Nomad disconnected
10:55:18 BattlEye Server: (Group) High Alert Highlander : we have enemys in game an indie 
10:55:22 BattlEye Server: (Group) High Alert Highlander : be carefull
10:56:42 BattlEye Server: (Global) High Alert Highlander : welcome to the server mccoy 
10:56:55 BattlEye Server: (Global) SN C. McCoy [ST3]: thanks 
10:57:07 BattlEye Server: (Global) SN C. McCoy [ST3]: never played wasteland 
10:57:14 BattlEye Server: (Global) SN C. McCoy [ST3]: thought I would check it out 
10:57:36 BattlEye Server: (Global) High Alert Highlander : if u have questions or need help pls let me know 
10:57:45 BattlEye Server: (Global) SN C. McCoy [ST3]: k thanks 
11:00:37 BattlEye Server: (Group) High Alert Highlander : YES 
11:00:46 BattlEye Server: (Group) High Alert Highlander : u have to lock them 
11:01:06 BattlEye Server: (Group) High Alert Highlander : if u leave them in the vehicul they get lost 
11:03:38 BattlEye Server: (Group) High Alert Highlander : ok
11:03:55 Player Mason disconnected.
11:03:55 BattlEye Server: Player #7 Mason disconnected
11:28:22 BattlEye Server: (Global) SN C. McCoy [ST3]: where would I find and how do I put gas into a lil bird 
11:28:44 BattlEye Server: (Global) High Alert Highlander : in a gas station 
11:28:59 BattlEye Server: (Global) SN C. McCoy [ST3]: k makes sense 
11:29:02 BattlEye Server: (Global) High Alert Highlander : or u can buy a gas can in the GS 
11:29:18 charefi uses modified data file
11:29:18 BattlEye Server: Player #11 charefi (41.102.143.119:23570) connected
11:29:18 Player charefi connecting.
11:29:21 BattlEye Server: Player #11 charefi - BE GUID: f0d7343840ae041e11ad5b0528fadf96
11:29:21 Player charefi connected (id=76561198408951337).
11:29:21 BattlEye Server: Verified GUID (f0d7343840ae041e11ad5b0528fadf96) of player #11 charefi
11:29:26 BattlEye Server: (Global) SN C. McCoy [ST3]: do I just land on the gas station
11:29:31 BattlEye Server: (Global) High Alert Highlander : YES
11:29:38 BattlEye Server: (Global) SN C. McCoy [ST3]: ty 
11:31:53 BattlEye Server: (Global) High Alert Highlander : We have place tha AI SKILL to advance so becarefull with the AI 
11:33:59 Player charefi disconnected.
11:33:59 BattlEye Server: Player #11 charefi disconnected
11:38:34 sv_spud uses modified data file
11:38:34 BattlEye Server: Player #11 sv_spud (92.26.160.153:2309) connected
11:38:34 Player sv_spud connecting.
11:38:43 BattlEye Server: Player #11 sv_spud - BE GUID: c1db5f348b2247fb63ba34b661dca2ab
11:38:49 Player sv_spud connected (id=76561198271359743).
11:38:50 BattlEye Server: Verified GUID (c1db5f348b2247fb63ba34b661dca2ab) of player #11 sv_spud
11:42:56 BattlEye Server: (Global) High Alert Highlander : U can join us in discord if you like i will be out of the game for a bit 
11:43:11 BattlEye Server: (Global) High Alert Highlander : but i will the in discord 
11:45:28 BattlEye Server: (Side) SN C. McCoy [ST3]: where you at spud
11:45:37 BattlEye Server: (Side) sv_spud: in the sky
11:45:39 Player High Alert Highlander  disconnected.
11:45:39 BattlEye Server: Player #8 High Alert Highlander  disconnected
11:45:39 BattlEye Server: (Side) sv_spud: jk
11:45:45 BattlEye Server: (Side) sv_spud: i think oreokastro
11:46:04 BattlEye Server: (Side) SN C. McCoy [ST3]: it shows you on the map 
11:46:25 BattlEye Server: (Side) SN C. McCoy [ST3]: we need gps to see each other 
11:46:55 BattlEye Server: (Side) sv_spud: we have gpses
11:47:00 BattlEye Server: (Side) sv_spud: well
11:47:01 BattlEye Server: (Side) sv_spud: i have a gps
11:47:21 BattlEye Server: (Side) SN C. McCoy [ST3]: you dont spawn with one 
11:47:26 BattlEye Server: (Side) sv_spud: i did
11:47:27 BattlEye Server: (Side) SN C. McCoy [ST3]: have to buy them 
11:48:05 BattlEye Server: (Side) sv_spud: now i'm in panagia
11:48:07 BattlEye Server: (Side) SN C. McCoy [ST3]: k then where am I on the map 
11:48:18 BattlEye Server: (Side) SN C. McCoy [ST3]: if you have a gps should be able to see me 
11:49:05 BattlEye Server: (Side) sv_spud: i don't see you
11:49:35 BattlEye Server: (Side) SN C. McCoy [ST3]: according to the rules you dont spawn with a gps have to buy or loot one 
11:49:45 BattlEye Server: (Side) sv_spud: well i have spawned with one
11:49:58 BattlEye Server: (Side) SN C. McCoy [ST3]: they can be bought at a gun store 
11:50:42 BattlEye Server: (Side) SN C. McCoy [ST3]: not sure how to group up 
11:51:11 BattlEye Server: (Side) SN C. McCoy [ST3]: scroll wheel player menu 
11:51:35 BattlEye Server: (Side) sv_spud: i see now
11:51:40 BattlEye Server: (Side) SN C. McCoy [ST3]: sweet 
11:51:40 BattlEye Server: (Side) sv_spud: you're at kore
11:52:02 BattlEye Server: (Side) SN C. McCoy [ST3]: ye