15:01:36 BattlEye Server: Initialized (v1.217)
15:01:36 Host identity created.
15:01:36 Game Port: 2307, Steam Query Port: 2308
15:01:36 Mission A3Wasteland Altis v1.4c read from bank.
15:01:37 Roles assigned.
15:01:37 Reading mission ...
15:02:09 Mission read.
15:02:10 Game started.
15:08:01 Mason uses modified data file
15:08:01 BattlEye Server: Player #0 Mason (71.81.137.47:2309) connected
15:08:01 Player Mason connecting.
15:08:01 BattlEye Server: Connected to BE Master
15:08:03 BattlEye Server: Player #0 Mason - BE GUID: 955d09b6e1dde9360ceebc2963df084d
15:08:03 Player Mason connected (id=76561198026943270).
15:08:03 BattlEye Server: Verified GUID (955d09b6e1dde9360ceebc2963df084d) of player #0 Mason
15:31:27 ANATOLI CHEJOV uses modified data file
15:31:27 BattlEye Server: Player #1 ANATOLI CHEJOV (190.171.107.50:62725) connected
15:31:27 Player ANATOLI CHEJOV connecting.
15:31:31 BattlEye Server: Player #1 ANATOLI CHEJOV - BE GUID: a01f35e030c4464ff5b5e9c18ddf0195
15:31:32 Player ANATOLI CHEJOV connected (id=76561198065774594).
15:31:32 BattlEye Server: Verified GUID (a01f35e030c4464ff5b5e9c18ddf0195) of player #1 ANATOLI CHEJOV
15:42:46 BattlEye Server: (Group) ANATOLI CHEJOV: yes
15:43:03 BattlEye Server: (Group) ANATOLI CHEJOV: yes
15:43:39 BattlEye Server: (Group) ANATOLI CHEJOV: just put onur parking loot 
15:43:56 BattlEye Server: (Group) ANATOLI CHEJOV: yesd
15:45:08 BattlEye Server: (Group) ANATOLI CHEJOV: yes
16:56:58 BattlEye Server: (Group) ANATOLI CHEJOV: yes
16:57:17 BattlEye Server: (Group) ANATOLI CHEJOV: nice
16:57:26 BattlEye Server: (Group) ANATOLI CHEJOV: yea
16:58:09 BattlEye Server: (Group) ANATOLI CHEJOV: ididthknow
17:05:13 BattlEye Server: (Group) ANATOLI CHEJOV: nope
17:05:27 BattlEye Server: (Group) ANATOLI CHEJOV: thks
17:12:43 BattlEye Server: (Group) ANATOLI CHEJOV: yes
17:13:00 BattlEye Server: (Group) ANATOLI CHEJOV: yes
17:14:04 BattlEye Server: (Group) ANATOLI CHEJOV: imtrying todosomething
17:14:17 BattlEye Server: (Group) ANATOLI CHEJOV: that if i doit would be awsome
17:18:00 BattlEye Server: (Group) ANATOLI CHEJOV: dude u got tocomeand see this
17:21:37 BattlEye Server: (Group) ANATOLI CHEJOV: y
17:22:23 BattlEye Server: (Group) ANATOLI CHEJOV: i dont know dude that is something from the pob file 
17:26:36 BattlEye Server: (Group) ANATOLI CHEJOV: no worries i will showyou later in day light 
17:27:57 BattlEye Server: (Group) ANATOLI CHEJOV: imgoing tomakecoffee and i willget back in 
17:31:10 Player ANATOLI CHEJOV disconnected.
17:31:10 BattlEye Server: Player #1 ANATOLI CHEJOV disconnected
17:52:34 Player Mason disconnected.
17:52:34 BattlEye Server: Player #0 Mason disconnected
18:26:57 jaysmartone uses modified data file
18:26:57 BattlEye Server: Player #0 jaysmartone (58.174.125.162:2304) connected
18:26:57 Player jaysmartone connecting.
18:26:59 BattlEye Server: Player #0 jaysmartone - BE GUID: d676f64d3131bbe410ab85a74e37c626
18:27:00 Player jaysmartone connected (id=76561198293561368).
18:27:00 BattlEye Server: Verified GUID (d676f64d3131bbe410ab85a74e37c626) of player #0 jaysmartone
18:31:39 Mason uses modified data file
18:31:39 BattlEye Server: Player #1 Mason (71.81.137.47:2309) connected
18:31:39 Player Mason connecting.
18:31:41 BattlEye Server: Player #1 Mason - BE GUID: 955d09b6e1dde9360ceebc2963df084d
18:31:41 Player Mason connected (id=76561198026943270).
18:31:41 BattlEye Server: Verified GUID (955d09b6e1dde9360ceebc2963df084d) of player #1 Mason
18:31:59 Player jaysmartone disconnected.
18:31:59 BattlEye Server: Player #0 jaysmartone disconnected
20:25:59 ANATOLI CHEJOV uses modified data file
20:25:59 BattlEye Server: Player #2 ANATOLI CHEJOV (190.171.107.50:62725) connected
20:25:59 Player ANATOLI CHEJOV connecting.
20:26:04 BattlEye Server: Player #2 ANATOLI CHEJOV - BE GUID: a01f35e030c4464ff5b5e9c18ddf0195
20:26:04 Player ANATOLI CHEJOV connected (id=76561198065774594).
20:26:04 BattlEye Server: Verified GUID (a01f35e030c4464ff5b5e9c18ddf0195) of player #2 ANATOLI CHEJOV
20:26:40 BattlEye Server: (Global) Mason: hey
20:29:08 BattlEye Server: (Group) AN