15:01:28 BattlEye Server: Initialized (v1.217)
15:01:28 Host identity created.
15:01:28 Game Port: 2307, Steam Query Port: 2308
15:01:28 Mission A3Wasteland Altis v1.4c read from bank.
15:01:29 Roles assigned.
15:01:29 Reading mission ...
15:02:00 Mission read.
15:02:00 Game started.
15:03:01 Rou Kowalski uses modified data file
15:03:01 BattlEye Server: Player #0 Rou Kowalski (73.147.1.91:2309) connected
15:03:01 Player Rou Kowalski connecting.
15:03:02 BattlEye Server: Connected to BE Master
15:03:03 BattlEye Server: Player #0 Rou Kowalski - BE GUID: 58cae163ea9d3a0ff8adde240b436737
15:03:04 Player Rou Kowalski connected (id=76561198034110598).
15:03:04 BattlEye Server: Verified GUID (58cae163ea9d3a0ff8adde240b436737) of player #0 Rou Kowalski
15:20:20 ANATOLI CHEJOV uses modified data file
15:20:20 BattlEye Server: Player #1 ANATOLI CHEJOV (190.171.107.94:62725) connected
15:20:20 Player ANATOLI CHEJOV connecting.
15:20:26 BattlEye Server: Player #1 ANATOLI CHEJOV - BE GUID: a01f35e030c4464ff5b5e9c18ddf0195
15:20:26 Player ANATOLI CHEJOV connected (id=76561198065774594).
15:20:26 BattlEye Server: Verified GUID (a01f35e030c4464ff5b5e9c18ddf0195) of player #1 ANATOLI CHEJOV
15:22:57 DJJ uses modified data file
15:22:57 BattlEye Server: Player #2 DJJ (24.246.166.249:8195) connected
15:22:57 Player DJJ connecting.
15:22:59 BattlEye Server: Player #2 DJJ - BE GUID: d4f2ff524e729d033921c4674279bea4
15:23:00 Player DJJ connected (id=76561198214020164).
15:23:00 BattlEye Server: Verified GUID (d4f2ff524e729d033921c4674279bea4) of player #2 DJJ
15:25:44 BattlEye Server: (Side) DJJ: group invite please
16:25:20 Tim uses modified data file
16:25:20 BattlEye Server: Player #3 Tim (125.27.186.77:2309) connected
16:25:20 Player Tim connecting.
16:25:23 BattlEye Server: Player #3 Tim - BE GUID: 3b3d9608442bc18606d6f6a8c7b6d10c
16:25:24 Player Tim connected (id=76561198151672346).
16:25:24 BattlEye Server: Verified GUID (3b3d9608442bc18606d6f6a8c7b6d10c) of player #3 Tim
16:25:42 Player Tim disconnected.
16:25:42 BattlEye Server: Player #3 Tim disconnected
16:49:54 Hemlock Kowalski uses modified data file
16:49:54 BattlEye Server: Player #3 Hemlock Kowalski (73.147.1.91:2304) connected
16:49:54 Player Hemlock Kowalski connecting.
16:49:56 BattlEye Server: Player #3 Hemlock Kowalski - BE GUID: 0e50d5bc222746efa845806a2af0fed1
16:49:59 Player Hemlock Kowalski connected (id=76561198201473535).
16:49:59 BattlEye Server: Verified GUID (0e50d5bc222746efa845806a2af0fed1) of player #3 Hemlock Kowalski
17:33:08 RCT.MASSEY.T uses modified data file
17:33:08 BattlEye Server: Player #4 RCT.MASSEY.T (173.188.151.26:2309) connected
17:33:08 Player RCT.MASSEY.T connecting.
17:33:10 BattlEye Server: Player #4 RCT.MASSEY.T - BE GUID: c32ead9d50d7c8b043291951e92544ad
17:33:10 Player RCT.MASSEY.T connected (id=76561198036148836).
17:33:10 BattlEye Server: Verified GUID (c32ead9d50d7c8b043291951e92544ad) of player #4 RCT.MASSEY.T
17:41:43 tjhbp uses modified data file
17:41:43 BattlEye Server: Player #5 tjhbp (162.231.121.90:2304) connected
17:41:43 Player tjhbp connecting.
17:41:48 Player tjhbp disconnected.
17:41:48 BattlEye Server: Player #5 tjhbp disconnected
17:41:49 tjhbp uses modified data file
17:41:49 BattlEye Server: Player #5 tjhbp (162.231.121.90:2304) connected
17:41:49 Player tjhbp connecting.
17:41:51 BattlEye Server: Player #5 tjhbp - BE GUID: ae01d53d7207c10911312480bf70437d
17:41:51 Player tjhbp connected (id=76561198406574008).
17:41:51 BattlEye Server: Verified GUID (ae01d53d7207c10911312480bf70437d) of player #5 tjhbp
17:45:04 Player tjhbp disconnected.
17:45:04 BattlEye Server: Player #5 tjhbp disconnected
18:10:06 Joey uses modified data file
18:10:06 BattlEye Server: Player #5 Joey (72.46.149.64:2304) connected
18:10:06 Player Joey connecting.
18:10:09 BattlEye Server: Player #5 Joey - BE GUID: 4a229150a8b72a287ebf113b7e640ee6
18:10:09 Player Joey connected (id=76561198137328966).
18:10:09 BattlEye Server: Verified GUID (4a229150a8b72a287ebf113b7e640ee6) of player #5 Joey
18:18:34 Player Joey disconnected.
18:18:34 BattlEye Se