15:01:38 BattlEye Server: Initialized (v1.217)
15:01:38 Host identity created.
15:01:39 Game Port: 2307, Steam Query Port: 2308
15:01:39 Mission A3Wasteland Altis v1.4c read from bank.
15:01:40 Roles assigned.
15:01:40 Reading mission ...
15:02:12 Mission read.
15:02:12 Game started.
15:04:14 Mason uses modified data file
15:04:14 BattlEye Server: Player #0 Mason (71.81.137.47:2309) connected
15:04:14 Player Mason connecting.
15:04:14 BattlEye Server: Connected to BE Master
15:04:16 BattlEye Server: Player #0 Mason - BE GUID: 955d09b6e1dde9360ceebc2963df084d
15:04:16 Player Mason connected (id=76561198026943270).
15:04:16 BattlEye Server: Verified GUID (955d09b6e1dde9360ceebc2963df084d) of player #0 Mason
15:05:35 Trans-fights uses modified data file
15:05:35 BattlEye Server: Player #1 Trans-fights (72.79.210.164:2309) connected
15:05:35 Player Trans-fights connecting.
15:05:37 BattlEye Server: Player #1 Trans-fights - BE GUID: 5963ef09c03283890a08815e3b3b11f6
15:05:38 Player Trans-fights connected (id=76561198275319572).
15:05:38 BattlEye Server: Verified GUID (5963ef09c03283890a08815e3b3b11f6) of player #1 Trans-fights
15:06:51 High Alert Highlander  uses modified data file
15:06:51 BattlEye Server: Player #2 High Alert Highlander  (190.171.107.63:62725) connected
15:06:51 Player High Alert Highlander  connecting.
15:06:53 BattlEye Server: Player #2 High Alert Highlander  - BE GUID: a01f35e030c4464ff5b5e9c18ddf0195
15:08:22 Player High Alert Highlander  disconnected.
15:08:22 BattlEye Server: Player #2 High Alert Highlander  disconnected
15:08:29 High Alert Highlander  uses modified data file
15:08:29 BattlEye Server: Player #2 High Alert Highlander  (190.171.107.63:62725) connected
15:08:29 Player High Alert Highlander  connecting.
15:08:32 BattlEye Server: Player #2 High Alert Highlander  - BE GUID: a01f35e030c4464ff5b5e9c18ddf0195
15:08:51 Player High Alert Highlander  connected (id=76561198065774594).
15:08:51 BattlEye Server: Verified GUID (a01f35e030c4464ff5b5e9c18ddf0195) of player #2 High Alert Highlander 
15:10:03 BattlEye Server: (Global) Trans-fights: hey guys, can I join group?
15:10:13 BattlEye Server: (Group) High Alert Highlander : what ?
15:10:24 BattlEye Server: (Global) High Alert Highlander : sure
15:10:29 BattlEye Server: (Global) Trans-fights: inv me plz
15:10:54 BattlEye Server: (Global) Trans-fights: where u guys at
15:10:59 BattlEye Server: (Global) High Alert Highlander : didyou but that 
15:11:20 BattlEye Server: (Global) High Alert Highlander : -THAT WAS WHY 
15:11:28 BattlEye Server: (Global) High Alert Highlander : sorry caps 
15:11:39 BattlEye Server: (Global) High Alert Highlander : yes
15:11:46 BattlEye Server: (Global) High Alert Highlander : nope
15:11:52 BattlEye Server: (Global) High Alert Highlander : yea
15:11:58 BattlEye Server: (Global) Trans-fights: what city u in
15:12:34 BattlEye Server: (Global) High Alert Highlander : road block
15:18:23 Admin logged in, player: High Alert Highlander , playerUID: 76561198065774594, IP: 192.168.0.10:2309.
15:21:00 BattlEye Server: (Group) High Alert Highlander : no
15:21:06 BattlEye Server: (Group) Trans-fights: no what?
15:21:34 BattlEye Server: (Group) High Alert Highlander : not toyou 
15:21:42 BattlEye Server: (Group) High Alert Highlander : im talking to mason
15:22:11 BattlEye Server: (Group) Trans-fights: where r they???
15:23:52 BattlEye Server: (Group) High Alert Highlander : yes
15:24:13 BattlEye Server: (Group) High Alert Highlander : im  goin in 
15:24:41 BattlEye Server: (Group) High Alert Highlander : i have one  duid already 
15:26:27 BattlEye Server: (Group) High Alert Highlander : can u get me
15:28:10 BattlEye Server: (Group) Trans-fights: can u get him
15:28:50 BattlEye Server: (Group) High Alert Highlander : do what 
15:28:57 BattlEye Server: (Group) Trans-fights: nvm
15:29:22 BattlEye Server: (Group) High Alert Highlander : noidea
15:32:47 BattlEye Server: (Group) High Alert Highlander : military patrol 
15:32:53 BattlEye Server: (Group) High Alert Highlander : ok
15:33:03 BattlEye Server: (Group) High Alert Highlander : roger
15:33:14 BattlEye Server: (Group) High Alert Highlander : ok
15:36:35 BattlEye Server: (Group) Trans-fights: ........
15:43:56 BattlEye Server: (Group) High Alert Highlander : no
15:45:04 BattlEye Server: (Group) High Alert Highlander : where is the crates and themoney here
15:45:12 BattlEye Server: (Group) Trans-fights: I TOOK THEM
15:45:30 BattlEye Server: (Group) Trans-fights: come take the crates
15:45:41 BattlEye Server: (Group) High Alert Highlander : ok so make the transfer  for equals vales 
15:45:51 BattlEye Server: (Group) Trans-fights: wheres mason
15:46:09 BattlEye Server: (Group) High Alert Highlander : he is coming 
15:46:16 BattlEye Server: (Group) Trans-fights: he didnt help rite
15:46:43 BattlEye Server: (Group) High Alert Highlander : still u r  in a team
15:47:01 BattlEye Server: (Group) Trans-fights: did u transfer me some from the roadblock
15:47:20 BattlEye Server: (Group) High Alert Highlander : not yet 
15:47:35 BattlEye Server: (Group) High Alert Highlander : need to sellthat 
15:47:42 BattlEye Server: (Group) High Alert Highlander : ok lets do this 
15:47:53 BattlEye Server: (Group) High Alert Highlander : u goyour way  we go r way 
15:48:02 BattlEye Server: (Group) High Alert Highlander : keep allthat no worries
15:48:19 BattlEye Server: (Group) Trans-fights: wait why?
15:49:27 BattlEye Server: (Group) High Alert Highlander : ok we r just u and me
15:49:34 BattlEye Server: (Global) Trans-fights: whyyyy?
15:49:56 BattlEye Server: (Group) High Alert Highlander : town invation
15:50:58 BattlEye Server: (Group) High Alert Highlander : no
15:53:33 BattlEye Server: (Group) High Alert Highlander : dont see shit 
15:53:39 BattlEye Server: (Group) High Alert Highlander : lol
15:54:32 BattlEye Server: (Group) High Alert Highlander : altis patrol
15:55:00 BattlEye Server: (Group) High Alert Highlander : roger
15:55:19 BattlEye Server: (Group) High Alert Highlander : ill do that mission then i will go to luch 
15:55:24 BattlEye Server: (Group) High Alert Highlander : lunch
15:55:57 BattlEye Server: (Group) High Alert Highlander : damniot 
15:56:06 BattlEye Server: (Group) High Alert Highlander : armed heli
15:56:49 BattlEye Server: (Group) High Alert Highlander : leave me where i put the mark 
15:56:51 BattlEye Server: (Group) High Alert Highlander : pls
15:57:10 BattlEye Server: (Group) High Alert Highlander : forthemission
15:57:52 BattlEye Server: (Group) High Alert Highlander : ijust saw what typeofplayer is he 
15:57:58 BattlEye Server: (Group) High Alert Highlander : the same asbandit 
15:58:45 BattlEye Server: (Group) High Alert Highlander : i send a sarg a message of what bandit is doing
15:58:57 BattlEye Server: (Vehicle) High Alert Highlander : and about the shit he is taliking about me
15:59:18 BattlEye Server: (Vehicle) High Alert Highlander : i want that guy go from the discord admins and fromhere
16:01:57 BattlEye Server: (Group) High Alert Highlander : goback 
16:02:23 BattlEye Server: (Group) High Alert Highlander : just go back 
16:02:27 BattlEye Server: (Group) High Alert Highlander : strait line 
16:02:41 BattlEye Server: (Group) High Alert Highlander : there
16:03:11 BattlEye Server: (Group) High Alert Highlander : yea
16:03:29 BattlEye Server: (Group) High Alert Highlander : hey that left over giveu 150000
16:04:17 BattlEye Server: (Group) High Alert Highlander : what 
16:04:27 BattlEye Server: (Group) High Alert Highlander : no
16:04:43 BattlEye Server: (Group) High Alert Highlander : this truckit cost 300000
16:04:52 BattlEye Server: (Group) High Alert Highlander : usel,lthat for 150000
16:05:32 BattlEye Server: (Group) High Alert Highlander : lol
16:08:30 BattlEye Server: (Group) High Alert Highlander : no
16:10:42 BattlEye Server: (Group) High Alert Highlander : yes
16:10:50 BattlEye Server: (Group) High Alert Highlander : yes
16:12:35 BattlEye Server: (Group) High Alert Highlander : opps
16:12:57 BattlEye Server: (Group) High Alert Highlander : hitt a tree
16:13:14 BattlEye Server: (Group) High Alert Highlander : the heli
16:13:58 BattlEye Server: (Group) High Alert Highlander : ill be back in 30minutes to 1hour 
16:16:10 Player High Alert Highlander  disconnected.
16:16:10 BattlEye Server: Player #2 High Alert Highlander  disconnected
16:16:10 Admin logged out, player: High Alert Highlander , playerUID: 76561198065774594, IP: 192.168.0.10:2309.
16:16:19 BattlEye Server: (Global) Trans-fights: mason
16:16:24 BattlEye Server: (Global) Trans-fights: why u leave
16:16:42 BattlEye Server: (Global) Mason: yo whats up
16:16:47 BattlEye Server: (Global) Trans-fights: why u guys leave group
16:17:00 BattlEye Server: (Global) Mason: dinner break
16:18:44 BattlEye Server: (Global) Trans-fights: Can we build bases on this server?
16:19:46 BattlEye Server: (Global) Trans-fights: are there bases on this map?
16:19:54 BattlEye Server: (Global) Trans-fights: like can we make them
16:20:19 BattlEye Server: (Global) Mason: i'm sory what do you mean? i only caught part of that, 
16:20:28 BattlEye Server: (Global) Trans-fights: Can we build bases on this server?
16:20:41 BattlEye Server: (Global) Mason: oh yeah u can
16:20:53 BattlEye Server: (Global) Trans-fights: permanent>?
16:21:21 BattlEye Server: (Global) Mason: yes
16:22:07 BattlEye Server: (Global) Trans-fights: buy the parts at general store?
16:22:28 BattlEye Server: (Global) Mason: correct
16:22:32 BattlEye Server: (Global) Trans-fights: ty
16:22:47 BattlEye Server: (Global) Mason: i'm off to eat, catcha later
16:22:52 BattlEye Server: (Global) Trans-fights: see ya
16:22:53 BattlEye Server: (Global) Mason: no prob.
16:23:27 Player Mason disconnected.
16:23:27 BattlEye Server: Player #0 Mason disconnected
17:02:58 Mason uses modified data file
17:02:58 BattlEye Server: Player #2 Mason (71.81.137.47:2309) connected
17:02:58 Player Mason connecting.
17:03:00 BattlEye Server: Player #2 Mason - BE GUID: 955d09b6e1dde9360ceebc2963df084d
17:03:01 Player Mason connected (id=76561198026943270).
17:03:01 BattlEye Server: Verified GUID (955d09b6e1dde9360ceebc2963df084d) of player #2 Mason
17:20:04 High Alert Highlander  uses modified data file
17:20:04 BattlEye Server: Player #3 High Alert Highlander  (190.171.107.63:62725) connected
17:20:04 Player High Alert Highlander  connecting.
17:20:08 BattlEye Server: Player #3 High Alert Highlander  - BE GUID: a01f35e030c4464ff5b5e9c18ddf0195
17:20:11 Player High Alert Highlander  connected (id=76561198065774594).
17:20:11 BattlEye Server: Verified GUID (a01f35e030c4464ff5b5e9c18ddf0195) of player #3 High Alert Highlander 
17:23:23 Admin logged in, player: High Alert Highlander , playerUID: 76561198065774594, IP: 192.168.0.10:2309.
17:25:36 BattlEye Server: (Global) Trans-fights: mason
17:25:53 BattlEye Server: (Global) Mason: yes
17:25:57 BattlEye Server: (Global) Trans-fights: invite meh
17:26:25 BattlEye Server: (Global) Mason: not in a group atm
17:26:44 BattlEye Server: (Global) Trans-fights: then why cant I invite u lol
17:26:52 BattlEye Server: (Global) Mason: getting rady, hang on
17:28:36 BattlEye Server: (Group) High Alert Highlander : yes
17:29:03 BattlEye Server: (Group) High Alert Highlander : im ding altis
17:32:11 BattlEye Server: (Global) Trans-fights: can u guys invite me please
17:32:23 BattlEye Server: (Group) High Alert Highlander : inv him
17:34:42 BattlEye Server: (Global) Trans-fights: what mission u guys at
17:35:03 BattlEye Server: (Group) Mason: i'm not at one currently
17:35:17 BattlEye Server: (Group) High Alert Highlander : i just finisg altis
17:35:21 BattlEye Server: (Group) Mason: /
17:35:28 BattlEye Server: (Group) Trans-fights: damn lol they wrecked me there
17:35:56 BattlEye Server: (Group) Mason: lost sound again, have to relog, brb
17:36:12 Player Mason disconnected.
17:36:12 BattlEye Server: Player #2 Mason disconnected
17:37:01 BattlEye Server: (Group) High Alert Highlander : yes
17:37:06 BattlEye Server: (Group) High Alert Highlander : 345
17:37:12 Mason uses modified data file
17:37:12 BattlEye Server: Player #4 Mason (71.81.137.47:2309) connected
17:37:12 Player Mason connecting.
17:37:14 BattlEye Server: Player #4 Mason - BE GUID: 955d09b6e1dde9360ceebc2963df084d
17:37:15 Player Mason connected (id=76561198026943270).
17:37:15 BattlEye Server: Verified GUID (955d09b6e1dde9360ceebc2963df084d) of player #4 Mason
17:40:26 BattlEye Server: (Group) Trans-fights: WHAT IS SPG9
17:40:52 BattlEye Server: (Group) High Alert Highlander : no idea
17:42:59 BattlEye Server: (Group) Trans-fights: FUCK
17:45:10 BattlEye Server: (Group) High Alert Highlander : salt flts
17:45:47 BattlEye Server: (Side) Mason: which one were you working
17:45:57 BattlEye Server: (Side) Trans-fights: MIL
17:46:09 BattlEye Server: (Side) Mason: rgr
17:46:52 BattlEye Server: (Side) Trans-fights: WTF MAN
17:48:17 BattlEye Server: (Group) High Alert Highlander : see u there
17:49:38 BattlEye Server: (Group) Trans-fights: WHERE U AT
17:50:08 BattlEye Server: (Group) Trans-fights: THEY ARE SHOOTING  THRU WALLS
17:50:42 BattlEye Server: (Group) High Alert Highlander : depends onthe weaponthey have they can 
17:50:54 BattlEye Server: (Group) Trans-fights: HIGH ALERT. Can you provide air support?
17:51:04 BattlEye Server: (Group) High Alert Highlander : 408.338,50 can gotrou walls
17:51:11 BattlEye Server: (Group) High Alert Highlander : yesi can
17:51:16 BattlEye Server: (Group) Trans-fights: rgr
17:51:43 BattlEye Server: (Group) Trans-fights: im at airfeild
17:51:54 BattlEye Server: (Group) Trans-fights: 144163
17:53:06 BattlEye Server: (Group) Trans-fights: BS
17:53:49 BattlEye Server: (Group) Trans-fights: eta highlander?
17:54:49 BattlEye Server: (Group) High Alert Highlander : going to give him air support then be there
17:57:40 BattlEye Server: (Group) Trans-fights: hit main mark
18:01:45 BattlEye Server: (Group) High Alert Highlander : my best friend is coming tojoin us 
18:01:52 BattlEye Server: (Group) High Alert Highlander : u will like himmason 
18:01:54 BattlEye Server: (Group) Trans-fights: sweet
18:05:41 Rou Kowalski uses modified data file
18:05:41 BattlEye Server: Player #5 Rou Kowalski (73.147.1.91:2309) connected
18:05:41 Player Rou Kowalski connecting.
18:05:43 BattlEye Server: Player #5 Rou Kowalski - BE GUID: 58cae163ea9d3a0ff8adde240b436737
18:06:05 Player Rou Kowalski connected (id=76561198034110598).
18:06:05 BattlEye Server: Verified GUID (58cae163ea9d3a0ff8adde240b436737) of player #5 Rou Kowalski
18:06:36 BattlEye Server: (Group) High Alert Highlander : going doewn
18:06:41 BattlEye Server: (Group) High Alert Highlander : need repirs
18:07:44 BattlEye Server: (Group) High Alert Highlander : ok im  out 
18:07:51 BattlEye Server: (Group) High Alert Highlander : need resuply
18:08:10 BattlEye Server: (Group) High Alert Highlander : plsinv rou mason
18:08:48 BattlEye Server: (Group) Mason: its not me, i dont have them
18:09:19 BattlEye Server: (Global) High Alert Highlander : leave group
18:09:32 BattlEye Server: (Global) High Alert Highlander : rou acceptin 
18:09:59 BattlEye Server: (Global) Trans-fights: inv me
18:10:02 BattlEye Server: (Global) High Alert Highlander : mason leave the group
18:18:35 BattlEye Server: (Global) High Alert Highlander : WHERE MASON
18:19:11 BattlEye Server: (Group) High Alert Highlander : mason where doisee u 
18:19:49 BattlEye Server: (Group) High Alert Highlander : pls write im withmusic 
18:20:31 BattlEye Server: (Group) High Alert Highlander : coming
18:23:41 BattlEye Server: (Group) High Alert Highlander : what 
18:23:45 BattlEye Server: (Group) Trans-fights: try not to kill tank 
18:23:53 BattlEye Server: (Group) High Alert Highlander : mason
18:24:05 BattlEye Server: (Group) High Alert Highlander : what u said 
18:24:14 BattlEye Server: (Group) High Alert Highlander : no relax
18:24:26 BattlEye Server: (Group) High Alert Highlander : see you in the VS  there
18:29:38 BattlEye Server: (Group) High Alert Highlander : what r we doing 
18:31:25 BattlEye Server: (Group) High Alert Highlander : where
18:31:53 BattlEye Server: (Group) High Alert Highlander : large money _
18:32:54 BattlEye Server: (Group) High Alert Highlander : mason Rou is still learning the game
18:33:01 BattlEye Server: (Group) High Alert Highlander : just letting u know
18:35:58 BattlEye Server: (Group) High Alert Highlander : yes
18:39:05 BattlEye Server: (Group) High Alert Highlander : go
18:39:17 BattlEye Server: (Group) High Alert Highlander : whois that 
18:39:48 BattlEye Server: (Group) High Alert Highlander : guys come
18:39:52 BattlEye Server: (Group) Mason: sleepyrockstar
18:39:55 BattlEye Server: (Group) High Alert Highlander : is on the run 
18:41:07 BattlEye Server: (Group) High Alert Highlander : needu to use thoise guns 
18:42:33 BattlEye Server: (Group) High Alert Highlander : mason ur side
18:43:51 BattlEye Server: (Group) High Alert Highlander : front 800metters
18:44:00 BattlEye Server: (Group) Mason: steady
18:44:06 BattlEye Server: (Group) High Alert Highlander : road
18:44:55 BattlEye Server: (Group) Mason: steady
18:45:56 BattlEye Server: (Group) Mason: empty
18:46:24 BattlEye Server: (Group) High Alert Highlander : gg
18:47:12 RockstarGaming uses modified data file
18:47:12 BattlEye Server: Player #6 RockstarGaming (107.204.216.18:2304) connected
18:47:12 Player RockstarGaming connecting.
18:47:14 BattlEye Server: Player #6 RockstarGaming - BE GUID: 23fe7edb77e6acee989bf1757f516554
18:47:15 Player RockstarGaming connected (id=76561198250040454).
18:47:15 BattlEye Server: Verified GUID (23fe7edb77e6acee989bf1757f516554) of player #6 RockstarGaming
18:48:04 BattlEye Server: (Group) High Alert Highlander : rouhere
18:49:38 BattlEye Server: (Global) RockstarGaming: H
18:49:43 BattlEye Server: (Global) RockstarGaming: Hey guys
18:52:06 BattlEye Server: (Group) Mason: yep too heavy
18:52:36 BattlEye Server: (Group) High Alert Highlander : u guys want toleave that there
18:52:58 BattlEye Server: (Group) Mason: rou u want it?
18:52:59 BattlEye Server: (Group) High Alert Highlander : heis akid 
18:53:03 BattlEye Server: (Group) High Alert Highlander : allgood
18:53:24 BattlEye Server: (Group) Mason: i'll take of noone wants
18:53:40 BattlEye Server: (Group) Mason: rou?
18:55:24 BattlEye Server: (Group) High Alert Highlander : where tomason 
18:55:57 BattlEye Server: (Group) Mason: armed heli?
18:56:04 BattlEye Server: (Group) High Alert Highlander : u need to check ur settings 
18:56:25 BattlEye Server: (Group) Mason: y?
18:56:31 BattlEye Server: (Group) High Alert Highlander : no rou 
18:56:57 BattlEye Server: (Group) High Alert Highlander : i followumason
18:57:01 BattlEye Server: (Group) RockstarGaming: Hi guys
18:57:16 BattlEye Server: (Group) High Alert Highlander : hirock
18:57:26 BattlEye Server: (Group) Mason: hey
18:58:01 BattlEye Server: (Group) Mason: i'll meet you at armed heli
18:58:06 BattlEye Server: (Group) High Alert Highlander : ok
18:58:20 BattlEye Server: (Group) RockstarGaming: why is nobody voice chatting'
18:58:38 BattlEye Server: (Group) RockstarGaming: i cant hear you guys in the discord
18:59:54 BattlEye Server: (Group) Mason: high....can a ch47 sling a m113?
18:59:56 BattlEye Server: (Group) High Alert Highlander : your lay out 
19:01:36 BattlEye Server: (Vehicle) Rou Kowalski: hello
19:01:52 BattlEye Server: (Vehicle) High Alert Highlander : sssssssssssssssssssssssssssssssssssssssssss
19:03:22 BattlEye Server: (Group) Trans-fights: YE
19:05:47 BattlEye Server: (Group) High Alert Highlander : guys we r doingdiferentmissionsso  is better diferent channels to dont get confuse 
19:07:06 Player Rou Kowalski disconnected.
19:07:06 BattlEye Server: Player #5 Rou Kowalski disconnected
19:07:42 Rou Kowalski uses modified data file
19:07:42 BattlEye Server: Player #7 Rou Kowalski (73.147.1.91:2309) connected
19:07:42 Player Rou Kowalski connecting.
19:07:44 BattlEye Server: Player #7 Rou Kowalski - BE GUID: 58cae163ea9d3a0ff8adde240b436737
19:07:46 Player Rou Kowalski connected (id=76561198034110598).
19:07:46 BattlEye Server: Verified GUID (58cae163ea9d3a0ff8adde240b436737) of player #7 Rou Kowalski
19:08:37 BattlEye Server: (Group) High Alert Highlander : rock we r doing diferent missions 
19:08:49 BattlEye Server: (Group) High Alert Highlander : so we get confuse by u talking something else 
19:09:00 BattlEye Server: (Group) High Alert Highlander : so is better difrent channels 
19:10:46 BattlEye Server: (Group) High Alert Highlander : trans and rock u guys do a diferent group ok
19:11:13 BattlEye Server: (Group) High Alert Highlander : perfect 
19:11:25 BattlEye Server: (Group) High Alert Highlander : mason we fix the chat problem
19:11:31 BattlEye Server: (Group) High Alert Highlander : be therein amoment 
19:11:42 BattlEye Server: (Group) High Alert Highlander : u canm talknow is only the 3 of us 
19:11:51 BattlEye Server: (Group) Rou Kowalski: amazing what a fresh load will do
19:12:48 BattlEye Server: (Group) High Alert Highlander : he is a ramdom kid that gets in onces in a wile 
19:13:07 BattlEye Server: (Group) High Alert Highlander : HE IS JUST A KID
19:13:29 BattlEye Server: (Group) High Alert Highlander : mukltitasking 
19:15:17 BattlEye Server: (Group) High Alert Highlander : mason we r at armed heli 
19:15:35 BattlEye Server: (Global) RockstarGaming: Hey Highlander could you teleport me to the main airfield where the military patrol is please
19:17:38 BattlEye Server: (Group) High Alert Highlander : rou get in
19:19:15 BattlEye Server: (Group) High Alert Highlander : remember how tio fly 
19:19:41 BattlEye Server: (Group) High Alert Highlander : rou 
19:19:49 BattlEye Server: (Group) High Alert Highlander : do u rememeber how tofly 
19:20:05 BattlEye Server: (Group) High Alert Highlander : oki fly mine 
19:20:11 BattlEye Server: (Group) High Alert Highlander : i fly thisone 
19:20:53 BattlEye Server: (Group) High Alert Highlander : see u inthe vs  close tohere in kabala 
19:21:00 BattlEye Server: (Group) High Alert Highlander : mason see u there ?
19:23:01 BattlEye Server: (Group) High Alert Highlander : idid
19:23:29 BattlEye Server: (Group) High Alert Highlander : mason buddy where u at 
19:24:38 BattlEye Server: (Group) Trans-fights: FUCK
19:25:22 BattlEye Server: (Global) Trans-fights: HIGHLANDER. CAN U TELEPORT ME TO AIRFEILD. WE HAVE NO BEACONS CUZ U LEFT GROUP
19:25:27 BattlEye Server: (Group) High Alert Highlander : close to here
19:25:53 BattlEye Server: (Global) High Alert Highlander : no dude i dont use teleport for nothing 
19:25:56 BattlEye Server: (Global) High Alert Highlander : sorry 
19:26:06 BattlEye Server: (Global) Trans-fights: why cant we be one group?
19:26:19 BattlEye Server: (Group) High Alert Highlander : wtf really 
19:26:46 BattlEye Server: (Group) High Alert Highlander : becasuse u guys are talking in the grouop channel 
19:26:56 BattlEye Server: (Group) High Alert Highlander : and we get confuse 
19:27:19 BattlEye Server: (Global) High Alert Highlander : becauise u guys talk in the group channel and we get confuse 
19:27:21 Player Mason disconnected.
19:27:21 BattlEye Server: Player #4 Mason disconnected
19:27:49 BattlEye Server: (Group) High Alert Highlander : mason got pist 
19:28:52 BattlEye Server: (Group) High Alert Highlander : u r apussy 
19:28:54 BattlEye Server: (Group) High Alert Highlander : jajaja
19:29:16 BattlEye Server: (Group) High Alert Highlander : free look out come bro
19:31:17 BattlEye Server: (Group) High Alert Highlander : fly in clss
19:32:14 BattlEye Server: (Group) Trans-fights: COOL
19:32:31 BattlEye Server: (Group) Trans-fights: ILL DO LIGHT VEHICLE. JUST GIVE ME 125K
19:32:57 BattlEye Server: (Group) High Alert Highlander : ROU 
19:33:07 BattlEye Server: (Vehicle) High Alert Highlander : ROU
19:51:19 BattlEye Server: (Global) High Alert Highlander : WTF DUDE
19:51:25 BattlEye Server: (Global) Trans-fights: what?
19:51:33 BattlEye Server: (Global) Trans-fights: we arent the same team right?
19:51:35 BattlEye Server: (Global) High Alert Highlander : U WANT WAR 
19:51:43 BattlEye Server: (Global) High Alert Highlander : u  have one 
19:51:47 BattlEye Server: (Global) Trans-fights: HAHAHAH
19:51:54 BattlEye Server: (Global) Trans-fights: bring it on my friend :)
19:51:54 BattlEye Server: (Global) RockstarGaming: wot have u done
19:52:14 BattlEye Server: (Global) High Alert Highlander : prepare imhunting ur ass
19:52:22 BattlEye Server: (Global) Trans-fights: DONT USE ADMIN ABILITIES
19:52:50 BattlEye Server: (Global) High Alert Highlander : lol dont need them 
19:55:56 BattlEye Server: (Group) Trans-fights: highlander, I injured you yet I didnt kill you?
19:56:22 BattlEye Server: (Global) Trans-fights: HIGHLANDER, I INJURED YOU YET I DIDNT KILL YOU?
19:56:43 BattlEye Server: (Global) High Alert Highlander : nou did not 
19:56:53 BattlEye Server: (Global) Trans-fights: who revived you?
19:57:02 BattlEye Server: (Global) High Alert Highlander : i did no die
19:57:13 BattlEye Server: (Global) High Alert Highlander : andi revive rou 
19:57:25 BattlEye Server: (Global) Trans-fights: but how did you get revived? it said I injured both of you
19:57:34 BattlEye Server: (Global) High Alert Highlander : no idea its arma 
19:58:00 BattlEye Server: (Global) Trans-fights: really man.... using admin abilities?
19:58:10 BattlEye Server: (Global) High Alert Highlander : lol
19:58:17 BattlEye Server: (Global) High Alert Highlander : noi dont use those
19:58:20 BattlEye Server: (Global) Trans-fights: I injured both of you, which means you both needed to be healed
19:58:24 BattlEye Server: (Global) High Alert Highlander : notneed them
19:58:32 BattlEye Server: (Global) High Alert Highlander : dontworry ihunt urass
19:58:32 BattlEye Server: (Global) Trans-fights: you just used them
19:59:03 BattlEye Server: (Global) Trans-fights: theres no way you didnt get injured when it said that you got injured
19:59:17 BattlEye Server: (Global) High Alert Highlander : forsomeone that ask for teamplay and then kills fron the bacjk 
19:59:21 BattlEye Server: (Global) High Alert Highlander : asaback staber
19:59:26 BattlEye Server: (Global) Trans-fights: noooooo
19:59:35 BattlEye Server: (Global) Trans-fights: I asked to join and you said no
19:59:40 BattlEye Server: (Global) Trans-fights: so what else am i gunna do>?
19:59:59 BattlEye Server: (Global) High Alert Highlander : anythings i saiid we wont attack you guys 
20:00:05 BattlEye Server: (Global) Trans-fights: i dont remember that
20:00:06 BattlEye Server: (Global) High Alert Highlander : andu did try tokill us 
20:00:08 BattlEye Server: (Global) Trans-fights: so im sorry
20:00:17 BattlEye Server: (Global) Trans-fights: but just admit you just used admin powers
20:00:30 BattlEye Server: (Global) High Alert Highlander : and nother read the rulesof the server openthemap in how toplay 
20:00:44 BattlEye Server: (Global) High Alert Highlander : u are not allot to hit any storwe 
20:00:50 BattlEye Server: (Global) High Alert Highlander : store
20:01:38 BattlEye Server: (Global) Trans-fights: WHERE DOES IT SAY THAT?
20:01:40 BattlEye Server: (Global) Trans-fights: SORRY CAPS
20:01:49 BattlEye Server: (Global) High Alert Highlander : read 
20:01:55 BattlEye Server: (Global) High Alert Highlander : openthemap
20:02:02 BattlEye Server: (Global) High Alert Highlander : option how toplay 
20:02:10 BattlEye Server: (Global) High Alert Highlander : its my server do you remeber that 
20:02:23 BattlEye Server: (Global) High Alert Highlander : there u can find all th e rules
20:03:21 BattlEye Server: (Global) Trans-fights: im sorry, doesnt say it anywhere in howtoplay
20:03:31 BattlEye Server: (Global) High Alert Highlander : yes it does
20:03:37 BattlEye Server: (Global) High Alert Highlander : i oput that there
20:03:41 BattlEye Server: (Global) RockstarGaming: WHAT Q AND A
20:03:45 BattlEye Server: (Global) RockstarGaming: sry caps
20:04:21 BattlEye Server: (Global) Trans-fights: okay, what section in howtoplay does it say it?
20:04:25 BattlEye Server: (Global) Trans-fights: I read it all
20:04:37 BattlEye Server: (Global) Trans-fights: i can screenshot if u want
20:04:48 BattlEye Server: (Global) Trans-fights: i literally cant see it
20:05:26 BattlEye Server: (Global) High Alert Highlander : u r not allord to killin  comun ares  those r the stores as a respect for  the game
20:05:33 BattlEye Server: (Global) High Alert Highlander : but any way dont worry 
20:05:41 BattlEye Server: (Global) High Alert Highlander : i willhunt u now
20:05:46 BattlEye Server: (Global) Trans-fights: no but i really cant see where it says that anywehre
20:05:53 BattlEye Server: (Global) High Alert Highlander : star u better  go someplace safe 
20:05:55 BattlEye Server: (Global) Trans-fights: I just screenshot it all
20:06:02 BattlEye Server: (Global) High Alert Highlander : and stay there
20:06:02 BattlEye Server: (Global) Trans-fights: it doesnt say that
20:06:08 BattlEye Server: (Global) Trans-fights: but i wont do it again
20:07:22 BattlEye Server: (Global) High Alert Highlander : that is the main reason why i have the stores highlight 
20:07:42 BattlEye Server: (Global) Trans-fights: what you mean?
20:08:03 BattlEye Server: (Global) High Alert Highlander : the stores on the map gets hight light when thereis people there 
20:08:09 Mingus uses modified data file
20:08:09 BattlEye Server: Player #8 Mingus (67.253.55.131:2309) connected
20:08:09 Player Mingus connecting.
20:08:12 BattlEye Server: Player #8 Mingus - BE GUID: 9acde5769dd9895469f859104370b094
20:08:15 BattlEye Server: (Global) High Alert Highlander : that the reason  why 
20:08:37 BattlEye Server: (Global) Trans-fights: so we arent allowed to kill anyone in tthe circle?
20:08:44 Player Mingus connected (id=76561198032047803).
20:08:44 BattlEye Server: Verified GUID (9acde5769dd9895469f859104370b094) of player #8 Mingus
20:08:51 BattlEye Server: (Global) High Alert Highlander : inside the store
20:09:00 BattlEye Server: (Global) Trans-fights: so inside the building?
20:09:17 BattlEye Server: (Global) Trans-fights: but outside of it is ok>
20:09:19 BattlEye Server: (Global) Trans-fights: ?
20:16:31 Rye uses modified data file
20:16:31 BattlEye Server: Player #9 Rye (99.195.168.151:2304) connected
20:16:31 Player Rye connecting.
20:16:33 BattlEye Server: Player #9 Rye - BE GUID: 508c3d5858575b68200133c23acbe326
20:17:07 Player Rye connected (id=76561198333615702).
20:17:07 BattlEye Server: Verified GUID (508c3d5858575b68200133c23acbe326) of player #9 Rye
20:20:31 BattlEye Server: (Global) Trans-fights: admin powers again?
20:20:45 BattlEye Server: (Global) High Alert Highlander : dude  that call sniper skills 
20:20:58 BattlEye Server: (Global) High Alert Highlander : 1000mts shoots 
20:21:05 BattlEye Server: (Global) Trans-fights: so you actually own this server?
20:21:16 BattlEye Server: (Global) High Alert Highlander : no for nothing  i was snioperin arma 2
20:21:27 BattlEye Server: (Global) High Alert Highlander : sniper gost in arma2
20:21:38 BattlEye Server: (Global) Trans-fights: you own this server?
20:21:44 BattlEye Server: (Global) High Alert Highlander : yes i do 
20:21:55 BattlEye Server: (Global) Trans-fights: you sure SGT doesnt?
20:21:57 BattlEye Server: (Global) High Alert Highlander : aslong with 2 other friends
20:22:17 BattlEye Server: (Global) High Alert Highlander : sarg is the main owner 
20:22:20 BattlEye Server: (Global) Trans-fights: are u in discord?
20:22:27 BattlEye Server: (Global) High Alert Highlander : ifthat what u nmean 
20:22:38 BattlEye Server: (Global) High Alert Highlander : always 
20:22:54 BattlEye Server: (Global) Trans-fights: ok.  can you send me a screenshot of where it says no killing at stores?
20:23:18 BattlEye Server: (Global) High Alert Highlander : when ihave timei will 
20:23:31 BattlEye Server: (Global) Trans-fights: Because all three of us on this team dont see it
20:23:49 BattlEye Server: (Global) High Alert Highlander : for now i see that u are a problematic player andi give you a chance 
20:23:55 BattlEye Server: (Global) Trans-fights: huh?
20:23:56 BattlEye Server: (Global) High Alert Highlander : so takecare 
20:24:08 Player Trans-fights disconnected.
20:24:09 BattlEye Server: Player #1 Trans-fights disconnected
20:26:19 BattlEye Server: (Global) High Alert Highlander : welcome toall the newplayers have fun enjoy the game
20:26:39 BattlEye Server: (Global) High Alert Highlander : pls take the time of reading the server rules 
20:26:46 BattlEye Server: (Global) Mingus: where can i find more updated rules?
20:26:54 BattlEye Server: (Global) High Alert Highlander : open map  in option how toplay 
20:27:52 BattlEye Server: (Global) High Alert Highlander : yes u can 