15:01:35 BattlEye Server: Initialized (v1.217)
15:01:35 Host identity created.
15:01:35 Game Port: 2307, Steam Query Port: 2308
15:01:36 Mission A3Wasteland Altis v1.4c read from bank.
15:01:37 Roles assigned.
15:01:37 Reading mission ...
15:02:10 Mission read.
15:02:11 Game started.
16:06:36 Mason uses modified data file
16:06:36 BattlEye Server: Player #0 Mason (71.81.137.47:2309) connected
16:06:36 Player Mason connecting.
16:06:36 BattlEye Server: Connected to BE Master
16:06:38 BattlEye Server: Player #0 Mason - BE GUID: 955d09b6e1dde9360ceebc2963df084d
16:06:38 Player Mason connected (id=76561198026943270).
16:06:38 BattlEye Server: Verified GUID (955d09b6e1dde9360ceebc2963df084d) of player #0 Mason
16:39:12 High Alert Highlander  uses modified data file
16:39:12 BattlEye Server: Player #1 High Alert Highlander  (190.171.107.63:62725) connected
16:39:12 Player High Alert Highlander  connecting.
16:39:19 BattlEye Server: Player #1 High Alert Highlander  - BE GUID: a01f35e030c4464ff5b5e9c18ddf0195
16:39:22 Player High Alert Highlander  connected (id=76561198065774594).
16:39:22 BattlEye Server: Verified GUID (a01f35e030c4464ff5b5e9c18ddf0195) of player #1 High Alert Highlander 
16:41:29 BattlEye Server: (Side) High Alert Highlander : hello
16:42:06 BattlEye Server: (Side) High Alert Highlander : all good 
16:42:10 BattlEye Server: (Side) High Alert Highlander : samer way 
16:42:36 BattlEye Server: (Side) High Alert Highlander : love my hunter thks
16:42:49 Admin logged in, player: High Alert Highlander , playerUID: 76561198065774594, IP: 192.168.0.10:2309.
16:43:28 BattlEye Server: (Side) High Alert Highlander : hell yea
16:50:03 BattlEye Server: (Side) High Alert Highlander : ok}
17:12:23 BattlEye Server: (Side) High Alert Highlander : that turu supply is yours
17:13:03 BattlEye Server: (Side) High Alert Highlander : wtf
17:14:07 BattlEye Server: (Side) High Alert Highlander : i8 was checking the ip of those guys 
17:14:19 BattlEye Server: (Side) High Alert Highlander : the ones that i toll u about
17:15:42 BattlEye Server: (Side) High Alert Highlander : one of the guys is that kid rockstart
17:15:50 BattlEye Server: (Side) High Alert Highlander : he just change his name
17:16:29 BattlEye Server: (Side) High Alert Highlander : that was why they had so much money he transfer that to one of his buddys
17:17:30 BattlEye Server: (Side) High Alert Highlander : yes
17:20:04 BattlEye Server: (Side) High Alert Highlander : no they havent
17:20:28 BattlEye Server: (Side) High Alert Highlander : at least no under thosenames 
17:28:56 BattlEye Server: (Side) High Alert Highlander : i dont need that is a shame live it there '
17:29:03 BattlEye Server: (Side) High Alert Highlander : prefer u to have it 
17:29:59 BattlEye Server: (Side) High Alert Highlander : u need a tempest there 
17:30:05 BattlEye Server: (Side) High Alert Highlander : for reapiriung 
17:32:09 BattlEye Server: (Side) High Alert Highlander : wach 
17:32:33 BattlEye Server: (Group) Mason: watch up?
17:32:58 BattlEye Server: (Side) High Alert Highlander : that tempest 
17:33:28 BattlEye Server: (Side) High Alert Highlander : fix vehiculs auto
17:35:09 BattlEye Server: (Side) High Alert Highlander : that tempest fix vehiculs auto
17:35:34 BattlEye Server: (Side) High Alert Highlander : good for your collection here
17:35:45 BattlEye Server: (Side) High Alert Highlander : yea
17:38:08 BattlEye Server: (Side) High Alert Highlander : depends what you what todo 
17:38:32 BattlEye Server: (Side) High Alert Highlander : x10  anything 
17:38:45 BattlEye Server: (Side) High Alert Highlander : lrpsisfor mayor distances 
17:38:54 BattlEye Server: (Side) High Alert Highlander : it wont give you acuracy 
17:39:14 BattlEye Server: (Side) High Alert Highlander : yea
17:39:50 BattlEye Server: (Side) High Alert Highlander : ok
17:40:56 BattlEye Server: (Side) High Alert Highlander : take the onesinthe hunter inv 
17:41:41 BattlEye Server: (Side) High Alert Highlander : take the ones in the inv
17:46:16 Whisper uses modified data file
17:46:16 BattlEye Server: Player #2 Whisper (166.173.250.82:33523) connected
17:46:16 Player Whisper connecting.
17:46:18 BattlEye Server: Player #2 Whisper - BE GUID: 8a83feeb8c62a0cefc04a131e4c7a81a
17:46:19 Player Whisper connected (id=76561198805212953).
17:46:19 BattlEye Server: Verified GUID (8a83feeb8c62a0cefc04a131e4c7a81a) of player #2 Whisper
17:46:45 BattlEye Server: (Side) High Alert Highlander : no
17:47:11 BattlEye Server: (Side) High Alert Highlander : u take thisway 
17:47:16 BattlEye Server: (Side) High Alert Highlander : i go aroound
17:48:48 Player Whisper disconnected.
17:48:48 BattlEye Server: Player #2 Whisper disconnected
17:53:05 BattlEye Server: (Side) High Alert Highlander : down
17:53:32 SgtMajPrivate uses modified data file
17:53:32 BattlEye Server: Player #2 SgtMajPrivate (73.93.167.13:2309) connected
17:53:32 Player SgtMajPrivate connecting.
17:53:35 BattlEye Server: Player #2 SgtMajPrivate - BE GUID: 4c2b9d687447cbad1213b89cfae82f46
17:53:35 Player SgtMajPrivate connected (id=76561198164565751).
17:53:35 BattlEye Server: Verified GUID (4c2b9d687447cbad1213b89cfae82f46) of player #2 SgtMajPrivate
17:55:13 BattlEye Server: (Side) High Alert Highlander : yes
17:55:23 BattlEye Server: (Side) SgtMajPrivate: whats up!
17:56:49 BattlEye Server: (Side) High Alert Highlander : hello sarg 
17:56:59 BattlEye Server: (Side) SgtMajPrivate: how are you
17:57:09 BattlEye Server: (Group) Mason: ...
17:57:15 BattlEye Server: (Side) Mason: evening
17:57:23 BattlEye Server: (Side) High Alert Highlander : sick/but enjoyning the game
17:57:24 BattlEye Server: (Side) SgtMajPrivate: how are you doing?
17:57:34 BattlEye Server: (Side) SgtMajPrivate: good game to play while sick
17:58:10 BattlEye Server: (Side) SgtMajPrivate: good game to play while healthy
17:58:16 BattlEye Server: (Side) SgtMajPrivate: good game in genereal
17:58:20 BattlEye Server: (Side) High Alert Highlander : yea
17:58:24 BattlEye Server: (Side) SgtMajPrivate: lol
18:00:43 BattlEye Server: (Side) SgtMajPrivate: dude these russian tanks are badass!
18:00:58 BattlEye Server: (Side) High Alert Highlander : i have been pvpin the server allot like you can see in mynumbers
18:01:04 BattlEye Server: (Side) Mason: they're tough
18:01:09 BattlEye Server: (Side) High Alert Highlander : yes they are 
18:01:17 BattlEye Server: (Side) High Alert Highlander : try the sproup
18:02:50 BattlEye Server: (Side) High Alert Highlander : ihave been killing allot of people
18:03:30 BattlEye Server: (Side) High Alert Highlander : vorona
18:03:56 BattlEye Server: (Side) High Alert Highlander : more like twominutes
18:06:21 BattlEye Server: (Side) High Alert Highlander : dude bandit is drinving mecrazy 
18:06:25 BattlEye Server: (Side) High Alert Highlander : i hate u 
18:06:37 BattlEye Server: (Side) High Alert Highlander : claimimng 
18:06:41 BattlEye Server: (Side) High Alert Highlander : i lost this
18:06:47 BattlEye Server: (Side) High Alert Highlander : i lost that 
18:06:53 BattlEye Server: (Side) High Alert Highlander : ai is accurate
18:07:19 BattlEye Server: (Side) High Alert Highlander : /is just winning 
18:09:38 BattlEye Server: (Side) Mason: stuck
18:14:01 BattlEye Server: (Side) High Alert Highlander : imdying 
18:14:25 BattlEye Server: (Side) High Alert Highlander : thks
18:16:11 BattlEye Server: (Side) High Alert Highlander : the fuckersrhiden
18:22:11 BattlEye Server: (Side) High Alert Highlander : wach themarkin themap
18:23:19 BattlEye Server: (Side) High Alert Highlander : this is personal now
18:23:42 BattlEye Server: (Side) High Alert Highlander : thks
18:25:11 BattlEye Server: (Side) SgtMajPrivate: OH SHIT!
18:25:18 BattlEye Server: (Side) SgtMajPrivate: OMG I'M SORRY
18:25:27 BattlEye Server: (Side) High Alert Highlander : wht 
18:25:39 BattlEye Server: (Side) SgtMajPrivate: lol dude i thought it was a mission
18:26:12 BattlEye Server: (Side) SgtMajPrivate: i stepped away for a second and just saw a hostile helo, so i opened fire...
18:26:16 BattlEye Server: (Side) SgtMajPrivate: my baad
18:29:02 BattlEye Server: (Side) High Alert Highlander : ok
18:29:33 BattlEye Server: (Group) High Alert Highlander : yes
18:30:59 BattlEye Server: (Group) High Alert Highlander : but wtf 
18:31:02 BattlEye Server: (Group) High Alert Highlander : fml
18:37:44 BattlEye Server: (Group) High Alert Highlander : no
18:37:53 BattlEye Server: (Group) High Alert Highlander : now is your time to rez
18:37:56 BattlEye Server: (Group) High Alert Highlander : jajaja
18:39:01 BattlEye Server: (Group) High Alert Highlander : he is close to the trck
18:39:32 BattlEye Server: (Group) High Alert Highlander : look themark 
18:40:11 BattlEye Server: (Group) High Alert Highlander : u rclear
18:40:27 BattlEye Server: (Group) High Alert Highlander : u r clear
18:43:51 BattlEye Server: (Side) High Alert Highlander : DUDEWE HAVE TO FIX the crate of the snipernest 
18:44:07 BattlEye Server: (Side) SgtMajPrivate: whats wrong
18:45:33 BR1_Bandit uses modified data file
18:45:33 BattlEye Server: Player #3 BR1_Bandit (134.41.96.129:2309) connected
18:45:33 Player BR1_Bandit connecting.
18:45:35 BattlEye Server: Player #3 BR1_Bandit - BE GUID: 8a701e7029ec21d8e45677830a84af43
18:45:35 Player BR1_Bandit connected (id=76561198151022635).
18:45:35 BattlEye Server: Verified GUID (8a701e7029ec21d8e45677830a84af43) of player #3 BR1_Bandit
18:46:09 BattlEye Server: (Side) High Alert Highlander : that mission frusta=rated me
18:46:31 BattlEye Server: (Side) Mason: yeah he was crazy tough
18:46:41 BattlEye Server: (Side) Mason: he was so fast moving
18:47:18 BattlEye Server: (Side) Mason: good practice though
18:47:25 BattlEye Server: (Side) High Alert Highlander : yea
18:47:36 BattlEye Server: (Side) High Alert Highlander : hate close combat
18:48:04 BattlEye Server: (Side) Mason: right, i didn't hve the right equip for close like that
18:48:49 BattlEye Server: (Side) High Alert Highlander : sarg wth ru doing jajajaj
18:49:04 BattlEye Server: (Side) SgtMajPrivate: i was going to shoot at the altis patrol
18:49:14 BattlEye Server: (Side) SgtMajPrivate: i have to go eat dinner, i will be back in a few
18:49:26 BattlEye Server: (Group) High Alert Highlander : ok
18:50:39 BattlEye Server: (Group) High Alert Highlander : yes
18:51:04 BattlEye Server: (Group) High Alert Highlander : dude we have to check the records 
18:51:14 BattlEye Server: (Group) High Alert Highlander : to see wthat is going on 
18:55:41 BattlEye Server: (Group) High Alert Highlander : wtf
18:56:02 BattlEye Server: (Group) High Alert Highlander : falure
18:57:39 BattlEye Server: (Group) High Alert Highlander : well imgoing to eat something and be back in a few 
18:57:52 BattlEye Server: (Group) High Alert Highlander : take the hunterif yo  want 
19:29:13 BattlEye Server: (Group) High Alert Highlander : okimback 
19:50:41 BattlEye Server: (Side) SgtMajPrivate: heavy money is diabled only foot soldiers
19:51:05 BattlEye Server: (Side) High Alert Highlander : what
19:51:27 BattlEye Server: (Side) BR1_Bandit: im back at gunstore resupplying lost all my gear was in my choppers in garage 
19:51:39 BattlEye Server: (Side) BR1_Bandit: lost 2 of my choppers  drag
19:52:46 BattlEye Server: (Side) BR1_Bandit: and i lost a  big supply truck  full of gear  also from garage
20:03:36 BattlEye Server: (Side) High Alert Highlander : shouldwedoamission or something 
20:03:53 Admin logged out, player: High Alert Highlander , playerUID: 76561198065774594, IP: 192.168.0.10:2309.
20:04:10 BattlEye Server: (Side) High Alert Highlander : take care mason
20:05:38 Player Mason disconnected.
20:05:38 BattlEye Server: Player #0 Mason disconnected
20:06:57 BattlEye Server: (Side) High Alert Highlander : guys ill be back in a few i will take ashower 
20:07:21 Player High Alert Highlander  disconnected.
20:07:21 BattlEye Server: Player #1 High Alert Highlander  disconnected
20:28:11 Admin logged in, player: SgtMajPrivate, playerUID: 76561198164565751, IP: 192.168.0.11:2309.
20:42:49 reaga uses modified data file
20:42:49 BattlEye Server: Player #4 reaga (108.72.244.248:2304) connected
20:42:49 Player reaga connecting.
20:42:53 BattlEye Server: Player #4 reaga - BE GUID: 4f7bfbe0063b09345362bec5a029d4af
20:42:53 Player r