18:13:36 BattlEye Server: Initialized (v1.217)
18:13:36 Host identity created.
18:13:37 Game Port: 2307, Steam Query Port: 2308
18:13:37 Mission A3Wasteland Altis v1.4c read from bank.
18:13:39 Roles assigned.
18:13:39 Reading mission ...
18:14:12 Mission read.
18:14:12 Game started.
18:35:33 Aquila uses modified data file
18:35:33 BattlEye Server: Player #0 Aquila (74.215.170.82:2309) connected
18:35:33 Player Aquila connecting.
18:35:34 BattlEye Server: Connected to BE Master
18:35:35 BattlEye Server: Player #0 Aquila - BE GUID: d8634402713e2474de27faf5b2f4be96
18:35:36 Player Aquila connected (id=76561198161195273).
18:35:36 BattlEye Server: Verified GUID (d8634402713e2474de27faf5b2f4be96) of player #0 Aquila
18:39:04 Player Aquila disconnected.
18:39:04 BattlEye Server: Player #0 Aquila disconnected
18:56:22 UrPapTrap uses modified data file
18:56:23 BattlEye Server: Player #0 UrPapTrap (172.1.97.121:2309) connected
18:56:23 Player UrPapTrap connecting.
18:56:25 BattlEye Server: Player #0 UrPapTrap - BE GUID: bc0455be729b0a6efc019b64795d18d8
18:56:26 Player UrPapTrap connected (id=76561198097586684).
18:56:26 BattlEye Server: Verified GUID (bc0455be729b0a6efc019b64795d18d8) of player #0 UrPapTrap
18:57:41 Feller uses modified data file
18:57:41 BattlEye Server: Player #1 Feller (68.251.245.45:2309) connected
18:57:41 Player Feller connecting.
18:57:43 BattlEye Server: Player #1 Feller - BE GUID: 57722fbe19de6869f5a7407356ceaaba
18:57:44 Player Feller connected (id=76561198044427738).
18:57:44 BattlEye Server: Verified GUID (57722fbe19de6869f5a7407356ceaaba) of player #1 Feller
19:01:51 matt uses modified data file
19:01:51 BattlEye Server: Player #2 matt (72.207.207.84:2309) connected
19:01:51 Player matt connecting.
19:01:56 BattlEye Server: Player #2 matt - BE GUID: 012140143b7412008938a9029b6dbd31
19:01:56 Player matt connected (id=76561198272972039).
19:01:56 BattlEye Server: Verified GUID (012140143b7412008938a9029b6dbd31) of player #2 matt
19:08:20 Player matt disconnected.
19:08:20 BattlEye Server: Player #2 matt disconnected
19:11:40 matt uses modified data file
19:11:40 BattlEye Server: Player #2 matt (72.207.207.84:2309) connected
19:11:40 Player matt connecting.
19:11:44 BattlEye Server: Player #2 matt - BE GUID: 012140143b7412008938a9029b6dbd31
19:11:44 Player matt connected (id=76561198272972039).
19:11:44 BattlEye Server: Verified GUID (012140143b7412008938a9029b6dbd31) of player #2 matt
19:20:14 idiothead uses modified data file
19:20:14 BattlEye Server: Player #3 idiothead (2.124.202.139:2304) connected
19:20:14 Player idiothead connecting.
19:20:16 BattlEye Server: Player #3 idiothead - BE GUID: f3324e44702ee36c282ca119e879e360
19:20:17 Player idiothead connected (id=76561198118713533).
19:20:17 BattlEye Server: Verified GUID (f3324e44702ee36c282ca119e879e360) of player #3 idiothead
19:21:21 xXx_Dank_Dewd_xXx uses modified data file
19:21:21 BattlEye Server: Player #4 xXx_Dank_Dewd_xXx (98.206.72.239:2304) connected
19:21:21 Player xXx_Dank_Dewd_xXx connecting.
19:21:23 BattlEye Server: Player #4 xXx_Dank_Dewd_xXx - BE GUID: 652f73f9aed30cdf4bf5ea2ba54b381d
19:21:30 Player xXx_Dank_Dewd_xXx disconnected.
19:21:30 BattlEye Server: Player #4 xXx_Dank_Dewd_xXx disconnected
19:38:03 BattlEye Server: (Global) Feller: join independant and we will invite you to our group, were just doing missions, not pvping
19:41:02 Player idiothead disconnected.
19:41:02 BattlEye Server: Player #3 idiothead disconnected
20:02:42 Player matt disconnected.
20:02:42 BattlEye Server: Player #2 matt disconnected
20:30:10 WhiskyTangoFoxy uses modified data file
20:30:10 BattlEye Server: Player #2 WhiskyTangoFoxy (68.209.125.150:2309) connected
20:30:10 Player WhiskyTangoFoxy connecting.
20:30:12 BattlEye Server: Player #2 WhiskyTangoFoxy - BE GUID: ccc3a0df36dbaafc41246bff61f93b24
20:30:16 Player WhiskyTangoFoxy connected (id=76561197994843275).
20:30:16 BattlEye Server: Verified GUID (ccc3a0df36dbaafc41246bff61f93b24) of player #2 WhiskyTangoFoxy
20:37:46 Benja uses modified data file
20:37:46 BattlEye Server: Player #3 Ben