15:01:34 BattlEye Server: Initialized (v1.217)
15:01:34 Host identity created.
15:01:35 Game Port: 2307, Steam Query Port: 2308
15:01:35 Mission A3Wasteland Altis v1.4c read from bank.
15:01:36 Roles assigned.
15:01:36 Reading mission ...
15:02:12 Mission read.
15:02:12 Game started.
15:15:26 Will uses modified data file
15:15:26 BattlEye Server: Player #0 Will (104.173.7.95:2304) connected
15:15:26 Player Will connecting.
15:15:27 BattlEye Server: Connected to BE Master
15:15:29 BattlEye Server: Player #0 Will - BE GUID: 1e07a04ed27a2a75442a4ae1f28519fa
15:15:29 Player Will connected (id=76561198304195990).
15:15:29 BattlEye Server: Verified GUID (1e07a04ed27a2a75442a4ae1f28519fa) of player #0 Will
15:17:10 Alph uses modified data file
15:17:10 BattlEye Server: Player #1 Alph (73.144.95.183:2304) connected
15:17:10 Player Alph connecting.
15:17:13 BattlEye Server: Player #1 Alph - BE GUID: 7be2f15c86da58db2e59b3fec8724d77
15:17:13 Player Alph connected (id=76561198133725300).
15:17:13 BattlEye Server: Verified GUID (7be2f15c86da58db2e59b3fec8724d77) of player #1 Alph
15:28:15 Lt.Col. R Johnson uses modified data file
15:28:15 BattlEye Server: Player #2 Lt.Col. R Johnson (73.202.233.86:2309) connected
15:28:15 Player Lt.Col. R Johnson connecting.
15:28:17 BattlEye Server: Player #2 Lt.Col. R Johnson - BE GUID: aa92480645a65a4b59387bdb30bc2f3a
15:28:18 Player Lt.Col. R Johnson connected (id=76561198217367059).
15:28:18 BattlEye Server: Verified GUID (aa92480645a65a4b59387bdb30bc2f3a) of player #2 Lt.Col. R Johnson
15:49:16 Player Lt.Col. R Johnson disconnected.
15:49:16 BattlEye Server: Player #2 Lt.Col. R Johnson disconnected
16:10:25 Jacob uses modified data file
16:10:25 BattlEye Server: Player #2 Jacob (128.163.236.44:19935) connected
16:10:26 Player Jacob connecting.
16:10:28 BattlEye Server: Player #2 Jacob - BE GUID: 97748960af453a9000adc8ad09ec8ac4
16:10:28 Player Jacob connected (id=76561198197632528).
16:10:28 BattlEye Server: Verified GUID (97748960af453a9000adc8ad09ec8ac4) of player #2 Jacob
16:12:39 BattlEye Server: (Side) Jacob: hello 
16:12:57 BattlEye Server: (Side) Alph: hello
16:15:47 BattlEye Server: (Side) Jacob: are vehicles in general supposed to be super rare on here? I haven't played much, but i've never really found more than maybe one or two vehicles in 
16:15:49 BattlEye Server: (Side) Jacob: a town
16:16:01 BattlEye Server: (Side) Alph: yeah vehicles are very rare
16:16:52 BattlEye Server: (Side) Jacob: thats what i thought
16:16:57 BattlEye Server: (Side) Jacob: any tips?
16:17:43 BattlEye Server: (Side) Alph: once you find a vehicle I'd hit one of the easier objectives then just build up from there, set up a little stash and all the good stuff
16:18:24 BattlEye Server: (Side) Jacob: okay, will do. any way to see if an objective is easy aside from pull up and pray there isnt armour and stuff?
16:18:56 BattlEye Server: (Side) Alph: the smuggler, and sniper nests are pretty easy
16:19:10 BattlEye Server: (Side) Jacob: i remember going to an altis patrol last time i was on and  being greeted by a bradley, an abrams, and a m113
16:19:19 BattlEye Server: (Side) Alph: yeah
16:19:29 BattlEye Server: (Side) Alph: smuggler and sniper nests dont have tanks
16:21:01 Max Mota uses modified data file
16:21:01 BattlEye Server: Player #3 Max Mota (201.242.173.41:2309) connected
16:21:01 Player Max Mota connecting.
16:21:03 BattlEye Server: Player #3 Max Mota - BE GUID: b24b492882c5bff2195677387329ee4f
16:21:05 Player Max Mota connected (id=76561198004095068).
16:21:05 BattlEye Server: Verified GUID (b24b492882c5bff2195677387329ee4f) of player #3 Max Mota
16:25:04 BattlEye Server: (Side) Jacob: $50 from salvaging a quad lmao
16:25:30 BattlEye Server: (Side) Alph: you can buy a good pair of sunglasses xD
16:25:36 BattlEye Server: (Side) Jacob: lmao
16:25:56 BattlEye Server: (Side) Jacob: dude a pair of joseph's sunglasses from far cry 5 are $50 or something
16:26:08 BattlEye Server: (Side) Jacob: i was looking at the r6 stuff and stumbled across those
16:26:16 BattlEye Server: (Side) Alph: lol nice
16:26:25 BattlEye Server: (Side) Jacob: look fuckin sweet though lmao
16:36:34 BattlEye Server: (Side) Jacob: who's m2 humvee was that lmao
16:36:47 BattlEye Server: (Side) Alph: where?
16:36:52 BattlEye Server: (Side) Jacob: agios dionysos
16:36:53 BattlEye Server: (Side) Jacob: i believe
16:37:05 BattlEye Server: (Side) Alph: No clue
16:37:19 BattlEye Server: (Side) Jacob: ran up on him with my quad 
16:37:39 BattlEye Server: (Side) Jacob: and he just ran up on me lmao
16:37:47 BattlEye Server: (Side) Alph: ah
16:38:01 BattlEye Server: (Side) Alph: must have been the other guy because we havnt seen anything
16:38:07 BattlEye Server: (Side) Alph: nor are we in a humvee
16:38:17 BattlEye Server: (Side) Jacob: oh
16:38:24 BattlEye Server: (Side) Jacob: turns out its a gmg
16:38:30 BattlEye Server: (Side) Alph: ouch
16:39:07 BattlEye Server: (Side) Jacob: big sad
16:39:10 BattlEye Server: (Side) Jacob: lmao
16:39:15 BattlEye Server: (Side) Alph: yaeh that sucks
16:39:28 BattlEye Server: (Side) Jacob: i pulled out my m4 and was gonna wait for him to stop firing]
16:39:32 BattlEye Server: (Side) Jacob: then the explosions started
16:39:35 BattlEye Server: (Side) Alph: you wanna join our group for a bit so you can get a head start?
16:39:45 BattlEye Server: (Side) Jacob: thanks but no thanks
16:39:46 BattlEye Server: (Side) Jacob: i prefer solo
16:39:47 BattlEye Server: (Side) Jacob: <3
16:39:51 BattlEye Server: (Side) Alph: gotcha
16:47:46 BattlEye Server: (Side) Alph: found your friend
16:48:12 BattlEye Server: (Side) Jacob: max? lmao
16:48:16 BattlEye Server: (Side) Alph: yeah
16:48:23 BattlEye Server: (Side) Jacob: blap him lmao
16:48:25 BattlEye Server: (Side) Jacob: avenge me
16:48:30 BattlEye Server: (Side) Alph: gonna try
16:50:23 BattlEye Server: (Side) Jacob: i am bandit
16:50:37 BattlEye Server: (Side) Alph: a bandit in a gun store
16:50:43 BattlEye Server: (Side) Jacob: naw, r6 GSG9 bandit
16:50:47 BattlEye Server: (Side) Jacob: threw an acog on my mp7
16:50:51 BattlEye Server: (Side) Alph: lol
16:50:54 BattlEye Server: (Side) Jacob: lmao
16:57:31 BattlEye Server: (Side) Jacob: computer did the work for us
16:57:38 BattlEye Server: (Side) Alph: yeah
16:57:41 BattlEye Server: (Side) Alph: thank fuck
16:58:25 BattlEye Server: (Side) Jacob: im curious if he took my mbav lmao
17:14:32 Player Alph disconnected.
17:14:32 BattlEye Server: Player #1 Alph disconnected
17:17:32 Player Will disconnected.
17:17:32 BattlEye Server: Player #0 Will disconnected
17:24:31 Yeet McDabbington uses modified data file
17:24:31 BattlEye Server: Player #4 Yeet McDabbington (73.21.180.37:2309) connected
17:24:31 Player Yeet McDabbington connecting.
17:24:33 BattlEye Server: Player #4 Yeet McDabbington - BE GUID: e0845e254755825b22e6d30dc7e61b99
17:24:37 Player Yeet McDabbington connected (id=76561198032540425).
17:24:37 BattlEye Server: Verified GUID (e0845e254755825b22e6d30dc7e61b99) of player #4 Yeet McDabbington
17:31:20 John Bisquick uses modified data file
17:31:20 BattlEye Server: Player #5 John Bisquick (174.216.7.186:8308) connected
17:31:20 Player John Bisquick connecting.
17:31:27 BattlEye Server: Player #5 John Bisquick - BE GUID: c0da5f0821acd9e0a60d32bd1d5261b8
17:31:28 Player John Bisquick connected (id=76561198296912477).
17:31:28 BattlEye Server: Verified GUID (c0da5f0821acd9e0a60d32bd1d5261b8) of player #5 John Bisquick
17:35:45 Player John Bisquick disconnected.
17:35:45 BattlEye Server: Player #5 John Bisquick disconnected
17:43:18 Player Jacob disconnected.
17:43:18 BattlEye Server: Player #2 Jacob disconnected
17:46:53 Player Max Mota disconnected.
17:46:53 BattlEye Server: Player #3 Max Mota disconnected
17:56:34 Ironside uses modified data file
17:56:34 BattlEye Server: Player #5 Ironside (24.118.118.85:2304) connected
17:56:34 Player Ironside connecting.
17:56:36 BattlEye Server: Player #5 Ironside - BE GUID: 8a2cf5db8b52210b8d418782d4ba31a9
17:56:37 Player Ironside connected (id=76561198159407384).
17:56:37 BattlEye Server: Verified GUID (8a2cf5db8b52210b8d418782d4ba31a9) of player #5 Ironside
17:56:45 Odhaving uses modified data file
17:56:45 BattlEye Server: Player #6 Odhaving (208.107.215.51:2304) connected
17:56:45 Player Odhaving connecting.
17:56:48 BattlEye Server: Player #6 Odhaving - BE GUID: 3dd45ae2aae999a097eb909cbc8278fa
17:56:51 Player Odhaving connected (id=76561198281946559).
17:56:51 BattlEye Server: Verified GUID (3dd45ae2aae999a097eb909cbc8278fa) of player #6 Odhaving
17:58:04 shock_n_aw uses modified data file
17:58:04 BattlEye Server: Player #7 shock_n_aw (66.41.115.225:2304) connected
17:58:04 Player shock_n_aw connecting.
17:58:06 BattlEye Server: Player #7 shock_n_aw - BE GUID: 237e33478bdeceed967a678d7c66e4bf
17:58:07 Player shock_n_aw connected (id=76561198206547295).
17:58:07 BattlEye Server: Verified GUID (237e33478bdeceed967a678d7c66e4bf) of player #7 shock_n_aw
17:59:55 Player Yeet McDabbington kicked off by BattlEye: Client not responding
17:59:55 Player Yeet McDabbington disconnected.
18:00:26 Yeet McDabbington uses modified data file
18:00:26 BattlEye Server: Player #8 Yeet McDabbington (73.21.180.37:2309) connected
18:00:26 Player Yeet McDabbington connecting.
18:00:28 BattlEye Server: Player #8 Yeet McDabbington - BE GUID: e0845e254755825b22e6d30dc7e61b99
18:00:31 Player Yeet McDabbington connected (id=76561198032540425).
18:00:31 BattlEye Server: Verified GUID (e0845e254755825b22e6d30dc7e61b99) of player #8 Yeet McDabbington
18:21:46 [RMC] Hunter uses modified data file
18:21:46 BattlEye Server: Player #9 [RMC] Hunter (75.70.45.224:2309) connected
18:21:46 Player [RMC] Hunter connecting.
18:21:48 BattlEye Server: Player #9 [RMC] Hunter - BE GUID: a884597ca9b1a727dede1d9bda25ba72
18:21:49 Player [RMC] Hunter connected (id=76561198136034342).
18:21:49 BattlEye Server: Verified GUID (a884597ca9b1a727dede1d9bda25ba72) of player #9 [RMC] Hunter
18:21:56 Player [RMC] Hunter disconnected.
18:21:56 BattlEye Server: Player #9 [RMC] Hunter disconnected
18:25:14 Memer Lemur uses modified data file
18:25:14 BattlEye Server: Player #9 Memer Lemur (75.70.45.224:2309) connected
18:25:14 Player Memer Lemur connecting.
18:25:16 BattlEye Server: Player #9 Memer Lemur - BE GUID: a884597ca9b1a727dede1d9bda25ba72
18:25:17 Player Memer Lemur connected (id=76561198136034342).
18:25:17 BattlEye Server: Verified GUID (a884597ca9b1a727dede1d9bda25ba72) of player #9 Memer Lemur
18:25:21 Player Memer Lemur disconnected.
18:25:21 BattlEye Server: Player #9 Memer Lemur disconnected
18:32:26 Memer Lemur uses modified data file
18:32:26 BattlEye Server: Player #9 Memer Lemur (75.70.45.224:2304) connected
18:32:26 Player Memer Lemur connecting.
18:32:29 BattlEye Server: Player #9 Memer Lemur - BE GUID: a884597ca9b1a727dede1d9bda25ba72
18:32:29 Player Memer Lemur connected (id=76561198136034342).
18:32:29 BattlEye Server: Verified GUID (a884597ca9b1a727dede1d9bda25ba72) of player #9 Memer Lemur
18:34:57 Natha uses modified data file
18:34:57 BattlEye Server: Player #10 Natha (98.240.188.54:2309) connected
18:34:58 Player Natha connecting.
18:35:01 BattlEye Server: Player #10 Natha - BE GUID: 180f909a6a001b8f3d53b322214a4e92
18:35:01 Player Natha connected (id=76561198295912554).
18:35:01 BattlEye Server: Verified GUID (180f909a6a001b8f3d53b322214a4e92) of player #10 Natha
18:45:20 BattlEye Server: (Direct) Memer Lemur: hello?
18:45:28 BattlEye Server: (Direct) Memer Lemur: i like your spawn beacon?
18:45:33 BattlEye Server: (Direct) Memer Lemur: im going to take it
18:46:37 BattlEye Server: (Direct) Memer Lemur: where are you?
18:46:41 BattlEye Server: (Direct) Memer Lemur: downstairs?
18:46:47 BattlEye Server: (Direct) Memer Lemur: i think so
18:47:08 BattlEye Server: (Direct) Memer Lemur: im down here
18:47:11 BattlEye Server: (Direct) Memer Lemur: wanna play?
18:49:24 BattlEye Server: (Global) Memer Lemur: fuck how many of you are tehre?
18:49:48 BattlEye Server: (Global) Ironside: 4
18:53:02 Player Natha disconnected.
18:53:02 BattlEye Server: Player #10 Natha disconnected
18:57:56 Squishy uses modified data file
18:57:56 BattlEye Server: Player #10 Squishy (71.38.213.223:2309) connected
18:57:56 Player Squishy connecting.
18:57:59 BattlEye Server: Player #10 Squishy - BE GUID: ec7e107f38df55f5246cfbf8f0c6d68b
18:57:59 Player Squishy connected (id=76561198119706217).
18:57:59 BattlEye Server: Verified GUID (ec7e107f38df55f5246cfbf8f0c6d68b) of player #10 Squishy
18:59:55 Player Yeet McDabbington kicked off by BattlEye: Client not responding
18:59:55 Player Yeet McDabbington disconnected.
19:00:16 Yeet McDabbington uses modified data file
19:00:16 BattlEye Server: Player #11 Yeet McDabbington (73.21.180.37:2309) connected
19:00:16 Player Yeet McDabbington connecting.
19:00:18 BattlEye Server: Player #11 Yeet McDabbington - BE GUID: e0845e254755825b22e6d30dc7e61b99
19:00:22 Player Yeet McDabbington connected (id=76561198032540425).
19:00:22 BattlEye Server: Verified GUID (e0845e254755825b22e6d30dc7e61b99) of player #11 Yeet McDabbington
19:01:16 ted uses modified data file
19:01:16 BattlEye Server: Player #12 ted (71.205.120.198:2304) connected
19:01:16 Player ted connecting.
19:01:18 Player ted disconnected.
19:01:18 BattlEye Server: Player #12 ted disconnected
19:05:00 milk uses modified data file
19:05:00 BattlEye Server: Player #12 milk (73.148.171.5:2309) connected
19:05:00 Player milk connecting.
19:05:03 BattlEye Server: Player #12 milk - BE GUID: c5c9efac7377694bbf1b3dac3fc3a018
19:05:03 Player milk connected (id=76561198152487014).
19:05:03 BattlEye Server: Verified GUID (c5c9efac7377694bbf1b3dac3fc3a018) of player #12 milk
19:05:27 BattlEye Server: (Global) Ironside: yay
19:05:59 BattlEye Server: (Global) Yeet McDabbington: Grand finale because I'm logging. Duces.
19:06:05 Player Yeet McDabbington disconnected.
19:06:05 BattlEye Server: Player #11 Yeet McDabbington disconnected
19:06:27 ted uses modified data file
19:06:27 BattlEye Server: Player #13 ted (71.205.120.198:2304) connected
19:06:27 Player ted connecting.
19:06:30 BattlEye Server: Player #13 ted - BE GUID: 53d89bcd85d0d04d8852ebd0e0cfb2ba
19:06:30 Player ted connected (id=76561198273802196).
19:06:30 BattlEye Server: Verified GUID (53d89bcd85d0d04d8852ebd0e0cfb2ba) of player #13 ted
19:08:52 BattlEye Server: (Global) Odhaving: No escaping
19:09:05 BattlEye Server: (Global) Memer Lemur: get out of tank pussy
19:09:26 BattlEye Server: (Global) Odhaving: No the people are cunt
19:11:39 Player ted disconnected.
19:11:39 BattlEye Server: Player #13 ted disconnected
19:12:11 ted uses modified data file
19:12:11 BattlEye Server: Player #13 ted (71.205.120.198:2304) connected
19:12:11 Player ted connecting.
19:12:13 BattlEye Server: Player #13 ted - BE GUID: 53d89bcd85d0d04d8852ebd0e0cfb2ba
19:12:14 Player ted connected (id=76561198273802196).
19:12:14 BattlEye Server: Verified GUID (53d89bcd85d0d04d8852ebd0e0cfb2ba) of player #13 ted
19:12:57 BattlEye Server: (Global) Odhaving: Are you ready to talk I left the tank
19:13:13 BattlEye Server: (Global) Memer Lemur: i saw your turret moving
19:13:22 BattlEye Server: (Global) milk: is anyone else having fps issues
19:13:35 BattlEye Server: (Global) Odhaving: How could it engines off
19:13:47 BattlEye Server: (Global) Memer Lemur: i see you on the green thing
19:13:53 BattlEye Server: (Global) Ironside: its arma you gona have FPS issues
19:13:57 BattlEye Server: (Global) shock_n_aw: this is arma there is no such thing as no having fps issues
19:14:24 BattlEye Server: (Global) milk: nah i mean like usually iget like 40 ish on "very high" but rn im getting like 13
19:14:54 BattlEye Server: (Global) Memer Lemur: oof
19:14:54 BattlEye Server: (Global) Odhaving: Thats a 50
19:15:09 Player milk disconnected.
19:15:09 BattlEye Server: Player #12 milk disconnected
19:15:25 BattlEye Server: (Global) Odhaving: You are a good sport how about a cease fire
19:20:23 Player Squishy is losing connection
19:21:43 Player Squishy kicked off by BattlEye: Client not responding
19:21:43 Player Squishy disconnected.
19:24:22 BattlEye Server: (Global) Memer Lemur: nice jet
19:24:26 BattlEye Server: (Global) Memer Lemur: you didn't see me?
19:33:13 BattlEye Server: (Global) Memer Lemur: my heli
19:33:14 BattlEye Server: (Global) Odhaving: Hope you didnt need that
19:33:28 BattlEye Server: (Global) Memer Lemur: i used all my money on that
19:33:43 BattlEye Server: (Global) Odhaving: so you gonna talk or am I going to level the city looking for you
19:38:21 BattlEye Server: (Global) Memer Lemur: im in the house can we talk?
19:38:44 BattlEye Server: (Global) Odhaving: maybe
19:39:19 BattlEye Server: (Global) Memer Lemur: so no?
19:39:27 BattlEye Server: (Global) Odhaving: I said maybe
19:39:38 BattlEye Server: (Global) Odhaving: hows your day
19:39:38 BattlEye Server: (Global) Memer Lemur: im the house down the hioll from you a little
19:41:41 BattlEye Server: (Global) Odhaving: Ok have fun
19:42:43 BattlEye Server: (Global) Memer Lemur: cold
19:43:37 BattlEye Server: (Global) Memer Lemur: im in a bush?
19:44:22 BattlEye Server: (Global) Odhaving: Is this how you take my hospitality it was just an interrigation but you had to shoot my friend 
19:44:34 BattlEye Server: (Global) Odhaving: You are making the tank unhappy
19:44:36 BattlEye Server: (Global) Memer Lemur: u didn't sound friendly
19:44:50 BattlEye Server: (Global) Odhaving: I was very passive agressive
19:44:58 BattlEye Server: (Global) Memer Lemur: considering you stuck ur barrel in my house and somehow missed me
19:45:16 BattlEye Server: (Global) Odhaving: tank wanted a kiss
19:45:40 BattlEye Server: (Global) Memer Lemur: what about that plane
19:46:11 BattlEye Server: (Global) Ironside: thats stuck
19:46:12 BattlEye Server: (Global) Odhaving: wanted attenchion
19:47:22 BattlEye Server: (Global) Odhaving: lol
19:47:28 BattlEye Server: (Global) Memer Lemur: how did that shit fly?
19:47:36 BattlEye Server: (Global) Odhaving: get gebaited
19:47:58 BattlEye Server: (Global) Memer Lemur: i dide casue the tank flew
19:48:33 Player shock_n_aw disconnected.
19:48:33 BattlEye Server: Player #7 shock_n_aw disconnected
20:04:23 BattlEye Server: (Global) Memer Lemur: damn lrr is good
20:08:10 BattlEye Server: (Global) Ironside: lol
20:08:13 BattlEye Server: (Global) Memer Lemur: lol
20:08:23 BattlEye Server: (Global) Odhaving: Jews got the tank stuck
20:08:25 BattlEye Server: (Global) Memer Lemur: one of you were flying
20:09:40 BattlEye Server: (Global) Memer Lemur: ooo 100k
20:09:45 BattlEye Server: (Global) Odhaving: mine
20:09:54 BattlEye Server: (Global) Ironside: congrats we have more
20:13:10 flow uses modified data file
20:13:10 BattlEye Server: Player #14 flow (76.16.75.242:2304) connected
20:13:10 Player flow connecting.
20:13:12 BattlEye Server: Player #14 flow - BE GUID: 2f1988ec1f268e92b390c1d7d06902a9
20:13:13 Player flow connected (id=76561198397747497).
20:13:13 BattlEye Server: Verified GUID (2f1988ec1f268e92b390c1d7d06902a9) of player #14 flow
20:13:22 BattlEye Server: (Global) Memer Lemur: anotehr one?
20:16:19 BattlEye Server: (Global) Odhaving: WHERE IS MY BACKPACK
20:16:26 BattlEye Server: (Global) Memer Lemur: on my back
20:16:33 BattlEye Server: (Global) Odhaving: RUN FASTER FUCK
20:17:13 BattlEye Server: (Global) Odhaving: HOW COULD YOU STEAL BEN
20:19:24 BattlEye Server: (Global) Memer Lemur: why sofia?
20:19:27 BattlEye Server: (Global) Odhaving: You stalk us kill us and tack my backpack
20:19:36 BattlEye Server: (Global) Odhaving: You are evil
20:19:40 BattlEye Server: (Global) Memer Lemur: i love tacking backpacks
20:21:10 BattlEye Server: (Global) Odhaving: Stop you have violated the law
20:23:33 BattlEye Server: (Global) Odhaving: WHY ARENT YOU KILLING ME
20:23:42 BattlEye Server: (Global) Odhaving: It is very dissapointinh
20:23:43 BattlEye Server: (Global) Memer Lemur: where are you?
20:23:52 BattlEye Server: (Global) Odhaving: gun store
20:23:59 BattlEye Server: (Global) Memer Lemur: ok
20:24:04 BattlEye Server: (Global) Memer Lemur: be right there
20:24:14 BattlEye Server: (Global) Odhaving: Good parents arent home
20:24:24 BattlEye Server: (Global) Memer Lemur: im excited
20:25:19 BattlEye Server: (Global) Memer Lemur: 8km away
20:29:56 BattlEye Server: (Global) Odhaving: Wrong gunstore
20:29:59 BattlEye Server: (Global) Memer Lemur: shoot
20:30:33 BattlEye Server: (Global) Memer Lemur: like that rocket?
20:31:29 BattlEye Server: (Global) Memer Lemur: im coming let me get some things
20:34:02 BattlEye Server: (Global) Memer Lemur: im coming
20:35:19 BattlEye Server: (Global) Memer Lemur: 3km
20:42:24 BattlEye Server: (Global) Odhaving: MY BACKPACK
20:42:37 BattlEye Server: (Global) Memer Lemur: that was good
20:43:01 BattlEye Server: (Global) Odhaving: so was your gunning 
20:45:26 BattlEye Server: (Global) Memer Lemur: does preload not spawn cars anymore lol
20:45:37 BattlEye Server: (Global) Odhaving: no
20:47:01 BattlEye Server: (Global) flow: PP harder then horse cock
20:47:26 BattlEye Server: (Global) Memer Lemur: hmmm
20:47:47 BattlEye Server: (Global) flow: What>
20:48:18 BattlEye Server: (Global) Memer Lemur: so what should i spend this 300k on?
20:48:23 BattlEye Server: (Global) Odhaving: me 
20:48:27 BattlEye Server: (Group) ted: reatgykfra
20:48:29 BattlEye Server: (Global) flow: Ur mum's saggy tits
20:48:45 BattlEye Server: (Global) ted: that was mean
20:48:51 BattlEye Server: (Global) flow: No u
20:48:58 BattlEye Server: (Global) ted: why cant we all be friends
20:49:08 BattlEye Server: (Global) flow: Dirty nigger
20:49:13 BattlEye Server: (Global) flow: get back in the basement
20:49:13 BattlEye Server: (Global) Memer Lemur: rip you
20:49:14 BattlEye Server: (Global) ted: dont say that
20:49:17 BattlEye Server: (Global) Memer Lemur: reported
20:49:18 BattlEye Server: (Global) ted: thats rude
20:49:20 BattlEye Server: (Global) flow: Ez
20:49:22 BattlEye Server: (Global) flow: ;)
20:49:29 BattlEye Server: (Global) ted: plz just be nice to each other
20:49:36 BattlEye Server: (Global) ted: ur ruining christmas
20:49:37 BattlEye Server: (Global) flow: What's nice?
20:49:40 BattlEye Server: (Global) ted: idk
20:49:53 BattlEye Server: (Global) flow: Then why the fuck i got to be nice?
20:50:04 BattlEye Server: (Global) Memer Lemur: why tf u so gay?
20:50:05 BattlEye Server: (Global) ted: dont worry about it
20:50:23 BattlEye Server: (Global) ted: memer lemur, wanna be friends
20:50:39 BattlEye Server: (Global) flow: sorry memer, sorry that im not a sqeak faggot the goes to such a wack immature joke
20:50:41 BattlEye Server: (Global) flow: :)
20:50:58 BattlEye Server: (Global) Memer Lemur: sorry i can't hear you with that dick down your throat
20:51:04 BattlEye Server: (Global) ted: oh
20:51:07 BattlEye Server: (Global) ted: that was rude
20:51:11 BattlEye Server: (Global) flow: Ohh yes the classic dick in the throat
20:51:29 BattlEye Server: (Global) ted: wanna go out some time tommorow memer
20:51:35 BattlEye Server: (Global) flow: Atleast i have something you don't have 
20:51:36 BattlEye Server: (Global) ted: i luv u bb
20:51:40 BattlEye Server: (Global) Memer Lemur: i feel like you the type of guy who removes ribs so he can give himself head
20:51:47 BattlEye Server: (Global) ted: he is
20:51:49 BattlEye Server: (Global) Ironside: that is true he dose like dick in his mouth
20:51:52 BattlEye Server: (Global) ted: he's done it before
20:51:59 BattlEye Server: (Global) flow: No i use my dog kid its called a updated fleshlight
20:52:10 BattlEye Server: (Global) ted: please stop
20:52:11 BattlEye Server: (Global) Memer Lemur: the penut butter trick
20:52:15 BattlEye Server: (Global) flow: Nah
20:52:18 BattlEye Server: (Global) Memer Lemur: i prefer cats more rough
20:52:22 BattlEye Server: (Global) ted: it was fun and games until you brought in your dog
20:52:22 BattlEye Server: (Global) flow: Nahh
20:52:57 BattlEye Server: (Global) flow: you should see how aggressive he is
20:53:07 BattlEye Server: (Global) flow: Such a SNACC
20:53:07 BattlEye Server: (Global) Memer Lemur: yea ted is pretty mean tbh
20:53:15 BattlEye Server: (Global) ted: why dont we all be friends and NOT fuck our dogs
20:53:29 BattlEye Server: (Global) flow: EXcuse me
20:53:40 BattlEye Server: (Global) flow: i have the right of using my flesh light
20:53:56 BattlEye Server: (Global) Memer Lemur: so how do you get your dog to do this?
20:54:01 BattlEye Server: (Global) ted: memer lemur, if you wanna meet up, meet me at that one tree near