15:01:35 BattlEye Server: Initialized (v1.217)
15:01:35 Host identity created.
15:01:35 Game Port: 2307, Steam Query Port: 2308
15:01:35 Mission A3Wasteland Altis v1.4c read from bank.
15:01:36 Roles assigned.
15:01:36 Reading mission ...
15:02:07 Mission read.
15:02:07 Game started.
15:02:27 ANATOLI CHEJOV uses modified data file
15:02:27 BattlEye Server: Player #0 ANATOLI CHEJOV (190.171.107.50:62725) connected
15:02:27 Player ANATOLI CHEJOV connecting.
15:02:27 BattlEye Server: Connected to BE Master
15:02:29 BattlEye Server: Player #0 ANATOLI CHEJOV - BE GUID: a01f35e030c4464ff5b5e9c18ddf0195
15:02:30 Player ANATOLI CHEJOV connected (id=76561198065774594).
15:02:30 BattlEye Server: Verified GUID (a01f35e030c4464ff5b5e9c18ddf0195) of player #0 ANATOLI CHEJOV
15:24:58 Player ANATOLI CHEJOV disconnected.
15:24:58 BattlEye Server: Player #0 ANATOLI CHEJOV disconnected
16:01:34 Rou Kowalski uses modified data file
16:01:34 BattlEye Server: Player #0 Rou Kowalski (73.147.1.91:2309) connected
16:01:34 Player Rou Kowalski connecting.
16:01:36 BattlEye Server: Player #0 Rou Kowalski - BE GUID: 58cae163ea9d3a0ff8adde240b436737
16:01:42 Player Rou Kowalski connected (id=76561198034110598).
16:01:42 BattlEye Server: Verified GUID (58cae163ea9d3a0ff8adde240b436737) of player #0 Rou Kowalski
16:09:55 Maykon. uses modified data file
16:09:56 BattlEye Server: Player #1 Maykon. (177.39.73.122:18847) connected
16:09:56 Player Maykon. connecting.
16:10:01 BattlEye Server: Player #1 Maykon. - BE GUID: f9fd5c14a260c78004733712c0c7452a
16:10:07 Player Maykon. connected (id=76561198416755890).
16:10:07 BattlEye Server: Verified GUID (f9fd5c14a260c78004733712c0c7452a) of player #1 Maykon.
16:12:29 Player Maykon. disconnected.
16:12:29 BattlEye Server: Player #1 Maykon. disconnected
18:53:04 Player Rou Kowalski disconnected.
18:53:04 BattlEye Server: Player #0 Rou Kowalski disconnected
19:49:23 Rou Kowalski uses modified data file
19:49:23 BattlEye Server: Player #0 Rou Kowalski (73.147.1.91:2309) connected
19:49:23 Player Rou Kowalski connecting.
19:49:26 BattlEye Server: Player #0 Rou Kowalski - BE GUID: 58cae163ea9d3a0ff8adde240b436737
19:49:28 Player Rou Kowalski connected (id=76561198034110598).
19:49:28 BattlEye Server: Verified GUID (58cae163ea9d3a0ff8adde240b436737) of player #0 Rou Kowalski
19:55:47 Cdt. Chief uses modified data file
19:55:47 BattlEye Server: Player #1 Cdt. Chief (68.230.78.151:2304) connected
19:55:47 Player Cdt. Chief connecting.
19:55:50 BattlEye Server: Player #1 Cdt. Chief - BE GUID: af11a3a01662bb40284c76228333ac1f
19:55:52 Player Cdt. Chief connected (id=76561198311827157).
19:55:52 BattlEye Server: Verified GUID (af11a3a01662bb40284c76228333ac1f) of player #1 Cdt. Chief
19:58:47 Hemlock Kowalski uses modified data file
19:58:47 BattlEye Server: Player #2 Hemlock Kowalski (73.147.1.91:2304) connected
19:58:47 Player Hemlock Kowalski connecting.
19:58:49 BattlEye Server: Player #2 Hemlock Kowalski - BE GUID: 0e50d5bc222746efa845806a2af0fed1
19:58:51 Player Hemlock Kowalski connected (id=76561198201473535).
19:58:51 BattlEye Server: Verified GUID (0e50d5bc222746efa845806a2af0fed1) of player #2 Hemlock Kowalski
20:00:19 Player Hemlock Kowalski is losing connection
20:12:31 BattlEye Server: (Global) Rou Kowalski: Cdt, You friendly or is this going pvp/pve?
20:14:33 BattlEye Server: (Global) Cdt. Chief: hi Rou
20:14:44 BattlEye Server: (Global) Rou Kowalski: Hi Cdt
20:14:44 BattlEye Server: (Global) Cdt. Chief: hi hemlock
20:14:53 BattlEye Server: (Direct) Hemlock Kowalski: hi
20:15:17 BattlEye Server: (Global) Rou Kowalski: Friendly?
20:15:36 BattlEye Server: (Global) Cdt. Chief: yea was gonna ask if u were gonna cap anything
20:15:54 BattlEye Server: (Direct) Hemlock Kowalski: server restarts on next hour
20:16:15 BattlEye Server: (Global) Rou Kowalski: ya, Will after 12:00. Just gearing up for now
20:16:44 BattlEye Server: (Global) Cdt. Chief: k well im just capping so i can afford gear
20:16:47 BattlEye Server: (Direct) Hemlock Kowalski: go ahead and cap. we are more interested in ai than killing players at