15:01:47 BattlEye Server: Initialized (v1.217)
15:01:47 Host identity created.
15:01:47 Game Port: 2307, Steam Query Port: 2308
15:01:48 Mission A3Wasteland Altis v1.4c read from bank.
15:01:49 Roles assigned.
15:01:49 Reading mission ...
15:02:22 Mission read.
15:02:22 Pv2.LocoRip uses modified data file
15:02:22 BattlEye Server: Player #0 Pv2.LocoRip (167.56.252.134:2309) connected
15:02:22 Player Pv2.LocoRip connecting.
15:02:22 Game started.
15:02:23 BattlEye Server: Connected to BE Master
15:02:24 BattlEye Server: Player #0 Pv2.LocoRip - BE GUID: 6e14f10b0ec9d34577d93c5be4489630
15:02:24 Player Pv2.LocoRip connected (id=76561198274624548).
15:02:24 BattlEye Server: Verified GUID (6e14f10b0ec9d34577d93c5be4489630) of player #0 Pv2.LocoRip
15:02:33 Yeet McDabbington uses modified data file
15:02:33 BattlEye Server: Player #1 Yeet McDabbington (73.21.180.37:2309) connected
15:02:33 Player Yeet McDabbington connecting.
15:02:35 BattlEye Server: Player #1 Yeet McDabbington - BE GUID: e0845e254755825b22e6d30dc7e61b99
15:02:43 Player Pv2.LocoRip disconnected.
15:02:43 BattlEye Server: Player #0 Pv2.LocoRip disconnected
15:02:43 Player Yeet McDabbington connected (id=76561198032540425).
15:02:43 BattlEye Server: Verified GUID (e0845e254755825b22e6d30dc7e61b99) of player #1 Yeet McDabbington
15:02:46 Player Yeet McDabbington disconnected.
15:02:46 BattlEye Server: Player #1 Yeet McDabbington disconnected
15:02:52 Pv2.LocoRip uses modified data file
15:02:52 BattlEye Server: Player #0 Pv2.LocoRip (167.56.252.134:2309) connected
15:02:52 Player Pv2.LocoRip connecting.
15:02:54 BattlEye Server: Player #0 Pv2.LocoRip - BE GUID: 6e14f10b0ec9d34577d93c5be4489630
15:02:54 Player Pv2.LocoRip connected (id=76561198274624548).
15:02:54 BattlEye Server: Verified GUID (6e14f10b0ec9d34577d93c5be4489630) of player #0 Pv2.LocoRip
15:02:59 Yeet McDabbington uses modified data file
15:02:59 BattlEye Server: Player #1 Yeet McDabbington (73.21.180.37:2309) connected
15:02:59 Player Yeet McDabbington connecting.
15:03:01 BattlEye Server: Player #1 Yeet McDabbington - BE GUID: e0845e254755825b22e6d30dc7e61b99
15:03:10 Player Yeet McDabbington connected (id=76561198032540425).
15:03:10 BattlEye Server: Verified GUID (e0845e254755825b22e6d30dc7e61b99) of player #1 Yeet McDabbington
15:03:14 Pv2.TonCo uses modified data file
15:03:14 BattlEye Server: Player #2 Pv2.TonCo (186.48.71.63:2309) connected
15:03:14 Player Pv2.TonCo connecting.
15:03:19 BattlEye Server: Player #2 Pv2.TonCo - BE GUID: ee833b841d43b4780d30bd9849396bba
15:03:19 Player Pv2.TonCo connected (id=76561198432942871).
15:03:19 BattlEye Server: Verified GUID (ee833b841d43b4780d30bd9849396bba) of player #2 Pv2.TonCo
15:04:52 BattlEye Server: (Side) Yeet McDabbington: Sorry for being a dick earlier guys lol
15:05:04 BattlEye Server: (Side) Yeet McDabbington: Gonna relog to get my TrackIR together. brb.
15:05:19 Player Yeet McDabbington disconnected.
15:05:19 BattlEye Server: Player #1 Yeet McDabbington disconnected
15:06:36 Yeet McDabbington uses modified data file
15:06:36 BattlEye Server: Player #3 Yeet McDabbington (73.21.180.37:2309) connected
15:06:37 Player Yeet McDabbington connecting.
15:06:39 BattlEye Server: Player #3 Yeet McDabbington - BE GUID: e0845e254755825b22e6d30dc7e61b99
15:06:46 Player Yeet McDabbington connected (id=76561198032540425).
15:06:46 BattlEye Server: Verified GUID (e0845e254755825b22e6d30dc7e61b99) of player #3 Yeet McDabbington
15:08:48 BattlEye Server: (Side) Yeet McDabbington: Alright. I'm back.
15:09:12 BattlEye Server: (Side) Pv2.LocoRip: ok friend
15:09:42 BattlEye Server: (Side) Yeet McDabbington: Do you guys need help?
15:10:36 BattlEye Server: (Side) Pv2.TonCo: COMING INVADE.
15:16:21 BattlEye Server: (Side) Yeet McDabbington: Did he die on the mission?
15:23:05 BattlEye Server: (Side) Yeet McDabbington: Drones helped you a little bit. They are on the north end.
15:30:54 BattlEye Server: (Side) Yeet McDabbington: Would you like for a drone to come support you two?
15:31:21 BattlEye Server: (Side) Pv2.LocoRip: yes 
15:32:08 BattlEye Server: (Side) Pv2.LocoRip: thk
15:33:36 BattlEye Server: (Side) Yeet McDabbington: I'll hit the IFV for you to the north.
15:33:44 BattlEye Server: (Side) Yeet McDabbington: Kill the infantry for you.
15:34:28 BattlEye Server: (Side) Pv2.LocoRip: ok 
15:39:48 BattlEye Server: (Side) Yeet McDabbington: Just a few remaining.
15:39:53 BattlEye Server: (Side) Yeet McDabbington: Should be easy.
15:42:21 BattlEye Server: (Side) Yeet McDabbington: Enjoy.
15:42:32 BattlEye Server: (Side) Pv2.LocoRip: thk
15:42:37 BattlEye Server: (Side) Pv2.LocoRip: friend
15:42:50 BattlEye Server: (Side) Yeet McDabbington: My pleasure.
15:54:04 BattlEye Server: (Side) Yeet McDabbington: What mission next?
15:54:48 BattlEye Server: (Side) Pv2.LocoRip: anty veiche car
15:56:41 BattlEye Server: (Side) Yeet McDabbington: Anti Aircraft Vehicle. Alright.
15:56:56 BattlEye Server: (Side) Pv2.LocoRip: yes
15:59:52 BattlEye Server: (Side) Yeet McDabbington: Go for the rest.
16:15:05 grayb uses modified data file
16:15:05 BattlEye Server: Player #4 grayb (68.108.154.53:2304) connected
16:15:05 Player grayb connecting.
16:15:08 BattlEye Server: Player #4 grayb - BE GUID: 4d2a471bb35ceb54d5948b956bb0b331
16:15:11 Player grayb disconnected.
16:15:11 BattlEye Server: Player #4 grayb disconnected
16:20:03 BattlEye Server: (Side) Yeet McDabbington: Still need help?
16:21:05  William uses modified data file
16:21:05 BattlEye Server: Player #4  William (177.65.22.234:2304) connected
16:21:05 Player  William connecting.
16:21:05 Player  kicked off by BattlEye: Bad Player Name
16:21:05 Player  William disconnected.
16:26:28 William wilde uses modified data file
16:26:28 BattlEye Server: Player #4 William wilde (177.65.22.234:2304) connected
16:26:28 Player William wilde connecting.
16:26:30 BattlEye Server: Player #4 William wilde - BE GUID: b0f4bbb1316e6285666fe619571c3273
16:26:30 Player William wilde connected (id=76561198105531219).
16:26:30 BattlEye Server: Verified GUID (b0f4bbb1316e6285666fe619571c3273) of player #4 William wilde
16:26:31 Player William wilde disconnected.
16:26:31 BattlEye Server: Player #4 William wilde disconnected
16:29:27 BattlEye Server: (Side) Yeet McDabbington: Two vehicles there for you guys.
16:32:47 BattlEye Server: (Side) Pv2.LocoRip: thk
16:33:10 BattlEye Server: (Side) Yeet McDabbington: There is another mission I finished for you gus.
16:33:13 BattlEye Server: (Side) Yeet McDabbington: Guys
16:33:22 BattlEye Server: (Side) Yeet McDabbington: There are two vehicles you can take.
16:33:33 BattlEye Server: (Side) Yeet McDabbington: I will mark the map for you.
16:34:04 BattlEye Server: (Side) Yeet McDabbington: Mark "Take These"
16:34:21 BattlEye Server: (Group) Pv2.TonCo: OK,,
16:34:39 BattlEye Server: (Side) Pv2.TonCo: OK, THK
16:38:43 carpe uses modified data file
16:38:43 BattlEye Server: Player #4 carpe (184.59.117.108:2309) connected
16:38:43 Player carpe connecting.
16:38:48 BattlEye Server: Player #4 carpe - BE GUID: 75bfbd8cd468b22bdf13cc1ee9c7b6e0
16:38:48 Player carpe connected (id=76561198111065444).
16:38:48 BattlEye Server: Verified GUID (75bfbd8cd468b22bdf13cc1ee9c7b6e0) of player #4 carpe
16:38:56 Charlie uses modified data file
16:38:56 BattlEye Server: Player #5 Charlie (184.59.117.108:62572) connected
16:38:56 Player Charlie connecting.
16:38:58 BattlEye Server: Player #5 Charlie - BE GUID: abc2a7bb00f3969ef98a728ed93e68f2
16:38:59 Player Charlie connected (id=76561198306241609).
16:38:59 BattlEye Server: Verified GUID (abc2a7bb00f3969ef98a728ed93e68f2) of player #5 Charlie
16:49:55 Player carpe disconnected.
16:49:55 BattlEye Server: Player #4 carpe disconnected
16:50:05 Player Charlie disconnected.
16:50:05 BattlEye Server: Player #5 Charlie disconnected
17:41:16 BattlEye Server: (Side) Pv2.TonCo: no te escucho
17:41:32 BattlEye Server: (Side) Pv2.LocoRip: vos o yo pera
17:46:26 BattlEye Server: (Side) Yeet McDabbington: You hitting any other missions?
17:46:38 BattlEye Server: (Side) Pv2.LocoRip: nou is base
17:47:02 BattlEye Server: (Side) Yeet McDabbington: Enemy Outpost?
17:56:21 Player Yeet McDabbington disconnec