 9:01:42 BattlEye Server: Initialized (v1.217)
 9:01:42 Host identity created.
 9:01:42 Game Port: 2307, Steam Query Port: 2308
 9:01:43 Mission A3Wasteland Altis v1.4c read from bank.
 9:01:44 Roles assigned.
 9:01:44 Reading mission ...
 9:02:19 Mission read.
 9:02:19 Game started.
10:03:28 Rou Kowalski uses modified data file
10:03:28 BattlEye Server: Player #0 Rou Kowalski (73.147.1.91:2324) connected
10:03:28 Player Rou Kowalski connecting.
10:03:28 BattlEye Server: Connected to BE Master
10:03:30 BattlEye Server: Player #0 Rou Kowalski - BE GUID: 58cae163ea9d3a0ff8adde240b436737
10:03:33 Player Rou Kowalski connected (id=76561198034110598).
10:03:33 BattlEye Server: Verified GUID (58cae163ea9d3a0ff8adde240b436737) of player #0 Rou Kowalski
10:03:34 Player Rou Kowalski disconnected.
10:03:34 BattlEye Server: Player #0 Rou Kowalski disconnected
10:05:05 Rou Kowalski uses modified data file
10:05:05 BattlEye Server: Player #0 Rou Kowalski (73.147.1.91:2309) connected
10:05:05 Player Rou Kowalski connecting.
10:05:08 BattlEye Server: Player #0 Rou Kowalski - BE GUID: 58cae163ea9d3a0ff8adde240b436737
10:05:10 Player Rou Kowalski connected (id=76561198034110598).
10:05:10 BattlEye Server: Verified GUID (58cae163ea9d3a0ff8adde240b436737) of player #0 Rou Kowalski
10:18:53 Hemlock Kowalski uses modified data file
10:18:53 BattlEye Server: Player #1 Hemlock Kowalski (73.147.1.91:61055) connected
10:18:53 Player Hemlock Kowalski connecting.
10:18:55 BattlEye Server: Player #1 Hemlock Kowalski - BE GUID: 0e50d5bc222746efa845806a2af0fed1
10:18:57 Player Hemlock Kowalski connected (id=76561198201473535).
10:18:57 BattlEye Server: Verified GUID (0e50d5bc222746efa845806a2af0fed1) of player #1 Hemlock Kowalski
10:36:32 Player Rou Kowalski disconnected.
10:36:32 BattlEye Server: Player #0 Rou Kowalski disconnected
10:38:56 Player Hemlock Kowalski disconnected.
10:38:56 BattlEye Server: Player #1 Hemlock Kowalski disconnected
11:01:31 Varluk uses modified data file
11:01:31 BattlEye Server: Player #0 Varluk (188.170.82.154:15663) connected
11:01:31 Player Varluk connecting.
11:01:38 Player Varluk disconnected.
11:01:38 BattlEye Server: Player #0 Varluk disconnected
11:02:16 Varluk uses modified data file
11:02:17 BattlEye Server: Player #0 Varluk (188.170.82.154:15663) connected
11:02:17 Player Varluk connecting.
11:02:22 BattlEye Server: Player #0 Varluk - BE GUID: 40a5c124c81a14d4235b4453eb839ddf
11:02:22 Player Varluk connected (id=76561198022459854).
11:02:22 BattlEye Server: Verified GUID (40a5c124c81a14d4235b4453eb839ddf) of player #0 Varluk
11:19:50 Dimon uses modified data file
11:19:50 BattlEye Server: Player #1 Dimon (188.170.72.87:12634) connected
11:19:50 Player Dimon connecting.
11:19:54 BattlEye Server: Player #1 Dimon - BE GUID: af0bbd1d99dfe298d70672d42a2c9f9d
11:19:54 Player Dimon connected (id=76561198039177059).
11:19:54 BattlEye Server: Verified GUID (af0bbd1d99dfe298d70672d42a2c9f9d) of player #1 Dimon
11:24:27 Player Dimon disconnected.
11:24:27 BattlEye Server: Player #1 Dimon disconnected
11:28:08 Dimon uses modified data file
11:28:08 BattlEye Server: Player #1 Dimon (188.170.72.87:12634) connected
11:28:08 Player Dimon connecting.
11:28:11 BattlEye Server: Player #1 Dimon - BE GUID: af0bbd1d99dfe298d70672d42a2c9f9d
11:28:12 Player Dimon connected (id=76561198039177059).
11:28:12 BattlEye Server: Verified GUID (af0bbd1d99dfe298d70672d42a2c9f9d) of player #1 Dimon
11:31:31 Player Dimon disconnected.
11:31:31 BattlEye Server: Player #1 Dimon disconnected
11:34:26 Dimon uses modified data file
11:34:26 BattlEye Server: Player #1 Dimon (188.170.72.87:12634) connected
11:34:26 Player Dimon connecting.
11:34:29 BattlEye Server: Player #1 Dimon - BE GUID: af0bbd1d99dfe298d70672d42a2c9f9d
11:34:29 Player Dimon connected (id=76561198039177059).
11:34:29 BattlEye Server: Verified GUID (af0bbd1d99dfe298d70672d42a2c9f9d) of player #1 Dimon
11:40:48 Player Dimon disconnected.
11:40:48 BattlEye Server: Player #1 Dimon disconnected
11:48:37 Dimon uses modified data file
11:48:37 BattlEye Server: Player #1 Dimon (188.170.72.87:59570) connected
11:48:37 Player Dimon connecting.
11:48:41 BattlEye Server: Player #1 Dimon - BE GUID: af0bbd1d99dfe298d70672d42a2c9f9d
11:48:41 Player Dimon connected (id=76561198039177059).
11:48:41 BattlEye Server: Verified GUID (af0bbd1d99dfe298d70672d42a2c9f9d) of player #1 Dimon
11:58:38 pc - lameiro uses modified data file
11:58:38 BattlEye Server: Player #2 pc - lameiro (177.200.71.239:11658) connected
11:58:38 Player pc - lameiro connecting.
11:58:41 BattlEye Server: Player #2 pc - lameiro - BE GUID: b4d7b143624a4588ff48a7d4cc77385a
11:58:41 Player pc - lameiro connected (id=76561198149782958).
11:58:41 BattlEye Server: Verified GUID (b4d7b143624a4588ff48a7d4cc77385a) of player #2 pc - lameiro
11:59:34 Player Dimon disconnected.
11:59:34 BattlEye Server: Player #1 Dimon disconnected
12:04:05 Player Varluk disconnected.
12:04:05 BattlEye Server: Player #0 Varluk disconnected
12:14:18 Player pc - lameiro disconnected.
12:14:18 BattlEye Server: Player #2 pc - lameiro disconnected
12:16:53 pc - lameiro uses modified data file
12:16:53 BattlEye Server: Player #0 pc - lameiro (177.200.71.239:11658) connected
12:16:53 Player pc - lameiro connecting.
12:16:56 BattlEye Server: Player #0 pc - lameiro - BE GUID: b4d7b143624a4588ff48a7d4cc77385a
12:16:56 Player pc - lameiro connected (id=76561198149782958).
12:16:56 BattlEye Server: Verified GUID (b4d7b143624a4588ff48a7d4cc77385a) of player #0 pc - lameiro
12:45:48 JUAN BRITOS uses modified data file
12:45:48 BattlEye Server: Player #1 JUAN BRITOS (190.133.89.111:2309) connected
12:45:49 Player JUAN BRITOS connecting.
12:45:51 BattlEye Server: Player #1 JUAN BRITOS - BE GUID: 25a06ef7d52b271a225d04fbadb91d98
12:45:54 Player JUAN BRITOS connected (id=76561198158129249).
12:45:54 BattlEye Server: Verified GUID (25a06ef7d52b271a225d04fbadb91d98) of player #1 JUAN BRITOS
12:54:25 Player JUAN BRITOS disconnected.
12:54:25 BattlEye Server: Player #1 JUAN BRITOS disconnected
12:54:37 Max Mota uses modified data file
12:54:37 BattlEye Server: Player #1 Max Mota (201.211.80.165:2309) connected
12:54:37 Player Max Mota connecting.
12:54:40 BattlEye Server: Player #1 Max Mota - BE GUID: b24b492882c5bff2195677387329ee4f
12:54:43 Player Max Mota connected (id=76561198004095068).
12:54:43 BattlEye Server: Verified GUID (b24b492882c5bff2195677387329ee4f) of player #1 Max Mota
13:02:49 Player pc - lameiro disconnected.
13:02:49 BattlEye Server: Player #0 pc - lameiro disconnected
13:24:24 JUAN BRITOS uses modified data file
13:24:24 BattlEye Server: Player #2 JUAN BRITOS (190.133.89.111:2309) connected
13:24:25 Player JUAN BRITOS connecting.
13:24:27 BattlEye Server: Player #2 JUAN BRITOS - BE GUID: 25a06ef7d52b271a225d04fbadb91d98
13:24:28 Player JUAN BRITOS connected (id=76561198158129249).
13:24:28 BattlEye Server: Verified GUID (25a06ef7d52b271a225d04fbadb91d98) of player #2 JUAN BRITOS
13:27:07 Player JUAN BRITOS is losing connection
13:27:35 Player JUAN BRITOS disconnected.
13:27:35 BattlEye Server: Player #2 JUAN BRITOS disconnected
13:28:54 JUAN BRITOS uses modified data file
13:28:54 BattlEye Server: Player #2 JUAN BRITOS (190.133.238.206:2309) connected
13:28:54 Player JUAN BRITOS connecting.
13:28:57 BattlEye Server: Player #2 JUAN BRITOS - BE GUID: 25a06ef7d52b271a225d04fbadb91d98
13:28:58 Player JUAN BRITOS connected (id=76561198158129249).
13:28:58 BattlEye Server: Verified GUID (25a06ef7d52b271a225d04fbadb91d98) of player #2 JUAN BRITOS
13:32:58 BattlEye Server: (Global) Max Mota: Hey juan
13:33:02 BattlEye Server: (Global) Max Mota: que fue
13:33:10 BattlEye Server: (Global) Max Mota: hasta ahora me doy cuenta que eres tu jajajaja
13:33:19 BattlEye Server: (Global) Max Mota: por lo del clan, cyber me paso el video
13:34:35 BattlEye Server: (Global) JUAN BRITOS: usas discord??
13:34:42 BattlEye Server: (Global) Max Mota: si
14:49:43 Player Max Mota disconnected.
14:49:43 BattlEye Server: Player #1 Max Mota disconnected
14:52:13 Player JUAN BRITOS disconnected.
14:52:13 BattlEye Server: Player #2 JUAN BRITOS disconnected
14:55:00 Failed attempt to execute serverComman