 3:02:00 BattlEye Server: Initialized (v1.217)
 3:02:00 Host identity created.
 3:02:01 Game Port: 2307, Steam Query Port: 2308
 3:02:01 Mission A3Wasteland Altis v1.4c read from bank.
 3:02:04 Roles assigned.
 3:02:04 Reading mission ...
 3:02:57 Mission read.
 3:02:57 Game started.
 3:03:58 Rou Kowalski uses modified data file
 3:03:58 BattlEye Server: Player #0 Rou Kowalski (73.147.1.91:2309) connected
 3:03:58 Player Rou Kowalski connecting.
 3:03:58 BattlEye Server: Connected to BE Master
 3:04:00 BattlEye Server: Player #0 Rou Kowalski - BE GUID: 58cae163ea9d3a0ff8adde240b436737
 3:04:00 Player Rou Kowalski connected (id=76561198034110598).
 3:04:00 BattlEye Server: Verified GUID (58cae163ea9d3a0ff8adde240b436737) of player #0 Rou Kowalski
 3:18:25 Player Rou Kowalski disconnected.
 3:18:25 BattlEye Server: Player #0 Rou Kowalski disconnected
 6:32:04 Hollywood uses modified data file
 6:32:04 BattlEye Server: Player #0 Hollywood (109.254.8.12:2304) connected
 6:32:04 Player Hollywood connecting.
 6:32:07 BattlEye Server: Player #0 Hollywood - BE GUID: 4b614290b1a85bf1e2e0d1af5061524e
 6:32:07 Player Hollywood connected (id=76561198451968819).
 6:32:07 BattlEye Server: Verified GUID (4b614290b1a85bf1e2e0d1af5061524e) of player #0 Hollywood
 6:35:38 High Alert Highlander  uses modified data file
 6:35:38 BattlEye Server: Player #1 High Alert Highlander  (190.171.107.94:62725) connected
 6:35:38 Player High Alert Highlander  connecting.
 6:35:45 BattlEye Server: Player #1 High Alert Highlander  - BE GUID: a01f35e030c4464ff5b5e9c18ddf0195
 6:35:48 Player High Alert Highlander  connected (id=76561198065774594).
 6:35:48 BattlEye Server: Verified GUID (a01f35e030c4464ff5b5e9c18ddf0195) of player #1 High Alert Highlander 
 6:39:01 BattlEye Server: (Global) High Alert Highlander : good morning hollywood and welcome to the server 
 6:41:37 DJJ uses modified data file
 6:41:37 BattlEye Server: Player #2 DJJ (24.246.166.249:9409) connected
 6:41:37 Player DJJ connecting.
 6:41:41 BattlEye Server: Player #2 DJJ - BE GUID: d4f2ff524e729d033921c4674279bea4
 6:41:41 Player DJJ connected (id=76561198214020164).
 6:41:41 BattlEye Server: Verified GUID (d4f2ff524e729d033921c4674279bea4) of player #2 DJJ
 6:41:51 Player DJJ disconnected.
 6:41:51 BattlEye Server: Player #2 DJJ disconnected
 6:43:39 DJJ uses modified data file
 6:43:39 BattlEye Server: Player #2 DJJ (24.246.166.249:9409) connected
 6:43:39 Player DJJ connecting.
 6:43:42 BattlEye Server: Player #2 DJJ - BE GUID: d4f2ff524e729d033921c4674279bea4
 6:43:43 Player DJJ connected (id=76561198214020164).
 6:43:43 BattlEye Server: Verified GUID (d4f2ff524e729d033921c4674279bea4) of player #2 DJJ
 6:49:15 BattlEye Server: (Group) High Alert Highlander : be carefull there is a red close toyou
 6:49:19 BattlEye Server: (Group) High Alert Highlander : inthe airport 
 6:49:28 BattlEye Server: (Group) High Alert Highlander : alsomthemilitary patrol
 6:49:34 BattlEye Server: (Group) DJJ: yea im a spiper
 6:49:41 BattlEye Server: (Group) DJJ: sniper
 6:49:44 BattlEye Server: (Group) High Alert Highlander : yes u r iknow 
 6:49:50 BattlEye Server: (Group) High Alert Highlander : imwaching u
 6:50:29 BattlEye Server: (Group) DJJ: hey didnt i join ur clan how i get it to show up in game like u 
 6:50:50 BattlEye Server: (Group) High Alert Highlander : What umean 
 6:51:06 BattlEye Server: (Group) DJJ: like it awr with ur name
 6:51:26 BattlEye Server: (Group) DJJ: i joined ur clan but it dont show for me 
 6:51:41 BattlEye Server: (Group) High Alert Highlander : i see what umean  u got toearnthat not onlyby joining the clan also by been a regular player inthe server
 6:51:53 BattlEye Server: (Group) High Alert Highlander : u will have that in time 
 6:52:00 BattlEye Server: (Group) High Alert Highlander : ifyou continue playing {
 6:53:09 BattlEye Server: (Group) DJJ: how u go into 3 person
 6:53:21 BattlEye Server: (Group) High Alert Highlander : im admin
 6:53:39 BattlEye Server: (Group) DJJ: i know i mean like were i see my body
 6:53:48 BattlEye Server: (Group) High Alert Highlander : enter key
 6:56:46 BattlEye Server: (Group) High Alert Highlander : dont get close tothe air port 
 6:56:54 BattlEye Server: (Group) DJJ: hoch my bad
 6:56:56 BattlEye Server: (Group) High Alert Highlander : imartilering that 
 7:00:00 Player Hollywood disconnected.
 7:00:00 BattlEye Server: Player #0 Hollywood disconnected
 7:02:07 BattlEye Server: (Group) DJJ: hey how do i show r names on the map
 7:02:18 BattlEye Server: (Group) High Alert Highlander : windows key 
 7:02:30 BattlEye Server: (Group) High Alert Highlander : u cant seepeople her 
 7:02:40 BattlEye Server: (Group) High Alert Highlander : is hidden 
 7:03:14 BattlEye Server: (Group) DJJ: /so i do i find i dont see me on the map
 7:03:20 BattlEye Server: (Group) High Alert Highlander : correct
 7:04:52 BattlEye Server: (Group) High Alert Highlander : see in the air port 
 7:05:18 BattlEye Server: (Group) DJJ: yea but i dont see ur name or my name 
 7:05:32 BattlEye Server: (Group) High Alert Highlander : no until we get close toeach other
 7:05:38 BattlEye Server: (Group) High Alert Highlander : uwill see ablue dot 
 7:06:12 BattlEye Server: (Group) High Alert Highlander : the ai hereis at maximun level sobecarefull
 7:12:42 BattlEye Server: (Group) DJJ: i found a chopper
 7:15:47 BattlEye Server: (Group) DJJ: that u told me no flyin helis
 7:20:07 BattlEye Server: (Group) DJJ: tank come to u watch out
 7:20:47 BattlEye Server: (Group) High Alert Highlander : shit
 7:21:14 BattlEye Server: (Group) High Alert Highlander : themission failed
 7:22:23 BattlEye Server: (Group) High Alert Highlander : thereis boddys loot them
 7:23:13 BattlEye Server: (Group) High Alert Highlander : take that is yours sellit make somemoney 
 7:23:46 BattlEye Server: (Group) High Alert Highlander : thereis alsoboddys alloverhere
 7:26:38 BattlEye Server: (Group) DJJ: cant take anymore ammo
 7:26:44 BattlEye Server: (Group) DJJ: im full 
 7:26:45 BattlEye Server: (Group) High Alert Highlander : use that apc
 7:26:49 BattlEye Server: (Group) High Alert Highlander : isyours
 7:27:14 BattlEye Server: (Group) High Alert Highlander : loot everything so you sellthat 
 7:28:44 BattlEye Server: (Group) DJJ: hope in
 7:31:02 BattlEye Server: (Group) High Alert Highlander : behind
 7:32:09 BattlEye Server: (Group) High Alert Highlander : sell everythinmg now
 7:33:03 BattlEye Server: (Group) DJJ: it wont let me
 7:33:19 BattlEye Server: (Group) High Alert Highlander : use the driver sit then sell
 7:34:12 BattlEye Server: (Group) DJJ: wow i got 150$ for that
 7:34:29 BattlEye Server: (Group) High Alert Highlander : sell that apc
 7:35:01 BattlEye Server: (Group) DJJ: mutherfucking money oh yea oh yea 
 7:36:32 BattlEye Server: (Group) DJJ: die bunny die
 7:36:35 BattlEye Server: (Group) High Alert Highlander : ijustsendu 150k
 7:36:51 BattlEye Server: (Group) DJJ: holy fuck im rich thank 
 7:40:23 BattlEye Server: (Group) High Alert Highlander : take that isyour 
 7:40:31 BattlEye Server: (Group) High Alert Highlander : sonowyou canstart playing 
 7:40:58 BattlEye Server: (Group) High Alert Highlander : dont waste upirammo isexpencive to resupply 
 7:41:08 BattlEye Server: (Group) DJJ: u wanna do some missions
 7:41:19 BattlEye Server: (Group) High Alert Highlander : sure u take thatruck
 7:41:57 BattlEye Server: (Group) High Alert Highlander : claimowneer ship dont forget 
 7:42:43 BattlEye Server: (Group) High Alert Highlander : seeyou in the generalstore soyou cangerraup 
 7:42:53 BattlEye Server: (Group) High Alert Highlander : imark it with anblackx
 7:43:03 BattlEye Server: (Group) DJJ: hey can i go get better gear real quick idont know were the city is for so can u lead e there
 7:43:27 BattlEye Server: (Group) High Alert Highlander : just did 
 7:43:30 BattlEye Server: (Group) High Alert Highlander : chev map
 7:43:37 BattlEye Server: (Group) High Alert Highlander : seeuthere
 7:44:06 BattlEye Server: (Group) DJJ: still dont see it
 7:44:17 BattlEye Server: (Group) DJJ: ok now i do 
 7:44:29 BattlEye Server: (Group) High Alert Highlander : black x inthe map
 7:57:32 BattlEye S