21:01:34 BattlEye Server: Initialized (v1.217)
21:01:34 Host identity created.
21:01:34 Game Port: 2307, Steam Query Port: 2308
21:01:34 Mission A3Wasteland Altis v1.4c read from bank.
21:01:35 Roles assigned.
21:01:35 Reading mission ...
21:02:06 Mission read.
21:02:06 Cdt. Chief uses modified data file
21:02:06 BattlEye Server: Player #0 Cdt. Chief (68.230.78.151:2304) connected
21:02:06 Player Cdt. Chief connecting.
21:02:06 Game started.
21:02:07 BattlEye Server: Connected to BE Master
21:02:09 BattlEye Server: Player #0 Cdt. Chief - BE GUID: af11a3a01662bb40284c76228333ac1f
21:02:10 Hemlock Kowalski uses modified data file
21:02:10 BattlEye Server: Player #1 Hemlock Kowalski (73.147.1.91:2304) connected
21:02:10 Player Hemlock Kowalski connecting.
21:02:10 Player Cdt. Chief connected (id=76561198311827157).
21:02:10 BattlEye Server: Verified GUID (af11a3a01662bb40284c76228333ac1f) of player #0 Cdt. Chief
21:02:12 BattlEye Server: Player #1 Hemlock Kowalski - BE GUID: 0e50d5bc222746efa845806a2af0fed1
21:02:33 Player Hemlock Kowalski connected (id=76561198201473535).
21:02:33 BattlEye Server: Verified GUID (0e50d5bc222746efa845806a2af0fed1) of player #1 Hemlock Kowalski
21:05:14 Rou Kowalski uses modified data file
21:05:14 BattlEye Server: Player #2 Rou Kowalski (73.147.1.91:2309) connected
21:05:14 Player Rou Kowalski connecting.
21:05:17 BattlEye Server: Player #2 Rou Kowalski - BE GUID: 58cae163ea9d3a0ff8adde240b436737
21:05:18 Player Rou Kowalski connected (id=76561198034110598).
21:05:18 BattlEye Server: Verified GUID (58cae163ea9d3a0ff8adde240b436737) of player #2 Rou Kowalski
21:06:18 Player Cdt. Chief: Signature check timed out
21:06:19 Player Cdt. Chief disconnected.
21:06:19 BattlEye Server: Player #0 Cdt. Chief disconnected
21:10:31 Cdt. Chief uses modified data file
21:10:31 BattlEye Server: Player #3 Cdt. Chief (68.230.78.151:2304) connected
21:10:31 Player Cdt. Chief connecting.
21:10:34 BattlEye Server: Player #3 Cdt. Chief - BE GUID: af11a3a01662bb40284c76228333ac1f
21:10:36 Player Cdt. Chief connected (id=76561198311827157).
21:10:36 BattlEye Server: Verified GUID (af11a3a01662bb40284c76228333ac1f) of player #3 Cdt. Chief
21:15:10 Player Cdt. Chief: Signature check timed out
21:15:10 Player Cdt. Chief disconnected.
21:15:10 BattlEye Server: Player #3 Cdt. Chief disconnected
21:15:56 Cdt. Chief uses modified data file
21:15:56 BattlEye Server: Player #3 Cdt. Chief (68.230.78.151:2304) connected
21:15:56 Player Cdt. Chief connecting.
21:15:59 BattlEye Server: Player #3 Cdt. Chief - BE GUID: af11a3a01662bb40284c76228333ac1f
21:16:01 Player Cdt. Chief connected (id=76561198311827157).
21:16:01 BattlEye Server: Verified GUID (af11a3a01662bb40284c76228333ac1f) of player #3 Cdt. Chief
21:19:28 Player Cdt. Chief: Signature check timed out
21:19:28 Player Cdt. Chief disconnected.
21:19:28 BattlEye Server: Player #3 Cdt. Chief disconnected
22:21:33 High Alert Highlander  uses modified data file
22:21:33 BattlEye Server: Player #3 High Alert Highlander  (190.171.107.50:62720) connected
22:21:33 Player High Alert Highlander  connecting.
22:21:36 BattlEye Server: Player #3 High Alert Highlander  - BE GUID: a01f35e030c4464ff5b5e9c18ddf0195
22:21:37 Player High Alert Highlander  connected (id=76561198065774594).
22:21:37 BattlEye Server: Verified GUID (a01f35e030c4464ff5b5e9c18ddf0195) of player #3 High Alert Highlander 
22:25:26 BattlEye Server: (Side) High Alert Highlander : hi guys 
22:26:29 BattlEye Server: (Group) High Alert Highlander : wait what
22:26:36 BattlEye Server: (Group) High Alert Highlander : i waswith music
22:26:40 BattlEye Server: (Group) High Alert Highlander : sorry 
22:26:51 BattlEye Server: (Group) High Alert Highlander : oh no relax go ahead 
22:26:58 BattlEye Server: (Group) High Alert Highlander : thks
22:52:41 BattlEye Server: (Group) High Alert Highlander : u guysneed help _
22:53:15 BattlEye Server: (Group) High Alert Highlander : ok
22:53:45 BattlEye Server: (Group) High Alert Highlander : be there in 5
22:53:54 BattlEye Server: (Group) High Alert Highlander : im  in base
22:54:05 