 9:02:01 BattlEye Server: Initialized (v1.217)
 9:02:01 Host identity created.
 9:02:01 Game Port: 2307, Steam Query Port: 2308
 9:02:01 Mission A3Wasteland Altis v1.4c read from bank.
 9:02:03 Roles assigned.
 9:02:03 Reading mission ...
 9:02:40 Mission read.
 9:02:40 Game started.
10:03:31 Viktor uses modified data file
10:03:31 BattlEye Server: Player #0 Viktor (85.49.203.185:1440) connected
10:03:31 Player Viktor connecting.
10:03:32 BattlEye Server: Connected to BE Master
10:03:32 Player Viktor disconnected.
10:03:32 BattlEye Server: Player #0 Viktor disconnected
11:03:33 P.O.W. Player Of War uses modified data file
11:03:33 BattlEye Server: Player #0 P.O.W. Player Of War (90.220.5.28:2309) connected
11:03:33 Player P.O.W. Player Of War connecting.
11:03:55 BattlEye Server: Player #0 P.O.W. Player Of War - BE GUID: 31172f538a92d1c7b59be1537ac3c092
11:03:56 Player P.O.W. Player Of War connected (id=76561198076741117).
11:03:56 BattlEye Server: Verified GUID (31172f538a92d1c7b59be1537ac3c092) of player #0 P.O.W. Player Of War
11:13:13 Mason uses modified data file
11:13:13 BattlEye Server: Player #1 Mason (24.207.152.238:2309) connected
11:13:13 Player Mason connecting.
11:13:15 BattlEye Server: Player #1 Mason - BE GUID: 955d09b6e1dde9360ceebc2963df084d
11:13:16 Player Mason connected (id=76561198026943270).
11:13:16 BattlEye Server: Verified GUID (955d09b6e1dde9360ceebc2963df084d) of player #1 Mason
11:16:46 Player Mason disconnected.
11:16:46 BattlEye Server: Player #1 Mason disconnected
11:45:36 Player P.O.W. Player Of War disconnected.
11:45:36 BattlEye Server: Player #0 P.O.W. Player Of War disconnected
12:08:20 High Alert Highlander  uses modified data file
12:08:20 BattlEye Server: Player #0 High Alert Highlander  (190.171.107.27:62725) connected
12:08:20 Player High Alert Highlander  connecting.
12:08:26 BattlEye Server: Player #0 High Alert Highlander  - BE GUID: a01f35e030c4464ff5b5e9c18ddf0195
12:08:28 Player High Alert Highlander  connected (id=76561198065774594).
12:08:28 BattlEye Server: Verified GUID (a01f35e030c4464ff5b5e9c18ddf0195) of player #0 High Alert Highlander 
12:13:14 Player High Alert Highlander  disconnected.
12:13:14 BattlEye Server: Player #0 High Alert Highlander  disconnected
12:19:12 High Alert Highlander  uses modified data file
12:19:12 BattlEye Server: Player #0 High Alert Highlander  (190.171.107.27:62725) connected
12:19:12 Player High Alert Highlander  connecting.
12:19:14 BattlEye Server: Player #0 High Alert Highlander  - BE GUID: a01f35e030c4464ff5b5e9c18ddf0195
12:19:17 Player High Alert Highlander  connected (id=76561198065774594).
12:19:17 BattlEye Server: Verified GUID (a01f35e030c4464ff5b5e9c18ddf0195) of player #0 High Alert Highlander 
12:21:19 Mason uses modified data file
12:21:19 BattlEye Server: Player #1 Mason (24.207.152.238:2309) connected
12:21:19 Player Mason connecting.
12:21:21 BattlEye Server: Player #1 Mason - BE GUID: 955d09b6e1dde9360ceebc2963df084d
12:21:21 Player Mason connected (id=76561198026943270).
12:21:21 BattlEye Server: Verified GUID (955d09b6e1dde9360ceebc2963df084d) of player #1 Mason
12:42:43 Feller uses modified data file
12:42:43 BattlEye Server: Player #2 Feller (68.251.245.45:2309) connected
12:42:43 Player Feller connecting.
12:42:45 BattlEye Server: Player #2 Feller - BE GUID: 57722fbe19de6869f5a7407356ceaaba
12:42:46 Player Feller connected (id=76561198044427738).
12:42:46 BattlEye Server: Verified GUID (57722fbe19de6869f5a7407356ceaaba) of player #2 Feller
12:44:22 Camer uses modified data file
12:44:22 BattlEye Server: Player #3 Camer (107.138.81.9:2304) connected
12:44:22 Player Camer connecting.
12:44:24 BattlEye Server: Player #3 Camer - BE GUID: 2367070bc7749db1fdcc75e3738fbad9
12:44:24 Player Camer connected (id=76561198050933684).
12:44:24 BattlEye Server: Verified GUID (2367070bc7749db1fdcc75e3738fbad9) of player #3 Camer
12:51:14 Max Mota uses modified data file
12:51:14 BattlEye Server: Player #4 Max Mota (190.75.120.106:2309) connected
12:51:14 Player Max Mota connecting.
12:51:17 BattlEye Server: Player #4 Max Mota - BE GUID: b24b492882c5bff2195677387329ee4f
12:51:19 Player Max Mota connected (id=76561198004095068).
12:51:19 BattlEye Server: Verified GUID (b24b492882c5bff2195677387329ee4f) of player #4 Max Mota
12:52:16 Nate uses modified data file
12:52:16 BattlEye Server: Player #5 Nate (173.20.124.131:2304) connected
12:52:16 Player Nate connecting.
12:52:17 Player Nate disconnected.
12:52:17 BattlEye Server: Player #5 Nate disconnected
13:07:02 BattlEye Server: (Global) Feller: you having fun with that arty truck again lol
13:16:28 blitz uses modified data file
13:16:28 BattlEye Server: Player #5 blitz (47.148.88.160:2304) connected
13:16:28 Player blitz connecting.
13:16:30 BattlEye Server: Player #5 blitz - BE GUID: 6bc8c2b5b14129c9fb00b4d0f1630137
13:16:31 Player blitz connected (id=76561198126352386).
13:16:31 BattlEye Server: Verified GUID (6bc8c2b5b14129c9fb00b4d0f1630137) of player #5 blitz
13:16:31 Player blitz disconnected.
13:16:31 BattlEye Server: Player #5 blitz disconnected
13:18:15 UrPapTrap uses modified data file
13:18:15 BattlEye Server: Player #5 UrPapTrap (172.1.97.121:2304) connected
13:18:15 Player UrPapTrap connecting.
13:18:19 BattlEye Server: Player #5 UrPapTrap - BE GUID: bc0455be729b0a6efc019b64795d18d8
13:18:19 Player UrPapTrap connected (id=76561198097586684).
13:18:19 BattlEye Server: Verified GUID (bc0455be729b0a6efc019b64795d18d8) of player #5 UrPapTrap
13:23:16 BattlEye Server: (Global) Feller: where you at with that arty truck boi
13:23:26 BattlEye Server: (Global) Feller: also isnt that kind of  a lame way to play?
13:23:39 BattlEye Server: (Global) Max Mota: zZzzZzzzzzZZzz
13:23:51 BattlEye Server: (Global) High Alert Highlander : milsim   server everything goes
13:23:55 BattlEye Server: (Global) Feller: lmao
13:23:57 BattlEye Server: (Global) Feller: milsim
13:23:59 BattlEye Server: (Global) Camer: Rule one for being a pussy, never tell where you are
13:24:01 BattlEye Server: (Global) High Alert Highlander : get use to it 
13:24:05 BattlEye Server: (Global) Feller: ok bud
13:24:31 BattlEye Server: (Global) Feller: go play on a "milsim" server, not wasteland lol
13:24:48 BattlEye Server: (Global) High Alert Highlander : this is amilsimserver 
13:24:51 BattlEye Server: (Global) High Alert Highlander : omg 
13:24:59 BattlEye Server: (Global) Camer: you seem angry
13:25:01 BattlEye Server: (Global) Feller: no its not fuck you mea 
13:25:05 BattlEye Server: (Global) Feller: mean*
13:25:06 BattlEye Server: (Global) High Alert Highlander : wasteland is the type 
13:25:37 BattlEye Server: (Global) Camer: wait hol up, milsim and wasteland are 2 dif types. idc if you arty truck, but u wrong in that regard
13:25:47 BattlEye Server: (Global) Feller: so you get on a server with 5 other people just to ruin their fun?
13:25:56 BattlEye Server: (Global) Camer: im not with him ^
13:25:57 BattlEye Server: (Global) Max Mota: you can buy one arty truck and do the same
13:26:02 BattlEye Server: (Global) Feller: were just chilling, and you artillery strike lmao
13:26:12 BattlEye Server: (Global) Feller: its not even fun tho
13:26:21 BattlEye Server: (Global) Feller: sit accross the map and look at your console
13:26:35 BattlEye Server: (Global) High Alert Highlander : it is fun to me 
13:26:46 BattlEye Server: (Global) Feller: must be a boring guy then lol
13:26:54 BattlEye Server: (Global) Camer: he angry ^
13:26:58 BattlEye Server: (Global) High Alert Highlander : problably
13:27:03 BattlEye Server: (Global) Feller: go in in a tank or on foot, not sitting accross the map
13:27:08 BattlEye Server: (Global) High Alert Highlander : just like the blood
13:27:21 BattlEye Server: (Global) Feller: then get close enough to see it ;)
13:27:31 BattlEye Server: (Global) High Alert Highlander : for what 
13:27:38 BattlEye Server: (Global) Feller: the blood i d  i o  t
13:27:41 BattlEye Server: (Global) High Alert Highlander : ifi cvan see that at distance 
13:27:48 BattlEye Server: (Global) Feller: theres no risk that way
13:27:53 BattlEye Server: (Global) Feller: as i said, not fun
13:28:00 BattlEye Server: (Global) High Ale