18:04:05 BattlEye Server: Initialized (v1.217)
18:04:05 Host identity created.
18:04:05 Game Port: 2307, Steam Query Port: 2308
18:04:05 Mission A3Wasteland Altis v1.4c read from bank.
18:04:06 Roles assigned.
18:04:06 Reading mission ...
18:04:37 Mission read.
18:04:38 Game started.
18:05:05 High Alert Highlander  uses modified data file
18:05:05 BattlEye Server: Player #0 High Alert Highlander  (190.171.107.50:62725) connected
18:05:05 Player High Alert Highlander  connecting.
18:05:05 BattlEye Server: Connected to BE Master
18:05:07 BattlEye Server: Player #0 High Alert Highlander  - BE GUID: a01f35e030c4464ff5b5e9c18ddf0195
18:05:08 Player High Alert Highlander  connected (id=76561198065774594).
18:05:08 BattlEye Server: Verified GUID (a01f35e030c4464ff5b5e9c18ddf0195) of player #0 High Alert Highlander 
18:12:06 Rou Kowalski uses modified data file
18:12:06 BattlEye Server: Player #1 Rou Kowalski (73.147.1.91:2309) connected
18:12:06 Player Rou Kowalski connecting.
18:12:08 BattlEye Server: Player #1 Rou Kowalski - BE GUID: 58cae163ea9d3a0ff8adde240b436737
18:12:10 Player Rou Kowalski connected (id=76561198034110598).
18:12:10 BattlEye Server: Verified GUID (58cae163ea9d3a0ff8adde240b436737) of player #1 Rou Kowalski
18:13:13 Mason uses modified data file
18:13:13 BattlEye Server: Player #2 Mason (71.81.137.47:2309) connected
18:13:13 Player Mason connecting.
18:13:15 BattlEye Server: Player #2 Mason - BE GUID: 955d09b6e1dde9360ceebc2963df084d
18:13:15 Player Mason connected (id=76561198026943270).
18:13:15 BattlEye Server: Verified GUID (955d09b6e1dde9360ceebc2963df084d) of player #2 Mason
18:16:10 Shudderfly uses modified data file
18:16:10 BattlEye Server: Player #3 Shudderfly (162.200.20.108:2304) connected
18:16:10 Player Shudderfly connecting.
18:16:12 BattlEye Server: Player #3 Shudderfly - BE GUID: 697f1d9131c56f8ea012a4359839a8d5
18:16:12 Player Shudderfly connected (id=76561197971063519).
18:16:12 BattlEye Server: Verified GUID (697f1d9131c56f8ea012a4359839a8d5) of player #3 Shudderfly
18:29:50 BattlEye Server: (Group) High Alert Highlander : the shuderfly is in 
18:49:52 BattlEye Server: (Group) High Alert Highlander : guys 
18:50:00 BattlEye Server: (Group) High Alert Highlander : is there
18:50:10 BattlEye Server: (Group) High Alert Highlander : masobn
18:50:15 BattlEye Server: (Group) High Alert Highlander : he is after you
18:50:34 BattlEye Server: (Group) High Alert Highlander : takeofff
18:52:07 BattlEye Server: (Group) High Alert Highlander : groupchat in steamaccept that 
18:57:19 Player Shudderfly disconnected.
18:57:19 BattlEye Server: Player #3 Shudderfly disconnected
19:02:11 BattlEye Server: (Global) High Alert Highlander : plsinv 
19:02:32 BattlEye Server: (Global) High Alert Highlander : thks
19:06:07 BattlEye Server: (Global) High Alert Highlander : pls inv again
19:08:37 BattlEye Server: (Global) High Alert Highlander : lolinv pls
19:08:41 BattlEye Server: (Global) High Alert Highlander : sorry
19:11:22 BattlEye Server: (Global) High Alert Highlander : plsinv again
19:18:47 BattlEye Server: (Group) High Alert Highlander : mason canu takemeto a generalstore 
19:26:39 BattlEye Server: (Group) High Alert Highlander : thksforleaving mebehind
19:33:13 BattlEye Server: (Group) High Alert Highlander : noidea
19:40:36 Ser Eblan uses modified data file
19:40:36 BattlEye Server: Player #3 Ser Eblan (95.26.81.136:2304) connected
19:40:36 Player Ser Eblan connecting.
19:40:39 BattlEye Server: Player #3 Ser Eblan - BE GUID: 244b637f4295715693785e75e605bc1e
19:40:39 Player Ser Eblan connected (id=76561198140085058).
19:40:39 BattlEye Server: Verified GUID (244b637f4295715693785e75e605bc1e) of player #3 Ser Eblan
19:42:50 BattlEye Server: (Global) High Alert Highlander : weahve newplayerin game
19:43:00 BattlEye Server: (Group) High Alert Highlander : wehave newplayeringame
19:44:04 BattlEye Server: (Group) High Alert Highlander : i dont have himinmylist 
19:45:55 Player Ser Eblan disconnected.
19:45:55 BattlEye Server: Player #3 Ser Eblan disconnected
19:46:10 BattlEye Server: (Group) High Alert Highlander : WHAT HELI? rou 
19:46:15 Ser Eblan uses modified data file
19:46:15 BattlEye Server: Player #3 Ser Eblan (95.26.81.136:2304) connected
19:46:15 Player Ser Eblan connecting.
19:46:18 BattlEye Server: Player #3 Ser Eblan - BE GUID: 244b637f4295715693785e75e605bc1e
19:46:18 Player Ser Eblan connected (id=76561198140085058).
19:46:18 BattlEye Server: Verified GUID (244b637f4295715693785e75e605bc1e) of player #3 Ser Eblan
19:46:45 BattlEye Server: (Group) High Alert Highlander : thats nothing apachesucks 
19:46:45 Player Ser Eblan disconnected.
19:46:45 BattlEye Server: Player #3 Ser Eblan disconnected
19:47:25 BattlEye Server: (Group) High Alert Highlander : want to try a badass heli 
19:47:32 BattlEye Server: (Group) High Alert Highlander : try  ka-52
19:51:54 Player Mason disconnected.
19:51:54 BattlEye Server: Player #2 Mason disconnected
20:06:01 BattlEye Server: (Group) High Alert Highlander : gear and weapons
20:22:43 Hemlock Kowalski uses modified data file
20:22:43 BattlEye Server: Player #2 Hemlock Kowalski (73.147.1.91:2304) connected
20:22:43 Player Hemlock Kowalski connecting.
20:22:45 BattlEye Server: Player #2 Hemlock Kowalski - BE GUID: 0e50d5bc222746efa845806a2af0fed1
20:22:45 Player Hemlock Kowalski connected (id=76561198201473535).
20:22:45 BattlEye Server: Verified GUID (0e50d5bc222746efa845806a2af0fed1) of player #2 Hemlock Kowalski
20:22:54 BattlEye Server: (Group) High Alert Highlander : WOOOOOOOOOOW
20:23:01 BattlEye Server: (Group) High Alert Highlander : MIRACLES EXIST 
20:25:15 Player Hemlock Kowalski disconnected.
20:25:15 BattlEye Server: Player #2 Hemlock Kowalski disconnected
20:30:42 Hemlock Kowalski uses modified data file
20:30:42 BattlEye Server: Player #2 Hemlock Kowalski (73.147.1.91:2304) connected
20:30:42 Player Hemlock Kowalski connecting.
20:30:44 BattlEye Server: Player #2 Hemlock Kowalski - BE GUID: 0e50d5bc222746efa845806a2af0fed1
20:30:44 Player Hemlock Kowalski connected (id=76561198201473535).
20:30:44 BattlEye Server: Verified GUID (0e50d5bc222746efa845806a2af0fed1) of player #2 Hemlock Kowalski
20:33:11 Player Hemlock Kowalski disconnected.
20:33:11 BattlEye Server: Player #2 Hemlock Kowalski disconnected
20:34:19 Hemlock Kowalski uses modified data file
20:34:19 BattlEye Server: Player #2 Hemlock Kowalski (73.147.1.91:2304) connected
20:34:19 Player Hemlock Kowalski connecting.
20:34:21 BattlEye Server: Player #2 Hemlock Kowalski - BE GUID: 0e50d5bc222746efa845806a2af0fed1
20:34:21 Player Hemlock Kowalski connected (id=76561198201473535).
20:34:21 BattlEye Server: Verified GUID (0e50d5bc222746efa845806a2af0fed1) of player #2 Hemlock Kowalski
20:37:48 Player Hemlock Kowalski disconnected.
20:37:48 BattlEye Server: Player #2 Hemlock Kowalski disconnected
20:38:25 Hemlock Kowalski uses modified data file
20:38:25 BattlEye Server: Player #2 Hemlock Kowalski (73.147.1.91:2304) connected
20:38:25 Player Hemlock Kowalski connecting.
20:38:27 BattlEye Server: Player #2 Hemlock Kowalski - BE GUID: 0e50d5bc222746efa845806a2af0fed1
20:38:28 Player Hemlock Kowalski connected (id=76561198201473535).
20:38:28 BattlEye Server: Verified GUID (0e50d5bc222746efa845806a2af0fed1) of player #2 Hemlock Kowalski
20:39:48 BattlEye Server: (Group) High Alert Highlander : shejoinjblue
20:40:35 BattlEye Server: (Group) High Alert Highlander : but sheisinganme
20:40:53 BattlEye Server: (Group) High Alert Highlander : updatethemods
20:43:11 Player Hemlock Kowalski disconnected.
20:43:12 BattlEye Server: Player #2 Hemlock Kowalski disconnected
20:47:52 Gabe Fate uses modified data file
20:47:52 BattlEye Server: Player #2 Gabe Fate (113.109.215.84:2309) connected
20:47:52 Player Gabe Fate connecting.
20:47:56 BattlEye Server: Player #2 Gabe Fate - BE GUID: 72bc3a12dba34d7d6db6a072d106be02
20:47:56 Player Gabe Fate connected (id=76561198161371160).
20:47:56 BattlEye Server: Verified GUID (72bc3a12dba34d7d6db6a072d106be02) of player #2 Gabe Fate
20:48:22 Player Gabe Fate disconnected.
20:48:22 BattlEye Server: Player #2 Gabe Fate disconnected
20:53:39 Leon Hassan uses modified data file
20:53:39 Ba