15:01:41 BattlEye Server: Initialized (v1.217)
15:01:41 Host identity created.
15:01:41 Game Port: 2307, Steam Query Port: 2308
15:01:41 Mission A3Wasteland Altis v1.4c read from bank.
15:01:43 Roles assigned.
15:01:43 Reading mission ...
15:02:18 Mission read.
15:02:18 Rou Kowalski uses modified data file
15:02:18 BattlEye Server: Player #0 Rou Kowalski (73.147.1.91:2309) connected
15:02:18 Player Rou Kowalski connecting.
15:02:18 Game started.
15:02:19 BattlEye Server: Connected to BE Master
15:02:20 BattlEye Server: Player #0 Rou Kowalski - BE GUID: 58cae163ea9d3a0ff8adde240b436737
15:02:22 Player Rou Kowalski connected (id=76561198034110598).
15:02:22 BattlEye Server: Verified GUID (58cae163ea9d3a0ff8adde240b436737) of player #0 Rou Kowalski
15:03:38 Pv2.LocoRip uses modified data file
15:03:38 BattlEye Server: Player #1 Pv2.LocoRip (186.54.22.97:2309) connected
15:03:38 Player Pv2.LocoRip connecting.
15:03:40 BattlEye Server: Player #1 Pv2.LocoRip - BE GUID: 6e14f10b0ec9d34577d93c5be4489630
15:03:41 Player Pv2.LocoRip connected (id=76561198274624548).
15:03:41 BattlEye Server: Verified GUID (6e14f10b0ec9d34577d93c5be4489630) of player #1 Pv2.LocoRip
15:09:29 Pv2.TonCo uses modified data file
15:09:29 BattlEye Server: Player #2 Pv2.TonCo (179.25.72.104:2309) connected
15:09:29 Player Pv2.TonCo connecting.
15:09:32 BattlEye Server: Player #2 Pv2.TonCo - BE GUID: ee833b841d43b4780d30bd9849396bba
15:09:33 Player Pv2.TonCo connected (id=76561198432942871).
15:09:33 BattlEye Server: Verified GUID (ee833b841d43b4780d30bd9849396bba) of player #2 Pv2.TonCo
15:16:04 Mason uses modified data file
15:16:04 BattlEye Server: Player #3 Mason (24.207.152.238:2309) connected
15:16:04 Player Mason connecting.
15:16:06 BattlEye Server: Player #3 Mason - BE GUID: 955d09b6e1dde9360ceebc2963df084d
15:16:07 Player Mason connected (id=76561198026943270).
15:16:07 BattlEye Server: Verified GUID (955d09b6e1dde9360ceebc2963df084d) of player #3 Mason
15:22:10 BattlEye Server: (Side) Mason: hiya
15:48:01 Soft Fluffy Cuddlebear uses modified data file
15:48:01 BattlEye Server: Player #4 Soft Fluffy Cuddlebear (190.171.107.94:62720) connected
15:48:01 Player Soft Fluffy Cuddlebear connecting.
15:48:03 BattlEye Server: Player #4 Soft Fluffy Cuddlebear - BE GUID: a01f35e030c4464ff5b5e9c18ddf0195
15:48:04 Player Soft Fluffy Cuddlebear connected (id=76561198065774594).
15:48:04 BattlEye Server: Verified GUID (a01f35e030c4464ff5b5e9c18ddf0195) of player #4 Soft Fluffy Cuddlebear
15:51:25 Player Soft Fluffy Cuddlebear: Signature check timed out
15:51:25 Player Soft Fluffy Cuddlebear disconnected.
15:51:25 BattlEye Server: Player #4 Soft Fluffy Cuddlebear disconnected
15:51:45 Soft Fluffy Cuddlebear uses modified data file
15:51:45 BattlEye Server: Player #4 Soft Fluffy Cuddlebear (190.171.107.94:62720) connected
15:51:45 Player Soft Fluffy Cuddlebear connecting.
15:51:47 BattlEye Server: Player #4 Soft Fluffy Cuddlebear - BE GUID: a01f35e030c4464ff5b5e9c18ddf0195
15:51:47 Player Soft Fluffy Cuddlebear connected (id=76561198065774594).
15:51:47 BattlEye Server: Verified GUID (a01f35e030c4464ff5b5e9c18ddf0195) of player #4 Soft Fluffy Cuddlebear
15:54:13 Sherlock Holmes uses modified data file
15:54:13 BattlEye Server: Player #5 Sherlock Holmes (104.219.30.110:2309) connected
15:54:14 Player Sherlock Holmes connecting.
15:54:16 BattlEye Server: Player #5 Sherlock Holmes - BE GUID: dd09683aca79ccce2d4bf2755ea06baf
15:54:32 BattlEye Server: (Side) Soft Fluffy Cuddlebear: discord
15:54:48 Player Sherlock Holmes connected (id=76561198071841988).
15:54:48 BattlEye Server: Verified GUID (dd09683aca79ccce2d4bf2755ea06baf) of player #5 Sherlock Holmes
16:03:23 skygo uses modified data file
16:03:23 BattlEye Server: Player #6 skygo (75.135.231.90:2304) connected
16:03:23 Player skygo connecting.
16:03:25 BattlEye Server: Player #6 skygo - BE GUID: 0c9c1b09a614a17744bbc4afab3ed6e7
16:03:26 Player skygo connected (id=76561198062901375).
16:03:26 BattlEye Server: Verified GUID (0c9c1b09a614a17744bbc4afab3ed6e7) of player #6 skygo
16:05:41 BattlEye Server: (Side) 