21:01:37 BattlEye Server: Initialized (v1.217)
21:01:37 Host identity created.
21:01:37 Game Port: 2307, Steam Query Port: 2308
21:01:37 Mission A3Wasteland Altis v1.4c read from bank.
21:01:39 Roles assigned.
21:01:39 Reading mission ...
21:02:12 Mission read.
21:02:12 Game started.
21:02:51 Ironside uses modified data file
21:02:51 BattlEye Server: Player #0 Ironside (24.118.118.85:2304) connected
21:02:51 Player Ironside connecting.
21:02:51 BattlEye Server: Connected to BE Master
21:02:53 BattlEye Server: Player #0 Ironside - BE GUID: 8a2cf5db8b52210b8d418782d4ba31a9
21:02:53 Player Ironside connected (id=76561198159407384).
21:02:53 BattlEye Server: Verified GUID (8a2cf5db8b52210b8d418782d4ba31a9) of player #0 Ironside
21:03:30 flow uses modified data file
21:03:30 BattlEye Server: Player #1 flow (98.223.9.47:2304) connected
21:03:30 Player flow connecting.
21:03:33 BattlEye Server: Player #1 flow - BE GUID: 2f1988ec1f268e92b390c1d7d06902a9
21:03:33 Player flow connected (id=76561198397747497).
21:03:33 BattlEye Server: Verified GUID (2f1988ec1f268e92b390c1d7d06902a9) of player #1 flow
21:06:58 Player flow is losing connection
21:07:14 Player flow kicked off by BattlEye: Client not responding
21:07:14 Player flow disconnected.
21:08:33 flow uses modified data file
21:08:33 BattlEye Server: Player #1 flow (98.223.9.47:2304) connected
21:08:33 Player flow connecting.
21:08:35 BattlEye Server: Player #1 flow - BE GUID: 2f1988ec1f268e92b390c1d7d06902a9
21:08:36 Player flow connected (id=76561198397747497).
21:08:36 BattlEye Server: Verified GUID (2f1988ec1f268e92b390c1d7d06902a9) of player #1 flow
21:11:18 Odhaving uses modified data file
21:11:18 BattlEye Server: Player #2 Odhaving (208.107.215.51:2304) connected
21:11:18 Player Odhaving connecting.
21:11:20 BattlEye Server: Player #2 Odhaving - BE GUID: 3dd45ae2aae999a097eb909cbc8278fa
21:11:23 Player Odhaving connected (id=76561198281946559).
21:11:23 BattlEye Server: Verified GUID (3dd45ae2aae999a097eb909cbc8278fa) of player #2 Odhaving
21:15:30 High Alert Highlander  uses modified data file
21:15:30 BattlEye Server: Player #3 High Alert Highlander  (190.171.107.63:62725) connected
21:15:30 Player High Alert Highlander  connecting.
21:15:35 BattlEye Server: Player #3 High Alert Highlander  - BE GUID: a01f35e030c4464ff5b5e9c18ddf0195
21:15:38 Player High Alert Highlander  connected (id=76561198065774594).
21:15:38 BattlEye Server: Verified GUID (a01f35e030c4464ff5b5e9c18ddf0195) of player #3 High Alert Highlander 
21:16:44 Player High Alert Highlander  disconnected.
21:16:44 BattlEye Server: Player #3 High Alert Highlander  disconnected
21:33:41 GrayFox uses modified data file
21:33:41 BattlEye Server: Player #3 GrayFox (77.182.204.133:2309) connected
21:33:41 Player GrayFox connecting.
21:33:44 BattlEye Server: Player #3 GrayFox - BE GUID: 1dc8d9a5b28a4fff7fa693c103856baf
21:33:44 Player GrayFox connected (id=76561198084340624).
21:33:44 BattlEye Server: Verified GUID (1dc8d9a5b28a4fff7fa693c103856baf) of player #3 GrayFox
21:37:41 BattlEye Server: (Global) GrayFox: wow i have 45 fps 
21:41:47 BattlEye Server: (Global) Odhaving: I have 18
21:41:54 BattlEye Server: (Global) Odhaving: Get rekt scrub
21:59:01 High Alert Highlander  uses modified data file
21:59:01 BattlEye Server: Player #4 High Alert Highlander  (190.171.107.63:62725) connected
21:59:01 Player High Alert Highlander  connecting.
21:59:07 BattlEye Server: Player #4 High Alert Highlander  - BE GUID: a01f35e030c4464ff5b5e9c18ddf0195
21:59:11 Player High Alert Highlander  connected (id=76561198065774594).
21:59:11 BattlEye Server: Verified GUID (a01f35e030c4464ff5b5e9c18ddf0195) of player #4 High Alert Highlander 
22:01:29 BattlEye Server: (Global) High Alert Highlander : hi everyone
22:01:35 Admin logged in, player: High Alert Highlander , playerUID: 76561198065774594, IP: 192.168.0.10:2309.
22:01:36 BattlEye Server: (Global) Ironside: hi
22:02:30 BattlEye Server: (Group) High Alert Highlander : hi 
22:02:46 BattlEye Server: (Group) High Alert Highlander : sorry that i dont speak but i dont have amic 
22:03:04 BattlEye Server: (Group) High Alert Highlander : VS  back south 
22:03:28 BattlEye Server: (Group) High Alert Highlander : VS back south 
22:03:42 BattlEye Server: (Group) High Alert Highlander : done
22:05:55 BattlEye Server: (Group) High Alert Highlander : we canhit the main battle tank mission 
22:07:33 BattlEye Server: (Group) High Alert Highlander : by the way welcome tomy server 
22:07:47 BattlEye Server: (Group) High Alert Highlander : thank you 
22:07:51 BattlEye Server: (Group) High Alert Highlander : texas
22:08:11 BattlEye Server: (Group) High Alert Highlander : dotosome arregements that we have done 
22:08:26 BattlEye Server: (Group) High Alert Highlander : im from italy 
22:08:34 BattlEye Server: (Group) High Alert Highlander : sicily 
22:08:55 BattlEye Server: (Group) High Alert Highlander : backin coast 
22:09:07 BattlEye Server: (Group) High Alert Highlander : really
22:09:10 BattlEye Server: (Group) High Alert Highlander : nice 
22:09:26 BattlEye Server: (Group) GrayFox: u15 ssc neapal junior team
22:09:35 BattlEye Server: (Group) High Alert Highlander : holy shit 
22:09:39 BattlEye Server: (Group) High Alert Highlander : great 
22:09:47 BattlEye Server: (Group) High Alert Highlander : nice tomeet you 
22:10:04 BattlEye Server: (Group) GrayFox: but the italy defense ruinied my life :D:D:D
22:10:10 BattlEye Server: (Group) High Alert Highlander : jajajaja
22:10:23 BattlEye Server: (Group) High Alert Highlander : shit happens
22:10:32 BattlEye Server: (Group) GrayFox: yes
22:12:02 BattlEye Server: (Group) High Alert Highlander : see that mountain there 
22:12:22 BattlEye Server: (Group) High Alert Highlander : here
22:13:23 BattlEye Server: (Group) High Alert Highlander : time
22:14:55 BattlEye Server: (Group) High Alert Highlander : ok
22:19:52 BattlEye Server: (Group) High Alert Highlander : sendyou somemoney tohelpu start 
22:20:42 BattlEye Server: (Group) High Alert Highlander : yes it is there
22:21:02 BattlEye Server: (Group) GrayFox: ak 47 not the 74
22:21:18 BattlEye Server: (Group) High Alert Highlander : ihve toupload those 
22:21:44 BattlEye Server: (Group) High Alert Highlander : yes iknow but consumes time
22:21:49 BattlEye Server: (Group) High Alert Highlander : i got towork 
22:21:58 BattlEye Server: (Group) High Alert Highlander : ill do it on my free time
22:22:05 BattlEye Server: (Group) High Alert Highlander : on the weekends
22:24:11 BattlEye Server: (Group) High Alert Highlander : what guns stotre
22:24:21 BattlEye Server: (Group) High Alert Highlander : where 
22:29:39 BattlEye Server: (Group) High Alert Highlander : jump
22:30:27 BattlEye Server: (Group) High Alert Highlander : yes
22:30:45 BattlEye Server: (Group) High Alert Highlander : main st
22:31:00 BattlEye Server: (Group) High Alert Highlander : jump
22:32:02 BattlEye Server: (Group) High Alert Highlander : mark
22:32:24 BattlEye Server: (Group) High Alert Highlander : they shoot at me
22:32:31 BattlEye Server: (Global) Odhaving: GO AWAY PLEASE
22:32:36 BattlEye Server: (Group) High Alert Highlander : wait 
22:32:38 BattlEye Server: (Group) High Alert Highlander : hide
22:32:49 BattlEye Server: (Global) Ironside: indie we will shoot
22:33:27 BattlEye Server: (Group) High Alert Highlander : new mark
22:33:32 BattlEye Server: (Group) High Alert Highlander : two there
22:34:26 BattlEye Server: (Group) High Alert Highlander : i destrot there apc 
22:35:03 BattlEye Server: (Group) High Alert Highlander : wait 
22:36:26 BattlEye Server: (Group) High Alert Highlander : putting spawn beacon
22:36:47 BattlEye Server: (Group) High Alert Highlander : is up
22:38:03 BattlEye Server: (Group) High Alert Highlander : onecoming tome
22:38:19 BattlEye Server: (Group) High Alert Highlander : mark
22:38:39 BattlEye Server: (Group) High Alert Highlander : close to the trees 
22:38:42 BattlEye Server: (Group) High Alert Highlander : electrical 
22:40:48 BattlEye Server: (Group) High Alert Highlander : he is in the trees 
22:43:52 BattlEye Server: (Side) GrayFox: invite me i change my skin
22:44:22 BattlEye Server: (Global) Odhaving: hey we killed you twice now if you want to sit there and respawn spam its not fun or fair
22:46:57 BattlEye Server: (Global) High Alert Highlander : one relly close to you
22:47:12 BattlEye Server: (Group) High Alert Highlander : one really close toyou
22:47:20 BattlEye Server: (Group) High Alert Highlander : mark onthemapo
22:49:02 BattlEye Server: (Group) High Alert Highlander : behind rocks
22:50:01 BattlEye Server: (Group) High Alert Highlander : new mark
22:51:13 BattlEye Server: (Global) Odhaving: So third time wasnt the charm stop trying
22:52:17 BattlEye Server: (Group) High Alert Highlander : newmark
22:53:15 BattlEye Server: (Group) High Alert Highlander : inside littlehouse
22:54:53 BattlEye Server: (Group) High Alert Highlander : newmark
22:56:54 Player GrayFox disconnected.
22:56:54 BattlEye Server: Player #3 GrayFox disconnected
22:57:07 BattlEye Server: (Global) High Alert Highlander : well done guys 
22:57:18 BattlEye Server: (Global) Ironside: what
22:57:32 BattlEye Server: (Global) High Alert Highlander : on the pvpv 
22:57:36 BattlEye Server: (Global) High Alert Highlander : well done 
23:00:21 BattlEye Server: (Global) Odhaving: So did you leave
23:00:26 BattlEye Server: (Global) Odhaving: ORRRRRRRRRRRRRRRRR
23:01:06 BattlEye Server: (Global) High Alert Highlander : why you always ask thosequestions 
23:01:24 BattlEye Server: (Global) Odhaving: Because im want to
23:01:29 BattlEye Server: (Global) High Alert Highlander : odhaving i will remains you that u r in a milsim server 
23:01:37 BattlEye Server: (Global) High Alert Highlander : that means pvp server 
23:01:43 BattlEye Server: (Global) Odhaving: Yes
23:01:48 BattlEye Server: (Global) High Alert Highlander : wasteland  means open world 
23:01:51 BattlEye Server: (Global) Odhaving: Would you like glowsticks
23:01:59 BattlEye Server: (Global) High Alert Highlander : so  pvp openworld 
23:02:11 BattlEye Server: (Global) Odhaving: I HEAR FREEDOM
23:02:24 BattlEye Server: (Global) Odhaving: Wait is there rulesssss
23:02:38 BattlEye Server: (Global) High Alert Highlander : yesthey are 
23:02:42 BattlEye Server: (Global) High Alert Highlander : open themap 
23:02:43 BattlEye Server: (Global) Odhaving: Nvm i read them
23:02:47 BattlEye Server: (Global) High Alert Highlander : option how toplay 
23:02:52 BattlEye Server: (Global) Odhaving: I can talk all i want
23:03:04 BattlEye Server: (Global) Odhaving: And sit right here
23:04:35 BattlEye Server: (Global) Odhaving: Is it on your agenda to kill me
23:04:54 BattlEye Server: (Global) High Alert Highlander : my agendais to enjoy the pvp
23:05:04 BattlEye Server: (Global) High Alert Highlander : and also thepve side 
23:05:11 BattlEye Server: (Global) Odhaving: I like the pve
23:05:28 BattlEye Server: (Global) High Alert Highlander : i will never be again bluefort let me tell you that 
23:05:38 BattlEye Server: (Global) flow: Why?
23:05:47 BattlEye Server: (Global) High Alert Highlander : there is tomany bluesonthis server 
23:06:00 BattlEye Server: (Global) flow: oh ok
23:06:10 BattlEye Server: (Global) High Alert Highlander : the server need variety 
23:06:18 BattlEye Server: (Global) flow: Oh really now
23:06:31 BattlEye Server: (Global) flow: what type of "variety"?
23:06:34 BattlEye Server: (Global) High Alert Highlander : always }
23:06:47 BattlEye Server: (Global) High Alert Highlander : faction variety 
23:07:03 BattlEye Server: (Global) flow: Well if that's the cause call me a taliban
23:07:11 BattlEye Server: (Global) flow: Cause ima allahu akbar u
23:07:19 BattlEye Server: (Global) flow: NOt really
23:07:20 BattlEye Server: (Global) High Alert Highlander : wel y9ou can
23:07:27 BattlEye Server: (Global) flow: NAhh 
23:07:29 BattlEye Server: (Global) Ironside: we like both sides pvp and pve but what we dident like was when you used the guy to get us out and you had him spawn on you over and over again 
23:07:50 BattlEye Server: (Global) High Alert Highlander : we had a spwn becaon there
23:08:08 BattlEye Server: (Global) High Alert Highlander : u knowwhat r the spawns beacons for right 
23:08:20 Battl