15:01:31 BattlEye Server: Initialized (v1.217)
15:01:31 Host identity created.
15:01:31 Game Port: 2307, Steam Query Port: 2308
15:01:32 Mission A3Wasteland Altis v1.4c read from bank.
15:01:33 Roles assigned.
15:01:33 Reading mission ...
15:02:06 Mission read.
15:02:06 High Alert Highlander  uses modified data file
15:02:06 BattlEye Server: Player #0 High Alert Highlander  (190.171.107.63:62725) connected
15:02:06 Player High Alert Highlander  connecting.
15:02:06 Game started.
15:02:07 BattlEye Server: Connected to BE Master
15:02:08 BattlEye Server: Player #0 High Alert Highlander  - BE GUID: a01f35e030c4464ff5b5e9c18ddf0195
15:02:10 Player High Alert Highlander  connected (id=76561198065774594).
15:02:10 BattlEye Server: Verified GUID (a01f35e030c4464ff5b5e9c18ddf0195) of player #0 High Alert Highlander 
15:02:53 Mason uses modified data file
15:02:53 BattlEye Server: Player #1 Mason (71.81.137.47:2309) connected
15:02:53 Player Mason connecting.
15:02:55 BattlEye Server: Player #1 Mason - BE GUID: 955d09b6e1dde9360ceebc2963df084d
15:02:55 Player Mason connected (id=76561198026943270).
15:02:55 BattlEye Server: Verified GUID (955d09b6e1dde9360ceebc2963df084d) of player #1 Mason
15:03:24 Admin logged in, player: High Alert Highlander , playerUID: 76561198065774594, IP: 192.168.0.10:2309.
15:03:35 Kingston uses modified data file
15:03:35 BattlEye Server: Player #2 Kingston (80.120.94.58:2309) connected
15:03:35 Player Kingston connecting.
15:03:38 BattlEye Server: Player #2 Kingston - BE GUID: 281acc675d40a7e9e29d18ef0bc24702
15:03:38 Player Kingston connected (id=76561198091728821).
15:03:39 BattlEye Server: Verified GUID (281acc675d40a7e9e29d18ef0bc24702) of player #2 Kingston
15:04:23 BattlEye Server: (Group) High Alert Highlander : just trying something 
15:04:30 BattlEye Server: (Group) High Alert Highlander : lets seeif he disconet 
15:04:56 BattlEye Server: (Group) High Alert Highlander : mason 
15:05:02 BattlEye Server: (Group) High Alert Highlander : see what i mean 
15:05:26 BattlEye Server: (Group) High Alert Highlander : he is inlobby 
15:05:51 BattlEye Server: (Group) High Alert Highlander : like i said people see myname and they dont log in 
15:08:05 BattlEye Server: (Group) High Alert Highlander : 1 survive 
15:08:20 BattlEye Server: (Group) High Alert Highlander : well he did login 
15:08:53 BattlEye Server: (Group) High Alert Highlander : weapon smoglesmain airpot
15:09:15 BattlEye Server: (Group) High Alert Highlander : yea
15:09:25 BattlEye Server: (Group) High Alert Highlander : let medrive 
15:09:44 BattlEye Server: (Group) High Alert Highlander : -im  your age 
15:09:58 BattlEye Server: (Group) High Alert Highlander : so what the hell u r talikng 
15:10:01 BattlEye Server: (Group) High Alert Highlander : im not old 
15:10:13 BattlEye Server: (Group) High Alert Highlander : no
15:10:27 BattlEye Server: (Group) High Alert Highlander : i wish
15:10:57 Ironside uses modified data file
15:10:57 BattlEye Server: Player #3 Ironside (24.118.118.85:2304) connected
15:10:57 Player Ironside connecting.
15:10:59 BattlEye Server: Player #3 Ironside - BE GUID: 8a2cf5db8b52210b8d418782d4ba31a9
15:11:00 Player Ironside connected (id=76561198159407384).
15:11:00 BattlEye Server: Verified GUID (8a2cf5db8b52210b8d418782d4ba31a9) of player #3 Ironside
15:11:02 BattlEye Server: (Group) High Alert Highlander : im almost 40
15:13:06 BattlEye Server: (Group) High Alert Highlander : send a groipin to iron
15:13:09 BattlEye Server: (Group) High Alert Highlander : pls
15:13:33 BattlEye Server: (Group) High Alert Highlander : well
15:13:37 BattlEye Server: (Group) High Alert Highlander : ur right 
15:13:49 BattlEye Server: (Group) Ironside: hello
15:13:58 BattlEye Server: (Group) Mason: HEYA
15:14:00 BattlEye Server: (Group) High Alert Highlander : i really dont think it was him
15:14:07 BattlEye Server: (Group) High Alert Highlander : hi 
15:14:18 BattlEye Server: (Group) Mason: ok
15:14:28 BattlEye Server: (Group) Mason: hey iron
15:14:41 BattlEye Server: (Group) Ironside: what
15:15:00 BattlEye Server: (Group) Mason: nothing, saying hello
15:15:10 BattlEye Server: (Group) Ironside: oh hello
15:16:25 BattlEye Server: (Group) Ironside: do the garages reset on this surver
15:16:37 BattlEye Server: (Group) High Alert Highlander : yes after awile
15:16:42 BattlEye Server: (Group) Ironside: ok
15:16:49 BattlEye Server: (Group) High Alert Highlander : if u dont use your vehiculs 
15:18:24 BattlEye Server: (Group) High Alert Highlander : belief it or not my guds says bandit 
15:18:33 BattlEye Server: (Group) High Alert Highlander : i know himtoo longf 
15:18:58 BattlEye Server: (Group) High Alert Highlander : yes
15:19:16 BattlEye Server: (Group) High Alert Highlander : yes he is
15:20:07 BattlEye Server: (Group) High Alert Highlander : ok
15:20:28 BattlEye Server: (Group) High Alert Highlander : no
15:22:00 BattlEye Server: (Group) High Alert Highlander : correct 
15:22:03 BattlEye Server: (Group) High Alert Highlander : no 
15:22:07 BattlEye Server: (Group) High Alert Highlander : yes
15:22:41 BattlEye Server: (Group) High Alert Highlander : wehave company 
15:22:46 BattlEye Server: (Group) High Alert Highlander : i dealhimhim
15:22:52 BattlEye Server: (Group) High Alert Highlander : u dothemission 
15:23:44 BattlEye Server: (Global) Kingston: How?
15:23:59 BattlEye Server: (Global) Kingston: see you mee?
15:24:19 BattlEye Server: (Global) High Alert Highlander : we sawin from the air 
15:24:55 BattlEye Server: (Global) Kingston: i ccan hire  1 va 3 is boring 
15:25:12 BattlEye Server: (Global) High Alert Highlander : we r2here
15:25:12 BattlEye Server: (Global) Kingston: i see yo about 5 min and i dont shout 
15:25:39 BattlEye Server: (Global) Kingston: you 3
15:25:40 BattlEye Server: (Global) High Alert Highlander : well if you come in peace 
15:25:52 BattlEye Server: (Global) High Alert Highlander : dude indie are independents 
15:26:00 BattlEye Server: (Global) Ironside: im in a gs not with them so
15:26:06 BattlEye Server: (Global) Kingston: maik your mision i dount shout
15:26:18 BattlEye Server: (Global) High Alert Highlander : ok 
15:26:25 BattlEye Server: (Global) High Alert Highlander : so just go away 
15:26:32 BattlEye Server: (Global) High Alert Highlander : I DONT SHOOT 
15:26:41 BattlEye Server: (Global) Kingston: okay
15:27:23 BattlEye Server: (Global) High Alert Highlander : a little dificult not seeying that tank
15:27:31 BattlEye Server: (Global) Kingston: can i com to you in the team?
15:27:49 BattlEye Server: (Global) High Alert Highlander : we r not in teambro 
15:28:16 BattlEye Server: (Global) Kingston: 2 guys on thouer and 1 air suport ?
15:29:08 BattlEye Server: (Group) High Alert Highlander : take theheli
15:30:30 BattlEye Server: (Global) Kingston: way you follou me?
15:30:56 BattlEye Server: (Global) High Alert Highlander :  whome
15:31:10 BattlEye Server: (Global) High Alert Highlander : im not even close toyou 
15:31:15 BattlEye Server: (Global) High Alert Highlander : stopwinning 
15:31:16 BattlEye Server: (Global) Kingston: helikoper
15:34:11 BattlEye Server: (Global) High Alert Highlander : waching 
15:34:18 BattlEye Server: (Group) High Alert Highlander : waching 
15:34:23 BattlEye Server: (Global) Kingston: ?
15:34:24 BattlEye Server: (Group) High Alert Highlander : sentry mode
15:36:23 BattlEye Server: (Group) High Alert Highlander : heremason 
15:36:46 BattlEye Server: (Group) High Alert Highlander : gas
15:40:04 BattlEye Server: (Group) High Alert Highlander : yes
15:40:55 BattlEye Server: (Group) High Alert Highlander : now we can 
15:41:26 BattlEye Server: (Group) High Alert Highlander : altis patrol
15:42:41 BattlEye Server: (Group) High Alert Highlander : yes
15:42:47 BattlEye Server: (Group) High Alert Highlander : altis patrol
15:42:56 BattlEye Server: (Group) High Alert Highlander : yes
15:43:02 BattlEye Server: (Group) High Alert Highlander : true 
15:43:07 BattlEye Server: (Group) High Alert Highlander : i followu
15:43:37 BattlEye Server: (Group) High Alert Highlander : what _
15:46:04 BattlEye Server: (Group) High Alert Highlander : where r we
15:46:32 BattlEye Server: (Group) High Alert Highlander : i see
15:46:39 BattlEye Server: (Group) High Alert Highlander : and what r we here for _
15:47:23 BattlEye Server: (Group) High Alert Highlander : lol imlost 
15:47:35 BattlEye Server: (Group) High Alert Highlander : what r we doing 
15:47:59 BattlEye Server: (Group) High Alert Highlander : yea south airfield 
15:48:18 BattlEye Server: (Group) High Alert Highlander : jajajaja
15:48:25 BattlEye Server: (Group) High Alert Highlander : jajajaja
15:48:37 BattlEye Server: (Group) High Alert Highlander : u just did my day 
15:49:03 BattlEye Server: (Group) High Alert Highlander : i was in need of that laf 
15:49:29 BattlEye Server: (Group) High Alert Highlander : here would be great anoutpost 
15:49:41 BattlEye Server: (Group) High Alert Highlander : wait a sec
15:52:31 BattlEye Server: (Group) High Alert Highlander : look
15:52:42 BattlEye Server: (Group) High Alert Highlander : jjajajajajaja
15:53:57 BattlEye Server: (Group) High Alert Highlander : waht chopper
15:54:06 BattlEye Server: (Group) High Alert Highlander : that one
15:54:18 BattlEye Server: (Group) High Alert Highlander : yea i buy that 
15:54:27 BattlEye Server: (Group) High Alert Highlander : yes
15:55:00 BattlEye Server: (Group) High Alert Highlander : no  i park that here
15:55:13 BattlEye Server: (Group) High Alert Highlander : yes right
15:56:39 BattlEye Server: (Group) High Alert Highlander : i think is my coffe time 
15:57:26 BattlEye Server: (Group) High Alert Highlander : yes
15:57:30 BattlEye Server: (Group) High Alert Highlander : yes 
15:57:36 BattlEye Server: (Group) High Alert Highlander : yes 
15:57:43 BattlEye Server: (Group) High Alert Highlander : imnot login out 
15:57:48 BattlEye Server: (Group) High Alert Highlander : yes
15:57:54 BattlEye Server: (Group) High Alert Highlander : seeu there
15:58:23 BattlEye Server: (Group) High Alert Highlander : perfect 
15:58:29 BattlEye Server: (Group) High Alert Highlander : thank you 
15:58:41 BattlEye Server: (Group) High Alert Highlander : discord
16:03:37 BattlEye Server: (Group) High Alert Highlander : wtf 
16:04:20 BattlEye Server: (Group) High Alert Highlander : where
16:05:18 BattlEye Server: (Group) High Alert Highlander : yes u rright 
16:05:32 BattlEye Server: (Group) High Alert Highlander : we need to change 
16:06:00 BattlEye Server: (Group) High Alert Highlander : yes
16:06:19 BattlEye Server: (Group) High Alert Highlander : yes they r i just check that 
16:06:29 BattlEye Server: (Group) High Alert Highlander : yes
16:06:51 BattlEye Server: (Group) High Alert Highlander : correct 
16:07:16 BattlEye Server: (Group) High Alert Highlander : is just here
16:08:00 BattlEye Server: (Group) High Alert Highlander : we cant isalready like that in thepbofile 
16:08:11 BattlEye Server: (Group) High Alert Highlander : is this building 
16:08:31 BattlEye Server: (Group) High Alert Highlander : /nope 
16:08:46 BattlEye Server: (Group) High Alert Highlander : now all makes since 
16:09:09 BattlEye Server: (Group) High Alert Highlander : sence
16:09:14 BattlEye Server: (Group) High Alert Highlander : yea 
16:09:26 BattlEye Server: (Group) High Alert Highlander : yes 
16:09:43 BattlEye Server: (Group) High Alert Highlander : he dosentb know how to place that well 
16:09:52 BattlEye Server: (Group) High Alert Highlander : thats  why i build 
16:10:09 BattlEye Server: (Group) High Alert Highlander : dont tell him i said that 
16:10:13 BattlEye Server: (Group) High Alert Highlander : jajajaja
16:10:22 BattlEye Server: (Group) High Alert Highlander : jajajajaja\
16:10:41 BattlEye Server: (Group) High Alert Highlander : change
16:10:54 BattlEye Server: (Group) High Alert Highlander : i cant '
16:11:06 BattlEye Server: (Group) High Alert Highlander : i build and send him the fiile
16:11:12 BattlEye Server: (Group) High Alert Highlander : he upload that 
16:11:51 BattlEye Server: (Group) High Alert Highlander : we need to move 
16:12:05 BattlEye Server: (Group) High Alert Highlander : fremember that spot 
16:12:09 BattlEye Server: (Group) High Alert Highlander : there 
16:12:13 BattlEye Server: (Group) High Alert Highlander : to night 
16:12:48 BattlEye Server: (Group) High Alert Highlander : twins 
16:12:58 BattlEye Server: (Group) High Alert Highlander : ido 
16:13:27 BattlEye Server: (Group) High Alert Highlander : ok  im making coffe  eat something and i see u here in _
16:13:39 BattlEye Server: (Group) High Alert Highlander : what 
16:13:49 BattlEye Server: (Group) High Alert Highlander : ok 
16:13:54 BattlEye Server: (Group) High Alert Highlander : perfect 
16:14:11 Player Mason disconnected.
16:14:11 BattlEye Server: Player #1 Mason disconnected
16:14:17 Player High Alert Highlander  disconnected.
16:14:17 BattlEye Server: Player #0 High Alert Highlander  disconnected
16:14:17 Admin logged out, player: High Alert Highlander , playerUID: 76561198065774594, IP: 192.168.0.10:2309.
16:29:22 BattlEye Server: (Global) Kingston: come to bluefor 
16:29:28 BattlEye Server: (Global) Kingston: for money
16:49:25 Mason uses modified data file
16:49:25 BattlEye Server: Player #4 Mason (71.81.137.47:2309) connected
16:49:25 Player Mason connecting.
16:49:27 BattlEye Server: Player #4 Mason - BE GUID: 955d09b6e1dde9360ceebc2963df084d
16:49:28 Player Mason connected (id=76561198026943270).
16:49:28 BattlEye Server: Verified GUID (955d09b6e1dde9360ceebc2963df084d) of player #4 Mason
16:50:39 BattlEye Server: (Global) Kingston: come to my side you get more money
17:24:53 Player Ironside disconnected.
17:24:53 BattlEye Server: Player #3 Ironside disconnected
17:40:54 High Alert Highlander  uses modified data file
17:40:54 BattlEye Server: Player #5 High Alert Highlander  (190.171.107.63:62725) connected
17:40:54 Player High Alert Highlander  connecting.
17:40:59 BattlEye Server: Player #5 High Alert Highlander  - BE GUID: a01f35e030c4464ff5b5e9c18ddf0195
17:41:01 Player High Alert Highlander  connected (id=76561198065774594).
17:41:01 BattlEye Server: Verified GUID (a01f35e030c4464ff5b5e9c18ddf0195) of player #5 High Alert Highlander 
17:43:05 Admin logged in, player: High Alert Highlander , playerUID: 76561198065774594, IP: 192.168.0.10:2309.
17:46:05 Player Kingston disconnected.
17:46:05 BattlEye Server: Player #2 Kingston disconnected
17:50:48 BattlEye Server: (Group) High Alert Highlander : as soon i got therehe descpnected
17:52:33 BattlEye Server: (Group) High Alert Highlander : i dont want that guy in this server
17:57:47 BattlEye Server: (Group) High Alert Highlander : ill wait foru here
17:59:08 BattlEye Server: (Group) High Alert Highlander : i cannow
17:59:19 BattlEye Server: (Group) High Alert Highlander : ur base
17:59:34 BattlEye Server: (Group) High Alert Highlander : i went there and the guy disconeteted
18:00:03 BattlEye Server: (Group) High Alert Highlander : yea he was farming money
18:03:28 BattlEye Server: (Group) High Alert Highlander : he farmlike150k
18:03:55 AreS uses modified data file
18:03:55 BattlEye Server: Player #6 AreS (213.106.110.176:2309) connected
18:03:55 Player AreS connecting.
18:03:59 BattlEye Server: Player #6 AreS - BE GUID: 2926b645c09c107cef39e43280db0b16
18:03:59 Player AreS connected (id=76561198245308982).
18:03:59 BattlEye Server: Verified GUID (2926b645c09c107cef39e43280db0b16) of player #6 AreS
18:04:15 BattlEye Server: (Group) High Alert Highlander : mason 
18:04:26 BattlEye Server: (Group) High Alert Highlander : ur discord ismuted 
18:05:13 BattlEye Server: (Group) High Alert Highlander : yes
18:05:20 BattlEye Server: (Group) High Alert Highlander : like i said 
18:05:26 BattlEye Server: (Group) High Alert Highlander : he farm 150k
18:05:43 BattlEye Server: (Group) High Alert Highlander : likethis
18:06:01 BattlEye Server: (Group) High Alert Highlander : letsgo
18:06:32 BattlEye Server: (Group) High Alert Highlander : yes
18:06:39 BattlEye Server: (Group) High Alert Highlander : yes
18:06:47 BattlEye Server: (Group) High Alert Highlander : correct 
18:07:04 BattlEye Server: (Group) High Alert Highlander : when u r indieyes
18:07:25 BattlEye Server: (Group) High Alert Highlander : what hill
18:07:52 BattlEye Server: (Group) High Alert Highlander : lookthemap
18:09:00 BattlEye Server: (Group) High Alert Highlander : yea
18:10:06 BattlEye Server: (Group) High Alert Highlander : yesu can
18:10:43 BattlEye Server: (Group) High Alert Highlander : yes
18:10:56 BattlEye Server: (Group) High Alert Highlander : no
18:12:24 BattlEye Server: (Group) High Alert Highlander : exactly 
18:13:44 BattlEye Server: (Group) High Alert Highlander : just sec wait here dont go
18:19:12 BattlEye Server: (Group) High Alert Highlander : just a sec
18:21:21 BattlEye Server: (Group) High Alert Highlander : no
18:21:44 BattlEye Server: (Group) High Alert Highlander : just a sec u will see 
18:22:18 BattlEye Server: (Group) High Alert Highlander : u complete themission
18:22:27 BattlEye Server: (Group) High Alert Highlander : yes
18:28:14 BattlEye Server: (Group) High Alert Highlander : checkbox
18:33:14 Sheepdog402 uses modified data file
18:33:14 BattlEye Server: Player #7 Sheepdog402 (72.47.43.25:2304) connected
18:33:14 Player Sheepdog402 connecting.
18:33:16 BattlEye Server: Player #7 Sheepdog402 - BE GUID: 06a8692a7ef89069310f995525cab278
18:33:16 Player Sheepdog402 connected (id=76561198020056435).
18:33:16 BattlEye Server: Verified GUID (06a8692a7ef89069310f995525cab278) of player #7 Sheepdog402
18:35:56 BattlEye Server: (Group) High Alert Highlander : go for the thngs
18:39:33 BattlEye Server: (Group) High Alert Highlander : norelax
18:39:55 BattlEye Server: (Group) High Alert Highlander : yea
18:40:27 BattlEye Server: (Group) High Alert Highlander : bring one of those crates pls
18:40:33 BattlEye Server: (Group) High Alert Highlander : maybe two 
18:40:36 BattlEye Server: (Group) High Alert Highlander : empty 
18:43:50 BattlEye Server: (Group) High Alert Highlander : takemetothebodys 
18:43:53 BattlEye Server: (Group) High Alert Highlander : pls
18:48:39 BattlEye Server: (Group) High Alert Highlander : yes
18:48:52 BattlEye Server: (Group) High Alert Highlander : great ´
18:49:16 BattlEye Server: (Group) High Alert Highlander : ok
18:52:31 BattlEye Server: (Group) AreS: Yeah 
18:52:54 BattlEye Server: (Group) AreS: sorry every one is sleeping to use my mic 
18:53:44 BattlEye Server: (Group) AreS: where are you ?
18:53:46 BattlEye Server: (Group) High Alert Highlander : YES
18:53:58 BattlEye Server: (Group) High Alert Highlander : im here
18:56:55 Player Sheepdog402 disconnected.
18:56:55 BattlEye Server: Player #7 Sheepdog402 disconnected
18:57:56 BattlEye Server: (Group) High Alert Highlander : 8338
18:58:14 BattlEye Server: (Group) High Alert Highlander : our littleoutpost 
18:58:21 BattlEye Server: (Group) High Alert Highlander : here
18:58:51 BattlEye Server: (Group) High Alert Highlander : yes
18:59:12 BattlEye Server: (Group) High Alert Highlander : that is why u lock door
18:59:39 BattlEye Server: (Group) High Alert Highlander : try to openthe post 
19:00:08 BattlEye Server: (Group) High Alert Highlander : try 
19:00:32 BattlEye Server: (Group) High Alert Highlander : yes
19:00:48 BattlEye Server: (Group) High Alert Highlander : trytoopen that door
19:01:09 BattlEye Server: (Group) High Alert Highlander : thisdoor
19:01:38 BattlEye Server: (Group) High Alert Highlander : sure
19:01:48 BattlEye Server: (Group) High Alert Highlander : first 
19:01:54 BattlEye Server: (Group) High Alert Highlander : u look down base
19:02:15 BattlEye Server: (Group) High Alert Highlander : then u buy a building with a door 
19:02:24 BattlEye Server: (Group) High Alert Highlander : once u look down base 
19:02:36 BattlEye Server: (Group) High Alert Highlander : u choose theoption forloock all doors
19:02:52 BattlEye Server: (Group) High Alert Highlander : the gate  is to have a separate gate 
19:02:57 BattlEye Server: (Group) High Alert Highlander : yes
19:03:14 BattlEye Server: (Group) High Alert Highlander : gate is the get in the base 
19:03:34 BattlEye Server: (Group) High Alert Highlander : the doors is to save your stuff fromraiding 
19:03:59 BattlEye Server: (Group) High Alert Highlander : yes
19:04:23 BattlEye Server: (Group) High Alert Highlander : yes
19:04:35 BattlEye Server: (Group) High Alert Highlander : exactly 
19:05:02 BattlEye Server: (Group) High Alert Highlander : yes 
19:05:17 BattlEye Server: (Group) High Alert Highlander : this server is milsim
19:05:34 BattlEye Server: (Group) High Alert Highlander : milsimis base pvp
19:05:42 BattlEye Server: (Group) High Alert Highlander : base buiding 
19:05:45 BattlEye Server: (Group) High Alert Highlander : yes
19:06:04 BattlEye Server: (Group) High Alert Highlander : because they are easy to destroy 
19:06:19 BattlEye Server: (Group) High Alert Highlander : buildings have armor 
19:06:53 BattlEye Server: (Group) High Alert Highlander : this is the only one that i place under the radar -with max armor
19:07:21 BattlEye Server: (Group) High Alert Highlander : military cargopost 
19:07:49 BattlEye Server: (Group) High Alert Highlander : yes
19:08:00 BattlEye Server: (Group) High Alert Highlander : u are learning 
19:08:22 BattlEye Server: (Group) High Alert Highlander : soon u will be unstapable
19:08:47 BattlEye Server: (Group) High Alert Highlander : yes
19:09:05 BattlEye Server: (Group) High Alert Highlander : u need to hide that 
19:09:16 BattlEye Server: (Group) High Alert Highlander : yes 
19:09:24 BattlEye Server: (Group) High Alert Highlander : it has 1clickdistance 
19:09:39 BattlEye Server: (Group) High Alert Highlander : yes
19:10:13 BattlEye Server: (Group) High Alert Highlander : that is the resuply  car 
19:10:55 BattlEye Server: (Group) High Alert Highlander : hey new heliforyou
19:11:14 BattlEye Server: (Group) High Alert Highlander : is tofar
19:11:48 BattlEye Server: (Group) High Alert Highlander : with guns
19:11:59 BattlEye Server: (Group) High Alert Highlander : very 
19:12:19 BattlEye Server: (Group) High Alert Highlander : and u canleave that one here
19:12:40 BattlEye Server: (Group) High Alert Highlander : anything 
19:13:19 BattlEye Server: (Group) High Alert Highlander : uncheck
19:18:12 BattlEye Server: (Group) High Alert Highlander : sure
19:24:42 BattlEye Server: (Group) High Alert Highlander : nope
19:27:07 BattlEye Server: (Group) High Alert Highlander : yes
19:27:20 BattlEye Server: (Group) High Alert Highlander : lets go
19:28:00 BattlEye Server: (Group) High Alert Highlander : no idea
19:28:19 BattlEye Server: (Group) High Alert Highlander : the ai
19:29:22 BattlEye Server: (Group) High Alert Highlander : no
19:30:45 BattlEye Server: (Group) High Alert Highlander : checkmy mark
19:30:56 Player AreS disconnected.
19:30:56 BattlEye Server: Player #6 AreS disconnected
19:31:28 BattlEye Server: (Group) High Alert Highlander : here
19:37:57 BattlEye Server: (Group) High Alert Highlander : didu fouind those
19:38:16 BattlEye Server: (Group) High Alert Highlander : yes
19:38:41 BattlEye Server: (Group) High Alert Highlander : canu place that inthemap
19:41:06 BattlEye Server: (Group) High Alert Highlander : found them
19:41:16 BattlEye Server: (Group) High Alert Highlander : no
19:41:52 BattlEye Server: (Group) High Alert Highlander : umissi them
19:44:23 BattlEye Server: (Group) High Alert Highlander : lookthose
19:47:07 BattlEye Server: (Group) High Alert Highlander : fromthe side
19:47:52 BattlEye Server: (Group) High Alert Highlander : tow the other
19:49:43 BattlEye Server: (Group) High Alert Highlander : here
19:52:29 BattlEye Server: (Group) High Alert Highlander : ipick up600k
19:53:14 BattlEye Server: (Group) High Alert Highlander : vs
19:53:32 BattlEye Server: (Group) High Alert Highlander : yes
19:54:58 BattlEye Server: (Group) High Alert Highlander : ijust did 
19:59:37 BattlEye Server: (Group) High Alert Highlander : lifeisarisk 
19:59:43 BattlEye Server: (Group) High Alert Highlander : lets putr some action
20:00:44 BattlEye Server: (Group) High Alert Highlander : want a bet 
20:02:34 BattlEye Server: (Group) High Alert Highlander : that tankis disable
20:03:19 BattlEye Server: (Group) High Alert Highlander : whereu left the trcu 
20:03:22 BattlEye Server: (Group) High Alert Highlander : truck
20:03:54 BattlEye Server: (Group) High Alert Highlander : behind u two guys 
20:03:58 BattlEye Server: (Group) High Alert Highlander : no
20:04:07 Ba