15:01:33 BattlEye Server: Initialized (v1.217)
15:01:33 Host identity created.
15:01:34 Game Port: 2307, Steam Query Port: 2308
15:01:34 Mission A3Wasteland Altis v1.4c read from bank.
15:01:35 Roles assigned.
15:01:35 Reading mission ...
15:02:08 Mission read.
15:02:08 Game started.
15:11:46 Mason uses modified data file
15:11:46 BattlEye Server: Player #0 Mason (71.81.137.47:2309) connected
15:11:46 Player Mason connecting.
15:11:47 BattlEye Server: Connected to BE Master
15:11:48 BattlEye Server: Player #0 Mason - BE GUID: 955d09b6e1dde9360ceebc2963df084d
15:11:49 Player Mason connected (id=76561198026943270).
15:11:49 BattlEye Server: Verified GUID (955d09b6e1dde9360ceebc2963df084d) of player #0 Mason
16:45:42 High Alert Highlander  uses modified data file
16:45:42 BattlEye Server: Player #1 High Alert Highlander  (190.171.107.0:62725) connected
16:45:42 Player High Alert Highlander  connecting.
16:45:47 BattlEye Server: Player #1 High Alert Highlander  - BE GUID: a01f35e030c4464ff5b5e9c18ddf0195
16:45:50 Player High Alert Highlander  connected (id=76561198065774594).
16:45:50 BattlEye Server: Verified GUID (a01f35e030c4464ff5b5e9c18ddf0195) of player #1 High Alert Highlander 
16:49:07 Admin logged in, player: High Alert Highlander , playerUID: 76561198065774594, IP: 192.168.0.10:2309.
16:49:13 BattlEye Server: (Group) High Alert Highlander : all good
16:49:25 BattlEye Server: (Group) High Alert Highlander : i felt slep
16:49:33 BattlEye Server: (Group) High Alert Highlander : lol sorry 
16:52:02 BattlEye Server: (Group) High Alert Highlander : is a t90 22kg
16:52:18 BattlEye Server: (Group) High Alert Highlander : i will try toseeifi put in
16:56:37 BattlEye Server: (Group) High Alert Highlander : a little because im lisi¿ning music 
16:56:53 BattlEye Server: (Group) High Alert Highlander : 10 millions 
16:56:57 BattlEye Server: (Group) Mason: k
16:57:44 BattlEye Server: (Group) High Alert Highlander : yes
17:00:16 BattlEye Server: (Group) High Alert Highlander : what 
17:00:24 BattlEye Server: (Group) Mason: where did u go?
17:00:38 BattlEye Server: (Group) High Alert Highlander : imat u base 
17:00:46 BattlEye Server: (Group) High Alert Highlander : u left mebehind 
17:01:10 Дима uses modified data file
17:01:10 BattlEye Server: Player #2 Дима (81.200.30.89:2304) connected
17:01:10 Player Дима connecting.
17:01:18 Player Дима disconnected.
17:01:18 BattlEye Server: Player #2 Дима disconnected
17:01:19 Дима uses modified data file
17:01:19 BattlEye Server: Player #2 Дима (81.200.30.89:2304) connected
17:01:19 Player Дима connecting.
17:01:21 BattlEye Server: Player #2 Дима - BE GUID: 966a156acca6b340725968737bbfa971
17:01:22 Player Дима connected (id=76561198404420634).
17:01:22 BattlEye Server: Verified GUID (966a156acca6b340725968737bbfa971) of player #2 Дима
17:03:30 BattlEye Server: (Group) Mason: what happened?
17:04:02 BattlEye Server: (Group) High Alert Highlander : i logout by accident 
17:04:22 BattlEye Server: (Group) Mason: what name is the blue players?
17:04:33 BattlEye Server: (Group) High Alert Highlander : he is rusian 
17:04:49 BattlEye Server: (Group) Mason: Wwwwwwwwwwwwwwwwwawwwwwwwwwwwwwwwwwwwwwwwwwwwwwhwwwwwwwwwwwwwwwww
17:04:55 BattlEye Server: (Group) Mason: oops sorry
17:06:20 Player Дима disconnected.
17:06:20 BattlEye Server: Player #2 Дима disconnected
17:09:25 BattlEye Server: (Group) High Alert Highlander : large money
17:10:59 MSI uses modified data file
17:10:59 BattlEye Server: Player #2 MSI (211.187.36.161:2304) connected
17:10:59 Player MSI connecting.
17:11:01 BattlEye Server: Player #2 MSI - BE GUID: a6be0f92514bddc238e303ca7312e7f2
17:11:02 Player MSI disconnected.
17:11:02 BattlEye Server: Player #2 MSI disconnected
17:11:52 BattlEye Server: (Group) High Alert Highlander : yes
17:12:31 MSI uses modified data file
17:12:31 BattlEye Server: Player #2 MSI (211.187.36.161:2309) connected
17:12:32 Player MSI connecting.
17:12:34 BattlEye Server: Player #2 MSI - BE GUID: a6be0f92514bddc238e303ca7312e7f2
17:12:35 Player MSI connected (id=76561198382245005).
17:12:35 BattlEye Server: Verified GUID (a6be0f92514bddc238e303ca7312e7f2) of player #2 MSI
17:12:39 Player MSI disconnected.
17:12:39 BattlEye Server: Player #2 MSI disconnected
17:13:00 BattlEye Server: (Group) High Alert Highlander : ok
17:17:48 BattlEye Server: (Group) High Alert Highlander : yes
17:37:23 BattlEye Server: (Group) High Alert Highlander : afk for a bit 
17:49:45 BattlEye Server: (Group) High Alert Highlander : imgoing to cook something to eat if some one gets in pla let meknow 
17:49:58 BattlEye Server: (Group) Mason: YEAH GONG FOR A BREAK AS WELL
17:50:04 BattlEye Server: (Group) Mason: sorry caps
17:50:09 BattlEye Server: (Group) High Alert Highlander : ok seeu in a bid mason
17:50:37 Player High Alert Highlander  disconnected.
17:50:37 BattlEye Server: Player #1 High Alert Highlander  disconnected
17:50:37 Admin logged out, player: High Alert Highlander , playerUID: 76561198065774594, IP: 192.168.0.10:2309.
17:52:42 Player Mason disconnected.
17:52:42 BattlEye Server: Player #0 Mason disconnected
19:02:34 High Alert Highlander  uses modified data file
19:02:34 BattlEye Server: Player #0 High Alert Highlander  (190.171.107.0:62725) connected
19:02:34 Player High Alert Highlander  connecting.
19:02:38 BattlEye Server: Player #0 High Alert Highlander  - BE GUID: a01f35e030c4464ff5b5e9c18ddf0195
19:02:42 Player High Alert Highlander  connected (id=76561198065774594).
19:02:42 BattlEye Server: Verified GUID (a01f35e030c4464ff5b5e9c18ddf0195) of player #0 High Alert Highlander 
19:12:21 Admin logged in, player: High Alert Highlander , playerUID: 76561198065774594, IP: 192.168.0.10:2309.
19:15:02 flow uses modified data file
19:15:02 BattlEye Server: Player #1 flow (98.223.9.47:2304) connected
19:15:03 Player flow connecting.
19:15:05 BattlEye Server: Player #1 flow - BE GUID: 2f1988ec1f268e92b390c1d7d06902a9
19:15:05 Player flow connected (id=76561198397747497).
19:15:05 BattlEye Server: Verified GUID (2f1988ec1f268e92b390c1d7d06902a9) of player #1 flow
19:15:06 Odhaving uses modified data file
19:15:06 BattlEye Server: Player #2 Odhaving (208.107.215.51:2304) connected
19:15:06 Player Odhaving connecting.
19:15:08 BattlEye Server: Player #2 Odhaving - BE GUID: 3dd45ae2aae999a097eb909cbc8278fa
19:15:12 Player Odhaving connected (id=76561198281946559).
19:15:12 BattlEye Server: Verified GUID (3dd45ae2aae999a097eb909cbc8278fa) of player #2 Odhaving
19:15:18 scout uses modified data file
19:15:18 BattlEye Server: Player #3 scout (71.204.169.76:2304) connected
19:15:18 Player scout connecting.
19:15:21 BattlEye Server: Player #3 scout - BE GUID: 4dc703ccf7930ea4484bf5d47ea101b6
19:15:21 Player scout connected (id=76561198050359148).
19:15:21 BattlEye Server: Verified GUID (4dc703ccf7930ea4484bf5d47ea101b6) of player #3 scout
19:24:43 BattlEye Server: (Global) High Alert Highlander : WTF
19:24:51 BattlEye Server: (Direct) Odhaving: /.
19:24:54 BattlEye Server: (Global) Odhaving: Hm
19:25:25 BattlEye Server: (Global) Odhaving: What
19:25:41 BattlEye Server: (Global) High Alert Highlander : u guys 
19:25:56 BattlEye Server: (Global) High Alert Highlander : injured each oyher
19:26:18 BattlEye Server: (Global) Odhaving: We in a discord messing around its cool
19:32:20 BattlEye Server: (Global) Odhaving: Glowstick rulette
19:32:32 Levi uses modified data file
19:32:32 BattlEye Server: Player #4 Levi (67.171.167.63:2309) connected
19:32:32 Player Levi connecting.
19:32:35 BattlEye Server: Player #4 Levi - BE GUID: 7afd614fa05d8704289ebf47027c3c68
19:32:35 Player Levi connected (id=76561198076656389).
19:32:35 BattlEye Server: Verified GUID (7afd614fa05d8704289ebf47027c3c68) of player #4 Levi
19:37:30 BattlEye Server: (Global) High Alert Highlander : we  put new tanks and vehiculs in game just to let u know
19:37:49 BattlEye Server: (Global) Odhaving: coolsay the howitzer made it back
19:37:57 BattlEye Server: (Global) Odhaving: Saw not say
19:40:56 Frost uses modified data file
19:40:56 BattlEye Server: Player #5 Frost (71.193.9.182:2304) connected
19:40:56 Player Frost connecting.
19:4