15:02:53 BattlEye Server: Initialized (v1.217)
15:02:53 Host identity created.
15:02:53 Game Port: 2307, Steam Query Port: 2308
15:02:53 Mission A3Wasteland Altis v1.4c read from bank.
15:02:54 Roles assigned.
15:02:54 Reading mission ...
15:03:28 Mission read.
15:03:28 Game started.
15:06:27 SgtMajPrivate uses modified data file
15:06:27 BattlEye Server: Player #0 SgtMajPrivate (73.93.167.13:2304) connected
15:06:27 Player SgtMajPrivate connecting.
15:06:27 BattlEye Server: Connected to BE Master
15:06:29 BattlEye Server: Player #0 SgtMajPrivate - BE GUID: 4c2b9d687447cbad1213b89cfae82f46
15:06:29 Player SgtMajPrivate connected (id=76561198164565751).
15:06:29 BattlEye Server: Verified GUID (4c2b9d687447cbad1213b89cfae82f46) of player #0 SgtMajPrivate
15:09:04 Admin logged in, player: SgtMajPrivate, playerUID: 76561198164565751, IP: 192.168.0.11:2304.
15:09:27 pman uses modified data file
15:09:27 BattlEye Server: Player #1 pman (201.6.132.191:16566) connected
15:09:27 Player pman connecting.
15:09:29 BattlEye Server: Player #1 pman - BE GUID: d4ba32b865d32e320768e0e5c4b83d1e
15:09:29 Player pman connected (id=76561198050257394).
15:09:29 BattlEye Server: Verified GUID (d4ba32b865d32e320768e0e5c4b83d1e) of player #1 pman
15:12:00 BattlEye Server: (Side) SgtMajPrivate: do u know how to fly  pman
15:12:36 BattlEye Server: (Side) pman: y
15:13:59 BattlEye Server: (Side) SgtMajPrivate: take that blackhawk
15:14:23 BattlEye Server: (Side) SgtMajPrivate: shit brb 2 sec
15:14:29 Player SgtMajPrivate disconnected.
15:14:29 BattlEye Server: Player #0 SgtMajPrivate disconnected
15:14:29 Admin logged out, player: SgtMajPrivate, playerUID: 76561198164565751, IP: 192.168.0.11:2304.
15:15:39 SgtMajPrivate uses modified data file
15:15:39 BattlEye Server: Player #2 SgtMajPrivate (73.93.167.13:2304) connected
15:15:39 Player SgtMajPrivate connecting.
15:15:41 BattlEye Server: Player #2 SgtMajPrivate - BE GUID: 4c2b9d687447cbad1213b89cfae82f46
15:15:41 Player SgtMajPrivate connected (id=76561198164565751).
15:15:41 BattlEye Server: Verified GUID (4c2b9d687447cbad1213b89cfae82f46) of player #2 SgtMajPrivate
15:16:27 BattlEye Server: (Side) SgtMajPrivate: ok i think i'm good now, i couldn't see the chat
15:16:53 Admin logged in, player: SgtMajPrivate, playerUID: 76561198164565751, IP: 192.168.0.11:2304.
15:17:00 BattlEye Server: (Side) SgtMajPrivate: keep that black hawk
15:17:34 BattlEye Server: (Side) SgtMajPrivate: and if you want meet me at the pygros GS and i will get u some gear
15:17:45 BattlEye Server: (Side) SgtMajPrivate: lol
15:17:55 BattlEye Server: (Side) SgtMajPrivate: so i guess u can't fly...
15:18:00 BattlEye Server: (Side) pman: sorry my keyboard got jammed
15:18:07 BattlEye Server: (Side) SgtMajPrivate: no worries
15:18:09 BattlEye Server: (Side) pman: i usualy fly better 
15:18:12 BattlEye Server: (Side) SgtMajPrivate: lol
15:18:18 BattlEye Server: (Side) pman: i think i need to change a battery
15:18:28 BattlEye Server: (Side) SgtMajPrivate: yea that happened to me today
15:20:14 BattlEye Server: (Side) SgtMajPrivate: get in i'll take you to gear up
15:21:49 BattlEye Server: (Side) SgtMajPrivate: i got cash for you
15:23:04 BattlEye Server: (Side) SgtMajPrivate: grab that cash on the ground
15:23:37 BattlEye Server: (Side) SgtMajPrivate: make sure you get a gps, and combat goggles, with full nvg
15:25:43 BattlEye Server: (Side) SgtMajPrivate: ok ready
15:25:56 BattlEye Server: (Side) SgtMajPrivate: oh shit what happend
15:26:00 BattlEye Server: (Side) pman: lol this package killed 
15:26:05 BattlEye Server: (Side) SgtMajPrivate: ahh
15:26:08 BattlEye Server: (Side) SgtMajPrivate: oops
15:28:17 BattlEye Server: (Side) SgtMajPrivate: more cash on the ground for you
15:28:20 BattlEye Server: (Side) SgtMajPrivate: if you want a gun
15:31:40 BattlEye Server: (Side) SgtMajPrivate: heads uup!
15:31:59 BattlEye Server: (Side) SgtMajPrivate: lets do this
15:33:28 Admin logged out, player: SgtMajPrivate, playerUID: 76561198164565751, IP: 192.168.0.11:2304.
15:55:31 BattlEye Server: (Side) pman: tank..
15:55:39 BattlEye Server: (Side) SgtMajPrivate: yup
15:56:59 BattlEye Server: (Side) SgtMajPrivate: if you look in my backpack i think i have a medkit
15:57:09 BattlEye Server: (Side) SgtMajPrivate: keep your head down though
15:57:35 BattlEye Server: (Side) SgtMajPrivate: might be in the truck
15:58:44 BattlEye Server: (Side) SgtMajPrivate: nice bro
15:59:09 BattlEye Server: (Side) pman: nada
16:04:15 BattlEye Server: (Side) SgtMajPrivate: damn
16:07:44 BattlEye Server: (Side) SgtMajPrivate: call for airdrop
16:09:19 BattlEye Server: (Side) pman: thx
16:11:40 Admin logged in, player: SgtMajPrivate, playerUID: 76561198164565751, IP: 192.168.0.11:2304.
16:25:18 RockstarGaming uses modified data file
16:25:18 BattlEye Server: Player #3 RockstarGaming (107.204.216.18:2304) connected
16:25:18 Player RockstarGaming connecting.
16:25:21 BattlEye Server: Player #3 RockstarGaming - BE GUID: 23fe7edb77e6acee989bf1757f516554
16:25:21 Player RockstarGaming connected (id=76561198250040454).
16:25:21 BattlEye Server: Verified GUID (23fe7edb77e6acee989bf1757f516554) of player #3 RockstarGaming
16:28:41 BattlEye Server: (Side) pman: just by the mission
16:29:13 BattlEye Server: (Side) pman: turbine...
16:30:19 BattlEye Server: (Side) pman: there is a lot of them.....
16:30:57 BattlEye Server: (Side) pman: y
16:31:06 BattlEye Server: (Side) pman: on the top of the tower.. bad idea
16:32:52 BattlEye Server: (Side) pman: careful... they got the roof covered
16:34:23 Wiggy uses modified data file
16:34:23 BattlEye Server: Player #4 Wiggy (91.43.71.139:2304) connected
16:34:23 Player Wiggy connecting.
16:34:24 Player Wiggy disconnected.
16:34:24 BattlEye Server: Player #4 Wiggy disconnected
16:34:30 BattlEye Server: (Side) pman: sse you
16:34:58 Player pman disconnected.
16:34:58 BattlEye Server: Player #1 pman disconnected
16:34:59 Player SgtMajPrivate disconnected.
16:34:59 BattlEye Server: Player #2 SgtMajPrivate disconnected
16:34:59 Admin logged out, player: SgtMajPrivate, playerUID: 76561198164565751, IP: 192.168.0.11:2304.
17:12:31 Player RockstarGaming disconnected.
17:12:31 BattlEye Server: Player #3 RockstarGaming disconnected
17:46:27 Mason uses modified data file
17:46:27 BattlEye Server: Player #0 Mason (71.81.137.47:2309) connected
17:46:28 Player Mason connecting.
17:46:29 BattlEye Server: Player #0 Mason - BE GUID: 955d09b6e1dde9360ceebc2963df084d
17:46:30 Player Mason connected (id=76561198026943270).
17:46:30 BattlEye Server: Verified GUID (955d09b6e1dde9360ceebc2963df084d) of player #0 Mason
17:57:16 RockstarGaming uses modified data file
17:57:16 BattlEye Server: Player #1 RockstarGaming (107.204.216.18:2304) connected
17:57:16 Player RockstarGaming connecting.
17:57:18 BattlEye Server: Player #1 RockstarGaming - BE GUID: 23fe7edb77e6acee989bf1757f516554
17:57:18 Player RockstarGaming connected (id=76561198250040454).
17:57:18 BattlEye Server: Verified GUID (23fe7edb77e6acee989bf1757f516554) of player #1 RockstarGaming
18:11:42 William Wadley uses modified data file
18:11:42 BattlEye Server: Player #2 William Wadley (1.40.251.239:2304) connected
18:11:42 Player William Wadley connecting.
18:11:44 BattlEye Server: Player #2 William Wadley - BE GUID: 861f2b38594996f882eff2336bbf95cb
18:11:45 Player William Wadley connected (id=76561198156910909).
18:11:45 BattlEye Server: Verified GUID (861f2b38594996f882eff2336bbf95cb) of player #2 William Wadley
18:13:09 Player William Wadley disconnected.
18:13:09 BattlEye Server: Player #2 William Wadley disconnected
18:27:35 Player RockstarGaming disconnected.
18:27:35 BattlEye Server: Player #1 RockstarGaming disconnected
19:02:13 Jon uses modified data file
19:02:13 BattlEye Server: Player #1 Jon (66.66.112.209:2304) connected
19:02:13 Player Jon connecting.
19:02:15 BattlEye Server: Player #1 Jon - BE GUID: 49eb7ca59a3bdafcd67f6609ec048ee5
19:02:15 Player Jon connected (id=76561198143222228).
19:02:15 BattlEye Server: Verified GUID (49eb7ca59a3bdafcd67f6609ec048ee5) of player #1 Jon
19:04:29 RockstarGaming uses modified data file
19:04:29 BattlEye Server: Player #2 RockstarGaming (107.204.216.18:2304) connected
19:04:30 Player RockstarGaming connecting.
19:04:32 BattlEye Server: Player #2 RockstarGaming - BE GUID: 23fe7edb77e6acee989bf1757f516554
19:04:32 Player RockstarGaming connected (id=76561198250040454).
19:04:32 BattlEye Server: Verified GUID (23fe7edb77e6acee989bf1757f516554) of player #2 RockstarGaming
19:04:56 Player Jon disconnected.
19:04:56 BattlEye Server: Player #1 Jon disconnected
19:05:13 Jon uses modified data file
19:05:13 BattlEye Server: Player #3 Jon (66.66.112.209:2304) connected
19:05:13 Player Jon connecting.
19:05:15 BattlEye Server: Player #3 Jon - BE GUID: 49eb7ca59a3bdafcd67f6609ec048ee5
19:05:16 Player Jon connected (id=76561198143222228).
19:05:16 BattlEye Server: Verified GUID (49eb7ca59a3bdafcd67f6609ec048ee5) of player #3 Jon
19:05:28 Player Jon disconnected.
19:05:28 BattlEye Server: Player #3 Jon disconnected
19:26:47 High Alert Highlander  uses modified data file
19:26:47 BattlEye Server: Player #3 High Alert Highlander  (190.171.107.107:62725) connected
19:26:47 Player High Alert Highlander  connecting.
19:26:52 BattlEye Server: Player #3 High Alert Highlander  - BE GUID: a01f35e030c4464ff5b5e9c18ddf0195
19:26:54 Player High Alert Highlander  connected (id=76561198065774594).
19:26:54 BattlEye Server: Verified GUID (a01f35e030c4464ff5b5e9c18ddf0195) of player #3 High Alert Highlander 
19:29:48 Admin logged in, player: High Alert Highlander , playerUID: 76561198065774594, IP: 192.168.0.10:2309.
19:30:01 BattlEye Server: (Global) High Alert Highlander : hi guys 
19:30:13 BattlEye Server: (Global) High Alert Highlander : ill come in peace  
19:30:18 BattlEye Server: (Global) High Alert Highlander : no killing 
19:30:47 BattlEye Server: (Side) Mason: .,,
19:30:55 BattlEye Server: (Global) Mason: hey how's it going
19:31:05 BattlEye Server: (Global) High Alert Highlander : -rock how much did you lost in money this afternoon  when i kill you 
19:31:18 BattlEye Server: (Global) High Alert Highlander : all good mason 
19:32:06 BattlEye Server: (Global) High Alert Highlander : rock?
19:32:40 BattlEye Server: (Global) High Alert Highlander : hey mason is rock afk?
19:32:45 BattlEye Server: (Global) RockstarGaming: 22 K
19:34:41 BattlEye Server: (Global) Mason: THNAK YOU
19:34:42 BattlEye Server: (Global) RockstarGaming: yo
19:34:52 BattlEye Server: (Global) RockstarGaming: thank you so much man 
19:35:12 BattlEye Server: (Global) High Alert Highlander : guys and i want to say that imsorry 
19:35:18 BattlEye Server: (Global) RockstarGaming: for what
19:35:26 BattlEye Server: (Global) High Alert Highlander : is just that im a pvp player 
19:35:36 BattlEye Server: (Global) RockstarGaming: ITS ALL GOOD\
19:35:40 BattlEye Server: (Global) RockstarGaming: frick caps
19:35:46 BattlEye Server: (Global) High Alert Highlander : and once in a wile i need the pvpv adrenaline 
19:35:48 BattlEye Server: (Global) Mason: nope all good, this is fun
19:36:10 BattlEye Server: (Global) High Alert Highlander : but i will allways give you back what u lose 
19:36:30 BattlEye Server: (Global) High Alert Highlander : u are loyal players and i always reward that 
19:36:45 BattlEye Server: (Side) RockstarGaming: well thank yuo so mcuh dude
19:36:49 BattlEye Server: (Global) Mason: thanks appreciated
19:36:53 BattlEye Server: (Side) RockstarGaming: we like to me hang out and have fun
19:36:56 SgtMajPrivate uses modified data file
19:36:56 BattlEye Server: Player #4 SgtMajPrivate (73.93.167.13:2304) connected
19:36:56 Player SgtMajPrivate connecting.
19:36:58 BattlEye Server: Player #4 SgtMajPrivate - BE GUID: 4c2b9d687447cbad1213b89cfae82f46
19:36:59 Player SgtMajPrivate connected (id=76561198164565751).
19:36:59 BattlEye Server: Verified GUID (4c2b9d687447cbad1213b89cfae82f46) of player #4 SgtMajPrivate
19:36:59 BattlEye Server: (Side) RockstarGaming: to*
19:37:03 BattlEye Server: (Global) High Alert Highlander : so if there anything that u would like to have let meknow 
19:37:17 BattlEye Server: (Global) Mason: will do
19:37:25 BattlEye Server: (Global) RockstarGaming: yep
19:37:33 BattlEye Server: (Global) High Alert Highlander : u want a what rock?
19:37:44 BattlEye Server: (Global) RockstarGaming: ?
19:38:07 BattlEye Server: (Global) RockstarGaming: did i type that i wanted somthing i dont remember lol sorry
19:39:30 BattlEye Server: (Global) High Alert Highlander : imsorry about the killing this afternoon 
19:39:36 BattlEye Server: (Global) RockstarGaming: I dont need anything right now  im in an M1
19:39:42 BattlEye Server: (Global) RockstarGaming: its all god bro
19:39:45 BattlEye Server: (Global) SgtMajPrivate: yea whatever dude
19:40:00 BattlEye Server: (Global) High Alert Highlander : but you guys can denied that was two great shoots 
19:40:02 BattlEye Server: (Global) SgtMajPrivate: kill us all,  blow our shit up and then combat log
19:40:30 BattlEye Server: (Global) High Alert Highlander : i did not combat log 
19:40:33 BattlEye Server: (Global) SgtMajPrivate: just messing this you brotha
19:40:49 BattlEye Server: (Side) High Alert Highlander : that is only for pussys 
19:40:51 BattlEye Server: (Global) SgtMajPrivate: bro you didn't even give a chance to pvp
19:40:57 BattlEye Server: (Side) High Alert Highlander : jajaja ok 
19:40:59 BattlEye Server: (Global) SgtMajPrivate: f
19:41:29 BattlEye Server: (Side) High Alert Highlander : i was at 1.5 click from you guys 
19:41:43 BattlEye Server: (Side) High Alert Highlander : i record that 
19:41:58 Player SgtMajPrivate disconnected.
19:41:58 BattlEye Server: Player #4 SgtMajPrivate disconnected
19:42:32 BattlEye Server: (Side) High Alert Highlander : mason u like tank sright 
19:42:41 BattlEye Server: (Side) Mason: yes i do
19:42:42 BattlEye Server: (Side) High Alert Highlander : and rocklikes planes 
19:42:49 BattlEye Server: (Side) RockstarGaming: I LIKE ALL
19:42:55 BattlEye Server: (Side) RockstarGaming: sry caps frrom voice chat
19:42:59 BattlEye Server: (Side) Mason: im in the m1 right nowo
19:43:04 SgtMajPrivate uses modified data file
19:43:04 BattlEye Server: Player #4 SgtMajPrivate (73.93.167.13:2304) connected
19:43:04 Player SgtMajPrivate connecting.
19:43:04 BattlEye Server: (Side) High Alert Highlander : see you guys in the air port 
19:43:06 BattlEye Server: Player #4 SgtMajPrivate - BE GUID: 4c2b9d687447cbad1213b89cfae82f46
19:43:06 Player SgtMajPrivate connected (id=76561198164565751).
19:43:06 BattlEye Server: Verified GUID (4c2b9d687447cbad1213b89cfae82f46) of player #4 SgtMajPrivate
19:43:10 BattlEye Server: (Side) RockstarGaming: im starting to like tanks
19:45:29 BattlEye Server: (Side) High Alert Highlander : shit ill be back 
19:45:33 BattlEye Server: (Side) High Alert Highlander : see in a few
19:45:35 BattlEye Server: (Side) SgtMajPrivate: k
19:45:40 Player High Alert Highlander  disconnected.
19:45:40 BattlEye Server: Player #3 High Alert Highlander  disconnected
19:45:40 Admin logged out, player: High Alert Highlander , playerUID: 76561198065774594, IP: 192.168.0.10:2309.
19:50:39 Admin logged in, player: SgtMajPrivate, playerUID: 76561198164565751, IP: 192.168.0.11:2304.
20:16:59 AcceptDamnit uses modified data file
20:16:59 BattlEye Server: Player #5 AcceptDamnit (70.94.57.248:2304) connected
20:16:59 Player AcceptDamnit connecting.
20:17:00 BattlEye Server: Player #5 AcceptDamnit - BE GUID: 9458643bd1268ed0fb373200479ceab7
20:17:01 Player AcceptDamnit connected (id=76561198066580139).
20:17:01 BattlEye Server: Verified GUID (9458643bd1268ed0fb373200479ceab7) of player #5 AcceptDamnit
20:17:01 Player AcceptDamnit disconnected.
20:17:01 BattlEye Server: Player #5 AcceptDamnit disconnected
20:49:45 pman uses modified data file
20:49:45 BattlEye Server: Player #5 pman (201.6.132.191:16602) connected
20:49:45 Player pman connecting.
20:49:47 BattlEye Server: Player #5 pman - BE GUID: d4ba32b865d32e320768e0e5c4b83d1e
20:49:47 Player pman connected (id=76561198050257394).
20:49:47 BattlEye Server: Verified GUID (d4ba32b865d32e320768e0e5c4b83d1e) of player #5 pman
20:55:00 Failed attempt to execute serverCommand '#lock' by server.
20:56:38 Player pman disconnected.
20:56:38 BattlEye Server: Player #5 pman disconnected
20:57:53 Player Mason disconnected.
