15:01:37 BattlEye Server: Initialized (v1.217)
15:01:37 Host identity created.
15:01:37 Game Port: 2307, Steam Query Port: 2308
15:01:37 Mission A3Wasteland Altis v1.4c read from bank.
15:01:38 Roles assigned.
15:01:38 Reading mission ...
15:02:10 Mission read.
15:02:10 Game started.
15:02:50 Feller uses modified data file
15:02:50 BattlEye Server: Player #0 Feller (68.251.245.45:2309) connected
15:02:50 Player Feller connecting.
15:02:50 BattlEye Server: Connected to BE Master
15:02:52 BattlEye Server: Player #0 Feller - BE GUID: 57722fbe19de6869f5a7407356ceaaba
15:02:52 Player Feller connected (id=76561198044427738).
15:02:52 BattlEye Server: Verified GUID (57722fbe19de6869f5a7407356ceaaba) of player #0 Feller
15:02:58 CamsCheezid uses modified data file
15:02:59 BattlEye Server: Player #1 CamsCheezid (107.138.81.9:2304) connected
15:02:59 Player CamsCheezid connecting.
15:03:01 BattlEye Server: Player #1 CamsCheezid - BE GUID: 2367070bc7749db1fdcc75e3738fbad9
15:03:01 Player CamsCheezid connected (id=76561198050933684).
15:03:01 BattlEye Server: Verified GUID (2367070bc7749db1fdcc75e3738fbad9) of player #1 CamsCheezid
15:03:11 matt uses modified data file
15:03:11 BattlEye Server: Player #2 matt (72.207.207.84:2304) connected
15:03:11 Player matt connecting.
15:03:15 BattlEye Server: Player #2 matt - BE GUID: 012140143b7412008938a9029b6dbd31
15:03:15 Player matt connected (id=76561198272972039).
15:03:15 BattlEye Server: Verified GUID (012140143b7412008938a9029b6dbd31) of player #2 matt
15:03:20 Player matt disconnected.
15:03:20 BattlEye Server: Player #2 matt disconnected
15:03:57 Archie uses modified data file
15:03:57 BattlEye Server: Player #2 Archie (172.9.169.67:2309) connected
15:03:57 Player Archie connecting.
15:03:59 BattlEye Server: Player #2 Archie - BE GUID: 8fb1df81d580cabe4592325c876aa692
15:03:59 Player Archie connected (id=76561198203369788).
15:03:59 BattlEye Server: Verified GUID (8fb1df81d580cabe4592325c876aa692) of player #2 Archie
15:06:10 matt uses modified data file
15:06:10 BattlEye Server: Player #3 matt (72.207.207.84:2304) connected
15:06:10 Player matt connecting.
15:06:14 BattlEye Server: Player #3 matt - BE GUID: 012140143b7412008938a9029b6dbd31
15:06:14 Player matt connected (id=76561198272972039).
15:06:14 BattlEye Server: Verified GUID (012140143b7412008938a9029b6dbd31) of player #3 matt
15:07:03 Player Archie disconnected.
15:07:03 BattlEye Server: Player #2 Archie disconnected
15:09:57 Player matt disconnected.
15:09:57 BattlEye Server: Player #3 matt disconnected
15:29:52 foxtrot uses modified data file
15:29:52 BattlEye Server: Player #2 foxtrot (74.197.124.81:2304) connected
15:29:52 Player foxtrot connecting.
15:29:53 BattlEye Server: Player #2 foxtrot - BE GUID: 00caf599bb3297a2fe42e398bdc93672
15:29:54 Player foxtrot disconnected.
15:29:54 BattlEye Server: Player #2 foxtrot disconnected
15:30:33 foxtrot uses modified data file
15:30:33 BattlEye Server: Player #2 foxtrot (74.197.124.81:2309) connected
15:30:33 Player foxtrot connecting.
15:30:34 BattlEye Server: Player #2 foxtrot - BE GUID: 00caf599bb3297a2fe42e398bdc93672
15:30:35 Player foxtrot connected (id=76561198849119007).
15:30:35 BattlEye Server: Verified GUID (00caf599bb3297a2fe42e398bdc93672) of player #2 foxtrot
15:30:45 Player foxtrot disconnected.
15:30:45 BattlEye Server: Player #2 foxtrot disconnected
15:53:54 ANATOLI CHEJOV uses modified data file
15:53:54 BattlEye Server: Player #2 ANATOLI CHEJOV (190.171.107.94:62725) connected
15:53:54 Player ANATOLI CHEJOV connecting.
15:53:58 BattlEye Server: Player #2 ANATOLI CHEJOV - BE GUID: a01f35e030c4464ff5b5e9c18ddf0195
15:53:59 Player ANATOLI CHEJOV connected (id=76561198065774594).
15:53:59 BattlEye Server: Verified GUID (a01f35e030c4464ff5b5e9c18ddf0195) of player #2 ANATOLI CHEJOV
15:59:20 Player ANATOLI CHEJOV disconnected.
15:59:20 BattlEye Server: Player #2 ANATOLI CHEJOV disconnected
16:14:36 UrPapTrap uses modified data file
16:14:36 BattlEye Server: Player #2 UrPapTrap (172.1.97.121:2309) connected
16:14:36 Player UrPapTrap connecting.
16:14:38 BattlEy