 9:01:37 BattlEye Server: Initialized (v1.217)
 9:01:37 Host identity created.
 9:01:37 Game Port: 2307, Steam Query Port: 2308
 9:01:37 Mission A3Wasteland Altis v1.4c read from bank.
 9:01:38 Roles assigned.
 9:01:38 Reading mission ...
 9:02:09 Mission read.
 9:02:10 Game started.
 9:26:34 Varluk uses modified data file
 9:26:34 BattlEye Server: Player #0 Varluk (188.170.75.171:34409) connected
 9:26:34 Player Varluk connecting.
 9:26:34 BattlEye Server: Connected to BE Master
 9:26:38 BattlEye Server: Player #0 Varluk - BE GUID: 40a5c124c81a14d4235b4453eb839ddf
 9:26:38 Player Varluk connected (id=76561198022459854).
 9:26:38 BattlEye Server: Verified GUID (40a5c124c81a14d4235b4453eb839ddf) of player #0 Varluk
 9:53:56 Rou Kowalski uses modified data file
 9:53:56 BattlEye Server: Player #1 Rou Kowalski (73.147.1.91:2309) connected
 9:53:57 Player Rou Kowalski connecting.
 9:53:58 BattlEye Server: Player #1 Rou Kowalski - BE GUID: 58cae163ea9d3a0ff8adde240b436737
 9:54:07 Player Rou Kowalski connected (id=76561198034110598).
 9:54:07 BattlEye Server: Verified GUID (58cae163ea9d3a0ff8adde240b436737) of player #1 Rou Kowalski
 9:56:56 Hampus Sundman uses modified data file
 9:56:56 BattlEye Server: Player #2 Hampus Sundman (94.254.41.112:2304) connected
 9:56:57 Player Hampus Sundman connecting.
 9:56:59 BattlEye Server: Player #2 Hampus Sundman - BE GUID: fafb1555113065266d4d3ad4d6ee3357
 9:56:59 Player Hampus Sundman connected (id=76561198049511703).
 9:56:59 BattlEye Server: Verified GUID (fafb1555113065266d4d3ad4d6ee3357) of player #2 Hampus Sundman
10:10:16 Player Hampus Sundman disconnected.
10:10:16 BattlEye Server: Player #2 Hampus Sundman disconnected
10:16:08 Player Rou Kowalski disconnected.
10:16:08 BattlEye Server: Player #1 Rou Kowalski disconnected
10:16:55 High Alert Highlander  uses modified data file
10:16:55 BattlEye Server: Player #1 High Alert Highlander  (190.171.107.50:62725) connected
10:16:55 Player High Alert Highlander  connecting.
10:17:01 BattlEye Server: Player #1 High Alert Highlander  - BE GUID: a01f35e030c4464ff5b5e9c18ddf0195
10:17:10 Player High Alert Highlander  connected (id=76561198065774594).
10:17:10 BattlEye Server: Verified GUID (a01f35e030c4464ff5b5e9c18ddf0195) of player #1 High Alert Highlander 
10:21:22 BattlEye Server: (Global) High Alert Highlander : Hey hi varluck ,,,, Alittle question doyou speak english or only russuian 
10:24:01 BattlEye Server: (Global) High Alert Highlander : ?
10:25:21 BattlEye Server: (Global) High Alert Highlander : ineed to ask you some questions 
10:28:01 BattlEye Server: (Global) High Alert Highlander :   Ты говоришь по-английски
10:52:57 Rou Kowalski uses modified data file
10:52:57 BattlEye Server: Player #2 Rou Kowalski (73.147.1.91:2309) connected
10:52:57 Player Rou Kowalski connecting.
10:53:00 BattlEye Server: Player #2 Rou Kowalski - BE GUID: 58cae163ea9d3a0ff8adde240b436737
10:53:13 Player Rou Kowalski connected (id=76561198034110598).
10:53:13 BattlEye Server: Verified GUID (58cae163ea9d3a0ff8adde240b436737) of player #2 Rou Kowalski
10:57:34 Punda uses modified data file
10:57:34 BattlEye Server: Player #3 Punda (74.109.211.144:2309) connected
10:57:34 Player Punda connecting.
10:57:37 BattlEye Server: Player #3 Punda - BE GUID: 7e79adc8074810a659b064b3c6114bfc
10:57:37 Player Punda connected (id=76561198095714343).
10:57:37 BattlEye Server: Verified GUID (7e79adc8074810a659b064b3c6114bfc) of player #3 Punda
11:04:44 BattlEye Server: (Group) High Alert Highlander : oneofmy crates disapair 
11:04:54 BattlEye Server: (Group) High Alert Highlander : it was one of mymostimpostant crates 
11:05:00 BattlEye Server: (Group) High Alert Highlander : checkyour cretas
11:07:40 BattlEye Server: (Group) High Alert Highlander : i tho that was under waterbut is not there
11:08:19 BattlEye Server: (Group) High Alert Highlander : idontneedthat i have acamera
11:08:31 BattlEye Server: (Group) High Alert Highlander : this one here
11:10:29 BattlEye Server: (Group) High Alert Highlander : the things that i had in this heliinv are aslo gone 
11:10:59 BattlEye Server: (Group) High Alert Highlander : why u did not tollme that 
11:11:06 BattlEye Server: (Group) High Alert Highlander : nope}
11:11:31 BattlEye Server: (Group) High Alert Highlander : so that was it 
11:11:42 BattlEye Server: (Group) High Alert Highlander : the server erase old crates 
11:11:53 BattlEye Server: (Group) High Alert Highlander : the server did that }
11:12:02 BattlEye Server: (Group) High Alert Highlander : FUCK
11:12:19 BattlEye Server: (Group) High Alert Highlander : SARG MOST LIKELY DID and update 
11:14:08 BattlEye Server: (Group) High Alert Highlander : same
11:14:14 BattlEye Server: (Group) High Alert Highlander : mountain
11:18:27 BattlEye Server: (Group) High Alert Highlander : im going toput one in the top when i finish the roof
11:19:16 BattlEye Server: (Group) High Alert Highlander : rg
11:20:19 BattlEye Server: (Group) High Alert Highlander : rg
11:22:05 BattlEye Server: (Group) High Alert Highlander : no
11:22:32 BattlEye Server: (Group) High Alert Highlander : thks
11:29:14 BattlEye Server: (Group) High Alert Highlander : supply
11:32:35 BattlEye Server: (Group) High Alert Highlander : what
11:35:18 BattlEye Server: (Group) High Alert Highlander : YEA
11:35:21 BattlEye Server: (Group) High Alert Highlander : yea
11:36:32 BattlEye Server: (Group) High Alert Highlander : so at what time u reachhome
11:37:07 BattlEye Server: (Group) High Alert Highlander : so arround 2  my timwe
11:37:19 BattlEye Server: (Group) High Alert Highlander : ok
11:37:28 BattlEye Server: (Group) High Alert Highlander : yes
11:38:03 BattlEye Server: (Group) High Alert Highlander : ilike the way it is shame
11:38:41 BattlEye Server: (Group) High Alert Highlander : just put the crates someplace else
11:39:10 BattlEye Server: (Group) High Alert Highlander : because those crats are respawn crates
11:39:17 BattlEye Server: (Group) High Alert Highlander : notmissionscrates
11:39:21 BattlEye Server: (Group) High Alert Highlander : that is why 
11:39:28 BattlEye Server: (Group) High Alert Highlander : if you take the contents 
11:39:39 BattlEye Server: (Group) High Alert Highlander : out and put them
11:41:07 BattlEye Server: (Group) High Alert Highlander : shameilike it 
11:42:00 BattlEye Server: (Group) High Alert Highlander : why dont place taru pots inside insteadof craes
11:42:15 BattlEye Server: (Group) High Alert Highlander : notonthat one
11:42:43 BattlEye Server: (Group) High Alert Highlander : ´put allhe contents fromthe crates 
11:42:57 BattlEye Server: (Group) High Alert Highlander : yes
11:44:03 BattlEye Server: (Group) High Alert Highlander : u can evenput  pots in theroof
11:44:30 BattlEye Server: (Group) High Alert Highlander : it won becauseof the roff any way 
11:44:38 BattlEye Server: (Group) High Alert Highlander : iwill start that today 
11:45:14 BattlEye Server: (Group) High Alert Highlander : the apartments arertaller than the dome
11:45:30 BattlEye Server: (Group) High Alert Highlander : yes
11:45:37 BattlEye Server: (Group) High Alert Highlander : thatb is why i choose that 
11:45:56 BattlEye Server: (Group) High Alert Highlander : because they are taller
11:46:07 BattlEye Server: (Group) High Alert Highlander : if i start that in the domethen we r fuck
11:46:54 BattlEye Server: (Group) High Alert Highlander : well timeto practiceyou flying skills
11:47:12 BattlEye Server: (Group) High Alert Highlander : dude wheu learntoparkthat here 
11:47:18 BattlEye Server: (Group) High Alert Highlander : u canparkanywhere
11:48:50 BattlEye Server: (Group) High Alert Highlander : expwith one
11:48:55 BattlEye Server: (Group) High Alert Highlander : andthenyou will see
11:49:36 BattlEye Server: (Group) High Alert Highlander : yea
11:51:08 Player High Alert Highlander  is losing connection
11:51:50 Player High Alert Highlander  kicked off by BattlEye: Client not responding
11:51:50 Player High Alert Highlander  disconnected.
11:53:18 High Alert Highlander  uses modified data file
11:53:18 BattlEye Server: Player #4 High Alert Highlander  (190.171.107.50:62725) connected
11:53:18 Player High Alert Highlander  connecting.
11:53:24 BattlEye Server: Player #4 High Alert Highlander  - BE GUID: a01f35e030c4464ff5b5e9c18ddf0195
11:53:44 Player High Alert Highlander  connected (id=76561198065774594).
11:53:44 BattlEye Server: Verified GUID (a01f35e030c4464ff5b5e9c18ddf0195) of player #4 High Alert Highlander 
11:56:09 BattlEye Server: (Group) High Alert Highlander : i got disc
11:56:20 Player Punda disconnected.
11:56:20 BattlEye Server: Player #3 Punda disconnected
11:59:55 BattlEye Server: (Group) High Alert Highlander : ok bro{
12:00:10 BattlEye Server: (Group) High Alert Highlander : ok{
12:00:17 Player Rou Kowalski disconnected.
12:00:17 BattlEye Server: Player #2 Rou Kowalski disconnected
12:22:28 Player Varluk disconnected.
12:22:28 BattlEye Server: Player #0 Varluk disconnected
13:03:38 Merc uses modified data file
13:03:38 BattlEye Server: Player #5 Merc (24.207.152.238:2309) connected
13:03:38 Player Merc connecting.
13:03:40 BattlEye Server: Player #5 Merc - BE GUID: 955d09b6e1dde9360ceebc2963df084d
13:03:40 Player Merc connected (id=76561198026943270).
13:03:40 BattlEye Server: Verified GUID (955d09b6e1dde9360ceebc2963df084d) of player #5 Merc
13:06:46 BattlEye Server: (Group) High Alert Highlander : hello
13:06:58 BattlEye Server: (Group) Merc: hey hey
13:07:08 BattlEye Server: (Group) High Alert Highlander : donthear u
13:07:17 BattlEye Server: (Group) High Alert Highlander : hey hey
13:07:33 BattlEye Server: (Group) High Alert Highlander : tomorrowi willhave my headset }
13:07:45 BattlEye Server: (Group) High Alert Highlander : ah?
13:07:53 BattlEye Server: (Group) High Alert Highlander : yes
13:08:47 BattlEye Server: (Group) High Alert Highlander : yes
13:08:53 BattlEye Server: (Group) High Alert Highlander : hate it
13:09:19 BattlEye Server: (Group) High Alert Highlander : awfull
13:09:23 BattlEye Server: (Group) High Alert Highlander : therecoil
13:09:31 BattlEye Server: (Group) High Alert Highlander : 1 shoot onekill
13:10:08 BattlEye Server: (Group) High Alert Highlander : idontusethat 
13:10:20 BattlEye Server: (Group) High Alert Highlander : yes
13:10:43 BattlEye Server: (Group) High Alert Highlander : if you use a silencer yes
13:11:00 BattlEye Server: (Group) High Alert Highlander : ifyoudont isnother history 
13:11:17 BattlEye Server: (Group) High Alert Highlander : so
13:11:31 BattlEye Server: (Group) High Alert Highlander : learn toto justoneshot 
13:11:54 BattlEye Server: (Group) High Alert Highlander : itis
13:12:35 BattlEye Server: (Group) High Alert Highlander : true{
13:14:30 BattlEye Server: (Group) High Alert Highlander : ok 
13:14:38 BattlEye Server: (Group) High Alert Highlander : what 
13:14:43 BattlEye Server: (Group) High Alert Highlander : what umean
13:14:47 BattlEye Server: (Group) High Alert Highlander : oh
13:14:52 BattlEye Server: (Group) High Alert Highlander : dontremainme
13:14:56 BattlEye Server: (Group) High Alert Highlander : change suget
13:15:38 BattlEye Server: (Group) High Alert Highlander : imbuyin those rightnow to tart 
13:16:36 BattlEye Server: (Group) High Alert Highlander : yes
13:16:38 BattlEye Server: (Group) High Alert Highlander : thks
13:17:06 BattlEye Server: (Group) High Alert Highlander : no
13:17:13 BattlEye Server: (Group) High Alert Highlander : one or the other
13:17:19 BattlEye Server: (Group) High Alert Highlander : no
13:17:26 BattlEye Server: (Group) High Alert Highlander : u have too
13:17:36 BattlEye Server: (Group) High Alert Highlander : yes}
13:19:55 BattlEye Server: (Group) High Alert Highlander : isallgood
13:19:59 BattlEye Server: (Group) High Alert Highlander : who
13:20:10 BattlEye Server: (Group) High Alert Highlander : the  kid
13:20:26 BattlEye Server: (Group) High Alert Highlander : because of that asshole 
13:20:34 BattlEye Server: (Group) High Alert Highlander : sarg got mad at me
13:20:44 BattlEye Server: (Group) High Alert Highlander : and took the admin rights 
13:20:48 BattlEye Server: (Group) High Alert Highlander : thefirst time
13:21:04 BattlEye Server: (Group) High Alert Highlander : that  littlefucker 
13:22:35 BattlEye Server: (Group) High Alert Highlander : the problemis that i bannedhis UID  AND  HIS IP
13:23:13 BattlEye Server: (Group) High Alert Highlander : but  whenhe try to log in  the system willkickhim
13:23:27 BattlEye Server: (Group) High Alert Highlander : nut is ametter of time until he founds away 
13:23:37 BattlEye Server: (Group) High Alert Highlander : yes
13:23:46 BattlEye Server: (Group) High Alert Highlander : yes
13:24:07 BattlEye Server: (Group) High Alert Highlander : not frme
13:24:27 BattlEye Server: (Group) High Alert Highlander : yes
13:24:36 BattlEye Server: (Group) High Alert Highlander : no}
13:25:02 BattlEye Server: (Group) High Alert Highlander : i dont know if that s going toworkoru
13:25:23 BattlEye Server: (Group) High Alert Highlander : mine
13:26:12 BattlEye Server: (Group) High Alert Highlander : sofar i got 50
13:26:41 BattlEye Server: (Group) High Alert Highlander : 200
13:26:50 BattlEye Server: (Group) High Alert Highlander : fom 300
13:27:21 BattlEye Server: (Group) High Alert Highlander : yes
13:27:43 BattlEye Server: (Group) High Alert Highlander : ramp
13:29:49 BattlEye Server: (Group) High Alert Highlander : im buying 
13:32:38 BattlEye Server: (Group) High Alert Highlander : what 
13:32:47 BattlEye Server: (Group) High Alert Highlander : noall good
13:32:52 BattlEye Server: (Group) High Alert Highlander : thks
13:33:16 BattlEye Server: (Group) High Alert Highlander : norelax
13:33:40 BattlEye Server: (Group) High Alert Highlander : imchosing newgear 
13:34:00 BattlEye Server: (Group) High Alert Highlander : oh imsorry 
13:34:11 BattlEye Server: (Group) High Alert Highlander : lol
13:34:13 Nuno Reguenga uses modified data file
13:34:13 BattlEye Server: Player #6 Nuno Reguenga (188.83.231.207:55811) connected
13:34:13 Player Nuno Reguenga connecting.
13:34:15 BattlEye Server: Player #6 Nuno Reguenga - BE GUID: 2d661f2ae0c67cd5aca9d4de55efa404
13:34:27 Player Nuno Reguenga connected (id=76561198388702468).
13:34:27 BattlEye Server: Verified GUID (2d661f2ae0c67cd5aca9d4de55efa404) of player #6 Nuno Reguenga
13:36:37 BattlEye Server: (Group) High Alert Highlander : lol
13:37:06 BattlEye Server: (Group) High Alert Highlander : immarkingg map
13:41:58 BattlEye Server: (Group) High Alert Highlander : yes
14:02:51 BattlEye Server: (Group) High Alert Highlander : mi newKMG roll
14:02:57 BattlEye Server: (Group) High Alert Highlander : LMG
14:03:21 BattlEye Server: (Group) High Alert Highlander : yes
14:03:30 BattlEye Server: (Group) High Alert Highlander : ap incediary
14:04:29 BattlEye Server: (Group) High Alert Highlander : yea
14:06:03 BattlEye Server: (Group) High Alert Highlander : yes
14:06:34 BattlEye Server: (Group) High Alert Highlander : yes
14:09:40 BattlEye Server: (Group) High Alert Highlander : i workfaster withmusic sopls textmeintead of taliking }
14:10:31 BattlEye Server: (Side) High Alert Highlander : write 
14:14:02 BattlEye Server: (Side) High Alert Highlander : not there
14:14:10 BattlEye Server: (Side) High Alert Highlander : no
14:14:16 BattlEye Server: (Side) High Alert Highlander : the other site
14:24:37 BattlEye Server: (Group) Merc: afk
14:24:58 BattlEye Server: (Side) High Alert Highlander : ok
14:53:28 BattlEye Server: (Group) Merc: hey u there?
14:53:39 BattlEye Server: (Side) High Alert Highlander : yes
14:53:49 Player Nuno Reguenga disconnected.
14:53:49 BattlEye Server: Player #6 Nuno Reguenga disconnected
14:53:52 BattlEye Server: (Group) Merc: so check this kid in here out
14:54:14 BattlEye Server: (Side) High Alert Highlander : whty
14:54:53 BattlEye Server: (Group) Merc: so he taers apart the gs fucking with gear and buying shit he never used, 
14:55:00 Failed attempt to execute serverCommand '#lock' by server.
14:55:34 BattlEye Server: (Group) Merc: then goes to atm then suicides out at the gs
14:56:16 BattlEye Server: (Group) Merc: then 2 seconds ltr he respawns with another new lime grene mi-24 across the map
14:56:38 BattlEye Server: (Group) Merc: all with different gear
14:56:55 BattlEye Server: (Group) Merc: now i know he can changes spots f