15:01:46 BattlEye Server: Initialized (v1.217)
15:01:46 Host identity created.
15:01:46 Game Port: 2307, Steam Query Port: 2308
15:01:46 Mission A3Wasteland Altis v1.4c read from bank.
15:01:47 Roles assigned.
15:01:47 Reading mission ...
15:02:25 Mission read.
15:02:26 Game started.
18:20:53 ROADGLIDE uses modified data file
18:20:53 BattlEye Server: Player #0 ROADGLIDE (63.142.112.13:2309) connected
18:20:54 Player ROADGLIDE connecting.
18:20:54 BattlEye Server: Connected to BE Master
18:20:57 BattlEye Server: Player #0 ROADGLIDE - BE GUID: 0c6a9ddac9dd8980c3d63e983e2a4cd6
18:20:57 Player ROADGLIDE connected (id=76561198448325882).
18:20:57 BattlEye Server: Verified GUID (0c6a9ddac9dd8980c3d63e983e2a4cd6) of player #0 ROADGLIDE
18:55:10 Mason uses modified data file
18:55:11 BattlEye Server: Player #1 Mason (24.207.152.238:2309) connected
18:55:11 Player Mason connecting.
18:55:12 BattlEye Server: Player #1 Mason - BE GUID: 955d09b6e1dde9360ceebc2963df084d
18:55:13 Player Mason connected (id=76561198026943270).
18:55:13 BattlEye Server: Verified GUID (955d09b6e1dde9360ceebc2963df084d) of player #1 Mason
19:05:41 Player Mason disconnected.
19:05:41 BattlEye Server: Player #1 Mason disconnected
19:23:33 Peter uses modified data file
19:23:33 BattlEye Server: Player #1 Peter (98.124.38.178:2309) connected
19:23:33 Player Peter connecting.
19:23:36 BattlEye Server: Player #1 Peter - BE GUID: 4900be9e93bed96d227b37244caf1086
19:23:37 Player Peter connected (id=76561198008433237).
19:23:37 BattlEye Server: Verified GUID (4900be9e93bed96d227b37244caf1086) of player #1 Peter
19:31:33 Dossz uses modified data file
19:31:33 BattlEye Server: Player #2 Dossz (72.135.35.53:2304) connected
19:31:33 Player Dossz connecting.
19:31:35 BattlEye Server: Player #2 Dossz - BE GUID: 55bbfd49e68429dd8f36ccbebb7ca76e
19:31:35 Player Dossz connected (id=76561198128892688).
19:31:35 BattlEye Server: Verified GUID (55bbfd49e68429dd8f36ccbebb7ca76e) of player #2 Dossz
19:36:06 Player Dossz disconnected.
19:36:06 BattlEye Server: Player #2 Dossz disconnected
19:36:13 Barnesy uses modified data file
19:36:13 BattlEye Server: Player #2 Barnesy (65.184.71.78:2304) connected
19:36:13 Player Barnesy connecting.
19:36:15 BattlEye Server: Player #2 Barnesy - BE GUID: b919027e7cf5a5bc9af0f68cb582d6c6
19:36:16 Player Barnesy connected (id=76561198271884753).
19:36:16 BattlEye Server: Verified GUID (b919027e7cf5a5bc9af0f68cb582d6c6) of player #2 Barnesy
19:36:20 Player Barnesy disconnected.
19:36:20 BattlEye Server: Player #2 Barnesy disconnected
19:37:04 Dossz uses modified data file
19:37:04 BattlEye Server: Player #2 Dossz (72.135.35.53:2304) connected
19:37:04 Player Dossz connecting.
19:37:06 BattlEye Server: Player #2 Dossz - BE GUID: 55bbfd49e68429dd8f36ccbebb7ca76e
19:37:07 Player Dossz connected (id=76561198128892688).
19:37:07 BattlEye Server: Verified GUID (55bbfd49e68429dd8f36ccbebb7ca76e) of player #2 Dossz
19:42:23 Player Dossz disconnected.
19:42:23 BattlEye Server: Player #2 Dossz disconnected
19:59:57 UrPapTrap uses modified data file
19:59:57 BattlEye Server: Player #2 UrPapTrap (172.1.97.121:2304) connected
19:59:57 Player UrPapTrap connecting.
20:00:00 BattlEye Server: Player #2 UrPapTrap - BE GUID: bc0455be729b0a6efc019b64795d18d8
20:00:00 Player UrPapTrap connected (id=76561198097586684).
20:00:00 BattlEye Server: Verified GUID (bc0455be729b0a6efc019b64795d18d8) of player #2 UrPapTrap
20:12:51 Feller uses modified data file
20:12:51 BattlEye Server: Player #3 Feller (68.251.245.45:2309) connected
20:12:51 Player Feller connecting.
20:12:54 BattlEye Server: Player #3 Feller - BE GUID: 57722fbe19de6869f5a7407356ceaaba
20:12:54 Player Feller connected (id=76561198044427738).
20:12:54 BattlEye Server: Verified GUID (57722fbe19de6869f5a7407356ceaaba) of player #3 Feller
20:17:01 Dossz uses modified data file
20:17:01 BattlEye Server: Player #4 Dossz (72.135.35.53:2309) connected
20:17:02 Player Dossz connecting.
20:17:05 BattlEye Server: Player #4 Dossz - BE GUID: 55bbfd49e68429dd8f36ccbebb7ca76e
20:17:05 Player Dossz connected (id=76561