15:01:45 BattlEye Server: Initialized (v1.217)
15:01:45 Host identity created.
15:01:45 Game Port: 2307, Steam Query Port: 2308
15:01:45 Mission A3Wasteland Altis v1.4c read from bank.
15:01:47 Roles assigned.
15:01:47 Reading mission ...
15:02:25 Mission read.
15:02:25 Rou Kowalski uses modified data file
15:02:25 BattlEye Server: Player #0 Rou Kowalski (73.147.1.91:2309) connected
15:02:25 Player Rou Kowalski connecting.
15:02:25 Game started.
15:02:26 BattlEye Server: Connected to BE Master
15:02:27 BattlEye Server: Player #0 Rou Kowalski - BE GUID: 58cae163ea9d3a0ff8adde240b436737
15:02:29 Player Rou Kowalski connected (id=76561198034110598).
15:02:29 BattlEye Server: Verified GUID (58cae163ea9d3a0ff8adde240b436737) of player #0 Rou Kowalski
15:03:27 joera uses modified data file
15:03:27 BattlEye Server: Player #1 joera (69.144.56.16:2309) connected
15:03:27 Player joera connecting.
15:03:29 BattlEye Server: Player #1 joera - BE GUID: 0b7292857b1ad52accd7875b0cef35cc
15:03:29 Player joera connected (id=76561198071188073).
15:03:29 BattlEye Server: Verified GUID (0b7292857b1ad52accd7875b0cef35cc) of player #1 joera
15:20:38 Player Rou Kowalski disconnected.
15:20:38 BattlEye Server: Player #0 Rou Kowalski disconnected
15:45:54 Dossz uses modified data file
15:45:54 BattlEye Server: Player #2 Dossz (72.135.35.53:2304) connected
15:45:54 Player Dossz connecting.
15:45:56 BattlEye Server: Player #2 Dossz - BE GUID: 55bbfd49e68429dd8f36ccbebb7ca76e
15:45:57 Player Dossz connected (id=76561198128892688).
15:45:57 BattlEye Server: Verified GUID (55bbfd49e68429dd8f36ccbebb7ca76e) of player #2 Dossz
15:57:36 iMate uses modified data file
15:57:36 BattlEye Server: Player #3 iMate (128.76.223.173:2304) connected
15:57:36 Player iMate connecting.
15:57:38 BattlEye Server: Player #3 iMate - BE GUID: 62a21db2311f8ee99a514b2496f3efa1
15:57:39 Player iMate connected (id=76561198019616862).
15:57:39 BattlEye Server: Verified GUID (62a21db2311f8ee99a514b2496f3efa1) of player #3 iMate
15:57:46 Player iMate disconnected.
15:57:46 BattlEye Server: Player #3 iMate disconnected
16:39:03 Rou Kowalski uses modified data file
16:39:03 BattlEye Server: Player #3 Rou Kowalski (73.147.1.91:2309) connected
16:39:03 Player Rou Kowalski connecting.
16:39:06 BattlEye Server: Player #3 Rou Kowalski - BE GUID: 58cae163ea9d3a0ff8adde240b436737
16:39:09 Player Rou Kowalski connected (id=76561198034110598).
16:39:09 BattlEye Server: Verified GUID (58cae163ea9d3a0ff8adde240b436737) of player #3 Rou Kowalski
16:49:16 Mason uses modified data file
16:49:17 BattlEye Server: Player #4 Mason (24.207.152.238:2309) connected
16:49:17 Player Mason connecting.
16:49:19 BattlEye Server: Player #4 Mason - BE GUID: 955d09b6e1dde9360ceebc2963df084d
16:49:19 Player Mason connected (id=76561198026943270).
16:49:19 BattlEye Server: Verified GUID (955d09b6e1dde9360ceebc2963df084d) of player #4 Mason
16:49:32 Player Mason disconnected.
16:49:32 BattlEye Server: Player #4 Mason disconnected
16:54:21 Peter uses modified data file
16:54:21 BattlEye Server: Player #4 Peter (98.124.38.178:2309) connected
16:54:21 Player Peter connecting.
16:54:24 BattlEye Server: Player #4 Peter - BE GUID: 4900be9e93bed96d227b37244caf1086
16:54:25 Player Peter connected (id=76561198008433237).
16:54:25 BattlEye Server: Verified GUID (4900be9e93bed96d227b37244caf1086) of player #4 Peter
17:06:27 Player joera disconnected.
17:06:27 BattlEye Server: Player #1 joera disconnected
17:17:05 ROADGLIDE uses modified data file
17:17:05 BattlEye Server: Player #5 ROADGLIDE (63.142.112.13:2309) connected
17:17:05 Player ROADGLIDE connecting.
17:17:08 BattlEye Server: Player #5 ROADGLIDE - BE GUID: 0c6a9ddac9dd8980c3d63e983e2a4cd6
17:17:08 Player ROADGLIDE connected (id=76561198448325882).
17:17:08 BattlEye Server: Verified GUID (0c6a9ddac9dd8980c3d63e983e2a4cd6) of player #5 ROADGLIDE
17:18:13 Soft Fluffy Cuddlebear uses modified data file
17:18:13 BattlEye Server: Player #6 Soft Fluffy Cuddlebear (190.171.107.94:62725) connected
17:18:13 Player Soft Fluffy Cuddlebear connecting.
17:18:17 BattlEye Server: Player #6 Soft Fluffy Cuddlebear - BE GUID: a01f35e030c4464ff5b5e9c18ddf0195
17:18:18 Player Soft Fluffy Cuddlebear connected (id=76561198065774594).
17:18:18 BattlEye Server: Verified GUID (a01f35e030c4464ff5b5e9c18ddf0195) of player #6 Soft Fluffy Cuddlebear
17:21:18 Player ROADGLIDE disconnected.
17:21:18 BattlEye Server: Player #5 ROADGLIDE disconnected
17:23:36 Player Peter disconnected.
17:23:36 BattlEye Server: Player #4 Peter disconnected
17:24:53 Peter uses modified data file
17:24:53 BattlEye Server: Player #7 Peter (98.124.38.178:2309) connected
17:24:53 Player Peter connecting.
17:24:56 BattlEye Server: Player #7 Peter - BE GUID: 4900be9e93bed96d227b37244caf1086
17:24:57 Player Peter connected (id=76561198008433237).
17:24:57 BattlEye Server: Verified GUID (4900be9e93bed96d227b37244caf1086) of player #7 Peter
17:42:28 ROADGLIDE uses modified data file
17:42:28 BattlEye Server: Player #8 ROADGLIDE (63.142.112.13:2309) connected
17:42:28 Player ROADGLIDE connecting.
17:42:31 BattlEye Server: Player #8 ROADGLIDE - BE GUID: 0c6a9ddac9dd8980c3d63e983e2a4cd6
17:42:31 Player ROADGLIDE connected (id=76561198448325882).
17:42:31 BattlEye Server: Verified GUID (0c6a9ddac9dd8980c3d63e983e2a4cd6) of player #8 ROADGLIDE
18:00:00 RCT.MASSEY.T uses modified data file
18:00:00 BattlEye Server: Player #9 RCT.MASSEY.T (174.193.164.32:42053) connected
18:00:00 Player RCT.MASSEY.T connecting.
18:00:02 BattlEye Server: Player #9 RCT.MASSEY.T - BE GUID: c32ead9d50d7c8b043291951e92544ad
18:00:03 Player RCT.MASSEY.T connected (id=76561198036148836).
18:00:03 BattlEye Server: Verified GUID (c32ead9d50d7c8b043291951e92544ad) of player #9 RCT.MASSEY.T
18:02:54 Player RCT.MASSEY.T disconnected.
18:02:54 BattlEye Server: Player #9 RCT.MASSEY.T disconnected
18:40:23 RCT.MASSEY.T uses modified data file
18:40:23 BattlEye Server: Player #9 RCT.MASSEY.T (174.193.164.32:42078) connected
18:40:23 Player RCT.MASSEY.T connecting.
18:40:25 BattlEye Server: Player #9 RCT.MASSEY.T - BE GUID: c32ead9d50d7c8b043291951e92544ad
18:40:26 Player RCT.MASSEY.T connected (id=76561198036148836).
18:40:26 BattlEye Server: Verified GUID (c32ead9d50d7c8b043291951e92544ad) of player #9 RCT.MASSEY.T
18:58:36 A1C. L. Armstrong uses modified data file
18:58:36 BattlEye Server: Player #10 A1C. L. Armstrong (81.245.217.80:2304) connected
18:58:36 Player A1C. L. Armstrong connecting.
18:58:41 Player A1C. L. Armstrong disconnected.
18:58:41 BattlEye Server: Player #10 A1C. L. Armstrong disconnected
19:03:20 GhostWarrior uses modified data file
19:03:20 BattlEye Server: Player #10 GhostWarrior (118.209.181.69:2304) connected
19:03:20 Player GhostWarrior connecting.
19:03:23 BattlEye Server: Player #10 GhostWarrior - BE GUID: b044d77744770aa382a511870eb0496d
19:03:24 Player GhostWarrior connected (id=76561198004309425).
19:03:24 BattlEye Server: Verified GUID (b044d77744770aa382a511870eb0496d) of player #10 GhostWarrior
19:03:25 Player GhostWarrior disconnected.
19:03:25 BattlEye Server: Player #10 GhostWarrior disconnected
19:29:14 Player Rou Kowalski disconnected.
19:29:14 BattlEye Server: Player #3 Rou Kowalski disconnected
19:30:22 Rou Kowalski uses modified data file
19:30:22 BattlEye Server: Player #10 Rou Kowalski (73.147.1.91:2309) connected
19:30:22 Player Rou Kowalski connecting.
19:30:24 BattlEye Server: Player #10 Rou Kowalski - BE GUID: 58cae163ea9d3a0ff8adde240b436737
19:30:27 Player Rou Kowalski connected (id=76561198034110598).
19:30:27 BattlEye Server: Verified GUID (58cae163ea9d3a0ff8adde240b436737) of player #10 Rou Kowalski
19:33:02 Kazzy uses modified data file
19:33:02 BattlEye Server: Player #11 Kazzy (99.90.73.36:2309) connected
19:33:02 Player Kazzy connecting.
19:33:04 BattlEye Server: Player #11 Kazzy - BE GUID: 8b99cf6d7e815e1b4caa5afd3ba685d3
19:33:04 Player Kazzy connected (id=76561198068653294).
19:33:04 BattlEye Server: Verified GUID (8b99cf6d7e815e1b4caa5afd3ba685d3) of player #11 Kazzy
19:39:26 Player Kazzy disconnected.
19:39:26 BattlEye Server: Player #11 Kazzy disconnected
19:40:23 Myles uses modified data file
19:40:23 BattlEye Server: Player #11 Myles (174.238.20.115:4969) connected
19:40:23 Player Myles connecting.
19:40:27 BattlEye Server: Player #11 Myles - BE GUID: ea60c47ad8a89b382a2eb7ebfe84f42b
19:40:36 Player Myles connected (id=76561198325360838).
19:40:36 BattlEye Server: Verified GUID (ea60c47ad8a89b382a2eb7ebfe84f42b) of player #11 Myles
19:56:26 tony_ uses modified data file
19:56:26 BattlEye Server: Player #12 tony_ (73.255.208.17:2304) connected
19:56:26 Player tony_ connecting.
19:56:28 BattlEye Server: Player #12 tony_ - BE GUID: de7a8da31eebc4a4c64970c844900d07
19:56:29 Player tony_ connected (id=76561198062820702).
19:56:29 BattlEye Server: Verified GUID (de7a8da31eebc4a4c64970c844900d07) of player #12 tony_
19:59:41 BattlEye Server: (Global) Myles: hows it goin everyone
19:59:46 BattlEye Server: (Global) Myles: /
20:03:12 Alex Bit uses modified data file
20:03:12 BattlEye Server: Player #13 Alex Bit (71.84.166.189:2309) connected
20:03:12 Player Alex Bit connecting.
20:03:15 BattlEye Server: Player #13 Alex Bit - BE GUID: b32404dacf04f70cf9746f0a73ef89f0
20:03:15 Player Alex Bit connected (id=76561198161586596).
20:03:15 BattlEye Server: Verified GUID (b32404dacf04f70cf9746f0a73ef89f0) of player #13 Alex Bit
20:04:42 BattlEye Server: (Global) ROADGLIDE: COME FIGHT LIKE A MAN NOT HIDE LIKE A PUSSY AN ARTY STRIKE OVER AN OVER YA DAMN SISSY
20:05:12 BattlEye Server: (Global) Myles: Dont get mad that you got outsmarted by someone who used their availble resources
20:06:30 Player tony_ disconnected.
20:06:30 BattlEye Server: Player #12 tony_ disconnected
20:08:17 BattlEye Server: (Global) Soft Fluffy Cuddlebear: thks for that comment  miles 
20:08:22 BattlEye Server: (Side) Alex Bit: hello!
20:08:37 BattlEye Server: (Side) Soft Fluffy Cuddlebear: hi 
20:08:46 BattlEye Server: (Side) Alex Bit: how are you doing?
20:08:53 BattlEye Server: (Global) Myles: not a problem this is war there is no balance or playing fair its who is smarterand uses their recourses
20:08:57 BattlEye Server: (Side) Soft Fluffy Cuddlebear: pretty good
20:09:05 BattlEye Server: (Side) Alex Bit: any intel on opfor base?
20:09:30 BattlEye Server: (Side) Soft Fluffy Cuddlebear: nopereally i just hunting them 
20:09:59 BattlEye Server: (Side) Alex Bit: noice
20:10:09 BattlEye Server: (Global) Dossz: AMEN soon as i have anuff money yall fucked lol
20:10:09 BattlEye Server: (Side) Soft Fluffy Cuddlebear: wheru at 
20:10:25 BattlEye Server: (Side) Alex Bit: telos area going to crack at the blu
20:10:28 BattlEye Server: (Side) Alex Bit: wbu
20:11:17 Mason uses modified data file
20:11:17 BattlEye Server: Player #14 Mason (73.255.238.232:2304) connected
20:11:17 Player Mason connecting.
20:11:20 BattlEye Server: Player #14 Mason - BE GUID: 4bf16830d99124db29e18f552f03536a
20:11:20 Player Mason connected (id=76561198088670015).
20:11:20 BattlEye Server: Verified GUID (4bf16830d99124db29e18f552f03536a) of player #14 Mason
20:11:39 BattlEye Server: (Global) ROADGLIDE: blufor noob need to suck it BAHAHAHA
20:11:46 BattlEye Server: (Global) Myles: oh?
20:11:55 BattlEye Server: (Global) Myles: nah ill pass
20:12:09 BattlEye Server: (Global) Dossz: LOL
20:13:38 Player Dossz disconnected.
20:13:38 BattlEye Server: Player #2 Dossz disconnected
20:13:41 BattlEye Server: (Global) Peter: Hey, Cuddly - s__t-pumps like you make playing this game tedious.  You don't have the stones to go mano-a-mano.
20:14:02 BattlEye Server: (Global) Myles: once again you are the one getting killed not him
20:14:17 BattlEye Server: (Global) Soft Fluffy Cuddlebear: dudeikilluonce already and inside ur heli 
20:14:23 BattlEye Server: (Global) Soft Fluffy Cuddlebear: in landing mode 
20:14:29 BattlEye Server: (Global) Soft Fluffy Cuddlebear: lol
20:14:48 BattlEye Server: (Global) Soft Fluffy Cuddlebear: andstole yourmoney thksfor that by the way 
20:14:52 BattlEye Server: (Global) Peter: lol - YOU REALLY ARE A SACK OF SHIT.
20:15:14 BattlEye Server: (Global) Myles: awww are we mad?
20:15:14 BattlEye Server: (Global) RCT.MASSEY.T: lol don't worry, he spends 500k per airstrike
20:15:14 BattlEye Server: (Global) ROADGLIDE: ya you suck dude. all you do is watch satcom 
20:15:17 BattlEye Server: (Global) Soft Fluffy Cuddlebear: yes i know thks 
20:15:24 BattlEye Server: (Global) RCT.MASSEY.T: so he's wasting way more than he's gaining
20:15:42 Player Peter disconnected.
20:15:42 BattlEye Server: Player #7 Peter disconnected
20:16:00 Player ROADGLIDE disconnected.
20:16:00 BattlEye Server: Player #8 ROADGLIDE disconnected
20:16:10 BattlEye Server: (Global) Myles: awwww they left
20:16:33 BattlEye Server: (Global) Soft Fluffy Cuddlebear: yearight 
20:17:12 Player Mason disconnected.
20:17:12 BattlEye Server: Player #14 Mason disconnected
20:17:25 BattlEye Server: (Global) RCT.MASSEY.T: have fun playing alone. Must be pretty boring sitting on a satcom wasting money
20:17:32 Player RCT.MASSEY.T disconnected.
20:17:32 BattlEye Server: Player #9 RCT.MASSEY.T disconnected
20:17:38 BattlEye Server: (Global) Myles: they sure are mad
20:17:49 BattlEye Server: (Global) Soft Fluffy Cuddlebear: yes they r 
20:17:56 BattlEye Server: (Global) Soft Fluffy Cuddlebear: i kill them sevraltimes
20:17:58 BattlEye Server: (Global) Rou Kowalski: Eh.. its whatever
20:18:07 BattlEye Server: (Global) Soft Fluffy Cuddlebear: but only once with art 
20:18:09 BattlEye Server: (Global) Myles: its only game
20:18:10 BattlEye Server: (Global) Soft Fluffy Cuddlebear: jajajaja
20:18:20 BattlEye Server: (Global) Rou Kowalski: Yup
20:18:30 BattlEye Server: (Global) Soft Fluffy Cuddlebear: some people takes really seriusly 
20:18:42 BattlEye Server: (Global) Myles: a fight is a fight
20:18:42 Mason uses modified data file
20:18:42 BattlEye Server: Player #14 Mason (73.255.238.232:2304) connected
20:18:42 Player Mason connecting.
20:18:45 BattlEye Server: Player #14 Mason - BE GUID: 4bf16830d99124db29e18f552f03536a
20:18:45 Player Mason connected (id=76561198088670015).
20:18:45 BattlEye Server: Verified GUID (4bf16830d99124db29e18f552f03536a) of player #14 Mason
20:23:02 BattlEye Server: (Global) Myles: yikes
20:23:12 BattlEye Server: (Global) Myles: i found things i dont wana play with
20:23:13 BattlEye Server: (Global) Soft Fluffy Cuddlebear: what 
20:23:27 BattlEye Server: (Global) Soft Fluffy Cuddlebear: lol like what 
20:23:28 BattlEye Server: (Global) Myles: m13 m1 and gun carage
20:23:29 BattlEye Server: (Global) Rou Kowalski: oh? lol
20:27:39 Player Mason disconnected.
20:27:39 BattlEye Server: Player #14 Mason disconnected
20:31:50 Player Myles is losing connection
20:33:09 Player Myles disconnected.
20:33:09 BattlEye Server: Player #11 Myles disconnected
20:36:22 Player Soft Fluffy Cuddlebear disconnected.
20:36:22 BattlEye Server: Player #6 Soft Fluffy Cuddlebear disconnected
20:37:10 BattlEye Server: (Global) Alex Bit: so how long has this server been around?
20:37:31 BattlEye Server: (Global) Rou Kowalski: Im not sure of exact date.. its been awile though
20:38:01 BattlEye Server: (Global) Alex Bit: thats sweet! it seems like this is the perfect wasteland, hard to find a good RHS wasteland server
20:38:13 BattlEye Server: (Global) Rou Kowalski: I agree
20:38:23 BattlEye Server: (Global) Alex Bit: so whats AWR>
20:43:07 BattlEye Server: (Global) Alex Bit: rip
20:43:27 BattlEye Server: (Global) Rou Kowalski: The Tanks at the airport?
20:43:39 BattlEye Server: (Global) Alex Bit: yeah, i didnt see it until it lit me up haha
20:44:18 BattlEye Server: (Global) Rou Kowalski: Ya Thay are some of the hardest AI on the server. But not crazy
20:44:59 BattlEye Server: (Global) Alex Bit: it adds to the fun :), hows vehicle spawns on restart? as sparse as it is now or more populated?
20:45:40 BattlEye Server: (Global) Rou Kowalski: about 1 vehicle per city, at least 1 tank scattered somewhere on the island.. and usually 2 helis per airport
20:46:02 BattlEye Server: (Global) Alex Bit: thats nice, any tips on how to start up on this server?
20:47:13 BattlEye Server: (Global) Rou Kowalski: Its not bad really.. Gear is cheap.. so start with the invasions.. and keep growing your cash till you can afford something to deal with the tanks
20:48:35 BattlEye Server: (G