15:01:39 BattlEye Server: Initialized (v1.217)
15:01:39 Host identity created.
15:01:39 Game Port: 2307, Steam Query Port: 2308
15:01:40 Mission A3Wasteland Altis v1.4c read from bank.
15:01:41 Roles assigned.
15:01:41 Reading mission ...
15:02:14 Mission read.
15:02:15 teenis uses modified data file
15:02:15 BattlEye Server: Player #0 teenis (72.79.209.31:2309) connected
15:02:15 Player teenis connecting.
15:02:15 Game started.
15:02:15 BattlEye Server: Connected to BE Master
15:02:16 BattlEye Server: Player #0 teenis - BE GUID: 5963ef09c03283890a08815e3b3b11f6
15:02:17 Player teenis connected (id=76561198275319572).
15:02:17 BattlEye Server: Verified GUID (5963ef09c03283890a08815e3b3b11f6) of player #0 teenis
15:18:31 Mason uses modified data file
15:18:31 BattlEye Server: Player #1 Mason (71.81.137.47:2309) connected
15:18:31 Player Mason connecting.
15:18:33 BattlEye Server: Player #1 Mason - BE GUID: 955d09b6e1dde9360ceebc2963df084d
15:18:34 Player Mason connected (id=76561198026943270).
15:18:34 BattlEye Server: Verified GUID (955d09b6e1dde9360ceebc2963df084d) of player #1 Mason
15:22:43 BattlEye Server: (Global) teenis: JOIN ME MASON
15:23:21 BattlEye Server: (Global) Mason: i'm good right now, i'll let you know when i'm ready
15:26:08 BattlEye Server: (Global) teenis: UR DOING MISSIONS?
15:26:15 BattlEye Server: (Global) teenis: Thats why I wanna team up
15:26:25 BattlEye Server: (Global) Mason: ont yet, have to go to the store first
15:27:31 BattlEye Server: (Global) teenis: why u marking missions
15:28:01 BattlEye Server: (Global) Mason: trying to lear n how sorry taking them off
15:28:14 BattlEye Server: (Global) teenis: fuck dude
15:29:14 High Alert Highlander  uses modified data file
15:29:15 BattlEye Server: Player #2 High Alert Highlander  (190.171.107.98:62725) connected
15:29:15 Player High Alert Highlander  connecting.
15:29:19 BattlEye Server: Player #2 High Alert Highlander  - BE GUID: a01f35e030c4464ff5b5e9c18ddf0195
15:29:22 Player High Alert Highlander  connected (id=76561198065774594).
15:29:22 BattlEye Server: Verified GUID (a01f35e030c4464ff5b5e9c18ddf0195) of player #2 High Alert Highlander 
15:36:05 Admin logged in, player: High Alert Highlander , playerUID: 76561198065774594, IP: 192.168.0.10:2309.
15:36:46 BattlEye Server: (Global) teenis: ready mason?
15:37:40 colto uses modified data file
15:37:40 BattlEye Server: Player #3 colto (72.223.54.153:2304) connected
15:37:41 Player colto connecting.
15:37:43 BattlEye Server: Player #3 colto - BE GUID: 173c75db6b4dc5cc9846476f891559f4
15:37:43 Player colto connected (id=76561198067196030).
15:37:43 BattlEye Server: Verified GUID (173c75db6b4dc5cc9846476f891559f4) of player #3 colto
15:40:27 Player colto: Wrong signature for file C:\Program Files (x86)\Steam\steamapps\common\Arma 3\expansion\addons\missions_f_exp_video.pbo
15:40:27 Player colto disconnected.
15:40:27 BattlEye Server: Player #3 colto disconnected
15:42:24 BattlEye Server: (Side) High Alert Highlander : Hi rock how r you 
15:43:31 BattlEye Server: (Side) High Alert Highlander : imean tennis im sorry newname 
15:43:43 BattlEye Server: (Side) teenis: huh?
15:44:11 BattlEye Server: (Side) High Alert Highlander : it seems that your Ipmaches with several other accounts that we have in game -
15:44:20 BattlEye Server: (Side) High Alert Highlander : one is banned fromthis server 
15:44:27 BattlEye Server: (Side) teenis: well shit
15:44:33 BattlEye Server: (Side) Mason: oh sorry dude, i didn't know that was you, whats up?
15:44:35 BattlEye Server: (Side) teenis: Im just playin solo man
15:45:08 Player teenis disconnected.
15:45:08 BattlEye Server: Player #0 teenis disconnected
15:45:49 BattlEye Server: (Side) High Alert Highlander : the little bastartd have more than one account 
15:46:04 BattlEye Server: (Side) High Alert Highlander : he is deleting accountsand creating bnew ones 
15:47:15 BattlEye Server: (Side) High Alert Highlander : im asking sargent that removed enhance movement 
15:47:26 BattlEye Server: (Side) High Alert Highlander : formthe server is not fair for basebuilders 
15:48:00 BattlEye Server: (Side) High Alert Highlander : dude yesterday i was inside the diome and the guy jumpin top of the rof 
15:48:08 BattlEye Server: (Side) High Alert Highlander : land inside the dome
15:48:18 BattlEye Server: (Side) High Alert Highlander : andkillme
15:48:26 BattlEye Server: (Side) High Alert Highlander : i wasusing a drone 
15:48:52 BattlEye Server: (Side) High Alert Highlander : so i need your help telling sarg to remove that enhance momvement fromhere pls {
15:48:58 BattlEye Server: (Side) High Alert Highlander : i not fair for us 
15:49:06 BattlEye Server: (Side) High Alert Highlander : speanding tons of momeny 
15:49:10 BattlEye Server: (Side) High Alert Highlander : i abase 
15:49:25 BattlEye Server: (Side) High Alert Highlander : but other base builders will 
15:49:33 BattlEye Server: (Side) High Alert Highlander : disaprove that 
15:49:44 BattlEye Server: (Side) High Alert Highlander : and we canlost peopleforassholes 
15:49:54 BattlEye Server: (Side) High Alert Highlander : like thoseguys 
15:49:58 BattlEye Server: (Side) High Alert Highlander : destroing shit 
15:50:42 BattlEye Server: (Side) High Alert Highlander : we cannot giuve themthe tools to fuckup nice playeras
15:51:35 BattlEye Server: (Side) High Alert Highlander : exactly 
15:51:49 BattlEye Server: (Side) High Alert Highlander : realism is not going in a roof 
15:51:55 BattlEye Server: (Side) High Alert Highlander : jumpand survive 
15:52:10 BattlEye Server: (Side) High Alert Highlander : im in discrod bro 
15:53:56 BattlEye Server: (Side) High Alert Highlander : no he did not rappel 
15:54:01 BattlEye Server: (Side) High Alert Highlander : he just fallinj 
15:54:11 BattlEye Server: (Side) High Alert Highlander : enhance momvement 
15:54:45 BattlEye Server: (Side) High Alert Highlander : dont even try it 
15:54:51 BattlEye Server: (Side) High Alert Highlander : i want that sgit out 
15:55:06 BattlEye Server: (Side) High Alert Highlander : no sarg needs to remeve that 
15:55:23 BattlEye Server: (Side) High Alert Highlander : -no you cant 
15:55:38 BattlEye Server: (Side) High Alert Highlander : that is only for server likes 
15:56:27 BattlEye Server: (Side) High Alert Highlander : yesterday i wasso pist 
15:56:35 BattlEye Server: (Side) High Alert Highlander : that i ened up
15:56:51 BattlEye Server: (Side) High Alert Highlander : deleting or the vehiculst 
15:57:03 BattlEye Server: (Side) High Alert Highlander : crates and everything that i jad on the base there
15:57:31 BattlEye Server: (Side) High Alert Highlander : yes
15:57:35 BattlEye Server: (Side) High Alert Highlander : is like 
15:57:46 BattlEye Server: (Side) High Alert Highlander : u speand  millions 
15:57:49 BattlEye Server: (Side) High Alert Highlander : i a base 
15:57:58 BattlEye Server: (Side) High Alert Highlander : that dont prtected you for shit 
15:58:29 BattlEye Server: (Side) High Alert Highlander : dome inmain land 
15:58:57 BattlEye Server: (Side) High Alert Highlander : no body knows about here only uand  
16:00:02 BattlEye Server: (Side) High Alert Highlander : wher u at 
16:00:32 PLAYER 1 uses modified data file
16:00:32 BattlEye Server: Player #3 PLAYER 1 (72.207.127.106:2304) connected
16:00:32 Player PLAYER 1 connecting.
16:00:34 BattlEye Server: Player #3 PLAYER 1 - BE GUID: 5ed30be7407ff18d512542ac8078db83
16:00:35 Player PLAYER 1 connected (id=76561198134043431).
16:00:35 BattlEye Server: Verified GUID (5ed30be7407ff18d512542ac8078db83) of player #3 PLAYER 1
16:00:42 AveragePerson uses modified data file
16:00:42 BattlEye Server: Player #4 AveragePerson (98.176.224.9:2304) connected
16:00:42 Player AveragePerson connecting.
16:00:44 BattlEye Server: Player #4 AveragePerson - BE GUID: 2782568f2590c59743cf5d390ce6c661
16:00:44 Player AveragePerson connected (id=76561198150761599).
16:00:44 BattlEye Server: Verified GUID (2782568f2590c59743cf5d390ce6c661) of player #4 AveragePerson
16:01:28 BattlEye Server: (Side) High Alert Highlander : great one
16:01:33 BattlEye Server: (Side) High Alert Highlander : try mk11
16:01:49 BattlEye Server: (Side) High Alert Highlander : weapon
16:04:11 BattlEye Server: (Side) High Alert Highlander : damn the vtol is dificult to fly 
16:04:43 Player AveragePerson disconnected.
16:04:43 BattlEye Server: Player #4 AveragePerson disconnected
16:04:55 AveragePerson uses modified data file
16:04:55 BattlEye Server: Player #4 AveragePerson (98.176.224.9:2304) connected
16:04:55 Player AveragePerson connecting.
16:04:57 BattlEye Server: Player #4 AveragePerson - BE GUID: 2782568f2590c59743cf5d390ce6c661
16:04:57 Player AveragePerson connected (id=76561198150761599).
16:04:57 BattlEye Server: Verified GUID (2782568f2590c59743cf5d390ce6c661) of player #4 AveragePerson
16:05:07 Player AveragePerson disconnected.
16:05:07 BattlEye Server: Player #4 AveragePerson disconnected
16:05:47 Player PLAYER 1 disconnected.
16:05:47 BattlEye Server: Player #3 PLAYER 1 disconnected
16:05:59 BattlEye Server: (Side) High Alert Highlander : yes
16:07:13 BattlEye Server: (Side) High Alert Highlander : vtol
16:09:16 BattlEye Server: (Side) High Alert Highlander : lol}
16:10:26 BattlEye Server: (Side) High Alert Highlander : damn driving a vtol is fucking hard 
16:11:05 BattlEye Server: (Side) High Alert Highlander : iwish
16:11:59 BattlEye Server: (Side) High Alert Highlander : allot
16:15:31 BattlEye Server: (Side) High Alert Highlander : nope
16:15:42 BattlEye Server: (Side) High Alert Highlander : sure
16:22:41 BattlEye Server: (Side) High Alert Highlander : working inmy main base
16:22:57 BattlEye Server: (Side) High Alert Highlander : yes
16:23:17 BattlEye Server: (Side) High Alert Highlander : if
16:25:57 BattlEye Server: (Side) High Alert Highlander : yea
16:26:14 BattlEye Server: (Side) High Alert Highlander : not really 
16:26:22 BattlEye Server: (Side) High Alert Highlander : they can stillget inside
16:26:51 BattlEye Server: (Side) High Alert Highlander : -and still can get in 
16:27:00 BattlEye Server: (Side) High Alert Highlander : no 
16:27:09 BattlEye Server: (Side) High Alert Highlander : they can get in
16:27:18 BattlEye Server: (Side) High Alert Highlander : passing the wall 
16:27:34 BattlEye Server: (Side) High Alert Highlander : i use it yesterday 
16:27:48 BattlEye Server: (Side) High Alert Highlander : dude sio it me 
16:27:53 BattlEye Server: (Side) High Alert Highlander : or the addon
16:28:02 BattlEye Server: (Side) High Alert Highlander : if that addon is hereimgone 
16:29:03 BattlEye Server: (Side) High Alert Highlander : exactly
16:29:18 BattlEye Server: (Side) High Alert Highlander : exactly 
16:29:24 BattlEye Server: (Side) High Alert Highlander : we need a balance 
16:30:15 BattlEye Server: (Side) High Alert Highlander : u dont see people  going tru a wall in real lkiofe 
16:30:22 BattlEye Server: (Side) High Alert Highlander : so keep it simple 
16:30:33 BattlEye Server: (Side) High Alert Highlander : keep it balance 
16:31:09 BattlEye Server: (Side) High Alert Highlander : yea that i get it 
16:31:37 BattlEye Server: (Side) High Alert Highlander : he seriusly need to send that addon to hell 
16:31:51 BattlEye Server: (Side) High Alert Highlander : dude if im hunting some one 
16:32:00 BattlEye Server: (Side) High Alert Highlander : imrunning after that person 
16:32:22 BattlEye Server: (Side) High Alert Highlander : and that person climp a roof  just by jumpin 
16:32:32 BattlEye Server: (Side) High Alert Highlander : or flying superman style
16:32:40 BattlEye Server: (Side) High Alert Highlander : is not fucking fair play 
16:33:44 BattlEye Server: (Side) High Alert Highlander : isvery complex
16:33:52 BattlEye Server: (Side) High Alert Highlander : that addonis complex
16:35:59 BattlEye Server: (Side) High Alert Highlander : exactly
16:36:40 BattlEye Server: (Side) High Alert Highlander : exactly 
16:36:53 BattlEye Server: (Side) High Alert Highlander : dude he was climinng buidings
16:37:45 BattlEye Server: (Side) High Alert Highlander : i dont care about dying fair 
16:37:52 BattlEye Server: (Side) High Alert Highlander : but dying like that 
16:37:59 BattlEye Server: (Side) High Alert Highlander : just piss meof
16:39:52 BattlEye Server: (Side) High Alert Highlander : im going to sleppa little aear is killing me 
16:40:29 Player High Alert Highlander  disconnected.
16:40:29 BattlEye Server: Player #2 High Alert Highlander  disconnected
16:40:29 Admin logged out, player: High Alert Highlander , playerUID: 76561198065774594, IP: 192.168.0.10:2309.
17:52:15 High Alert Highlander  uses modified data file
17:52:15 BattlEye Server: Player #2 High Alert Highlander  (190.171.107.98:62725) connected
17:52:15 Player High Alert Highlander  connecting.
17:52:19 BattlEye Server: Player #2 High Alert Highlander  - BE GUID: a01f35e030c4464ff5b5e9c18ddf0195
17:52:22 Player High Alert Highlander  connected (id=76561198065774594).
17:52:22 BattlEye Server: Verified GUID (a01f35e030c4464ff5b5e9c18ddf0195) of player #2 High Alert Highlander 
17:55:22 Admin logged in, player: High Alert Highlander , playerUID: 76561198065774594, IP: 192.168.0.10:2309.
17:56:06 BattlEye Server: (Side) High Alert Highlander : allgood my ear hurst a little and a little dizzy 
17:56:20 BattlEye Server: (Side) High Alert Highlander : i got an infection 
17:58:05 BattlEye Server: (Side) High Alert Highlander : yes
17:58:18 BattlEye Server: (Side) High Alert Highlander : ok}
17:58:51 BattlEye Server: (Side) High Alert Highlander : thaks 
17:59:19 BattlEye Server: (Side) High Alert Highlander : imdeleting veiculs and replacing forthe ones i delete yesterday 
18:00:20 Mr Friendly uses modified data file
18:00:20 BattlEye Server: Player #3 Mr Friendly (47.187.232.189:2304) connected
18:00:20 Player Mr Friendly connecting.
18:00:22 BattlEye Server: Player #3 Mr Friendly - BE GUID: b0070dde68e86e263d067607ab2c196d
18:00:22 BattlEye Server: (Side) High Alert Highlander : yes
18:00:22 Player Mr Friendly connected (id=76561198332155112).
18:00:22 BattlEye Server: Verified GUID (b0070dde68e86e263d067607ab2c196d) of player #3 Mr Friendly
18:00:36 Player Mr Friendly disconnected.
18:00:36 BattlEye Server: Player #3 Mr Friendly disconnected
18:03:59 BattlEye Server: (Side) High Alert Highlander : yes
18:04:51 BattlEye Server: (Side) High Alert Highlander : dou still have your strider
18:05:05 BattlEye Server: (Side) High Alert Highlander : ok
18:05:18 BattlEye Server: (Side) High Alert Highlander : nojust asking
18:06:36 BattlEye Server: (Side) High Alert Highlander : hate it
18:08:33 BattlEye Server: (Side) High Alert Highlander : yes
18:08:45 BattlEye Server: (Side) High Alert Highlander : i notice 
18:12:55 BattlEye Server: (Side) High Alert Highlander : yes
18:13:00 BattlEye Server: (Side) High Alert Highlander : no
18:13:03 BattlEye Server: (Side) High Alert Highlander : sorry 
18:13:05 BattlEye Server: (Side) High Alert Highlander : no 
18:13:32 BattlEye Server: (Side) High Alert Highlander : ilost tomany shit yesterday 
18:13:39 BattlEye Server: (Side) High Alert Highlander : because of those assholes
18:14:00 BattlEye Server: (Side) High Alert Highlander : they atrst lunching rockets at them
18:18:22 BattlEye Server: (Side) High Alert Highlander : yes
18:18:50 BattlEye Server: (Side) High Alert Highlander : they r we need toplace themin{
18:30:26 BattlEye Server: (Side) High Alert Highlander : yes
18:37:27 12069 uses modified data file
18:37:27 BattlEye Server: Player #3 12069 (24.18.233.86:35816) connected
18:37:27 Player 12069 connecting.
18:37:30 BattlEye Server: Player #3 12069 - BE GUID: 85c3fd5424ab58f156f0aa2e847e6287
18:37:30 Player 12069 connected (id=76561198099949016).
18:37:30 BattlEye Server: Verified GUID (85c3fd5424ab58f156f0aa2e847e6287) of player #3 12069
18:37:38 BattlEye Server: (Side) High Alert Highlander : yes
18:38:00 Player 12069 disconnected.
18:38:00 BattlEye Server: Player #3 12069 disconnected
18:38:14 BattlEye Server: (Side) High Alert Highlander : ikickhim
18:40:16 12069 uses modified data file
18:40:16 BattlEye Server: Player #3 12069 (24.18.233.86:49055) connected
18:40:16 Player 12069 connecting.
18:40:18 Player 12069 disconnected.
18:40:18 BattlEye Server: Player #3 12069 disconnected
18:45:46 BattlEye Server: (Side) High Alert Highlander : yes
18:47:22 BattlEye Server: (Side) High Alert Highlander : no
18:49:07 BattlEye Server: (Side) High Alert Highlander : all gppd
18:52:00 BattlEye Server: (Side) High Alert Highlander : i already have my places in altis 
18:52:14 BattlEye Server: (Side) High Alert Highlander : always choose the samesones
19:05:23 Odhaving uses modified data file
19:05:23 BattlEye Server: Player #3 Odhaving (208.107.215.51:2304) connected
19:05:23 Player Odhaving connecting.
19:05:25 BattlEye Server: Player #3 Odhaving - BE GUID: 3dd45ae2aae999a097eb909cbc8278fa
19:05:28 Player Odhaving connected (id=76561198281946559).
19:05:28 BattlEye Server: Verified GUID (3dd45ae2aae999a097eb909cbc8278fa) of player #3 Odhaving
19:06:03 BattlEye Server: (Side) High Alert Highlander : yes
19:06:12 BattlEye Server: (Side) High Alert Highlander : yes}
19:06:51 BattlEye Server: (Side) High Alert Highlander : no sorprise inthat 
19:07:45 BattlEye Server: (Global) Odhaving: Lets agree not to hunt the autist
19:08:13 BattlEye Server: (Global) Mason: peace then?
19:08:15 BattlEye Server: (Global) High Alert Highlander : i dont hunt but if i see you i shoot to kill
19:08:30 BattlEye Server: (Global) Odhaving: Then i will run
19:08:38 BattlEye Server: (Global) High Alert Highlander : thats ok 
19:08:48 BattlEye Server: (Global) High Alert Highlander : iwont follow
19:09:11 BattlEye Server: (Global) Mason: k, i agree, guns cold, defense only
19:09:17 BattlEye Server: (Global) High Alert Highlander : yes
19:09:35 BattlEye Server: (Global) Mason: Od?
19:10:08 BattlEye Server: (Global) Odhaving: Oh I wouldnt be able to shoot you anyways my skill at this game is to low
19:10:29 BattlEye Server: (Global) Odhaving: I am the distraction usually
19:12:40 BattlEye Server: (Side) High Alert Highlander : yesterday i buy the apex  and the tank dlc 
19:12:49 BattlEye Server: (Side) High Alert Highlander : imso happy 
19:13:06 BattlEye Server: (Side) High Alert Highlander : great 
19:13:17 BattlEye Server: (Side) High Alert Highlander : thatre is everything 
19:14:18 BattlEye Server: (Side) High Alert Highlander : always 
19:14:36 BattlEye Server: (Side) High Alert Highlander : lol
19:14:39 BattlEye Server: (Side) High Alert Highlander : jajaja
19:14:46 BattlEye Server: (Side) High Alert Highlander : never tried 
19:14:49 BattlEye Server: (Side) High Alert Highlander : i will
19:15:11 BattlEye Server: (Side) High Alert Highlander : i love the russian scopes
19:15:35 BattlEye Server: (Side) High Alert Highlander : yes 
19:15:42 BattlEye Server: (Global) Odhaving: Is the vitual arsonal for vehicles availible on waistland servers
19:16:22 BattlEye Server: (Global) High Alert Highlander : what you mean 
19:16:33 BattlEye Server: (Global) High Alert Highlander : only the ones we allow to have 
19:16:53 BattlEye Server: (Global) Odhaving: In the virtual arsonal you can fit the vehicles with different weapons
19:17:16 BattlEye Server: (Global) High Alert Highlander : yes they have diferents variables
19:17:45 BattlEye Server: (Global) Odhaving: Can an armed an 2 be added pls
19:17:55 BattlEye Server: (Global) High Alert Highlander : we onlly have here the ones that we allow
19:18:02 BattlEye Server: (Global) Odhaving: ok
19:18:32 BattlEye Server: (Global) Odhaving: Do the ammoboxes resuply the vehicles
19:18:42 BattlEye Server: (Global) High Alert Highlander : no
19:19:20 BattlEye Server: (Global) High Alert Highlander : no
19:29:13 BattlEye Server: (Side) High Alert Highlander : dude will do  serious damaga with the falcondrone
19:29:29 BattlEye Server: (Side) High Alert Highlander : theheli
19:29:44 BattlEye Server: (Side) High Alert Highlander : fully
19:30:13 BattlEye Server: (Side) High Alert Highlander : yea
19:30:39 BattlEye Server: (Side) High Alert Highlander : that is what i just did 
19:31:00 BattlEye Server: (Side) High Alert Highlander : yea
19:31:21 BattlEye Server: (Side) High Alert Highlander : falcon
19:31:55 BattlEye Server: (Side) High Alert Highlander : yes
19:31:57 BattlEye Server: (Side) High Alert Highlander : VS
19:32:31 BattlEye Server: (Side) High Alert Highlander : 