15:01:37 BattlEye Server: Initialized (v1.217)
15:01:37 Host identity created.
15:01:37 Game Port: 2307, Steam Query Port: 2308
15:01:37 Mission A3Wasteland Altis v1.4c read from bank.
15:01:39 Roles assigned.
15:01:39 Reading mission ...
15:02:11 Mission read.
15:02:11 Game started.
15:03:23 RockstarGaming uses modified data file
15:03:23 BattlEye Server: Player #0 RockstarGaming (107.204.216.18:2304) connected
15:03:23 Player RockstarGaming connecting.
15:03:23 BattlEye Server: Connected to BE Master
15:03:25 BattlEye Server: Player #0 RockstarGaming - BE GUID: 23fe7edb77e6acee989bf1757f516554
15:03:25 Player RockstarGaming connected (id=76561198250040454).
15:03:25 BattlEye Server: Verified GUID (23fe7edb77e6acee989bf1757f516554) of player #0 RockstarGaming
15:08:46 Mason uses modified data file
15:08:46 BattlEye Server: Player #1 Mason (71.81.137.47:2309) connected
15:08:47 Player Mason connecting.
15:08:48 BattlEye Server: Player #1 Mason - BE GUID: 955d09b6e1dde9360ceebc2963df084d
15:08:49 Player Mason connected (id=76561198026943270).
15:08:49 BattlEye Server: Verified GUID (955d09b6e1dde9360ceebc2963df084d) of player #1 Mason
15:28:29 High Alert Highlander  uses modified data file
15:28:29 BattlEye Server: Player #2 High Alert Highlander  (190.171.107.0:62725) connected
15:28:29 Player High Alert Highlander  connecting.
15:28:33 BattlEye Server: Player #2 High Alert Highlander  - BE GUID: a01f35e030c4464ff5b5e9c18ddf0195
15:28:36 Player High Alert Highlander  connected (id=76561198065774594).
15:28:36 BattlEye Server: Verified GUID (a01f35e030c4464ff5b5e9c18ddf0195) of player #2 High Alert Highlander 
15:31:30 Admin logged in, player: High Alert Highlander , playerUID: 76561198065774594, IP: 192.168.0.10:2309.
15:36:10 BattlEye Server: (Global) High Alert Highlander : Can i klill us guys 
15:36:38 BattlEye Server: (Global) High Alert Highlander : Can i kill u guys 
15:37:01 BattlEye Server: (Global) High Alert Highlander : u havent send me in inv 
15:38:14 BattlEye Server: (Global) High Alert Highlander : what r we doing 
15:38:24 BattlEye Server: (Group) Mason: med money
15:47:02 BattlEye Server: (Global) High Alert Highlander : no
15:49:51 BattlEye Server: (Global) High Alert Highlander : no
15:56:08 BattlEye Server: (Global) High Alert Highlander : thks
15:57:01 BattlEye Server: (Global) High Alert Highlander : that waswhy iu wasshooting 
15:59:29 BattlEye Server: (Global) High Alert Highlander : idid
15:59:40 BattlEye Server: (Global) High Alert Highlander : lol
15:59:48 BattlEye Server: (Global) High Alert Highlander : dude thats dirt 
15:59:57 BattlEye Server: (Global) High Alert Highlander : dont be such a pussy 
15:59:59 BattlEye Server: (Global) High Alert Highlander : jajajaja
16:00:18 BattlEye Server: (Global) High Alert Highlander : u guys tait
16:00:39 BattlEye Server: (Global) High Alert Highlander : sure
16:00:46 BattlEye Server: (Global) High Alert Highlander : mason take this
16:01:10 BattlEye Server: (Global) High Alert Highlander : tow it 
16:01:45 BattlEye Server: (Global) High Alert Highlander : seel that 
16:01:56 BattlEye Server: (Global) High Alert Highlander : nee needmoney
16:02:26 BattlEye Server: (Global) High Alert Highlander : yes
16:04:32 BattlEye Server: (Global) High Alert Highlander : uhave noidea whoiusflying this
16:04:54 BattlEye Server: (Global) High Alert Highlander : yea
16:05:08 BattlEye Server: (Global) High Alert Highlander : yesterday  they were chasing me 
16:05:21 BattlEye Server: (Global) High Alert Highlander : and i  was trolling themlet them enjoy a will
16:05:25 BattlEye Server: (Global) High Alert Highlander : wile
16:05:43 BattlEye Server: (Global) High Alert Highlander : thenthey crash in the sea
16:07:38 BattlEye Server: (Global) High Alert Highlander :  goto the tank and click relase
16:08:00 BattlEye Server: (Global) High Alert Highlander : pick ropes
16:08:11 BattlEye Server: (Global) High Alert Highlander : onthe tanknot the strider
16:09:30 BattlEye Server: (Global) High Alert Highlander : itollyou how 
16:09:40 BattlEye Server: (Global) High Alert Highlander : jajajaja
16:10:37 BattlEye Server: (Global) High Alert Highlander : yes
16:10:49 BattlEye Server: (Global) High Alert Highlander : that one pickupthen realed
16:12:05 BattlEye Server: (Global) High Alert Highlander : pickup
16:12:18 BattlEye Server: (Global) High Alert Highlander : gostrider
16:12:40 BattlEye Server: (Global) High Alert Highlander : mason 
16:12:44 BattlEye Server: (Global) High Alert Highlander : first 
16:12:47 BattlEye Server: (Global) High Alert Highlander : pick up
16:12:50 BattlEye Server: (Global) High Alert Highlander : then
16:12:57 BattlEye Server: (Global) High Alert Highlander : realeed
16:14:11 BattlEye Server: (Global) High Alert Highlander : wheretoo
16:14:31 BattlEye Server: (Global) High Alert Highlander : altis
16:14:40 BattlEye Server: (Global) High Alert Highlander : weneed deiferent heli
16:19:28 BattlEye Server: (Global) High Alert Highlander : yes
16:19:43 BattlEye Server: (Global) High Alert Highlander : air to ground maissiles
16:21:02 BattlEye Server: (Global) High Alert Highlander : from altis__
16:21:17 BattlEye Server: (Global) High Alert Highlander : like600k
16:21:39 BattlEye Server: (Global) High Alert Highlander : ifyou save the tanksmore
16:21:56 BattlEye Server: (Global) High Alert Highlander : but with this bby donthope that 
16:22:19 BattlEye Server: (Global) High Alert Highlander : rockets
16:22:23 BattlEye Server: (Global) High Alert Highlander : totheweells
16:24:02 kmill42 uses modified data file
16:24:02 BattlEye Server: Player #3 kmill42 (24.52.174.36:2304) connected
16:24:02 Player kmill42 connecting.
16:24:14 Player kmill42 disconnected.
16:24:14 BattlEye Server: Player #3 kmill42 disconnected
16:24:19 BattlEye Server: (Global) High Alert Highlander : yes
16:26:02 BattlEye Server: (Global) High Alert Highlander : service
16:30:10 BattlEye Server: (Global) High Alert Highlander : go
16:30:19 BattlEye Server: (Global) High Alert Highlander : illsalvage this
16:31:38 BattlEye Server: (Global) High Alert Highlander : exp mi littlefellow
16:34:29 BattlEye Server: (Global) High Alert Highlander : put the amount transfer
16:35:44 BattlEye Server: (Global) High Alert Highlander : U TWO GET IN THE HELIPLS
16:35:49 BattlEye Server: (Global) High Alert Highlander : sorry caps
16:36:32 BattlEye Server: (Global) High Alert Highlander : lets do quickmissions 
16:36:35 BattlEye Server: (Global) High Alert Highlander : yes
16:36:52 BattlEye Server: (Global) High Alert Highlander : side and back gun pls
16:37:23 BattlEye Server: (Global) High Alert Highlander : yes
16:37:39 BattlEye Server: (Global) High Alert Highlander : all of them
16:38:04 BattlEye Server: (Global) High Alert Highlander : WS
16:38:10 BattlEye Server: (Global) High Alert Highlander : BACK GUNN PLS
16:38:17 BattlEye Server: (Global) High Alert Highlander : shit sorry caps
16:41:44 BattlEye Server: (Group) RockstarGaming: im gonna mute my mic for a little bit cuz im eating chips and i dont want it to be annoying
16:42:09 BattlEye Server: (Group) RockstarGaming: how did that truck not blow up
16:42:35 BattlEye Server: (Global) High Alert Highlander : ugot to know where toshoot
16:42:45 BattlEye Server: (Group) RockstarGaming: i see
16:43:35 BattlEye Server: (Global) High Alert Highlander : almost blow
16:45:05 BattlEye Server: (Global) High Alert Highlander : pls
16:50:20 BattlEye Server: (Global) High Alert Highlander : mope
16:50:39 BattlEye Server: (Global) High Alert Highlander : glich
16:51:42 BattlEye Server: (Global) High Alert Highlander : what aout now
16:51:55 BattlEye Server: (Global) High Alert Highlander :  still see
16:51:57 Joe Coulter uses modified data file
16:51:57 BattlEye Server: Player #3 Joe Coulter (73.44.35.230:2304) connected
16:51:57 Player Joe Coulter connecting.
16:51:59 BattlEye Server: Player #3 Joe Coulter - BE GUID: a45e2d280c38356a2a34ab6996f07b96
16:51:59 Player Joe Coulter connected (id=76561198119565710).
16:51:59 BattlEye Server: Verified GUID (a45e2d280c38356a2a34ab6996f07b96) of player #3 Joe Coulter
16:52:49 BattlEye Server: (Global) High Alert Highlander : we nned static missions for this heli 
16:53:15 BattlEye Server: (Global) High Alert Highlander : ok 
16:53:22 Player Joe Coulter disconnected.
16:53:22 BattlEye Server: Player #3 Joe Coulter disconnected
16:53:39 BattlEye Server: (Global) High Alert Highlander : yes
16:53:44 BattlEye Server: (Global) High Alert Highlander : roger
16:54:08 BattlEye Server: (Global) High Alert Highlander : dont shoot helis 
16:54:21 BattlEye Server: (Global) High Alert Highlander : they will rip us
16:55:18 BattlEye Server: (Global) High Alert Highlander : we aregoing atri to helis be ready 
16:55:40 BattlEye Server: (Global) High Alert Highlander : yes
16:55:55 BattlEye Server: (Global) High Alert Highlander : lying 
16:55:59 BattlEye Server: (Global) High Alert Highlander : flyiong
16:56:14 BattlEye Server: (Global) High Alert Highlander : yes
16:56:40 BattlEye Server: (Global) High Alert Highlander : surwe
16:58:11 BattlEye Server: (Global) High Alert Highlander : change
16:58:46 BattlEye Server: (Global) High Alert Highlander : change seat
16:58:48 BattlEye Server: (Global) High Alert Highlander : pls
16:59:26 BattlEye Server: (Global) High Alert Highlander : my bad
16:59:55 BattlEye Server: (Global) High Alert Highlander : not fast enoug thisone
17:00:26 BattlEye Server: (Global) High Alert Highlander : use your guns here 
17:03:32 BattlEye Server: (Global) High Alert Highlander : mee to 
17:03:41 BattlEye Server: (Global) High Alert Highlander : needtoeat
17:04:05 BattlEye Server: (Global) High Alert Highlander : see u guys later in a wile
17:04:16 Player High Alert Highlander  disconnected.
17:04:16 BattlEye Server: Player #2 High Alert Highlander  disconnected
17:04:16 Admin logged out, player: High Alert Highlander , playerUID: 76561198065774594, IP: 192.168.0.10:2309.
17:04:29 Player RockstarGaming disconnected.
17:04:30 BattlEye Server: Player #0 RockstarGaming disconnected
17:08:29 Player Mason disconnected.
17:08:29 BattlEye Server: Player #1 Mason disconnected
18:31:15 Trans-fights uses modified data file
18:31:15 BattlEye Server: Player #0 Trans-fights (72.79.217.207:2309) connected
18:31:15 Player Trans-fights connecting.
18:31:17 BattlEye Server: Player #0 Trans-fights - BE GUID: 5963ef09c03283890a08815e3b3b11f6
18:31:17 Player Trans-fights connected (id=76561198275319572).
18:31:17 BattlEye Server: Verified GUID (5963ef09c03283890a08815e3b3b11f6) of player #0 Trans-fights
18:32:13 Mason uses modified data file
18:32:13 BattlEye Server: Player #1 Mason (71.81.137.47:2309) connected
18:32:13 Player Mason connecting.
18:32:15 BattlEye Server: Player #1 Mason - BE GUID: 955d09b6e1dde9360ceebc2963df084d
18:32:15 Player Mason connected (id=76561198026943270).
18:32:15 BattlEye Server: Verified GUID (955d09b6e1dde9360ceebc2963df084d) of player #1 Mason
18:32:23 Player Mason disconnected.
18:32:23 BattlEye Server: Player #1 Mason disconnected
19:09:52 High Alert Highlander  uses modified data file
19:09:52 BattlEye Server: Player #1 High Alert Highlander  (190.171.107.0:62725) connected
19:09:52 Player High Alert Highlander  connecting.
19:09:57 BattlEye Server: Player #1 High Alert Highlander  - BE GUID: a01f35e030c4464ff5b5e9c18ddf0195
19:09:59 Player High Alert Highlander  connected (id=76561198065774594).
19:09:59 BattlEye Server: Verified GUID (a01f35e030c4464ff5b5e9c18ddf0195) of player #1 High Alert Highlander 
19:11:51 Admin logged in, player: High Alert Highlander , playerUID: 76561198065774594, IP: 192.168.0.10:2309.
19:12:00 BattlEye Server: (Global) Trans-fights: dont wanna group up?
19:12:28 BattlEye Server: (Global) High Alert Highlander : trans u r not welcome here pls donot comebak 
19:12:33 BattlEye Server: (Global) Trans-fights: wtf
19:12:36 BattlEye Server: (Global) Trans-fights: ill talk to sarg
19:12:37 Player Trans-fights disconnected.
19:12:37 BattlEye Server: Player #0 Trans-fights disconnected
19:26:52 RockstarGaming uses modified data file
19:26:52 BattlEye Server: Player #2 RockstarGaming (107.204.216.18:2304) connected
19:26:52 Player RockstarGaming connecting.
19:26:54 BattlEye Server: Player #2 RockstarGaming - BE GUID: 23fe7edb77e6acee989bf1757f516554
19:26:54 Player RockstarGaming connected (id=76561198250040454).
19:26:54 BattlEye Server: Verified GUID (23fe7edb77e6acee989bf1757f516554) of player #2 RockstarGaming
19:26:57 Player RockstarGaming disconnected.
19:26:57 BattlEye Server: Player #2 RockstarGaming disconnected
19:28:47 Mason uses modified data file
19:28:47 BattlEye Server: Player #2 Mason (71.81.137.47:2309) connected
19:28:47 Player Mason connecting.
19:28:49 BattlEye Server: Player #2 Mason - BE GUID: 955d09b6e1dde9360ceebc2963df084d
19:28:50 Player Mason connected (id=76561198026943270).
19:28:50 BattlEye Server: Verified GUID (955d09b6e1dde9360ceebc2963df084d) of player #2 Mason
19:31:26 Player Mason disconnected.
19:31:26 BattlEye Server: Player #2 Mason disconnected
19:32:13 RockstarGaming uses modified data file
19:32:13 BattlEye Server: Player #2 RockstarGaming (107.204.216.18:2304) connected
19:32:13 Player RockstarGaming connecting.
19:32:15 BattlEye Server: Player #2 RockstarGaming - BE GUID: 23fe7edb77e6acee989bf1757f516554
19:32:16 Player RockstarGaming connected (id=76561198250040454).
19:32:16 BattlEye Server: Verified GUID (23fe7edb77e6acee989bf1757f516554) of player #2 RockstarGaming
19:34:51 BattlEye Server: (Side) RockstarGaming: Hey highlander
19:34:58 BattlEye Server: (Global) High Alert Highlander : hi rock 
19:35:11 BattlEye Server: (Global) High Alert Highlander : im checking what new helis to add in the server 
19:35:17 BattlEye Server: (Side) RockstarGaming: oooh
19:35:28 BattlEye Server: (Side) RockstarGaming: sounds fun
19:35:34 BattlEye Server: (Side) RockstarGaming: by the way
19:35:55 Mason uses modified data file
19:35:55 BattlEye Server: Player #3 Mason (71.81.137.47:2309) connected
19:35:55 Player Mason connecting.
19:35:57 BattlEye Server: Player #3 Mason - BE GUID: 955d09b6e1dde9360ceebc2963df084d
19:35:57 Player Mason connected (id=76561198026943270).
19:35:57 BattlEye Server: Verified GUID (955d09b6e1dde9360ceebc2963df084d) of player #3 Mason
19:36:05 BattlEye Server: (Global) High Alert Highlander : yes
19:36:06 BattlEye Server: (Side) RockstarGaming: i wanted to talk to you about the incedent with trans the other day
19:36:35 BattlEye Server: (Global) High Alert Highlander : there is nothing to talkabout 
19:36:38 BattlEye Server: (Side) RockstarGaming: he says he apologizes and wont kill anybody at a store again and will follow the rules
19:36:45 BattlEye Server: (Global) High Alert Highlander : he isnotlonger welcome inthis server 
19:37:00 BattlEye Server: (Global) High Alert Highlander : to late for that 
19:37:07 BattlEye Server: (Global) High Alert Highlander : he had asecond chance 
19:37:15 BattlEye Server: (Global) High Alert Highlander : andhe blow it away 
19:37:15 BattlEye Server: (Side) RockstarGaming: oh
19:37:26 BattlEye Server: (Side) RockstarGaming: what was his second chance
19:37:51 BattlEye Server: (Global) High Alert Highlander : the first timehe had a promblem with mason and bandit 
19:37:57 BattlEye Server: (Side) RockstarGaming: oh
19:38:02 BattlEye Server: (Side) RockstarGaming: hes been here before?
19:38:12 BattlEye Server: (Global) High Alert Highlander : and he  was very irrespecful  rude and nasty 
19:38:13 BattlEye Server: (Side) RockstarGaming: i did not know that
19:38:28 BattlEye Server: (Global) High Alert Highlander : yes  we givehima second chance 
19:38:45 BattlEye Server: (Global) High Alert Highlander : andthen he did it again that day by now following the rules 
19:38:56 BattlEye Server: (Global) High Alert Highlander : he went over my authoraty 
19:39:00 BattlEye Server: (Global) High Alert Highlander : lying 
19:39:04 BattlEye Server: (Side) RockstarGaming: oh
19:39:16 BattlEye Server: (Global) High Alert Highlander : sarg took his time to check the chat logs 
19:39:26 BattlEye Server: (Global) High Alert Highlander : and now he is not welcomenow or ever
19:39:30 BattlEye Server: (Side) RockstarGaming: OKAY
19:39:33 BattlEye Server: (Side) RockstarGaming: sry caps
19:39:39 BattlEye Server: (Side) RockstarGaming: rip
19:39:44 BattlEye Server: (Group) Mason: hey
19:39:54 BattlEye Server: (Group) High Alert Highlander : hey mason
19:39:57 BattlEye Server: (Side) RockstarGaming: was he perm banned
19:40:16 BattlEye Server: (Group) High Alert Highlander : he will be as soon i palce him onthe bannedlist 
19:40:32 BattlEye Server: (Group) High Alert Highlander : pls help me
19:40:43 BattlEye Server: (Group) RockstarGaming: with what?
19:40:48 BattlEye Server: (Group) High Alert Highlander : what new vehiculs to add in the server
19:40:51 BattlEye Server: (Group) RockstarGaming: ooh
19:40:55 BattlEye Server: (Group) RockstarGaming: heck yeah
19:40:59 BattlEye Server: (Group) High Alert Highlander : tou try them
19:41:03 BattlEye Server: (Group) High Alert Highlander : yes
19:41:05 BattlEye Server: (Group) High Alert Highlander : yes
19:41:15 BattlEye Server: (Group) High Alert Highlander : thks
19:41:24 BattlEye Server: (Group) RockstarGaming: uh highlander
19:41:31 BattlEye Server: (Group) High Alert Highlander : okyou can come here onthe mainair port 
19:41:47 BattlEye Server: (Group) RockstarGaming: trans threatens to ddos you
19:42:02 BattlEye Server: (Group) High Alert Highlander : what that means 
19:42:14 BattlEye Server: (Group) High Alert Highlander : what is ddos
19:42:49 BattlEye Server: (Group) High Alert Highlander : with what 
19:42:53 BattlEye Server: (Group) High Alert Highlander : jajajaja
19:43:00 BattlEye Server: (Group) High Alert Highlander : tellhimthat he can try 
19:43:34 BattlEye Server: (Group) High Alert Highlander : ok whatever 
19:43:38 BattlEye Server: (Group) High Alert Highlander : dont care 
19:44:06 BattlEye Server: (Group) High Alert Highlander : ok so first he tresta me 
19:44:13 BattlEye Server: (Group) High Alert Highlander : and now he wants to talk
19:44:15 BattlEye Server: (Group) High Alert Highlander : lol 
19:44:20 BattlEye Server: (Group) High Alert Highlander : that guy has issues
19:45:02 BattlEye Server: (Group) High Alert Highlander : -threat
19:45:08 BattlEye Server: (Group) High Alert Highlander : first he threat me 
19:45:15 BattlEye Server: (Group) High Alert Highlander : and now want totalk 
19:45:21 BattlEye Server: (Group) High Alert Highlander : Fuck him 
19:46:05 BattlEye Server: (Group) High Alert Highlander : thisbby is defenetely in
19:46:20 BattlEye Server: (Group) High Alert Highlander : sure
19:47:15 BattlEye Server: (Group) High Alert Highlander : no
19:47:30 BattlEye Server: (Group) High Alert Highlander : guns to the sides
19:47:42 BattlEye Server: (Group) High Alert Highlander : one inthe back 
19:48:07 BattlEye Server: (Group) High Alert Highlander : so 4 guuners 
19:48:14 BattlEye Server: (Group) High Alert Highlander : one observer 
19:48:21 BattlEye Server: (Group) High Alert Highlander : pilot
19:48:39 BattlEye Server: (Group) High Alert Highlander : an seats for like 15people 
19:48:55 BattlEye Server: (Group) RockstarGaming: trans wants me to say a unch of cuss words and the n word 
19:48:56 BattlEye Server: (Group) RockstarGaming: wow
19:49:04 BattlEye Server: (Group) RockstarGaming: that sounds babyish
19:49:05 BattlEye Server: (Group) RockstarGaming: but
19:49:06 BattlEye Server: (Group) RockstarGaming: no
19:49:10 BattlEye Server: (Group) High Alert Highlander : rock 
19:49:15 BattlEye Server: (Group) RockstarGaming: im going to unfriend him
19:49:22 BattlEye Server: (Group) High Alert Highlander : make yourself afavorandblockthat guy 
19:49:43 BattlEye Server: (Group) RockstarGaming: hes gone
19:49:58 BattlEye Server: (Group) RockstarGaming: u going to fly it?
19:50:03 BattlEye Server: (Group) High Alert Highlander : no 
19:50:07 BattlEye Server: (Group) High Alert Highlander : just tryit
19:50:08 BattlEye Server: (Group) RockstarGaming: oh
19:50:16 BattlEye Server: (Group) RockstarGaming: oh cool
19:50:23 BattlEye Server: (Group) RockstarGaming: oh shoot
19:50:38 BattlEye Server: (Group) RockstarGaming: can i do that
19:50:46 BattlEye Server: (Group) High Alert Highlander : damn
19:51:20 BattlEye Server: (Group) High Alert Highlander : there
19:51:30 BattlEye Server: (Group) RockstarGaming: ooh
19:51:34 BattlEye Server: (Group) RockstarGaming: can i try it
19:51:50 BattlEye Server: (Group) High Alert Highlander : sure
19:52:41 BattlEye Server: (Group) RockstarGaming: OOOGGAA BOOGA BOOGA
19:53:20 BattlEye Server: (Group) High Alert Highlander : mason i diont haer u 
19:55:22 BattlEye Server: (Group) Mason: can you put in the AH-1
19:55:48 BattlEye Server: (Group) Mason: 4 blade version
19:58:03 BattlEye Server: (Group) High Alert Highlander : it heals
20:00:30 BattlEye Server: (Group) High Alert Highlander : yes
20:00:33 BattlEye Server: (Group) High Alert Highlander : iwill
20:00:45 BattlEye Server: (Group) High Alert Highlander : theone ingameis another
20:00:53 BattlEye Server: (Group) High Alert Highlander : thereis3diferent cobra
20:01:05 BattlEye Server: (Group) High Alert Highlander : two aa
20:01:11 BattlEye Server: (Group) High Alert Highlander : 16 laser guided 
20:01:45 BattlEye Server: (Side) High Alert Highlander : its in 
20:02:07 BattlEye Server: (Group) High Alert Highlander : 700k
20:02:13 BattlEye Server: (Group) High Alert Highlander : willbe added 
20:02:34 BattlEye Server: (Group) High Alert Highlander : it has 2  AA missiles 
20:02:54 BattlEye Server: (Group) High Alert Highlander : yes
20:03:28 BattlEye Server: (Group) High Alert Highlander : defeerent weapon
20:03:38 BattlEye Server: (Group) High Alert Highlander : is the same heli
20:03:46 BattlEye Server: (Group) High Alert Highlander : but it has more weaspons
20:04:07 BattlEye Server: (Group) High Alert Highlander : nope
20:04:17 BattlEye Server: (Group) High Alert Highlander : helisno 
20:05:19 BattlEye Server: (Group) High Alert Highlander : nope
20:05:26 BattlEye Server: (Group) High Alert Highlander : yes it 
20:07:45 BattlEye Server: (Group) High Alert Highlander : yes
20:08:06 BattlEye Server: (Group) High Alert Highlander : but thereis somany 
20:08:26 BattlEye Server: (Group) High Alert Highlander : is like one has like 6 variations 
20:08:32 BattlEye Server: (Group) High Alert Highlander : oof each 
20:11:32 BattlEye Server: (Group) High Alert Highlander : damnthey are guided
20:12:08 BattlEye Server: (Group) High Alert Highlander : 65 max
20:13:54 BattlEye Server: (Group) High Alert Highlander : isnotlost 
20:14:04 BattlEye Server: (Group) High Alert Highlander : stay down
20:15:09 BattlEye Server: (Group) High Alert Highlander : stay there
20:21:16 BattlEye Server: (Group) High Alert Highlander : see those r tyh realadmin powers
20:21:50 BattlEye Server: (Group) High Alert Highlander : nowhe sees the diference
20:24:40 BattlEye Server: (Group) High Alert Highlander : sorry
20:24:55 BattlEye Server: (Group) High Alert Highlander : this by isin
20:25:20 BattlEye Server: (Group) High Alert Highlander : just fior this once 
20:25:42 BattlEye Server: (Group) High Alert Highlander : yea because that was not amission doing correctly 
20:26:45 BattlEye Server: (Group) High Alert Highlander : mason do u knowwhat this is 
20:29:41 BattlEye Server: (Group) High Alert Highlander : okislsoew as hell
20:30:35 BattlEye Server: (Group) High Alert Highlander : wtf 
20:31:07 BattlEye Server: (Group) High Alert Highlander : shit 
20:31:10 BattlEye Server: (Group) High Alert Highlander : look this
20:31:37 BattlEye Server: (Group) High Alert Highlander : too late 
20:32:33 BattlEye Server: (Group) High Alert Highlander : jajajajano idea
20:33:02 BattlEye Server: (Group) High Alert Highlander : no
20:33:15 BattlEye Server: (Group) High Alert Highlander : rock pls mocvea moment 
20:33:28 BattlEye Server: (Group) High Alert Highlander : getout 
20:33:30 BattlEye Server: (Group) High Alert Highlander : pls
20:37:17 BattlEye Server: (Group) High Alert Highlander : yes
20:37:39 BattlEye Server: (Group) High Alert Highlander : didyiou saw that boom
20:39:02 BattlEye Server: (Group) High Alert Highlander : holy the devastation 
20:39:04 BattlEye Server: (Group) High Alert Highlander : is
20:39:14 BattlEye Server: (Group) High Alert Highlander : unbalñivable
20:40:56 BattlEye Server: (Group) High Alert Highlander : mason