18:59:35 BattlEye Server: Initialized (v1.217)
18:59:35 Host identity created.
18:59:35 Game Port: 2307, Steam Query Port: 2308
18:59:35 Mission A3Wasteland Altis v1.4c read from bank.
18:59:37 Roles assigned.
18:59:37 Reading mission ...
19:00:09 Mission read.
19:00:09 Game started.
19:00:32 Mason uses modified data file
19:00:32 BattlEye Server: Player #0 Mason (71.81.137.47:2309) connected
19:00:32 Player Mason connecting.
19:00:33 BattlEye Server: Connected to BE Master
19:00:35 BattlEye Server: Player #0 Mason - BE GUID: 955d09b6e1dde9360ceebc2963df084d
19:00:35 Player Mason connected (id=76561198026943270).
19:00:35 BattlEye Server: Verified GUID (955d09b6e1dde9360ceebc2963df084d) of player #0 Mason
19:01:05 High Alert Highlander  uses modified data file
19:01:05 BattlEye Server: Player #1 High Alert Highlander  (190.171.107.63:62725) connected
19:01:05 Player High Alert Highlander  connecting.
19:01:07 BattlEye Server: Player #1 High Alert Highlander  - BE GUID: a01f35e030c4464ff5b5e9c18ddf0195
19:01:10 Player High Alert Highlander  connected (id=76561198065774594).
19:01:10 BattlEye Server: Verified GUID (a01f35e030c4464ff5b5e9c18ddf0195) of player #1 High Alert Highlander 
19:03:59 BattlEye Server: (Group) High Alert Highlander : dou trush me
19:08:34 BattlEye Server: (Group) High Alert Highlander : wheru going 
19:09:12 BattlEye Server: (Group) High Alert Highlander : i dont hear u discord
19:09:42 BattlEye Server: (Group) Mason: lost sound have to log out real quick
19:10:26 Player Mason disconnected.
19:10:26 BattlEye Server: Player #0 Mason disconnected
19:15:38 SgtMajPrivate uses modified data file
19:15:38 BattlEye Server: Player #2 SgtMajPrivate (73.93.167.13:2309) connected
19:15:38 Player SgtMajPrivate connecting.
19:15:40 BattlEye Server: Player #2 SgtMajPrivate - BE GUID: 4c2b9d687447cbad1213b89cfae82f46
19:15:40 Player SgtMajPrivate connected (id=76561198164565751).
19:15:40 BattlEye Server: Verified GUID (4c2b9d687447cbad1213b89cfae82f46) of player #2 SgtMajPrivate
19:16:19 Mason uses modified data file
19:16:19 BattlEye Server: Player #3 Mason (71.81.137.47:2309) connected
19:16:19 Player Mason connecting.
19:16:21 BattlEye Server: Player #3 Mason - BE GUID: 955d09b6e1dde9360ceebc2963df084d
19:16:21 Player Mason connected (id=76561198026943270).
19:16:21 BattlEye Server: Verified GUID (955d09b6e1dde9360ceebc2963df084d) of player #3 Mason
19:21:06 BattlEye Server: (Global) High Alert Highlander : ok imback 
19:21:16 BattlEye Server: (Global) SgtMajPrivate: hi
19:21:18 BattlEye Server: (Global) Mason: same
19:22:48 BattlEye Server: (Global) High Alert Highlander : shhh
19:25:39 BattlEye Server: (Group) High Alert Highlander :  if you see something that is wasnot there 
19:25:42 Wrong admin password entered by player: SgtMajPrivate, playerUID: 76561198164565751, IP: 192.168.0.11:2309.
19:25:49 Admin logged in, player: SgtMajPrivate, playerUID: 76561198164565751, IP: 192.168.0.11:2309.
19:25:54 BattlEye Server: (Group) High Alert Highlander : sont say that thoseare sniping post of mine 
19:31:25 BattlEye Server: (Side) High Alert Highlander : i change roll im going sniper time to hunt blues 
19:32:33 BattlEye Server: (Group) Mason: what are we up to tongiht?
19:33:09 BattlEye Server: (Group) High Alert Highlander : sarg ownsme two lifes fromyesterday 
19:33:31 BattlEye Server: (Group) High Alert Highlander : i will claimthose
19:34:18 BattlEye Server: (Group) High Alert Highlander : doyou have a satcom
19:34:27 BattlEye Server: (Group) Mason: yes
19:34:49 BattlEye Server: (Group) High Alert Highlander : can u tell me wherehe is 
19:35:10 BattlEye Server: (Group) High Alert Highlander : chack altis patrol and 
19:35:18 BattlEye Server: (Group) High Alert Highlander : military patrol
19:35:27 BattlEye Server: (Group) High Alert Highlander : pls
19:35:42 BattlEye Server: (Group) Mason: k, let me land
19:36:06 BattlEye Server: (Group) High Alert Highlander : he is doing the altis patroll
19:36:14 BattlEye Server: (Group) High Alert Highlander : plscheckthat one
19:36:54 BattlEye Server: (Group) Mason: standby, looking
19:37:27 BattlEye Server: (Group) Mason: altis or military?
19:37:33 BattlEye Server: (Group) High Alert Highlander : altis
19:37:40 BattlEye Server: (Group) High Alert Highlander : he just die there
19:39:26 BattlEye Server: (Group) Mason: r u flying?
19:39:36 BattlEye Server: (Group) High Alert Highlander : looking for a heli
19:40:31 Tugnuts uses modified data file
19:40:31 BattlEye Server: Player #4 Tugnuts (75.141.168.213:2309) connected
19:40:31 Player Tugnuts connecting.
19:40:34 BattlEye Server: Player #4 Tugnuts - BE GUID: eadc258dcb9e33e30381918c477e16c4
19:40:34 Player Tugnuts connected (id=76561197964252532).
19:40:34 BattlEye Server: Verified GUID (eadc258dcb9e33e30381918c477e16c4) of player #4 Tugnuts
19:41:56 Andy uses modified data file
19:41:56 BattlEye Server: Player #5 Andy (192.182.81.3:2304) connected
19:41:57 Player Andy connecting.
19:41:59 BattlEye Server: Player #5 Andy - BE GUID: 80626db1f5f8a2b430d04d9140222378
19:41:59 Player Andy connected (id=76561198419411531).
19:41:59 BattlEye Server: Verified GUID (80626db1f5f8a2b430d04d9140222378) of player #5 Andy
19:42:02 Player Andy disconnected.
19:42:02 BattlEye Server: Player #5 Andy disconnected
19:45:43 BattlEye Server: (Group) High Alert Highlander : LOL
19:46:03 BattlEye Server: (Group) Mason: headsup
19:46:09 BattlEye Server: (Global) High Alert Highlander : \
19:46:39 BattlEye Server: (Group) High Alert Highlander : NEED UR HELPBUDDY U R MY EYES
19:50:24 BattlEye Server: (Group) Mason: what area r u in?
19:50:50 BattlEye Server: (Group) High Alert Highlander : mark onthemap
19:51:13 BattlEye Server: (Global) High Alert Highlander : F//////U 
19:51:32 BattlEye Server: (Global) High Alert Highlander : HE WISH 
19:51:48 _shifty uses modified data file
19:51:48 BattlEye Server: Player #5 _shifty (76.183.181.142:2304) connected
19:51:48 Player _shifty connecting.
19:51:50 BattlEye Server: Player #5 _shifty - BE GUID: c370f96380d6e7b4d572302ea569a684
19:51:52 BattlEye Server: (Global) High Alert Highlander : tell him  that i say goodluck trying 
19:51:58 Player _shifty disconnected.
19:51:58 BattlEye Server: Player #5 _shifty disconnected
19:52:47 BattlEye Server: (Global) High Alert Highlander : im founder 
19:52:53 BattlEye Server: (Global) High Alert Highlander : pay that yesterday 
19:53:30 BattlEye Server: (Group) High Alert Highlander : whereis he 
19:53:39 BattlEye Server: (Group) High Alert Highlander : markthat onthemaopalways pls 
19:54:24 BattlEye Server: (Group) Mason: thought he would be by salt flats, havent seen any of them
19:54:53 BattlEye Server: (Global) High Alert Highlander : tugnuts  be ready  tu clean my floro i will useu for that 
19:59:30 BattlEye Server: (Group) Mason: you in your  sniper nest?
19:59:47 BattlEye Server: (Group) High Alert Highlander :  we r on a difetrent discord channel 
19:59:50 BattlEye Server: (Group) High Alert Highlander : u can talk 
19:59:58 BattlEye Server: (Group) High Alert Highlander : yes im
20:00:42 BattlEye Server: (Group) High Alert Highlander : ok
20:01:13 BattlEye Server: (Group) High Alert Highlander : yes
20:01:44 BattlEye Server: (Group) High Alert Highlander : i got one here
20:02:35 BattlEye Server: (Group) High Alert Highlander : im not flying 
20:03:34 BattlEye Server: (Group) High Alert Highlander : mark that on map
20:04:48 BattlEye Server: (Group) High Alert Highlander : thats my heli
20:08:10 BattlEye Server: (Group) High Alert Highlander : imwaiting 
20:10:46 BattlEye Server: (Group) High Alert Highlander : im waching the VS  in salt flats 
20:11:01 BattlEye Server: (Group) High Alert Highlander : allthis area arround here
20:12:48 BattlEye Server: (Group) High Alert Highlander : agaist this guys  isamatterof waiting 
20:12:55 BattlEye Server: (Group) High Alert Highlander : dont be jumping arround
20:13:14 BattlEye Server: (Group) High Alert Highlander : yes im
20:13:21 BattlEye Server: (Group) Mason: nope, i'm in place, it's all satcom for me, just no luck
20:13:33 BattlEye Server: (Group) High Alert Highlander : perfect 
20:14:02 BattlEye Server: (Group) High Alert Highlander : i just need you to look the arround on the vs salt flats 
20:14:12 BattlEye Server: (Group) High Alert Highlander : use thermalimaging 
20:14:24 BattlEye Server: (Group) High Alert Highlander : u change that with N  key 
20:14:51 BattlEye Server: (Group) Mason: im on it
20:16:18 Andy uses modified data file
20:16:18 BattlEye Server: Player #5 Andy (192.182.81.3:2309) connected
20:16:18 Player Andy connecting.
20:16:22 BattlEye Server: Player #5 Andy - BE GUID: 80626db1f5f8a2b430d04d9140222378
20:16:22 Player Andy connected (id=76561198419411531).
20:16:22 BattlEye Server: Verified GUID (80626db1f5f8a2b430d04d9140222378) of player #5 Andy
20:21:00 Player Andy disconnected.
20:21:00 BattlEye Server: Player #5 Andy disconnected
20:24:08 Player SgtMajPrivate is losing connection
20:24:51 Player SgtMajPrivate disconnected.
20:24:51 BattlEye Server: Player #2 SgtMajPrivate disconnected
20:24:51 Admin logged out, player: SgtMajPrivate, playerUID: 76561198164565751, IP: 192.168.0.11:2309.
20:24:51 SgtMajPrivate uses modified data file
20:24:51 BattlEye Server: Player #5 SgtMajPrivate (73.93.167.13:2309) connected
20:24:51 Player SgtMajPrivate connecting.
20:24:59 Player SgtMajPrivate disconnected.
20:24:59 BattlEye Server: Player #5 SgtMajPrivate disconnected
20:25:47 Admin logged in, player: High Alert Highlander , playerUID: 76561198065774594, IP: 192.168.0.10:2309.
20:26:27 SgtMajPrivate uses modified data file
20:26:27 BattlEye Server: Player #5 SgtMajPrivate (73.93.167.13:2309) connected
20:26:27 Player SgtMajPrivate connecting.
20:26:29 BattlEye Server: Player #5 SgtMajPrivate - BE GUID: 4c2b9d687447cbad1213b89cfae82f46
20:26:29 Player SgtMajPrivate connected (id=76561198164565751).
20:26:29 BattlEye Server: Verified GUID (4c2b9d687447cbad1213b89cfae82f46) of player #5 SgtMajPrivate
20:26:37 Admin logged out, player: High Alert Highlander , playerUID: 76561198065774594, IP: 192.168.0.10:2309.
20:27:34 Admin logged in, player: SgtMajPrivate, playerUID: 76561198164565751, IP: 192.168.0.11:2309.
20:28:02 BattlEye Server: (Group) High Alert Highlander : waht _
20:28:06 BattlEye Server: (Group) High Alert Highlander : what _
20:28:14 BattlEye Server: (Group) High Alert Highlander : what u said 
20:28:22 BattlEye Server: (Group) High Alert Highlander : yes
20:28:25 Player SgtMajPrivate kicked off by BattlEye: Client not responding
20:28:25 Player SgtMajPrivate disconnected.
20:28:25 Admin logged out, player: SgtMajPrivate, playerUID: 76561198164565751, IP: 192.168.0.11:2309.
20:28:29 BattlEye Server: (Group) High Alert Highlander : nope 
20:28:38 BattlEye Server: (Group) High Alert Highlander : yes 
20:28:57 BattlEye Server: (Group) High Alert Highlander : me too 
20:29:15 BattlEye Server: (Global) High Alert Highlander : AFK FOR A BIT GUYS 
20:29:21 BattlEye Server: (Global) High Alert Highlander : MAKING COFFEE
20:32:33 BattlEye Server: (Group) Mason: back
20:33:42 SgtMajPrivate uses modified data file
20:33:42 BattlEye Server: Player #5 SgtMajPrivate (73.93.167.13:2309) connected
20:33:42 Player SgtMajPrivate connecting.
20:33:44 BattlEye Server: Player #5 SgtMajPrivate - BE GUID: 4c2b9d687447cbad1213b89cfae82f46
20:33:45 Player SgtMajPrivate connected (id=76561198164565751).
20:33:45 BattlEye Server: Verified GUID (4c2b9d687447cbad1213b89cfae82f46) of player #5 SgtMajPrivate
20:34:59 Admin logged in, player: SgtMajPrivate, playerUID: 76561198164565751, IP: 192.168.0.11:2309.
20:35:40 Player SgtMajPrivate kicked off by BattlEye: Client not responding
20:35:40 Player SgtMajPrivate disconnected.
20:35:41 Admin logged out, player: SgtMajPrivate, playerUID: 76561198164565751, IP: 192.168.0.11:2309.
20:38:32 Player High Alert Highlander  disconnected.
20:38:32 BattlEye Server: Player #1 High Alert Highlander  disconnected
20:39:53 SgtMajPrivate uses modified data file
20:39:53 BattlEye Server: Player #5 SgtMajPrivate (73.93.167.13:2309) connected
20:39:53 Player SgtMajPrivate connecting.
20:39:56 BattlEye Server: Player #5 SgtMajPrivate - BE GUID: 4c2b9d687447cbad1213b89cfae82f46
20:39:56 Player SgtMajPrivate