21:01:59 BattlEye Server: Initialized (v1.217)
21:01:59 Host identity created.
21:01:59 Game Port: 2307, Steam Query Port: 2308
21:01:59 Mission A3Wasteland Altis v1.4c read from bank.
21:02:01 Roles assigned.
21:02:01 Reading mission ...
21:02:36 Mission read.
21:02:36 Game started.
21:05:43 Odhaving uses modified data file
21:05:43 BattlEye Server: Player #0 Odhaving (208.107.215.51:2304) connected
21:05:43 Player Odhaving connecting.
21:05:43 BattlEye Server: Connected to BE Master
21:05:45 BattlEye Server: Player #0 Odhaving - BE GUID: 3dd45ae2aae999a097eb909cbc8278fa
21:05:47 Player Odhaving connected (id=76561198281946559).
21:05:47 BattlEye Server: Verified GUID (3dd45ae2aae999a097eb909cbc8278fa) of player #0 Odhaving
21:06:05 Ironside uses modified data file
21:06:05 BattlEye Server: Player #1 Ironside (24.118.118.85:2304) connected
21:06:05 Player Ironside connecting.
21:06:07 BattlEye Server: Player #1 Ironside - BE GUID: 8a2cf5db8b52210b8d418782d4ba31a9
21:06:08 Player Ironside connected (id=76561198159407384).
21:06:08 BattlEye Server: Verified GUID (8a2cf5db8b52210b8d418782d4ba31a9) of player #1 Ironside
21:24:02 SgtMajPrivate uses modified data file
21:24:02 BattlEye Server: Player #2 SgtMajPrivate (73.93.167.13:2309) connected
21:24:02 Player SgtMajPrivate connecting.
21:24:04 BattlEye Server: Player #2 SgtMajPrivate - BE GUID: 4c2b9d687447cbad1213b89cfae82f46
21:24:05 Player SgtMajPrivate connected (id=76561198164565751).
21:24:05 BattlEye Server: Verified GUID (4c2b9d687447cbad1213b89cfae82f46) of player #2 SgtMajPrivate
21:25:50 BattlEye Server: (Global) Ironside: hi
21:25:51 BattlEye Server: (Global) Odhaving: So um why is there on go carts
21:26:03 BattlEye Server: (Global) Odhaving: No sorry
21:26:04 BattlEye Server: (Global) SgtMajPrivate: what up guys
21:26:22 BattlEye Server: (Global) Odhaving: There is a tank looking at me
21:26:38 BattlEye Server: (Global) Odhaving: And I cant buy an escape go cart
21:26:53 BattlEye Server: (Global) Ironside: same
21:27:01 BattlEye Server: (Global) Odhaving: And the endless arty is broken
21:27:10 BattlEye Server: (Global) Ironside: yes  it is
21:27:29 BattlEye Server: (Global) Odhaving: But enough about us how was your day
21:27:48 BattlEye Server: (Global) SgtMajPrivate: talking to me now?
21:27:54 BattlEye Server: (Global) Odhaving: I always was
21:28:13 BattlEye Server: (Global) SgtMajPrivate: oh, my day was great! finally got off work after a month
21:28:30 BattlEye Server: (Global) SgtMajPrivate: first time playing on my new system
21:28:39 BattlEye Server: (Global) SgtMajPrivate: trying to dial it all in
21:28:43 BattlEye Server: (Global) Ironside: cool
21:28:48 BattlEye Server: (Global) Odhaving: endless utilities
21:28:56 BattlEye Server: (Global) Odhaving: Infinite camo nets
21:29:05 BattlEye Server: (Global) SgtMajPrivate: yea, highlander said the server has been glitching
21:29:18 BattlEye Server: (Global) SgtMajPrivate: so i figured i would come in and clean some garbage
21:29:41 BattlEye Server: (Global) Odhaving: Oh I am messing with the nets right now your proff is in the main airfield
21:29:56 BattlEye Server: (Global) Ironside: ya everything in the player menu is infinite
21:30:24 BattlEye Server: (Global) SgtMajPrivate: wait what lol
21:30:32 BattlEye Server: (Global) Ironside: so people have been spaming the arty on us
21:30:38 BattlEye Server: (Global) Odhaving: 50 plus spawn beacons
21:30:47 BattlEye Server: (Global) Odhaving: so on and so forth 
21:30:55 BattlEye Server: (Global) SgtMajPrivate: oh wow ok
21:31:02 BattlEye Server: (Global) Odhaving: come to main airfield I would like to show you
21:31:16 BattlEye Server: (Global) SgtMajPrivate: ok standby i need to get my sound working...
21:31:17 BattlEye Server: (Global) Odhaving: And we need help
21:31:43 BattlEye Server: (Global) Ironside: we frogot at and military patrol spawned on us
21:31:44 BattlEye Server: (Global) Odhaving: I may have shot the tank with my pistol
21:32:55 BattlEye Server: (Global) SgtMajPrivate: brb
21:33:00 Player SgtMajPrivate disconnected.
21:33:00 BattlEye Server: Player #2 SgtMajPrivate disconnected
21:33:59 SgtMajPrivate uses modified data file
21:33:59 BattlEye Server: Player #2 SgtMajPrivate (73.93.167.13:2309) connected
21:33:59 Player SgtMajPrivate connecting.
21:34:02 BattlEye Server: Player #2 SgtMajPrivate - BE GUID: 4c2b9d687447cbad1213b89cfae82f46
21:34:02 Player SgtMajPrivate connected (id=76561198164565751).
21:34:02 BattlEye Server: Verified GUID (4c2b9d687447cbad1213b89cfae82f46) of player #2 SgtMajPrivate
21:34:16 BattlEye Server: (Global) Odhaving: Nope they dont like 45 apc 
21:34:35 BattlEye Server: (Global) Odhaving: acp
21:34:38 BattlEye Server: (Global) SgtMajPrivate: ok i have sound
21:34:51 BattlEye Server: (Global) Odhaving: Tell them I wish to surrender
21:35:49 BattlEye Server: (Global) Odhaving: There guns are much larger
21:36:01 Wrong admin password entered by player: SgtMajPrivate, playerUID: 76561198164565751, IP: 192.168.0.16:2309.
21:36:07 Admin logged in, player: SgtMajPrivate, playerUID: 76561198164565751, IP: 192.168.0.16:2309.
21:38:21 BattlEye Server: (Global) Odhaving: Ok hiding uder cars doesnt work
21:39:05 BattlEye Server: (Global) Odhaving: stop shopping for clothes
21:41:25 BattlEye Server: (Global) Odhaving: accually could you get me some glowsticks
21:49:06 BattlEye Server: (Global) Odhaving: nvm we good
21:49:43 BattlEye Server: (Global) Odhaving: want a abrams
21:50:08 BattlEye Server: (Global) SgtMajPrivate: no thy brb
21:50:16 Player SgtMajPrivate disconnected.
21:50:16 BattlEye Server: Player #2 SgtMajPrivate disconnected
21:50:16 Admin logged out, player: SgtMajPrivate, playerUID: 76561198164565751, IP: 192.168.0.16:2309.
21:51:07 SgtMajPrivate uses modified data file
21:51:07 BattlEye Server: Player #2 SgtMajPrivate (73.93.167.13:2309) connected
21:51:07 Player SgtMajPrivate connecting.
21:51:09 BattlEye Server: Player #2 SgtMajPrivate - BE GUID: 4c2b9d687447cbad1213b89cfae82f46
21:51:09 Player SgtMajPrivate connected (id=76561198164565751).
21:51:10 BattlEye Server: Verified GUID (4c2b9d687447cbad1213b89cfae82f46) of player #2 SgtMajPrivate
21:55:35 shock_n_aw uses modified data file
21:55:35 BattlEye Server: Player #3 shock_n_aw (66.41.115.225:2304) connected
21:55:35 Player shock_n_aw connecting.
21:55:37 BattlEye Server: Player #3 shock_n_aw - BE GUID: 237e33478bdeceed967a678d7c66e4bf
21:55:38 Player shock_n_aw connected (id=76561198206547295).
21:55:38 BattlEye Server: Verified GUID (237e33478bdeceed967a678d7c66e4bf) of player #3 shock_n_aw
21:58:37 BattlEye Server: (Global) Odhaving: you should look at the airfield
21:59:56 Player Ironside kicked off by BattlEye: Client not responding
21:59:56 Player Ironside disconnected.
22:00:25 Ironside uses modified data file
22:00:25 BattlEye Server: Player #4 Ironside (24.118.118.85:2304) connected
22:00:25 Player Ironside connecting.
22:00:27 BattlEye Server: Player #4 Ironside - BE GUID: 8a2cf5db8b52210b8d418782d4ba31a9
22:00:27 Player Ironside connected (id=76561198159407384).
22:00:27 BattlEye Server: Verified GUID (8a2cf5db8b52210b8d418782d4ba31a9) of player #4 Ironside
22:02:45 Admin logged in, player: SgtMajPrivate, playerUID: 76561198164565751, IP: 192.168.0.16:2309.
22:05:14 Player SgtMajPrivate disconnected.
22:05:14 BattlEye Server: Player #2 SgtMajPrivate disconnected
22:05:14 Admin logged out, player: SgtMajPrivate, playerUID: 76561198164565751, IP: 192.168.0.16:2309.
22:07:47 SgtMajPrivate uses modified data file
22:07:47 BattlEye Server: Player #5 SgtMajPrivate (73.93.167.13:2309) connected
22:07:47 Player SgtMajPrivate connecting.
22:07:49 BattlEye Server: Player #5 SgtMajPrivate - BE GUID: 4c2b9d687447cbad1213b89cfae82f46
22:07:49 Player SgtMajPrivate connected (id=76561198164565751).
22:07:49 BattlEye Server: Verified GUID (4c2b9d687447cbad1213b89cfae82f46) of player #5 SgtMajPrivate
22:13:26 Player SgtMajPrivate disconnected.
22:13:26 BattlEye Server: Player #5 SgtMajPrivate disconnected
22:15:12 SgtMajPrivate uses modified data file
22:15:12 BattlEye Server: Player #5 SgtMajPrivate (73.93.167.13:2309) connected
22:15:12 Player SgtMajPrivate connecting.
22:15:14 BattlEye Server: Player #5 SgtMajPrivate - BE GUID: 4c2b9d687447cbad1213b89cfae82f46
22:15:15 Player SgtMajPrivate connected (id=76561198164565751).
22:15:15 BattlEye Server: Verified GUID (4c2b9d687447cbad1213b89cfae82f46) of player #5 SgtMajPrivate
22:16:38 Admin logged in, player: SgtMajPrivate, playerUID: 76561198164565751, IP: 192.168.0.16:2309.
22:27:16 BattlEye Server: (Global) Odhaving: Um mr server owner
22:27:23 BattlEye Server: (Global) SgtMajPrivate: sup
22:27:34 BattlEye Server: (Global) Odhaving: I am 10 klicks in the skie
22:27:43 BattlEye Server: (Global) Odhaving: shy
22:27:48 BattlEye Server: (Global) Odhaving: sky
22:27:57 BattlEye Server: (Global) Odhaving: thrid attempt
22:28:07 BattlEye Server: (Global) Odhaving: oh and 13 klicks from the shore
22:28:16 BattlEye Server: (Global) Odhaving: Help please
22:29:04 BattlEye Server: (Global) Odhaving: So um
22:29:24 BattlEye Server: (Global) Odhaving: any tips
22:29:48 BattlEye Server: (Global) SgtMajPrivate: yea, thats not a good spot
22:30:09 BattlEye Server: (Global) Odhaving: The 50 cal brought me here
22:30:23 BattlEye Server: (Global) Odhaving: glitchy 50 cals
22:31:29 BattlEye Server: (Global) Ironside: he glitched on the mounted 50 and it teleported him
22:32:25 BattlEye Server: (Global) SgtMajPrivate: ok well, not much i can do to help you now. but i am trying to clean the server and hopefully it will not glitch as much
22:32:37 BattlEye Server: (Global) Ironside: k
22:33:46 Player SgtMajPrivate is losing connection
22:34:17 Player SgtMajPrivate disconnected.
22:34:17 BattlEye Server: Player #5 SgtMajPrivate disconnected
22:34:17 Admin logged out, player: SgtMajPrivate, playerUID: 76561198164565751, IP: 192.168.0.16:2309.
22:34:17 SgtMajPrivate uses modified data file
22:34:17 BattlEye Server: Player #5 SgtMajPrivate (73.93.167.13:2309) connected
22:34:17 Player SgtMajPrivate connecting.
22:34:25 Player SgtMajPrivate disconnected.
22:34:25 BattlEye Server: Player #5 SgtMajPrivate disconnected
22:34:39 SgtMajPrivate uses modified data file
22:34:39 BattlEye Server: Player #5 SgtMajPrivate (73.93.167.13:2309) connected
22:34:39 Player SgtMajPrivate connecting.
22:34:41 BattlEye Server: Player #5 SgtMajPrivate - BE GUID: 4c2b9d687447cbad1213b89cfae82f46
22:34:41 Player SgtMajPrivate connected (id=76561198164565751).
22:34:42 BattlEye Server: Verified GUID (4c2b9d687447cbad1213b89cfae82f46) of player #5 SgtMajPrivate
22:35:46 Admin logged in, player: SgtMajPrivate, playerUID: 76561198164565751, IP: 192.168.0.16:2309.
22:36:33 Player SgtMajPrivate kicked off by BattlEye: Client not responding
22:36:34 Player SgtMajPrivate disconnected.
22:36:34 Admin logged out, player: SgtMajPrivate, playerUID: 76561198164565751, IP: 192.168.0.16:2309.
22:36:47 SgtMajPrivate uses modified data file
22:36:47 BattlEye Server: Player #5 SgtMajPrivate (73.93.167.13:2309) connected
22:36:47 Player SgtMajPrivate connecting.
22:36:49 BattlEye Server: Player #5 SgtMajPrivate - BE GUID: 4c2b9d687447cbad1213b89cfae82f46
22:36:50 Player SgtMajPrivate connected (id=76561198164565751).
22:36:50 BattlEye Server: Verified GUID (4c2b9d687447cbad1213b89cfae82f46) of player #5 SgtMajPrivate
22:37:58 BattlEye Server: (Global) SgtMajPrivate: how would you guys feal about a blank and load of the server
22:38:32 BattlEye Server: (Global) Ironside: so all money gone
22:38:38 BattlEye Server: (Global) Odhaving: If we force save the swastabird will it be here
22:38:42 BattlEye Server: (Global) SgtMajPrivate: i can refund the money
22:38:46 Player SgtMajPrivate kicked off by BattlEye: Client not responding
22:38:47 Player SgtMajPrivate disconnected.
22:39:04 SgtMajPrivate uses modified data file
22:39:04 BattlEye Server: Player #5 SgtMajPrivate (73.93.167.13:2309) connected
22:39:04 Player SgtMajPrivate connecting.
22:39:06 BattlEye Server: Player #5 SgtMajPrivate - BE GUID: 4c2b9d687447cbad1213b89cfae82f46
22:39:06 Player SgtMajPrivate connected (id=76561198164565751).
22:39:06 BattlEye Server: Verified GUID (4c2b9d687447cbad1213b89cfae82f46) of player #5 SgtMajPrivate
22:39:58 BattlEye Server: (Global) SgtMajPrivate: all vehicles will be deleted
22:40:05 BattlEye Server: (Global) SgtMajPrivate: i keep getting kicked
22:40:05 BattlEye Server: (Global) Ironside: thats ok
22:40:23 BattlEye Server: (Global) Odhaving: Ok yeah If it makes the server run better
22:40:29 BattlEye Server: (Global) SgtMajPrivate: it will
22:40:42 BattlEye Server: (Global) SgtMajPrivate: ok so maybe tomorrow i will do that
22:41:08 Player SgtMajPrivate kicked off by BattlEye: Client not responding
22:41:09 Player SgtMajPrivate disconnected.
22:53:50 BattlEye Server: (Global) Ironside: ]
22:58:32 Player Ironside is losing connection
22:58:58 Player Ironside disconnected.
22:58:58 BattlEye Server: Player #4 Ironside disconnected
22:59:11 Player Odhaving disconnected.
22:59:11 BattlEye Server: Player #0 Odhaving disconnected
22:59:40 Player shock_n_aw disconnected.
22:59:40 BattlEye Server: Player #3 shock_n_aw disconnected
23:09:26 Kerensky uses modified data file
23:09:26 BattlEye Server: Player #0 Kerensky (71.38.197.34:2309) connected
23:09:26 Player Kerensky connecting.
23:09:29 BattlEye Server: Player #0 Kerensky - BE GUID: bc21aa630c1102744c5083865a5c77b6
23:09:29 Player Kerensky connected (id=76561198035921482).
23:09:29 BattlEye Server: Verified GUID (bc21aa630c1102744c5083865a5c77b6) of player #0 Kerensky
23:11:34 †3AD† S.T.A.R.S. Delta 7 uses modified data file
23:11:34 BattlEye Server: Player #1 †3AD† S.T.A.R.S. Delta 7 (24.253.88.23:2309) connected
23:11:34 Player †3AD† S.T.A.R.S. Delta 7 connecting.
23:11:37 BattlEye Server: Player #1 †3AD† S.T.A.R.S. Delta 7 - BE GUID: 69261f86cb518407728b8524e88c34cc
23:11:38 Player †3AD† S.T.A.R.S. Delta 7 connected (id=76561197974818709).
23:11:38 BattlEye Server: Verified GUID (69261f86cb518407728b8524e88c34cc) of player #1 †3AD† S.T.A.R.S. Delta 7
23:50:24 hejar uses modified data file
23:50:24 BattlEye Server: Player #2 hejar (45.18.235.196:2304) connected
23:50:24 Player hejar connecting.
23:50:26 BattlEye Server: Player #2 hejar - BE GUID: 0d505d5d373c85311aa545b2ae03def5
23:50:27 Player hejar connected (id=76561198154663527).
23:50:27 BattlEye Server: Verified GUID (0d505d5d373c85311aa545b2ae03def5) of player #2 hejar
23:55:32 Player hejar disconnected.
23:55:32 BattlEye Server: Player #2 hejar disconnected
23:58:50 Soft Fluffy Cuddlebear uses modified data file
23:58:50 BattlEye Server: Player #2 Soft Fluffy Cuddlebear (190.171.107.27:62725) connected
23:58:50 Player Soft Fluffy Cuddlebear connecting.
23:58:54 BattlEye Server: Player #2 Soft Fluffy Cuddlebear - BE GUID: a01f35e030c4464ff5b5e9c18ddf0195
23:58:55 Player Soft Fluffy Cuddlebear connected (id=76561198065774594).
23:58:55 BattlEye Server: Verified GUID (a01f35e030c4464ff5b5e9c18ddf0195) of player #2 Soft Fluffy Cuddlebear
 0:07:19 Max Mota uses modified data file
 0:07:19 BattlEye Server: Player #3 Max Mota (201.242.173.41:2309) connected
 0:07:19 Player Max Mota connecting.
 0:07:22 BattlEye Server: Player #3 Max Mota - BE GUID: b24b492882c5bff2195677387329ee4f
 0:07:30 Player Max Mota connected (id=76561198004095068).
 0:07:30 BattlEye Server: Verified GUID (b24b492882c5bff2195677387329ee4f) of player #3 Max Mota
 0:35:15 Player Kerensky disconnected.
 0:35:15 BattlEye Server: Player #0 Kerensky disconnected
 0:37:22 Player †3AD† S.T.A.R.S. Delta 7 disconnected.
 0:37:22 BattlEye Server: Player #1 †3AD† S.T.A.R.S. Delta 7 disconnected
 0:55:27 Rou Kowalski uses modified data file
 0:55:27 BattlEye Server: Player #4 Rou Kowalski (73.147.1.91:2309) connected
 0:55:27 Player Rou Kowalski connecting.
 0:55:29 BattlEye Server: Player #4 Rou Kowalski - BE GUID: 58cae163ea9d3a0ff8adde240b436737
 0:55:33 Player Rou Kowalski connected (id=76561198034110598).
 0:55:33 BattlEye Server: Verified GUID (58cae163ea9d3a0ff8adde240b436737) of player #4 Rou Kowalski
 2:00:17 Hemlock Kowalski uses modified data file
 2:00:17 BattlEye Server: Player #5 Hemlock Kowalski (73.147.1.91:62858) connected
 2:00:17 Player Hemlock Kowalski connecting.
 2:00:20 BattlEye Server: Player #5 Hemlock Kowalski - 