 3:01:32 BattlEye Server: Initialized (v1.217)
 3:01:32 Host identity created.
 3:01:32 Game Port: 2307, Steam Query Port: 2308
 3:01:32 Mission A3Wasteland Altis v1.4c read from bank.
 3:01:34 Roles assigned.
 3:01:34 Reading mission ...
 3:02:04 Mission read.
 3:02:05 Game started.
 5:57:10 [TTW] SilentAimHunter uses modified data file
 5:57:10 BattlEye Server: Player #0 [TTW] SilentAimHunter (134.97.71.158:2304) connected
 5:57:10 Player [TTW] SilentAimHunter connecting.
 5:57:10 BattlEye Server: Connected to BE Master
 5:57:14 BattlEye Server: Player #0 [TTW] SilentAimHunter - BE GUID: 7c3b1fec9d220ff6cc54d28c0da3720c
 5:57:17 Player [TTW] SilentAimHunter connected (id=76561198204126185).
 5:57:17 BattlEye Server: Verified GUID (7c3b1fec9d220ff6cc54d28c0da3720c) of player #0 [TTW] SilentAimHunter
 6:00:28 [TTW] Niclas G.          uses modified data file
 6:00:28 BattlEye Server: Player #1 [TTW] Niclas G.          (185.22.142.85:2304) connected
 6:00:28 Player [TTW] Niclas G.          connecting.
 6:00:30 BattlEye Server: Player #1 [TTW] Niclas G.          - BE GUID: 766fe25370553ec1401b555402ae819c
 6:00:31 Player [TTW] Niclas G.          connected (id=76561198314410664).
 6:00:31 BattlEye Server: Verified GUID (766fe25370553ec1401b555402ae819c) of player #1 [TTW] Niclas G.         
 6:11:55 BattlEye Server: (Direct) [TTW] SilentAimHunter: /voteday
 6:14:51 Player [TTW] SilentAimHunter disconnected.
 6:14:51 BattlEye Server: Player #0 [TTW] SilentAimHunter disconnected
 6:18:47 Player [TTW] Niclas G.          disconnected.
 6:18:47 BattlEye Server: Player #1 [TTW] Niclas G.          disconnected
 7:33:51 Rou Kowalski uses modified data file
 7:33:51 BattlEye Server: Player #0 Rou Kowalski (73.147.1.91:2309) connected
 7:33:51 Player Rou Kowalski connecting.
 7:33:54 BattlEye Server: Player #0 Rou Kowalski - BE GUID: 58cae163ea9d3a0ff8adde240b436737
 7:33:57 Player Rou Kowalski connected (id=76561198034110598).
 7:33:57 BattlEye Server: Verified GUID (58cae163ea9d3a0ff8adde240b436737) of player #0 Rou Kowalski
 7:53:33 BattlEye Server: Failed to receive from BE Master (0)
 7:53:33 BattlEye Server: Disconnected from BE Master
 7:55:29 BattlEye Server: Connected to BE Master
 8:23:03 ANATOLI CHEJOV uses modified data file
 8:23:03 BattlEye Server: Player #1 ANATOLI CHEJOV (190.171.107.50:62725) connected
 8:23:03 Player ANATOLI CHEJOV connecting.
 8:23:08 BattlEye Server: Player #1 ANATOLI CHEJOV - BE GUID: a01f35e030c4464ff5b5e9c18ddf0195
 8:23:08 Player ANATOLI CHEJOV connected (id=76561198065774594).
 8:23:08 BattlEye Server: Verified GUID (a01f35e030c4464ff5b5e9c18ddf0195) of player #1 ANATOLI CHEJOV
 8:27:24 mskarupa uses modified data file
 8:27:25 BattlEye Server: Player #2 mskarupa (96.248.96.77:2304) connected
 8:27:25 Player mskarupa connecting.
 8:27:26 BattlEye Server: Player #2 mskarupa - BE GUID: bc586594cfc8cde3104416e6d030ac67
 8:27:27 Player mskarupa connected (id=76561198135968316).
 8:27:27 BattlEye Server: Verified GUID (bc586594cfc8cde3104416e6d030ac67) of player #2 mskarupa
 8:27:33 BattlEye Server: (Group) ANATOLI CHEJOV: all good
 8:27:37 BattlEye Server: (Group) ANATOLI CHEJOV: GM
 8:27:44 BattlEye Server: (Group) ANATOLI CHEJOV: thsts good
 8:27:54 BattlEye Server: (Group) ANATOLI CHEJOV: what do missions 
 8:28:14 BattlEye Server: (Group) ANATOLI CHEJOV: ok
 8:28:24 BattlEye Server: (Group) ANATOLI CHEJOV: letmleym,e know 
 8:29:49 BattlEye Server: (Group) ANATOLI CHEJOV: letsjump  red team   
 8:29:53 BattlEye Server: (Group) ANATOLI CHEJOV: pls
 8:30:08 BattlEye Server: (Group) ANATOLI CHEJOV: ohthereisnobecaons here anymore  right 
 8:30:49 BattlEye Server: (Group) ANATOLI CHEJOV: ok
 8:45:21 BattlEye Server: (Group) ANATOLI CHEJOV: server.cfg#Server_Options
 8:52:07 Мотиус uses modified data file
 8:52:07 BattlEye Server: Player #3 Мотиус (217.107.124.126:4248) connected
 8:52:07 Player Мотиус connecting.
 8:52:10 BattlEye Server: Player #3 Мотиус - BE GUID: 2954e377faa5e32fd2e4b41a09df7684
 8:52:10 Player Мотиус connected (id=76561198170950578).
 8:52:10 B