15:01:39 BattlEye Server: Initialized (v1.217)
15:01:40 Host identity created.
15:01:40 Game Port: 2307, Steam Query Port: 2308
15:01:40 Mission A3Wasteland Altis v1.4c read from bank.
15:01:41 Roles assigned.
15:01:41 Reading mission ...
15:02:15 Mission read.
15:02:15 Game started.
15:26:25 dash2 uses modified data file
15:26:25 BattlEye Server: Player #0 dash2 (76.101.40.16:2309) connected
15:26:25 Player dash2 connecting.
15:26:26 BattlEye Server: Connected to BE Master
15:26:27 BattlEye Server: Player #0 dash2 - BE GUID: 01db1fdba3880735e76396f2485968ea
15:26:27 Player dash2 connected (id=76561198410750560).
15:26:27 BattlEye Server: Verified GUID (01db1fdba3880735e76396f2485968ea) of player #0 dash2
15:27:52 Player dash2 disconnected.
15:27:52 BattlEye Server: Player #0 dash2 disconnected
16:07:40 High Alert Highlander  uses modified data file
16:07:40 BattlEye Server: Player #0 High Alert Highlander  (190.171.107.63:62725) connected
16:07:40 Player High Alert Highlander  connecting.
16:07:47 Player High Alert Highlander  disconnected.
16:07:47 BattlEye Server: Player #0 High Alert Highlander  disconnected
16:09:14 High Alert Highlander  uses modified data file
16:09:14 BattlEye Server: Player #0 High Alert Highlander  (190.171.107.63:62725) connected
16:09:14 Player High Alert Highlander  connecting.
16:09:16 BattlEye Server: Player #0 High Alert Highlander  - BE GUID: a01f35e030c4464ff5b5e9c18ddf0195
16:09:18 Player High Alert Highlander  connected (id=76561198065774594).
16:09:19 BattlEye Server: Verified GUID (a01f35e030c4464ff5b5e9c18ddf0195) of player #0 High Alert Highlander 
16:11:56 Admin logged in, player: High Alert Highlander , playerUID: 76561198065774594, IP: 192.168.0.10:2309.
17:01:53 Mason uses modified data file
17:01:53 BattlEye Server: Player #1 Mason (71.81.137.47:2309) connected
17:01:53 Player Mason connecting.
17:01:55 BattlEye Server: Player #1 Mason - BE GUID: 955d09b6e1dde9360ceebc2963df084d
17:01:55 Player Mason connected (id=76561198026943270).
17:01:55 BattlEye Server: Verified GUID (955d09b6e1dde9360ceebc2963df084d) of player #1 Mason
17:02:59 BattlEye Server: (Global) Mason: ,,
17:03:08 BattlEye Server: (Side) Mason: hey whats up
17:03:30 BattlEye Server: (Side) High Alert Highlander : hey hi mason i didnot see you there
17:05:06 BattlEye Server: (Side) High Alert Highlander : nothing just change roll  tired of playing same roll 
17:06:04 BattlEye Server: (Side) High Alert Highlander : close combat medit 
17:08:12 BattlEye Server: (Side) High Alert Highlander : yes
17:08:46 BattlEye Server: (Side) High Alert Highlander : yesd
17:09:11 BattlEye Server: (Side) High Alert Highlander : and if not u can tell sarg to upload that 
17:09:30 BattlEye Server: (Side) High Alert Highlander : noidea
17:09:59 BattlEye Server: (Side) High Alert Highlander : nobad
17:10:31 BattlEye Server: (Side) High Alert Highlander : see u in enymy out post 
17:10:45 BattlEye Server: (Side) High Alert Highlander : not exactly medium
17:10:51 BattlEye Server: (Side) High Alert Highlander : more like close 
17:11:06 BattlEye Server: (Side) High Alert Highlander : VSS vINTORES
17:19:04 BattlEye Server: (Side) High Alert Highlander : ENEMYOUTPOST
17:19:07 BattlEye Server: (Side) High Alert Highlander : caps
17:19:10 BattlEye Server: (Side) High Alert Highlander : sorry
17:24:54 BattlEye Server: (Side) High Alert Highlander : im going to be playing as an assult driver for a wileti improve skills 
17:25:05 BattlEye Server: (Side) High Alert Highlander : andas amedic whenim in a group
17:25:14 BattlEye Server: (Side) High Alert Highlander : not a marshall
17:25:36 BattlEye Server: (Side) High Alert Highlander : yea
17:25:49 BattlEye Server: (Side) High Alert Highlander : military patrol
17:25:54 BattlEye Server: (Side) High Alert Highlander : _
17:26:29 BattlEye Server: (Side) High Alert Highlander : lets dothe ,ilitary patrol
17:29:02 BattlEye Server: (Side) High Alert Highlander : to themilitaru patrol
17:35:56 Player Mason is losing connection
17:40:55 RockstarGaming uses modified data file
17:40:55 BattlEye Server: Player #2 RockstarGaming (107.204.216.18:2304) connected
17:40:55 Player RockstarGaming connecting.
17:40:57 BattlEye Server: Player #2 RockstarGaming - BE GUID: 23fe7edb77e6acee989bf1757f516554
17:40:57 Player RockstarGaming connected (id=76561198250040454).
17:40:57 BattlEye Server: Verified GUID (23fe7edb77e6acee989bf1757f516554) of player #2 RockstarGaming
17:43:42 BattlEye Server: (Group) High Alert Highlander : ah?
17:43:59 BattlEye Server: (Group) High Alert Highlander : yes 
17:44:05 BattlEye Server: (Group) High Alert Highlander : yes
17:44:20 BattlEye Server: (Group) High Alert Highlander : time out
17:44:53 BattlEye Server: (Global) RockstarGaming: Hello guys
17:44:56 BattlEye Server: (Group) High Alert Highlander : that is formountais cross country 
17:45:03 BattlEye Server: (Group) High Alert Highlander : not for racing bro 
17:45:13 BattlEye Server: (Global) RockstarGaming: Sorry i havent been on the past few days
17:45:30 BattlEye Server: (Global) RockstarGaming: ive been sick and stuff 
17:45:37 BattlEye Server: (Global) High Alert Highlander : hirock
17:45:50 BattlEye Server: (Group) High Alert Highlander : nothks
17:46:04 BattlEye Server: (Global) RockstarGaming: YO
17:46:12 BattlEye Server: (Global) RockstarGaming: caps sry
17:46:35 BattlEye Server: (Global) RockstarGaming: are you guys gonna try to kill me
17:46:35 BattlEye Server: (Group) High Alert Highlander : tell methename
17:47:13 BattlEye Server: (Global) High Alert Highlander : if we i see u yes i dont talkin behalf mason that is why im indeoendent 
17:47:36 BattlEye Server: (Global) RockstarGaming: so your saying your not sure if mason will kill me or not
17:47:41 BattlEye Server: (Group) High Alert Highlander : that is anapc
17:48:30 BattlEye Server: (Group) High Alert Highlander : yes
17:49:05 BattlEye Server: (Global) RockstarGaming: oh shoot
17:49:22 BattlEye Server: (Global) Mason: wtf???
17:49:38 BattlEye Server: (Global) RockstarGaming: im sorry i thought you were high lert
17:49:56 BattlEye Server: (Global) Mason: lol
17:49:56 BattlEye Server: (Global) RockstarGaming: high alert*
17:50:05 BattlEye Server: (Global) RockstarGaming: u got a medkit?
17:50:09 BattlEye Server: (Global) RockstarGaming: i can heal u with it
17:50:28 BattlEye Server: (Global) Mason: use mine
17:50:30 BattlEye Server: (Global) RockstarGaming: k
17:50:37 BattlEye Server: (Global) RockstarGaming: wont let me
17:50:43 BattlEye Server: (Global) RockstarGaming: cuz were not in a group
17:51:32 BattlEye Server: (Group) Mason: come in back door, he's right there
17:51:39 BattlEye Server: (Global) RockstarGaming: yeah it wont let me revive you
17:52:07 BattlEye Server: (Group) Mason: rpg
17:52:32 BattlEye Server: (Global) RockstarGaming: sorry about that man
17:52:54 BattlEye Server: (Global) RockstarGaming: i gave oyu ur medkit back
17:52:54 BattlEye Server: (Global) Mason: well it wasn;t like i was gonna shoot ya
17:53:01 BattlEye Server: (Global) RockstarGaming: yeah
17:53:03 BattlEye Server: (Global) Mason: k
17:53:09 BattlEye Server: (Global) RockstarGaming: i didnt know it was you
17:53:27 BattlEye Server: (Global) Mason: yep, it's me
17:53:35 BattlEye Server: (Global) RockstarGaming: crap
17:54:57 BattlEye Server: (Global) Mason: sorry man, bad confusion
17:55:00 BattlEye Server: (Group) High Alert Highlander : pls stepout forsec
17:55:21 BattlEye Server: (Global) RockstarGaming: its okay
17:55:22 BattlEye Server: (Group) High Alert Highlander : get in
17:55:56 BattlEye Server: (Global) Mason: i'm green for a change, i'm not hunting, you're good
17:56:19 BattlEye Server: (Global) RockstarGaming: good to know
17:57:16 BattlEye Server: (Global) High Alert Highlander : just to let  u know rock u cant kill people inside the stores
17:57:34 BattlEye Server: (Global) High Alert Highlander : pls read the server rules  when u openthemapin how toplay 
17:57:50 BattlEye Server: (Global) RockstarGaming: ok
17:58:18 BattlEye Server: (Group) High Alert Highlander : caplongtimeago
17:58:26 BattlEye Server: (Group) High Alert Highlander : whenwe openthe server
18:02:20 BattlEye Server: (Group) High Alert Highlander : amed personelcarrier
18:02:42 BattlEye Server: (Global) RockstarGaming: so guns can be found around buildings now?
18:02:50 BattlEye Server: (Group) High Alert Highlander : no
18:02:54 BattlEye Server: (Global) High Alert Highlander : no}
18:03:03 BattlEye Server: (Global) RockstarGaming: oh
18:04:18 storm uses modified data file
18:04:18 BattlEye Server: Player #3 storm (148.75.33.163:2309) connected
18:04:18 Player storm connecting.
18:04:21 BattlEye Server: Player #3 storm - BE GUID: d61de8429e8c743f038f491d723bed3e
18:04:21 Player storm connected (id=76561197970073537).
18:04:21 BattlEye Server: Verified GUID (d61de8429e8c743f038f491d723bed3e) of player #3 storm
18:04:28 Pvt. B. Hiscore uses modified data file
18:04:28 BattlEye Server: Player #4 Pvt. B. Hiscore (65.78.72.246:2304) connected
18:04:28 Player Pvt. B. Hiscore connecting.
18:04:31 BattlEye Server: Player #4 Pvt. B. Hiscore - BE GUID: 0c00dede521b978ec78e88fdac54834d
18:04:37 BattlEye Server: (Group) High Alert Highlander : not use this against that 
18:04:58 Player Pvt. B. Hiscore connected (id=76561198004536175).
18:04:58 BattlEye Server: Verified GUID (0c00dede521b978ec78e88fdac54834d) of player #4 Pvt. B. Hiscore
18:04:59 Player Pvt. B. Hiscore disconnected.
18:04:59 BattlEye Server: Player #4 Pvt. B. Hiscore disconnected
18:05:42 Player storm disconnected.
18:05:42 BattlEye Server: Player #3 storm disconnected
18:06:34 BattlEye Server: (Group) High Alert Highlander : cover imgoin in 
18:09:54 BattlEye Server: (Group) High Alert Highlander : ihave the sat 
18:10:01 BattlEye Server: (Group) High Alert Highlander : iknowwherethey are
18:10:07 BattlEye Server: (Group) High Alert Highlander : i just needu to cover 
18:10:15 BattlEye Server: (Group) High Alert Highlander : saty always long range 
18:12:07 Lord Timball uses modified data file
18:12:07 BattlEye Server: Player #3 Lord Timball (73.248.202.143:2309) connected
18:12:07 Player Lord Timball connecting.
18:12:14 BattlEye Server: Player #3 Lord Timball - BE GUID: 573bad619bf0a926049f4f5b7800ece1
18:12:15 Player Lord Timball connected (id=76561198097748860).
18:12:15 BattlEye Server: Verified GUID (573bad619bf0a926049f4f5b7800ece1) of player #3 Lord Timball
18:12:52 Player Lord Timball disconnected.
18:12:52 BattlEye Server: Player #3 Lord Timball disconnected
18:13:38 Player RockstarGaming disconnected.
18:13:38 BattlEye Server: Player #2 RockstarGaming disconnected
18:14:29 BattlEye Server: (Group) High Alert Highlander : ijust die
18:15:32 BattlEye Server: (Group) High Alert Highlander : thsks
18:22:26 BattlEye Server: (Side) High Alert Highlander : same
18:23:37 BattlEye Server: (Side) High Alert Highlander : yea
18:25:11 BattlEye Server: (Side) High Alert Highlander : get in
18:34:04 BattlEye Server: (Group) High Alert Highlander : to dont let ther  sever saturado
18:39:58 BattlEye Server: (Group) High Alert Highlander : I MARK THAT 
18:40:05 BattlEye Server: (Group) High Alert Highlander : sorry caps
18:40:28 BattlEye Server: (Group) High Alert Highlander : want a heli ?
18:40:45 BattlEye Server: (Group) High Alert Highlander : no i mean if you want a heli
18:40:52 BattlEye Server: (Group) High Alert Highlander : imlogin off 
18:41:02 BattlEye Server: (Group) High Alert Highlander : want toeat something 
18:41:04 BattlEye Server: (Group) High Alert Highlander : ok
18:42:18 BattlEye Server: (Group) High Alert Highlander : all your 
18:42:43 BattlEye Server: (Group) High Alert Highlander : yw
18:47:40 delmu uses modified data file
18:47:40 BattlEye Server: Player #2 delmu (68.8.37.52:2309) connected
18:47:40 Player delmu connecting.
18:47:42 BattlEye Server: Player #2 delmu - BE GUID: 84ddbfa8016f2e36ed21186f7e873e73
18:47:42 Player delmu connected (id=76561198178011043).
18:47:42 BattlEye Server: Verified GUID (84ddbfa8016f2e36ed21186f7e873e73) of player #2 delmu
18:48:44 BattlEye Server: (Group) High Alert Highlander : see u in a bit 
18:49:13 Player High Alert Highlander  disconnected.
18:49:13 BattlEye Server: Player #0 High Alert Highlander  discon