15:01:37 BattlEye Server: Initialized (v1.217)
15:01:37 Host identity created.
15:01:37 Game Port: 2307, Steam Query Port: 2308
15:01:37 Mission A3Wasteland Altis v1.4c read from bank.
15:01:39 Roles assigned.
15:01:39 Reading mission ...
15:02:10 Mission read.
15:02:10 Game started.
15:27:29 High Alert Highlander  uses modified data file
15:27:29 BattlEye Server: Player #0 High Alert Highlander  (190.171.107.63:62725) connected
15:27:29 Player High Alert Highlander  connecting.
15:27:30 BattlEye Server: Connected to BE Master
15:27:35 BattlEye Server: Player #0 High Alert Highlander  - BE GUID: a01f35e030c4464ff5b5e9c18ddf0195
15:27:38 Player High Alert Highlander  connected (id=76561198065774594).
15:27:38 BattlEye Server: Verified GUID (a01f35e030c4464ff5b5e9c18ddf0195) of player #0 High Alert Highlander 
15:32:42 Admin logged in, player: High Alert Highlander , playerUID: 76561198065774594, IP: 192.168.0.10:2309.
15:48:41 Admin logged out, player: High Alert Highlander , playerUID: 76561198065774594, IP: 192.168.0.10:2309.
15:48:43 Admin logged in, player: High Alert Highlander , playerUID: 76561198065774594, IP: 192.168.0.10:2309.
16:12:36  ŦŘ | Axton uses modified data file
16:12:36 BattlEye Server: Player #1  ŦŘ | Axton (173.169.36.30:2304) connected
16:12:36 Player  ŦŘ | Axton connecting.
16:12:36 Player  kicked off by BattlEye: Bad Player Name
16:12:37 Player  ŦŘ | Axton disconnected.
16:27:22 cptsp uses modified data file
16:27:22 BattlEye Server: Player #1 cptsp (98.234.233.129:2304) connected
16:27:22 Player cptsp connecting.
16:27:31 Player cptsp disconnected.
16:27:31 BattlEye Server: Player #1 cptsp disconnected
16:50:12 Player High Alert Highlander  disconnected.
16:50:12 BattlEye Server: Player #0 High Alert Highlander  disconnected
16:50:12 Admin logged out, player: High Alert Highlander , playerUID: 76561198065774594, IP: 192.168.0.10:2309.
17:16:10 Mason uses modified data file
17:16:10 BattlEye Server: Player #0 Mason (71.81.137.47:2309) connected
17:16:10 Player Mason connecting.
17:16:12 BattlEye Server: Player #0 Mason - BE GUID: 955d09b6e1dde9360ceebc2963df084d
17:16:12 Player Mason connected (id=76561198026943270).
17:16:12 BattlEye Server: Verified GUID (955d09b6e1dde9360ceebc2963df084d) of player #0 Mason
17:46:52 High Alert Highlander  uses modified data file
17:46:52 BattlEye Server: Player #1 High Alert Highlander  (190.171.107.63:62725) connected
17:46:52 Player High Alert Highlander  connecting.
17:46:57 BattlEye Server: Player #1 High Alert Highlander  - BE GUID: a01f35e030c4464ff5b5e9c18ddf0195
17:47:00 Player High Alert Highlander  connected (id=76561198065774594).
17:47:00 BattlEye Server: Verified GUID (a01f35e030c4464ff5b5e9c18ddf0195) of player #1 High Alert Highlander 
17:49:12 BattlEye Server: (Side) High Alert Highlander : hey 
17:49:17 BattlEye Server: (Side) High Alert Highlander : okillbe there 
17:49:28 BattlEye Server: (Side) High Alert Highlander : didyou saw that we have a new  class 
17:49:35 BattlEye Server: (Side) High Alert Highlander : pilot 
17:50:04 BattlEye Server: (Side) High Alert Highlander : that means that u respawn as a pilot with pilot gear and accesories
17:50:13 BattlEye Server: (Side) High Alert Highlander : we will have also granadier 
17:50:17 BattlEye Server: (Side) High Alert Highlander : LMG 
17:50:25 BattlEye Server: (Side) High Alert Highlander : and 
17:50:29 BattlEye Server: (Side) High Alert Highlander : marksmen
17:50:46 Admin logged in, player: High Alert Highlander , playerUID: 76561198065774594, IP: 192.168.0.10:2309.
17:54:30 BattlEye Server: (Side) High Alert Highlander : yes 
17:55:01 BattlEye Server: (Side) High Alert Highlander : in ant vehucul
17:55:13 BattlEye Server: (Side) High Alert Highlander : no
17:55:15 BattlEye Server: (Side) High Alert Highlander : any 
17:56:45 BattlEye Server: (Side) High Alert Highlander : yes}
17:57:45 BattlEye Server: (Side) High Alert Highlander : 1 down
18:03:45 BattlEye Server: (Side) High Alert Highlander : yes
18:15:00 BattlEye Server: (Side) High Alert Highlander : noidea
18:15:56 BattlEye Server: (Side) High Alert Highlander : yes
18:18:22 BattlEye Server: (Side) High Alert Highlander : yes
18:19:52 BattlEye Server: (Side) High Alert Highlander : thks
18:20:37 Chris uses modified data file
18:20:37 BattlEye Server: Player #2 Chris (24.250.206.181:2304) connected
18:20:37 Player Chris connecting.
18:20:39 BattlEye Server: Player #2 Chris - BE GUID: 49070f07e1567929844c0785e8127d98
18:20:39 Player Chris connected (id=76561198197860774).
18:20:39 BattlEye Server: Verified GUID (49070f07e1567929844c0785e8127d98) of player #2 Chris
18:22:37 BattlEye Server: (Side) High Alert Highlander : uwantmeto  take the money for the baseright
18:23:56 BattlEye Server: (Side) High Alert Highlander : mason 
18:24:10 BattlEye Server: (Side) High Alert Highlander : u wantmeto take the money for the base right 
18:24:13 BattlEye Server: (Side) High Alert Highlander : or not 
18:24:39 BattlEye Server: (Side) High Alert Highlander : nope wengone
18:24:51 BattlEye Server: (Side) High Alert Highlander : 994000
18:25:57 BattlEye Server: (Side) High Alert Highlander : take car 
18:26:59 BattlEye Server: (Side) High Alert Highlander : we have company 
18:27:05 Player Chris disconnected.
18:27:05 BattlEye Server: Player #2 Chris disconnected
18:27:12 BattlEye Server: (Side) High Alert Highlander : yea
18:28:00 BattlEye Server: (Side) High Alert Highlander : ok
18:28:38 BattlEye Server: (Side) High Alert Highlander : care full  with the comboy 
18:28:54 BattlEye Server: (Side) High Alert Highlander : is going topassclose tothe GS 
18:32:32 BattlEye Server: (Side) High Alert Highlander : same way 
18:36:08 BattlEye Server: (Side) High Alert Highlander : yes
18:36:41 BattlEye Server: (Group) High Alert Highlander : whereu wantmetotake u
18:36:50 BattlEye Server: (Group) High Alert Highlander : no 
18:37:20 BattlEye Server: (Group) High Alert Highlander : /
18:38:01 BattlEye Server: (Group) High Alert Highlander : did u buy the base locker 
18:38:16 BattlEye Server: (Group) High Alert Highlander : on my heli 
18:38:19 BattlEye Server: (Group) High Alert Highlander : yes here
18:39:33 BattlEye Server: (Group) High Alert Highlander : yes
18:39:57 BattlEye Server: (Group) High Alert Highlander : two
18:43:42 BattlEye Server: (Group) High Alert Highlander : let me tell you
18:43:56 BattlEye Server: (Group) High Alert Highlander : those buildings dont get locke
18:44:03 BattlEye Server: (Group) High Alert Highlander : ok
18:44:37 BattlEye Server: (Group) High Alert Highlander : u play 509
18:44:51 BattlEye Server: (Group) High Alert Highlander : the  guild
18:45:11 BattlEye Server: (Group) High Alert Highlander : guild is a group 
18:45:14 BattlEye Server: (Group) High Alert Highlander : ah opk 
18:45:22 BattlEye Server: (Group) High Alert Highlander : i like that people 
18:45:33 BattlEye Server: (Group) High Alert Highlander : green something 
18:45:45 BattlEye Server: (Group) High Alert Highlander : was a guy a really good pilot
18:46:02 BattlEye Server: (Group) High Alert Highlander : yes u can
18:46:38 BattlEye Server: (Group) High Alert Highlander : correct 
18:47:40 BattlEye Server: (Group) High Alert Highlander : correct 
18:47:43 BattlEye Server: (Group) High Alert Highlander : oki see
18:49:34 BattlEye Server: (Group) High Alert Highlander : lockthat down
18:51:47 BattlEye Server: (Group) High Alert Highlander : im not a medic
18:51:54 BattlEye Server: (Group) High Alert Highlander : first u stablise 
18:52:08 BattlEye Server: (Group) High Alert Highlander : then revve 
18:52:53 BattlEye Server: (Group) High Alert Highlander : lock
18:53:14 BattlEye Server: (Group) High Alert Highlander : ok
18:53:20 BattlEye Server: (Group) High Alert Highlander : change 
18:53:23 BattlEye Server: (Group) High Alert Highlander : password
18:53:45 BattlEye Server: (Group) High Alert Highlander :  tell him i said F u 
18:54:06 BattlEye Server: (Group) High Alert Highlander : dont 
18:54:52 BattlEye Server: (Group) High Alert Highlander : its donde 
18:55:01 BattlEye Server: (Group) High Alert Highlander : lock down base also 
18:55:05 BattlEye Ser