 9:01:34 BattlEye Server: Initialized (v1.217)
 9:01:34 Host identity created.
 9:01:34 Game Port: 2307, Steam Query Port: 2308
 9:01:34 Mission A3Wasteland Altis v1.4c read from bank.
 9:01:35 Feller uses modified data file
 9:01:35 BattlEye Server: Player #0 Feller (68.251.245.45:2309) connected
 9:01:35 Player Feller connecting.
 9:01:35 Roles assigned.
 9:01:35 Reading mission ...
 9:01:36 BattlEye Server: Connected to BE Master
 9:02:06 Mission read.
 9:02:06 matt uses modified data file
 9:02:06 BattlEye Server: Player #1 matt (72.207.207.84:2304) connected
 9:02:06 Player matt connecting.
 9:02:06 BattlEye Server: Player #0 Feller - BE GUID: 57722fbe19de6869f5a7407356ceaaba
 9:02:06 Game started.
 9:02:07 Player Feller connected (id=76561198044427738).
 9:02:07 BattlEye Server: Verified GUID (57722fbe19de6869f5a7407356ceaaba) of player #0 Feller
 9:02:08 BattlEye Server: Player #1 matt - BE GUID: 012140143b7412008938a9029b6dbd31
 9:02:08 Player matt connected (id=76561198272972039).
 9:02:08 BattlEye Server: Verified GUID (012140143b7412008938a9029b6dbd31) of player #1 matt
 9:22:14 Player matt is losing connection
 9:42:34 Player matt is losing connection
 9:42:39 Rou Kowalski uses modified data file
 9:42:39 BattlEye Server: Player #2 Rou Kowalski (73.147.1.91:2309) connected
 9:42:39 Player Rou Kowalski connecting.
 9:42:41 BattlEye Server: Player #2 Rou Kowalski - BE GUID: 58cae163ea9d3a0ff8adde240b436737
 9:43:09 Player Rou Kowalski connected (id=76561198034110598).
 9:43:09 BattlEye Server: Verified GUID (58cae163ea9d3a0ff8adde240b436737) of player #2 Rou Kowalski
10:03:15 Player matt is losing connection
10:23:35 Player matt is losing connection
10:26:35 BattlEye Server: (Global) Feller: ay borther are u friendly
10:44:49 ROADGLIDE uses modified data file
10:44:49 BattlEye Server: Player #3 ROADGLIDE (63.142.112.13:2309) connected
10:44:49 Player ROADGLIDE connecting.
10:44:57 BattlEye Server: Player #3 ROADGLIDE - BE GUID: 0c6a9ddac9dd8980c3d63e983e2a4cd6
10:44:58 Player ROADGLIDE connected (id=76561198448325882).
10:44:58 BattlEye Server: Verified GUID (0c6a9ddac9dd8980c3d63e983e2a4cd6) of player #3 ROADGLIDE
10:45:32 ANATOLI CHEJOV uses modified data file
10:45:32 BattlEye Server: Player #4 ANATOLI CHEJOV (190.171.107.94:62725) connected
10:45:32 Player ANATOLI CHEJOV connecting.
10:45:36 BattlEye Server: Player #4 ANATOLI CHEJOV - BE GUID: a01f35e030c4464ff5b5e9c18ddf0195
10:45:37 Player ANATOLI CHEJOV connected (id=76561198065774594).
10:45:37 BattlEye Server: Verified GUID (a01f35e030c4464ff5b5e9c18ddf0195) of player #4 ANATOLI CHEJOV
10:46:04 CamsCheezid uses modified data file
10:46:04 BattlEye Server: Player #5 CamsCheezid (107.138.81.9:2304) connected
10:46:04 Player CamsCheezid connecting.
10:46:06 BattlEye Server: Player #5 CamsCheezid - BE GUID: 2367070bc7749db1fdcc75e3738fbad9
10:46:06 Player CamsCheezid connected (id=76561198050933684).
10:46:06 BattlEye Server: Verified GUID (2367070bc7749db1fdcc75e3738fbad9) of player #5 CamsCheezid
10:49:24 UrPapTrap uses modified data file
10:49:24 BattlEye Server: Player #6 UrPapTrap (172.1.97.121:2309) connected
10:49:24 Player UrPapTrap connecting.
10:49:27 BattlEye Server: Player #6 UrPapTrap - BE GUID: bc0455be729b0a6efc019b64795d18d8
10:49:27 Player UrPapTrap connected (id=76561198097586684).
10:49:27 BattlEye Server: Verified GUID (bc0455be729b0a6efc019b64795d18d8) of player #6 UrPapTrap
10:56:01 BattlEye Server: (Global) Feller: cuck
11:01:44 Guilherme uses modified data file
11:01:44 BattlEye Server: Player #7 Guilherme (201.17.17.45:24492) connected
11:01:44 Player Guilherme connecting.
11:01:46 Player Guilherme disconnected.
11:01:46 BattlEye Server: Player #7 Guilherme disconnected
11:04:35 Player matt is losing connection
11:07:10 Guilherme uses modified data file
11:07:10 BattlEye Server: Player #7 Guilherme (201.17.17.45:24385) connected
11:07:10 Player Guilherme connecting.
11:07:13 BattlEye Server: Player #7 Guilherme - BE GUID: ded29b69489f2d065c302f886369b198
11:07:13 Player Guilherme connected (id=76561198261377090).
11:07:13 BattlEye Server: Verified GUID (ded29b69489f2d065c302f886369b198) of player #7 Guilherme
11:07:27 Player Guilherme disconnected.
11:07:27 BattlEye Server: Player #7 Guilherme disconnected
11:07:51 BattlEye Server: (Global) Feller: you having fun?
11:09:05 BattlEye Server: (Global) ANATOLI CHEJOV:   я не говорю по-английски
11:12:12 BattlEye Server: (Global) Feller: stop wtf
11:12:14 BattlEye Server: (Global) Feller: cunt
11:14:09 BattlEye Server: (Global) Feller: ??????????????
11:14:45 BattlEye Server: (Global) Feller: fuck iff
11:14:47 BattlEye Server: (Global) Feller: off
11:15:11 BattlEye Server: (Global) ROADGLIDE: PVP server so stop crying
11:15:23 BattlEye Server: (Global) Feller: lmao
11:15:30 BattlEye Server: (Global) Feller: kys
11:15:40 BattlEye Server: (Global) ANATOLI CHEJOV:   jajaja не сердитесь
11:15:53 BattlEye Server: (Global) Feller: speak american on american servers commie
11:17:11 BattlEye Server: (Global) Rou Kowalski: Actually I beleve this server is located in Europe somewhere.. 
11:17:40 BattlEye Server: (Global) Feller: nope
11:18:01 BattlEye Server: (Global) Feller: check the pings of all of us on independant, were all central US
11:19:31 Riggo uses modified data file
11:19:31 BattlEye Server: Player #7 Riggo (98.167.139.21:2304) connected
11:19:31 Player Riggo connecting.
11:19:31 Player Riggo disconnected.
11:19:31 BattlEye Server: Player #7 Riggo disconnected
11:19:49 BattlEye Server: (Global) Rou Kowalski: either way..If you keep returning to the same location to get the same result... 
11:20:20 BattlEye Server: (Global) Feller: were not returning lmao were just trying to get our stuff back <3
11:21:29 BattlEye Server: (Global) Feller: how much are you wasting on those airstrikes
11:22:16 BattlEye Server: (Global) Rou Kowalski: airstrikes are something like 500k... 
11:22:34 BattlEye Server: (Global) Feller: exactly and hes used like 5 on us lol
11:23:00 BattlEye Server: (Global) Rou Kowalski: You should be honored. High value target
11:23:19 BattlEye Server: (Global) Feller: lol 
11:25:15 Player matt is losing connection
11:25:54 BattlEye Server: (Global) Feller: alright thats enough for me, cya later ya prick
11:25:59 BattlEye Server: (Global) Feller: die in a hole nibber
11:26:06 Player Feller disconnected.
11:26:06 BattlEye Server: Player #0 Feller disconnected
11:26:35 Player matt disconnected.
11:26:35 BattlEye Server: Player #1 matt disconnected
11:27:46 Player CamsCheezid disconnected.
11:27:46 BattlEye Server: Player #5 CamsCheezid disconnected
11:28:10 matt uses modified data file
11:28:10 BattlEye Server: Player #7 matt (72.207.207.84:2304) connected
11:28:10 Player matt connecting.
11:28:12 BattlEye Server: Player #7 matt - BE GUID: 012140143b7412008938a9029b6dbd31
11:28:13 Player matt connected (id=76561198272972039).
11:28:13 BattlEye Server: Verified GUID (012140143b7412008938a9029b6dbd31) of player #7 matt
11:32:16 seanbmx uses modified data file
11:32:16 BattlEye Server: Player #8 seanbmx (70.168.185.45:2309) connected
11:32:16 Player seanbmx connecting.
11:32:20 BattlEye Server: Player #8 seanbmx - BE GUID: 0f6b17968d17b84cb82b46c20470093a
11:32:21 Player seanbmx connected (id=76561198154506249).
11:32:21 BattlEye Server: Verified GUID (0f6b17968d17b84cb82b46c20470093a) of player #8 seanbmx
11:33:29 Player matt: Signature check timed out
11:33:29 Player matt disconnected.
11:33:29 BattlEye Server: Player #7 matt disconnected
11:33:59 Player UrPapTrap disconnected.
11:33:59 BattlEye Server: Player #6 UrPapTrap disconnected
11:35:36 Player seanbmx disconnected.
11:35:36 BattlEye Server: Player #8 seanbmx disconnected
11:48:35 Player ANATOLI CHEJOV disconnected.
11:48:35 BattlEye Server: Player #4 ANATOLI CHEJOV disconnected
12:27:20 Player ROADGLIDE is losing connection
12:28:40 Player ROADGLIDE disconnected.
12:28:40 BattlEye Server: Player #3 ROADGLIDE disconnected
12:35:18 ROADGLIDE uses modified data file
12:35:18 BattlEye Server: Player #3 ROADGLIDE (63.142.112.13:2309) connected
12:35:18 Player ROADGLIDE connecting.
12:35:21 BattlEye Server: P