15:01:38 BattlEye Server: Initialized (v1.217)
15:01:38 Host identity created.
15:01:38 Game Port: 2307, Steam Query Port: 2308
15:01:38 Mission A3Wasteland Altis v1.4c read from bank.
15:01:40 Roles assigned.
15:01:40 Reading mission ...
15:02:10 Mission read.
15:02:10 Game started.
15:05:24 Merc uses modified data file
15:05:24 BattlEye Server: Player #0 Merc (24.207.152.238:2309) connected
15:05:24 Player Merc connecting.
15:05:25 BattlEye Server: Connected to BE Master
15:05:26 BattlEye Server: Player #0 Merc - BE GUID: 955d09b6e1dde9360ceebc2963df084d
15:05:26 Player Merc connected (id=76561198026943270).
15:05:26 BattlEye Server: Verified GUID (955d09b6e1dde9360ceebc2963df084d) of player #0 Merc
15:05:35 Rou Kowalski uses modified data file
15:05:35 BattlEye Server: Player #1 Rou Kowalski (73.147.1.91:2309) connected
15:05:35 Player Rou Kowalski connecting.
15:05:37 BattlEye Server: Player #1 Rou Kowalski - BE GUID: 58cae163ea9d3a0ff8adde240b436737
15:05:40 Player Rou Kowalski connected (id=76561198034110598).
15:05:40 BattlEye Server: Verified GUID (58cae163ea9d3a0ff8adde240b436737) of player #1 Rou Kowalski
15:18:47 High Alert Highlander  uses modified data file
15:18:47 BattlEye Server: Player #2 High Alert Highlander  (190.171.107.50:62725) connected
15:18:47 Player High Alert Highlander  connecting.
15:18:49 BattlEye Server: Player #2 High Alert Highlander  - BE GUID: a01f35e030c4464ff5b5e9c18ddf0195
15:18:51 Player High Alert Highlander  connected (id=76561198065774594).
15:18:51 BattlEye Server: Verified GUID (a01f35e030c4464ff5b5e9c18ddf0195) of player #2 High Alert Highlander 
15:21:46 BattlEye Server: (Group) High Alert Highlander : no clue
15:28:20 BattlEye Server: (Group) High Alert Highlander : THINGSTHATHIDE
15:33:56 BattlEye Server: (Group) High Alert Highlander : altispatrol
15:36:27 BattlEye Server: (Group) High Alert Highlander : i need money forthe roof
15:40:20 BattlEye Server: (Group) High Alert Highlander : thks
15:59:28 BattlEye Server: (Group) High Alert Highlander : sellthat if u want 
15:59:42 BattlEye Server: (Group) High Alert Highlander : ok 
15:59:57 BattlEye Server: (Group) High Alert Highlander : seeu inthe air port 
16:00:05 BattlEye Server: (Group) High Alert Highlander : yes
16:01:17 BattlEye Server: (Group) High Alert Highlander : ru going toparkthat
16:06:49 BattlEye Server: (Group) High Alert Highlander : IM GOINGFORABREAK
16:06:55 BattlEye Server: (Group) High Alert Highlander : sorry caps\
16:12:23 BattlEye Server: (Group) High Alert Highlander : upps
16:12:45 BattlEye Server: (Group) High Alert Highlander : thank u
16:13:04 BattlEye Server: (Group) High Alert Highlander : ukeepyours_
16:13:08 BattlEye Server: (Group) High Alert Highlander : _
16:13:14 BattlEye Server: (Group) High Alert Highlander : ok
16:17:18 BattlEye Server: (Group) High Alert Highlander : mmmmmm smart
16:17:35 BattlEye Server: (Group) High Alert Highlander : really good tip for thefuture
16:19:05 BattlEye Server: (Group) High Alert Highlander : somason are you goin tobuy rome totalwar 2_
16:19:28 BattlEye Server: (Group) High Alert Highlander : soyou joinme in play i can teachyou that game 
16:19:42 BattlEye Server: (Group) High Alert Highlander : yea
16:20:03 BattlEye Server: (Group) High Alert Highlander : rou imtrying tocovince himto buy rome
16:21:07 BattlEye Server: (Group) High Alert Highlander : YES
16:23:36 BattlEye Server: (Group) High Alert Highlander : i think is in the roof
16:28:38 BattlEye Server: (Group) High Alert Highlander : yeas
16:29:16 BattlEye Server: (Group) High Alert Highlander : fuck is going under weater
16:29:28 BattlEye Server: (Group) High Alert Highlander : the airdropes
16:29:36 BattlEye Server: (Group) High Alert Highlander : no
16:29:41 BattlEye Server: (Group) High Alert Highlander : it glich 
16:29:50 BattlEye Server: (Group) High Alert Highlander : fuck that 
16:29:58 BattlEye Server: (Group) High Alert Highlander : iprefer tolose the money
16:30:09 BattlEye Server: (Group) High Alert Highlander : u cant 
16:30:21 BattlEye Server: (Group) High Alert Highlander : u will glich onthe pier'
16:30:46 BattlEye Server: (Group) High Alert Highlander : well if you get then those r yours
16:33:03 BattlEye Server: (Group) High Alert Highlander : ok going forabreaksee you guys later
16:33:12 Player High Alert Highlander  disconnected.
16:33:12 BattlEye Server: Player #2 High Alert Highlander  disconnected
17:02:31 Sassy uses modified data file
17:02:31 BattlEye Server: Player #2 Sassy (166.137.217.250:45896) connected
17:02:31 Player Sassy connecting.
17:02:33 BattlEye Server: Player #2 Sassy - BE GUID: 893abec43e1e5896528664ceb7a69819
17:02:34 Player Sassy connected (id=76561198032833883).
17:02:34 BattlEye Server: Verified GUID (893abec43e1e5896528664ceb7a69819) of player #2 Sassy
17:02:43 Player Sassy disconnected.
17:02:43 BattlEye Server: Player #2 Sassy disconnected
17:06:52 MONRROBER uses modified data file
17:06:52 BattlEye Server: Player #2 MONRROBER (168.196.126.3:2304) connected
17:06:52 Player MONRROBER connecting.
17:06:55 BattlEye Server: Player #2 MONRROBER - BE GUID: 8e4281533c67e621ba4f920e8e29e102
17:06:55 Player MONRROBER connected (id=76561198386962721).
17:06:55 BattlEye Server: Verified GUID (8e4281533c67e621ba4f920e8e29e102) of player #2 MONRROBER
17:10:16 Player MONRROBER disconnected.
17:10:16 BattlEye Server: Player #2 MONRROBER disconnected
17:21:04 Hemlock Kowalski uses modified data file
17:21:04 BattlEye Server: Player #2 Hemlock Kowalski (73.147.1.91:2304) connected
17:21:04 Player Hemlock Kowalski connecting.
17:21:06 BattlEye Server: Player #2 Hemlock Kowalski - BE GUID: 0e50d5bc222746efa845806a2af0fed1
17:21:08 Player Hemlock Kowalski connected (id=76561198201473535).
17:21:08 BattlEye Server: Verified GUID (0e50d5bc222746efa845806a2af0fed1) of player #2 Hemlock Kowalski
17:27:14 Lando Bigguns uses modified data file
17:27:14 BattlEye Server: Player #3 Lando Bigguns (24.235.243.236:2304) connected
17:27:14 Player Lando Bigguns connecting.
17:27:16 BattlEye Server: Player #3 Lando Bigguns - BE GUID: 8ec1d08d679fee63ebdcfbc8c82ceb3c
17:27:17 Player Lando Bigguns connected (id=76561198214956653).
17:27:17 BattlEye Server: Verified GUID (8ec1d08d679fee63ebdcfbc8c82ceb3c) of player #3 Lando Bigguns
17:27:33 Player Lando Bigguns disconnected.
17:27:33 BattlEye Server: Player #3 Lando Bigguns disconnected
17:30:37 BattlEye Server: (Group) Hemlock Kowalski: Im in the middle again.
17:31:29 BattlEye Server: (Group) Hemlock Kowalski: wow you had a ton of stuff Im sure in the water
17:31:51 BattlEye Server: (Group) Hemlock Kowalski: it was like a christmas mess
17:32:26 BattlEye Server: (Group) Hemlock Kowalski: you are on back side
17:36:28 BattlEye Server: (Group) Hemlock Kowalski: unlocked so you can move what you want
17:37:03 BattlEye Server: (Group) Hemlock Kowalski: so this one got emptied when it restarted I think
17:38:22 BattlEye Server: (Group) Hemlock Kowalski: what was yours again?
17:38:47 BattlEye Server: (Group) Hemlock Kowalski: your bday?
17:39:24 BattlEye Server: (Group) Hemlock Kowalski: you not that old or younger lol
17:39:59 BattlEye Server: (Group) Hemlock Kowalski: we are 37 and 40 and Highlnader is 35
17:40:11 BattlEye Server: (Group) Merc: 52
17:40:37 BattlEye Server: (Group) Hemlock Kowalski: his mom plays games and she is in her 60s so we dont care about age
17:40:47 BattlEye Server: (Group) Hemlock Kowalski: i was typing
17:41:09 BattlEye Server: (Group) Hemlock Kowalski: i have really really bad luck with crates
17:41:18 BattlEye Server: (Group) Hemlock Kowalski: huh you get shit for your age?
17:41:48 BattlEye Server: (Group) Hemlock Kowalski: are age is like when gaming became cool
17:41:55 BattlEye Server: (Group) Hemlock Kowalski: so fuck the kids
17:42:05 BattlEye Server: (Group) Hemlock Kowalski: he and I met on a game
17:42:17 BattlEye Server: (Group) Hemlock Kowalski: found out we were both from same state
17:42:25 BattlEye Server: (Group) Hemlock Kowalski: living in a fifferent state
17:42:35 BattlEye Server: (Group) Hemlock Kowalski: and 45 mins from each other
17:43:02 BattlEye Server: (Group) Hemlock Kowalski: it can be
17:43:1