15:02:05 BattlEye Server: Initialized (v1.217)
15:02:05 Host identity created.
15:02:05 Game Port: 2307, Steam Query Port: 2308
15:02:06 Mission A3Wasteland Altis v1.4c read from bank.
15:02:07 Roles assigned.
15:02:07 Reading mission ...
15:02:46 Mission read.
15:02:47 Game started.
15:08:20 ehade uses modified data file
15:08:20 BattlEye Server: Player #0 ehade (92.106.78.208:2304) connected
15:08:20 Player ehade connecting.
15:08:21 BattlEye Server: Connected to BE Master
15:08:24 BattlEye Server: Player #0 ehade - BE GUID: 8b555bbdd8c5332ac5afbd1c6ee22b31
15:08:24 Player ehade connected (id=76561198138900819).
15:08:24 BattlEye Server: Verified GUID (8b555bbdd8c5332ac5afbd1c6ee22b31) of player #0 ehade
15:14:38 Player ehade disconnected.
15:14:38 BattlEye Server: Player #0 ehade disconnected
15:25:14 Camer uses modified data file
15:25:14 BattlEye Server: Player #0 Camer (107.138.81.9:2304) connected
15:25:15 Player Camer connecting.
15:25:17 BattlEye Server: Player #0 Camer - BE GUID: 2367070bc7749db1fdcc75e3738fbad9
15:25:17 Player Camer connected (id=76561198050933684).
15:25:17 BattlEye Server: Verified GUID (2367070bc7749db1fdcc75e3738fbad9) of player #0 Camer
16:04:31 Herbert uses modified data file
16:04:31 BattlEye Server: Player #1 Herbert (71.209.31.100:2304) connected
16:04:31 Player Herbert connecting.
16:04:33 BattlEye Server: Player #1 Herbert - BE GUID: 0abf3f9292c0cba19cd2b0ca2ac11ac6
16:04:33 Player Herbert connected (id=76561198034532300).
16:04:33 BattlEye Server: Verified GUID (0abf3f9292c0cba19cd2b0ca2ac11ac6) of player #1 Herbert
16:08:58 Player Herbert disconnected.
16:08:58 BattlEye Server: Player #1 Herbert disconnected
16:44:14 Player Camer kicked off by BattlEye: Client not responding
16:44:14 Player Camer disconnected.
18:05:51 Yeet McDabbington uses modified data file
18:05:51 BattlEye Server: Player #0 Yeet McDabbington (73.21.180.37:2309) connected
18:05:51 Player Yeet McDabbington connecting.
18:05:54 BattlEye Server: Player #0 Yeet McDabbington - BE GUID: e0845e254755825b22e6d30dc7e61b99
18:05:58 Player Yeet McDabbington connected (id=76561198032540425).
18:05:58 BattlEye Server: Verified GUID (e0845e254755825b22e6d30dc7e61b99) of player #0 Yeet McDabbington
19:28:54 George uses modified data file
19:28:55 BattlEye Server: Player #1 George (137.119.130.180:2309) connected
19:28:55 Player George connecting.
19:28:57 BattlEye Server: Player #1 George - BE GUID: 6ea6bdb0921d702228a1cb59f54bc5f8
19:28:57 Player George connected (id=76561198079626864).
19:28:57 BattlEye Server: Verified GUID (6ea6bdb0921d702228a1cb59f54bc5f8) of player #1 George
19:32:01 BattlEye Server: (Side) George: hello there 
19:32:09 BattlEye Server: (Side) Yeet McDabbington: Hi.
19:32:17 BattlEye Server: (Side) George: you want to meet up?
19:33:03 BattlEye Server: (Side) Yeet McDabbington: Nah. I'm good. Just let me know what mission you are hitting.
19:33:59 BattlEye Server: (Side) George: alright 10-4 il tell you this i will primaryly hit road blocks fighting vehicles and um anything over on the east side of the map
19:35:00 BattlEye Server: (Side) George: what you doing with all of these greyhounds
19:35:16 BattlEye Server: (Side) Yeet McDabbington: Drones?
19:35:21 BattlEye Server: (Side) Yeet McDabbington: Hitting missions.
19:35:24 BattlEye Server: (Side) Yeet McDabbington: Altis patrols.
19:35:33 BattlEye Server: (Side) George: can you help me altis patrol
19:35:34 BattlEye Server: (Side) Yeet McDabbington: 300k each stack
19:35:37 BattlEye Server: (Side) Yeet McDabbington: Yea
19:35:42 BattlEye Server: (Side) Yeet McDabbington: Brings in 1.6 mil
19:36:13 BattlEye Server: (Side) George: ok i got the m24 for infantry you got drones for the vehicles
19:36:46 BattlEye Server: (Side) Yeet McDabbington: Fuck lol
19:36:52 BattlEye Server: (Side) Yeet McDabbington: Drones landed on the patrol
19:36:55 BattlEye Server: (Side) Yeet McDabbington: Oh well
19:37:06 BattlEye Server: (Side) Yeet McDabbington: Time to recycle them anyways
19:37:07 BattlEye Server: (Side) George: i got no RPGs
19:37:52 BattlEye Server: (Side) George: m113 a abrams and a bradly get the bradly first since its coming close to me
19:38:04 Ironside uses modified data file
19:38:04 BattlEye Server: Player #2 Ironside (24.118.118.85:2304) connected
19:38:04 Player Ironside connecting.
19:38:06 BattlEye Server: Player #2 Ironside - BE GUID: 8a2cf5db8b52210b8d418782d4ba31a9
19:38:06 Player Ironside connected (id=76561198159407384).
19:38:06 BattlEye Server: Verified GUID (8a2cf5db8b52210b8d418782d4ba31a9) of player #2 Ironside
19:39:08 BattlEye Server: (Side) George: another abrams
19:39:17 BattlEye Server: (Side) Yeet McDabbington: Just hang on
19:40:27 BattlEye Server: (Side) Yeet McDabbington: Starting up.
19:40:37 BattlEye Server: (Side) George: SHIT FUCK FUCK
19:40:46 BattlEye Server: (Side) Yeet McDabbington: Just sit still
19:40:52 Odhaving uses modified data file
19:40:52 BattlEye Server: Player #3 Odhaving (208.107.215.51:2304) connected
19:40:52 Player Odhaving connecting.
19:40:54 BattlEye Server: Player #3 Odhaving - BE GUID: 3dd45ae2aae999a097eb909cbc8278fa
19:41:16 Player Odhaving connected (id=76561198281946559).
19:41:16 BattlEye Server: Verified GUID (3dd45ae2aae999a097eb909cbc8278fa) of player #3 Odhaving
19:41:48 BattlEye Server: (Side) George: this truck is really damn close dude
19:42:02 BattlEye Server: (Side) Yeet McDabbington: Where are you
19:42:07 BattlEye Server: (Side) Yeet McDabbington: Mark on the map
19:42:10 BattlEye Server: (Side) George: south side
19:42:44 BattlEye Server: (Side) Yeet McDabbington: Eyes on
19:42:52 BattlEye Server: (Side) George: 10-4
19:43:03 BattlEye Server: (Side) George: no gunner
19:43:29 BattlEye Server: (Side) Yeet McDabbington: Waste of money this damn thing is
19:44:26 BattlEye Server: (Side) George: 1 down
19:44:55 BattlEye Server: (Side) George: now its a abrams can you kill that?
19:46:47 BattlEye Server: (Side) George: bradly went to the
19:46:53 BattlEye Server: (Side) George: nw kinda
19:47:07 BattlEye Server: (Side) George: 1 abrams i can see to my north
19:48:53 BattlEye Server: (Side) George: bradly like 50m from me
19:49:19 BattlEye Server: (Side) George: dont try it when i am so close
19:51:05 BattlEye Server: (Side) George: all tangos down
19:51:17 profu uses modified data file
19:51:17 BattlEye Server: Player #4 profu (209.159.218.223:2304) connected
19:51:17 Player profu connecting.
19:51:19 BattlEye Server: Player #4 profu - BE GUID: ac21428b536f5e19fa8f725204c8e782
19:51:20 Player profu connected (id=76561198311052779).
19:51:20 BattlEye Server: Verified GUID (ac21428b536f5e19fa8f725204c8e782) of player #4 profu
19:51:23 BattlEye Server: (Side) George: abrams to my north now
19:51:48 Feller uses modified data file
19:51:48 BattlEye Server: Player #5 Feller (68.251.245.45:2309) connected
19:51:48 Player Feller connecting.
19:51:50 BattlEye Server: Player #5 Feller - BE GUID: 57722fbe19de6869f5a7407356ceaaba
19:51:51 Player Feller connected (id=76561198044427738).
19:51:51 BattlEye Server: Verified GUID (57722fbe19de6869f5a7407356ceaaba) of player #5 Feller
19:52:02 Camer uses modified data file
19:52:02 BattlEye Server: Player #6 Camer (107.138.81.9:2304) connected
19:52:02 Player Camer connecting.
19:52:04 BattlEye Server: Player #6 Camer - BE GUID: 2367070bc7749db1fdcc75e3738fbad9
19:52:05 Player Camer connected (id=76561198050933684).
19:52:05 BattlEye Server: Verified GUID (2367070bc7749db1fdcc75e3738fbad9) of player #6 Camer
19:52:48 BattlEye Server: (Side) George: how much in the gun is left
19:53:03 BattlEye Server: (Side) Yeet McDabbington: Gonna sell the thing
19:53:07 BattlEye Server: (Side) Yeet McDabbington: Cut me 500k
19:53:15 BattlEye Server: (Side) George: 10-4
19:53:23 BattlEye Server: (Side) Yeet McDabbington: Thatll cover for the jet.
19:53:53 UrPapTrap uses modified data file
19:53:53 BattlEye Server: Player #7 UrPapTrap (172.1.97.121:2304) connected
19:53:53 Player UrPapTrap connecting.
19:53:55 BattlEye Server: Player #7 UrPapTrap - BE GUID: bc0455be729b0a6efc019b64795d18d8
19:53:56 Player UrPapTrap connected (id=76561198097586684).
19:53:56 BattlEye Server: Verifi