 9:02:16 BattlEye Server: Initialized (v1.217)
 9:02:16 Host identity created.
 9:02:17 Game Port: 2307, Steam Query Port: 2308
 9:02:17 Mission A3Wasteland Altis v1.4c read from bank.
 9:02:18 Roles assigned.
 9:02:18 Reading mission ...
 9:02:56 Mission read.
 9:02:56 Game started.
 9:03:16 Zonojosh uses modified data file
 9:03:16 BattlEye Server: Player #0 Zonojosh (73.227.223.137:2309) connected
 9:03:16 Player Zonojosh connecting.
 9:03:17 BattlEye Server: Connected to BE Master
 9:03:18 BattlEye Server: Player #0 Zonojosh - BE GUID: 24f076b539b3955108dd498e3530fb0d
 9:03:18 Player Zonojosh connected (id=76561198092200457).
 9:03:18 BattlEye Server: Verified GUID (24f076b539b3955108dd498e3530fb0d) of player #0 Zonojosh
 9:04:10 kyle uses modified data file
 9:04:10 BattlEye Server: Player #1 kyle (90.252.185.82:2304) connected
 9:04:10 Player kyle connecting.
 9:04:12 BattlEye Server: Player #1 kyle - BE GUID: 976878a2da91dcf878138dfc0dab6ffc
 9:04:12 Player kyle connected (id=76561198148474565).
 9:04:12 BattlEye Server: Verified GUID (976878a2da91dcf878138dfc0dab6ffc) of player #1 kyle
 9:06:19 Tactical_Ranger uses modified data file
 9:06:19 BattlEye Server: Player #2 Tactical_Ranger (210.92.111.107:2309) connected
 9:06:19 Player Tactical_Ranger connecting.
 9:06:23 BattlEye Server: Player #2 Tactical_Ranger - BE GUID: cd4eec4ae70cc44750710d606baa71e6
 9:06:26 Player Tactical_Ranger connected (id=76561198144057706).
 9:06:26 BattlEye Server: Verified GUID (cd4eec4ae70cc44750710d606baa71e6) of player #2 Tactical_Ranger
 9:16:05 Bob Lee uses modified data file
 9:16:05 BattlEye Server: Player #3 Bob Lee (217.42.61.228:2309) connected
 9:16:05 Player Bob Lee connecting.
 9:16:08 BattlEye Server: Player #3 Bob Lee - BE GUID: 52d9ca92b8c3298ec24172bdac71006f
 9:16:08 Player Bob Lee connected (id=76561198354803567).
 9:16:08 BattlEye Server: Verified GUID (52d9ca92b8c3298ec24172bdac71006f) of player #3 Bob Lee
 9:25:34 R.Brown uses modified data file
 9:25:35 BattlEye Server: Player #4 R.Brown (217.104.23.246:2309) connected
 9:25:35 Player R.Brown connecting.
 9:25:39 BattlEye Server: Player #4 R.Brown - BE GUID: 173fb02f646d790f6a63058109f89d17
 9:25:39 Player R.Brown connected (id=76561198032050357).
 9:25:39 BattlEye Server: Verified GUID (173fb02f646d790f6a63058109f89d17) of player #4 R.Brown
 9:28:40 BattlEye Server: (Global) R.Brown: Hello
 9:29:30 BattlEye Server: (Global) Bob Lee: gg 
 9:30:03 BattlEye Server: (Side) R.Brown: ?
 9:32:49 BattlEye Server: (Side) R.Brown: any group?
 9:33:48 BattlEye Server: (Side) R.Brown: .... well nevermind 
 9:35:02 BattlEye Server: (Side) R.Brown: what a shit server
 9:35:07 Player R.Brown disconnected.
 9:35:07 BattlEye Server: Player #4 R.Brown disconnected
 9:35:09 BattlEye Server: (Side) kyle: ,,,,
 9:35:41 BattlEye Server: (Side) Bob Lee: who take the bullet to the head ?
 9:35:57 BattlEye Server: (Global) kyle: YOU MISSED 
 9:36:10 BattlEye Server: (Global) Bob Lee: no the first time i shot 
 9:36:15 BattlEye Server: (Global) kyle: you miss
 9:36:38 BattlEye Server: (Global) Bob Lee: well no becuase blood came out of you 
 9:36:38 BattlEye Server: (Global) kyle: you didnt even have the good mags
 9:36:49 BattlEye Server: (Global) kyle: not me
 9:36:59 BattlEye Server: (Global) kyle: you shot zono not me
 9:37:06 BattlEye Server: (Global) kyle: i was with zono i was in apc
 9:37:07 BattlEye Server: (Global) Bob Lee: ah ok 
 9:37:12 BattlEye Server: (Global) kyle: i watched you miss
 9:37:38 BattlEye Server: (Global) Bob Lee: i missed i few times in the tower but before that i didnt 
 9:38:49 BattlEye Server: (Global) Bob Lee: the m107 is bug aways 
 9:50:04 Max Mota uses modified data file
 9:50:04 BattlEye Server: Player #4 Max Mota (190.75.120.106:2309) connected
 9:50:04 Player Max Mota connecting.
 9:50:07 BattlEye Server: Player #4 Max Mota - BE GUID: b24b492882c5bff2195677387329ee4f
 9:50:16 Player Max Mota connected (id=76561198004095068).
 9:50:16 BattlEye Server: Verified GUID (b24b492882c5bff2195677387329ee4f) of player #4 Max Mota
 9:54:52 Player Max Mota is losing connection
 9:56:19 Player Max Mota is losing connection
10:01:27 Player Max Mota is losing connection
10:02:56 AJ uses modified data file
10:02:56 BattlEye Server: Player #5 AJ (142.59.100.69:2309) connected
10:02:56 Player AJ connecting.
10:02:58 BattlEye Server: Player #5 AJ - BE GUID: 1f059c541e3e8d5963cd6ccb777a1713
10:02:59 Player AJ connected (id=76561198080094233).
10:02:59 BattlEye Server: Verified GUID (1f059c541e3e8d5963cd6ccb777a1713) of player #5 AJ
10:04:49 Player Bob Lee disconnected.
10:04:49 BattlEye Server: Player #3 Bob Lee disconnected
10:31:38 Stitch uses modified data file
10:31:38 BattlEye Server: Player #6 Stitch (108.223.184.154:2309) connected
10:31:38 Player Stitch connecting.
10:31:41 BattlEye Server: Player #6 Stitch - BE GUID: 8c8d6f8657d51cca56b3c0f297f3dddb
10:31:41 Player Stitch connected (id=76561198135341054).
10:31:41 BattlEye Server: Verified GUID (8c8d6f8657d51cca56b3c0f297f3dddb) of player #6 Stitch
10:32:20 Player Max Mota is losing connection
10:42:35 Miller uses modified data file
10:42:35 BattlEye Server: Player #7 Miller (178.157.203.95:2309) connected
10:42:35 Player Miller connecting.
10:42:39 BattlEye Server: Player #7 Miller - BE GUID: 132b8aa040dee2b99b53e45a0f332cd9
10:42:40 Player Miller connected (id=76561198024744551).
10:42:40 BattlEye Server: Verified GUID (132b8aa040dee2b99b53e45a0f332cd9) of player #7 Miller
10:49:05 BattlEye Server: (Group) Stitch: wtf?
10:54:27 Player AJ disconnected.
10:54:27 BattlEye Server: Player #5 AJ disconnected
11:01:27 Player Tactical_Ranger disconnected.
11:01:27 BattlEye Server: Player #2 Tactical_Ranger disconnected
11:07:09 Tactical_Ranger uses modified data file
11:07:09 BattlEye Server: Player #8 Tactical_Ranger (210.92.111.107:2309) connected
11:07:09 Player Tactical_Ranger connecting.
11:07:12 BattlEye Server: Player #8 Tactical_Ranger - BE GUID: cd4eec4ae70cc44750710d606baa71e6
11:07:16 Player Tactical_Ranger connected (id=76561198144057706).
11:07:16 BattlEye Server: Verified GUID (cd4eec4ae70cc44750710d606baa71e6) of player #8 Tactical_Ranger
11:15:00 BattlEye Server: (Side) kyle: you use arty like a noob
11:16:17 BattlEye Server: (Global) Max Mota: NICE FLY BRO
11:16:49 BattlEye Server: (Group) Tactical_Ranger: Nice insult bro, cant speak basic english XD
11:20:04 BattlEye Server: (Global) Max Mota: hahahahaha
11:24:42 BattlEye Server: (Global) Max Mota: XDDDDDDDDDDD
11:24:51 BattlEye Server: (Global) Max Mota: bye bye plane
11:25:05 BattlEye Server: (Global) kyle: sup pussie
11:25:09 BattlEye Server: (Global) kyle: cant fight like a man
11:25:12 BattlEye Server: (Side) Zonojosh: true
11:25:23 BattlEye Server: (Global) Tactical_Ranger: Does this guy have downs?
11:25:36 BattlEye Server: (Side) Zonojosh: also, you using bears vic?
11:25:53 BattlEye Server: (Global) Max Mota: mad bro?
11:25:59 BattlEye Server: (Global) kyle: nah
11:26:09 Player Miller disconnected.
11:26:09 BattlEye Server: Player #7 Miller disconnected
11:28:35 BattlEye Server: (Global) kyle: try and kill me now :3
11:28:41 BattlEye Server: (Global) kyle: oh wait you cant
11:30:40 Russian uses modified data file
11:30:40 BattlEye Server: Player #9 Russian (5.11.69.67:15073) connected
11:30:40 Player Russian connecting.
11:30:43 BattlEye Server: Player #9 Russian - BE GUID: 175dc08d0945f9ddbba5ba4cca5c9735
11:30:44 Player Russian connected (id=76561198017573145).
11:30:44 BattlEye Server: Verified GUID (175dc08d0945f9ddbba5ba4cca5c9735) of player #9 Russian
11:32:32 brooklyn uses modified data file
11:32:32 BattlEye Server: Player #10 brooklyn (78.147.201.122:2309) connected
11:32:32 Player brooklyn connecting.
11:32:37 BattlEye Server: Player #10 brooklyn - BE GUID: 3916055cfde73dce23f7787ba209548f
11:33:07 Player brooklyn connected (id=76561198387401971).
11:33:07 BattlEye Server: Verified GUID (3916055cfde73dce23f7787ba209548f) of player #10 brooklyn
11:33:20 Player brooklyn disconnected.
11:33:20 BattlEye Server: Player #10 brooklyn disconnected
11:34:30 Player Russian disconnected.
11:34:31 BattlEye Server: Player #9 Russian disconnected
11:36:13 Q uses modified data file
11:36:13 BattlEye Server: Player #9 Q (104.205.115.104:2309) connected
11:36:13 Player Q connecting.
11:36:16 BattlEye Server: Player #9 Q - BE GUID: 978c7336e5b81acde046809875552062
11:36:17 Player Q connected (id=76561198375770014).
11:36:17 BattlEye Server: Verified GUID (978c7336e5b81acde046809875552062) of player #9 Q
11:52:17 ROADGLIDE uses modified data file
11:52:17 BattlEye Server: Player #10 ROADGLIDE (63.142.112.13:2309) connected
11:52:17 Player ROADGLIDE connecting.
11:52:20 BattlEye Server: Player #10 ROADGLIDE - BE GUID: 0c6a9ddac9dd8980c3d63e983e2a4cd6
11:52:21 Player ROADGLIDE connected (id=76561198448325882).
11:52:21 BattlEye Server: Verified GUID (0c6a9ddac9dd8980c3d63e983e2a4cd6) of player #10 ROADGLIDE
11:52:21 Rou Kowalski uses modified data file
11:52:22 BattlEye Server: Player #11 Rou Kowalski (73.147.1.91:2309) connected
11:52:22 Player Rou Kowalski connecting.
11:52:24 BattlEye Server: Player #11 Rou Kowalski - BE GUID: 58cae163ea9d3a0ff8adde240b436737
11:53:09 Player Rou Kowalski connected (id=76561198034110598).
11:53:09 BattlEye Server: Verified GUID (58cae163ea9d3a0ff8adde240b436737) of player #11 Rou Kowalski
11:53:54 AJ uses modified data file
11:53:54 BattlEye Server: Player #12 AJ (142.59.100.69:2309) connected
11:53:54 Player AJ connecting.
11:53:57 BattlEye Server: Player #12 AJ - BE GUID: 1f059c541e3e8d5963cd6ccb777a1713
11:53:57 Player AJ connected (id=76561198080094233).
11:53:57 BattlEye Server: Verified GUID (1f059c541e3e8d5963cd6ccb777a1713) of player #12 AJ
11:56:55 BattlEye Server: (Side) Rou Kowalski: Roadglide, Good to see you
11:57:23 BattlEye Server: (Side) ROADGLIDE: hello
11:57:30 BattlEye Server: (Side) ROADGLIDE: you too
11:57:53 BattlEye Server: (Side) Rou Kowalski: How goes the war?
11:58:04 Player Max Mota disconnected.
11:58:05 BattlEye Server: Player #4 Max Mota disconnected
11:58:05 BattlEye Server: (Side) ROADGLIDE: spawned in staring at enemy tanks lol
11:58:26 BattlEye Server: (Side) Rou Kowalski: lol, Well
11:59:44 Max Mota uses modified data file
11:59:44 BattlEye Server: Player #13 Max Mota (190.75.120.106:2309) connected
11:59:44 Player Max Mota connecting.
11:59:47 BattlEye Server: Player #13 Max Mota - BE GUID: b24b492882c5bff2195677387329ee4f
11:59:48 Player Max Mota connected (id=76561198004095068).
11:59:48 BattlEye Server: Verified GUID (b24b492882c5bff2195677387329ee4f) of player #13 Max Mota
12:02:02 Soft Fluffy Cuddlebear uses modified data file
12:02:02 BattlEye Server: Player #14 Soft Fluffy Cuddlebear (190.171.107.27:62725) connected
12:02:02 Player Soft Fluffy Cuddlebear connecting.
12:02:06 BattlEye Server: Player #14 Soft Fluffy Cuddlebear - BE GUID: a01f35e030c4464ff5b5e9c18ddf0195
12:02:07 Player Soft Fluffy Cuddlebear connected (id=76561198065774594).
12:02:07 BattlEye Server: Verified GUID (a01f35e030c4464ff5b5e9c18ddf0195) of player #14 Soft Fluffy Cuddlebear
12:04:01 BattlEye Server: (Global) Max Mota: :(
12:04:17 BattlEye Server: (Global) Max Mota: mediccccccccccccccccccccccccccccccc
12:04:34 BattlEye Server: (Global) Max Mota: jajajajajaja
12:21:26 Player Rou Kowalski disconnected.
12:21:26 BattlEye Server: Player #11 Rou Kowalski disconnected
12:27:34 Player AJ disconnected.
12:27:34 BattlEye Server: Player #12 AJ disconnected
12:44:24 Player Max Mota disconnected.
12:44:24 BattlEye Server: Player #13 Max Mota disconnected
12:49:14 Player Soft Fluffy Cuddlebear disconnected.
12:49:14 BattlEye Server: Player #14 Soft Fluffy Cuddlebear disconnected
12:59:58 BattlEye Server: (Global) Stitch: i killed all ai and im at the mission marker but no loot and its still on the map?
13:00:12 BattlEye Server: (Global) kyle: still ai left
13:00:13 BattlEye Server: (Global) Tactical_Ranger: Didnt kill them all than
13:00:31 BattlEye Server: (Global) Stitch: 10-4 thank you guys
13:07:25 PV2 B. Ruffner uses modified data file
13:07:25 BattlEye Server: Player #11 PV2 B. Ruffner (73.73.197.68:2309) connected
13:07:25 Player PV2 B. Ruffner connecting.
13:07:28 BattlEye Server: Player #11 PV2 B. Ruffner - BE GUID: 5bc92eade38f130c6162ff647cc91cb9
13:07:28 Player PV2 B. Ruffner connected (id=76561198202518197).
13:07:28 BattlEye Server: Verified GUID (5bc92eade38f130c6162ff647cc91cb9) of player #11 PV2 B. Ruffner
13:13:31 Marques uses modified data file
13:13:31 BattlEye Server: Player #12 Marques (189.48.221.187:24323) connected
13:13:31 Player Marques connecting.
13:13:33 BattlEye Server: Player #12 Marques - BE GUID: a1b1fb6a88fc1d0bf9b65067a4f4f6a9
13:13:34 Player Marques connected (id=76561198343381444).
13:13:34 BattlEye Server: Verified GUID (a1b1fb6a88fc1d0bf9b65067a4f4f6a9) of player #12 Marques
13:18:01 Mason uses modified data file
13:18:01 BattlEye Server: Player #13 Mason (24.207.152.238:2309) connected
13:18:01 Player Mason connecting.
13:18:03 BattlEye Server: Player #13 Mason - BE GUID: 955d09b6e1dde9360ceebc2963df084d
13:18:04 Player Mason connected (id=76561198026943270).
13:18:04 BattlEye Server: Verified GUID (955d09b6e1dde9360ceebc2963df084d) of player #13 Mason
13:18:25 Player Mason disconnected.
13:18:25 BattlEye Server: Player #13 Mason disconnected
13:20:12 AJ uses modified data file
13:20:12 BattlEye Server: Player #13 AJ (142.59.100.69:2309) connected
13:20:12 Player AJ connecting.
13:20:14 BattlEye Server: Player #13 AJ - BE GUID: 1f059c541e3e8d5963cd6ccb777a1713
13:20:15 Player AJ connected (id=76561198080094233).
13:20:15 BattlEye Server: Verified GUID (1f059c541e3e8d5963cd6ccb777a1713) of player #13 AJ
13:29:12 Bob Lee uses modified data file
13:29:12 BattlEye Server: Player #14 Bob Lee (217.42.61.228:2309) connected
13:29:12 Player Bob Lee connecting.
13:29:16 BattlEye Server: Player #14 Bob Lee - BE GUID: 52d9ca92b8c3298ec24172bdac71006f
13:29:16 Player Bob Lee connected (id=76561198354803567).
13:29:16 BattlEye Server: Verified GUID (52d9ca92b8c3298ec24172bdac71006f) of player #14 Bob Lee
13:39:33 Player Marques disconnected.
13:39:33 BattlEye Server: Player #12 Marques disconnected
13:40:52 Player AJ disconnected.
13:40:52 BattlEye Server: Player #13 AJ disconnected
13:45:14 Player Bob Lee disconnected.
13:45:14 BattlEye Server: Player #14 Bob Lee disconnected
13:52:04 Soft Fluffy Cuddlebear uses modified data file
13:52:04 BattlEye Server: Player #12 Soft Fluffy Cuddlebear (190.171.107.27:62725) connected
13:52:04 Player Soft Fluffy Cuddlebear connecting.
13:52:08 BattlEye Server: Player #12 Soft Fluffy Cuddlebear - BE GUID: a01f35e030c4464ff5b5e9c18ddf0195
13:52:09 Player Soft Fluffy Cuddlebear connected (id=76561198065774594).
13:52:09 BattlEye Server: Verified GUID (a01f35e030c4464ff5b5e9c18ddf0195) of player #12 Soft Fluffy Cuddlebear
13:53:00 Marques uses modified data file
13:53:00 BattlEye Server: Player #13 Marques (189.48.221.187:24774) connected
13:53:00 Player Marques connecting.
13:53:03 BattlEye Server: Player #13 Marques - BE GUID: a1b1fb6a88fc1d0bf9b65067a4f4f6a9
13:53:03 Player Marques connected (id=76561198343381444).
13:53:03 BattlEye Server: Verified GUID (a1b1fb6a88fc1d0bf9b65067a4f4f6a9) of player #13 Marques
13:53:59 Bob Lee uses modified data file
13:53:59 BattlEye Server: Player #14 Bob Lee (217.42.61.228:2309) connected
13:53:59 Player Bob Lee connecting.
13:54:03 BattlEye Server: Player #14 Bob Lee - BE GUID: 52d9ca92b8c3298ec24172bdac71006f
13:54:03 Player Bob Lee connected (id=76561198354803567).
13:54:03 BattlEye Server: Verified GUID (52d9ca92b8c3298ec24172bdac71006f) of player #14 Bob Lee
13:58:39 Mason uses modified data file
13:58:39 BattlEye Server: Player #15 Mason (24.207.152.238:2309) connected
13:58:39 Player Mason connecting.
13:58:41 BattlEye Server: Player #15 Mason - BE GUID: 955d09b6e1dde9360ceebc2963df084d
13:58:42 Player Mason connected (id=76561198026943270).
13:58:42 BattlEye Server: Verified GUID (955d09b6e1dde9360ceebc2963df084d) of player #15 Mason
13:59:24 Voodoo uses modified data file
13:59:24 BattlEye Server: Player #16 Voodoo (173.28.50.147:2304) connected
13:59:25 Player Voodoo connecting.
13:59:27 BattlEye Server: Player #16 Voodoo - BE GUID: 9605ad9547ca662373aeb401ac8b079c
13:59:27 Player Voodoo connected (id=76561198139226388).
13:59:27 BattlEye Server: Verified GUID (9605ad9547ca662373aeb401ac8b079c) of player #16 Voodoo
13:59:29 Player Voodoo disconnected.
13:59:29 BattlEye Server: Player #16 Voodoo disconnected
14:01:09 Voodoo uses modified data file
14:01:09 BattlEye Server: Player #16 Voodoo (173.28.50.147:2309) connected
14:01:09 Player Voodoo connecting.
14:01:12 BattlEye Server: Player #16 Voodoo - BE GUID: 9605ad9547ca662373aeb401ac8b079c
14:01:12 Player Voodoo connected (id=76561198139226388).
14:01:12 BattlEye Server: Verified GUID (9605ad9547ca662373aeb401ac8b079c) of player #16 Voodoo
14:11:51 BattlEye Server: (Side) Stitch: was that player artillery?
14:11:57 BattlEye Server: (Side) Stitch: or ai?
14:13:06 Max Mota uses modified data file
14:13:06 BattlEye Server: Player #17 Max Mota (190.75.120.106:2309) connected
14:13:06 Player Max Mota connecting.
14:13:09 BattlEye Server: Player #17 Max Mota - BE GUID: b24b492882c5bff2195677387329ee4f
14:13:28 Player Tactical_Ranger disconnected.
14:13:28 BattlEye Server: Player #8 Tactical_Ranger disconnected
14:13:36 Player Marques disconnected.
14:13:36 BattlEye Server: Player #13 Marques disconnected
14:13:47 Player Soft Fluffy Cuddlebear disconnected.
14:13:47 BattlEye Server: Player #12 Soft Fluffy Cuddlebear disconnected
14:13:47 Player Max Mota connected (id=76561198004095068).
14:13:47 BattlEye Server: Verified GUID (b24b492882c5bff2195677387329ee4f) of player #17 Max Mota
14:17:17 AJ uses modified data file
14:17:17 BattlEye Server: Player #18 AJ (142.59.100.69:2309) connected
14:17:17 Player AJ connecting.
14:17:19 BattlEye Server: Player #18 AJ - BE GUID: 1f059c541e3e8d5963cd6ccb777a1713
14:17:20 Player AJ connected (id=76561198080094233).
14:17:20 BattlEye Server: Verified GUID (1f059c541e3e8d5963cd6ccb777a1713) of player #18 AJ
14:17:55 Soft Fluffy Cuddlebear uses modified data file
14:17:55 BattlEye Server: Player #19 Soft Fluffy Cuddlebear (190.171.107.27:62725) connected
14:17:55 Player Soft Fluffy Cuddlebear connecting.
14:17:59 BattlEye Server: Player #19 Soft Fluffy Cuddlebear - BE GUID: a01f35e030c4464ff5b5e9c18ddf0195
14:18:00 Player Soft Fluffy Cuddlebear connected (id=76561198065774594).
14:18:00 BattlEye Server: Verified GUID (a01f35e030c4464ff5b5e9c18ddf0195) of player #19 Soft Fluffy Cuddlebear
14:19:40 BattlEye Server: (Global) Zonojosh: trash
14:19:48 BattlEye Server: (Global) Voodoo: Lol whatever
14:19:53 BattlEye Server: (Global) kyle: uses tank to push light convoy
14:19:55 BattlEye Server: (Global) Zonojosh: used a tank to kill 3 ground and still got hit 3 times
14:19:57 BattlEye Server: (Global) kyle: GG idiots
14:20:16 BattlEye Server: (Group) Voodoo: i GOT A MEDIC KIT IN MY BAG
14:21:42 BattlEye Server: (Side) Stitch: aj there is a orca by the trader
14:27:36 BattlEye Server: (Global) Voodoo: Fuck you pussies
14:27:55 BattlEye Server: (Global) Zonojosh: we would be pussies if we didnt come back retards 
14:27:56 BattlEye Server: (Global) kyle: sure
14:28:08 BattlEye Server: (Global) Zonojosh: or if we were bear
14:28:41 BattlEye Server: (Global) Zonojosh: grid 187149
14:30:16 Player Bob Lee disconnected.
14:30:16 BattlEye Server: Player #14 Bob Lee disconnected
14:31:04 BattlEye Server: (Global) Voodoo: Why so salty?
14:31:13 BattlEye Server: (Global) kyle: hes not us
14:31:22 BattlEye Server: (Global) Voodoo: You aren't getting yo 248k
14:31:24 BattlEye Server: (Global) kyle: he just a sado that strikes everything
14:31:38 BattlEye Server: (Global) Voodoo: It's already in the bank bruv
14:31:50 BattlEye Server: (Group) Voodoo: COME BACK BRUH WTF
14:32:01 BattlEye Server: (Global) Soft Fluffy Cuddlebear: i diont care about themoney just the killings 
14:32:21 BattlEye Server: (Global) Soft Fluffy Cuddlebear: just want the blood
14:33:38 BattlEye Server: (Global) Zonojosh: bear, strick 181152
14:33:42 BattlEye Server: (Global) Zonojosh: strike*
14:33:52 BattlEye Server: (Global) Zonojosh: plz
14:33:59 BattlEye Server: (Global) Zonojosh: their tank with die
14:34:17 BattlEye Server: (Global) Voodoo: xd
14:34:22 BattlEye Server: (Global) Zonojosh: no hit
14:35:37 BattlEye Server: (Global) Voodoo: Lol get rekted by a ppistol
14:35:47 BattlEye Server: (Global) Zonojosh: its got fmj idiot
14:35:54 BattlEye Server: (Global) Voodoo: Well no shit
14:36:31 BattlEye Server: (Global) kyle: thanks 4 ze tunk
14:42:03 BattlEye Server: (Global) kyle: you blufor are so bad
14:42:09 BattlEye Server: (Global) Zonojosh: fucking pussies
14:42:23 BattlEye Server: (Global) Voodoo: The fact you managed to get here that quickly?
14:42:35 BattlEye Server: (Global) kyle: ?
14:42:36 BattlEye Server: (Global) Zonojosh: luck
14:42:37 BattlEye Server: (Global) Voodoo: Is a little fishy
14:42:43 BattlEye Server: (Global) kyle: its called cars
14:42:43 BattlEye Server: (Global) Zonojosh: and your friend being bad
14:42:46 BattlEye Server: (Global) kyle: and luck
14:42:52 BattlEye Server: (Global) Voodoo: Mhm
14:43:10 BattlEye Server: (Global) Zonojosh: if we were cheating, we'd kill bear
14:43:16 Player PV2 B. Ruffner disconnected.
14:43:16 BattlEye Server: Player #11 PV2 B. Ruffner disconnected
14:43:19 BattlEye Server: (Global) kyle: also if we was cheating we would be killing the ass hat that likes artillery
14:43:24 Player Voodoo disconnected.
14:43:24 BattlEye Server: Player #16 Voodoo disconnected
14:43:29 BattlEye Server: (Global) Zonojosh: rage
14:43:29 BattlEye Server: (Global) kyle: THE RAGE
14:43:34 BattlEye Server: (Global) kyle: THAT RAGE!!!!!!!
14:43:38 BattlEye Server: (Global) Zonojosh: fucking idiots
14:43:59 BattlEye Server: (Global) Mason: you two are the biggest fucking morons anyone has ever seen
14:44:08 BattlEye Server: (Global) Mason: what the fuck is your problem
14:44:13 BattlEye Server: (Global) kyle: YAY ill take that as a compliment
14:44:24 BattlEye Server: (Global) Mason: you two sart shit evrytime you are here
14:44:30 BattlEye Server: (Global) kyle: no?
14:44:36 BattlEye Server: (Global) kyle: they started that one
14:44:47 BattlEye Server: (Global) Mason: not enough love when you were younger? 
14:44:51 BattlEye Server: (Global) Mason: which is like now
14:45:03 BattlEye Server: (Global) kyle: your insult is weak
14:45:10 BattlEye Server: (Global) Mason: basically shut the fuck up
14:45:17 BattlEye Server: (Global) kyle: make me
14:46:05 BattlEye Server: (Global) kyle: nice admin abuse
14:46:07 BattlEye Server: (Global) Zonojosh: thanks mason
14:46:57 BattlEye Server: (Global) kyle: are you going to do what they did to us on the last server
14:46:58 BattlEye Server: (Global) Q: awe what did i do
14:47:18 BattlEye Server: (Global) Q: ill love you long time ;)
14:47:50 BattlEye Server: (Direct) Mason: //
14:48:02 BattlEye Server: (Global) Max Mota: this admins sux
14:48:11 BattlEye Server: (Global) Mason: like i said earlier enough
14:48:26 BattlEye Server: (Global) Q: i didnt do anything though
14:48:30 BattlEye Server: (Global) kyle: still does not mean you need to abuse your powers
14:48:32 BattlEye Server: (Global) Q: why did you kill me?
14:48:55 BattlEye Server: (Global) Q: i didnt say or do anything, i only fired when fired upon
14:49:12 BattlEye Server: (Global) Mason: no i did not kill you
14:49:21 BattlEye Server: (Global) kyle: well he died aswell
14:49:29 BattlEye Server: (Global) Q: then how did i die randomly?
14:49:34 BattlEye Server: (Global) kyle: so im not trusting that statment
14:49:45 BattlEye Server: (Global) Q: no 1 around
14:49:58 BattlEye Server: (Global) Mason: i have no idea why, i was to you, you know that
14:50:04 BattlEye Server: (Global) Mason: i have no iea who he is
14:50:21 BattlEye Server: (Global) kyle: whos is "he"
14:50:36 BattlEye Server: (Global) Mason: Q
14:50:38 BattlEye Server: (Global) Q: so... who killed me?
14:50:45 BattlEye Server: (Global) Mason: no idea
14:51:00 BattlEye Server: (Global) Mason: didn't know you were on, was speaking with kyle not you
14:51:29 Player Mason disconnected.
14:51:29 BattlEye Server: Player #15 Mason disconnected
14:51:37 BattlEye Server: (Global) kyle: ok?
14:52:15 BattlEye Server: (Global) Q: no sorry or nothing for abuse of power to a mature player?
14:52:21 Mason uses modified data file
14:52:21 BattlEye Server: Pl