21:01:36 BattlEye Server: Initialized (v1.217)
21:01:36 Host identity created.
21:01:36 Game Port: 2307, Steam Query Port: 2308
21:01:37 Mission A3Wasteland Altis v1.4c read from bank.
21:01:38 Roles assigned.
21:01:38 Reading mission ...
21:02:11 Mission read.
21:02:12 Game started.
21:04:49 Odhaving uses modified data file
21:04:49 BattlEye Server: Player #0 Odhaving (208.107.215.51:2304) connected
21:04:49 Player Odhaving connecting.
21:04:50 BattlEye Server: Connected to BE Master
21:04:52 BattlEye Server: Player #0 Odhaving - BE GUID: 3dd45ae2aae999a097eb909cbc8278fa
21:04:53 Player Odhaving connected (id=76561198281946559).
21:04:53 BattlEye Server: Verified GUID (3dd45ae2aae999a097eb909cbc8278fa) of player #0 Odhaving
21:05:15 flow uses modified data file
21:05:15 BattlEye Server: Player #1 flow (98.223.9.47:2304) connected
21:05:15 Player flow connecting.
21:05:17 BattlEye Server: Player #1 flow - BE GUID: 2f1988ec1f268e92b390c1d7d06902a9
21:05:18 Player flow connected (id=76561198397747497).
21:05:18 BattlEye Server: Verified GUID (2f1988ec1f268e92b390c1d7d06902a9) of player #1 flow
21:06:56 Ironside uses modified data file
21:06:56 BattlEye Server: Player #2 Ironside (24.118.118.85:2304) connected
21:06:56 Player Ironside connecting.
21:06:58 BattlEye Server: Player #2 Ironside - BE GUID: 8a2cf5db8b52210b8d418782d4ba31a9
21:06:58 Player Ironside connected (id=76561198159407384).
21:06:58 BattlEye Server: Verified GUID (8a2cf5db8b52210b8d418782d4ba31a9) of player #2 Ironside
21:14:48 Player flow is losing connection
21:41:09 Bubba-licious uses modified data file
21:41:09 BattlEye Server: Player #3 Bubba-licious (67.201.130.75:6504) connected
21:41:09 Player Bubba-licious connecting.
21:41:11 Player Bubba-licious disconnected.
21:41:11 BattlEye Server: Player #3 Bubba-licious disconnected
21:42:08 Bubba-licious uses modified data file
21:42:08 BattlEye Server: Player #3 Bubba-licious (67.201.130.75:6014) connected
21:42:08 Player Bubba-licious connecting.
21:42:10 BattlEye Server: Player #3 Bubba-licious - BE GUID: ab0343a3d673c70e50cf3eca39abfe10
21:42:11 Player Bubba-licious connected (id=76561198320621717).
21:42:11 BattlEye Server: Verified GUID (ab0343a3d673c70e50cf3eca39abfe10) of player #3 Bubba-licious
21:48:20 Player Bubba-licious disconnected.
21:48:20 BattlEye Server: Player #3 Bubba-licious disconnected
22:09:55 John uses modified data file
22:09:55 BattlEye Server: Player #3 John (104.156.122.125:2309) connected
22:09:55 Player John connecting.
22:09:58 BattlEye Server: Player #3 John - BE GUID: 1afe651eaee61439fe0d8dcbb1d1d124
22:09:59 Player John connected (id=76561198038821136).
22:09:59 BattlEye Server: Verified GUID (1afe651eaee61439fe0d8dcbb1d1d124) of player #3 John
22:29:46 BattlEye Server: (Global) flow: nigger
22:29:49 BattlEye Server: (Global) flow: nigger
22:29:50 BattlEye Server: (Global) flow: nigger
22:29:52 BattlEye Server: (Global) flow: nigger
22:29:54 BattlEye Server: (Global) flow: nigger
22:30:01 BattlEye Server: (Global) flow: nigger
22:46:41 High Alert Highlander  uses modified data file
22:46:41 BattlEye Server: Player #4 High Alert Highlander  (190.171.107.0:62725) connected
22:46:41 Player High Alert Highlander  connecting.
22:46:46 BattlEye Server: Player #4 High Alert Highlander  - BE GUID: a01f35e030c4464ff5b5e9c18ddf0195
22:47:26 Player High Alert Highlander  disconnected.
22:47:26 BattlEye Server: Player #4 High Alert Highlander  disconnected
22:48:05 High Alert Highlander  uses modified data file
22:48:05 BattlEye Server: Player #4 High Alert Highlander  (190.171.107.0:62725) connected
22:48:05 Player High Alert Highlander  connecting.
22:48:07 BattlEye Server: Player #4 High Alert Highlander  - BE GUID: a01f35e030c4464ff5b5e9c18ddf0195
22:49:08 Player High Alert Highlander  connected (id=76561198065774594).
22:49:09 BattlEye Server: Verified GUID (a01f35e030c4464ff5b5e9c18ddf0195) of player #4 High Alert Highlander 
22:49:24 Player High Alert Highlander  disconnected.
22:49:24 BattlEye Server: Player #4 High Alert Highlander  disconnected
22:52:12 Player John disco