 9:01:37 BattlEye Server: Initialized (v1.217)
 9:01:37 Host identity created.
 9:01:37 Game Port: 2307, Steam Query Port: 2308
 9:01:37 Mission A3Wasteland Altis v1.4c read from bank.
 9:01:39 Roles assigned.
 9:01:39 Reading mission ...
 9:02:10 Mission read.
 9:02:10 Game started.
 9:29:58 ANATOLI CHEJOV uses modified data file
 9:29:59 BattlEye Server: Player #0 ANATOLI CHEJOV (190.171.107.50:62725) connected
 9:29:59 Player ANATOLI CHEJOV connecting.
 9:29:59 BattlEye Server: Connected to BE Master
 9:30:04 BattlEye Server: Player #0 ANATOLI CHEJOV - BE GUID: a01f35e030c4464ff5b5e9c18ddf0195
 9:30:05 Player ANATOLI CHEJOV connected (id=76561198065774594).
 9:30:05 BattlEye Server: Verified GUID (a01f35e030c4464ff5b5e9c18ddf0195) of player #0 ANATOLI CHEJOV
 9:49:23 Player ANATOLI CHEJOV disconnected.
 9:49:23 BattlEye Server: Player #0 ANATOLI CHEJOV disconnected
10:44:03 Rou Kowalski uses modified data file
10:44:03 BattlEye Server: Player #0 Rou Kowalski (73.147.1.91:2309) connected
10:44:03 Player Rou Kowalski connecting.
10:44:06 BattlEye Server: Player #0 Rou Kowalski - BE GUID: 58cae163ea9d3a0ff8adde240b436737
10:44:09 Player Rou Kowalski connected (id=76561198034110598).
10:44:09 BattlEye Server: Verified GUID (58cae163ea9d3a0ff8adde240b436737) of player #0 Rou Kowalski
10:45:55 Rockman uses modified data file
10:45:55 BattlEye Server: Player #1 Rockman (208.126.23.195:2309) connected
10:45:55 Player Rockman connecting.
10:45:57 BattlEye Server: Player #1 Rockman - BE GUID: 47095a3f8b17f58957a0e95fd9a448f5
10:45:58 Player Rockman connected (id=76561198057797015).
10:45:58 BattlEye Server: Verified GUID (47095a3f8b17f58957a0e95fd9a448f5) of player #1 Rockman
10:46:21 Player Rockman disconnected.
10:46:21 BattlEye Server: Player #1 Rockman disconnected
11:20:35 ANATOLI CHEJOV uses modified data file
11:20:35 BattlEye Server: Player #1 ANATOLI CHEJOV (190.171.107.50:62725) connected
11:20:35 Player ANATOLI CHEJOV connecting.
11:20:42 BattlEye Server: Player #1 ANATOLI CHEJOV - BE GUID: a01f35e030c4464ff5b5e9c18ddf0195
11:20:42 Player ANATOLI CHEJOV connected (id=76561198065774594).
11:20:42 BattlEye Server: Verified GUID (a01f35e030c4464ff5b5e9c18ddf0195) of player #1 ANATOLI CHEJOV
11:24:20 BattlEye Server: (Side) ANATOLI CHEJOV: hello
11:24:50 BattlEye Server: (Group) Rou Kowalski: Hey D
11:25:21 BattlEye Server: (Group) ANATOLI CHEJOV: i dont hear u 
11:25:37 BattlEye Server: (Group) ANATOLI CHEJOV: im withmymusic just asec
11:25:49 BattlEye Server: (Group) ANATOLI CHEJOV: there
11:26:09 BattlEye Server: (Group) ANATOLI CHEJOV: 9.3
11:26:33 BattlEye Server: (Group) ANATOLI CHEJOV: im  going to bilda heli pat 
11:27:05 BattlEye Server: (Group) ANATOLI CHEJOV: yea  that is just for my self forputing combat helis
11:27:38 BattlEye Server: (Group) ANATOLI CHEJOV: hellno 
11:27:50 BattlEye Server: (Group) ANATOLI CHEJOV: thats my heli bee
11:28:12 BattlEye Server: (Group) ANATOLI CHEJOV: thats is the point 
11:28:21 BattlEye Server: (Group) ANATOLI CHEJOV: yes
11:28:50 BattlEye Server: (Group) ANATOLI CHEJOV: i look awsiome init 
11:29:20 BattlEye Server: (Group) ANATOLI CHEJOV: thats my heli bee 
11:29:26 BattlEye Server: (Group) ANATOLI CHEJOV: leave him alone
11:29:31 BattlEye Server: (Group) ANATOLI CHEJOV: lol
11:29:53 BattlEye Server: (Group) ANATOLI CHEJOV: he fly fast andstinks like abee
11:30:10 BattlEye Server: (Group) ANATOLI CHEJOV: i hate that heli
11:30:32 BattlEye Server: (Group) ANATOLI CHEJOV: i hate it the onlygood thing about that heli is that 
11:30:35 BattlEye Server: (Group) ANATOLI CHEJOV: have radar
11:30:46 BattlEye Server: (Group) ANATOLI CHEJOV: yes
11:31:12 BattlEye Server: (Group) ANATOLI CHEJOV: this is mypvp  gear 
11:32:10 BattlEye Server: (Group) ANATOLI CHEJOV: is like ihave withthis rifle 20 clips 
11:32:14 BattlEye Server: (Group) ANATOLI CHEJOV: plus
11:32:37 BattlEye Server: (Group) ANATOLI CHEJOV: the heliisnot going tobe here
11:32:51 BattlEye Server: (Group) ANATOLI CHEJOV: no one siad that is here
11:33:02 BattlEye Server: (Group) ANATOLI CHEJOV: is over there
11:33:30 BattlEye Server: (Group) ANATOLI CHEJOV: no idea
11:33:37 BattlEye Server: (Group) ANATOLI CHEJOV: he waswierd
11:33:58 BattlEye Server: (Group) ANATOLI CHEJOV: butnot idea why he could belike that heisnot like that 
11:35:56 BattlEye Server: (Group) ANATOLI CHEJOV: why u say that 
11:36:28 BattlEye Server: (Group) ANATOLI CHEJOV: ohjesus 
11:36:33 BattlEye Server: (Group) ANATOLI CHEJOV: we arenotkids
11:38:12 BattlEye Server: (Group) ANATOLI CHEJOV: yes
11:41:51 BattlEye Server: (Group) ANATOLI CHEJOV: ifuneed to tellmesomething write tome 
11:42:48 Red uses modified data file
11:42:48 BattlEye Server: Player #2 Red (41.170.90.6:2309) connected
11:42:48 Player Red connecting.
11:42:52 BattlEye Server: Player #2 Red - BE GUID: f7a8174212f367074d73bf01b420d068
11:42:54 Player Red connected (id=76561198349484947).
11:42:54 BattlEye Server: Verified GUID (f7a8174212f367074d73bf01b420d068) of player #2 Red
11:45:07 BattlEye Server: (Global) Red: i have returned,after a very long sleep
11:45:45 BattlEye Server: (Global) Rou Kowalski: that was not all that long... longer than 2 hrs
11:45:58 BattlEye Server: (Group) ANATOLI CHEJOV: he seemshe isakid
11:46:47 BattlEye Server: (Group) ANATOLI CHEJOV: ineed to checkhis ip 
11:46:58 BattlEye Server: (Group) ANATOLI CHEJOV: that could be akid that we banned a time ago
11:47:23 BattlEye Server: (Group) ANATOLI CHEJOV: he was talinggtomeyesterday he 
11:47:29 BattlEye Server: (Group) ANATOLI CHEJOV: soundslike a kid
11:47:37 BattlEye Server: (Group) ANATOLI CHEJOV: i dont hear your
11:47:40 BattlEye Server: (Group) ANATOLI CHEJOV: writeme
11:47:52 BattlEye Server: (Group) ANATOLI CHEJOV: music
11:48:16 BattlEye Server: (Group) Rou Kowalski: so you herd voice chat from him.. He is a squeeker?
11:48:23 BattlEye Server: (Group) ANATOLI CHEJOV: no 
11:48:36 BattlEye Server: (Group) ANATOLI CHEJOV: the way he expresshimslef 
11:48:40 BattlEye Server: (Group) ANATOLI CHEJOV: is like akid
11:50:27 BattlEye Server: (Global) Red: well
11:50:42 BattlEye Server: (Global) Red: aint that.......fun
11:51:02 BattlEye Server: (Global) Rou Kowalski: ?'
11:51:02 BattlEye Server: (Global) Red: died to a random patroll tank
11:51:19 BattlEye Server: (Global) Rou Kowalski: ahh.. next time get the tank first
11:51:27 BattlEye Server: (Global) Red: my boat is now dead
11:51:44 BattlEye Server: (Global) Red: i did have a tank,but it had the wrong round loaded
11:51:56 BattlEye Server: (Global) Red: i thought i had AP turns out it was HE
11:54:25 BattlEye Server: (Group) Rou Kowalski: What is the abandoned base counter set to?
11:54:39 BattlEye Server: (Group) ANATOLI CHEJOV: what 
11:54:52 BattlEye Server: (Group) Rou Kowalski: the lock relock requirement
11:54:52 BattlEye Server: (Group) ANATOLI CHEJOV: what umean
11:55:02 BattlEye Server: (Group) ANATOLI CHEJOV: forcrates
11:55:11 BattlEye Server: (Group) Rou Kowalski: for all bits
11:55:13 BattlEye Server: (Group) ANATOLI CHEJOV: sothey dont banish 
11:55:23 BattlEye Server: (Group) Rou Kowalski: yes
11:55:39 BattlEye Server: (Group) Rou Kowalski: most have 2 week relock requirement
11:55:48 BattlEye Server: (Group) ANATOLI CHEJOV: yes
11:56:34 BattlEye Server: (Group) Rou Kowalski: does the relock at the base box work?
11:56:55 BattlEye Server: (Group) ANATOLI CHEJOV: yes
11:57:20 BattlEye Server: (Group) Rou Kowalski: good enough, Does it only relock objects owned by your ip?
11:57:59 BattlEye Server: (Group) ANATOLI CHEJOV: myuid relocg everything soi the owner of thebvase 
11:58:06 BattlEye Server: (Group) ANATOLI CHEJOV: sojust reconize me
11:59:12 BattlEye Server: (Group) ANATOLI CHEJOV: so irelog that every 5 days sono one lose anythinmg 
11:59:35 BattlEye Server: (Group) Rou Kowalski: you log more than that lol
12:01:14 BattlEye Server: (Group) Rou Kowalski: what are pilot role perks, just the rep kit?
12:01:34 BattlEye Server: (Group) ANATOLI CHEJOV: what u mean
12:01:48 BattlEye Server: (Group) ANATOLI CHEJOV: what is that perks
12:02:09 BattlEye Server: (Group) Rou Kowalski: so medic role gets medkit, engineers repair.. what are pilot roles bo