 9:01:38 BattlEye Server: Initialized (v1.217)
 9:01:38 Host identity created.
 9:01:38 Game Port: 2307, Steam Query Port: 2308
 9:01:39 Mission A3Wasteland Altis v1.4c read from bank.
 9:01:40 Roles assigned.
 9:01:40 Reading mission ...
 9:02:11 Mission read.
 9:02:11 Game started.
10:32:48 High Alert Highlander  uses modified data file
10:32:48 BattlEye Server: Player #0 High Alert Highlander  (190.171.107.63:62725) connected
10:32:48 Player High Alert Highlander  connecting.
10:32:49 BattlEye Server: Connected to BE Master
10:32:53 BattlEye Server: Player #0 High Alert Highlander  - BE GUID: a01f35e030c4464ff5b5e9c18ddf0195
10:32:55 Player High Alert Highlander  connected (id=76561198065774594).
10:32:56 BattlEye Server: Verified GUID (a01f35e030c4464ff5b5e9c18ddf0195) of player #0 High Alert Highlander 
10:46:10 Admin logged in, player: High Alert Highlander , playerUID: 76561198065774594, IP: 192.168.0.10:2309.
10:51:42 Thomas Barnhart uses modified data file
10:51:42 BattlEye Server: Player #1 Thomas Barnhart (198.57.5.180:2304) connected
10:51:42 Player Thomas Barnhart connecting.
10:51:44 BattlEye Server: Player #1 Thomas Barnhart - BE GUID: b598735404dfa51de64fd246ca498ed7
10:51:44 Player Thomas Barnhart connected (id=76561198156784358).
10:51:44 BattlEye Server: Verified GUID (b598735404dfa51de64fd246ca498ed7) of player #1 Thomas Barnhart
10:55:11 BattlEye Server: (Global) Thomas Barnhart: what's up?
10:55:28 BattlEye Server: (Global) High Alert Highlander : hi thomas 
10:55:34 BattlEye Server: (Global) High Alert Highlander : all good 
10:55:42 BattlEye Server: (Global) High Alert Highlander : allots of changes in the server 
10:56:21 BattlEye Server: (Global) Thomas Barnhart: Like what
10:56:30 BattlEye Server: (Global) High Alert Highlander : new clases 
10:56:41 Player Thomas Barnhart disconnected.
10:56:41 BattlEye Server: Player #1 Thomas Barnhart disconnected
10:56:46 BattlEye Server: (Global) High Alert Highlander : clasesnow respawn full gear up 
10:56:53 Thomas Barnhart uses modified data file
10:56:53 BattlEye Server: Player #1 Thomas Barnhart (198.57.5.180:2304) connected
10:56:53 Player Thomas Barnhart connecting.
10:56:55 BattlEye Server: Player #1 Thomas Barnhart - BE GUID: b598735404dfa51de64fd246ca498ed7
10:56:55 Player Thomas Barnhart connected (id=76561198156784358).
10:56:55 BattlEye Server: Verified GUID (b598735404dfa51de64fd246ca498ed7) of player #1 Thomas Barnhart
10:57:30 BattlEye Server: (Global) Thomas Barnhart: I crashed wth
10:58:10 BattlEye Server: (Global) High Alert Highlander : -New clases also now depend onyour class u respawn fukll gear up 
10:58:20 BattlEye Server: (Global) High Alert Highlander : adecuate to your class 
10:58:36 BattlEye Server: (Global) High Alert Highlander : we will be addidng 3 new clases this week 
10:58:48 BattlEye Server: (Global) High Alert Highlander : LMG. GRANADIER AND MARKMEN 
10:58:57 BattlEye Server: (Global) High Alert Highlander : NEW VEHICULS 
10:59:03 BattlEye Server: (Global) High Alert Highlander : NEW WEPONS 
10:59:07 BattlEye Server: (Global) High Alert Highlander : new gear 
10:59:16 BattlEye Server: (Global) High Alert Highlander : allots of changes 
10:59:35 BattlEye Server: (Global) Thomas Barnhart: I wish there were more people on here
10:59:43 BattlEye Server: (Global) High Alert Highlander : AI  is more dificult and tacticul 
11:00:10 BattlEye Server: (Global) High Alert Highlander : we have place an addone that makes AI behaif like real people would 
11:00:39 BattlEye Server: (Global) High Alert Highlander : all crates are now RHS CARTES 
11:00:42 BattlEye Server: (Global) Thomas Barnhart: so I don't have a chance rn because I'm alone in the world
11:00:53 BattlEye Server: (Global) Thomas Barnhart: rip
11:01:03 BattlEye Server: (Global) High Alert Highlander : you do have a chance but is dificult 
11:01:04 Player Thomas Barnhart disconnected.
11:01:04 BattlEye Server: Player #1 Thomas Barnhart disconnected
12:00:26 DiArcangelo's uses modified data file
12:00:26 BattlEye Server: Player #1 DiArcangelo's (76.99.77.103:2304) connected
12:00:26 Player DiArcangelo's connecting.
12:00:35 BattlEye Server: Player #1 DiArcangelo's - BE GUID: 182257c9b5ec5cf0265d4c888f926ddb
12:00:35 Player DiArcangelo's connected (id=76561198111852336).
12:00:35 BattlEye Server: Verified GUID (182257c9b5ec5cf0265d4c888f926ddb) of player #1 DiArcangelo's
12:01:26 Player DiArcangelo's disconnected.
12:01:26 BattlEye Server: Player #1 DiArcangelo's disconnected
12:43:18 Player High Alert Highlander  disconnected.
12:43:18 BattlEye Server: Player #0 High Alert Highlander  disconnected
12:43:18 Admin logged out, player: High Alert Highlander , playerUID: 76561198065774594, IP: 192.168.0.10:2309.
13:59:45 Mason uses modified data file
13:59:45 BattlEye Server: Player #0 Mason (71.81.137.47:2309) connected
13:59:45 Player Mason connecting.
13:59:47 BattlEye Server: Player #0 Mason - BE GUID: 955d09b6e1dde9360ceebc2963df084d
13:59:47 Player Mason connected (id=76561198026943270).
13:59:47 BattlEye Server: Verified GUID (955d09b6e1dde9360ceebc2963df084d) of player #0 Mason
14:11:01 High Alert Highlander  uses modified data file
14:11:01 BattlEye Server: Player #1 High Alert Highlander  (190.171.107.63:62725) connected
14:11:01 Player High Alert Highlander  connecting.
14:11:05 BattlEye Server: Player #1 High Alert Highlander  - BE GUID: a01f35e030c4464ff5b5e9c18ddf0195
14:11:08 Player High Alert Highlander  connected (id=76561198065774594).
14:11:08 BattlEye Server: Verified GUID (a01f35e030c4464ff5b5e9c18ddf0195) of player #1 High Alert Highlander 
14:13:18 BattlEye Server: (Side) High Alert Highlander : hi bro
14:13:43 Admin logged in, player: High Alert Highlander , playerUID: 76561198065774594, IP: 192.168.0.10:2309.
14:14:26 BattlEye Server: (Side) Mason: hey H how goes it
14:14:35 BattlEye Server: (Side) High Alert Highlander : allgood
14:15:09 BattlEye Server: (Side) Mason: that caman is stuck inside the road, what can i lift it or tow it with
14:15:33 BattlEye Server: (Side) Mason: its buried in ashpalt up to it fenders
14:15:42 BattlEye Server: (Side) High Alert Highlander : wait what
14:15:52 BattlEye Server: (Side) Mason: yeah like stuck IN the ground
14:16:09 BattlEye Server: (Side) High Alert Highlander : where
14:16:14 BattlEye Server: (Side) Mason: mark on map
14:16:26 BattlEye Server: (Side) Mason: west of main airfield
14:18:11 BattlEye Server: (Side) High Alert Highlander : sorry brois glich ihave todelete that 
14:20:10 BattlEye Server: (Side) High Alert Highlander : it happens 
14:20:25 BattlEye Server: (Side) High Alert Highlander : is a glich in the RHS addons 
14:20:39 BattlEye Server: (Side) High Alert Highlander : what 
14:20:56 BattlEye Server: (Side) High Alert Highlander : sure comehere
14:21:39 BattlEye Server: (Side) High Alert Highlander : exactly
14:22:11 BattlEye Server: (Group) Mason: bad day at work?
14:22:18 BattlEye Server: (Side) High Alert Highlander : yea
14:22:40 BattlEye Server: (Side) High Alert Highlander : iknow
14:24:08 BattlEye Server: (Group) High Alert Highlander : all yours 
14:25:46 BattlEye Server: (Group) High Alert Highlander : iknow the feling 
14:25:52 BattlEye Server: (Group) High Alert Highlander : u choose
14:26:31 BattlEye Server: (Group) High Alert Highlander : just dont tell anyone about the spawining vehiculs
14:26:33 BattlEye Server: (Group) High Alert Highlander : pls
14:26:37 BattlEye Server: (Group) High Alert Highlander : ok lets go 
14:26:51 BattlEye Server: (Group) High Alert Highlander : iknow
14:27:16 BattlEye Server: (Group) High Alert Highlander : thks u 
14:27:50 BattlEye Server: (Group) High Alert Highlander : yea
14:27:54 BattlEye Server: (Group) High Alert Highlander : what he said 
14:28:12 BattlEye Server: (Group) High Alert Highlander : shit about me i guess
14:28:41 BattlEye Server: (Group) High Alert Highlander : yes
14:29:08 BattlEye Server: (Group) High Alert Highlander : lol
14:29:30 BattlEye Server: (Group) High Alert Highlander : first i dont use that in pvp battle
14:29:53 BattlEye Server: (Group) High Alert Highlander : he just dont stand that imbetter than him
14:30:03 BattlEye Server: 