15:01:31 BattlEye Server: Initialized (v1.217)
15:01:31 Host identity created.
15:01:31 Game Port: 2307, Steam Query Port: 2308
15:01:31 Mission A3Wasteland Altis v1.4c read from bank.
15:01:33 Roles assigned.
15:01:33 Reading mission ...
15:02:04 Mission read.
15:02:04 Game started.
15:04:27 ANATOLI CHEJOV uses modified data file
15:04:27 BattlEye Server: Player #0 ANATOLI CHEJOV (190.171.107.50:62725) connected
15:04:27 Player ANATOLI CHEJOV connecting.
15:04:28 BattlEye Server: Connected to BE Master
15:04:30 BattlEye Server: Player #0 ANATOLI CHEJOV - BE GUID: a01f35e030c4464ff5b5e9c18ddf0195
15:04:30 Player ANATOLI CHEJOV connected (id=76561198065774594).
15:04:30 BattlEye Server: Verified GUID (a01f35e030c4464ff5b5e9c18ddf0195) of player #0 ANATOLI CHEJOV
16:19:38 Player ANATOLI CHEJOV disconnected.
16:19:38 BattlEye Server: Player #0 ANATOLI CHEJOV disconnected
16:35:33 Cdt. Chief uses modified data file
16:35:33 BattlEye Server: Player #0 Cdt. Chief (68.230.78.151:2309) connected
16:35:33 Player Cdt. Chief connecting.
16:35:36 BattlEye Server: Player #0 Cdt. Chief - BE GUID: af11a3a01662bb40284c76228333ac1f
16:35:39 Player Cdt. Chief connected (id=76561198311827157).
16:35:39 BattlEye Server: Verified GUID (af11a3a01662bb40284c76228333ac1f) of player #0 Cdt. Chief
16:42:22 Player Cdt. Chief disconnected.
16:42:22 BattlEye Server: Player #0 Cdt. Chief disconnected
16:44:40 [Pack] D3ADGAMERS uses modified data file
16:44:40 BattlEye Server: Player #0 [Pack] D3ADGAMERS (23.120.188.93:2309) connected
16:44:40 Player [Pack] D3ADGAMERS connecting.
16:44:42 BattlEye Server: Player #0 [Pack] D3ADGAMERS - BE GUID: 687e7aa7ea96273e05903929d3959c7b
16:44:45 Player [Pack] D3ADGAMERS connected (id=76561198157944791).
16:44:45 BattlEye Server: Verified GUID (687e7aa7ea96273e05903929d3959c7b) of player #0 [Pack] D3ADGAMERS
16:57:15 RCT.MASSEY.T uses modified data file
16:57:15 BattlEye Server: Player #1 RCT.MASSEY.T (173.188.151.26:2309) connected
16:57:15 Player RCT.MASSEY.T connecting.
16:57:17 BattlEye Server: Player #1 RCT.MASSEY.T - BE GUID: c32ead9d50d7c8b043291951e92544ad
16:57:17 Player RCT.MASSEY.T connected (id=76561198036148836).
16:57:17 BattlEye Server: Verified GUID (c32ead9d50d7c8b043291951e92544ad) of player #1 RCT.MASSEY.T
16:59:28 ANATOLI CHEJOV uses modified data file
16:59:28 BattlEye Server: Player #2 ANATOLI CHEJOV (190.171.107.50:62725) connected
16:59:28 Player ANATOLI CHEJOV connecting.
16:59:33 BattlEye Server: Player #2 ANATOLI CHEJOV - BE GUID: a01f35e030c4464ff5b5e9c18ddf0195
16:59:33 Player ANATOLI CHEJOV connected (id=76561198065774594).
16:59:33 BattlEye Server: Verified GUID (a01f35e030c4464ff5b5e9c18ddf0195) of player #2 ANATOLI CHEJOV
17:01:23 Player ANATOLI CHEJOV: Signature check timed out
17:01:24 Player ANATOLI CHEJOV disconnected.
17:01:24 BattlEye Server: Player #2 ANATOLI CHEJOV disconnected
17:04:53 ANATOLI CHEJOV uses modified data file
17:04:53 BattlEye Server: Player #2 ANATOLI CHEJOV (190.171.107.50:62725) connected
17:04:53 Player ANATOLI CHEJOV connecting.
17:04:58 BattlEye Server: Player #2 ANATOLI CHEJOV - BE GUID: a01f35e030c4464ff5b5e9c18ddf0195
17:04:58 Player ANATOLI CHEJOV connected (id=76561198065774594).
17:04:58 BattlEye Server: Verified GUID (a01f35e030c4464ff5b5e9c18ddf0195) of player #2 ANATOLI CHEJOV
17:08:30 Player RCT.MASSEY.T disconnected.
17:08:30 BattlEye Server: Player #1 RCT.MASSEY.T disconnected
17:11:27 Player [Pack] D3ADGAMERS disconnected.
17:11:27 BattlEye Server: Player #0 [Pack] D3ADGAMERS disconnected
17:14:08 Peter Eisenseite uses modified data file
17:14:08 BattlEye Server: Player #3 Peter Eisenseite (95.91.246.120:15733) connected
17:14:08 Player Peter Eisenseite connecting.
17:14:11 BattlEye Server: Player #3 Peter Eisenseite - BE GUID: e816e328e69dbfef2618f96f82cc9aed
17:14:12 Player Peter Eisenseite connected (id=76561198052521703).
17:14:12 BattlEye Server: Verified GUID (e816e328e69dbfef2618f96f82cc9aed) of player #3 Peter Eisenseite
17:16:31 Sofronie Eisenseite uses modified data file
17:16:31 BattlEye Server: Player #4 Sofronie Eisenseite