 9:01:41 BattlEye Server: Initialized (v1.217)
 9:01:41 Host identity created.
 9:01:41 Game Port: 2307, Steam Query Port: 2308
 9:01:41 Mission A3Wasteland Altis v1.4c read from bank.
 9:01:42 Roles assigned.
 9:01:42 Reading mission ...
 9:02:13 Mission read.
 9:02:14 Game started.
 9:53:32 Varluk uses modified data file
 9:53:32 BattlEye Server: Player #0 Varluk (188.170.75.38:59081) connected
 9:53:32 Player Varluk connecting.
 9:53:32 BattlEye Server: Connected to BE Master
 9:53:36 BattlEye Server: Player #0 Varluk - BE GUID: 40a5c124c81a14d4235b4453eb839ddf
 9:53:37 Player Varluk connected (id=76561198022459854).
 9:53:37 BattlEye Server: Verified GUID (40a5c124c81a14d4235b4453eb839ddf) of player #0 Varluk
11:22:17 [Pack] D3ADGAMERS uses modified data file
11:22:17 BattlEye Server: Player #1 [Pack] D3ADGAMERS (23.120.188.93:2309) connected
11:22:17 Player [Pack] D3ADGAMERS connecting.
11:26:35 JSamu uses modified data file
11:26:35 BattlEye Server: Player #2 JSamu (74.109.109.163:2304) connected
11:26:35 Player JSamu connecting.
11:26:37 BattlEye Server: Player #2 JSamu - BE GUID: f80cc29f01c0a2d8897184adfd76d013
11:26:38 Player JSamu connected (id=76561197969352725).
11:26:38 BattlEye Server: Verified GUID (f80cc29f01c0a2d8897184adfd76d013) of player #2 JSamu
11:26:38 Player JSamu disconnected.
11:26:38 BattlEye Server: Player #2 JSamu disconnected
11:31:04 Player [Pack] D3ADGAMERS disconnected.
11:31:04 BattlEye Server: Player #1 [Pack] D3ADGAMERS disconnected
11:52:04 squez uses modified data file
11:52:04 BattlEye Server: Player #1 squez (24.251.57.7:2309) connected
11:52:04 Player squez connecting.
11:52:07 BattlEye Server: Player #1 squez - BE GUID: a24a0b391783dc875454c8d084b142e7
11:52:07 Player squez connected (id=76561198115644710).
11:52:07 BattlEye Server: Verified GUID (a24a0b391783dc875454c8d084b142e7) of player #1 squez
11:55:01 Rou Kowalski uses modified data file
11:55:01 BattlEye Server: Player #2 Rou Kowalski (73.147.1.91:2309) connected
11:55:01 Player Rou Kowalski connecting.
11:55:04 BattlEye Server: Player #2 Rou Kowalski - BE GUID: 58cae163ea9d3a0ff8adde240b436737
11:55:19 Player Rou Kowalski connected (id=76561198034110598).
11:55:19 BattlEye Server: Verified GUID (58cae163ea9d3a0ff8adde240b436737) of player #2 Rou Kowalski
12:06:33 Riley uses modified data file
12:06:33 BattlEye Server: Player #3 Riley (207.118.237.224:2304) connected
12:06:33 Player Riley connecting.
12:06:36 BattlEye Server: Player #3 Riley - BE GUID: aa58e4ce3a71d8ffe623a815e6c5d7b4
12:06:37 Player Riley connected (id=76561198132979792).
12:06:37 BattlEye Server: Verified GUID (aa58e4ce3a71d8ffe623a815e6c5d7b4) of player #3 Riley
12:10:42 Player Riley disconnected.
12:10:42 BattlEye Server: Player #3 Riley disconnected
12:29:13 High Alert Highlander  uses modified data file
12:29:13 BattlEye Server: Player #3 High Alert Highlander  (190.171.107.50:62725) connected
12:29:13 Player High Alert Highlander  connecting.
12:29:17 BattlEye Server: Player #3 High Alert Highlander  - BE GUID: a01f35e030c4464ff5b5e9c18ddf0195
12:29:37 Player High Alert Highlander  connected (id=76561198065774594).
12:29:37 BattlEye Server: Verified GUID (a01f35e030c4464ff5b5e9c18ddf0195) of player #3 High Alert Highlander 
12:32:29 BattlEye Server: (Group) High Alert Highlander : talk i can gear youin discrod
12:32:50 BattlEye Server: (Group) High Alert Highlander : ihear youdobleimin discord
12:33:46 BattlEye Server: (Group) Rou Kowalski: test
12:34:08 Player Rou Kowalski disconnected.
12:34:08 BattlEye Server: Player #2 Rou Kowalski disconnected
12:36:26 Rou Kowalski uses modified data file
12:36:26 BattlEye Server: Player #4 Rou Kowalski (73.147.1.91:2309) connected
12:36:26 Player Rou Kowalski connecting.
12:36:29 BattlEye Server: Player #4 Rou Kowalski - BE GUID: 58cae163ea9d3a0ff8adde240b436737
12:36:50 Player Rou Kowalski connected (id=76561198034110598).
12:36:50 BattlEye Server: Verified GUID (58cae163ea9d3a0ff8adde240b436737) of player #4 Rou Kowalski
12:41:12 Mr. Wayne uses modified data file
12:41:12 BattlEye Server: Player #5 Mr. Wayne (69.107.83.219:2304) connected
12:41:12 Player Mr. Wayne connecting.
12:41:14 BattlEye Server: Player #5 Mr. Wayne - BE GUID: 9024798267c2eca795435a6196fada1a
12:41:14 Player Mr. Wayne connected (id=76561198066723546).
12:41:15 BattlEye Server: Verified GUID (9024798267c2eca795435a6196fada1a) of player #5 Mr. Wayne
12:41:21 Player Mr. Wayne disconnected.
12:41:21 BattlEye Server: Player #5 Mr. Wayne disconnected
12:42:32 BattlEye Server: (Global) squez: AAAHHH THATS FOR YESTERDAY
12:43:19 BattlEye Server: (Group) High Alert Highlander : yes
12:43:43 BattlEye Server: (Group) High Alert Highlander : no
12:45:04 BattlEye Server: (Group) High Alert Highlander : saltflats
12:47:07 BattlEye Server: (Group) High Alert Highlander : that is not mainbattle tank that is sqezanoither player
12:47:21 BattlEye Server: (Group) High Alert Highlander : the para is varluk
12:55:39 [Pack] D3ADGAMERS uses modified data file
12:55:39 BattlEye Server: Player #5 [Pack] D3ADGAMERS (23.120.188.93:2309) connected
12:55:39 Player [Pack] D3ADGAMERS connecting.
12:55:42 BattlEye Server: Player #5 [Pack] D3ADGAMERS - BE GUID: 687e7aa7ea96273e05903929d3959c7b
12:56:08 Player [Pack] D3ADGAMERS connected (id=76561198157944791).
12:56:08 BattlEye Server: Verified GUID (687e7aa7ea96273e05903929d3959c7b) of player #5 [Pack] D3ADGAMERS
12:59:23 BattlEye Server: (Group) High Alert Highlander : stay withhim
13:05:45 BattlEye Server: (Group) High Alert Highlander : where
13:06:04 Cbhoffmaster uses modified data file
13:06:04 BattlEye Server: Player #6 Cbhoffmaster (65.27.129.176:2309) connected
13:06:04 Player Cbhoffmaster connecting.
13:06:07 BattlEye Server: Player #6 Cbhoffmaster - BE GUID: e2a4c924629e7e1daf0d1e13d4310a94
13:06:08 Player Cbhoffmaster connected (id=76561198035593587).
13:06:08 BattlEye Server: Verified GUID (e2a4c924629e7e1daf0d1e13d4310a94) of player #6 Cbhoffmaster
13:06:26 BattlEye Server: (Group) High Alert Highlander : mark
13:11:54 BattlEye Server: (Group) High Alert Highlander : where
13:12:36 BattlEye Server: (Group) High Alert Highlander : eraseoldmarks
13:14:00 BattlEye Server: (Group) High Alert Highlander : his dead
13:14:06 BattlEye Server: (Group) High Alert Highlander : someonekillhim
13:17:05 BattlEye Server: (Group) High Alert Highlander : no
13:17:31 BattlEye Server: (Group) High Alert Highlander : im in red mark
13:19:34 BattlEye Server: (Group) High Alert Highlander : ishe moving
13:19:49 BattlEye Server: (Group) High Alert Highlander : did he pickupthemoney
13:24:01 Mason uses modified data file
13:24:01 BattlEye Server: Player #7 Mason (71.81.137.47:2309) connected
13:24:01 Player Mason connecting.
13:24:04 BattlEye Server: Player #7 Mason - BE GUID: 955d09b6e1dde9360ceebc2963df084d
13:24:04 Player Mason connected (id=76561198026943270).
13:24:04 BattlEye Server: Verified GUID (955d09b6e1dde9360ceebc2963df084d) of player #7 Mason
13:26:07 Player Cbhoffmaster disconnected.
13:26:07 BattlEye Server: Player #6 Cbhoffmaster disconnected
13:27:17 Player Mason disconnected.
13:27:17 BattlEye Server: Player #7 Mason disconnected
13:27:36 BattlEye Server: (Group) High Alert Highlander : redmark aremyposition
13:30:22 Player [Pack] D3ADGAMERS disconnected.
13:30:22 BattlEye Server: Player #5 [Pack] D3ADGAMERS disconnected
13:30:37 BattlEye Server: (Group) High Alert Highlander : ishe there still
13:32:48 Mason uses modified data file
13:32:48 BattlEye Server: Player #5 Mason (71.81.137.47:2309) connected
13:32:49 Player Mason connecting.
13:32:51 BattlEye Server: Player #5 Mason - BE GUID: 955d09b6e1dde9360ceebc2963df084d
13:32:51 Player Mason connected (id=76561198026943270).
13:32:51 BattlEye Server: Verified GUID (955d09b6e1dde9360ceebc2963df084d) of player #5 Mason
13:33:27 BattlEye Server: (Group) High Alert Highlander : whereisis
13:34:14 BattlEye Server: (Group) High Alert Highlander : by me
13:35:40 BattlEye Server: (Side) Mason: invite pls
13:39:49 BattlEye Server: (Group) High Alert Highlander : wach thebody
13:44:44 BattlEye Server: (Side) Varluk: еба админ :(((
13:46:43 BattlEye Server: (Group) High Alert Highlander : where is themoney
13:47:05 BattlEye Server: (Group) High Alert Highlander : green orblue
13:48:09 BattlEye Server: (Side) Varluk: ТЫ ЧЕ СУКА ДРОЧЕШЬ МЕНЯ ГОНДОН!!!!!,,,,,
13:48:11 BattlEye Server: (Group) High Alert Highlander : THEREISNOMONMEYHERE
13:49:41 BattlEye Server: (Group) High Alert Highlander : THEREis nomeny there
13:50:14 BattlEye Server: (Group) High Alert Highlander : jim
13:50:40 BattlEye Server: (Group) High Alert Highlander : thereisnomoneythereplssearch
13:50:47 BattlEye Server: (Group) High Alert Highlander : the heli destroy 
13:51:11 BattlEye Server: (Group) High Alert Highlander : jim pls search the helidestroiy 
13:51:21 BattlEye Server: (Group) High Alert Highlander : mason tellhimpls
13:51:32 BattlEye Server: (Group) High Alert Highlander : he is on VS 
13:51:36 BattlEye Server: (Group) High Alert Highlander : INSIDE
13:54:14 BattlEye Server: (Group) High Alert Highlander : meredmarks
13:54:22 BattlEye Server: (Group) High Alert Highlander : im  the redmarks
13:54:55 BattlEye Server: (Side) Varluk: GAY !!!!!!
13:55:08 BattlEye Server: (Side) squez: hahah
13:56:22 BattlEye Server: (Group) High Alert Highlander : me
13:56:25 BattlEye Server: (Group) High Alert Highlander : thast me
13:57:13 BattlEye Server: (Group) High Alert Highlander : thereisnomoneyn
13:57:44 BattlEye Server: (Side) Varluk: miki maus!
13:58:18 BattlEye Server: (Group) High Alert Highlander : stay+
13:58:35 BattlEye Server: (Group) High Alert Highlander : wait
13:58:57 BattlEye Server: (Group) High Alert Highlander : heischeating 
13:59:37 BattlEye Server: (Side) Varluk: IDITE VSE NA HUI  GANDONY!!!! chiters
14:00:34 Player Varluk disconnected.
14:00:34 BattlEye Server: Player #0 Varluk disconnected
14:00:55 BattlEye Server: (Group) High Alert Highlander : where is themoney
14:00:58 BattlEye Server: (Group) High Alert Highlander : search
14:01:02 BattlEye Server: (Group) High Alert Highlander : mason
14:01:12 BattlEye Server: (Group) High Alert Highlander : masoncome
14:01:39 BattlEye Server: (Group) High Alert Highlander : yes
14:01:53 Elgringo_73 uses modified data file
14:01:53 BattlEye Server: Player #6 Elgringo_73 (77.150.217.80:2304) connected
14:01:53 Player Elgringo_73 connecting.
14:01:55 BattlEye Server: Player #6 Elgringo_73 - BE GUID: cf3df6b684f9201b02d8fee27ad4c3ff
14:02:04 Player Elgringo_73 connected (id=76561198070393410).
14:02:04 BattlEye Server: Verified GUID (cf3df6b684f9201b02d8fee27ad4c3ff) of player #6 Elgringo_73
14:02:11 BattlEye Server: (Group) High Alert Highlander : me
14:02:30 BattlEye Server: (Group) High Alert Highlander : thatme
14:03:49 BattlEye Server: (Group) High Alert Highlander : jimthat me
14:04:41 BattlEye Server: (Group) High Alert Highlander : sofar  onlydrugs nomoney
14:04:56 BattlEye Server: (Group) High Alert Highlander : no
14:05:05 BattlEye Server: (Group) High Alert Highlander : noatmclose
14:05:21 BattlEye Server: (Group) High Alert Highlander : no
14:05:27 BattlEye Server: (Group) High Alert Highlander : hedietomany 
14:05:37 BattlEye Server: (Group) High Alert Highlander : ididno giuvehimthe chance
14:06:08 BattlEye Server: (Group) High Alert Highlander : yessearcotherbodys
14:09:02 Kyle uses modified data file
14:09:02 BattlEye Server: Player #7 Kyle (71.115.221.205:2304) connected
14:09:03 Player Kyle connecting.
14:09:04 BattlEye Server: Player #7 Kyle - BE GUID: 419f9ec8ec6758565af931bfe697231d
14:09:05 Player Kyle connected (id=76561198119693306).
14:09:05 BattlEye Server: Verified GUID (419f9ec8ec6758565af931bfe697231d) of player #7 Kyle
14:09:09 BattlEye Server: (Group) High Alert Highlander : helicoming 
14:09:22 Player Kyle disconnected.
14:09:22 BattlEye Server: Player #7 Kyle disconnected
14:11:10 Player squez disconnected.
14:11:10 BattlEye Server: Player #1 squez disconnected
14:11:39 BattlEye Server: (Group) High Alert Highlander : pitty that money was liki3millions 
14:12:18 BattlEye Server: (Group) High Alert Highlander : i did not give himthe chance
14:12:26 BattlEye Server: (Group) High Alert Highlander : andidid checkhisaccount 
14:12:31 BattlEye Server: (Group) High Alert Highlander : he didnot haveit
14:13:18 BattlEye Server: (Group) High Alert Highlander : yes
14:13:36 BattlEye Server: (Group) High Alert Highlander : okmason  clickthe U key 
14:13:51 BattlEye Server: (Group) High Alert Highlander : should come awindow
14:14:05 BattlEye Server: (Group) High Alert Highlander : what it say mediemrolow
14:14:30 BattlEye Server: (Group) High Alert Highlander : clickesc
14:14:36 BattlEye Server: (Group) High Alert Highlander : clickagai u
14:14:43 BattlEye Server: (Group) High Alert Highlander : U
14:14:54 BattlEye Server: (Group) High Alert Highlander : leftsite 
14:15:05 BattlEye Server: (Group) High Alert Highlander : welcome 
14:15:20 BattlEye Server: (Group) High Alert Highlander : right side 
14:15:24 BattlEye Server: (Group) High Alert Highlander : smallscure 
14:15:35 BattlEye Server: (Group) High Alert Highlander : stoplooking themenu 
14:15:45 BattlEye Server: (Group) High Alert Highlander : right siteof themenu
14:15:50 BattlEye Server: (Group) High Alert Highlander : says welcome
14:15:56 BattlEye Server: (Group) High Alert Highlander : sayslow admin
14:16:00 BattlEye Server: (Group) High Alert Highlander : ormedium
14:16:12 BattlEye Server: (Group) High Alert Highlander : what options
14:16:18 BattlEye Server: (Group) High Alert Highlander : u have 
14:16:40 BattlEye Server: (Group) High Alert Highlander : oku have low rights sameasme
14:16:45 BattlEye Server: (Group) High Alert Highlander : no worries
14:16:49 BattlEye Server: (Group) High Alert Highlander : clickesc
14:16:53 BattlEye Server: (Group) High Alert Highlander : colse that 
14:17:18 BattlEye Server: (Group) High Alert Highlander : i will teach u later how touse them budy 
14:17:38 BattlEye Server: (Group) High Alert Highlander : lol
14:17:42 BattlEye Server: (Group) High Alert Highlander : comeone dude
14:18:40 BattlEye Server: (Group) High Alert Highlander : wait
14:19:27 BattlEye Server: (Group) High Alert Highlander : he die 4times byme
14:19:37 BattlEye Server: (Group) High Alert Highlander : 1 by  mason
14:20:04 BattlEye Server: (Group) High Alert Highlander : yea iknowikill him7times yesterday right rou
14:20:38 BattlEye Server: (Group) High Alert Highlander : where r we going 
14:21:22 BattlEye Server: (Group) High Alert Highlander : dudethat gfuy have 3millionsionhes account 
14:21:33 BattlEye Server: (Group) High Alert Highlander : withnomissions
14:21:47 BattlEye Server: (Group) High Alert Highlander : he isone of the radiders 
14:21:54 BattlEye Server: (Group) High Alert Highlander : he has nomisions at all 
14:22:01 BattlEye Server: (Group) High Alert Highlander : thisguy 
14:22:34 BattlEye Server: (Group) High Alert Highlander : whereishe
14:22:47 BattlEye Server: (Group) High Alert Highlander : whereishe 
14:22:58 BattlEye Server: (Group) High Alert Highlander : GUY CONCENTRATE 
14:23:05 BattlEye Server: (Group) High Alert Highlander : GUYS PLSCONCENTRATE 
14:23:12 BattlEye Server: (Group) High Alert Highlander : okpls searchhim
14:25:18 BattlEye Server: (Group) High Alert Highlander : dudewer asfar asfuck
14:25:32 BattlEye Server: (Group) High Alert Highlander : we r at 5k
14:25:55 BattlEye Server: (Group) High Alert Highlander : weh he is
14:26:10 BattlEye Server: (Group) High Alert Highlander : last  position 
14:26:14 BattlEye Server: (Group) High Alert Highlander : what wasit \
14:26:43 BattlEye Server: (Side) High Alert Highlander : wer r at 5 k fromthatmark
14:28:12 BattlEye Server: (Group) High Alert Highlander : he just die andcrash
14:28:18 BattlEye Server: (Group) High Alert Highlander : searchforfire
14:29:26 Player Elgringo_73 disconnected.
14:29:26 BattlEye Server: Player #6 Elgringo_73 disconnected
14:30:24 BattlEye Server: (Group) High Alert Highlander : imarkit in maop
14:30:43 BattlEye Server: (Group) High Alert Highlander : red x
14:31:41 BattlEye Server: (Group) High Alert Highlander : relax
14:31:47 BattlEye Server: (Group) High Alert Highlander : fly fast andlow
14:32:27 BattlEye Server: (Group) High Alert Highlander : JIM AWSO