 3:01:35 BattlEye Server: Initialized (v1.217)
 3:01:35 Host identity created.
 3:01:35 Game Port: 2307, Steam Query Port: 2308
 3:01:35 Mission A3Wasteland Altis v1.4c read from bank.
 3:01:36 Roles assigned.
 3:01:37 Reading mission ...
 3:02:08 Mission read.
 3:02:08 Isaac uses modified data file
 3:02:08 BattlEye Server: Player #0 Isaac (14.201.123.229:2309) connected
 3:02:08 Player Isaac connecting.
 3:02:08 Game started.
 3:02:09 BattlEye Server: Connected to BE Master
 3:02:13 BattlEye Server: Player #0 Isaac - BE GUID: 0eedee1f512207f60f338aa74f211d5f
 3:02:13 Player Isaac connected (id=76561198096351731).
 3:02:13 BattlEye Server: Verified GUID (0eedee1f512207f60f338aa74f211d5f) of player #0 Isaac
 3:03:02 Shudderfly uses modified data file
 3:03:02 BattlEye Server: Player #1 Shudderfly (162.200.20.108:2304) connected
 3:03:02 Player Shudderfly connecting.
 3:03:04 BattlEye Server: Player #1 Shudderfly - BE GUID: 697f1d9131c56f8ea012a4359839a8d5
 3:03:04 Player Shudderfly connected (id=76561197971063519).
 3:03:05 BattlEye Server: Verified GUID (697f1d9131c56f8ea012a4359839a8d5) of player #1 Shudderfly
 3:05:37 Player Isaac: Signature check timed out
 3:05:37 Player Isaac disconnected.
 3:05:37 BattlEye Server: Player #0 Isaac disconnected
 3:07:04 Isaac uses modified data file
 3:07:04 BattlEye Server: Player #2 Isaac (14.201.123.229:2309) connected
 3:07:04 Player Isaac connecting.
 3:07:07 BattlEye Server: Player #2 Isaac - BE GUID: 0eedee1f512207f60f338aa74f211d5f
 3:07:07 Player Isaac connected (id=76561198096351731).
 3:07:07 BattlEye Server: Verified GUID (0eedee1f512207f60f338aa74f211d5f) of player #2 Isaac
 3:11:12 Player Isaac: Signature check timed out
 3:11:12 Player Isaac disconnected.
 3:11:12 BattlEye Server: Player #2 Isaac disconnected
 3:17:57 Мотиус uses modified data file
 3:17:57 BattlEye Server: Player #2 Мотиус (217.107.124.126:26634) connected
 3:17:57 Player Мотиус connecting.
 3:18:04 BattlEye Server: Player #2 Мотиус - BE GUID: 2954e377faa5e32fd2e4b41a09df7684
 3:18:04 Player Мотиус connected (id=76561198170950578).
 3:18:04 BattlEye Server: Verified GUID (2954e377faa5e32fd2e4b41a09df7684) of player #2 Мотиус
 3:20:28 Akov uses modified data file
 3:20:28 BattlEye Server: Player #3 Akov (5.100.74.198:2304) connected
 3:20:28 Player Akov connecting.
 3:20:32 BattlEye Server: Player #3 Akov - BE GUID: 99cc84a8ff4b4f16ac89e1fb8cbe0431
 3:20:33 Player Akov connected (id=76561198097571481).
 3:20:33 BattlEye Server: Verified GUID (99cc84a8ff4b4f16ac89e1fb8cbe0431) of player #3 Akov
 3:20:58 Isaac uses modified data file
 3:20:58 BattlEye Server: Player #4 Isaac (14.201.123.229:2309) connected
 3:20:58 Player Isaac connecting.
 3:21:00 BattlEye Server: Player #4 Isaac - BE GUID: 0eedee1f512207f60f338aa74f211d5f
 3:21:01 Player Isaac connected (id=76561198096351731).
 3:21:01 BattlEye Server: Verified GUID (0eedee1f512207f60f338aa74f211d5f) of player #4 Isaac
 3:23:50 Player Isaac: Signature check timed out
 3:23:50 Player Isaac disconnected.
 3:23:50 BattlEye Server: Player #4 Isaac disconnected
 3:25:23 Isaac uses modified data file
 3:25:23 BattlEye Server: Player #4 Isaac (14.201.123.229:2309) connected
 3:25:23 Player Isaac connecting.
 3:25:27 BattlEye Server: Player #4 Isaac - BE GUID: 0eedee1f512207f60f338aa74f211d5f
 3:25:27 Player Isaac connected (id=76561198096351731).
 3:25:27 BattlEye Server: Verified GUID (0eedee1f512207f60f338aa74f211d5f) of player #4 Isaac
 3:25:31 Арвел uses modified data file
 3:25:31 BattlEye Server: Player #5 Арвел (31.130.95.149:2304) connected
 3:25:31 Player Арвел connecting.
 3:25:34 BattlEye Server: Player #5 Арвел - BE GUID: a2c514f01869a830d8e9ea90685b0f22
 3:25:34 Player Арвел connected (id=76561198305541717).
 3:25:34 BattlEye Server: Verified GUID (a2c514f01869a830d8e9ea90685b0f22) of player #5 Арвел
 3:28:25 Player Isaac: Signature check timed out
 3:28:25 Player Isaac disconnected.
 3:28:25 BattlEye Server: Player #4 Isaac disconnected
 3:30:05 Isaac uses modified data file
 3:30:05 BattlEye Server: Player #6 Isaac (14.201.123.229:2309) connected
 3:30:05 Player Isaac connecting.
 3:30:08 BattlEye Server: Player #6 Isaac - BE GUID: 0eedee1f512207f60f338aa74f211d5f
 3:30:08 Player Isaac connected (id=76561198096351731).
 3:30:08 BattlEye Server: Verified GUID (0eedee1f512207f60f338aa74f211d5f) of player #6 Isaac
 3:33:08 Player Isaac: Signature check timed out
 3:33:09 Player Isaac disconnected.
 3:33:09 BattlEye Server: Player #6 Isaac disconnected
 3:35:50 Varluk uses modified data file
 3:35:50 BattlEye Server: Player #6 Varluk (188.170.75.26:17230) connected
 3:35:50 Player Varluk connecting.
 3:35:53 BattlEye Server: Player #6 Varluk - BE GUID: 40a5c124c81a14d4235b4453eb839ddf
 3:35:54 Player Varluk connected (id=76561198022459854).
 3:35:54 BattlEye Server: Verified GUID (40a5c124c81a14d4235b4453eb839ddf) of player #6 Varluk
 4:02:32 Player Akov disconnected.
 4:02:32 BattlEye Server: Player #3 Akov disconnected
 4:03:42 Player Арвел disconnected.
 4:03:42 BattlEye Server: Player #5 Арвел disconnected
 4:04:41 Player Мотиус disconnected.
 4:04:41 BattlEye Server: Player #2 Мотиус disconnected
 4:07:53 ANATOLI CHEJOV uses modified data file
 4:07:53 BattlEye Server: Player #7 ANATOLI CHEJOV (190.171.107.50:62725) connected
 4:07:53 Player ANATOLI CHEJOV connecting.
 4:07:57 BattlEye Server: Player #7 ANATOLI CHEJOV - BE GUID: a01f35e030c4464ff5b5e9c18ddf0195
 4:07:58 Player ANATOLI CHEJOV connected (id=76561198065774594).
 4:07:58 BattlEye Server: Verified GUID (a01f35e030c4464ff5b5e9c18ddf0195) of player #7 ANATOLI CHEJOV
 4:14:30 Player Shudderfly kicked off by BattlEye: Client not responding
 4:14:31 Player Shudderfly disconnected.
 4:18:18 Shudderfly uses modified data file
 4:18:18 BattlEye Server: Player #8 Shudderfly (162.200.20.108:2304) connected
 4:18:19 Player Shudderfly connecting.
 4:18:21 BattlEye Server: Player #8 Shudderfly - BE GUID: 697f1d9131c56f8ea012a4359839a8d5
 4:18:21 Player Shudderfly connected (id=76561197971063519).
 4:18:21 BattlEye Server: Verified GUID (697f1d9131c56f8ea012a4359839a8d5) of player #8 Shudderfly
 4:34:33 Player Shudderfly is losing connection
 4:35:12 Player Shudderfly kicked off by BattlEye: Client not responding
 4:35:12 Player Shudderfly disconnected.
 4:36:06 Shudderfly uses modified data file
 4:36:06 BattlEye Server: Player #8 Shudderfly (162.200.20.108:2304) connected
 4:36:06 Player Shudderfly connecting.
 4:36:08 BattlEye Server: Player #8 Shudderfly - BE GUID: 697f1d9131c56f8ea012a4359839a8d5
 4:36:08 Player Shudderfly connected (id=76561197971063519).
 4:36:08 BattlEye Server: Verified GUID (697f1d9131c56f8ea012a4359839a8d5) of player #8 Shudderfly
 4:43:35 Player Shudderfly is losing connection
 4:44:33 Player Shudderfly kicked off by BattlEye: Client not responding
 4:44:33 Player Shudderfly disconnected.
 4:45:00 Shudderfly uses modified data file
 4:45:00 BattlEye Server: Player #8 Shudderfly (162.200.20.108:2304) connected
 4:45:00 Player Shudderfly connecting.
 4:45:02 BattlEye Server: Player #8 Shudderfly - BE GUID: 697f1d9131c56f8ea012a4359839a8d5
 4:45:02 Player Shudderfly connected (id=76561197971063519).
 4:45:02 BattlEye Server: Verified GUID (697f1d9131c56f8ea012a4359839a8d5) of player #8 Shudderfly
 4:49:55 Player ANATOLI CHEJOV disconnected.
 4:49:55 BattlEye Server: Player #7 ANATOLI CHEJOV disconnected
 5:49:32 Rou Kowalski uses modified data file
 5:49:32 BattlEye Server: Player #9 Rou Kowalski (73.147.1.91:2309) connected
 5:49:32 Player Rou Kowalski connecting.
 5:49:35 BattlEye Server: Player #9 Rou Kowalski - BE GUID: 58cae163ea9d3a0ff8adde240b436737
 5:49:50 Player Rou Kowalski connected (id=76561198034110598).
 5:49:50 BattlEye Server: Verified GUID (58cae163ea9d3a0ff8adde240b436737) of player #9 Rou Kowalski
 6:05:19 ANATOLI CHEJOV uses modified data file
 6:05:19 BattlEye Server: Player #10 ANATOLI CHEJOV (190.171.107.50:62725) connected
 6:05:19 Player ANATOLI CHEJOV connecting.
 6:05:23 BattlEye Server: Player #10 ANATOLI CHEJOV - BE GUID: a01f35e030c4464ff5b5e9c18ddf0195
 6:05:23 Player ANATOLI CHEJOV connected (id=76561198065774594).
 6:05:23 BattlEye Server: Verified GUID (a01f35e030c4464ff5b5e9c18ddf0195) of player #10 ANATOLI CHEJOV
 6:06:46 jonat uses modified data file
 6:06:46 BattlEye Server: Player #11 jonat (92.230.19.139:2309) connected
 6:06:46 Player jonat connecting.
 6:06:49 BattlEye Server: Player #11 jonat - BE GUID: 5ae958fa6d5f4ee74c520b8b91913f9d
 6:06:50 Player jonat connected (id=76561198134903779).
 6:06:50 BattlEye Server: Verified GUID (5ae958fa6d5f4ee74c520b8b91913f9d) of player #11 jonat
 6:09:21 Player Shudderfly is losing connection
 6:10:01 Player Shudderfly kicked off by BattlEye: Client not responding
 6:10:01 Player Shudderfly disconnected.
 6:10:37 Shudderfly uses modified data file
 6:10:37 BattlEye Server: Player #12 Shudderfly (162.200.20.108:2304) connected
 6:10:37 Player Shudderfly connecting.
 6:10:39 BattlEye Server: Player #12 Shudderfly - BE GUID: 697f1d9131c56f8ea012a4359839a8d5
 6:10:40 Player Shudderfly connected (id=76561197971063519).
 6:10:40 BattlEye Server: Verified GUID (697f1d9131c56f8ea012a4359839a8d5) of player #12 Shudderfly
 6:14:41 BattlEye Server: (Group) ANATOLI CHEJOV: I JUST GET IN TOO SEE IF I CANGET5MORE JKILLS 
 6:14:52 BattlEye Server: (Group) ANATOLI CHEJOV: toreach the 100 pvp
 6:16:20 BattlEye Server: (Group) ANATOLI CHEJOV: imwant to build a new base 
 6:22:02 Player Shudderfly is losing connection
 6:23:13 Player Shudderfly kicked off by BattlEye: Client not responding
 6:23:13 Player Shudderfly disconnected.
 6:23:20 Shudderfly uses modified data file
 6:23:20 BattlEye Server: Player #12 Shudderfly (162.200.20.108:2304) connected
 6:23:20 Player Shudderfly connecting.
 6:23:22 BattlEye Server: Player #12 Shudderfly - BE GUID: 697f1d9131c56f8ea012a4359839a8d5
 6:23:22 Player Shudderfly connected (id=76561197971063519).
 6:23:22 BattlEye Server: Verified GUID (697f1d9131c56f8ea012a4359839a8d5) of player #12 Shudderfly
 6:23:59 BattlEye Server: (Global) jonat: so what is this server about ?
 6:24:12 BattlEye Server: (Global) ANATOLI CHEJOV: MilSim
 6:24:19 BattlEye Server: (Global) jonat: which means ? 
 6:24:33 BattlEye Server: (Global) ANATOLI CHEJOV: 110% pvp
 6:24:48 BattlEye Server: (Global) jonat: with armed vihicles ? 
 6:24:55 BattlEye Server: (Global) ANATOLI CHEJOV: anything 
 6:25:01 BattlEye Server: (Global) ANATOLI CHEJOV: but jets 
 6:25:04 BattlEye Server: (Global) jonat: how can you get those ?
 6:25:13 BattlEye Server: (Global) jonat: like helis and that ? 
 6:25:17 BattlEye Server: (Global) ANATOLI CHEJOV: buying 
 6:26:20 BattlEye Server: (Global) jonat: how much is a tank worth selling ?
 6:26:33 BattlEye Server: (Global) ANATOLI CHEJOV: goandcheck
 6:26:56 BattlEye Server: (Global) jonat: where ? :D 
 6:27:17 Manfred Mosel uses modified data file
 6:27:17 BattlEye Server: Player #13 Manfred Mosel (77.119.128.129:5096) connected
 6:27:17 Player Manfred Mosel connecting.
 6:27:21 BattlEye Server: Player #13 Manfred Mosel - BE GUID: 08c2a4b2d6e94d2df215b7580348185d
 6:27:22 BattlEye Server: (Global) ANATOLI CHEJOV: ANY STORE
 6:27:22 Player Manfred Mosel connected (id=76561198352120301).
 6:27:22 BattlEye Server: Verified GUID (08c2a4b2d6e94d2df215b7580348185d) of player #13 Manfred Mosel
 6:31:27 BattlEye Server: (Global) jonat: WTF
 6:31:37 Player jonat disconnected.
 6:31:37 BattlEye Server: Player #11 jonat disconnected
 6:32:32 Player Manfred Mosel disconnected.
 6:32:32 BattlEye Server: Player #13 Manfred Mosel disconnected
 6:36:14 Manfred Mosel uses modified data file
 6:36:14 BattlEye Server: Player #13 Manfred Mosel (77.119.128.129:5105) connected
 6:36:14 Player Manfred Mosel connecting.
 6:36:18 BattlEye Server: Player #13 Manfred Mosel - BE GUID: 08c2a4b2d6e94d2df215b7580348185d
 6:36:18 Player Manfred Mosel connected (id=76561198352120301).
 6:36:18 BattlEye Server: Verified GUID (08c2a4b2d6e94d2df215b7580348185d) of player #13 Manfred Mosel
 6:40:06 Player Rou Kowalski disconnected.
 6:40:06 BattlEye Server: Player #9 Rou Kowalski disconnected
 6:40:42 Mason uses modified data file
 6:40:42 BattlEye Server: Player #14 Mason (71.81.137.47:2309) connected
 6:40:42 Player Mason connecting.
 6:40:44 BattlEye Server: Player #14 Mason - BE GUID: 955d09b6e1dde9360ceebc2963df084d
 6:40:44 Player Mason connected (id=76561198026943270).
 6:40:44 BattlEye Server: Verified GUID (955d09b6e1dde9360ceebc2963df084d) of player #14 Mason
 6:44:28 Player Manfred Mosel is losing connection
 6:44:36 Player Manfred Mosel disconnected.
 6:44:36 BattlEye Server: Player #13 Manfred Mosel disconnected
 6:45:34 BattlEye Server: (Global) Shudderfly: Which one of you nerds was on the arty?
 6:56:03 Player ANATOLI CHEJOV disconnected.
 6:56:03 BattlEye Server: Player #10 ANATOLI CHEJOV disconnected
 6:56:49 Manfred Mosel uses modified data file
 6:56:49 BattlEye Server: Player #15 Manfred Mosel (77.119.128.129:2652) connected
 6:56:49 Player Manfred Mosel connecting.
 6:56:52 BattlEye Server: Player #15 Manfred Mosel - BE GUID: 08c2a4b2d6e94d2df215b7580348185d
 6:56:52 Player Manfred Mosel connected (id=76561198352120301).
 6:56:52 BattlEye Server: Verified GUID (08c2a4b2d6e94d2df215b7580348185d) of player #15 Manfred Mosel
 7:14:54 BattlEye Server: (Global) Mason: thanks bro, all i wanted was a truck
 7:15:22 BattlEye Server: (Global) Mason: next time wait till AFTER i go to the atm, you'd have  stole more that way
 7:15:33 Player Mason disconnected.
 7:15:33 BattlEye Server: Player #14 Mason disconnected
 7:19:17 BattlEye Server: (Global) Shudderfly: lol lucky lad
 7:23:20 BRIAN uses modified data file
 7:23:20 BattlEye Server: Player #16 BRIAN (172.251.101.5:2304) connected
 7:23:20 Player BRIAN connecting.
 7:23:21 Player BRIAN disconnected.
 7:23:21 BattlEye Server: Player #16 BRIAN disconnected
 7:23:28 Marcel Pfeffer uses modified data file
 7:23:28 BattlEye Server: Player #16 Marcel Pfeffer (82.194.136.140:2309) connected
 7:23:28 Player Marcel Pfeffer connecting.
 7:23:31 BattlEye Server: Player #16 Marcel Pfeffer - BE GUID: 2b76d27987b361fcc9f8277e94cdff13
 7:23:32 Player Marcel Pfeffer connected (id=76561198215728885).
 7:23:32 BattlEye Server: Verified GUID (2b76d27987b361fcc9f8277e94cdff13) of player #16 Marcel Pfeffer
 7:35:09 Player Marcel Pfeffer is losing connection
 7:35:50 Player Marcel Pfeffer disconnected.
 7:35:50 BattlEye Server: Player #16 Marcel Pfeffer disconnected
 7:44:21 Marcel Pfeffer uses modified data file
 7:44:21 BattlEye Server: Player #16 Marcel Pfeffer (82.194.136.140:2309) connected
 7:44:21 Player Marcel Pfeffer connecting.
 7:44:24 BattlEye Server: Player #16 Marcel Pfeffer - BE GUID: 2b76d27987b361fcc9f8277e94cdff13
 7:44:25 Player Marcel Pfeffer connected (id=76561198215728885).
 7:44:25 BattlEye Server: Verified GUID (2b76d27987b361fcc9f8277e94cdff13) of player #16 Marcel Pfeffer
 7:50:09 BattlEye Server: (Global) Shudderfly: Thank you for the tank Varluk
 7:55:21 Player Marcel Pfeffer: Signature check timed out
 7:55:21 Player Marcel Pfeffer disconnected.
 7:55:21 BattlEye Server: Player #16 Marcel Pfeffer disconnected
 7:56:57 Marcel Pfeffer uses modified data file
 7:56:57 BattlEye Server: Player #16 Marcel Pfeffer (82.194.136.140:2309) connected
 7:56:57 Player Marcel Pfeffer connecting.
 7:56:59 BattlEye Server: Player #16 Marcel Pfeffer - BE GUID: 2b76d27987b361fcc9f8277e94cdff13
 7:57:00 Player Marcel Pfeffer connected (id=76561198215728885).
 7:57:00 BattlEye Server: Verified GUID (2b76d27987b361fcc9f8277e94cdff13) of player #16 Marcel Pfeffer
 7:57:48 Player Manfred Mosel disconnected.
 7:57:48 BattlEye Server: Player #15 Manfred Mosel disconnected
 7:59:52 Player Marcel Pfeffer: Signature check timed out
 7:59:52 Player Marcel Pfeffer disconnected.
 7:59:52 BattlEye Server: Player #16 Marcel Pfeffer disconnected
 8:00:25 Mason uses modified data file
 8:00:25 BattlEye Server: Player #13 Mason (71.81.137.47:2309) connected
 8:00:25 Player Mason connecting.
 8:00:27 BattlEye Server: Player #13 Mason - BE GUID: 955d09b6e1dde9360ceebc2963df084d
 8:00:27 Player Mason connected (id=76561198026943270).
 8:00:27 BattlEye Server: Verified GUID (955d09b6e1dde9360ceebc2963df084d) of player #13 Mason
 