15:01:50 BattlEye Server: Initialized (v1.217)
15:01:50 Host identity created.
15:01:50 Game Port: 2307, Steam Query Port: 2308
15:01:50 Mission A3Wasteland Altis v1.4c read from bank.
15:01:52 Roles assigned.
15:01:52 Reading mission ...
15:02:27 Mission read.
15:02:27 Game started.
15:17:25 Mason uses modified data file
15:17:25 BattlEye Server: Player #0 Mason (71.81.137.47:2309) connected
15:17:25 Player Mason connecting.
15:17:26 BattlEye Server: Connected to BE Master
15:17:27 BattlEye Server: Player #0 Mason - BE GUID: 955d09b6e1dde9360ceebc2963df084d
15:17:27 Player Mason connected (id=76561198026943270).
15:17:27 BattlEye Server: Verified GUID (955d09b6e1dde9360ceebc2963df084d) of player #0 Mason
15:22:15 High Alert Highlander  uses modified data file
15:22:15 BattlEye Server: Player #1 High Alert Highlander  (190.171.107.0:62725) connected
15:22:16 Player High Alert Highlander  connecting.
15:22:21 BattlEye Server: Player #1 High Alert Highlander  - BE GUID: a01f35e030c4464ff5b5e9c18ddf0195
15:22:24 Player High Alert Highlander  connected (id=76561198065774594).
15:22:24 BattlEye Server: Verified GUID (a01f35e030c4464ff5b5e9c18ddf0195) of player #1 High Alert Highlander 
15:25:22 Admin logged in, player: High Alert Highlander , playerUID: 76561198065774594, IP: 192.168.0.10:2309.
15:25:41 BattlEye Server: (Group) High Alert Highlander : allgood
15:26:11 BattlEye Server: (Group) High Alert Highlander : ok
15:40:21 BattlEye Server: (Group) High Alert Highlander : hey want a tank ?
15:41:06 BattlEye Server: (Group) High Alert Highlander : isun the VS of the air field
15:41:32 BattlEye Server: (Group) High Alert Highlander : yes
15:41:34 BattlEye Server: (Group) High Alert Highlander : no
15:41:39 BattlEye Server: (Group) High Alert Highlander : the mainair field
15:45:00 BattlEye Server: (Group) High Alert Highlander : what 
15:45:40 BattlEye Server: (Group) High Alert Highlander : u can two one tother other
15:45:47 BattlEye Server: (Group) High Alert Highlander : *tow
15:46:35 Eduardo uses modified data file
15:46:35 BattlEye Server: Player #2 Eduardo (104.191.6.134:2309) connected
15:46:35 Player Eduardo connecting.
15:46:38 BattlEye Server: Player #2 Eduardo - BE GUID: 013783ca190b8d63b85a2994d80a4eb5
15:46:38 Player Eduardo connected (id=76561198057699026).
15:46:38 BattlEye Server: Verified GUID (013783ca190b8d63b85a2994d80a4eb5) of player #2 Eduardo
15:46:52 Player Eduardo disconnected.
15:46:52 BattlEye Server: Player #2 Eduardo disconnected
15:48:16 Frost uses modified data file
15:48:16 BattlEye Server: Player #2 Frost (71.193.9.182:2309) connected
15:48:16 Player Frost connecting.
15:48:18 BattlEye Server: Player #2 Frost - BE GUID: d77dcc6dd4a23045dabd1f49e3d496c2
15:48:19 Player Frost connected (id=76561198081174966).
15:48:19 BattlEye Server: Verified GUID (d77dcc6dd4a23045dabd1f49e3d496c2) of player #2 Frost
15:48:38 BattlEye Server: (Group) High Alert Highlander : that guy frost is coming he is the one fromyesterday 
15:48:46 BattlEye Server: (Group) High Alert Highlander : he is not friendly 
15:48:51 BattlEye Server: (Group) High Alert Highlander : if you see kill
15:48:57 BattlEye Server: (Group) High Alert Highlander : or u will die 
15:49:00 BattlEye Server: (Group) High Alert Highlander : yes
15:49:06 BattlEye Server: (Group) High Alert Highlander : he just conected
15:50:12 BattlEye Server: (Group) High Alert Highlander : what ever u want up tou
15:52:57 BattlEye Server: (Group) High Alert Highlander : chnging to sniper
15:53:03 ebitt uses modified data file
15:53:03 BattlEye Server: Player #3 ebitt (24.23.13.218:2304) connected
15:53:03 Player ebitt connecting.
15:53:05 BattlEye Server: Player #3 ebitt - BE GUID: 5b95aeda6dbeb7a7d23ff243832fa36d
15:53:06 Player ebitt connected (id=76561198126170351).
15:53:06 BattlEye Server: Verified GUID (5b95aeda6dbeb7a7d23ff243832fa36d) of player #3 ebitt
15:56:08 BattlEye Server: (Group) High Alert Highlander : already did
15:58:15 BattlEye Server: (Group) High Alert Highlander : unlocked
15:58:27 BattlEye Server: (Group) High Alert Highlander : yes
16:00:45 BattlEye Server: (Group) High Alert Highlander : dude with this guy i cannot be typing 
16:00:53 BattlEye Server: (Group) High Alert Highlander : just tolet youknow he is good
16:06:54 BattlEye Server: (Group) Mason: rgr
16:07:19 BattlEye Server: (Group) Mason: im on map and sat
16:08:23 BattlEye Server: (Group) Mason: btw, i'm below you on the ground, if you see me die, heads up, i'm your only warning
16:09:21 BattlEye Server: (Group) High Alert Highlander : ok
16:10:40 BattlEye Server: (Group) High Alert Highlander : THEY R IN telos 
16:11:47 Player ebitt disconnected.
16:11:47 BattlEye Server: Player #3 ebitt disconnected
16:14:18 BattlEye Server: (Group) High Alert Highlander : do you have eyes on him
16:14:50 BattlEye Server: (Group) Mason: yes
16:14:55 BattlEye Server: (Group) High Alert Highlander : ok
16:17:35 BattlEye Server: (Group) Mason: ok lost him now
16:17:48 BattlEye Server: (Group) High Alert Highlander : immarking his position 
16:17:49 Player Frost disconnected.
16:17:49 BattlEye Server: Player #2 Frost disconnected
16:18:01 BattlEye Server: (Group) High Alert Highlander : heis gone
16:18:16 BattlEye Server: (Group) Mason: airfield vs, ok
16:19:41 BattlEye Server: (Group) Mason: so he killed the other fuy at the atm
16:20:04 BattlEye Server: (Group) Mason: then bailed offline
16:22:14 BattlEye Server: (Group) High Alert Highlander : i got to eat soim going to cook eat something and i wilreturn later if those guys get in  send me a messajwe in discord pls
16:23:39 BattlEye Server: (Group) High Alert Highlander : yes
16:23:48 BattlEye Server: (Group) High Alert Highlander : yeas
16:23:59 BattlEye Server: (Group) High Alert Highlander : yes iwill
16:24:15 BattlEye Server: (Group) High Alert Highlander : if those guys get in pls send me a mesaje in discord
16:24:37 BattlEye Server: (Group) High Alert Highlander : any guy 
16:24:46 BattlEye Server: (Group) High Alert Highlander : tkd
16:29:28 Player High Alert Highlander  disconnected.
16:29:28 BattlEye Server: Player #1 High Alert Highlander  disconnected
16:29:28 Admin logged out, player: High Alert Highlander , playerUID: 76561198065774594, IP: 192.168.0.10:2309.
16:39:24 Andy uses modified data file
16:39:24 BattlEye Server: Player #1 Andy (192.182.95.175:2309) connected
16:39:24 Player Andy connecting.
16:39:27 BattlEye Server: Player #1 Andy - BE GUID: 80626db1f5f8a2b430d04d9140222378
16:39:27 Player Andy connected (id=76561198419411531).
16:39:27 BattlEye Server: Verified GUID (80626db1f5f8a2b430d04d9140222378) of player #1 Andy
16:48:05 WuTang uses modified data file
16:48:05 BattlEye Server: Player #2 WuTang (67.149.53.178:2304) connected
16:48:05 Player WuTang connecting.
16:48:08 BattlEye Server: Player #2 WuTang - BE GUID: 364d8e958ed3e0c1230ae85d18518d24
16:48:08 Player WuTang connected (id=76561198071491192).
16:48:08 BattlEye Server: Verified GUID (364d8e958ed3e0c1230ae85d18518d24) of player #2 WuTang
16:52:07 Player WuTang disconnected.
16:52:07 BattlEye Server: Player #2 WuTang disconnected
16:52:31 Player Andy disconnected.
16:52:31 BattlEye Server: Player #1 Andy disconnected
17:45:47 High Alert Highlander  uses modified data file
17:45:47 BattlEye Server: Player #1 High Alert Highlander  (190.171.107.0:62725) connected
17:45:47 Player High Alert Highlander  connecting.
17:45:52 BattlEye Server: Player #1 High Alert Highlander  - BE GUID: a01f35e030c4464ff5b5e9c18ddf0195
17:45:54 Player High Alert Highlander  connected (id=76561198065774594).
17:45:54 BattlEye Server: Verified GUID (a01f35e030c4464ff5b5e9c18ddf0195) of player #1 High Alert Highlander 
17:52:04 Admin logged in, player: High Alert Highlander , playerUID: 76561198065774594, IP: 192.168.0.10:2309.
17:55:53 BattlEye Server: (Side) High Alert Highlander : i was thinking ifu want to go and explore altis 
17:56:55 BattlEye Server: (Side) High Alert Highlander : ilikeit
17:57:53 BattlEye Server: (Side) High Alert Highlander : likerit
18:01:01 BattlEye Server: (Side) High Alert Highlander : u can practice shooting fomhere
18:02:41 BattlEye Server: (Side) High Alert Highlander : lets goflying 
18:03:39 BattlEye Server: (Side) High Alert Highlander : come
18:13:11 BattlEye Server: (Side) High Alert Highlander : i likethis island
18:15:19 Eduardo uses modified data file
18:15:19 BattlEye Server: Player #2 Eduardo (104.191.6.134:2309) connected
18:15:19 Player Eduardo connecting.
18:15:21 BattlEye Server: Player #2 Eduardo - BE GUID: 013783ca190b8d63b85a2994d80a4eb5
18:15:22 Player Eduardo connected (id=76561198057699026).
18:15:22 BattlEye Server: Verified GUID (013783ca190b8d63b85a2994d80a4eb5) of player #2 Eduardo
18:15:44 Player Eduardo disconnected.
18:15:44 BattlEye Server: Player #2 Eduardo disconnected
18:16:04 BattlEye Server: (Side) High Alert Highlander : that guy eduardo has conected like 10 timesand he always do the same thing disconet back
18:16:59 BattlEye Server: (Side) High Alert Highlander : come
18:18:04 BattlEye Server: (Side) High Alert Highlander : get in
18:19:16 BattlEye Server: Failed to receive from BE Master (0)
18:19:16 BattlEye Server: Disconnected from BE Master
18:20:48 BattlEye Server: (Side) High Alert Highlander : wtf
18:21:15 BattlEye Server: Connected to BE Master
18:22:05 BattlEye Server: (Side) High Alert Highlander : did u die 
18:22:25 BattlEye Server: (Side) High Alert Highlander : why the fuck did i die
18:24:38 BattlEye Server: (Side) High Alert Highlander : with x upullup
18:31:51 Player Mason disconnected.
18:31:51 BattlEye Server: Player #0 Mason disconnected
18:34:41 Player High Alert Highlander  disconnected.
18:34:41 BattlEye Server: Player #1 High Alert Highlander  disconnected
18:34:41 Admin logged out, player: High Alert Highlander , playerUID: 76561198065774594, IP: 192.168.0.10:2309.
18:53:37 Mason uses modified data file
18:53:37 BattlEye Server: Player #0 Mason (71.81.137.47:2309) connected
18:53:37 Player Mason connecting.
18:53:39 BattlEye Server: Player #0 Mason - BE GUID: 955d09b6e1dde9360ceebc2963df084d
18:53:39 Player Mason connected (id=76561198026943270).
18:53:39 BattlEye Server: Verified GUID (955d09b6e1dde9360ceebc2963df084d) of player #0 Mason
19:54:58 High Alert Highlander  uses modified data file
19:54:58 BattlEye Server: Player #1 High Alert Highlander  (190.171.107.0:62725) connected
19:54:58 Player High Alert Highlander  connecting.
19:55:03 BattlEye Server: Player #1 High Alert Highlander  - BE GUID: a01f35e030c4464ff5b5e9c18ddf0195
19:55:05 Player High Alert Highlander  connected (id=76561198065774594).
19:55:05 BattlEye Server: Verified GUID (a01f35e030c4464ff5b5e9c18ddf0195) of player #1 High Alert Highlander 
19:57:28 BattlEye Server: (Side) High Alert Highlander : im back 
19:58:24 Admin logged in, player: High Alert Highlander , playerUID: 76561198065774594, IP: 192.168.0.10:2309.
20:07:58 BattlEye Server: (Side) High Alert Highlander : ok
20:08:50 BattlEye Server: (Side) High Alert Highlander : noonthatmission
20:08:54 BattlEye Server: (Side) High Alert Highlander : lol
20:09:14 BattlEye Server: (Side) High Alert Highlander : no that mission 
20:09:23 BattlEye Server: (Side) High Alert Highlander : the helione i just completed
20:24:37 BattlEye Server: (Side) High Alert Highlander : nice
20:24:48 BattlEye Server: (Side) High Alert Highlander : nothks
20:25:07 BattlEye Server: (Side) High Alert Highlander : ifyouuse it  yes 
20:25:17 BattlEye Server: (Side) High Alert Highlander : i have one here for thesame reason 
20:29:34 BattlEye Server: (Side) High Alert Highlander : i tyhink that i will go to sleep 
20:29:43 BattlEye Server: (Side) High Alert Highlander : HE
20:29:54 BattlEye Server: (Side) High Alert Highlander : IT DOES
20:30:11 BattlEye Server: (Side) High Alert Highlander : no 
20:30:19 BattlEye Server: (Side) High Alert Highlander : ball
20:30:46 BattlEye Server: (Side) High Alert Highlander : -yes and the ball does more damage 
20:30:55 BattlEye Server: (Side) High Alert Highlander : take less space 
20:31:14 BattlEye Server: (Side) High Alert Highlander : but the HE  AGAINST   ai  works really good 
20:31:48 BattlEye Server: (Side) High Alert Highlander : true 
20:31:56 BattlEye Server: (Side) High A