 3:01:33 BattlEye Server: Initialized (v1.217)
 3:01:33 Host identity created.
 3:01:33 Game Port: 2307, Steam Query Port: 2308
 3:01:33 Mission A3Wasteland Altis v1.4c read from bank.
 3:01:35 Roles assigned.
 3:01:35 Reading mission ...
 3:02:07 Mission read.
 3:02:07 Game started.
 6:18:04 High Alert Highlander  uses modified data file
 6:18:04 BattlEye Server: Player #0 High Alert Highlander  (190.171.107.107:62725) connected
 6:18:04 Player High Alert Highlander  connecting.
 6:18:04 BattlEye Server: Connected to BE Master
 6:18:08 BattlEye Server: Player #0 High Alert Highlander  - BE GUID: a01f35e030c4464ff5b5e9c18ddf0195
 6:18:11 Player High Alert Highlander  connected (id=76561198065774594).
 6:18:11 BattlEye Server: Verified GUID (a01f35e030c4464ff5b5e9c18ddf0195) of player #0 High Alert Highlander 
 6:21:37 Wrong admin password entered by player: High Alert Highlander , playerUID: 76561198065774594, IP: 192.168.0.10:2309.
 6:21:43 Admin logged in, player: High Alert Highlander , playerUID: 76561198065774594, IP: 192.168.0.10:2309.
 7:12:46 bert uses modified data file
 7:12:46 BattlEye Server: Player #1 bert (82.176.230.69:2309) connected
 7:12:46 Player bert connecting.
 7:12:48 BattlEye Server: Player #1 bert - BE GUID: bc190e8ea8ab938b8eacd3a85792b302
 7:12:57 Player bert connected (id=76561198066684613).
 7:12:57 BattlEye Server: Verified GUID (bc190e8ea8ab938b8eacd3a85792b302) of player #1 bert
 7:22:04 Player bert is losing connection
 7:22:40 Player bert disconnected.
 7:22:40 BattlEye Server: Player #1 bert disconnected
 7:22:40 bert uses modified data file
 7:22:40 BattlEye Server: Player #1 bert (82.176.230.69:2309) connected
 7:22:40 Player bert connecting.
 7:22:48 Player bert disconnected.
 7:22:48 BattlEye Server: Player #1 bert disconnected
 7:23:37 bert uses modified data file
 7:23:37 BattlEye Server: Player #1 bert (82.176.230.69:2309) connected
 7:23:37 Player bert connecting.
 7:23:39 BattlEye Server: Player #1 bert - BE GUID: bc190e8ea8ab938b8eacd3a85792b302
 7:23:42 Player bert connected (id=76561198066684613).
 7:23:42 BattlEye Server: Verified GUID (bc190e8ea8ab938b8eacd3a85792b302) of player #1 bert
 7:25:50 Player bert kicked off by BattlEye: Client not responding
 7:25:51 Player bert disconnected.
 7:26:06 bert uses modified data file
 7:26:06 BattlEye Server: Player #1 bert (82.176.230.69:2309) connected
 7:26:06 Player bert connecting.
 7:26:08 BattlEye Server: Player #1 bert - BE GUID: bc190e8ea8ab938b8eacd3a85792b302
 7:26:16 Player bert connected (id=76561198066684613).
 7:26:16 BattlEye Server: Verified GUID (bc190e8ea8ab938b8eacd3a85792b302) of player #1 bert
 7:28:04 Player bert kicked off by BattlEye: Client not responding
 7:28:04 Player bert disconnected.
 7:28:29 bert uses modified data file
 7:28:29 BattlEye Server: Player #1 bert (82.176.230.69:2309) connected
 7:28:29 Player bert connecting.
 7:28:32 BattlEye Server: Player #1 bert - BE GUID: bc190e8ea8ab938b8eacd3a85792b302
 7:28:34 Player bert connected (id=76561198066684613).
 7:28:34 BattlEye Server: Verified GUID (bc190e8ea8ab938b8eacd3a85792b302) of player #1 bert
 7:28:57 BattlEye Server: (Group) bert: the server does not like me very much
 7:29:48 BattlEye Server: (Global) bert: the server does not like me very much haha
 7:30:23 BattlEye Server: (Global) High Alert Highlander : do you have all your mods uploded 
 7:30:32 BattlEye Server: (Global) High Alert Highlander : those r 4 mods for this server 
 7:30:47 Player bert kicked off by BattlEye: Client not responding
 7:30:47 Player bert disconnected.
 7:31:58 bert uses modified data file
 7:31:58 BattlEye Server: Player #1 bert (82.176.230.69:2309) connected
 7:31:58 Player bert connecting.
 7:32:00 BattlEye Server: Player #1 bert - BE GUID: bc190e8ea8ab938b8eacd3a85792b302
 7:32:03 Player bert connected (id=76561198066684613).
 7:32:03 BattlEye Server: Verified GUID (bc190e8ea8ab938b8eacd3a85792b302) of player #1 bert
 7:33:13 BattlEye Server: (Group) bert: hmm keeps kicking me because my client isnt responding
 7:35:01 Player bert kicked off by BattlEye: