15:01:36 BattlEye Server: Initialized (v1.217)
15:01:36 Host identity created.
15:01:37 Game Port: 2307, Steam Query Port: 2308
15:01:37 Mission A3Wasteland Altis v1.4c read from bank.
15:01:38 Roles assigned.
15:01:38 Reading mission ...
15:02:12 Mission read.
15:02:12 High Alert Highlander  uses modified data file
15:02:12 BattlEye Server: Player #0 High Alert Highlander  (190.171.107.63:62725) connected
15:02:12 Player High Alert Highlander  connecting.
15:02:12 Game started.
15:02:13 BattlEye Server: Connected to BE Master
15:02:14 BattlEye Server: Player #0 High Alert Highlander  - BE GUID: a01f35e030c4464ff5b5e9c18ddf0195
15:02:16 Player High Alert Highlander  connected (id=76561198065774594).
15:02:16 BattlEye Server: Verified GUID (a01f35e030c4464ff5b5e9c18ddf0195) of player #0 High Alert Highlander 
15:03:26 Mason uses modified data file
15:03:26 BattlEye Server: Player #1 Mason (71.81.137.47:2309) connected
15:03:26 Player Mason connecting.
15:03:28 BattlEye Server: Player #1 Mason - BE GUID: 955d09b6e1dde9360ceebc2963df084d
15:03:29 Player Mason connected (id=76561198026943270).
15:03:29 BattlEye Server: Verified GUID (955d09b6e1dde9360ceebc2963df084d) of player #1 Mason
15:06:02 BattlEye Server: (Group) High Alert Highlander : peoplekeeplogin a disconetting 
15:06:15 BattlEye Server: (Group) High Alert Highlander : dont hear u 
15:06:36 BattlEye Server: (Group) High Alert Highlander : yes
15:06:41 BattlEye Server: (Group) High Alert Highlander : ironhide 
15:06:53 BattlEye Server: (Group) High Alert Highlander : and the other guy 
15:07:08 BattlEye Server: (Group) High Alert Highlander : due he has donde that 5 times already 
15:07:43 BattlEye Server: (Group) High Alert Highlander : well  i only dud that to new people 
15:07:46 BattlEye Server: (Group) High Alert Highlander : he is not new 
15:07:56 BattlEye Server: (Group) High Alert Highlander : he has 7 millinos onhis account 
15:08:07 BattlEye Server: (Group) High Alert Highlander : and 15 tanks 
15:08:19 BattlEye Server: (Group) High Alert Highlander : he just dont like to pvp 
15:08:24 BattlEye Server: (Group) High Alert Highlander : and that has toend 
15:08:49 BattlEye Server: (Group) High Alert Highlander : sarg  is already mad at me by letting people only topve 
15:09:32 BattlEye Server: (Group) High Alert Highlander : so they deside or start playing and pvp
15:09:47 BattlEye Server: (Group) High Alert Highlander : or never join back again because i will stay indie 
15:10:32 Admin logged in, player: High Alert Highlander , playerUID: 76561198065774594, IP: 192.168.0.10:2309.
15:12:20 BattlEye Server: (Group) High Alert Highlander : im doin wepon smugles
15:12:51 BattlEye Server: (Group) High Alert Highlander : yea
15:13:07 BattlEye Server: (Group) High Alert Highlander : damnnice 
15:15:50 BattlEye Server: (Group) High Alert Highlander : yes
15:20:36 Kingston uses modified data file
15:20:36 BattlEye Server: Player #2 Kingston (80.120.94.58:2309) connected
15:20:36 Player Kingston connecting.
15:20:39 BattlEye Server: Player #2 Kingston - BE GUID: 281acc675d40a7e9e29d18ef0bc24702
15:20:39 Player Kingston connected (id=76561198091728821).
15:20:39 BattlEye Server: Verified GUID (281acc675d40a7e9e29d18ef0bc24702) of player #2 Kingston
15:20:53 BattlEye Server: (Group) High Alert Highlander : yes
15:20:57 BattlEye Server: (Group) High Alert Highlander : thks
15:21:29 Player Kingston disconnected.
15:21:29 BattlEye Server: Player #2 Kingston disconnected
15:21:43 BattlEye Server: (Group) High Alert Highlander : ijust bannedhim
15:22:02 Kingston uses modified data file
15:22:02 BattlEye Server: Player #2 Kingston (80.120.94.58:2309) connected
15:22:02 Player Kingston connecting.
15:22:04 Player Kingston disconnected.
15:22:04 BattlEye Server: Player #2 Kingston disconnected
15:22:41 Kingston uses modified data file
15:22:41 BattlEye Server: Player #2 Kingston (80.120.94.58:2309) connected
15:22:42 Player Kingston connecting.
15:22:44 Player Kingston disconnected.
15:22:44 BattlEye Server: Player #2 Kingston disconnected
15:23:00 Kingston uses modified data file
15:23:00 BattlEye Server: Player #2 Kingston (80.120.94.58:2309) connected
15:23:00 Player Kingston connecting.
15:23:02 Player Kingston disconnected.
15:23:02 BattlEye Server: Player #2 Kingston disconnected
15:23:11 Kingston uses modified data file
15:23:11 BattlEye Server: Player #2 Kingston (80.120.94.58:2309) connected
15:23:11 Player Kingston connecting.
15:23:13 Player Kingston disconnected.
15:23:13 BattlEye Server: Player #2 Kingston disconnected
15:23:21 Kingston uses modified data file
15:23:21 BattlEye Server: Player #2 Kingston (80.120.94.58:2309) connected
15:23:21 Player Kingston connecting.
15:23:24 Player Kingston disconnected.
15:23:24 BattlEye Server: Player #2 Kingston disconnected
15:23:59 BattlEye Server: (Group) High Alert Highlander : just did
15:24:04 BattlEye Server: (Group) High Alert Highlander : he is banned 
15:24:26 BattlEye Server: (Group) High Alert Highlander : and he knows why 
15:24:33 BattlEye Server: (Group) High Alert Highlander : yes
15:25:02 BattlEye Server: (Group) High Alert Highlander : i prefer to have 10 good players than 100 mediocre players
15:25:48 BattlEye Server: (Group) High Alert Highlander : and beliefmeimthe nice admin between the 3 of us 
15:26:28 BattlEye Server: (Group) High Alert Highlander : im in the airport ifyou want topickme up 
15:28:18 BattlEye Server: (Group) Mason: ON MY WAY
15:29:15 BattlEye Server: (Group) High Alert Highlander : loets go
15:33:05 BattlEye Server: (Group) High Alert Highlander : .dudeif you think that im a good sniper 
15:33:15 BattlEye Server: (Group) High Alert Highlander : u should seemy as a combat pilot 
15:33:41 BattlEye Server: (Group) High Alert Highlander : imthe combat pilts chopper of thye clan 
15:33:57 BattlEye Server: (Group) High Alert Highlander : sniping is my second roll
15:35:05 BattlEye Server: (Group) High Alert Highlander : thks
15:37:41 BattlEye Server: (Group) High Alert Highlander : jajaja
15:37:49 BattlEye Server: (Group) High Alert Highlander : yea
15:40:55 BattlEye Server: (Group) High Alert Highlander : yea
15:46:04 BattlEye Server: (Group) High Alert Highlander : yes 
15:46:14 BattlEye Server: (Group) High Alert Highlander : stay there i willamke themcomeout 
15:46:20 BattlEye Server: (Group) High Alert Highlander : u shoot them
15:48:15 BattlEye Server: (Group) High Alert Highlander : woot i love this one
15:48:32 BattlEye Server: (Group) High Alert Highlander : no
15:48:49 BattlEye Server: (Group) High Alert Highlander : what 
15:48:59 BattlEye Server: (Group) High Alert Highlander : jajajaja yes
15:49:03 BattlEye Server: (Group) High Alert Highlander : bandit 
15:49:23 BattlEye Server: (Group) High Alert Highlander : i sold themthat 
15:49:30 BattlEye Server: (Group) High Alert Highlander : 325k 
15:49:47 BattlEye Server: (Group) High Alert Highlander : unless he found another
15:50:13 BattlEye Server: (Group) High Alert Highlander : impossible 
15:50:19 BattlEye Server: (Group) High Alert Highlander : ai dont have that 
15:51:03 BattlEye Server: (Group) High Alert Highlander : stay there relax
15:52:03 BattlEye Server: (Group) High Alert Highlander : sit inthe gun
15:52:58 BattlEye Server: (Group) High Alert Highlander : enjoy the ride
16:00:36 BattlEye Server: (Group) High Alert Highlander : imputting a spwean beaCON
16:06:50 BattlEye Server: (Group) High Alert Highlander : ijust reach the 2k aikills
16:07:23 BattlEye Server: (Group) High Alert Highlander : no 
16:07:35 BattlEye Server: (Group) High Alert Highlander : i use toplay sinse arma2
16:08:06 BattlEye Server: (Group) High Alert Highlander : in armatwo everyone knowsme as VIPER 
16:08:13 BattlEye Server: (Group) High Alert Highlander : ASACOMBAT PILOT 
16:08:26 BattlEye Server: (Group) High Alert Highlander : thats why i change that to highlander
16:09:27 BattlEye Server: (Group) High Alert Highlander : we were a team of 3 people 
16:09:32 BattlEye Server: (Group) High Alert Highlander : sniper ghost
16:09:40 BattlEye Server: (Group) High Alert Highlander : lucius 
16:09:42 BattlEye Server: (Group) High Alert Highlander : andme
16:09:50 BattlEye Server: (Group) High Alert Highlander : everyone hate us 
16:10:12 BattlEye Server: (Group) High Alert Highlander : they use to build teams of 2o people just to engache us 
16:10:35 BattlEye Server: (Group) High Alert Highlander : that always will happen 
16:10:56 BattlEye Server: (Group) High Alert Highlander : because they r not part of arma is a addon accesory 
16:14:38 BattlEye Server: (Group) High Alert Highlander : where the fuckis
16:16:58 BattlEye Server: (Group) High Alert Highlander : yes
16:17:33 BattlEye Server: (Group) High Alert Highlander : yes i did 
16:17:44 BattlEye Server: (Group) High Alert Highlander : we were going to crash 
16:18:00 BattlEye Server: (Group) High Alert Highlander : no the heli crash 
16:18:09 BattlEye Server: (Group) High Alert Highlander : i was able to landed 
16:18:37 BattlEye Server: (Group) High Alert Highlander : plsdo
16:19:18 BattlEye Server: (Group) High Alert Highlander : and that uis how u land a heli with only one pair of 
16:24:48 BattlEye Server: (Group) High Alert Highlander : ok,
16:25:40 BattlEye Server: (Group) High Alert Highlander : i follow you 
16:25:49 BattlEye Server: (Group) High Alert Highlander : u choose
16:25:57 BattlEye Server: (Group) High Alert Highlander : your base
16:34:13 BattlEye Server: (Group) High Alert Highlander : they have cover everywhere
16:35:05 BattlEye Server: (Group) High Alert Highlander : yea
16:36:35 BattlEye Server: (Group) High Alert Highlander : u did it 
16:37:44 BattlEye Server: (Group) High Alert Highlander : damn yes
16:38:27 BattlEye Server: (Group) High Alert Highlander : yea
16:43:35 BattlEye Server: (Group) High Alert Highlander : put it right here
16:45:11 BattlEye Server: (Group) High Alert Highlander : there
16:45:14 BattlEye Server: (Group) High Alert Highlander : _
16:45:31 BattlEye Server: (Group) High Alert Highlander : maybe
16:45:56 BattlEye Server: (Group) High Alert Highlander : yes
16:46:00 BattlEye Server: (Group) High Alert Highlander : ilikeit 
16:46:16 BattlEye Server: (Group) High Alert Highlander : yea
16:46:35 BattlEye Server: (Group) High Alert Highlander : im going to take a nap
16:46:50 BattlEye Server: (Group) High Alert Highlander : i willcome back likike in 1 hour 
16:47:58 Player High Alert Highlander  disconnected.
16:47:58 BattlEye Server: Player #0 High Alert Highlander  disconnected
16:47:58 Admin logged out, player: High Alert Highlander , playerUID: 76561198065774594, IP: 192.168.0.10:2309.
17:08:28 Player Mason disconnected.
17:08:28 BattlEye Server: Player #1 Mason disconnected
17:21:36 BR1_Bandit uses modified data file
17:21:36 BattlEye Server: Player #0 BR1_Bandit (134.41.96.129:2309) connected
17:21:36 Player BR1_Bandit connecting.
17:21:38 BattlEye Server: Player #0 BR1_Bandit - BE GUID: 8a701e7029ec21d8e45677830a84af43
17:21:38 Player BR1_Bandit connected (id=76561198151022635).
17:21:38 BattlEye Server: Verified GUID (8a701e7029ec21d8e45677830a84af43) of player #0 BR1_Bandit
17:29:42 Mason uses modified data file
17:29:42 BattlEye Server: Player #1 Mason (71.81.137.47:2309) connected
17:29:43 Player Mason connecting.
17:29:44 BattlEye Server: Player #1 Mason - BE GUID: 955d09b6e1dde9360ceebc2963df084d
17:29:45 Player Mason connected (id=76561198026943270).
17:29:45 BattlEye Server: Verified GUID (955d09b6e1dde9360ceebc2963df084d) of player #1 Mason
17:31:42 Player BR1_Bandit disconnected.
17:31:42 BattlEye Server: Player #0 BR1_Bandit disconnected
17:32:13 BR1_Bandit uses modified data file
17:32:13 BattlEye Server: Player #2 BR1_Bandit (134.41.96.129:2309) connected
17:32:13 Player BR1_Bandit connecting.
17:32:15 BattlEye Server: Player #2 BR1_Bandit - BE GUID: 8a701e7029ec21d8e45677830a84af43
17:32:16 Player BR1_Bandit connected (id=76561198151022635).
17:32:16 BattlEye Server: Verified GUID (8a701e7029ec21d8e45677830a84af43) of player #2 BR1_Bandit
18:22:58 High Alert Highlander  uses modified data file
18:22:58 BattlEye Server: Player #3 High Alert Highlander  (190.171.107.63:62725) connected
18:22:58 Player High Alert Highlander  connecting.
18:23:03 BattlEye Server: Player #3 High Alert Highlander  - BE GUID: a01f35e030c4464ff5b5e9c18ddf0195
18:23:06 Player High Alert Highlander  connected (id=76561198065774594).
18:23:06 BattlEye Server: Verified GUID (a01f35e030c4464ff5b5e9c18ddf0195) of player #3 High Alert Highlander 
18:25:16 Admin logged in, player: High Alert Highlander , playerUID: 76561198065774594, IP: 192.168.0.10:2309.
18:25:18 DannyStrow uses modified data file
18:25:18 BattlEye Server: Player #4 DannyStrow (98.212.130.249:2309) connected
18:25:18 Player DannyStrow connecting.
18:25:21 BattlEye Server: Player #4 DannyStrow - BE GUID: d0031c9d100183666cc9363af8cdfcb3
18:25:21 Player DannyStrow connected (id=76561198144871775).
18:25:21 BattlEye Server: Verified GUID (d0031c9d100183666cc9363af8cdfcb3) of player #4 DannyStrow
18:25:41 BattlEye Server: (Side) High Alert Highlander : hi guys 
18:26:11 BattlEye Server: (Side) High Alert Highlander : can i get an inv 
18:34:36 BattlEye Server: (Group) High Alert Highlander : bandit thks for banning that guy fromdiscord 
18:35:05 BattlEye Server: (Global) DannyStrow: Sup
18:35:31 BattlEye Server: (Group) High Alert Highlander : allgood
18:35:50 BattlEye Server: (Group) High Alert Highlander : u guys go there
18:35:50 RCT.MASSEY.T uses modified data file
18:35:50 BattlEye Server: Player #5 RCT.MASSEY.T (173.188.151.26:2309) connected
18:35:51 Player RCT.MASSEY.T connecting.
18:35:52 BattlEye Server: Player #5 RCT.MASSEY.T - BE GUID: c32ead9d50d7c8b043291951e92544ad
18:35:53 Player RCT.MASSEY.T connected (id=76561198036148836).
18:35:53 BattlEye Server: Verified GUID (c32ead9d50d7c8b043291951e92544ad) of player #5 RCT.MASSEY.T
18:35:57 BattlEye Server: (Global) DannyStrow: You guys got a group going in inde?
18:39:17 BattlEye Server: (Group) High Alert Highlander : ceck mark in map
18:39:22 BattlEye Server: (Group) High Alert Highlander : cometome
18:40:23 BattlEye Server: (Global) DannyStrow: ffs do random vehicles spawn in towns?
18:40:52 BattlEye Server: (Global) High Alert Highlander : yes they do but islimited to 30 inthe holemap
18:41:06 BattlEye Server: (Global) DannyStrow: Ive ran this whole town and cant find a damn thing unlocked lol
18:43:01 BattlEye Server: (Global) DannyStrow: You a group on inde?
18:43:11 BattlEye Server: (Global) High Alert Highlander : no
18:43:16 BattlEye Server: (Global) DannyStrow: Ah
18:43:23 BattlEye Server: (Global) DannyStrow: Hope on blufor and team then lol
18:46:48 BattlEye Server: (Group) Mason: so what was up with the chopper drop?
18:46:57 BattlEye Server: (Group) Mason: or the no drop at all?
18:47:12 BattlEye Server: (Group) High Alert Highlander : takes like twominures
18:48:07 BattlEye Server: (Group) High Alert Highlander : check your things on thatmap
18:48:39 BattlEye Server: (Group) High Alert Highlander : yes
18:48:42 BattlEye Server: (Group) High Alert Highlander : a car 
18:50:42 BattlEye Server: (Group) High Alert Highlander : guideme}
18:52:51 BattlEye Server: (Group) High Alert Highlander : im good
18:53:31 BattlEye Server: (Group) High Alert Highlander : supply
18:57:19 BattlEye Server: (Group) High Alert Highlander : he went to complaint to sarg that i teleporttoamission
18:57:33 BattlEye Server: (Group) High Alert Highlander : i wedont care 
18:58:00 BattlEye Server: (Group) High Alert Highlander : sarg just text me telling that 
18:58:11 BattlEye Server: (Group) High Alert Highlander : he said didyou
18:58:18 BattlEye Server: (Group) High Alert Highlander : i was yes i did 
18:58:27 BattlEye Server: (Group) High Alert Highlander : he was jajaja oh bandit 
18:58:57 fbcs1 uses modified data file
18:58:57 BattlEye Server: Player #6 fbcs1 (104.191.158.209:2304) connected
18:58:57 Player fbcs1 connecting.
18:58:59 Player BR1_Bandit disconnected.
18:58:59 BattlEye Server: Player #2 BR1_Bandit disconnected
18:59:05 BattlEye Server: (Group) High Alert Highlander : what bandit thinks is that sarg is the one that pays for the server
18:59:07 Player fbcs1 disconnected.
18:59:07 BattlEye Server: Player #6 fbcs1 disconnected
18:59:07 fbcs1 uses modified data file
18:59:07 BattlEye Server: Player #6 fbcs1 (104.191.158.209:2304) connected
18:59:08 Player fbcs1 connecting.
18:59:10 BattlEye Server: Player #6 fbcs1 - BE GUID: 2ed42913283a85370999dda20244cc34
18:59:10 Player fbcs1 connected (id=76561198057309674).
18:59:10 BattlEye Server: Verified GUID (2ed42913283a85370999dda20244cc34) of player #6 fbcs1
18:59:16 BattlEye Server: (Group) High Alert Highlander : isme
18:59:31 BattlEye Server: (Group) High Alert Highlander : sofuckhim
19:00:19 BattlEye Server: (Group) High Alert Highlander : whenever u rready
19:01:28 BattlEye Server: (Group) High Alert Highlander : fuck they got me thats why i hate playing upset that guy always got mynerves 
19:02:13 BattlEye Server: (Group) High Alert Highlander : 1.40
19:02:52 Player fbcs1 disconnected.
19:02:53 BattlEye Server: Player #6 fbcs1 disconnected
19:03:22 BattlEye Server: (Group) High Alert Highlander : thks
19:04:21 BattlEye Server: (Group) High Alert Highlander : yes
19:05:02 fbcs1 uses modified data file
19:05:02 BattlEye Server: Player #6 fbcs1 (104.191.158.209:2304) connected
19:05:02 Player fbcs1 connecting.
19:05:04 BattlEye Server: Player #6 fbcs1 - BE GUID: 2ed42913283a85370999dda20244cc34
19:05:05 Player fbcs1 connected (id=76561198057309674).
19:05:05 BattlEye Server: Verified GUID (2ed42913283a85370999dda20244cc34) of player #6 fbcs1
19:08:09 BattlEye Server: (Group) High Alert Highlander : looking formy body 
19:12:51 BattlEye Server: (Group) High Alert Highlander : check
19:13:52 BattlEye Server: (Group) High Alert Highlander : letsgo tothe gs 
19:14:00 BattlEye Server: (Group) High Alert Highlander : usell this
19:15:21 BattlEye Server: (Group) High Alert Highlander : anapc
19:15:36 BattlEye Server: (Group) High Alert Highlander : is armor
19:15:53 BattlEye Server: (Group) High Alert Highlander : can goupto 75
19:18:02 BattlEye Server: (Group) High Alert Highlander : a GAZ  onmyownopinion 
19:18:40 BattlEye Server: (Group) High Alert Highlander : no
19:18:59 BattlEye Server: (Group) High Alert Highlander : i will showu 
19:19:08 BattlEye Server: (Group) High Alert Highlander : yes
19:19:33 BattlEye Server: (Group) High Alert Highlander : yes
19:20:58 BattlEye Server: (Group) High Alert Highlander : cove r my back pls
19:22:00 Player RCT.MASSEY.T disconnected.
19:22:00 BattlEye Server: Player #5 RCT.MASSEY.T disconnected
19:23:29 BattlEye Server: (Group) High Alert Highlander : lest goto the vehicul store behind us
19:23:47 BattlEye Server: (Group) High Alert Highlander : i oput an x onthe map
19:24:28 BattlEye Server: (Group) High Alert Highlander : of course not 
19:25:12 BattlEye Server: (Group) High Alert Highlander : just for helping  him
19:25:15 BattlEye Server: (Group) High Alert Highlander : fuck that 
19:25:31 BattlEye Server: (Group) High Alert Highlander : i will never helping again 
19:26:18 BattlEye Server: (Group) High Alert Highlander : exactly 
19:27:03 Player DannyStrow is losing connection
19:27:12 BattlEye Server: (Group) High Alert Highlander : /andi never teleport  in front of no one that is not u or him or sarg 
19:28:09 BattlEye Server: (Group) High Alert Highlander : /and we dont care 
19:28:31 BattlEye Server: (Group) High Alert Highlander : if he dont wants to play here is more than welcome to do so 
19:28:43 BattlEye Server: (Group) High Alert Highlander : ok
19:30:35 BattlEye Server: (Group) High Alert Highlander : the gaz tigr 
19:30:49 BattlEye Server: (Group) High Alert Highlander : 200k
19:31:26 BattlEye Server: (Group) High Alert Highlander : yes
19:32:02 BattlEye Server: (Group) High Alert Highlander : andhas the twotypes of guns 
19:33:49 BattlEye Server: (Group) High Alert Highlander : jajaja
19:34:25 BattlEye Server: (Group) High Alert Highlander : f key
19:35:03 BattlEye Server: (Group) High Alert Highlander : excuseme
19:35:17 BattlEye Server: (Group) High Alert Highlander : f key 
19:38:15 BattlEye Server: (Group) High Alert Highlander : ok bro
19:38:19 BattlEye Server: (Group) High Alert Highlander : take care 
19:38:26 BattlEye Server: (Group) High Alert Highlander : yw
19:38:58 Player Mason