15:01:40 BattlEye Server: Initialized (v1.217)
15:01:40 Host identity created.
15:01:41 Game Port: 2307, Steam Query Port: 2308
15:01:41 Mission A3Wasteland Altis v1.4c read from bank.
15:01:43 Roles assigned.
15:01:43 Reading mission ...
15:02:16 Mission read.
15:02:16 Game started.
15:08:35 Sea Stallion Pilot uses modified data file
15:08:35 BattlEye Server: Player #0 Sea Stallion Pilot (107.220.92.165:2304) connected
15:08:35 Player Sea Stallion Pilot connecting.
15:08:35 BattlEye Server: Connected to BE Master
15:08:37 BattlEye Server: Player #0 Sea Stallion Pilot - BE GUID: ecf06a2454f0f8bd20dd41081187fde2
15:08:38 Player Sea Stallion Pilot connected (id=76561198188669749).
15:08:38 BattlEye Server: Verified GUID (ecf06a2454f0f8bd20dd41081187fde2) of player #0 Sea Stallion Pilot
15:08:40 RockstarGaming uses modified data file
15:08:40 BattlEye Server: Player #1 RockstarGaming (107.204.216.18:2304) connected
15:08:40 Player RockstarGaming connecting.
15:08:44 BattlEye Server: Player #1 RockstarGaming - BE GUID: 23fe7edb77e6acee989bf1757f516554
15:08:44 Player RockstarGaming connected (id=76561198250040454).
15:08:44 BattlEye Server: Verified GUID (23fe7edb77e6acee989bf1757f516554) of player #1 RockstarGaming
15:18:33 Player RockstarGaming: Signature check timed out
15:18:33 Player RockstarGaming disconnected.
15:18:33 BattlEye Server: Player #1 RockstarGaming disconnected
15:20:07 Player Sea Stallion Pilot kicked off by BattlEye: Client not responding
15:20:07 Player Sea Stallion Pilot disconnected.
15:20:30 Sea Stallion Pilot uses modified data file
15:20:30 BattlEye Server: Player #0 Sea Stallion Pilot (107.220.92.165:2304) connected
15:20:30 Player Sea Stallion Pilot connecting.
15:20:32 BattlEye Server: Player #0 Sea Stallion Pilot - BE GUID: ecf06a2454f0f8bd20dd41081187fde2
15:20:33 Player Sea Stallion Pilot connected (id=76561198188669749).
15:20:33 BattlEye Server: Verified GUID (ecf06a2454f0f8bd20dd41081187fde2) of player #0 Sea Stallion Pilot
15:26:00 RockstarGaming uses modified data file
15:26:00 BattlEye Server: Player #1 RockstarGaming (107.204.216.18:2304) connected
15:26:00 Player RockstarGaming connecting.
15:26:02 BattlEye Server: Player #1 RockstarGaming - BE GUID: 23fe7edb77e6acee989bf1757f516554
15:26:03 Player RockstarGaming connected (id=76561198250040454).
15:26:03 BattlEye Server: Verified GUID (23fe7edb77e6acee989bf1757f516554) of player #1 RockstarGaming
15:52:08 Player Sea Stallion Pilot kicked off by BattlEye: Client not responding
15:52:09 Player Sea Stallion Pilot disconnected.
15:52:20 Sea Stallion Pilot uses modified data file
15:52:20 BattlEye Server: Player #2 Sea Stallion Pilot (107.220.92.165:2304) connected
15:52:21 Player Sea Stallion Pilot connecting.
15:52:22 BattlEye Server: Player #2 Sea Stallion Pilot - BE GUID: ecf06a2454f0f8bd20dd41081187fde2
15:52:23 Player Sea Stallion Pilot connected (id=76561198188669749).
15:52:23 BattlEye Server: Verified GUID (ecf06a2454f0f8bd20dd41081187fde2) of player #2 Sea Stallion Pilot
15:52:39 High Alert Highlander  uses modified data file
15:52:39 BattlEye Server: Player #3 High Alert Highlander  (190.171.107.0:62725) connected
15:52:39 Player High Alert Highlander  connecting.
15:52:44 BattlEye Server: Player #3 High Alert Highlander  - BE GUID: a01f35e030c4464ff5b5e9c18ddf0195
15:52:47 Player High Alert Highlander  connected (id=76561198065774594).
15:52:47 BattlEye Server: Verified GUID (a01f35e030c4464ff5b5e9c18ddf0195) of player #3 High Alert Highlander 
15:55:06 Admin logged in, player: High Alert Highlander , playerUID: 76561198065774594, IP: 192.168.0.10:2309.
15:56:20 BattlEye Server: (Global) High Alert Highlander : good day 
15:56:55 BattlEye Server: (Global) RockstarGaming: we got pipped off on an altis patrol mission
15:57:00 BattlEye Server: (Global) RockstarGaming: ripped off*
15:57:13 BattlEye Server: (Global) High Alert Highlander : yea why 
15:58:02 BattlEye Server: (Global) RockstarGaming: your suposed to pickup 1.5 mil
15:58:09 BattlEye Server: (Global) RockstarGaming: we picked up 600 k
15:58:13 BattlEye Server: (Global) High Alert Highlander : not always 
15:58:17 BattlEye Server: (Global) High Alert Highlander : is radom
15:58:24 BattlEye Server: (Global) RockstarGaming: oh
15:58:26 BattlEye Server: (Global) RockstarGaming: dang
15:58:56 BattlEye Server: (Global) RockstarGaming: do we have to fight today?
15:59:14 BattlEye Server: (Global) RockstarGaming: cmon man
15:59:21 BattlEye Server: (Global) RockstarGaming: i dont wanna fight today
15:59:36 BattlEye Server: (Global) High Alert Highlander : rock u dont decide that 
15:59:59 BattlEye Server: (Global) RockstarGaming: u came out of nowhere
16:00:03 BattlEye Server: (Global) RockstarGaming: nowhere
16:00:11 BattlEye Server: (Global) High Alert Highlander : i was here sinse yesterday 
16:00:18 BattlEye Server: (Global) RockstarGaming: :(
16:00:26 BattlEye Server: (Global) High Alert Highlander : i log out it was a huge battle pvp 
16:00:35 BattlEye Server: (Global) High Alert Highlander : is postit on  discord
16:00:54 BattlEye Server: (Global) High Alert Highlander : it was likie 8 vs 11
16:01:05 BattlEye Server: (Global) RockstarGaming: will there be another one
16:01:16 BattlEye Server: (Global) High Alert Highlander : maybe tonight 
16:01:26 BattlEye Server: (Global) High Alert Highlander : like at 10mountain time 
16:01:37 BattlEye Server: (Global) RockstarGaming: well enjoy you money :/
16:01:40 BattlEye Server: (Global) RockstarGaming: your.
16:01:50 BattlEye Server: (Global) High Alert Highlander : what money 
16:02:02 BattlEye Server: (Global) High Alert Highlander : i never pick upnothing u know that 
16:02:09 BattlEye Server: (Global) RockstarGaming: oh
16:02:10 BattlEye Server: (Global) High Alert Highlander : i just kill
16:02:30 BattlEye Server: (Global) RockstarGaming: why did it not notifly me when i was getting shot by missle
16:02:31 BattlEye Server: (Global) High Alert Highlander : if you where your oither griend 
16:02:40 BattlEye Server: (Global) Sea Stallion Pilot: Died
16:02:42 BattlEye Server: (Global) High Alert Highlander : friend i will pick up the money 
16:02:55 BattlEye Server: (Global) Sea Stallion Pilot: I fell out of heli
16:02:57 BattlEye Server: (Global) High Alert Highlander : nofied you 
16:03:04 BattlEye Server: (Global) High Alert Highlander : this is not exile dude 
16:03:07 BattlEye Server: (Global) High Alert Highlander : wtf 
16:03:09 BattlEye Server: (Global) High Alert Highlander : jajaja
16:03:46 BattlEye Server: (Global) RockstarGaming: then how come the other helicopters tell me when there is a missle
16:03:53 BattlEye Server: (Global) RockstarGaming: the radar beeps
16:04:06 BattlEye Server: (Global) High Alert Highlander : uwhereusing a rhs 
16:04:31 BattlEye Server: (Global) High Alert Highlander : ifthat wasanRHS heli 
16:04:31 BattlEye Server: (Global) RockstarGaming: bruh this game
16:04:44 BattlEye Server: (Global) RockstarGaming: i land on a roof and i go flying and die
16:05:13 BattlEye Server: (Global) High Alert Highlander : what was tyhe nameof your frind 
16:05:23 BattlEye Server: (Global) RockstarGaming: sea stallion pilot
16:05:27 BattlEye Server: (Global) RockstarGaming: why
16:05:27 BattlEye Server: (Global) Sea Stallion Pilot: Hi
16:05:34 BattlEye Server: (Global) High Alert Highlander : no the one who took 
16:05:42 BattlEye Server: (Global) RockstarGaming: ?
16:05:47 BattlEye Server: (Global) High Alert Highlander : 3millions from my body 
16:05:56 BattlEye Server: (Global) RockstarGaming: oh
16:06:05 BattlEye Server: (Global) RockstarGaming: he hasnt been on for like 3 dayas
16:06:09 BattlEye Server: (Global) RockstarGaming: but it was mingus
16:06:30 BattlEye Server: (Global) High Alert Highlander : yea that one 
16:07:00 BattlEye Server: (Global) High Alert Highlander : i fi kill him i will pick up the money  until i reack m,y 3millions 
16:07:21 BattlEye Server: (Global) High Alert Highlander : but normally i dont pick up nothing fropmthe bettles
16:07:28 BattlEye Server: (Global) High Alert Highlander : from the kills
16:16:01 BattlEye Server: (Global) High Alert Highlander : ok lets do this  i promise i wont hunnt  no one but if i see you guys i will shoot tokill
16:16:38 BattlEye Server: (Global) RockstarGaming: well for what we were planing to do you would se our helicopter
16:16:42 BattlEye Server: (Global) RockstarGaming: but i accept
16:25:39 BattlEye Server: (Global) RockstarGaming: actuly
16:25:54 BattlEye Server: (Global) RockstarGaming: we wanna have fun
16:26:01 BattlEye Server: (Global) RockstarGaming: can you come for us in the boat
16:26:10 BattlEye Server: (Global) High Alert Highlander : lol
16:26:13 BattlEye Server: (Global) RockstarGaming: where in pygros gulf
16:26:39 BattlEye Server: (Global) High Alert Highlander : really andi woulddare to say that u have a sorprice waiting 
16:26:46 BattlEye Server: (Global) RockstarGaming: what?
16:26:57 BattlEye Server: (Global) RockstarGaming: what surprise
16:26:57 BattlEye Server: (Global) Sea Stallion Pilot: I am watching you XD
16:27:17 BattlEye Server: (Global) High Alert Highlander : oh ok
16:30:43 BattlEye Server: (Global) RockstarGaming: so are you coming
16:30:49 BattlEye Server: (Global) RockstarGaming: we dont have any weapons lol
16:31:04 BattlEye Server: (Global) High Alert Highlander : sure
16:31:08 BattlEye Server: (Global) RockstarGaming: ok
16:34:47 BattlEye Server: (Global) High Alert Highlander : runforrest
16:35:13 BattlEye Server: (Global) RockstarGaming: run forrest run
16:36:59 BattlEye Server: (Global) RockstarGaming: well we do have weapons 
16:37:06 BattlEye Server: (Global) RockstarGaming: but i meant for a helicopter
16:37:09 BattlEye Server: (Global) RockstarGaming: but this is fun
16:37:12 BattlEye Server: (Global) High Alert Highlander : jajajaja
16:38:54 BattlEye Server: (Global) RockstarGaming: nice
16:39:02 BattlEye Server: (Global) RockstarGaming: but i saw your body float down XD
16:43:55 BattlEye Server: (Global) RockstarGaming: Mortar?
16:46:09 BattlEye Server: (Global) RockstarGaming: dang nice hit
16:46:11 BattlEye Server: (Global) Sea Stallion Pilot: rip
16:48:11 BattlEye Server: (Global) RockstarGaming: my friend saw u  aiming then you just 
16:53:32 BattlEye Server: (Global) Sea Stallion Pilot: gg
16:53:40 BattlEye Server: (Global) High Alert Highlander : gg
16:54:01 BattlEye Server: (Global) RockstarGaming: can we keep fighting
16:54:06 BattlEye Server: (Global) RockstarGaming: were going to there
16:54:12 BattlEye Server: (Global) RockstarGaming: were gonna fight
16:54:23 BattlEye Server: (Global) High Alert Highlander : sure im just changing position of course
16:59:31 BattlEye Server: (Global) High Alert Highlander : should i keepwaitiung 
16:59:38 BattlEye Server: (Global) RockstarGaming: yeah
17:00:09 BattlEye Server: (Global) RockstarGaming: are you near that little tower place
17:00:20 BattlEye Server: (Global) High Alert Highlander : dont know 
17:00:24 BattlEye Server: (Global) High Alert Highlander : maybe 
17:00:25 BattlEye Server: (Global) RockstarGaming: oh
17:00:27 BattlEye Server: (Global) High Alert Highlander : maybe not 
17:03:03 BattlEye Server: (Global) High Alert Highlander : u gys wereusing swimming  suits jajajaja
17:03:10 BattlEye Server: (Global) RockstarGaming: no...
17:03:10 BattlEye Server: (Global) High Alert Highlander : really that wasyour plan
17:03:16 BattlEye Server: (Global) RockstarGaming: were were in marpat uniforms
17:03:23 BattlEye Server: (Global) RockstarGaming: we
17:03:30 BattlEye Server: (Global) High Alert Highlander : no i mean when i kill you 
17:03:42 BattlEye Server: (Global) RockstarGaming: wer ewere in woodland marpat uniforms
17:03:47 BattlEye Server: (Global) High Alert Highlander : jajaja u r so predictable 
17:04:17 BattlEye Server: (Global) High Alert Highlander : well im osrry ur plan did not work 
17:04:26 BattlEye Server: (Global) RockstarGaming: were didnt have a plan
17:04:54 BattlEye Server: (Global) High Alert Highlander : ru coming pr should i look for you 
17:05:03 BattlEye Server: (Global) RockstarGaming: were coming
17:05:49 BattlEye Server: (Global) High Alert Highlander : ok  afk for a bit 
17:05:52 BattlEye Server: (Global) RockstarGaming: k
17:10:55 BattlEye Server: (Global) RockstarGaming: u back?
17:14:08 BattlEye Server: (Global) High Alert Highlander : where is ur friend 
17:14:38 BattlEye Server: (Global) High Alert Highlander : why he left 
17:15:13 BattlEye Server: (Global) RockstarGaming: hello?
17:15:25 BattlEye Server: (Global) High Alert Highlander : whereis ur friend why he left 
17:15:30 BattlEye Server: (Global) RockstarGaming: he had to eat
17:15:36 BattlEye Server: (Global) High Alert Highlander : oh ok
17:15:43 BattlEye Server: (Global) High Alert Highlander : hopehe gets back
17:16:07 BattlEye Server: (Global) RockstarGaming: he litteraly just got back like a second u said that
17:16:52 BattlEye Server: (Global) High Alert Highlander : yea umusty fell lonely on that tower
17:18:45 BattlEye Server: (Global) RockstarGaming: that was mortar correct
17:18:51 BattlEye Server: (Global) High Alert Highlander : yes
17:19:34 BattlEye Server: (Global) RockstarGaming: im kinda bored
17:19:52 Player Sea Stallion Pilot disconnected.
17:19:52 BattlEye Server: Player #2 Sea Stallion Pilot disconnected
17:19:57 BattlEye Server: (Global) High Alert Highlander : sogoanddomissions
17:20:04 BattlEye Server: (Global) RockstarGaming: i think im going to go play storm works with my friend
17:20:15 BattlEye Server: (Global) High Alert Highlander : ok gg 
17:20:20 BattlEye Server: (Global) RockstarGaming: yeah gg
17:20:24 BattlEye Server: (Global) RockstarGaming: cya later man
17:20:39 BattlEye Server: (Global) RockstarGaming: let me know on private message maybe if theres a huge battle
17:20:51 Player RockstarGaming disconnected.
17:20:51 BattlEye Server: Player #1 RockstarGaming disconnected
17:23:46 Player High Alert Highlander  disconnected.
17:23:46 BattlEye Server: Player #3 High Alert Highlander  disconnected
17:23:46 Admin logged out, player: High Alert Highlander , playerUID: 76561198065774594, IP: 192.168.0.10:2309.
18:26:22 Mason uses modified data file
18:26:22 BattlEye Server: Player #0 Mason (71.81.137.47:2309) connected
18:26:22 Player Mason connecting.
18:26:24 BattlEye Server: Player #0 Mason - BE GUID: 955d09b6e1dde9360ceebc2963df084d
18:26:24 Player Mason connected (id=76561198026943270).
18:26:24 BattlEye Server: Verified GUID (955d09b6e1dde9360ceebc2963df084d) of player #0 Mason
19:10:00 BrittanDaGr8 uses modified data file
19:10:00 BattlEye Server: Player #1 BrittanDaGr8 (99.39.116.242:2304) connected
19:10:00 Player BrittanDaGr8 connecting.
19:10:02 BattlEye Server: Player #1 BrittanDaGr8 - BE GUID: b9dff7772bd613c24797e6205a34f15e
19:10:02 Player BrittanDaGr8 connected (id=76561198120497980).
19:10:02 BattlEye Server: Verified GUID (b9dff7772bd613c24797e6205a34f15e) of player #1 BrittanDaGr8
19:10:07 Markipounder uses modified data file
19:10:07 BattlEye Server: Player #2 Markipounder (24.55.16.211:2314) connected
19:10:07 Player Markipounder connecting.
19:10:13 BattlEye Server: Player #2 Markipounder - BE GUID: eba2b17e81a437dbe94682c2996e8081
19:10:13 Player Markipounder connected (id=76561198126565580).
19:10:13 BattlEye Server: Verified GUID (eba2b17e81a437dbe94682c2996e8081) of player #2 Markipounder
19:11:16 Player BrittanDaGr8 disconnected.
19:11:16 BattlEye Server: Player #1 BrittanDaGr8 disconnected
19:11:45 BrittanDaGr8 uses modified data file
19:11:45 BattlEye Server: Player #3 BrittanDaGr8 (99.39.116.242:2304) connected
19:11:45 Player BrittanDaGr8 connecting.
19:11:47 BattlEye Server: Player #3 BrittanDaGr8 - BE GUID: b9dff7772bd613c24797e6205a34f15e
19:11:48 Player BrittanDaGr8 connected (id=76561198120497980).
19:11:48 BattlEye Server: Verified GUID (b9dff7772bd613c24797e6205a34f15e) of player #3 BrittanDaGr8
19:15:13 Player BrittanDaGr8 disconnected.
19:15:13 BattlEye Server: Player #3 BrittanDaGr8 disconnected
19:15:15 Player Markipounder disconnected.
19:15:15 BattlEye Server: Player #2 Markipounder disconnected
19:17:42 robert uses modified data file
19:17:42 BattlEye Server: Player #1 robert (96.51.40.165:2304) connected
19:17:42 Player robert connecting.
19:17:44 BattlEye Server: Player #1 robert - BE GUID: ac9faadefd07ab51dca0850