 3:01:28 BattlEye Server: Initialized (v1.217)
 3:01:28 Host identity created.
 3:01:29 Game Port: 2307, Steam Query Port: 2308
 3:01:29 Mission A3Wasteland Altis v1.4c read from bank.
 3:01:30 Roles assigned.
 3:01:30 Reading mission ...
 3:02:02 Mission read.
 3:02:02 Game started.
 4:57:46 Dallas uses modified data file
 4:57:46 BattlEye Server: Player #0 Dallas (66.26.169.218:2304) connected
 4:57:46 Player Dallas connecting.
 4:57:47 BattlEye Server: Connected to BE Master
 4:57:48 BattlEye Server: Player #0 Dallas - BE GUID: 1a62a744a7574b094381dd118397e6bb
 4:57:49 Player Dallas connected (id=76561198183218086).
 4:57:49 BattlEye Server: Verified GUID (1a62a744a7574b094381dd118397e6bb) of player #0 Dallas
 4:58:05 Player Dallas disconnected.
 4:58:05 BattlEye Server: Player #0 Dallas disconnected
 5:40:31 Mr. Wayne uses modified data file
 5:40:31 BattlEye Server: Player #0 Mr. Wayne (98.234.233.129:2309) connected
 5:40:31 Player Mr. Wayne connecting.
 5:40:33 BattlEye Server: Player #0 Mr. Wayne - BE GUID: 9024798267c2eca795435a6196fada1a
 5:40:34 Player Mr. Wayne connected (id=76561198066723546).
 5:40:34 BattlEye Server: Verified GUID (9024798267c2eca795435a6196fada1a) of player #0 Mr. Wayne
 5:43:00 Player Mr. Wayne: Signature check timed out
 5:43:00 Player Mr. Wayne disconnected.
 5:43:00 BattlEye Server: Player #0 Mr. Wayne disconnected
 7:26:46 Mason uses modified data file
 7:26:46 BattlEye Server: Player #0 Mason (71.81.137.47:2309) connected
 7:26:46 Player Mason connecting.
 7:26:48 BattlEye Server: Player #0 Mason - BE GUID: 955d09b6e1dde9360ceebc2963df084d
 7:26:49 Player Mason connected (id=76561198026943270).
 7:26:49 BattlEye Server: Verified GUID (955d09b6e1dde9360ceebc2963df084d) of player #0 Mason
 7:36:54 WhiskyTangoFoxy uses modified data file
 7:36:54 BattlEye Server: Player #1 WhiskyTangoFoxy (68.209.125.150:2309) connected
 7:36:54 Player WhiskyTangoFoxy connecting.
 7:36:57 BattlEye Server: Player #1 WhiskyTangoFoxy - BE GUID: ccc3a0df36dbaafc41246bff61f93b24
 7:36:58 Player WhiskyTangoFoxy connected (id=76561197994843275).
 7:36:58 BattlEye Server: Verified GUID (ccc3a0df36dbaafc41246bff61f93b24) of player #1 WhiskyTangoFoxy
 8:16:14 High Alert Highlander  uses modified data file
 8:16:14 BattlEye Server: Player #2 High Alert Highlander  (190.171.107.63:62725) connected
 8:16:14 Player High Alert Highlander  connecting.
 8:16:19 BattlEye Server: Player #2 High Alert Highlander  - BE GUID: a01f35e030c4464ff5b5e9c18ddf0195
 8:16:22 Player High Alert Highlander  connected (id=76561198065774594).
 8:16:22 BattlEye Server: Verified GUID (a01f35e030c4464ff5b5e9c18ddf0195) of player #2 High Alert Highlander 
 8:19:52 Admin logged in, player: High Alert Highlander , playerUID: 76561198065774594, IP: 192.168.0.10:2309.
 8:20:01 BattlEye Server: (Global) High Alert Highlander : Buongiorno
 8:20:08 BattlEye Server: (Global) High Alert Highlander : Good Morning all 
 8:20:36 BattlEye Server: (Global) Mason: morning
 8:21:16 BattlEye Server: (Global) High Alert Highlander : ok
 8:22:44 BattlEye Server: (Global) High Alert Highlander : yesterday i kill sarg, tugnuts and andy 1 time each 
 8:22:56 BattlEye Server: (Global) High Alert Highlander : and they killme1 each 
 8:23:17 BattlEye Server: (Global) High Alert Highlander : but wasme against teh 3 of them
 8:24:04 BattlEye Server: (Global) High Alert Highlander : something like that 
 8:24:18 BattlEye Server: (Global) High Alert Highlander : they were chasing me
 8:29:27 BattlEye Server: (Global) High Alert Highlander : yes
 8:29:36 BattlEye Server: (Global) High Alert Highlander : iaccept
 8:41:35 BattlEye Server: (Group) High Alert Highlander : yes
 8:41:51 BattlEye Server: (Group) High Alert Highlander : yes
 8:41:58 BattlEye Server: (Group) High Alert Highlander : ok
 8:42:10 BattlEye Server: (Group) High Alert Highlander : i really dont remember
 8:42:40 BattlEye Server: (Group) High Alert Highlander : no
 8:42:50 BattlEye Server: (Group) High Alert Highlander : ok
 8:43:56 BattlEye Server: (Group) High Alert Highlander : i have seem himpla